[2022-06-04 21:17:41,794] {taskinstance.py:1160} INFO - Dependencies all met for <TaskInstance: census.populate_table scheduled__2022-06-03T00:10:00+00:00 [queued]>
[2022-06-04 21:17:41,828] {taskinstance.py:1160} INFO - Dependencies all met for <TaskInstance: census.populate_table scheduled__2022-06-03T00:10:00+00:00 [queued]>
[2022-06-04 21:17:41,828] {taskinstance.py:1357} INFO - 
--------------------------------------------------------------------------------
[2022-06-04 21:17:41,828] {taskinstance.py:1358} INFO - Starting attempt 1 of 1
[2022-06-04 21:17:41,829] {taskinstance.py:1359} INFO - 
--------------------------------------------------------------------------------
[2022-06-04 21:17:41,882] {taskinstance.py:1378} INFO - Executing <Task(PythonOperator): populate_table> on 2022-06-03 00:10:00+00:00
[2022-06-04 21:17:41,926] {standard_task_runner.py:52} INFO - Started process 37196 to run task
[2022-06-04 21:17:41,934] {standard_task_runner.py:79} INFO - Running: ['airflow', 'tasks', 'run', 'census', 'populate_table', 'scheduled__2022-06-03T00:10:00+00:00', '--job-id', '360', '--raw', '--subdir', 'DAGS_FOLDER/dag.py', '--cfg-path', '/tmp/tmpdtxtif5c', '--error-file', '/tmp/tmp1wm2h7y1']
[2022-06-04 21:17:41,935] {standard_task_runner.py:80} INFO - Job 360: Subtask populate_table
[2022-06-04 21:17:42,088] {task_command.py:370} INFO - Running <TaskInstance: census.populate_table scheduled__2022-06-03T00:10:00+00:00 [running]> on host uiliam-Vostro-15-3515
[2022-06-04 21:17:42,305] {taskinstance.py:1570} INFO - Exporting the following env vars:
AIRFLOW_CTX_DAG_OWNER=airflow
AIRFLOW_CTX_DAG_ID=census
AIRFLOW_CTX_TASK_ID=populate_table
AIRFLOW_CTX_EXECUTION_DATE=2022-06-03T00:10:00+00:00
AIRFLOW_CTX_TRY_NUMBER=1
AIRFLOW_CTX_DAG_RUN_ID=scheduled__2022-06-03T00:10:00+00:00
[2022-06-04 21:17:42,313] {logging_mixin.py:115} INFO - <_io.TextIOWrapper name='teste_uiliam.csv' mode='r' encoding='UTF-8'>
[2022-06-04 21:17:43,193] {python.py:173} INFO - Done. Returned value was: None
[2022-06-04 21:17:43,381] {taskinstance.py:1396} INFO - Marking task as SUCCESS. dag_id=census, task_id=populate_table, execution_date=20220603T001000, start_date=20220605T001741, end_date=20220605T001743
[2022-06-04 21:17:43,449] {local_task_job.py:156} INFO - Task exited with return code 0
[2022-06-04 21:17:43,539] {local_task_job.py:273} INFO - 0 downstream tasks scheduled from follow-on schedule check
