[2022-06-05 21:45:21,302] {taskinstance.py:1160} INFO - Dependencies all met for <TaskInstance: census.transforma_tabela scheduled__2022-06-06T00:44:39.034795+00:00 [queued]>
[2022-06-05 21:45:21,322] {taskinstance.py:1160} INFO - Dependencies all met for <TaskInstance: census.transforma_tabela scheduled__2022-06-06T00:44:39.034795+00:00 [queued]>
[2022-06-05 21:45:21,322] {taskinstance.py:1357} INFO - 
--------------------------------------------------------------------------------
[2022-06-05 21:45:21,322] {taskinstance.py:1358} INFO - Starting attempt 1 of 1
[2022-06-05 21:45:21,322] {taskinstance.py:1359} INFO - 
--------------------------------------------------------------------------------
[2022-06-05 21:45:21,342] {taskinstance.py:1378} INFO - Executing <Task(PythonOperator): transforma_tabela> on 2022-06-06 00:44:39.034795+00:00
[2022-06-05 21:45:21,349] {standard_task_runner.py:52} INFO - Started process 18997 to run task
[2022-06-05 21:45:21,354] {standard_task_runner.py:79} INFO - Running: ['airflow', 'tasks', 'run', 'census', 'transforma_tabela', 'scheduled__2022-06-06T00:44:39.034795+00:00', '--job-id', '1133', '--raw', '--subdir', 'DAGS_FOLDER/dag.py', '--cfg-path', '/tmp/tmpubwhu7wp', '--error-file', '/tmp/tmppdwo7w3n']
[2022-06-05 21:45:21,355] {standard_task_runner.py:80} INFO - Job 1133: Subtask transforma_tabela
[2022-06-05 21:45:21,434] {task_command.py:370} INFO - Running <TaskInstance: census.transforma_tabela scheduled__2022-06-06T00:44:39.034795+00:00 [running]> on host uiliam-Vostro-15-3515
[2022-06-05 21:45:21,537] {taskinstance.py:1570} INFO - Exporting the following env vars:
AIRFLOW_CTX_DAG_OWNER=airflow
AIRFLOW_CTX_DAG_ID=census
AIRFLOW_CTX_TASK_ID=transforma_tabela
AIRFLOW_CTX_EXECUTION_DATE=2022-06-06T00:44:39.034795+00:00
AIRFLOW_CTX_TRY_NUMBER=1
AIRFLOW_CTX_DAG_RUN_ID=scheduled__2022-06-06T00:44:39.034795+00:00
[2022-06-05 21:45:22,320] {python.py:173} INFO - Done. Returned value was: None
[2022-06-05 21:45:22,341] {taskinstance.py:1396} INFO - Marking task as SUCCESS. dag_id=census, task_id=transforma_tabela, execution_date=20220606T004439, start_date=20220606T004521, end_date=20220606T004522
[2022-06-05 21:45:22,409] {local_task_job.py:156} INFO - Task exited with return code 0
[2022-06-05 21:45:22,492] {local_task_job.py:273} INFO - 0 downstream tasks scheduled from follow-on schedule check
