[2022-06-05 00:38:48,181] {taskinstance.py:1160} INFO - Dependencies all met for <TaskInstance: census.transforma_tabela scheduled__2022-06-05T01:21:06.051317+00:00 [queued]>
[2022-06-05 00:38:48,204] {taskinstance.py:1160} INFO - Dependencies all met for <TaskInstance: census.transforma_tabela scheduled__2022-06-05T01:21:06.051317+00:00 [queued]>
[2022-06-05 00:38:48,204] {taskinstance.py:1357} INFO - 
--------------------------------------------------------------------------------
[2022-06-05 00:38:48,204] {taskinstance.py:1358} INFO - Starting attempt 1 of 1
[2022-06-05 00:38:48,204] {taskinstance.py:1359} INFO - 
--------------------------------------------------------------------------------
[2022-06-05 00:38:48,240] {taskinstance.py:1378} INFO - Executing <Task(PythonOperator): transforma_tabela> on 2022-06-05 01:21:06.051317+00:00
[2022-06-05 00:38:48,253] {standard_task_runner.py:52} INFO - Started process 23407 to run task
[2022-06-05 00:38:48,263] {standard_task_runner.py:79} INFO - Running: ['airflow', 'tasks', 'run', 'census', 'transforma_tabela', 'scheduled__2022-06-05T01:21:06.051317+00:00', '--job-id', '601', '--raw', '--subdir', 'DAGS_FOLDER/dag.py', '--cfg-path', '/tmp/tmp3krr3feh', '--error-file', '/tmp/tmpsudmuiyp']
[2022-06-05 00:38:48,263] {standard_task_runner.py:80} INFO - Job 601: Subtask transforma_tabela
[2022-06-05 00:38:48,399] {task_command.py:370} INFO - Running <TaskInstance: census.transforma_tabela scheduled__2022-06-05T01:21:06.051317+00:00 [running]> on host uiliam-Vostro-15-3515
[2022-06-05 00:38:48,543] {taskinstance.py:1570} INFO - Exporting the following env vars:
AIRFLOW_CTX_DAG_OWNER=airflow
AIRFLOW_CTX_DAG_ID=census
AIRFLOW_CTX_TASK_ID=transforma_tabela
AIRFLOW_CTX_EXECUTION_DATE=2022-06-05T01:21:06.051317+00:00
AIRFLOW_CTX_TRY_NUMBER=1
AIRFLOW_CTX_DAG_RUN_ID=scheduled__2022-06-05T01:21:06.051317+00:00
[2022-06-05 00:38:49,211] {python.py:173} INFO - Done. Returned value was: None
[2022-06-05 00:38:49,247] {taskinstance.py:1396} INFO - Marking task as SUCCESS. dag_id=census, task_id=transforma_tabela, execution_date=20220605T012106, start_date=20220605T033848, end_date=20220605T033849
[2022-06-05 00:38:49,326] {local_task_job.py:156} INFO - Task exited with return code 0
[2022-06-05 00:38:49,452] {local_task_job.py:273} INFO - 0 downstream tasks scheduled from follow-on schedule check
