[2022-06-05 20:27:06,048] {taskinstance.py:1160} INFO - Dependencies all met for <TaskInstance: census.populate_table scheduled__2022-06-05T23:26:28.506360+00:00 [queued]>
[2022-06-05 20:27:06,067] {taskinstance.py:1160} INFO - Dependencies all met for <TaskInstance: census.populate_table scheduled__2022-06-05T23:26:28.506360+00:00 [queued]>
[2022-06-05 20:27:06,067] {taskinstance.py:1357} INFO - 
--------------------------------------------------------------------------------
[2022-06-05 20:27:06,068] {taskinstance.py:1358} INFO - Starting attempt 1 of 1
[2022-06-05 20:27:06,068] {taskinstance.py:1359} INFO - 
--------------------------------------------------------------------------------
[2022-06-05 20:27:06,091] {taskinstance.py:1378} INFO - Executing <Task(PythonOperator): populate_table> on 2022-06-05 23:26:28.506360+00:00
[2022-06-05 20:27:06,101] {standard_task_runner.py:52} INFO - Started process 165947 to run task
[2022-06-05 20:27:06,106] {standard_task_runner.py:79} INFO - Running: ['airflow', 'tasks', 'run', 'census', 'populate_table', 'scheduled__2022-06-05T23:26:28.506360+00:00', '--job-id', '1005', '--raw', '--subdir', 'DAGS_FOLDER/dag.py', '--cfg-path', '/tmp/tmpuocofypm', '--error-file', '/tmp/tmp8j8kcpry']
[2022-06-05 20:27:06,106] {standard_task_runner.py:80} INFO - Job 1005: Subtask populate_table
[2022-06-05 20:27:06,186] {task_command.py:370} INFO - Running <TaskInstance: census.populate_table scheduled__2022-06-05T23:26:28.506360+00:00 [running]> on host uiliam-Vostro-15-3515
[2022-06-05 20:27:06,285] {taskinstance.py:1570} INFO - Exporting the following env vars:
AIRFLOW_CTX_DAG_OWNER=airflow
AIRFLOW_CTX_DAG_ID=census
AIRFLOW_CTX_TASK_ID=populate_table
AIRFLOW_CTX_EXECUTION_DATE=2022-06-05T23:26:28.506360+00:00
AIRFLOW_CTX_TRY_NUMBER=1
AIRFLOW_CTX_DAG_RUN_ID=scheduled__2022-06-05T23:26:28.506360+00:00
[2022-06-05 20:27:06,886] {python.py:173} INFO - Done. Returned value was: None
[2022-06-05 20:27:06,907] {taskinstance.py:1396} INFO - Marking task as SUCCESS. dag_id=census, task_id=populate_table, execution_date=20220605T232628, start_date=20220605T232706, end_date=20220605T232706
[2022-06-05 20:27:06,961] {local_task_job.py:156} INFO - Task exited with return code 0
[2022-06-05 20:27:07,007] {local_task_job.py:273} INFO - 0 downstream tasks scheduled from follow-on schedule check
