[2022-06-05 00:38:07,338] {taskinstance.py:1160} INFO - Dependencies all met for <TaskInstance: census.transforma_tabela scheduled__2022-06-05T01:02:06.051317+00:00 [queued]>
[2022-06-05 00:38:07,375] {taskinstance.py:1160} INFO - Dependencies all met for <TaskInstance: census.transforma_tabela scheduled__2022-06-05T01:02:06.051317+00:00 [queued]>
[2022-06-05 00:38:07,375] {taskinstance.py:1357} INFO - 
--------------------------------------------------------------------------------
[2022-06-05 00:38:07,375] {taskinstance.py:1358} INFO - Starting attempt 1 of 1
[2022-06-05 00:38:07,375] {taskinstance.py:1359} INFO - 
--------------------------------------------------------------------------------
[2022-06-05 00:38:07,411] {taskinstance.py:1378} INFO - Executing <Task(PythonOperator): transforma_tabela> on 2022-06-05 01:02:06.051317+00:00
[2022-06-05 00:38:07,432] {standard_task_runner.py:52} INFO - Started process 19876 to run task
[2022-06-05 00:38:07,465] {standard_task_runner.py:79} INFO - Running: ['airflow', 'tasks', 'run', 'census', 'transforma_tabela', 'scheduled__2022-06-05T01:02:06.051317+00:00', '--job-id', '505', '--raw', '--subdir', 'DAGS_FOLDER/dag.py', '--cfg-path', '/tmp/tmp1f9ia_5u', '--error-file', '/tmp/tmpzw690cvf']
[2022-06-05 00:38:07,465] {standard_task_runner.py:80} INFO - Job 505: Subtask transforma_tabela
[2022-06-05 00:38:07,694] {task_command.py:370} INFO - Running <TaskInstance: census.transforma_tabela scheduled__2022-06-05T01:02:06.051317+00:00 [running]> on host uiliam-Vostro-15-3515
[2022-06-05 00:38:07,999] {taskinstance.py:1570} INFO - Exporting the following env vars:
AIRFLOW_CTX_DAG_OWNER=airflow
AIRFLOW_CTX_DAG_ID=census
AIRFLOW_CTX_TASK_ID=transforma_tabela
AIRFLOW_CTX_EXECUTION_DATE=2022-06-05T01:02:06.051317+00:00
AIRFLOW_CTX_TRY_NUMBER=1
AIRFLOW_CTX_DAG_RUN_ID=scheduled__2022-06-05T01:02:06.051317+00:00
[2022-06-05 00:38:09,002] {python.py:173} INFO - Done. Returned value was: None
[2022-06-05 00:38:09,061] {taskinstance.py:1396} INFO - Marking task as SUCCESS. dag_id=census, task_id=transforma_tabela, execution_date=20220605T010206, start_date=20220605T033807, end_date=20220605T033809
[2022-06-05 00:38:09,143] {local_task_job.py:156} INFO - Task exited with return code 0
[2022-06-05 00:38:09,354] {local_task_job.py:273} INFO - 1 downstream tasks scheduled from follow-on schedule check
