[2022-06-05 20:47:20,463] {taskinstance.py:1160} INFO - Dependencies all met for <TaskInstance: census.transforma_tabela scheduled__2022-06-05T23:46:43.784363+00:00 [queued]>
[2022-06-05 20:47:20,480] {taskinstance.py:1160} INFO - Dependencies all met for <TaskInstance: census.transforma_tabela scheduled__2022-06-05T23:46:43.784363+00:00 [queued]>
[2022-06-05 20:47:20,480] {taskinstance.py:1357} INFO - 
--------------------------------------------------------------------------------
[2022-06-05 20:47:20,480] {taskinstance.py:1358} INFO - Starting attempt 1 of 1
[2022-06-05 20:47:20,480] {taskinstance.py:1359} INFO - 
--------------------------------------------------------------------------------
[2022-06-05 20:47:20,502] {taskinstance.py:1378} INFO - Executing <Task(PythonOperator): transforma_tabela> on 2022-06-05 23:46:43.784363+00:00
[2022-06-05 20:47:20,511] {standard_task_runner.py:52} INFO - Started process 181384 to run task
[2022-06-05 20:47:20,517] {standard_task_runner.py:79} INFO - Running: ['airflow', 'tasks', 'run', 'census', 'transforma_tabela', 'scheduled__2022-06-05T23:46:43.784363+00:00', '--job-id', '1055', '--raw', '--subdir', 'DAGS_FOLDER/dag.py', '--cfg-path', '/tmp/tmp5z3chbyc', '--error-file', '/tmp/tmp1mkkturt']
[2022-06-05 20:47:20,518] {standard_task_runner.py:80} INFO - Job 1055: Subtask transforma_tabela
[2022-06-05 20:47:20,595] {task_command.py:370} INFO - Running <TaskInstance: census.transforma_tabela scheduled__2022-06-05T23:46:43.784363+00:00 [running]> on host uiliam-Vostro-15-3515
[2022-06-05 20:47:20,706] {taskinstance.py:1570} INFO - Exporting the following env vars:
AIRFLOW_CTX_DAG_OWNER=airflow
AIRFLOW_CTX_DAG_ID=census
AIRFLOW_CTX_TASK_ID=transforma_tabela
AIRFLOW_CTX_EXECUTION_DATE=2022-06-05T23:46:43.784363+00:00
AIRFLOW_CTX_TRY_NUMBER=1
AIRFLOW_CTX_DAG_RUN_ID=scheduled__2022-06-05T23:46:43.784363+00:00
[2022-06-05 20:47:21,524] {python.py:173} INFO - Done. Returned value was: None
[2022-06-05 20:47:21,545] {taskinstance.py:1396} INFO - Marking task as SUCCESS. dag_id=census, task_id=transforma_tabela, execution_date=20220605T234643, start_date=20220605T234720, end_date=20220605T234721
[2022-06-05 20:47:21,611] {local_task_job.py:156} INFO - Task exited with return code 0
[2022-06-05 20:47:21,676] {local_task_job.py:273} INFO - 1 downstream tasks scheduled from follow-on schedule check
