[2022-06-05 00:39:57,171] {taskinstance.py:1160} INFO - Dependencies all met for <TaskInstance: census.transforma_tabela scheduled__2022-06-05T01:57:06.051317+00:00 [queued]>
[2022-06-05 00:39:57,236] {taskinstance.py:1160} INFO - Dependencies all met for <TaskInstance: census.transforma_tabela scheduled__2022-06-05T01:57:06.051317+00:00 [queued]>
[2022-06-05 00:39:57,236] {taskinstance.py:1357} INFO - 
--------------------------------------------------------------------------------
[2022-06-05 00:39:57,236] {taskinstance.py:1358} INFO - Starting attempt 1 of 1
[2022-06-05 00:39:57,236] {taskinstance.py:1359} INFO - 
--------------------------------------------------------------------------------
[2022-06-05 00:39:57,331] {taskinstance.py:1378} INFO - Executing <Task(PythonOperator): transforma_tabela> on 2022-06-05 01:57:06.051317+00:00
[2022-06-05 00:39:57,356] {standard_task_runner.py:52} INFO - Started process 27700 to run task
[2022-06-05 00:39:57,378] {standard_task_runner.py:79} INFO - Running: ['airflow', 'tasks', 'run', 'census', 'transforma_tabela', 'scheduled__2022-06-05T01:57:06.051317+00:00', '--job-id', '702', '--raw', '--subdir', 'DAGS_FOLDER/dag.py', '--cfg-path', '/tmp/tmpx5d8guj_', '--error-file', '/tmp/tmp1m5lolco']
[2022-06-05 00:39:57,379] {standard_task_runner.py:80} INFO - Job 702: Subtask transforma_tabela
[2022-06-05 00:39:57,524] {task_command.py:370} INFO - Running <TaskInstance: census.transforma_tabela scheduled__2022-06-05T01:57:06.051317+00:00 [running]> on host uiliam-Vostro-15-3515
[2022-06-05 00:39:57,718] {taskinstance.py:1570} INFO - Exporting the following env vars:
AIRFLOW_CTX_DAG_OWNER=airflow
AIRFLOW_CTX_DAG_ID=census
AIRFLOW_CTX_TASK_ID=transforma_tabela
AIRFLOW_CTX_EXECUTION_DATE=2022-06-05T01:57:06.051317+00:00
AIRFLOW_CTX_TRY_NUMBER=1
AIRFLOW_CTX_DAG_RUN_ID=scheduled__2022-06-05T01:57:06.051317+00:00
[2022-06-05 00:39:58,471] {python.py:173} INFO - Done. Returned value was: None
[2022-06-05 00:39:58,507] {taskinstance.py:1396} INFO - Marking task as SUCCESS. dag_id=census, task_id=transforma_tabela, execution_date=20220605T015706, start_date=20220605T033957, end_date=20220605T033958
[2022-06-05 00:39:58,610] {local_task_job.py:156} INFO - Task exited with return code 0
[2022-06-05 00:39:58,757] {local_task_job.py:273} INFO - 1 downstream tasks scheduled from follow-on schedule check
