[2022-06-04 21:17:29,632] {taskinstance.py:1160} INFO - Dependencies all met for <TaskInstance: census.transforma_tabela scheduled__2022-06-03T00:10:00+00:00 [queued]>
[2022-06-04 21:17:29,664] {taskinstance.py:1160} INFO - Dependencies all met for <TaskInstance: census.transforma_tabela scheduled__2022-06-03T00:10:00+00:00 [queued]>
[2022-06-04 21:17:29,664] {taskinstance.py:1357} INFO - 
--------------------------------------------------------------------------------
[2022-06-04 21:17:29,665] {taskinstance.py:1358} INFO - Starting attempt 1 of 1
[2022-06-04 21:17:29,665] {taskinstance.py:1359} INFO - 
--------------------------------------------------------------------------------
[2022-06-04 21:17:29,759] {taskinstance.py:1378} INFO - Executing <Task(PythonOperator): transforma_tabela> on 2022-06-03 00:10:00+00:00
[2022-06-04 21:17:29,799] {standard_task_runner.py:52} INFO - Started process 36100 to run task
[2022-06-04 21:17:29,827] {standard_task_runner.py:79} INFO - Running: ['airflow', 'tasks', 'run', 'census', 'transforma_tabela', 'scheduled__2022-06-03T00:10:00+00:00', '--job-id', '328', '--raw', '--subdir', 'DAGS_FOLDER/dag.py', '--cfg-path', '/tmp/tmp0mtvnyjx', '--error-file', '/tmp/tmp54vae159']
[2022-06-04 21:17:29,828] {standard_task_runner.py:80} INFO - Job 328: Subtask transforma_tabela
[2022-06-04 21:17:29,990] {task_command.py:370} INFO - Running <TaskInstance: census.transforma_tabela scheduled__2022-06-03T00:10:00+00:00 [running]> on host uiliam-Vostro-15-3515
[2022-06-04 21:17:30,262] {taskinstance.py:1570} INFO - Exporting the following env vars:
AIRFLOW_CTX_DAG_OWNER=airflow
AIRFLOW_CTX_DAG_ID=census
AIRFLOW_CTX_TASK_ID=transforma_tabela
AIRFLOW_CTX_EXECUTION_DATE=2022-06-03T00:10:00+00:00
AIRFLOW_CTX_TRY_NUMBER=1
AIRFLOW_CTX_DAG_RUN_ID=scheduled__2022-06-03T00:10:00+00:00
[2022-06-04 21:17:32,069] {python.py:173} INFO - Done. Returned value was: None
[2022-06-04 21:17:32,432] {taskinstance.py:1396} INFO - Marking task as SUCCESS. dag_id=census, task_id=transforma_tabela, execution_date=20220603T001000, start_date=20220605T001729, end_date=20220605T001732
[2022-06-04 21:17:32,549] {local_task_job.py:156} INFO - Task exited with return code 0
[2022-06-04 21:17:32,740] {local_task_job.py:273} INFO - 1 downstream tasks scheduled from follow-on schedule check
