[2022-06-17 17:12:01,071] {taskinstance.py:1160} INFO - Dependencies all met for <TaskInstance: sales.create_tables_tasks.criar_Stage_Time scheduled__2022-06-17T20:11:43.712679+00:00 [queued]>
[2022-06-17 17:12:01,117] {taskinstance.py:1160} INFO - Dependencies all met for <TaskInstance: sales.create_tables_tasks.criar_Stage_Time scheduled__2022-06-17T20:11:43.712679+00:00 [queued]>
[2022-06-17 17:12:01,117] {taskinstance.py:1357} INFO - 
--------------------------------------------------------------------------------
[2022-06-17 17:12:01,118] {taskinstance.py:1358} INFO - Starting attempt 1 of 1
[2022-06-17 17:12:01,118] {taskinstance.py:1359} INFO - 
--------------------------------------------------------------------------------
[2022-06-17 17:12:01,203] {taskinstance.py:1378} INFO - Executing <Task(PostgresOperator): create_tables_tasks.criar_Stage_Time> on 2022-06-17 20:11:43.712679+00:00
[2022-06-17 17:12:01,218] {standard_task_runner.py:52} INFO - Started process 133441 to run task
[2022-06-17 17:12:01,229] {standard_task_runner.py:79} INFO - Running: ['airflow', 'tasks', 'run', 'sales', 'create_tables_tasks.criar_Stage_Time', 'scheduled__2022-06-17T20:11:43.712679+00:00', '--job-id', '1246', '--raw', '--subdir', 'DAGS_FOLDER/dag copy.py', '--cfg-path', '/tmp/tmpni8o3zy_', '--error-file', '/tmp/tmpczt3j35n']
[2022-06-17 17:12:01,230] {standard_task_runner.py:80} INFO - Job 1246: Subtask create_tables_tasks.criar_Stage_Time
[2022-06-17 17:12:01,372] {task_command.py:370} INFO - Running <TaskInstance: sales.create_tables_tasks.criar_Stage_Time scheduled__2022-06-17T20:11:43.712679+00:00 [running]> on host uiliam-Vostro-15-3515
[2022-06-17 17:12:01,524] {taskinstance.py:1570} INFO - Exporting the following env vars:
AIRFLOW_CTX_DAG_OWNER=airflow
AIRFLOW_CTX_DAG_ID=sales
AIRFLOW_CTX_TASK_ID=create_tables_tasks.criar_Stage_Time
AIRFLOW_CTX_EXECUTION_DATE=2022-06-17T20:11:43.712679+00:00
AIRFLOW_CTX_TRY_NUMBER=1
AIRFLOW_CTX_DAG_RUN_ID=scheduled__2022-06-17T20:11:43.712679+00:00
[2022-06-17 17:12:01,546] {base.py:68} INFO - Using connection ID '***_default' for task execution.
[2022-06-17 17:12:01,555] {dbapi.py:213} INFO - Running statement: 
                CREATE TABLE IF NOT EXISTS Stg_Time (
                orderdate date,
                requireddate date,
                shippeddate date
                    )
            , parameters: None
[2022-06-17 17:12:01,557] {postgres.py:94} INFO - NOTICE:  relation "stg_time" already exists, skipping

[2022-06-17 17:12:01,600] {taskinstance.py:1396} INFO - Marking task as SUCCESS. dag_id=sales, task_id=create_tables_tasks.criar_Stage_Time, execution_date=20220617T201143, start_date=20220617T201201, end_date=20220617T201201
[2022-06-17 17:12:01,684] {local_task_job.py:156} INFO - Task exited with return code 0
[2022-06-17 17:12:01,740] {local_task_job.py:273} INFO - 0 downstream tasks scheduled from follow-on schedule check
