[2022-06-05 00:39:11,731] {taskinstance.py:1160} INFO - Dependencies all met for <TaskInstance: census.transforma_tabela scheduled__2022-06-05T01:31:06.051317+00:00 [queued]>
[2022-06-05 00:39:11,762] {taskinstance.py:1160} INFO - Dependencies all met for <TaskInstance: census.transforma_tabela scheduled__2022-06-05T01:31:06.051317+00:00 [queued]>
[2022-06-05 00:39:11,763] {taskinstance.py:1357} INFO - 
--------------------------------------------------------------------------------
[2022-06-05 00:39:11,763] {taskinstance.py:1358} INFO - Starting attempt 1 of 1
[2022-06-05 00:39:11,763] {taskinstance.py:1359} INFO - 
--------------------------------------------------------------------------------
[2022-06-05 00:39:11,816] {taskinstance.py:1378} INFO - Executing <Task(PythonOperator): transforma_tabela> on 2022-06-05 01:31:06.051317+00:00
[2022-06-05 00:39:11,875] {standard_task_runner.py:52} INFO - Started process 25123 to run task
[2022-06-05 00:39:11,894] {standard_task_runner.py:79} INFO - Running: ['airflow', 'tasks', 'run', 'census', 'transforma_tabela', 'scheduled__2022-06-05T01:31:06.051317+00:00', '--job-id', '649', '--raw', '--subdir', 'DAGS_FOLDER/dag.py', '--cfg-path', '/tmp/tmpj63ct7e1', '--error-file', '/tmp/tmp8tvbde6_']
[2022-06-05 00:39:11,895] {standard_task_runner.py:80} INFO - Job 649: Subtask transforma_tabela
[2022-06-05 00:39:12,139] {task_command.py:370} INFO - Running <TaskInstance: census.transforma_tabela scheduled__2022-06-05T01:31:06.051317+00:00 [running]> on host uiliam-Vostro-15-3515
[2022-06-05 00:39:12,447] {taskinstance.py:1570} INFO - Exporting the following env vars:
AIRFLOW_CTX_DAG_OWNER=airflow
AIRFLOW_CTX_DAG_ID=census
AIRFLOW_CTX_TASK_ID=transforma_tabela
AIRFLOW_CTX_EXECUTION_DATE=2022-06-05T01:31:06.051317+00:00
AIRFLOW_CTX_TRY_NUMBER=1
AIRFLOW_CTX_DAG_RUN_ID=scheduled__2022-06-05T01:31:06.051317+00:00
[2022-06-05 00:39:13,653] {python.py:173} INFO - Done. Returned value was: None
[2022-06-05 00:39:13,678] {taskinstance.py:1396} INFO - Marking task as SUCCESS. dag_id=census, task_id=transforma_tabela, execution_date=20220605T013106, start_date=20220605T033911, end_date=20220605T033913
[2022-06-05 00:39:13,737] {local_task_job.py:156} INFO - Task exited with return code 0
[2022-06-05 00:39:13,838] {local_task_job.py:273} INFO - 1 downstream tasks scheduled from follow-on schedule check
