[2022-06-20 14:08:07,576] {taskinstance.py:1160} INFO - Dependencies all met for <TaskInstance: sales.criar_Fato scheduled__2022-06-19T00:00:00+00:00 [queued]>
[2022-06-20 14:08:07,596] {taskinstance.py:1160} INFO - Dependencies all met for <TaskInstance: sales.criar_Fato scheduled__2022-06-19T00:00:00+00:00 [queued]>
[2022-06-20 14:08:07,597] {taskinstance.py:1357} INFO - 
--------------------------------------------------------------------------------
[2022-06-20 14:08:07,597] {taskinstance.py:1358} INFO - Starting attempt 1 of 1
[2022-06-20 14:08:07,597] {taskinstance.py:1359} INFO - 
--------------------------------------------------------------------------------
[2022-06-20 14:08:07,617] {taskinstance.py:1378} INFO - Executing <Task(PostgresOperator): criar_Fato> on 2022-06-19 00:00:00+00:00
[2022-06-20 14:08:07,629] {standard_task_runner.py:52} INFO - Started process 37019 to run task
[2022-06-20 14:08:07,634] {standard_task_runner.py:79} INFO - Running: ['airflow', 'tasks', 'run', 'sales', 'criar_Fato', 'scheduled__2022-06-19T00:00:00+00:00', '--job-id', '210', '--raw', '--subdir', 'DAGS_FOLDER/sales.py', '--cfg-path', '/tmp/tmpr7rdjnv7', '--error-file', '/tmp/tmp2qy7shqq']
[2022-06-20 14:08:07,635] {standard_task_runner.py:80} INFO - Job 210: Subtask criar_Fato
[2022-06-20 14:08:07,719] {task_command.py:370} INFO - Running <TaskInstance: sales.criar_Fato scheduled__2022-06-19T00:00:00+00:00 [running]> on host uiliam-Vostro-15-3515
[2022-06-20 14:08:07,833] {taskinstance.py:1570} INFO - Exporting the following env vars:
AIRFLOW_CTX_DAG_OWNER=airflow
AIRFLOW_CTX_DAG_ID=sales
AIRFLOW_CTX_TASK_ID=criar_Fato
AIRFLOW_CTX_EXECUTION_DATE=2022-06-19T00:00:00+00:00
AIRFLOW_CTX_TRY_NUMBER=1
AIRFLOW_CTX_DAG_RUN_ID=scheduled__2022-06-19T00:00:00+00:00
[2022-06-20 14:08:07,848] {base.py:68} INFO - Using connection ID '***' for task execution.
[2022-06-20 14:08:07,854] {dbapi.py:213} INFO - Running statement: 
            CREATE TABLE IF NOT EXISTS fato (
            id_sales SERIAL PRIMARY KEY,
            id_customers INT NOT NULL ,
            id_products INT NOT NULL,
            id_time INT NOT NULL,
            id_emp INT NOT NULL,
            CONSTRAINT fk_customers FOREIGN KEY (id_customers) REFERENCES dm_customers(id_customers),
            CONSTRAINT fk_products FOREIGN KEY (id_products) REFERENCES dm_products (id_products),
            CONSTRAINT fk_time FOREIGN KEY (id_time) REFERENCES dm_time(id_time),
            CONSTRAINT fk_emp FOREIGN KEY (id_emp) REFERENCES dm_emp(id_emp),
            quantityordered int NOT NULL,
            priceeach float NOT NULL,
            buyprice float NOT NULL,
            orderLineNumber int NOT NULL
            )
            , parameters: None
[2022-06-20 14:08:07,885] {taskinstance.py:1396} INFO - Marking task as SUCCESS. dag_id=sales, task_id=criar_Fato, execution_date=20220619T000000, start_date=20220620T170807, end_date=20220620T170807
[2022-06-20 14:08:07,926] {local_task_job.py:156} INFO - Task exited with return code 0
[2022-06-20 14:08:07,984] {local_task_job.py:273} INFO - 1 downstream tasks scheduled from follow-on schedule check
[2022-06-20 14:15:31,302] {taskinstance.py:1160} INFO - Dependencies all met for <TaskInstance: sales.criar_Fato scheduled__2022-06-19T00:00:00+00:00 [queued]>
[2022-06-20 14:15:31,324] {taskinstance.py:1160} INFO - Dependencies all met for <TaskInstance: sales.criar_Fato scheduled__2022-06-19T00:00:00+00:00 [queued]>
[2022-06-20 14:15:31,324] {taskinstance.py:1357} INFO - 
--------------------------------------------------------------------------------
[2022-06-20 14:15:31,324] {taskinstance.py:1358} INFO - Starting attempt 1 of 1
[2022-06-20 14:15:31,324] {taskinstance.py:1359} INFO - 
--------------------------------------------------------------------------------
[2022-06-20 14:15:31,347] {taskinstance.py:1378} INFO - Executing <Task(PostgresOperator): criar_Fato> on 2022-06-19 00:00:00+00:00
[2022-06-20 14:15:31,357] {standard_task_runner.py:52} INFO - Started process 39777 to run task
[2022-06-20 14:15:31,362] {standard_task_runner.py:79} INFO - Running: ['airflow', 'tasks', 'run', 'sales', 'criar_Fato', 'scheduled__2022-06-19T00:00:00+00:00', '--job-id', '229', '--raw', '--subdir', 'DAGS_FOLDER/sales.py', '--cfg-path', '/tmp/tmp8ja2lwkf', '--error-file', '/tmp/tmpa423nq7w']
[2022-06-20 14:15:31,363] {standard_task_runner.py:80} INFO - Job 229: Subtask criar_Fato
[2022-06-20 14:15:31,450] {task_command.py:370} INFO - Running <TaskInstance: sales.criar_Fato scheduled__2022-06-19T00:00:00+00:00 [running]> on host uiliam-Vostro-15-3515
[2022-06-20 14:15:31,567] {taskinstance.py:1570} INFO - Exporting the following env vars:
AIRFLOW_CTX_DAG_OWNER=airflow
AIRFLOW_CTX_DAG_ID=sales
AIRFLOW_CTX_TASK_ID=criar_Fato
AIRFLOW_CTX_EXECUTION_DATE=2022-06-19T00:00:00+00:00
AIRFLOW_CTX_TRY_NUMBER=1
AIRFLOW_CTX_DAG_RUN_ID=scheduled__2022-06-19T00:00:00+00:00
[2022-06-20 14:15:31,584] {base.py:68} INFO - Using connection ID '***' for task execution.
[2022-06-20 14:15:31,591] {dbapi.py:213} INFO - Running statement: 
            CREATE TABLE IF NOT EXISTS fato (
            id_sales SERIAL PRIMARY KEY,
            id_customers INT NOT NULL ,
            id_products INT NOT NULL,
            id_time INT NOT NULL,
            id_emp INT NOT NULL,
            CONSTRAINT fk_customers FOREIGN KEY (id_customers) REFERENCES dm_customers(id_customers),
            CONSTRAINT fk_products FOREIGN KEY (id_products) REFERENCES dm_products (id_products),
            CONSTRAINT fk_time FOREIGN KEY (id_time) REFERENCES dm_time(id_time),
            CONSTRAINT fk_emp FOREIGN KEY (id_emp) REFERENCES dm_emp(id_emp),
            quantityordered int NOT NULL,
            priceeach float NOT NULL,
            buyprice float NOT NULL,
            orderLineNumber int NOT NULL
            )
            , parameters: None
[2022-06-20 14:15:31,592] {postgres.py:94} INFO - NOTICE:  relation "fato" already exists, skipping

[2022-06-20 14:15:31,613] {taskinstance.py:1396} INFO - Marking task as SUCCESS. dag_id=sales, task_id=criar_Fato, execution_date=20220619T000000, start_date=20220620T171531, end_date=20220620T171531
[2022-06-20 14:15:31,655] {local_task_job.py:156} INFO - Task exited with return code 0
[2022-06-20 14:15:31,713] {local_task_job.py:273} INFO - 1 downstream tasks scheduled from follow-on schedule check
[2022-06-20 14:16:34,619] {taskinstance.py:1160} INFO - Dependencies all met for <TaskInstance: sales.criar_Fato scheduled__2022-06-19T00:00:00+00:00 [queued]>
[2022-06-20 14:16:34,641] {taskinstance.py:1160} INFO - Dependencies all met for <TaskInstance: sales.criar_Fato scheduled__2022-06-19T00:00:00+00:00 [queued]>
[2022-06-20 14:16:34,641] {taskinstance.py:1357} INFO - 
--------------------------------------------------------------------------------
[2022-06-20 14:16:34,642] {taskinstance.py:1358} INFO - Starting attempt 1 of 1
[2022-06-20 14:16:34,642] {taskinstance.py:1359} INFO - 
--------------------------------------------------------------------------------
[2022-06-20 14:16:34,664] {taskinstance.py:1378} INFO - Executing <Task(PostgresOperator): criar_Fato> on 2022-06-19 00:00:00+00:00
[2022-06-20 14:16:34,673] {standard_task_runner.py:52} INFO - Started process 41246 to run task
[2022-06-20 14:16:34,679] {standard_task_runner.py:79} INFO - Running: ['airflow', 'tasks', 'run', 'sales', 'criar_Fato', 'scheduled__2022-06-19T00:00:00+00:00', '--job-id', '247', '--raw', '--subdir', 'DAGS_FOLDER/sales.py', '--cfg-path', '/tmp/tmpni1bzn4o', '--error-file', '/tmp/tmpy243zjs1']
[2022-06-20 14:16:34,679] {standard_task_runner.py:80} INFO - Job 247: Subtask criar_Fato
[2022-06-20 14:16:34,760] {task_command.py:370} INFO - Running <TaskInstance: sales.criar_Fato scheduled__2022-06-19T00:00:00+00:00 [running]> on host uiliam-Vostro-15-3515
[2022-06-20 14:16:34,872] {taskinstance.py:1570} INFO - Exporting the following env vars:
AIRFLOW_CTX_DAG_OWNER=airflow
AIRFLOW_CTX_DAG_ID=sales
AIRFLOW_CTX_TASK_ID=criar_Fato
AIRFLOW_CTX_EXECUTION_DATE=2022-06-19T00:00:00+00:00
AIRFLOW_CTX_TRY_NUMBER=1
AIRFLOW_CTX_DAG_RUN_ID=scheduled__2022-06-19T00:00:00+00:00
[2022-06-20 14:16:34,888] {base.py:68} INFO - Using connection ID '***' for task execution.
[2022-06-20 14:16:34,895] {dbapi.py:213} INFO - Running statement: 
            CREATE TABLE IF NOT EXISTS fato (
            id_sales SERIAL PRIMARY KEY,
            id_customers INT NOT NULL ,
            id_products INT NOT NULL,
            id_time INT NOT NULL,
            id_emp INT NOT NULL,
            CONSTRAINT fk_customers FOREIGN KEY (id_customers) REFERENCES dm_customers(id_customers),
            CONSTRAINT fk_products FOREIGN KEY (id_products) REFERENCES dm_products (id_products),
            CONSTRAINT fk_time FOREIGN KEY (id_time) REFERENCES dm_time(id_time),
            CONSTRAINT fk_emp FOREIGN KEY (id_emp) REFERENCES dm_emp(id_emp),
            quantityordered int NOT NULL,
            priceeach float NOT NULL,
            buyprice float NOT NULL,
            orderLineNumber int NOT NULL
            )
            , parameters: None
[2022-06-20 14:16:34,926] {taskinstance.py:1396} INFO - Marking task as SUCCESS. dag_id=sales, task_id=criar_Fato, execution_date=20220619T000000, start_date=20220620T171634, end_date=20220620T171634
[2022-06-20 14:16:34,971] {local_task_job.py:156} INFO - Task exited with return code 0
[2022-06-20 14:16:35,032] {local_task_job.py:273} INFO - 1 downstream tasks scheduled from follow-on schedule check
[2022-06-20 14:46:46,622] {taskinstance.py:1160} INFO - Dependencies all met for <TaskInstance: sales.criar_Fato scheduled__2022-06-19T00:00:00+00:00 [queued]>
[2022-06-20 14:46:46,642] {taskinstance.py:1160} INFO - Dependencies all met for <TaskInstance: sales.criar_Fato scheduled__2022-06-19T00:00:00+00:00 [queued]>
[2022-06-20 14:46:46,643] {taskinstance.py:1357} INFO - 
--------------------------------------------------------------------------------
[2022-06-20 14:46:46,643] {taskinstance.py:1358} INFO - Starting attempt 1 of 1
[2022-06-20 14:46:46,643] {taskinstance.py:1359} INFO - 
--------------------------------------------------------------------------------
[2022-06-20 14:46:46,663] {taskinstance.py:1378} INFO - Executing <Task(PostgresOperator): criar_Fato> on 2022-06-19 00:00:00+00:00
[2022-06-20 14:46:46,672] {standard_task_runner.py:52} INFO - Started process 54669 to run task
[2022-06-20 14:46:46,677] {standard_task_runner.py:79} INFO - Running: ['airflow', 'tasks', 'run', 'sales', 'criar_Fato', 'scheduled__2022-06-19T00:00:00+00:00', '--job-id', '333', '--raw', '--subdir', 'DAGS_FOLDER/sales.py', '--cfg-path', '/tmp/tmpq26rkbr8', '--error-file', '/tmp/tmpxuahjbmz']
[2022-06-20 14:46:46,678] {standard_task_runner.py:80} INFO - Job 333: Subtask criar_Fato
[2022-06-20 14:46:46,767] {task_command.py:370} INFO - Running <TaskInstance: sales.criar_Fato scheduled__2022-06-19T00:00:00+00:00 [running]> on host uiliam-Vostro-15-3515
[2022-06-20 14:46:46,882] {taskinstance.py:1570} INFO - Exporting the following env vars:
AIRFLOW_CTX_DAG_OWNER=airflow
AIRFLOW_CTX_DAG_ID=sales
AIRFLOW_CTX_TASK_ID=criar_Fato
AIRFLOW_CTX_EXECUTION_DATE=2022-06-19T00:00:00+00:00
AIRFLOW_CTX_TRY_NUMBER=1
AIRFLOW_CTX_DAG_RUN_ID=scheduled__2022-06-19T00:00:00+00:00
[2022-06-20 14:46:46,897] {base.py:68} INFO - Using connection ID '***' for task execution.
[2022-06-20 14:46:46,903] {dbapi.py:213} INFO - Running statement: 
            CREATE TABLE IF NOT EXISTS fato (
            id_sales SERIAL PRIMARY KEY,
            id_customers INT NOT NULL ,
            id_products INT NOT NULL,
            id_time INT NOT NULL,
            id_emp INT NOT NULL,
            CONSTRAINT fk_customers FOREIGN KEY (id_customers) REFERENCES dm_customers(id_customers),
            CONSTRAINT fk_products FOREIGN KEY (id_products) REFERENCES dm_products (id_products),
            CONSTRAINT fk_time FOREIGN KEY (id_time) REFERENCES dm_time(id_time),
            CONSTRAINT fk_emp FOREIGN KEY (id_emp) REFERENCES dm_emp(id_emp),
            quantityordered int NOT NULL,
            priceeach float NOT NULL,
            buyprice float NOT NULL,
            orderLineNumber int NOT NULL
            )
            , parameters: None
[2022-06-20 14:46:46,936] {taskinstance.py:1396} INFO - Marking task as SUCCESS. dag_id=sales, task_id=criar_Fato, execution_date=20220619T000000, start_date=20220620T174646, end_date=20220620T174646
[2022-06-20 14:46:46,969] {local_task_job.py:156} INFO - Task exited with return code 0
[2022-06-20 14:46:47,026] {local_task_job.py:273} INFO - 1 downstream tasks scheduled from follow-on schedule check
[2022-06-20 15:35:35,562] {taskinstance.py:1160} INFO - Dependencies all met for <TaskInstance: sales.criar_Fato scheduled__2022-06-19T00:00:00+00:00 [queued]>
[2022-06-20 15:35:35,582] {taskinstance.py:1160} INFO - Dependencies all met for <TaskInstance: sales.criar_Fato scheduled__2022-06-19T00:00:00+00:00 [queued]>
[2022-06-20 15:35:35,582] {taskinstance.py:1357} INFO - 
--------------------------------------------------------------------------------
[2022-06-20 15:35:35,582] {taskinstance.py:1358} INFO - Starting attempt 1 of 1
[2022-06-20 15:35:35,582] {taskinstance.py:1359} INFO - 
--------------------------------------------------------------------------------
[2022-06-20 15:35:35,601] {taskinstance.py:1378} INFO - Executing <Task(PostgresOperator): criar_Fato> on 2022-06-19 00:00:00+00:00
[2022-06-20 15:35:35,611] {standard_task_runner.py:52} INFO - Started process 62828 to run task
[2022-06-20 15:35:35,616] {standard_task_runner.py:79} INFO - Running: ['airflow', 'tasks', 'run', 'sales', 'criar_Fato', 'scheduled__2022-06-19T00:00:00+00:00', '--job-id', '367', '--raw', '--subdir', 'DAGS_FOLDER/sales.py', '--cfg-path', '/tmp/tmpdktzk2jx', '--error-file', '/tmp/tmpruof_gcb']
[2022-06-20 15:35:35,616] {standard_task_runner.py:80} INFO - Job 367: Subtask criar_Fato
[2022-06-20 15:35:35,703] {task_command.py:370} INFO - Running <TaskInstance: sales.criar_Fato scheduled__2022-06-19T00:00:00+00:00 [running]> on host uiliam-Vostro-15-3515
[2022-06-20 15:35:35,819] {taskinstance.py:1570} INFO - Exporting the following env vars:
AIRFLOW_CTX_DAG_OWNER=airflow
AIRFLOW_CTX_DAG_ID=sales
AIRFLOW_CTX_TASK_ID=criar_Fato
AIRFLOW_CTX_EXECUTION_DATE=2022-06-19T00:00:00+00:00
AIRFLOW_CTX_TRY_NUMBER=1
AIRFLOW_CTX_DAG_RUN_ID=scheduled__2022-06-19T00:00:00+00:00
[2022-06-20 15:35:35,837] {base.py:68} INFO - Using connection ID '***' for task execution.
[2022-06-20 15:35:35,843] {dbapi.py:213} INFO - Running statement: 
            CREATE TABLE IF NOT EXISTS fato (
            id_sales SERIAL PRIMARY KEY,
            id_customers INT NOT NULL ,
            id_products INT NOT NULL,
            id_time INT NOT NULL,
            id_emp INT NOT NULL,
            CONSTRAINT fk_customers FOREIGN KEY (id_customers) REFERENCES dm_customers(id_customers),
            CONSTRAINT fk_products FOREIGN KEY (id_products) REFERENCES dm_products (id_products),
            CONSTRAINT fk_time FOREIGN KEY (id_time) REFERENCES dm_time(id_time),
            CONSTRAINT fk_emp FOREIGN KEY (id_emp) REFERENCES dm_emp(id_emp),
            quantityordered int NOT NULL,
            priceeach float NOT NULL,
            buyprice float NOT NULL,
            orderLineNumber int NOT NULL
            )
            , parameters: None
[2022-06-20 15:35:35,876] {taskinstance.py:1396} INFO - Marking task as SUCCESS. dag_id=sales, task_id=criar_Fato, execution_date=20220619T000000, start_date=20220620T183535, end_date=20220620T183535
[2022-06-20 15:35:35,908] {local_task_job.py:156} INFO - Task exited with return code 0
[2022-06-20 15:35:35,964] {local_task_job.py:273} INFO - 1 downstream tasks scheduled from follow-on schedule check
[2022-06-20 15:41:58,427] {taskinstance.py:1160} INFO - Dependencies all met for <TaskInstance: sales.criar_Fato scheduled__2022-06-19T00:00:00+00:00 [queued]>
[2022-06-20 15:41:58,448] {taskinstance.py:1160} INFO - Dependencies all met for <TaskInstance: sales.criar_Fato scheduled__2022-06-19T00:00:00+00:00 [queued]>
[2022-06-20 15:41:58,448] {taskinstance.py:1357} INFO - 
--------------------------------------------------------------------------------
[2022-06-20 15:41:58,448] {taskinstance.py:1358} INFO - Starting attempt 1 of 1
[2022-06-20 15:41:58,448] {taskinstance.py:1359} INFO - 
--------------------------------------------------------------------------------
[2022-06-20 15:41:58,471] {taskinstance.py:1378} INFO - Executing <Task(PostgresOperator): criar_Fato> on 2022-06-19 00:00:00+00:00
[2022-06-20 15:41:58,482] {standard_task_runner.py:52} INFO - Started process 65289 to run task
[2022-06-20 15:41:58,487] {standard_task_runner.py:79} INFO - Running: ['airflow', 'tasks', 'run', 'sales', 'criar_Fato', 'scheduled__2022-06-19T00:00:00+00:00', '--job-id', '385', '--raw', '--subdir', 'DAGS_FOLDER/sales.py', '--cfg-path', '/tmp/tmpviq2i7bx', '--error-file', '/tmp/tmpezbhesfe']
[2022-06-20 15:41:58,487] {standard_task_runner.py:80} INFO - Job 385: Subtask criar_Fato
[2022-06-20 15:41:58,571] {task_command.py:370} INFO - Running <TaskInstance: sales.criar_Fato scheduled__2022-06-19T00:00:00+00:00 [running]> on host uiliam-Vostro-15-3515
[2022-06-20 15:41:58,688] {taskinstance.py:1570} INFO - Exporting the following env vars:
AIRFLOW_CTX_DAG_OWNER=airflow
AIRFLOW_CTX_DAG_ID=sales
AIRFLOW_CTX_TASK_ID=criar_Fato
AIRFLOW_CTX_EXECUTION_DATE=2022-06-19T00:00:00+00:00
AIRFLOW_CTX_TRY_NUMBER=1
AIRFLOW_CTX_DAG_RUN_ID=scheduled__2022-06-19T00:00:00+00:00
[2022-06-20 15:41:58,703] {base.py:68} INFO - Using connection ID '***' for task execution.
[2022-06-20 15:41:58,710] {dbapi.py:213} INFO - Running statement: 
            CREATE TABLE IF NOT EXISTS fato (
            id_sales SERIAL PRIMARY KEY,
            id_customers INT NOT NULL ,
            id_products INT NOT NULL,
            id_time INT NOT NULL,
            id_emp INT NOT NULL,
            CONSTRAINT fk_customers FOREIGN KEY (id_customers) REFERENCES dm_customers(id_customers),
            CONSTRAINT fk_products FOREIGN KEY (id_products) REFERENCES dm_products (id_products),
            CONSTRAINT fk_time FOREIGN KEY (id_time) REFERENCES dm_time(id_time),
            CONSTRAINT fk_emp FOREIGN KEY (id_emp) REFERENCES dm_emp(id_emp),
            quantityordered int NOT NULL,
            priceeach float NOT NULL,
            buyprice float NOT NULL,
            orderLineNumber int NOT NULL
            )
            , parameters: None
[2022-06-20 15:41:58,711] {postgres.py:94} INFO - NOTICE:  relation "fato" already exists, skipping

[2022-06-20 15:41:58,730] {taskinstance.py:1396} INFO - Marking task as SUCCESS. dag_id=sales, task_id=criar_Fato, execution_date=20220619T000000, start_date=20220620T184158, end_date=20220620T184158
[2022-06-20 15:41:58,779] {local_task_job.py:156} INFO - Task exited with return code 0
[2022-06-20 15:41:58,840] {local_task_job.py:273} INFO - 1 downstream tasks scheduled from follow-on schedule check
[2022-06-20 15:51:36,423] {taskinstance.py:1160} INFO - Dependencies all met for <TaskInstance: sales.criar_Fato scheduled__2022-06-19T00:00:00+00:00 [queued]>
[2022-06-20 15:51:36,445] {taskinstance.py:1160} INFO - Dependencies all met for <TaskInstance: sales.criar_Fato scheduled__2022-06-19T00:00:00+00:00 [queued]>
[2022-06-20 15:51:36,446] {taskinstance.py:1357} INFO - 
--------------------------------------------------------------------------------
[2022-06-20 15:51:36,446] {taskinstance.py:1358} INFO - Starting attempt 1 of 1
[2022-06-20 15:51:36,446] {taskinstance.py:1359} INFO - 
--------------------------------------------------------------------------------
[2022-06-20 15:51:36,467] {taskinstance.py:1378} INFO - Executing <Task(PostgresOperator): criar_Fato> on 2022-06-19 00:00:00+00:00
[2022-06-20 15:51:36,477] {standard_task_runner.py:52} INFO - Started process 67953 to run task
[2022-06-20 15:51:36,483] {standard_task_runner.py:79} INFO - Running: ['airflow', 'tasks', 'run', 'sales', 'criar_Fato', 'scheduled__2022-06-19T00:00:00+00:00', '--job-id', '403', '--raw', '--subdir', 'DAGS_FOLDER/sales.py', '--cfg-path', '/tmp/tmpwypyskeb', '--error-file', '/tmp/tmppqf8jfkx']
[2022-06-20 15:51:36,483] {standard_task_runner.py:80} INFO - Job 403: Subtask criar_Fato
[2022-06-20 15:51:36,562] {task_command.py:370} INFO - Running <TaskInstance: sales.criar_Fato scheduled__2022-06-19T00:00:00+00:00 [running]> on host uiliam-Vostro-15-3515
[2022-06-20 15:51:36,682] {taskinstance.py:1570} INFO - Exporting the following env vars:
AIRFLOW_CTX_DAG_OWNER=airflow
AIRFLOW_CTX_DAG_ID=sales
AIRFLOW_CTX_TASK_ID=criar_Fato
AIRFLOW_CTX_EXECUTION_DATE=2022-06-19T00:00:00+00:00
AIRFLOW_CTX_TRY_NUMBER=1
AIRFLOW_CTX_DAG_RUN_ID=scheduled__2022-06-19T00:00:00+00:00
[2022-06-20 15:51:36,698] {base.py:68} INFO - Using connection ID '***' for task execution.
[2022-06-20 15:51:36,704] {dbapi.py:213} INFO - Running statement: 
            CREATE TABLE IF NOT EXISTS fato (
            id_sales SERIAL PRIMARY KEY,
            id_customers INT NOT NULL ,
            id_products INT NOT NULL,
            id_time INT NOT NULL,
            id_emp INT NOT NULL,
            CONSTRAINT fk_customers FOREIGN KEY (id_customers) REFERENCES dm_customers(id_customers),
            CONSTRAINT fk_products FOREIGN KEY (id_products) REFERENCES dm_products (id_products),
            CONSTRAINT fk_time FOREIGN KEY (id_time) REFERENCES dm_time(id_time),
            CONSTRAINT fk_emp FOREIGN KEY (id_emp) REFERENCES dm_emp(id_emp),
            quantityordered int NOT NULL,
            priceeach float NOT NULL,
            buyprice float NOT NULL,
            orderLineNumber int NOT NULL
            )
            , parameters: None
[2022-06-20 15:51:36,735] {taskinstance.py:1396} INFO - Marking task as SUCCESS. dag_id=sales, task_id=criar_Fato, execution_date=20220619T000000, start_date=20220620T185136, end_date=20220620T185136
[2022-06-20 15:51:36,774] {local_task_job.py:156} INFO - Task exited with return code 0
[2022-06-20 15:51:36,832] {local_task_job.py:273} INFO - 1 downstream tasks scheduled from follow-on schedule check
[2022-06-20 16:09:32,987] {taskinstance.py:1160} INFO - Dependencies all met for <TaskInstance: sales.criar_Fato scheduled__2022-06-19T00:00:00+00:00 [queued]>
[2022-06-20 16:09:33,010] {taskinstance.py:1160} INFO - Dependencies all met for <TaskInstance: sales.criar_Fato scheduled__2022-06-19T00:00:00+00:00 [queued]>
[2022-06-20 16:09:33,010] {taskinstance.py:1357} INFO - 
--------------------------------------------------------------------------------
[2022-06-20 16:09:33,010] {taskinstance.py:1358} INFO - Starting attempt 1 of 1
[2022-06-20 16:09:33,010] {taskinstance.py:1359} INFO - 
--------------------------------------------------------------------------------
[2022-06-20 16:09:33,031] {taskinstance.py:1378} INFO - Executing <Task(PostgresOperator): criar_Fato> on 2022-06-19 00:00:00+00:00
[2022-06-20 16:09:33,042] {standard_task_runner.py:52} INFO - Started process 74933 to run task
[2022-06-20 16:09:33,048] {standard_task_runner.py:79} INFO - Running: ['airflow', 'tasks', 'run', 'sales', 'criar_Fato', 'scheduled__2022-06-19T00:00:00+00:00', '--job-id', '427', '--raw', '--subdir', 'DAGS_FOLDER/sales.py', '--cfg-path', '/tmp/tmpyqmxomfd', '--error-file', '/tmp/tmpe3y91eq9']
[2022-06-20 16:09:33,048] {standard_task_runner.py:80} INFO - Job 427: Subtask criar_Fato
[2022-06-20 16:09:33,134] {task_command.py:370} INFO - Running <TaskInstance: sales.criar_Fato scheduled__2022-06-19T00:00:00+00:00 [running]> on host uiliam-Vostro-15-3515
[2022-06-20 16:09:33,248] {taskinstance.py:1570} INFO - Exporting the following env vars:
AIRFLOW_CTX_DAG_OWNER=airflow
AIRFLOW_CTX_DAG_ID=sales
AIRFLOW_CTX_TASK_ID=criar_Fato
AIRFLOW_CTX_EXECUTION_DATE=2022-06-19T00:00:00+00:00
AIRFLOW_CTX_TRY_NUMBER=1
AIRFLOW_CTX_DAG_RUN_ID=scheduled__2022-06-19T00:00:00+00:00
[2022-06-20 16:09:33,264] {base.py:68} INFO - Using connection ID '***' for task execution.
[2022-06-20 16:09:33,269] {dbapi.py:213} INFO - Running statement: 
            CREATE TABLE IF NOT EXISTS fato (
            id_sales SERIAL PRIMARY KEY,
            id_customers INT NOT NULL ,
            id_products INT NOT NULL,
            id_time INT NOT NULL,
            id_emp INT NOT NULL,
            CONSTRAINT fk_customers FOREIGN KEY (id_customers) REFERENCES dm_customers(id_customers),
            CONSTRAINT fk_products FOREIGN KEY (id_products) REFERENCES dm_products (id_products),
            CONSTRAINT fk_time FOREIGN KEY (id_time) REFERENCES dm_time(id_time),
            CONSTRAINT fk_emp FOREIGN KEY (id_emp) REFERENCES dm_emp(id_emp),
            quantityordered int NOT NULL,
            priceeach float NOT NULL
            )
            , parameters: None
[2022-06-20 16:09:33,302] {taskinstance.py:1396} INFO - Marking task as SUCCESS. dag_id=sales, task_id=criar_Fato, execution_date=20220619T000000, start_date=20220620T190932, end_date=20220620T190933
[2022-06-20 16:09:33,340] {local_task_job.py:156} INFO - Task exited with return code 0
[2022-06-20 16:09:33,397] {local_task_job.py:273} INFO - 1 downstream tasks scheduled from follow-on schedule check
[2022-06-20 16:13:56,430] {taskinstance.py:1160} INFO - Dependencies all met for <TaskInstance: sales.criar_Fato scheduled__2022-06-19T00:00:00+00:00 [queued]>
[2022-06-20 16:13:56,449] {taskinstance.py:1160} INFO - Dependencies all met for <TaskInstance: sales.criar_Fato scheduled__2022-06-19T00:00:00+00:00 [queued]>
[2022-06-20 16:13:56,449] {taskinstance.py:1357} INFO - 
--------------------------------------------------------------------------------
[2022-06-20 16:13:56,449] {taskinstance.py:1358} INFO - Starting attempt 1 of 1
[2022-06-20 16:13:56,449] {taskinstance.py:1359} INFO - 
--------------------------------------------------------------------------------
[2022-06-20 16:13:56,470] {taskinstance.py:1378} INFO - Executing <Task(PostgresOperator): criar_Fato> on 2022-06-19 00:00:00+00:00
[2022-06-20 16:13:56,482] {standard_task_runner.py:52} INFO - Started process 77009 to run task
[2022-06-20 16:13:56,487] {standard_task_runner.py:79} INFO - Running: ['airflow', 'tasks', 'run', 'sales', 'criar_Fato', 'scheduled__2022-06-19T00:00:00+00:00', '--job-id', '445', '--raw', '--subdir', 'DAGS_FOLDER/sales.py', '--cfg-path', '/tmp/tmpgdovapag', '--error-file', '/tmp/tmpcpij2i4a']
[2022-06-20 16:13:56,487] {standard_task_runner.py:80} INFO - Job 445: Subtask criar_Fato
[2022-06-20 16:13:56,570] {task_command.py:370} INFO - Running <TaskInstance: sales.criar_Fato scheduled__2022-06-19T00:00:00+00:00 [running]> on host uiliam-Vostro-15-3515
[2022-06-20 16:13:56,681] {taskinstance.py:1570} INFO - Exporting the following env vars:
AIRFLOW_CTX_DAG_OWNER=airflow
AIRFLOW_CTX_DAG_ID=sales
AIRFLOW_CTX_TASK_ID=criar_Fato
AIRFLOW_CTX_EXECUTION_DATE=2022-06-19T00:00:00+00:00
AIRFLOW_CTX_TRY_NUMBER=1
AIRFLOW_CTX_DAG_RUN_ID=scheduled__2022-06-19T00:00:00+00:00
[2022-06-20 16:13:56,697] {base.py:68} INFO - Using connection ID '***' for task execution.
[2022-06-20 16:13:56,702] {dbapi.py:213} INFO - Running statement: 
            CREATE TABLE IF NOT EXISTS fato (
            id_sales SERIAL PRIMARY KEY,
            id_customers INT NOT NULL ,
            id_products INT NOT NULL,
            id_time INT NOT NULL,
            id_emp INT NOT NULL,
            CONSTRAINT fk_customers FOREIGN KEY (id_customers) REFERENCES dm_customers(id_customers),
            CONSTRAINT fk_products FOREIGN KEY (id_products) REFERENCES dm_products (id_products),
            CONSTRAINT fk_time FOREIGN KEY (id_time) REFERENCES dm_time(id_time),
            CONSTRAINT fk_emp FOREIGN KEY (id_emp) REFERENCES dm_emp(id_emp),
            quantityordered int NOT NULL,
            priceeach float NOT NULL
            )
            , parameters: None
[2022-06-20 16:13:56,735] {taskinstance.py:1396} INFO - Marking task as SUCCESS. dag_id=sales, task_id=criar_Fato, execution_date=20220619T000000, start_date=20220620T191356, end_date=20220620T191356
[2022-06-20 16:13:56,779] {local_task_job.py:156} INFO - Task exited with return code 0
[2022-06-20 16:13:56,840] {local_task_job.py:273} INFO - 1 downstream tasks scheduled from follow-on schedule check
[2022-06-20 16:16:08,932] {taskinstance.py:1160} INFO - Dependencies all met for <TaskInstance: sales.criar_Fato scheduled__2022-06-19T00:00:00+00:00 [queued]>
[2022-06-20 16:16:08,953] {taskinstance.py:1160} INFO - Dependencies all met for <TaskInstance: sales.criar_Fato scheduled__2022-06-19T00:00:00+00:00 [queued]>
[2022-06-20 16:16:08,954] {taskinstance.py:1357} INFO - 
--------------------------------------------------------------------------------
[2022-06-20 16:16:08,954] {taskinstance.py:1358} INFO - Starting attempt 1 of 1
[2022-06-20 16:16:08,954] {taskinstance.py:1359} INFO - 
--------------------------------------------------------------------------------
[2022-06-20 16:16:08,974] {taskinstance.py:1378} INFO - Executing <Task(PostgresOperator): criar_Fato> on 2022-06-19 00:00:00+00:00
[2022-06-20 16:16:08,984] {standard_task_runner.py:52} INFO - Started process 79356 to run task
[2022-06-20 16:16:08,989] {standard_task_runner.py:79} INFO - Running: ['airflow', 'tasks', 'run', 'sales', 'criar_Fato', 'scheduled__2022-06-19T00:00:00+00:00', '--job-id', '472', '--raw', '--subdir', 'DAGS_FOLDER/sales.py', '--cfg-path', '/tmp/tmp181aygy3', '--error-file', '/tmp/tmp8is5cwtp']
[2022-06-20 16:16:08,989] {standard_task_runner.py:80} INFO - Job 472: Subtask criar_Fato
[2022-06-20 16:16:09,069] {task_command.py:370} INFO - Running <TaskInstance: sales.criar_Fato scheduled__2022-06-19T00:00:00+00:00 [running]> on host uiliam-Vostro-15-3515
[2022-06-20 16:16:09,182] {taskinstance.py:1570} INFO - Exporting the following env vars:
AIRFLOW_CTX_DAG_OWNER=airflow
AIRFLOW_CTX_DAG_ID=sales
AIRFLOW_CTX_TASK_ID=criar_Fato
AIRFLOW_CTX_EXECUTION_DATE=2022-06-19T00:00:00+00:00
AIRFLOW_CTX_TRY_NUMBER=1
AIRFLOW_CTX_DAG_RUN_ID=scheduled__2022-06-19T00:00:00+00:00
[2022-06-20 16:16:09,197] {base.py:68} INFO - Using connection ID '***' for task execution.
[2022-06-20 16:16:09,203] {dbapi.py:213} INFO - Running statement: 
            CREATE TABLE IF NOT EXISTS fato (
            id_sales SERIAL PRIMARY KEY,
            id_customers INT NOT NULL ,
            id_products INT NOT NULL,
            id_time INT NOT NULL,
            id_emp INT NOT NULL,
            CONSTRAINT fk_customers FOREIGN KEY (id_customers) REFERENCES dm_customers(id_customers),
            CONSTRAINT fk_products FOREIGN KEY (id_products) REFERENCES dm_products (id_products),
            CONSTRAINT fk_time FOREIGN KEY (id_time) REFERENCES dm_time(id_time),
            CONSTRAINT fk_emp FOREIGN KEY (id_emp) REFERENCES dm_emp(id_emp),
            quantityordered int NOT NULL,
            priceeach float NOT NULL
            )
            , parameters: None
[2022-06-20 16:16:09,237] {taskinstance.py:1396} INFO - Marking task as SUCCESS. dag_id=sales, task_id=criar_Fato, execution_date=20220619T000000, start_date=20220620T191608, end_date=20220620T191609
[2022-06-20 16:16:09,281] {local_task_job.py:156} INFO - Task exited with return code 0
[2022-06-20 16:16:09,339] {local_task_job.py:273} INFO - 1 downstream tasks scheduled from follow-on schedule check
[2022-06-20 16:29:45,992] {taskinstance.py:1160} INFO - Dependencies all met for <TaskInstance: sales.criar_Fato scheduled__2022-06-19T00:00:00+00:00 [queued]>
[2022-06-20 16:29:46,013] {taskinstance.py:1160} INFO - Dependencies all met for <TaskInstance: sales.criar_Fato scheduled__2022-06-19T00:00:00+00:00 [queued]>
[2022-06-20 16:29:46,013] {taskinstance.py:1357} INFO - 
--------------------------------------------------------------------------------
[2022-06-20 16:29:46,013] {taskinstance.py:1358} INFO - Starting attempt 1 of 1
[2022-06-20 16:29:46,013] {taskinstance.py:1359} INFO - 
--------------------------------------------------------------------------------
[2022-06-20 16:29:46,034] {taskinstance.py:1378} INFO - Executing <Task(PostgresOperator): criar_Fato> on 2022-06-19 00:00:00+00:00
[2022-06-20 16:29:46,045] {standard_task_runner.py:52} INFO - Started process 82360 to run task
[2022-06-20 16:29:46,049] {standard_task_runner.py:79} INFO - Running: ['airflow', 'tasks', 'run', 'sales', 'criar_Fato', 'scheduled__2022-06-19T00:00:00+00:00', '--job-id', '490', '--raw', '--subdir', 'DAGS_FOLDER/sales.py', '--cfg-path', '/tmp/tmpg582dwr2', '--error-file', '/tmp/tmpyxvcowcy']
[2022-06-20 16:29:46,050] {standard_task_runner.py:80} INFO - Job 490: Subtask criar_Fato
[2022-06-20 16:29:46,136] {task_command.py:370} INFO - Running <TaskInstance: sales.criar_Fato scheduled__2022-06-19T00:00:00+00:00 [running]> on host uiliam-Vostro-15-3515
[2022-06-20 16:29:46,249] {taskinstance.py:1570} INFO - Exporting the following env vars:
AIRFLOW_CTX_DAG_OWNER=airflow
AIRFLOW_CTX_DAG_ID=sales
AIRFLOW_CTX_TASK_ID=criar_Fato
AIRFLOW_CTX_EXECUTION_DATE=2022-06-19T00:00:00+00:00
AIRFLOW_CTX_TRY_NUMBER=1
AIRFLOW_CTX_DAG_RUN_ID=scheduled__2022-06-19T00:00:00+00:00
[2022-06-20 16:29:46,268] {base.py:68} INFO - Using connection ID '***' for task execution.
[2022-06-20 16:29:46,275] {dbapi.py:213} INFO - Running statement: 
            CREATE TABLE IF NOT EXISTS fato (
            id_sales SERIAL PRIMARY KEY,
            id_customers INT NOT NULL ,
            id_products INT NOT NULL,
            id_time INT NOT NULL,
            id_emp INT NOT NULL,
            CONSTRAINT fk_customers FOREIGN KEY (id_customers) REFERENCES dm_customers(id_customers),
            CONSTRAINT fk_products FOREIGN KEY (id_products) REFERENCES dm_products (id_products),
            CONSTRAINT fk_time FOREIGN KEY (id_time) REFERENCES dm_time(id_time),
            CONSTRAINT fk_emp FOREIGN KEY (id_emp) REFERENCES dm_emp(id_emp),
            quantityordered int NOT NULL,
            priceeach float NOT NULL,
            buyprice float NOT NULL
            )
            , parameters: None
[2022-06-20 16:29:46,277] {postgres.py:94} INFO - NOTICE:  relation "fato" already exists, skipping

[2022-06-20 16:29:46,301] {taskinstance.py:1396} INFO - Marking task as SUCCESS. dag_id=sales, task_id=criar_Fato, execution_date=20220619T000000, start_date=20220620T192945, end_date=20220620T192946
[2022-06-20 16:29:46,342] {local_task_job.py:156} INFO - Task exited with return code 0
[2022-06-20 16:29:46,404] {local_task_job.py:273} INFO - 1 downstream tasks scheduled from follow-on schedule check
[2022-06-20 16:32:01,915] {taskinstance.py:1160} INFO - Dependencies all met for <TaskInstance: sales.criar_Fato scheduled__2022-06-19T00:00:00+00:00 [queued]>
[2022-06-20 16:32:01,937] {taskinstance.py:1160} INFO - Dependencies all met for <TaskInstance: sales.criar_Fato scheduled__2022-06-19T00:00:00+00:00 [queued]>
[2022-06-20 16:32:01,937] {taskinstance.py:1357} INFO - 
--------------------------------------------------------------------------------
[2022-06-20 16:32:01,937] {taskinstance.py:1358} INFO - Starting attempt 1 of 1
[2022-06-20 16:32:01,937] {taskinstance.py:1359} INFO - 
--------------------------------------------------------------------------------
[2022-06-20 16:32:01,958] {taskinstance.py:1378} INFO - Executing <Task(PostgresOperator): criar_Fato> on 2022-06-19 00:00:00+00:00
[2022-06-20 16:32:01,968] {standard_task_runner.py:52} INFO - Started process 84213 to run task
[2022-06-20 16:32:01,974] {standard_task_runner.py:79} INFO - Running: ['airflow', 'tasks', 'run', 'sales', 'criar_Fato', 'scheduled__2022-06-19T00:00:00+00:00', '--job-id', '508', '--raw', '--subdir', 'DAGS_FOLDER/sales.py', '--cfg-path', '/tmp/tmpbvsx4bgs', '--error-file', '/tmp/tmp33zy6w1n']
[2022-06-20 16:32:01,975] {standard_task_runner.py:80} INFO - Job 508: Subtask criar_Fato
[2022-06-20 16:32:02,059] {task_command.py:370} INFO - Running <TaskInstance: sales.criar_Fato scheduled__2022-06-19T00:00:00+00:00 [running]> on host uiliam-Vostro-15-3515
[2022-06-20 16:32:02,176] {taskinstance.py:1570} INFO - Exporting the following env vars:
AIRFLOW_CTX_DAG_OWNER=airflow
AIRFLOW_CTX_DAG_ID=sales
AIRFLOW_CTX_TASK_ID=criar_Fato
AIRFLOW_CTX_EXECUTION_DATE=2022-06-19T00:00:00+00:00
AIRFLOW_CTX_TRY_NUMBER=1
AIRFLOW_CTX_DAG_RUN_ID=scheduled__2022-06-19T00:00:00+00:00
[2022-06-20 16:32:02,194] {base.py:68} INFO - Using connection ID '***' for task execution.
[2022-06-20 16:32:02,199] {dbapi.py:213} INFO - Running statement: 
            CREATE TABLE IF NOT EXISTS fato (
            id_sales SERIAL PRIMARY KEY,
            id_customers INT NOT NULL ,
            id_products INT NOT NULL,
            id_time INT NOT NULL,
            id_emp INT NOT NULL,
            CONSTRAINT fk_customers FOREIGN KEY (id_customers) REFERENCES dm_customers(id_customers),
            CONSTRAINT fk_products FOREIGN KEY (id_products) REFERENCES dm_products (id_products),
            CONSTRAINT fk_time FOREIGN KEY (id_time) REFERENCES dm_time(id_time),
            CONSTRAINT fk_emp FOREIGN KEY (id_emp) REFERENCES dm_emp(id_emp),
            quantityordered int NOT NULL,
            priceeach float NOT NULL,
            buyprice float NOT NULL
            )
            , parameters: None
[2022-06-20 16:32:02,233] {taskinstance.py:1396} INFO - Marking task as SUCCESS. dag_id=sales, task_id=criar_Fato, execution_date=20220619T000000, start_date=20220620T193201, end_date=20220620T193202
[2022-06-20 16:32:02,306] {local_task_job.py:156} INFO - Task exited with return code 0
[2022-06-20 16:32:02,366] {local_task_job.py:273} INFO - 1 downstream tasks scheduled from follow-on schedule check
