[2022-06-17 17:12:18,778] {taskinstance.py:1160} INFO - Dependencies all met for <TaskInstance: sales.create_tables_tasks.criar_Stage_Employees scheduled__2022-06-17T20:12:03.712679+00:00 [queued]>
[2022-06-17 17:12:18,796] {taskinstance.py:1160} INFO - Dependencies all met for <TaskInstance: sales.create_tables_tasks.criar_Stage_Employees scheduled__2022-06-17T20:12:03.712679+00:00 [queued]>
[2022-06-17 17:12:18,796] {taskinstance.py:1357} INFO - 
--------------------------------------------------------------------------------
[2022-06-17 17:12:18,796] {taskinstance.py:1358} INFO - Starting attempt 1 of 1
[2022-06-17 17:12:18,796] {taskinstance.py:1359} INFO - 
--------------------------------------------------------------------------------
[2022-06-17 17:12:18,818] {taskinstance.py:1378} INFO - Executing <Task(PostgresOperator): create_tables_tasks.criar_Stage_Employees> on 2022-06-17 20:12:03.712679+00:00
[2022-06-17 17:12:18,828] {standard_task_runner.py:52} INFO - Started process 134261 to run task
[2022-06-17 17:12:18,835] {standard_task_runner.py:79} INFO - Running: ['airflow', 'tasks', 'run', 'sales', 'create_tables_tasks.criar_Stage_Employees', 'scheduled__2022-06-17T20:12:03.712679+00:00', '--job-id', '1258', '--raw', '--subdir', 'DAGS_FOLDER/dag copy.py', '--cfg-path', '/tmp/tmpyokwdxce', '--error-file', '/tmp/tmpaweq4nf6']
[2022-06-17 17:12:18,836] {standard_task_runner.py:80} INFO - Job 1258: Subtask create_tables_tasks.criar_Stage_Employees
[2022-06-17 17:12:18,934] {task_command.py:370} INFO - Running <TaskInstance: sales.create_tables_tasks.criar_Stage_Employees scheduled__2022-06-17T20:12:03.712679+00:00 [running]> on host uiliam-Vostro-15-3515
[2022-06-17 17:12:19,100] {taskinstance.py:1570} INFO - Exporting the following env vars:
AIRFLOW_CTX_DAG_OWNER=airflow
AIRFLOW_CTX_DAG_ID=sales
AIRFLOW_CTX_TASK_ID=create_tables_tasks.criar_Stage_Employees
AIRFLOW_CTX_EXECUTION_DATE=2022-06-17T20:12:03.712679+00:00
AIRFLOW_CTX_TRY_NUMBER=1
AIRFLOW_CTX_DAG_RUN_ID=scheduled__2022-06-17T20:12:03.712679+00:00
[2022-06-17 17:12:19,127] {base.py:68} INFO - Using connection ID '***_default' for task execution.
[2022-06-17 17:12:19,134] {dbapi.py:213} INFO - Running statement: 
                CREATE TABLE IF NOT EXISTS Stg_Emp (
                lastname VARCHAR(30),
                firstname VARCHAR(30),
                email VARCHAR (40),
                jobtitle VARCHAR(30)
                )
            , parameters: None
[2022-06-17 17:12:19,135] {postgres.py:94} INFO - NOTICE:  relation "stg_emp" already exists, skipping

[2022-06-17 17:12:19,168] {taskinstance.py:1396} INFO - Marking task as SUCCESS. dag_id=sales, task_id=create_tables_tasks.criar_Stage_Employees, execution_date=20220617T201203, start_date=20220617T201218, end_date=20220617T201219
[2022-06-17 17:12:19,247] {local_task_job.py:156} INFO - Task exited with return code 0
[2022-06-17 17:12:19,318] {local_task_job.py:273} INFO - 0 downstream tasks scheduled from follow-on schedule check
