[2022-06-17 17:36:30,205] {taskinstance.py:1160} INFO - Dependencies all met for <TaskInstance: sales.extract_data scheduled__2022-06-16T00:00:00+00:00 [queued]>
[2022-06-17 17:36:30,226] {taskinstance.py:1160} INFO - Dependencies all met for <TaskInstance: sales.extract_data scheduled__2022-06-16T00:00:00+00:00 [queued]>
[2022-06-17 17:36:30,226] {taskinstance.py:1357} INFO - 
--------------------------------------------------------------------------------
[2022-06-17 17:36:30,226] {taskinstance.py:1358} INFO - Starting attempt 1 of 1
[2022-06-17 17:36:30,226] {taskinstance.py:1359} INFO - 
--------------------------------------------------------------------------------
[2022-06-17 17:36:30,247] {taskinstance.py:1378} INFO - Executing <Task(PythonOperator): extract_data> on 2022-06-16 00:00:00+00:00
[2022-06-17 17:36:30,255] {standard_task_runner.py:52} INFO - Started process 146388 to run task
[2022-06-17 17:36:30,261] {standard_task_runner.py:79} INFO - Running: ['airflow', 'tasks', 'run', 'sales', 'extract_data', 'scheduled__2022-06-16T00:00:00+00:00', '--job-id', '1269', '--raw', '--subdir', 'DAGS_FOLDER/dag copy.py', '--cfg-path', '/tmp/tmp9ad6emz6', '--error-file', '/tmp/tmp5lshevdn']
[2022-06-17 17:36:30,261] {standard_task_runner.py:80} INFO - Job 1269: Subtask extract_data
[2022-06-17 17:36:30,347] {task_command.py:370} INFO - Running <TaskInstance: sales.extract_data scheduled__2022-06-16T00:00:00+00:00 [running]> on host uiliam-Vostro-15-3515
[2022-06-17 17:36:30,458] {taskinstance.py:1570} INFO - Exporting the following env vars:
AIRFLOW_CTX_DAG_OWNER=airflow
AIRFLOW_CTX_DAG_ID=sales
AIRFLOW_CTX_TASK_ID=extract_data
AIRFLOW_CTX_EXECUTION_DATE=2022-06-16T00:00:00+00:00
AIRFLOW_CTX_TRY_NUMBER=1
AIRFLOW_CTX_DAG_RUN_ID=scheduled__2022-06-16T00:00:00+00:00
[2022-06-17 17:36:30,538] {python.py:173} INFO - Done. Returned value was: (                       customername contactlastname contactfirstname             phone  ... postalcode  country salesrepemployeenumber creditlimit
0           Tekni Collectables Inc.           Brown          William        2015559350  ...      94019      USA                 1323.0     43000.0
1                 La Rochelle Gifts         Labrune          Janine         40.67.8555  ...      44000   France                 1370.0    118200.0
2    Canadian Gift Exchange Network          Tamuri           Yoshi     (604) 555-3392  ...    V3F 2K1   Canada                 1323.0     90300.0
3              Osaka Souveniers Co.         Kentary             Mory  +81 06 6342 5555  ...   530-0003    Japan                 1621.0     81200.0
4         Cramer Spezialitäten, Ltd          Cramer          Philip         0555-09555  ...      14776  Germany                    NaN         0.0
..                              ...             ...              ...               ...  ...        ...      ...                    ...         ...
117                    Royale Belge        Cartrain         Pascale   (071) 23 67 2555  ...     B-6000  Belgium                 1401.0     23500.0
118                   Mini Classics           Frick            Steve        9145554562  ...      24067      USA                 1323.0    102700.0
119     West Coast Collectables Co.        Thompson            Steve        3105553722  ...      94019      USA                 1166.0     55400.0
120            Diecast Collectables          Franco          Valarie        6175552555  ...      51003      USA                 1188.0     85100.0
121         Auto-Moto Classics Inc.          Taylor           Leslie        6175558428  ...      58339      USA                 1216.0     23000.0

[122 rows x 12 columns],                                productname       productline              productvendor                                 productdescription
0                   1964 Mercedes Tour Bus  Trucks and Buses       Unimax Art Galleries  Exact replica. 100+ parts. working steering sy...
1                    1976 Ford Gran Torino      Classic Cars       Gearbox Collectibles  Highly detailed 1976 Ford Gran Torino \"Starsk...
2    1950s Chicago Surface Lines Streetcar            Trains       Gearbox Collectibles  This streetcar is a joy to see. It has 80 sepa...
3                1957 Corvette Convertible      Classic Cars    Classic Metal Creations  1957 die cast Corvette Convertible in Roman Re...
4                          1993 Mazda RX-7      Classic Cars   Highway 66 Mini Classics  This model features, opening hood, opening doo...
..                                     ...               ...                        ...                                                ...
105                      2001 Ferrari Enzo      Classic Cars        Second Gear Diecast  Turnable front wheels; steering function; deta...
106            1992 Ferrari 360 Spider red      Classic Cars       Unimax Art Galleries  his replica features opening doors, superb det...
107                       1995 Honda Civic      Classic Cars            Min Lin Diecast  This model features, opening hood, opening doo...
108                         1958 Setra Bus  Trucks and Buses  Welly Diecast Productions  Model features 30 windows, skylights & glare r...
109   2003 Harley-Davidson Eagle Drag Bike       Motorcycles          Red Start Diecast  Model features, official Harley Davidson logos...

[110 rows x 4 columns],       orderdate requireddate shippeddate
0    2004-06-24   2004-07-01        None
1    2003-11-06   2003-11-15  2003-11-10
2    2003-11-20   2003-11-29  2003-11-25
3    2005-05-09   2005-05-20  2005-05-12
4    2004-08-20   2004-08-26  2004-08-22
..          ...          ...         ...
318  2004-05-04   2004-05-12  2004-05-09
319  2004-07-23   2004-08-02  2004-07-29
320  2004-12-16   2004-12-22  2004-12-18
321  2004-02-20   2004-02-29  2004-02-24
322  2003-06-03   2003-06-09  2003-06-06

[323 rows x 3 columns],      lastname firstname extension                            email              jobtitle
0    Thompson    Leslie     x4065   lthompson@classicmodelcars.com             Sales Rep
1      Fixter      Andy      x101     afixter@classicmodelcars.com             Sales Rep
2        Bott     Larry     x2311       lbott@classicmodelcars.com             Sales Rep
3    Castillo    Pamela     x2759   pcastillo@classicmodelcars.com             Sales Rep
4        King       Tom      x103       tking@classicmodelcars.com             Sales Rep
5       Marsh     Peter      x102      pmarsh@classicmodelcars.com             Sales Rep
6   Patterson     Steve     x4334  spatterson@classicmodelcars.com             Sales Rep
7         Bow   Anthony     x5428        abow@classicmodelcars.com    Sales Manager (NA)
8       Tseng  Foon Yue     x2248      ftseng@classicmodelcars.com             Sales Rep
9      Bondur      Loui     x6493     lbondur@classicmodelcars.com             Sales Rep
10  Hernandez    Gerard     x2028   ghernande@classicmodelcars.com             Sales Rep
11  Patterson      Mary     x4611   mpatterso@classicmodelcars.com              VP Sales
12      Jones     Barry      x102      bjones@classicmodelcars.com             Sales Rep
13      Nishi      Mami      x101      mnishi@classicmodelcars.com             Sales Rep
14  Patterson   William     x4871  wpatterson@classicmodelcars.com  Sales Manager (APAC)
15   Jennings    Leslie     x3291   ljennings@classicmodelcars.com             Sales Rep
16     Gerard    Martin     x2312     mgerard@classicmodelcars.com             Sales Rep
17     Bondur    Gerard     x5408     gbondur@classicmodelcars.com   Sale Manager (EMEA)
18   Firrelli      Jeff     x9273   jfirrelli@classicmodelcars.com          VP Marketing
19     Vanauf    George     x4102     gvanauf@classicmodelcars.com             Sales Rep
20   Firrelli     Julie     x2173   jfirrelli@classicmodelcars.com             Sales Rep
21     Murphy     Diane     x5800     dmurphy@classicmodelcars.com             President
22       Kato   Yoshimi      x102       ykato@classicmodelcars.com             Sales Rep,                            productname  buyprice                       customername  quantityordered  priceeach    status
0             Collectable Wooden Train     67.56            Dragon Souveniers, Ltd.             21.0      81.68   Shipped
1     1912 Ford Model T Delivery Wagon     46.91  Royal Canadian Collectables, Ltd.             34.0      80.54   Shipped
2             1962 Volkswagen Microbus     61.34       Mini Gifts Distributors Ltd.             20.0     126.51   Shipped
3                   1970 Dodge Coronet     32.37                    Vitachrome Inc.             25.0      49.71   Shipped
4            1969 Chevrolet Camaro Z28     50.51                 Muscle Machine Inc             44.0      83.90   Shipped
...                                ...       ...                                ...              ...        ...       ...
2990            1999 Yamaha Speed Boat     51.61              Salzburg Collectables             21.0      74.84   Shipped
2991            1928 Mercedes-Benz SSK     72.56                  Toys4GrownUps.com             32.0     140.06  Resolved
2992       1939 Chevrolet Deluxe Coupe     22.57       Mini Gifts Distributors Ltd.             39.0      31.86   Shipped
2993         American Airlines: MD-11S     36.27                       Alpha Cognac             45.0      68.11   Shipped
2994                  2002 Suzuki XREO     66.27                    Microscale Inc.             30.0     134.05   Shipped

[2995 rows x 6 columns])
[2022-06-17 17:36:30,640] {taskinstance.py:1396} INFO - Marking task as SUCCESS. dag_id=sales, task_id=extract_data, execution_date=20220616T000000, start_date=20220617T203630, end_date=20220617T203630
[2022-06-17 17:36:30,713] {local_task_job.py:156} INFO - Task exited with return code 0
[2022-06-17 17:36:30,827] {local_task_job.py:273} INFO - 1 downstream tasks scheduled from follow-on schedule check
[2022-06-17 19:44:55,858] {taskinstance.py:1160} INFO - Dependencies all met for <TaskInstance: sales.extract_data scheduled__2022-06-16T00:00:00+00:00 [queued]>
[2022-06-17 19:44:55,876] {taskinstance.py:1160} INFO - Dependencies all met for <TaskInstance: sales.extract_data scheduled__2022-06-16T00:00:00+00:00 [queued]>
[2022-06-17 19:44:55,876] {taskinstance.py:1357} INFO - 
--------------------------------------------------------------------------------
[2022-06-17 19:44:55,876] {taskinstance.py:1358} INFO - Starting attempt 1 of 1
[2022-06-17 19:44:55,876] {taskinstance.py:1359} INFO - 
--------------------------------------------------------------------------------
[2022-06-17 19:44:55,895] {taskinstance.py:1378} INFO - Executing <Task(PythonOperator): extract_data> on 2022-06-16 00:00:00+00:00
[2022-06-17 19:44:55,904] {standard_task_runner.py:52} INFO - Started process 166081 to run task
[2022-06-17 19:44:55,910] {standard_task_runner.py:79} INFO - Running: ['airflow', 'tasks', 'run', 'sales', 'extract_data', 'scheduled__2022-06-16T00:00:00+00:00', '--job-id', '1279', '--raw', '--subdir', 'DAGS_FOLDER/dag copy.py', '--cfg-path', '/tmp/tmp24bobcgr', '--error-file', '/tmp/tmp_0detrtn']
[2022-06-17 19:44:55,910] {standard_task_runner.py:80} INFO - Job 1279: Subtask extract_data
[2022-06-17 19:44:55,993] {task_command.py:370} INFO - Running <TaskInstance: sales.extract_data scheduled__2022-06-16T00:00:00+00:00 [running]> on host uiliam-Vostro-15-3515
[2022-06-17 19:44:56,107] {taskinstance.py:1570} INFO - Exporting the following env vars:
AIRFLOW_CTX_DAG_OWNER=airflow
AIRFLOW_CTX_DAG_ID=sales
AIRFLOW_CTX_TASK_ID=extract_data
AIRFLOW_CTX_EXECUTION_DATE=2022-06-16T00:00:00+00:00
AIRFLOW_CTX_TRY_NUMBER=1
AIRFLOW_CTX_DAG_RUN_ID=scheduled__2022-06-16T00:00:00+00:00
[2022-06-17 19:44:56,155] {logging_mixin.py:115} INFO -      lastname firstname extension                            email              jobtitle
0    Thompson    Leslie     x4065   lthompson@classicmodelcars.com             Sales Rep
1      Fixter      Andy      x101     afixter@classicmodelcars.com             Sales Rep
2        Bott     Larry     x2311       lbott@classicmodelcars.com             Sales Rep
3    Castillo    Pamela     x2759   pcastillo@classicmodelcars.com             Sales Rep
4        King       Tom      x103       tking@classicmodelcars.com             Sales Rep
5       Marsh     Peter      x102      pmarsh@classicmodelcars.com             Sales Rep
6   Patterson     Steve     x4334  spatterson@classicmodelcars.com             Sales Rep
7         Bow   Anthony     x5428        abow@classicmodelcars.com    Sales Manager (NA)
8       Tseng  Foon Yue     x2248      ftseng@classicmodelcars.com             Sales Rep
9      Bondur      Loui     x6493     lbondur@classicmodelcars.com             Sales Rep
10  Hernandez    Gerard     x2028   ghernande@classicmodelcars.com             Sales Rep
11  Patterson      Mary     x4611   mpatterso@classicmodelcars.com              VP Sales
12      Jones     Barry      x102      bjones@classicmodelcars.com             Sales Rep
13      Nishi      Mami      x101      mnishi@classicmodelcars.com             Sales Rep
14  Patterson   William     x4871  wpatterson@classicmodelcars.com  Sales Manager (APAC)
15   Jennings    Leslie     x3291   ljennings@classicmodelcars.com             Sales Rep
16     Gerard    Martin     x2312     mgerard@classicmodelcars.com             Sales Rep
17     Bondur    Gerard     x5408     gbondur@classicmodelcars.com   Sale Manager (EMEA)
18   Firrelli      Jeff     x9273   jfirrelli@classicmodelcars.com          VP Marketing
19     Vanauf    George     x4102     gvanauf@classicmodelcars.com             Sales Rep
20   Firrelli     Julie     x2173   jfirrelli@classicmodelcars.com             Sales Rep
21     Murphy     Diane     x5800     dmurphy@classicmodelcars.com             President
22       Kato   Yoshimi      x102       ykato@classicmodelcars.com             Sales Rep
[2022-06-17 19:44:56,198] {python.py:173} INFO - Done. Returned value was: (                       customername contactlastname contactfirstname             phone  ... postalcode  country salesrepemployeenumber creditlimit
0           Tekni Collectables Inc.           Brown          William        2015559350  ...      94019      USA                 1323.0     43000.0
1                 La Rochelle Gifts         Labrune          Janine         40.67.8555  ...      44000   France                 1370.0    118200.0
2    Canadian Gift Exchange Network          Tamuri           Yoshi     (604) 555-3392  ...    V3F 2K1   Canada                 1323.0     90300.0
3              Osaka Souveniers Co.         Kentary             Mory  +81 06 6342 5555  ...   530-0003    Japan                 1621.0     81200.0
4         Cramer Spezialitäten, Ltd          Cramer          Philip         0555-09555  ...      14776  Germany                    NaN         0.0
..                              ...             ...              ...               ...  ...        ...      ...                    ...         ...
117                    Royale Belge        Cartrain         Pascale   (071) 23 67 2555  ...     B-6000  Belgium                 1401.0     23500.0
118                   Mini Classics           Frick            Steve        9145554562  ...      24067      USA                 1323.0    102700.0
119     West Coast Collectables Co.        Thompson            Steve        3105553722  ...      94019      USA                 1166.0     55400.0
120            Diecast Collectables          Franco          Valarie        6175552555  ...      51003      USA                 1188.0     85100.0
121         Auto-Moto Classics Inc.          Taylor           Leslie        6175558428  ...      58339      USA                 1216.0     23000.0

[122 rows x 12 columns],                                productname       productline              productvendor                                 productdescription
0                   1964 Mercedes Tour Bus  Trucks and Buses       Unimax Art Galleries  Exact replica. 100+ parts. working steering sy...
1                    1976 Ford Gran Torino      Classic Cars       Gearbox Collectibles  Highly detailed 1976 Ford Gran Torino \"Starsk...
2    1950s Chicago Surface Lines Streetcar            Trains       Gearbox Collectibles  This streetcar is a joy to see. It has 80 sepa...
3                1957 Corvette Convertible      Classic Cars    Classic Metal Creations  1957 die cast Corvette Convertible in Roman Re...
4                          1993 Mazda RX-7      Classic Cars   Highway 66 Mini Classics  This model features, opening hood, opening doo...
..                                     ...               ...                        ...                                                ...
105                      2001 Ferrari Enzo      Classic Cars        Second Gear Diecast  Turnable front wheels; steering function; deta...
106            1992 Ferrari 360 Spider red      Classic Cars       Unimax Art Galleries  his replica features opening doors, superb det...
107                       1995 Honda Civic      Classic Cars            Min Lin Diecast  This model features, opening hood, opening doo...
108                         1958 Setra Bus  Trucks and Buses  Welly Diecast Productions  Model features 30 windows, skylights & glare r...
109   2003 Harley-Davidson Eagle Drag Bike       Motorcycles          Red Start Diecast  Model features, official Harley Davidson logos...

[110 rows x 4 columns],       orderdate requireddate shippeddate
0    2004-06-24   2004-07-01        None
1    2003-11-06   2003-11-15  2003-11-10
2    2003-11-20   2003-11-29  2003-11-25
3    2005-05-09   2005-05-20  2005-05-12
4    2004-08-20   2004-08-26  2004-08-22
..          ...          ...         ...
318  2004-05-04   2004-05-12  2004-05-09
319  2004-07-23   2004-08-02  2004-07-29
320  2004-12-16   2004-12-22  2004-12-18
321  2004-02-20   2004-02-29  2004-02-24
322  2003-06-03   2003-06-09  2003-06-06

[323 rows x 3 columns],      lastname firstname extension                            email              jobtitle
0    Thompson    Leslie     x4065   lthompson@classicmodelcars.com             Sales Rep
1      Fixter      Andy      x101     afixter@classicmodelcars.com             Sales Rep
2        Bott     Larry     x2311       lbott@classicmodelcars.com             Sales Rep
3    Castillo    Pamela     x2759   pcastillo@classicmodelcars.com             Sales Rep
4        King       Tom      x103       tking@classicmodelcars.com             Sales Rep
5       Marsh     Peter      x102      pmarsh@classicmodelcars.com             Sales Rep
6   Patterson     Steve     x4334  spatterson@classicmodelcars.com             Sales Rep
7         Bow   Anthony     x5428        abow@classicmodelcars.com    Sales Manager (NA)
8       Tseng  Foon Yue     x2248      ftseng@classicmodelcars.com             Sales Rep
9      Bondur      Loui     x6493     lbondur@classicmodelcars.com             Sales Rep
10  Hernandez    Gerard     x2028   ghernande@classicmodelcars.com             Sales Rep
11  Patterson      Mary     x4611   mpatterso@classicmodelcars.com              VP Sales
12      Jones     Barry      x102      bjones@classicmodelcars.com             Sales Rep
13      Nishi      Mami      x101      mnishi@classicmodelcars.com             Sales Rep
14  Patterson   William     x4871  wpatterson@classicmodelcars.com  Sales Manager (APAC)
15   Jennings    Leslie     x3291   ljennings@classicmodelcars.com             Sales Rep
16     Gerard    Martin     x2312     mgerard@classicmodelcars.com             Sales Rep
17     Bondur    Gerard     x5408     gbondur@classicmodelcars.com   Sale Manager (EMEA)
18   Firrelli      Jeff     x9273   jfirrelli@classicmodelcars.com          VP Marketing
19     Vanauf    George     x4102     gvanauf@classicmodelcars.com             Sales Rep
20   Firrelli     Julie     x2173   jfirrelli@classicmodelcars.com             Sales Rep
21     Murphy     Diane     x5800     dmurphy@classicmodelcars.com             President
22       Kato   Yoshimi      x102       ykato@classicmodelcars.com             Sales Rep,                             customername                                productname   orderdate requireddate  lastname  quantityordered  priceeach  buyprice
0                     Signal Gift Stores  1938 Cadillac V-16 Presidential Limousine  2003-05-21   2003-05-29  Thompson             22.0      36.29     20.61
1                      Auto Canal+ Petit        1936 Harley Davidson El Knucklehead  2005-04-07   2005-04-14    Bondur             55.0      58.15     24.23
2                 Saveley & Henriot, Co.                          1903 Ford Model A  2004-01-02   2004-01-11    Bondur             24.0     117.47     68.30
3                     Enaco Distributors                      The Schooner Bluenose  2003-11-26   2003-12-02    Gerard             23.0      60.00     34.00
4                Dragon Souveniers, Ltd.                1954 Greyhound Scenicruiser  2003-10-22   2003-10-31     Nishi             48.0      50.86     25.98
...                                  ...                                        ...         ...          ...       ...              ...        ...       ...
2992                Classic Legends Inc.                        1972 Alfa Romeo GTA  2004-11-21   2004-11-30     Tseng             25.0     131.92     85.68
2993  Bavarian Collectables Imports, Co.                         F/A 18 Hornet 1/72  2004-09-15   2004-09-22     Jones             22.0      74.40     54.40
2994                Classic Legends Inc.                1913 Ford Model T Speedster  2003-10-20   2003-10-27     Tseng             31.0     101.31     60.78
2995                  Muscle Machine Inc               1999 Indy 500 Monte Carlo SS  2003-12-02   2003-12-10     Tseng             27.0     106.92     56.76
2996        Québec Home Shopping Network                                 Pont Yacht  2004-06-17   2004-06-25     Tseng             29.0      43.68     33.30

[2997 rows x 8 columns])
[2022-06-17 19:44:56,325] {taskinstance.py:1396} INFO - Marking task as SUCCESS. dag_id=sales, task_id=extract_data, execution_date=20220616T000000, start_date=20220617T224455, end_date=20220617T224456
[2022-06-17 19:44:56,361] {local_task_job.py:156} INFO - Task exited with return code 0
[2022-06-17 19:44:56,452] {local_task_job.py:273} INFO - 1 downstream tasks scheduled from follow-on schedule check
[2022-06-17 19:46:37,439] {taskinstance.py:1160} INFO - Dependencies all met for <TaskInstance: sales.extract_data scheduled__2022-06-16T00:00:00+00:00 [queued]>
[2022-06-17 19:46:37,482] {taskinstance.py:1160} INFO - Dependencies all met for <TaskInstance: sales.extract_data scheduled__2022-06-16T00:00:00+00:00 [queued]>
[2022-06-17 19:46:37,483] {taskinstance.py:1357} INFO - 
--------------------------------------------------------------------------------
[2022-06-17 19:46:37,483] {taskinstance.py:1358} INFO - Starting attempt 1 of 1
[2022-06-17 19:46:37,483] {taskinstance.py:1359} INFO - 
--------------------------------------------------------------------------------
[2022-06-17 19:46:37,535] {taskinstance.py:1378} INFO - Executing <Task(PythonOperator): extract_data> on 2022-06-16 00:00:00+00:00
[2022-06-17 19:46:37,554] {standard_task_runner.py:52} INFO - Started process 167444 to run task
[2022-06-17 19:46:37,560] {standard_task_runner.py:79} INFO - Running: ['airflow', 'tasks', 'run', 'sales', 'extract_data', 'scheduled__2022-06-16T00:00:00+00:00', '--job-id', '1292', '--raw', '--subdir', 'DAGS_FOLDER/dag copy.py', '--cfg-path', '/tmp/tmpvf58ydgc', '--error-file', '/tmp/tmp02rbdej9']
[2022-06-17 19:46:37,561] {standard_task_runner.py:80} INFO - Job 1292: Subtask extract_data
[2022-06-17 19:46:37,650] {task_command.py:370} INFO - Running <TaskInstance: sales.extract_data scheduled__2022-06-16T00:00:00+00:00 [running]> on host uiliam-Vostro-15-3515
[2022-06-17 19:46:37,788] {taskinstance.py:1570} INFO - Exporting the following env vars:
AIRFLOW_CTX_DAG_OWNER=airflow
AIRFLOW_CTX_DAG_ID=sales
AIRFLOW_CTX_TASK_ID=extract_data
AIRFLOW_CTX_EXECUTION_DATE=2022-06-16T00:00:00+00:00
AIRFLOW_CTX_TRY_NUMBER=1
AIRFLOW_CTX_DAG_RUN_ID=scheduled__2022-06-16T00:00:00+00:00
[2022-06-17 19:46:37,845] {logging_mixin.py:115} INFO -      lastname firstname extension                            email              jobtitle
0    Thompson    Leslie     x4065   lthompson@classicmodelcars.com             Sales Rep
1      Fixter      Andy      x101     afixter@classicmodelcars.com             Sales Rep
2        Bott     Larry     x2311       lbott@classicmodelcars.com             Sales Rep
3    Castillo    Pamela     x2759   pcastillo@classicmodelcars.com             Sales Rep
4        King       Tom      x103       tking@classicmodelcars.com             Sales Rep
5       Marsh     Peter      x102      pmarsh@classicmodelcars.com             Sales Rep
6   Patterson     Steve     x4334  spatterson@classicmodelcars.com             Sales Rep
7         Bow   Anthony     x5428        abow@classicmodelcars.com    Sales Manager (NA)
8       Tseng  Foon Yue     x2248      ftseng@classicmodelcars.com             Sales Rep
9      Bondur      Loui     x6493     lbondur@classicmodelcars.com             Sales Rep
10  Hernandez    Gerard     x2028   ghernande@classicmodelcars.com             Sales Rep
11  Patterson      Mary     x4611   mpatterso@classicmodelcars.com              VP Sales
12      Jones     Barry      x102      bjones@classicmodelcars.com             Sales Rep
13      Nishi      Mami      x101      mnishi@classicmodelcars.com             Sales Rep
14  Patterson   William     x4871  wpatterson@classicmodelcars.com  Sales Manager (APAC)
15   Jennings    Leslie     x3291   ljennings@classicmodelcars.com             Sales Rep
16     Gerard    Martin     x2312     mgerard@classicmodelcars.com             Sales Rep
17     Bondur    Gerard     x5408     gbondur@classicmodelcars.com   Sale Manager (EMEA)
18   Firrelli      Jeff     x9273   jfirrelli@classicmodelcars.com          VP Marketing
19     Vanauf    George     x4102     gvanauf@classicmodelcars.com             Sales Rep
20   Firrelli     Julie     x2173   jfirrelli@classicmodelcars.com             Sales Rep
21     Murphy     Diane     x5800     dmurphy@classicmodelcars.com             President
22       Kato   Yoshimi      x102       ykato@classicmodelcars.com             Sales Rep
[2022-06-17 19:46:37,900] {python.py:173} INFO - Done. Returned value was: (                       customername contactlastname contactfirstname             phone  ... postalcode  country salesrepemployeenumber creditlimit
0           Tekni Collectables Inc.           Brown          William        2015559350  ...      94019      USA                 1323.0     43000.0
1                 La Rochelle Gifts         Labrune          Janine         40.67.8555  ...      44000   France                 1370.0    118200.0
2    Canadian Gift Exchange Network          Tamuri           Yoshi     (604) 555-3392  ...    V3F 2K1   Canada                 1323.0     90300.0
3              Osaka Souveniers Co.         Kentary             Mory  +81 06 6342 5555  ...   530-0003    Japan                 1621.0     81200.0
4         Cramer Spezialitäten, Ltd          Cramer          Philip         0555-09555  ...      14776  Germany                    NaN         0.0
..                              ...             ...              ...               ...  ...        ...      ...                    ...         ...
117                    Royale Belge        Cartrain         Pascale   (071) 23 67 2555  ...     B-6000  Belgium                 1401.0     23500.0
118                   Mini Classics           Frick            Steve        9145554562  ...      24067      USA                 1323.0    102700.0
119     West Coast Collectables Co.        Thompson            Steve        3105553722  ...      94019      USA                 1166.0     55400.0
120            Diecast Collectables          Franco          Valarie        6175552555  ...      51003      USA                 1188.0     85100.0
121         Auto-Moto Classics Inc.          Taylor           Leslie        6175558428  ...      58339      USA                 1216.0     23000.0

[122 rows x 12 columns],                                productname       productline              productvendor                                 productdescription
0                   1964 Mercedes Tour Bus  Trucks and Buses       Unimax Art Galleries  Exact replica. 100+ parts. working steering sy...
1                    1976 Ford Gran Torino      Classic Cars       Gearbox Collectibles  Highly detailed 1976 Ford Gran Torino \"Starsk...
2    1950s Chicago Surface Lines Streetcar            Trains       Gearbox Collectibles  This streetcar is a joy to see. It has 80 sepa...
3                1957 Corvette Convertible      Classic Cars    Classic Metal Creations  1957 die cast Corvette Convertible in Roman Re...
4                          1993 Mazda RX-7      Classic Cars   Highway 66 Mini Classics  This model features, opening hood, opening doo...
..                                     ...               ...                        ...                                                ...
105                      2001 Ferrari Enzo      Classic Cars        Second Gear Diecast  Turnable front wheels; steering function; deta...
106            1992 Ferrari 360 Spider red      Classic Cars       Unimax Art Galleries  his replica features opening doors, superb det...
107                       1995 Honda Civic      Classic Cars            Min Lin Diecast  This model features, opening hood, opening doo...
108                         1958 Setra Bus  Trucks and Buses  Welly Diecast Productions  Model features 30 windows, skylights & glare r...
109   2003 Harley-Davidson Eagle Drag Bike       Motorcycles          Red Start Diecast  Model features, official Harley Davidson logos...

[110 rows x 4 columns],       orderdate requireddate shippeddate
0    2004-06-24   2004-07-01        None
1    2003-11-06   2003-11-15  2003-11-10
2    2003-11-20   2003-11-29  2003-11-25
3    2005-05-09   2005-05-20  2005-05-12
4    2004-08-20   2004-08-26  2004-08-22
..          ...          ...         ...
318  2004-05-04   2004-05-12  2004-05-09
319  2004-07-23   2004-08-02  2004-07-29
320  2004-12-16   2004-12-22  2004-12-18
321  2004-02-20   2004-02-29  2004-02-24
322  2003-06-03   2003-06-09  2003-06-06

[323 rows x 3 columns],      lastname firstname extension                            email              jobtitle
0    Thompson    Leslie     x4065   lthompson@classicmodelcars.com             Sales Rep
1      Fixter      Andy      x101     afixter@classicmodelcars.com             Sales Rep
2        Bott     Larry     x2311       lbott@classicmodelcars.com             Sales Rep
3    Castillo    Pamela     x2759   pcastillo@classicmodelcars.com             Sales Rep
4        King       Tom      x103       tking@classicmodelcars.com             Sales Rep
5       Marsh     Peter      x102      pmarsh@classicmodelcars.com             Sales Rep
6   Patterson     Steve     x4334  spatterson@classicmodelcars.com             Sales Rep
7         Bow   Anthony     x5428        abow@classicmodelcars.com    Sales Manager (NA)
8       Tseng  Foon Yue     x2248      ftseng@classicmodelcars.com             Sales Rep
9      Bondur      Loui     x6493     lbondur@classicmodelcars.com             Sales Rep
10  Hernandez    Gerard     x2028   ghernande@classicmodelcars.com             Sales Rep
11  Patterson      Mary     x4611   mpatterso@classicmodelcars.com              VP Sales
12      Jones     Barry      x102      bjones@classicmodelcars.com             Sales Rep
13      Nishi      Mami      x101      mnishi@classicmodelcars.com             Sales Rep
14  Patterson   William     x4871  wpatterson@classicmodelcars.com  Sales Manager (APAC)
15   Jennings    Leslie     x3291   ljennings@classicmodelcars.com             Sales Rep
16     Gerard    Martin     x2312     mgerard@classicmodelcars.com             Sales Rep
17     Bondur    Gerard     x5408     gbondur@classicmodelcars.com   Sale Manager (EMEA)
18   Firrelli      Jeff     x9273   jfirrelli@classicmodelcars.com          VP Marketing
19     Vanauf    George     x4102     gvanauf@classicmodelcars.com             Sales Rep
20   Firrelli     Julie     x2173   jfirrelli@classicmodelcars.com             Sales Rep
21     Murphy     Diane     x5800     dmurphy@classicmodelcars.com             President
22       Kato   Yoshimi      x102       ykato@classicmodelcars.com             Sales Rep,                             customername                                productname   orderdate requireddate  lastname  quantityordered  priceeach  buyprice
0                     Signal Gift Stores  1938 Cadillac V-16 Presidential Limousine  2003-05-21   2003-05-29  Thompson             22.0      36.29     20.61
1                      Auto Canal+ Petit        1936 Harley Davidson El Knucklehead  2005-04-07   2005-04-14    Bondur             55.0      58.15     24.23
2                 Saveley & Henriot, Co.                          1903 Ford Model A  2004-01-02   2004-01-11    Bondur             24.0     117.47     68.30
3                     Enaco Distributors                      The Schooner Bluenose  2003-11-26   2003-12-02    Gerard             23.0      60.00     34.00
4                Dragon Souveniers, Ltd.                1954 Greyhound Scenicruiser  2003-10-22   2003-10-31     Nishi             48.0      50.86     25.98
...                                  ...                                        ...         ...          ...       ...              ...        ...       ...
2992                Classic Legends Inc.                        1972 Alfa Romeo GTA  2004-11-21   2004-11-30     Tseng             25.0     131.92     85.68
2993  Bavarian Collectables Imports, Co.                         F/A 18 Hornet 1/72  2004-09-15   2004-09-22     Jones             22.0      74.40     54.40
2994                Classic Legends Inc.                1913 Ford Model T Speedster  2003-10-20   2003-10-27     Tseng             31.0     101.31     60.78
2995                  Muscle Machine Inc               1999 Indy 500 Monte Carlo SS  2003-12-02   2003-12-10     Tseng             27.0     106.92     56.76
2996        Québec Home Shopping Network                                 Pont Yacht  2004-06-17   2004-06-25     Tseng             29.0      43.68     33.30

[2997 rows x 8 columns])
[2022-06-17 19:46:38,016] {taskinstance.py:1396} INFO - Marking task as SUCCESS. dag_id=sales, task_id=extract_data, execution_date=20220616T000000, start_date=20220617T224637, end_date=20220617T224638
[2022-06-17 19:46:38,094] {local_task_job.py:156} INFO - Task exited with return code 0
[2022-06-17 19:46:38,187] {local_task_job.py:273} INFO - 1 downstream tasks scheduled from follow-on schedule check
[2022-06-17 19:49:46,389] {taskinstance.py:1160} INFO - Dependencies all met for <TaskInstance: sales.extract_data scheduled__2022-06-16T00:00:00+00:00 [queued]>
[2022-06-17 19:49:46,414] {taskinstance.py:1160} INFO - Dependencies all met for <TaskInstance: sales.extract_data scheduled__2022-06-16T00:00:00+00:00 [queued]>
[2022-06-17 19:49:46,414] {taskinstance.py:1357} INFO - 
--------------------------------------------------------------------------------
[2022-06-17 19:49:46,414] {taskinstance.py:1358} INFO - Starting attempt 1 of 1
[2022-06-17 19:49:46,414] {taskinstance.py:1359} INFO - 
--------------------------------------------------------------------------------
[2022-06-17 19:49:46,442] {taskinstance.py:1378} INFO - Executing <Task(PythonOperator): extract_data> on 2022-06-16 00:00:00+00:00
[2022-06-17 19:49:46,454] {standard_task_runner.py:52} INFO - Started process 169175 to run task
[2022-06-17 19:49:46,460] {standard_task_runner.py:79} INFO - Running: ['airflow', 'tasks', 'run', 'sales', 'extract_data', 'scheduled__2022-06-16T00:00:00+00:00', '--job-id', '1307', '--raw', '--subdir', 'DAGS_FOLDER/dag copy.py', '--cfg-path', '/tmp/tmpx0f2jh9l', '--error-file', '/tmp/tmpvjcvijg_']
[2022-06-17 19:49:46,460] {standard_task_runner.py:80} INFO - Job 1307: Subtask extract_data
[2022-06-17 19:49:46,560] {task_command.py:370} INFO - Running <TaskInstance: sales.extract_data scheduled__2022-06-16T00:00:00+00:00 [running]> on host uiliam-Vostro-15-3515
[2022-06-17 19:49:46,680] {taskinstance.py:1570} INFO - Exporting the following env vars:
AIRFLOW_CTX_DAG_OWNER=airflow
AIRFLOW_CTX_DAG_ID=sales
AIRFLOW_CTX_TASK_ID=extract_data
AIRFLOW_CTX_EXECUTION_DATE=2022-06-16T00:00:00+00:00
AIRFLOW_CTX_TRY_NUMBER=1
AIRFLOW_CTX_DAG_RUN_ID=scheduled__2022-06-16T00:00:00+00:00
[2022-06-17 19:49:46,759] {logging_mixin.py:115} INFO -      lastname firstname extension                            email              jobtitle
0    Thompson    Leslie     x4065   lthompson@classicmodelcars.com             Sales Rep
1      Fixter      Andy      x101     afixter@classicmodelcars.com             Sales Rep
2        Bott     Larry     x2311       lbott@classicmodelcars.com             Sales Rep
3    Castillo    Pamela     x2759   pcastillo@classicmodelcars.com             Sales Rep
4        King       Tom      x103       tking@classicmodelcars.com             Sales Rep
5       Marsh     Peter      x102      pmarsh@classicmodelcars.com             Sales Rep
6   Patterson     Steve     x4334  spatterson@classicmodelcars.com             Sales Rep
7         Bow   Anthony     x5428        abow@classicmodelcars.com    Sales Manager (NA)
8       Tseng  Foon Yue     x2248      ftseng@classicmodelcars.com             Sales Rep
9      Bondur      Loui     x6493     lbondur@classicmodelcars.com             Sales Rep
10  Hernandez    Gerard     x2028   ghernande@classicmodelcars.com             Sales Rep
11  Patterson      Mary     x4611   mpatterso@classicmodelcars.com              VP Sales
12      Jones     Barry      x102      bjones@classicmodelcars.com             Sales Rep
13      Nishi      Mami      x101      mnishi@classicmodelcars.com             Sales Rep
14  Patterson   William     x4871  wpatterson@classicmodelcars.com  Sales Manager (APAC)
15   Jennings    Leslie     x3291   ljennings@classicmodelcars.com             Sales Rep
16     Gerard    Martin     x2312     mgerard@classicmodelcars.com             Sales Rep
17     Bondur    Gerard     x5408     gbondur@classicmodelcars.com   Sale Manager (EMEA)
18   Firrelli      Jeff     x9273   jfirrelli@classicmodelcars.com          VP Marketing
19     Vanauf    George     x4102     gvanauf@classicmodelcars.com             Sales Rep
20   Firrelli     Julie     x2173   jfirrelli@classicmodelcars.com             Sales Rep
21     Murphy     Diane     x5800     dmurphy@classicmodelcars.com             President
22       Kato   Yoshimi      x102       ykato@classicmodelcars.com             Sales Rep
[2022-06-17 19:49:46,819] {python.py:173} INFO - Done. Returned value was: (                       customername contactlastname contactfirstname             phone  ... postalcode  country salesrepemployeenumber creditlimit
0           Tekni Collectables Inc.           Brown          William        2015559350  ...      94019      USA                 1323.0     43000.0
1                 La Rochelle Gifts         Labrune          Janine         40.67.8555  ...      44000   France                 1370.0    118200.0
2    Canadian Gift Exchange Network          Tamuri           Yoshi     (604) 555-3392  ...    V3F 2K1   Canada                 1323.0     90300.0
3              Osaka Souveniers Co.         Kentary             Mory  +81 06 6342 5555  ...   530-0003    Japan                 1621.0     81200.0
4         Cramer Spezialitäten, Ltd          Cramer          Philip         0555-09555  ...      14776  Germany                    NaN         0.0
..                              ...             ...              ...               ...  ...        ...      ...                    ...         ...
117                    Royale Belge        Cartrain         Pascale   (071) 23 67 2555  ...     B-6000  Belgium                 1401.0     23500.0
118                   Mini Classics           Frick            Steve        9145554562  ...      24067      USA                 1323.0    102700.0
119     West Coast Collectables Co.        Thompson            Steve        3105553722  ...      94019      USA                 1166.0     55400.0
120            Diecast Collectables          Franco          Valarie        6175552555  ...      51003      USA                 1188.0     85100.0
121         Auto-Moto Classics Inc.          Taylor           Leslie        6175558428  ...      58339      USA                 1216.0     23000.0

[122 rows x 12 columns],                                productname       productline              productvendor                                 productdescription
0                   1964 Mercedes Tour Bus  Trucks and Buses       Unimax Art Galleries  Exact replica. 100+ parts. working steering sy...
1                    1976 Ford Gran Torino      Classic Cars       Gearbox Collectibles  Highly detailed 1976 Ford Gran Torino \"Starsk...
2    1950s Chicago Surface Lines Streetcar            Trains       Gearbox Collectibles  This streetcar is a joy to see. It has 80 sepa...
3                1957 Corvette Convertible      Classic Cars    Classic Metal Creations  1957 die cast Corvette Convertible in Roman Re...
4                          1993 Mazda RX-7      Classic Cars   Highway 66 Mini Classics  This model features, opening hood, opening doo...
..                                     ...               ...                        ...                                                ...
105                      2001 Ferrari Enzo      Classic Cars        Second Gear Diecast  Turnable front wheels; steering function; deta...
106            1992 Ferrari 360 Spider red      Classic Cars       Unimax Art Galleries  his replica features opening doors, superb det...
107                       1995 Honda Civic      Classic Cars            Min Lin Diecast  This model features, opening hood, opening doo...
108                         1958 Setra Bus  Trucks and Buses  Welly Diecast Productions  Model features 30 windows, skylights & glare r...
109   2003 Harley-Davidson Eagle Drag Bike       Motorcycles          Red Start Diecast  Model features, official Harley Davidson logos...

[110 rows x 4 columns],       orderdate requireddate shippeddate
0    2004-06-24   2004-07-01        None
1    2003-11-06   2003-11-15  2003-11-10
2    2003-11-20   2003-11-29  2003-11-25
3    2005-05-09   2005-05-20  2005-05-12
4    2004-08-20   2004-08-26  2004-08-22
..          ...          ...         ...
318  2004-05-04   2004-05-12  2004-05-09
319  2004-07-23   2004-08-02  2004-07-29
320  2004-12-16   2004-12-22  2004-12-18
321  2004-02-20   2004-02-29  2004-02-24
322  2003-06-03   2003-06-09  2003-06-06

[323 rows x 3 columns],      lastname firstname extension                            email              jobtitle
0    Thompson    Leslie     x4065   lthompson@classicmodelcars.com             Sales Rep
1      Fixter      Andy      x101     afixter@classicmodelcars.com             Sales Rep
2        Bott     Larry     x2311       lbott@classicmodelcars.com             Sales Rep
3    Castillo    Pamela     x2759   pcastillo@classicmodelcars.com             Sales Rep
4        King       Tom      x103       tking@classicmodelcars.com             Sales Rep
5       Marsh     Peter      x102      pmarsh@classicmodelcars.com             Sales Rep
6   Patterson     Steve     x4334  spatterson@classicmodelcars.com             Sales Rep
7         Bow   Anthony     x5428        abow@classicmodelcars.com    Sales Manager (NA)
8       Tseng  Foon Yue     x2248      ftseng@classicmodelcars.com             Sales Rep
9      Bondur      Loui     x6493     lbondur@classicmodelcars.com             Sales Rep
10  Hernandez    Gerard     x2028   ghernande@classicmodelcars.com             Sales Rep
11  Patterson      Mary     x4611   mpatterso@classicmodelcars.com              VP Sales
12      Jones     Barry      x102      bjones@classicmodelcars.com             Sales Rep
13      Nishi      Mami      x101      mnishi@classicmodelcars.com             Sales Rep
14  Patterson   William     x4871  wpatterson@classicmodelcars.com  Sales Manager (APAC)
15   Jennings    Leslie     x3291   ljennings@classicmodelcars.com             Sales Rep
16     Gerard    Martin     x2312     mgerard@classicmodelcars.com             Sales Rep
17     Bondur    Gerard     x5408     gbondur@classicmodelcars.com   Sale Manager (EMEA)
18   Firrelli      Jeff     x9273   jfirrelli@classicmodelcars.com          VP Marketing
19     Vanauf    George     x4102     gvanauf@classicmodelcars.com             Sales Rep
20   Firrelli     Julie     x2173   jfirrelli@classicmodelcars.com             Sales Rep
21     Murphy     Diane     x5800     dmurphy@classicmodelcars.com             President
22       Kato   Yoshimi      x102       ykato@classicmodelcars.com             Sales Rep,                             customername                                productname   orderdate requireddate  lastname  quantityordered  priceeach  buyprice
0                     Signal Gift Stores  1938 Cadillac V-16 Presidential Limousine  2003-05-21   2003-05-29  Thompson             22.0      36.29     20.61
1                      Auto Canal+ Petit        1936 Harley Davidson El Knucklehead  2005-04-07   2005-04-14    Bondur             55.0      58.15     24.23
2                 Saveley & Henriot, Co.                          1903 Ford Model A  2004-01-02   2004-01-11    Bondur             24.0     117.47     68.30
3                     Enaco Distributors                      The Schooner Bluenose  2003-11-26   2003-12-02    Gerard             23.0      60.00     34.00
4                Dragon Souveniers, Ltd.                1954 Greyhound Scenicruiser  2003-10-22   2003-10-31     Nishi             48.0      50.86     25.98
...                                  ...                                        ...         ...          ...       ...              ...        ...       ...
2992                Classic Legends Inc.                        1972 Alfa Romeo GTA  2004-11-21   2004-11-30     Tseng             25.0     131.92     85.68
2993  Bavarian Collectables Imports, Co.                         F/A 18 Hornet 1/72  2004-09-15   2004-09-22     Jones             22.0      74.40     54.40
2994                Classic Legends Inc.                1913 Ford Model T Speedster  2003-10-20   2003-10-27     Tseng             31.0     101.31     60.78
2995                  Muscle Machine Inc               1999 Indy 500 Monte Carlo SS  2003-12-02   2003-12-10     Tseng             27.0     106.92     56.76
2996        Québec Home Shopping Network                                 Pont Yacht  2004-06-17   2004-06-25     Tseng             29.0      43.68     33.30

[2997 rows x 8 columns])
[2022-06-17 19:49:46,965] {taskinstance.py:1396} INFO - Marking task as SUCCESS. dag_id=sales, task_id=extract_data, execution_date=20220616T000000, start_date=20220617T224946, end_date=20220617T224946
[2022-06-17 19:49:47,034] {local_task_job.py:156} INFO - Task exited with return code 0
[2022-06-17 19:49:47,121] {local_task_job.py:273} INFO - 1 downstream tasks scheduled from follow-on schedule check
[2022-06-17 20:02:26,313] {taskinstance.py:1160} INFO - Dependencies all met for <TaskInstance: sales.extract_data scheduled__2022-06-16T00:00:00+00:00 [queued]>
[2022-06-17 20:02:26,333] {taskinstance.py:1160} INFO - Dependencies all met for <TaskInstance: sales.extract_data scheduled__2022-06-16T00:00:00+00:00 [queued]>
[2022-06-17 20:02:26,333] {taskinstance.py:1357} INFO - 
--------------------------------------------------------------------------------
[2022-06-17 20:02:26,333] {taskinstance.py:1358} INFO - Starting attempt 1 of 1
[2022-06-17 20:02:26,333] {taskinstance.py:1359} INFO - 
--------------------------------------------------------------------------------
[2022-06-17 20:02:26,353] {taskinstance.py:1378} INFO - Executing <Task(PythonOperator): extract_data> on 2022-06-16 00:00:00+00:00
[2022-06-17 20:02:26,360] {standard_task_runner.py:52} INFO - Started process 172840 to run task
[2022-06-17 20:02:26,365] {standard_task_runner.py:79} INFO - Running: ['airflow', 'tasks', 'run', 'sales', 'extract_data', 'scheduled__2022-06-16T00:00:00+00:00', '--job-id', '1322', '--raw', '--subdir', 'DAGS_FOLDER/dag copy.py', '--cfg-path', '/tmp/tmpyik0rnbl', '--error-file', '/tmp/tmppd_zgyq6']
[2022-06-17 20:02:26,366] {standard_task_runner.py:80} INFO - Job 1322: Subtask extract_data
[2022-06-17 20:02:26,440] {task_command.py:370} INFO - Running <TaskInstance: sales.extract_data scheduled__2022-06-16T00:00:00+00:00 [running]> on host uiliam-Vostro-15-3515
[2022-06-17 20:02:26,545] {taskinstance.py:1570} INFO - Exporting the following env vars:
AIRFLOW_CTX_DAG_OWNER=airflow
AIRFLOW_CTX_DAG_ID=sales
AIRFLOW_CTX_TASK_ID=extract_data
AIRFLOW_CTX_EXECUTION_DATE=2022-06-16T00:00:00+00:00
AIRFLOW_CTX_TRY_NUMBER=1
AIRFLOW_CTX_DAG_RUN_ID=scheduled__2022-06-16T00:00:00+00:00
[2022-06-17 20:02:26,598] {logging_mixin.py:115} INFO -      lastname firstname extension                            email              jobtitle
0    Thompson    Leslie     x4065   lthompson@classicmodelcars.com             Sales Rep
1      Fixter      Andy      x101     afixter@classicmodelcars.com             Sales Rep
2        Bott     Larry     x2311       lbott@classicmodelcars.com             Sales Rep
3    Castillo    Pamela     x2759   pcastillo@classicmodelcars.com             Sales Rep
4        King       Tom      x103       tking@classicmodelcars.com             Sales Rep
5       Marsh     Peter      x102      pmarsh@classicmodelcars.com             Sales Rep
6   Patterson     Steve     x4334  spatterson@classicmodelcars.com             Sales Rep
7         Bow   Anthony     x5428        abow@classicmodelcars.com    Sales Manager (NA)
8       Tseng  Foon Yue     x2248      ftseng@classicmodelcars.com             Sales Rep
9      Bondur      Loui     x6493     lbondur@classicmodelcars.com             Sales Rep
10  Hernandez    Gerard     x2028   ghernande@classicmodelcars.com             Sales Rep
11  Patterson      Mary     x4611   mpatterso@classicmodelcars.com              VP Sales
12      Jones     Barry      x102      bjones@classicmodelcars.com             Sales Rep
13      Nishi      Mami      x101      mnishi@classicmodelcars.com             Sales Rep
14  Patterson   William     x4871  wpatterson@classicmodelcars.com  Sales Manager (APAC)
15   Jennings    Leslie     x3291   ljennings@classicmodelcars.com             Sales Rep
16     Gerard    Martin     x2312     mgerard@classicmodelcars.com             Sales Rep
17     Bondur    Gerard     x5408     gbondur@classicmodelcars.com   Sale Manager (EMEA)
18   Firrelli      Jeff     x9273   jfirrelli@classicmodelcars.com          VP Marketing
19     Vanauf    George     x4102     gvanauf@classicmodelcars.com             Sales Rep
20   Firrelli     Julie     x2173   jfirrelli@classicmodelcars.com             Sales Rep
21     Murphy     Diane     x5800     dmurphy@classicmodelcars.com             President
22       Kato   Yoshimi      x102       ykato@classicmodelcars.com             Sales Rep
[2022-06-17 20:02:26,639] {python.py:173} INFO - Done. Returned value was: (                       customername contactlastname contactfirstname             phone  ... postalcode  country salesrepemployeenumber creditlimit
0           Tekni Collectables Inc.           Brown          William        2015559350  ...      94019      USA                 1323.0     43000.0
1                 La Rochelle Gifts         Labrune          Janine         40.67.8555  ...      44000   France                 1370.0    118200.0
2    Canadian Gift Exchange Network          Tamuri           Yoshi     (604) 555-3392  ...    V3F 2K1   Canada                 1323.0     90300.0
3              Osaka Souveniers Co.         Kentary             Mory  +81 06 6342 5555  ...   530-0003    Japan                 1621.0     81200.0
4         Cramer Spezialitäten, Ltd          Cramer          Philip         0555-09555  ...      14776  Germany                    NaN         0.0
..                              ...             ...              ...               ...  ...        ...      ...                    ...         ...
117                    Royale Belge        Cartrain         Pascale   (071) 23 67 2555  ...     B-6000  Belgium                 1401.0     23500.0
118                   Mini Classics           Frick            Steve        9145554562  ...      24067      USA                 1323.0    102700.0
119     West Coast Collectables Co.        Thompson            Steve        3105553722  ...      94019      USA                 1166.0     55400.0
120            Diecast Collectables          Franco          Valarie        6175552555  ...      51003      USA                 1188.0     85100.0
121         Auto-Moto Classics Inc.          Taylor           Leslie        6175558428  ...      58339      USA                 1216.0     23000.0

[122 rows x 12 columns],                                productname       productline              productvendor                                 productdescription
0                   1964 Mercedes Tour Bus  Trucks and Buses       Unimax Art Galleries  Exact replica. 100+ parts. working steering sy...
1                    1976 Ford Gran Torino      Classic Cars       Gearbox Collectibles  Highly detailed 1976 Ford Gran Torino \"Starsk...
2    1950s Chicago Surface Lines Streetcar            Trains       Gearbox Collectibles  This streetcar is a joy to see. It has 80 sepa...
3                1957 Corvette Convertible      Classic Cars    Classic Metal Creations  1957 die cast Corvette Convertible in Roman Re...
4                          1993 Mazda RX-7      Classic Cars   Highway 66 Mini Classics  This model features, opening hood, opening doo...
..                                     ...               ...                        ...                                                ...
105                      2001 Ferrari Enzo      Classic Cars        Second Gear Diecast  Turnable front wheels; steering function; deta...
106            1992 Ferrari 360 Spider red      Classic Cars       Unimax Art Galleries  his replica features opening doors, superb det...
107                       1995 Honda Civic      Classic Cars            Min Lin Diecast  This model features, opening hood, opening doo...
108                         1958 Setra Bus  Trucks and Buses  Welly Diecast Productions  Model features 30 windows, skylights & glare r...
109   2003 Harley-Davidson Eagle Drag Bike       Motorcycles          Red Start Diecast  Model features, official Harley Davidson logos...

[110 rows x 4 columns],       orderdate requireddate shippeddate
0    2004-06-24   2004-07-01        None
1    2003-11-06   2003-11-15  2003-11-10
2    2003-11-20   2003-11-29  2003-11-25
3    2005-05-09   2005-05-20  2005-05-12
4    2004-08-20   2004-08-26  2004-08-22
..          ...          ...         ...
318  2004-05-04   2004-05-12  2004-05-09
319  2004-07-23   2004-08-02  2004-07-29
320  2004-12-16   2004-12-22  2004-12-18
321  2004-02-20   2004-02-29  2004-02-24
322  2003-06-03   2003-06-09  2003-06-06

[323 rows x 3 columns],      lastname firstname extension                            email              jobtitle
0    Thompson    Leslie     x4065   lthompson@classicmodelcars.com             Sales Rep
1      Fixter      Andy      x101     afixter@classicmodelcars.com             Sales Rep
2        Bott     Larry     x2311       lbott@classicmodelcars.com             Sales Rep
3    Castillo    Pamela     x2759   pcastillo@classicmodelcars.com             Sales Rep
4        King       Tom      x103       tking@classicmodelcars.com             Sales Rep
5       Marsh     Peter      x102      pmarsh@classicmodelcars.com             Sales Rep
6   Patterson     Steve     x4334  spatterson@classicmodelcars.com             Sales Rep
7         Bow   Anthony     x5428        abow@classicmodelcars.com    Sales Manager (NA)
8       Tseng  Foon Yue     x2248      ftseng@classicmodelcars.com             Sales Rep
9      Bondur      Loui     x6493     lbondur@classicmodelcars.com             Sales Rep
10  Hernandez    Gerard     x2028   ghernande@classicmodelcars.com             Sales Rep
11  Patterson      Mary     x4611   mpatterso@classicmodelcars.com              VP Sales
12      Jones     Barry      x102      bjones@classicmodelcars.com             Sales Rep
13      Nishi      Mami      x101      mnishi@classicmodelcars.com             Sales Rep
14  Patterson   William     x4871  wpatterson@classicmodelcars.com  Sales Manager (APAC)
15   Jennings    Leslie     x3291   ljennings@classicmodelcars.com             Sales Rep
16     Gerard    Martin     x2312     mgerard@classicmodelcars.com             Sales Rep
17     Bondur    Gerard     x5408     gbondur@classicmodelcars.com   Sale Manager (EMEA)
18   Firrelli      Jeff     x9273   jfirrelli@classicmodelcars.com          VP Marketing
19     Vanauf    George     x4102     gvanauf@classicmodelcars.com             Sales Rep
20   Firrelli     Julie     x2173   jfirrelli@classicmodelcars.com             Sales Rep
21     Murphy     Diane     x5800     dmurphy@classicmodelcars.com             President
22       Kato   Yoshimi      x102       ykato@classicmodelcars.com             Sales Rep,                             customername                                productname   orderdate requireddate  lastname  quantityordered  priceeach  buyprice
0                     Signal Gift Stores  1938 Cadillac V-16 Presidential Limousine  2003-05-21   2003-05-29  Thompson             22.0      36.29     20.61
1                      Auto Canal+ Petit        1936 Harley Davidson El Knucklehead  2005-04-07   2005-04-14    Bondur             55.0      58.15     24.23
2                 Saveley & Henriot, Co.                          1903 Ford Model A  2004-01-02   2004-01-11    Bondur             24.0     117.47     68.30
3                     Enaco Distributors                      The Schooner Bluenose  2003-11-26   2003-12-02    Gerard             23.0      60.00     34.00
4                Dragon Souveniers, Ltd.                1954 Greyhound Scenicruiser  2003-10-22   2003-10-31     Nishi             48.0      50.86     25.98
...                                  ...                                        ...         ...          ...       ...              ...        ...       ...
2992                Classic Legends Inc.                        1972 Alfa Romeo GTA  2004-11-21   2004-11-30     Tseng             25.0     131.92     85.68
2993  Bavarian Collectables Imports, Co.                         F/A 18 Hornet 1/72  2004-09-15   2004-09-22     Jones             22.0      74.40     54.40
2994                Classic Legends Inc.                1913 Ford Model T Speedster  2003-10-20   2003-10-27     Tseng             31.0     101.31     60.78
2995                  Muscle Machine Inc               1999 Indy 500 Monte Carlo SS  2003-12-02   2003-12-10     Tseng             27.0     106.92     56.76
2996        Québec Home Shopping Network                                 Pont Yacht  2004-06-17   2004-06-25     Tseng             29.0      43.68     33.30

[2997 rows x 8 columns])
[2022-06-17 20:02:26,747] {taskinstance.py:1396} INFO - Marking task as SUCCESS. dag_id=sales, task_id=extract_data, execution_date=20220616T000000, start_date=20220617T230226, end_date=20220617T230226
[2022-06-17 20:02:26,777] {local_task_job.py:156} INFO - Task exited with return code 0
[2022-06-17 20:02:26,853] {local_task_job.py:273} INFO - 1 downstream tasks scheduled from follow-on schedule check
[2022-06-17 20:08:23,313] {taskinstance.py:1160} INFO - Dependencies all met for <TaskInstance: sales.extract_data scheduled__2022-06-16T00:00:00+00:00 [queued]>
[2022-06-17 20:08:23,328] {taskinstance.py:1160} INFO - Dependencies all met for <TaskInstance: sales.extract_data scheduled__2022-06-16T00:00:00+00:00 [queued]>
[2022-06-17 20:08:23,329] {taskinstance.py:1357} INFO - 
--------------------------------------------------------------------------------
[2022-06-17 20:08:23,329] {taskinstance.py:1358} INFO - Starting attempt 1 of 1
[2022-06-17 20:08:23,329] {taskinstance.py:1359} INFO - 
--------------------------------------------------------------------------------
[2022-06-17 20:08:23,347] {taskinstance.py:1378} INFO - Executing <Task(PythonOperator): extract_data> on 2022-06-16 00:00:00+00:00
[2022-06-17 20:08:23,357] {standard_task_runner.py:52} INFO - Started process 175168 to run task
[2022-06-17 20:08:23,362] {standard_task_runner.py:79} INFO - Running: ['airflow', 'tasks', 'run', 'sales', 'extract_data', 'scheduled__2022-06-16T00:00:00+00:00', '--job-id', '1337', '--raw', '--subdir', 'DAGS_FOLDER/dag copy.py', '--cfg-path', '/tmp/tmpttgfr6ln', '--error-file', '/tmp/tmpv5vi3n_i']
[2022-06-17 20:08:23,363] {standard_task_runner.py:80} INFO - Job 1337: Subtask extract_data
[2022-06-17 20:08:23,442] {task_command.py:370} INFO - Running <TaskInstance: sales.extract_data scheduled__2022-06-16T00:00:00+00:00 [running]> on host uiliam-Vostro-15-3515
[2022-06-17 20:08:23,543] {taskinstance.py:1570} INFO - Exporting the following env vars:
AIRFLOW_CTX_DAG_OWNER=airflow
AIRFLOW_CTX_DAG_ID=sales
AIRFLOW_CTX_TASK_ID=extract_data
AIRFLOW_CTX_EXECUTION_DATE=2022-06-16T00:00:00+00:00
AIRFLOW_CTX_TRY_NUMBER=1
AIRFLOW_CTX_DAG_RUN_ID=scheduled__2022-06-16T00:00:00+00:00
[2022-06-17 20:08:23,597] {logging_mixin.py:115} INFO -      lastname firstname extension                            email              jobtitle
0    Thompson    Leslie     x4065   lthompson@classicmodelcars.com             Sales Rep
1      Fixter      Andy      x101     afixter@classicmodelcars.com             Sales Rep
2        Bott     Larry     x2311       lbott@classicmodelcars.com             Sales Rep
3    Castillo    Pamela     x2759   pcastillo@classicmodelcars.com             Sales Rep
4        King       Tom      x103       tking@classicmodelcars.com             Sales Rep
5       Marsh     Peter      x102      pmarsh@classicmodelcars.com             Sales Rep
6   Patterson     Steve     x4334  spatterson@classicmodelcars.com             Sales Rep
7         Bow   Anthony     x5428        abow@classicmodelcars.com    Sales Manager (NA)
8       Tseng  Foon Yue     x2248      ftseng@classicmodelcars.com             Sales Rep
9      Bondur      Loui     x6493     lbondur@classicmodelcars.com             Sales Rep
10  Hernandez    Gerard     x2028   ghernande@classicmodelcars.com             Sales Rep
11  Patterson      Mary     x4611   mpatterso@classicmodelcars.com              VP Sales
12      Jones     Barry      x102      bjones@classicmodelcars.com             Sales Rep
13      Nishi      Mami      x101      mnishi@classicmodelcars.com             Sales Rep
14  Patterson   William     x4871  wpatterson@classicmodelcars.com  Sales Manager (APAC)
15   Jennings    Leslie     x3291   ljennings@classicmodelcars.com             Sales Rep
16     Gerard    Martin     x2312     mgerard@classicmodelcars.com             Sales Rep
17     Bondur    Gerard     x5408     gbondur@classicmodelcars.com   Sale Manager (EMEA)
18   Firrelli      Jeff     x9273   jfirrelli@classicmodelcars.com          VP Marketing
19     Vanauf    George     x4102     gvanauf@classicmodelcars.com             Sales Rep
20   Firrelli     Julie     x2173   jfirrelli@classicmodelcars.com             Sales Rep
21     Murphy     Diane     x5800     dmurphy@classicmodelcars.com             President
22       Kato   Yoshimi      x102       ykato@classicmodelcars.com             Sales Rep
[2022-06-17 20:08:23,642] {python.py:173} INFO - Done. Returned value was: (                       customername contactlastname contactfirstname             phone  ... postalcode  country salesrepemployeenumber creditlimit
0           Tekni Collectables Inc.           Brown          William        2015559350  ...      94019      USA                 1323.0     43000.0
1                 La Rochelle Gifts         Labrune          Janine         40.67.8555  ...      44000   France                 1370.0    118200.0
2    Canadian Gift Exchange Network          Tamuri           Yoshi     (604) 555-3392  ...    V3F 2K1   Canada                 1323.0     90300.0
3              Osaka Souveniers Co.         Kentary             Mory  +81 06 6342 5555  ...   530-0003    Japan                 1621.0     81200.0
4         Cramer Spezialitäten, Ltd          Cramer          Philip         0555-09555  ...      14776  Germany                    NaN         0.0
..                              ...             ...              ...               ...  ...        ...      ...                    ...         ...
117                    Royale Belge        Cartrain         Pascale   (071) 23 67 2555  ...     B-6000  Belgium                 1401.0     23500.0
118                   Mini Classics           Frick            Steve        9145554562  ...      24067      USA                 1323.0    102700.0
119     West Coast Collectables Co.        Thompson            Steve        3105553722  ...      94019      USA                 1166.0     55400.0
120            Diecast Collectables          Franco          Valarie        6175552555  ...      51003      USA                 1188.0     85100.0
121         Auto-Moto Classics Inc.          Taylor           Leslie        6175558428  ...      58339      USA                 1216.0     23000.0

[122 rows x 12 columns],                                productname       productline              productvendor                                 productdescription
0                   1964 Mercedes Tour Bus  Trucks and Buses       Unimax Art Galleries  Exact replica. 100+ parts. working steering sy...
1                    1976 Ford Gran Torino      Classic Cars       Gearbox Collectibles  Highly detailed 1976 Ford Gran Torino \"Starsk...
2    1950s Chicago Surface Lines Streetcar            Trains       Gearbox Collectibles  This streetcar is a joy to see. It has 80 sepa...
3                1957 Corvette Convertible      Classic Cars    Classic Metal Creations  1957 die cast Corvette Convertible in Roman Re...
4                          1993 Mazda RX-7      Classic Cars   Highway 66 Mini Classics  This model features, opening hood, opening doo...
..                                     ...               ...                        ...                                                ...
105                      2001 Ferrari Enzo      Classic Cars        Second Gear Diecast  Turnable front wheels; steering function; deta...
106            1992 Ferrari 360 Spider red      Classic Cars       Unimax Art Galleries  his replica features opening doors, superb det...
107                       1995 Honda Civic      Classic Cars            Min Lin Diecast  This model features, opening hood, opening doo...
108                         1958 Setra Bus  Trucks and Buses  Welly Diecast Productions  Model features 30 windows, skylights & glare r...
109   2003 Harley-Davidson Eagle Drag Bike       Motorcycles          Red Start Diecast  Model features, official Harley Davidson logos...

[110 rows x 4 columns],       orderdate requireddate shippeddate
0    2004-06-24   2004-07-01        None
1    2003-11-06   2003-11-15  2003-11-10
2    2003-11-20   2003-11-29  2003-11-25
3    2005-05-09   2005-05-20  2005-05-12
4    2004-08-20   2004-08-26  2004-08-22
..          ...          ...         ...
318  2004-05-04   2004-05-12  2004-05-09
319  2004-07-23   2004-08-02  2004-07-29
320  2004-12-16   2004-12-22  2004-12-18
321  2004-02-20   2004-02-29  2004-02-24
322  2003-06-03   2003-06-09  2003-06-06

[323 rows x 3 columns],      lastname firstname extension                            email              jobtitle
0    Thompson    Leslie     x4065   lthompson@classicmodelcars.com             Sales Rep
1      Fixter      Andy      x101     afixter@classicmodelcars.com             Sales Rep
2        Bott     Larry     x2311       lbott@classicmodelcars.com             Sales Rep
3    Castillo    Pamela     x2759   pcastillo@classicmodelcars.com             Sales Rep
4        King       Tom      x103       tking@classicmodelcars.com             Sales Rep
5       Marsh     Peter      x102      pmarsh@classicmodelcars.com             Sales Rep
6   Patterson     Steve     x4334  spatterson@classicmodelcars.com             Sales Rep
7         Bow   Anthony     x5428        abow@classicmodelcars.com    Sales Manager (NA)
8       Tseng  Foon Yue     x2248      ftseng@classicmodelcars.com             Sales Rep
9      Bondur      Loui     x6493     lbondur@classicmodelcars.com             Sales Rep
10  Hernandez    Gerard     x2028   ghernande@classicmodelcars.com             Sales Rep
11  Patterson      Mary     x4611   mpatterso@classicmodelcars.com              VP Sales
12      Jones     Barry      x102      bjones@classicmodelcars.com             Sales Rep
13      Nishi      Mami      x101      mnishi@classicmodelcars.com             Sales Rep
14  Patterson   William     x4871  wpatterson@classicmodelcars.com  Sales Manager (APAC)
15   Jennings    Leslie     x3291   ljennings@classicmodelcars.com             Sales Rep
16     Gerard    Martin     x2312     mgerard@classicmodelcars.com             Sales Rep
17     Bondur    Gerard     x5408     gbondur@classicmodelcars.com   Sale Manager (EMEA)
18   Firrelli      Jeff     x9273   jfirrelli@classicmodelcars.com          VP Marketing
19     Vanauf    George     x4102     gvanauf@classicmodelcars.com             Sales Rep
20   Firrelli     Julie     x2173   jfirrelli@classicmodelcars.com             Sales Rep
21     Murphy     Diane     x5800     dmurphy@classicmodelcars.com             President
22       Kato   Yoshimi      x102       ykato@classicmodelcars.com             Sales Rep,                             customername                                productname   orderdate requireddate  lastname  quantityordered  priceeach  buyprice
0                     Signal Gift Stores  1938 Cadillac V-16 Presidential Limousine  2003-05-21   2003-05-29  Thompson             22.0      36.29     20.61
1                      Auto Canal+ Petit        1936 Harley Davidson El Knucklehead  2005-04-07   2005-04-14    Bondur             55.0      58.15     24.23
2                 Saveley & Henriot, Co.                          1903 Ford Model A  2004-01-02   2004-01-11    Bondur             24.0     117.47     68.30
3                     Enaco Distributors                      The Schooner Bluenose  2003-11-26   2003-12-02    Gerard             23.0      60.00     34.00
4                Dragon Souveniers, Ltd.                1954 Greyhound Scenicruiser  2003-10-22   2003-10-31     Nishi             48.0      50.86     25.98
...                                  ...                                        ...         ...          ...       ...              ...        ...       ...
2992                Classic Legends Inc.                        1972 Alfa Romeo GTA  2004-11-21   2004-11-30     Tseng             25.0     131.92     85.68
2993  Bavarian Collectables Imports, Co.                         F/A 18 Hornet 1/72  2004-09-15   2004-09-22     Jones             22.0      74.40     54.40
2994                Classic Legends Inc.                1913 Ford Model T Speedster  2003-10-20   2003-10-27     Tseng             31.0     101.31     60.78
2995                  Muscle Machine Inc               1999 Indy 500 Monte Carlo SS  2003-12-02   2003-12-10     Tseng             27.0     106.92     56.76
2996        Québec Home Shopping Network                                 Pont Yacht  2004-06-17   2004-06-25     Tseng             29.0      43.68     33.30

[2997 rows x 8 columns])
[2022-06-17 20:08:23,731] {taskinstance.py:1396} INFO - Marking task as SUCCESS. dag_id=sales, task_id=extract_data, execution_date=20220616T000000, start_date=20220617T230823, end_date=20220617T230823
[2022-06-17 20:08:23,775] {local_task_job.py:156} INFO - Task exited with return code 0
[2022-06-17 20:08:23,848] {local_task_job.py:273} INFO - 1 downstream tasks scheduled from follow-on schedule check
[2022-06-17 20:15:26,673] {taskinstance.py:1160} INFO - Dependencies all met for <TaskInstance: sales.extract_data scheduled__2022-06-16T00:00:00+00:00 [queued]>
[2022-06-17 20:15:26,698] {taskinstance.py:1160} INFO - Dependencies all met for <TaskInstance: sales.extract_data scheduled__2022-06-16T00:00:00+00:00 [queued]>
[2022-06-17 20:15:26,698] {taskinstance.py:1357} INFO - 
--------------------------------------------------------------------------------
[2022-06-17 20:15:26,698] {taskinstance.py:1358} INFO - Starting attempt 1 of 1
[2022-06-17 20:15:26,699] {taskinstance.py:1359} INFO - 
--------------------------------------------------------------------------------
[2022-06-17 20:15:26,726] {taskinstance.py:1378} INFO - Executing <Task(PythonOperator): extract_data> on 2022-06-16 00:00:00+00:00
[2022-06-17 20:15:26,737] {standard_task_runner.py:52} INFO - Started process 177924 to run task
[2022-06-17 20:15:26,742] {standard_task_runner.py:79} INFO - Running: ['airflow', 'tasks', 'run', 'sales', 'extract_data', 'scheduled__2022-06-16T00:00:00+00:00', '--job-id', '1352', '--raw', '--subdir', 'DAGS_FOLDER/dag copy.py', '--cfg-path', '/tmp/tmpz8267zjk', '--error-file', '/tmp/tmpzcwfe3lr']
[2022-06-17 20:15:26,743] {standard_task_runner.py:80} INFO - Job 1352: Subtask extract_data
[2022-06-17 20:15:26,828] {task_command.py:370} INFO - Running <TaskInstance: sales.extract_data scheduled__2022-06-16T00:00:00+00:00 [running]> on host uiliam-Vostro-15-3515
[2022-06-17 20:15:26,957] {taskinstance.py:1570} INFO - Exporting the following env vars:
AIRFLOW_CTX_DAG_OWNER=airflow
AIRFLOW_CTX_DAG_ID=sales
AIRFLOW_CTX_TASK_ID=extract_data
AIRFLOW_CTX_EXECUTION_DATE=2022-06-16T00:00:00+00:00
AIRFLOW_CTX_TRY_NUMBER=1
AIRFLOW_CTX_DAG_RUN_ID=scheduled__2022-06-16T00:00:00+00:00
[2022-06-17 20:15:27,026] {logging_mixin.py:115} INFO -      lastname firstname extension                            email              jobtitle
0    Thompson    Leslie     x4065   lthompson@classicmodelcars.com             Sales Rep
1      Fixter      Andy      x101     afixter@classicmodelcars.com             Sales Rep
2        Bott     Larry     x2311       lbott@classicmodelcars.com             Sales Rep
3    Castillo    Pamela     x2759   pcastillo@classicmodelcars.com             Sales Rep
4        King       Tom      x103       tking@classicmodelcars.com             Sales Rep
5       Marsh     Peter      x102      pmarsh@classicmodelcars.com             Sales Rep
6   Patterson     Steve     x4334  spatterson@classicmodelcars.com             Sales Rep
7         Bow   Anthony     x5428        abow@classicmodelcars.com    Sales Manager (NA)
8       Tseng  Foon Yue     x2248      ftseng@classicmodelcars.com             Sales Rep
9      Bondur      Loui     x6493     lbondur@classicmodelcars.com             Sales Rep
10  Hernandez    Gerard     x2028   ghernande@classicmodelcars.com             Sales Rep
11  Patterson      Mary     x4611   mpatterso@classicmodelcars.com              VP Sales
12      Jones     Barry      x102      bjones@classicmodelcars.com             Sales Rep
13      Nishi      Mami      x101      mnishi@classicmodelcars.com             Sales Rep
14  Patterson   William     x4871  wpatterson@classicmodelcars.com  Sales Manager (APAC)
15   Jennings    Leslie     x3291   ljennings@classicmodelcars.com             Sales Rep
16     Gerard    Martin     x2312     mgerard@classicmodelcars.com             Sales Rep
17     Bondur    Gerard     x5408     gbondur@classicmodelcars.com   Sale Manager (EMEA)
18   Firrelli      Jeff     x9273   jfirrelli@classicmodelcars.com          VP Marketing
19     Vanauf    George     x4102     gvanauf@classicmodelcars.com             Sales Rep
20   Firrelli     Julie     x2173   jfirrelli@classicmodelcars.com             Sales Rep
21     Murphy     Diane     x5800     dmurphy@classicmodelcars.com             President
22       Kato   Yoshimi      x102       ykato@classicmodelcars.com             Sales Rep
[2022-06-17 20:15:27,078] {python.py:173} INFO - Done. Returned value was: (                       customername contactlastname contactfirstname             phone  ... postalcode  country salesrepemployeenumber creditlimit
0           Tekni Collectables Inc.           Brown          William        2015559350  ...      94019      USA                 1323.0     43000.0
1                 La Rochelle Gifts         Labrune          Janine         40.67.8555  ...      44000   France                 1370.0    118200.0
2    Canadian Gift Exchange Network          Tamuri           Yoshi     (604) 555-3392  ...    V3F 2K1   Canada                 1323.0     90300.0
3              Osaka Souveniers Co.         Kentary             Mory  +81 06 6342 5555  ...   530-0003    Japan                 1621.0     81200.0
4         Cramer Spezialitäten, Ltd          Cramer          Philip         0555-09555  ...      14776  Germany                    NaN         0.0
..                              ...             ...              ...               ...  ...        ...      ...                    ...         ...
117                    Royale Belge        Cartrain         Pascale   (071) 23 67 2555  ...     B-6000  Belgium                 1401.0     23500.0
118                   Mini Classics           Frick            Steve        9145554562  ...      24067      USA                 1323.0    102700.0
119     West Coast Collectables Co.        Thompson            Steve        3105553722  ...      94019      USA                 1166.0     55400.0
120            Diecast Collectables          Franco          Valarie        6175552555  ...      51003      USA                 1188.0     85100.0
121         Auto-Moto Classics Inc.          Taylor           Leslie        6175558428  ...      58339      USA                 1216.0     23000.0

[122 rows x 12 columns],                                productname       productline              productvendor                                 productdescription
0                   1964 Mercedes Tour Bus  Trucks and Buses       Unimax Art Galleries  Exact replica. 100+ parts. working steering sy...
1                    1976 Ford Gran Torino      Classic Cars       Gearbox Collectibles  Highly detailed 1976 Ford Gran Torino \"Starsk...
2    1950s Chicago Surface Lines Streetcar            Trains       Gearbox Collectibles  This streetcar is a joy to see. It has 80 sepa...
3                1957 Corvette Convertible      Classic Cars    Classic Metal Creations  1957 die cast Corvette Convertible in Roman Re...
4                          1993 Mazda RX-7      Classic Cars   Highway 66 Mini Classics  This model features, opening hood, opening doo...
..                                     ...               ...                        ...                                                ...
105                      2001 Ferrari Enzo      Classic Cars        Second Gear Diecast  Turnable front wheels; steering function; deta...
106            1992 Ferrari 360 Spider red      Classic Cars       Unimax Art Galleries  his replica features opening doors, superb det...
107                       1995 Honda Civic      Classic Cars            Min Lin Diecast  This model features, opening hood, opening doo...
108                         1958 Setra Bus  Trucks and Buses  Welly Diecast Productions  Model features 30 windows, skylights & glare r...
109   2003 Harley-Davidson Eagle Drag Bike       Motorcycles          Red Start Diecast  Model features, official Harley Davidson logos...

[110 rows x 4 columns],       orderdate requireddate shippeddate
0    2004-06-24   2004-07-01        None
1    2003-11-06   2003-11-15  2003-11-10
2    2003-11-20   2003-11-29  2003-11-25
3    2005-05-09   2005-05-20  2005-05-12
4    2004-08-20   2004-08-26  2004-08-22
..          ...          ...         ...
318  2004-05-04   2004-05-12  2004-05-09
319  2004-07-23   2004-08-02  2004-07-29
320  2004-12-16   2004-12-22  2004-12-18
321  2004-02-20   2004-02-29  2004-02-24
322  2003-06-03   2003-06-09  2003-06-06

[323 rows x 3 columns],      lastname firstname extension                            email              jobtitle
0    Thompson    Leslie     x4065   lthompson@classicmodelcars.com             Sales Rep
1      Fixter      Andy      x101     afixter@classicmodelcars.com             Sales Rep
2        Bott     Larry     x2311       lbott@classicmodelcars.com             Sales Rep
3    Castillo    Pamela     x2759   pcastillo@classicmodelcars.com             Sales Rep
4        King       Tom      x103       tking@classicmodelcars.com             Sales Rep
5       Marsh     Peter      x102      pmarsh@classicmodelcars.com             Sales Rep
6   Patterson     Steve     x4334  spatterson@classicmodelcars.com             Sales Rep
7         Bow   Anthony     x5428        abow@classicmodelcars.com    Sales Manager (NA)
8       Tseng  Foon Yue     x2248      ftseng@classicmodelcars.com             Sales Rep
9      Bondur      Loui     x6493     lbondur@classicmodelcars.com             Sales Rep
10  Hernandez    Gerard     x2028   ghernande@classicmodelcars.com             Sales Rep
11  Patterson      Mary     x4611   mpatterso@classicmodelcars.com              VP Sales
12      Jones     Barry      x102      bjones@classicmodelcars.com             Sales Rep
13      Nishi      Mami      x101      mnishi@classicmodelcars.com             Sales Rep
14  Patterson   William     x4871  wpatterson@classicmodelcars.com  Sales Manager (APAC)
15   Jennings    Leslie     x3291   ljennings@classicmodelcars.com             Sales Rep
16     Gerard    Martin     x2312     mgerard@classicmodelcars.com             Sales Rep
17     Bondur    Gerard     x5408     gbondur@classicmodelcars.com   Sale Manager (EMEA)
18   Firrelli      Jeff     x9273   jfirrelli@classicmodelcars.com          VP Marketing
19     Vanauf    George     x4102     gvanauf@classicmodelcars.com             Sales Rep
20   Firrelli     Julie     x2173   jfirrelli@classicmodelcars.com             Sales Rep
21     Murphy     Diane     x5800     dmurphy@classicmodelcars.com             President
22       Kato   Yoshimi      x102       ykato@classicmodelcars.com             Sales Rep,                             customername                                productname   orderdate requireddate  lastname  quantityordered  priceeach  buyprice
0                     Signal Gift Stores  1938 Cadillac V-16 Presidential Limousine  2003-05-21   2003-05-29  Thompson             22.0      36.29     20.61
1                      Auto Canal+ Petit        1936 Harley Davidson El Knucklehead  2005-04-07   2005-04-14    Bondur             55.0      58.15     24.23
2                 Saveley & Henriot, Co.                          1903 Ford Model A  2004-01-02   2004-01-11    Bondur             24.0     117.47     68.30
3                     Enaco Distributors                      The Schooner Bluenose  2003-11-26   2003-12-02    Gerard             23.0      60.00     34.00
4                Dragon Souveniers, Ltd.                1954 Greyhound Scenicruiser  2003-10-22   2003-10-31     Nishi             48.0      50.86     25.98
...                                  ...                                        ...         ...          ...       ...              ...        ...       ...
2992                Classic Legends Inc.                        1972 Alfa Romeo GTA  2004-11-21   2004-11-30     Tseng             25.0     131.92     85.68
2993  Bavarian Collectables Imports, Co.                         F/A 18 Hornet 1/72  2004-09-15   2004-09-22     Jones             22.0      74.40     54.40
2994                Classic Legends Inc.                1913 Ford Model T Speedster  2003-10-20   2003-10-27     Tseng             31.0     101.31     60.78
2995                  Muscle Machine Inc               1999 Indy 500 Monte Carlo SS  2003-12-02   2003-12-10     Tseng             27.0     106.92     56.76
2996        Québec Home Shopping Network                                 Pont Yacht  2004-06-17   2004-06-25     Tseng             29.0      43.68     33.30

[2997 rows x 8 columns])
[2022-06-17 20:15:27,190] {taskinstance.py:1396} INFO - Marking task as SUCCESS. dag_id=sales, task_id=extract_data, execution_date=20220616T000000, start_date=20220617T231526, end_date=20220617T231527
[2022-06-17 20:15:27,236] {local_task_job.py:156} INFO - Task exited with return code 0
[2022-06-17 20:15:27,313] {local_task_job.py:273} INFO - 1 downstream tasks scheduled from follow-on schedule check
