[2022-06-05 21:45:52,062] {taskinstance.py:1160} INFO - Dependencies all met for <TaskInstance: census.populate_table scheduled__2022-06-06T00:45:09.034795+00:00 [queued]>
[2022-06-05 21:45:52,080] {taskinstance.py:1160} INFO - Dependencies all met for <TaskInstance: census.populate_table scheduled__2022-06-06T00:45:09.034795+00:00 [queued]>
[2022-06-05 21:45:52,080] {taskinstance.py:1357} INFO - 
--------------------------------------------------------------------------------
[2022-06-05 21:45:52,081] {taskinstance.py:1358} INFO - Starting attempt 1 of 1
[2022-06-05 21:45:52,081] {taskinstance.py:1359} INFO - 
--------------------------------------------------------------------------------
[2022-06-05 21:45:52,098] {taskinstance.py:1378} INFO - Executing <Task(PythonOperator): populate_table> on 2022-06-06 00:45:09.034795+00:00
[2022-06-05 21:45:52,107] {standard_task_runner.py:52} INFO - Started process 19839 to run task
[2022-06-05 21:45:52,111] {standard_task_runner.py:79} INFO - Running: ['airflow', 'tasks', 'run', 'census', 'populate_table', 'scheduled__2022-06-06T00:45:09.034795+00:00', '--job-id', '1140', '--raw', '--subdir', 'DAGS_FOLDER/dag.py', '--cfg-path', '/tmp/tmp7p9vcybr', '--error-file', '/tmp/tmpj0cra6_y']
[2022-06-05 21:45:52,112] {standard_task_runner.py:80} INFO - Job 1140: Subtask populate_table
[2022-06-05 21:45:52,191] {task_command.py:370} INFO - Running <TaskInstance: census.populate_table scheduled__2022-06-06T00:45:09.034795+00:00 [running]> on host uiliam-Vostro-15-3515
[2022-06-05 21:45:52,291] {taskinstance.py:1570} INFO - Exporting the following env vars:
AIRFLOW_CTX_DAG_OWNER=airflow
AIRFLOW_CTX_DAG_ID=census
AIRFLOW_CTX_TASK_ID=populate_table
AIRFLOW_CTX_EXECUTION_DATE=2022-06-06T00:45:09.034795+00:00
AIRFLOW_CTX_TRY_NUMBER=1
AIRFLOW_CTX_DAG_RUN_ID=scheduled__2022-06-06T00:45:09.034795+00:00
[2022-06-05 21:45:52,292] {taskinstance.py:1890} ERROR - Task failed with exception
Traceback (most recent call last):
  File "/home/uiliam/sandbox/lib/python3.9/site-packages/airflow/operators/python.py", line 171, in execute
    return_value = self.execute_callable()
  File "/home/uiliam/sandbox/lib/python3.9/site-packages/airflow/operators/python.py", line 189, in execute_callable
    return self.python_callable(*self.op_args, **self.op_kwargs)
  File "/home/uiliam/airflow/dags/populate.py", line 18, in populate_table
    df = df.iloc[:qtd]
AttributeError: 'NoneType' object has no attribute 'iloc'
[2022-06-05 21:45:52,307] {taskinstance.py:1396} INFO - Marking task as FAILED. dag_id=census, task_id=populate_table, execution_date=20220606T004509, start_date=20220606T004552, end_date=20220606T004552
[2022-06-05 21:45:52,324] {standard_task_runner.py:92} ERROR - Failed to execute job 1140 for task populate_table ('NoneType' object has no attribute 'iloc'; 19839)
[2022-06-05 21:45:52,363] {local_task_job.py:156} INFO - Task exited with return code 1
[2022-06-05 21:45:52,413] {local_task_job.py:273} INFO - 0 downstream tasks scheduled from follow-on schedule check
