[2022-06-05 20:28:05,999] {taskinstance.py:1160} INFO - Dependencies all met for <TaskInstance: census.populate_table scheduled__2022-06-05T23:27:28.506360+00:00 [queued]>
[2022-06-05 20:28:06,021] {taskinstance.py:1160} INFO - Dependencies all met for <TaskInstance: census.populate_table scheduled__2022-06-05T23:27:28.506360+00:00 [queued]>
[2022-06-05 20:28:06,022] {taskinstance.py:1357} INFO - 
--------------------------------------------------------------------------------
[2022-06-05 20:28:06,022] {taskinstance.py:1358} INFO - Starting attempt 1 of 1
[2022-06-05 20:28:06,022] {taskinstance.py:1359} INFO - 
--------------------------------------------------------------------------------
[2022-06-05 20:28:06,047] {taskinstance.py:1378} INFO - Executing <Task(PythonOperator): populate_table> on 2022-06-05 23:27:28.506360+00:00
[2022-06-05 20:28:06,055] {standard_task_runner.py:52} INFO - Started process 167086 to run task
[2022-06-05 20:28:06,061] {standard_task_runner.py:79} INFO - Running: ['airflow', 'tasks', 'run', 'census', 'populate_table', 'scheduled__2022-06-05T23:27:28.506360+00:00', '--job-id', '1015', '--raw', '--subdir', 'DAGS_FOLDER/dag.py', '--cfg-path', '/tmp/tmp0jp2d9kz', '--error-file', '/tmp/tmpseie6wqv']
[2022-06-05 20:28:06,062] {standard_task_runner.py:80} INFO - Job 1015: Subtask populate_table
[2022-06-05 20:28:06,156] {task_command.py:370} INFO - Running <TaskInstance: census.populate_table scheduled__2022-06-05T23:27:28.506360+00:00 [running]> on host uiliam-Vostro-15-3515
[2022-06-05 20:28:06,268] {taskinstance.py:1570} INFO - Exporting the following env vars:
AIRFLOW_CTX_DAG_OWNER=airflow
AIRFLOW_CTX_DAG_ID=census
AIRFLOW_CTX_TASK_ID=populate_table
AIRFLOW_CTX_EXECUTION_DATE=2022-06-05T23:27:28.506360+00:00
AIRFLOW_CTX_TRY_NUMBER=1
AIRFLOW_CTX_DAG_RUN_ID=scheduled__2022-06-05T23:27:28.506360+00:00
[2022-06-05 20:28:06,907] {python.py:173} INFO - Done. Returned value was: None
[2022-06-05 20:28:06,934] {taskinstance.py:1396} INFO - Marking task as SUCCESS. dag_id=census, task_id=populate_table, execution_date=20220605T232728, start_date=20220605T232806, end_date=20220605T232806
[2022-06-05 20:28:06,997] {local_task_job.py:156} INFO - Task exited with return code 0
[2022-06-05 20:28:07,049] {local_task_job.py:273} INFO - 0 downstream tasks scheduled from follow-on schedule check
[2022-06-05 20:28:07,083] {dagrun.py:562} INFO - Marking run <DagRun census @ 2022-06-05 23:27:28.506360+00:00: scheduled__2022-06-05T23:27:28.506360+00:00, externally triggered: False> successful
[2022-06-05 20:28:07,084] {dagrun.py:607} INFO - DagRun Finished: dag_id=census, execution_date=2022-06-05 23:27:28.506360+00:00, run_id=scheduled__2022-06-05T23:27:28.506360+00:00, run_start_date=2022-06-05 23:27:58.706846+00:00, run_end_date=2022-06-05 23:28:07.084362+00:00, run_duration=8.377516, state=success, external_trigger=False, run_type=scheduled, data_interval_start=2022-06-05 23:27:28.506360+00:00, data_interval_end=2022-06-05 23:27:58.506360+00:00, dag_hash=d8ae240942ecb69885f3ebfc26147d5c
