[2022-06-05 00:38:12,578] {taskinstance.py:1160} INFO - Dependencies all met for <TaskInstance: census.criar_table scheduled__2022-06-05T01:02:06.051317+00:00 [queued]>
[2022-06-05 00:38:12,598] {taskinstance.py:1160} INFO - Dependencies all met for <TaskInstance: census.criar_table scheduled__2022-06-05T01:02:06.051317+00:00 [queued]>
[2022-06-05 00:38:12,599] {taskinstance.py:1357} INFO - 
--------------------------------------------------------------------------------
[2022-06-05 00:38:12,599] {taskinstance.py:1358} INFO - Starting attempt 1 of 1
[2022-06-05 00:38:12,599] {taskinstance.py:1359} INFO - 
--------------------------------------------------------------------------------
[2022-06-05 00:38:12,630] {taskinstance.py:1378} INFO - Executing <Task(PostgresOperator): criar_table> on 2022-06-05 01:02:06.051317+00:00
[2022-06-05 00:38:12,649] {standard_task_runner.py:52} INFO - Started process 20378 to run task
[2022-06-05 00:38:12,677] {standard_task_runner.py:79} INFO - Running: ['airflow', 'tasks', 'run', 'census', 'criar_table', 'scheduled__2022-06-05T01:02:06.051317+00:00', '--job-id', '518', '--raw', '--subdir', 'DAGS_FOLDER/dag.py', '--cfg-path', '/tmp/tmpg022ng4x', '--error-file', '/tmp/tmpuusivlxw']
[2022-06-05 00:38:12,678] {standard_task_runner.py:80} INFO - Job 518: Subtask criar_table
[2022-06-05 00:38:12,902] {task_command.py:370} INFO - Running <TaskInstance: census.criar_table scheduled__2022-06-05T01:02:06.051317+00:00 [running]> on host uiliam-Vostro-15-3515
[2022-06-05 00:38:13,275] {taskinstance.py:1570} INFO - Exporting the following env vars:
AIRFLOW_CTX_DAG_OWNER=airflow
AIRFLOW_CTX_DAG_ID=census
AIRFLOW_CTX_TASK_ID=criar_table
AIRFLOW_CTX_EXECUTION_DATE=2022-06-05T01:02:06.051317+00:00
AIRFLOW_CTX_TRY_NUMBER=1
AIRFLOW_CTX_DAG_RUN_ID=scheduled__2022-06-05T01:02:06.051317+00:00
[2022-06-05 00:38:13,307] {base.py:68} INFO - Using connection ID '***_default' for task execution.
[2022-06-05 00:38:13,316] {dbapi.py:213} INFO - Running statement: 
            DROP TABLE IF EXISTS census;
            CREATE TABLE census (
                id_census             SERIAL PRIMARY KEY,
                age                   INT,
                workclass             VARCHAR(20),
                fnlwgt                FLOAT,
                education             VARCHAR(20),
                education_num         INT,
                marital_status        VARCHAR(30),
                occupation            VARCHAR(20),
                relationship          VARCHAR(30),
                race                  VARCHAR(30),
                sex                   VARCHAR(10),
                capital_gain          FLOAT,
                capital_loss          FLOAT,
                hours_per_week        INT,
                native_country        VARCHAR(30),
                class                 VARCHAR(10)
                )
        , parameters: None
[2022-06-05 00:38:13,721] {taskinstance.py:1396} INFO - Marking task as SUCCESS. dag_id=census, task_id=criar_table, execution_date=20220605T010206, start_date=20220605T033812, end_date=20220605T033813
[2022-06-05 00:38:13,901] {local_task_job.py:156} INFO - Task exited with return code 0
[2022-06-05 00:38:14,030] {local_task_job.py:273} INFO - 1 downstream tasks scheduled from follow-on schedule check
