[2022-06-05 00:39:19,706] {taskinstance.py:1160} INFO - Dependencies all met for <TaskInstance: census.populate_table scheduled__2022-06-05T01:32:06.051317+00:00 [queued]>
[2022-06-05 00:39:19,775] {taskinstance.py:1160} INFO - Dependencies all met for <TaskInstance: census.populate_table scheduled__2022-06-05T01:32:06.051317+00:00 [queued]>
[2022-06-05 00:39:19,776] {taskinstance.py:1357} INFO - 
--------------------------------------------------------------------------------
[2022-06-05 00:39:19,776] {taskinstance.py:1358} INFO - Starting attempt 1 of 1
[2022-06-05 00:39:19,777] {taskinstance.py:1359} INFO - 
--------------------------------------------------------------------------------
[2022-06-05 00:39:19,895] {taskinstance.py:1378} INFO - Executing <Task(PythonOperator): populate_table> on 2022-06-05 01:32:06.051317+00:00
[2022-06-05 00:39:19,922] {standard_task_runner.py:52} INFO - Started process 25773 to run task
[2022-06-05 00:39:19,968] {standard_task_runner.py:79} INFO - Running: ['airflow', 'tasks', 'run', 'census', 'populate_table', 'scheduled__2022-06-05T01:32:06.051317+00:00', '--job-id', '668', '--raw', '--subdir', 'DAGS_FOLDER/dag.py', '--cfg-path', '/tmp/tmpon_51nko', '--error-file', '/tmp/tmpg5v48us1']
[2022-06-05 00:39:19,969] {standard_task_runner.py:80} INFO - Job 668: Subtask populate_table
[2022-06-05 00:39:20,243] {task_command.py:370} INFO - Running <TaskInstance: census.populate_table scheduled__2022-06-05T01:32:06.051317+00:00 [running]> on host uiliam-Vostro-15-3515
[2022-06-05 00:39:20,476] {taskinstance.py:1570} INFO - Exporting the following env vars:
AIRFLOW_CTX_DAG_OWNER=airflow
AIRFLOW_CTX_DAG_ID=census
AIRFLOW_CTX_TASK_ID=populate_table
AIRFLOW_CTX_EXECUTION_DATE=2022-06-05T01:32:06.051317+00:00
AIRFLOW_CTX_TRY_NUMBER=1
AIRFLOW_CTX_DAG_RUN_ID=scheduled__2022-06-05T01:32:06.051317+00:00
[2022-06-05 00:39:20,491] {logging_mixin.py:115} INFO - <_io.TextIOWrapper name='teste_uiliam.csv' mode='r' encoding='UTF-8'>
[2022-06-05 00:39:21,245] {python.py:173} INFO - Done. Returned value was: None
[2022-06-05 00:39:21,270] {taskinstance.py:1396} INFO - Marking task as SUCCESS. dag_id=census, task_id=populate_table, execution_date=20220605T013206, start_date=20220605T033919, end_date=20220605T033921
[2022-06-05 00:39:21,332] {local_task_job.py:156} INFO - Task exited with return code 0
[2022-06-05 00:39:21,399] {local_task_job.py:273} INFO - 0 downstream tasks scheduled from follow-on schedule check
