[2022-06-05 00:38:04,131] {taskinstance.py:1160} INFO - Dependencies all met for <TaskInstance: census.transforma_tabela scheduled__2022-06-05T01:03:06.051317+00:00 [queued]>
[2022-06-05 00:38:04,151] {taskinstance.py:1160} INFO - Dependencies all met for <TaskInstance: census.transforma_tabela scheduled__2022-06-05T01:03:06.051317+00:00 [queued]>
[2022-06-05 00:38:04,152] {taskinstance.py:1357} INFO - 
--------------------------------------------------------------------------------
[2022-06-05 00:38:04,152] {taskinstance.py:1358} INFO - Starting attempt 1 of 1
[2022-06-05 00:38:04,152] {taskinstance.py:1359} INFO - 
--------------------------------------------------------------------------------
[2022-06-05 00:38:04,175] {taskinstance.py:1378} INFO - Executing <Task(PythonOperator): transforma_tabela> on 2022-06-05 01:03:06.051317+00:00
[2022-06-05 00:38:04,182] {standard_task_runner.py:52} INFO - Started process 19574 to run task
[2022-06-05 00:38:04,197] {standard_task_runner.py:79} INFO - Running: ['airflow', 'tasks', 'run', 'census', 'transforma_tabela', 'scheduled__2022-06-05T01:03:06.051317+00:00', '--job-id', '497', '--raw', '--subdir', 'DAGS_FOLDER/dag.py', '--cfg-path', '/tmp/tmpey7ajdoq', '--error-file', '/tmp/tmp8zdp9cd4']
[2022-06-05 00:38:04,197] {standard_task_runner.py:80} INFO - Job 497: Subtask transforma_tabela
[2022-06-05 00:38:04,299] {task_command.py:370} INFO - Running <TaskInstance: census.transforma_tabela scheduled__2022-06-05T01:03:06.051317+00:00 [running]> on host uiliam-Vostro-15-3515
[2022-06-05 00:38:04,517] {taskinstance.py:1570} INFO - Exporting the following env vars:
AIRFLOW_CTX_DAG_OWNER=airflow
AIRFLOW_CTX_DAG_ID=census
AIRFLOW_CTX_TASK_ID=transforma_tabela
AIRFLOW_CTX_EXECUTION_DATE=2022-06-05T01:03:06.051317+00:00
AIRFLOW_CTX_TRY_NUMBER=1
AIRFLOW_CTX_DAG_RUN_ID=scheduled__2022-06-05T01:03:06.051317+00:00
[2022-06-05 00:38:06,128] {python.py:173} INFO - Done. Returned value was: None
[2022-06-05 00:38:06,168] {taskinstance.py:1396} INFO - Marking task as SUCCESS. dag_id=census, task_id=transforma_tabela, execution_date=20220605T010306, start_date=20220605T033804, end_date=20220605T033806
[2022-06-05 00:38:06,216] {local_task_job.py:156} INFO - Task exited with return code 0
[2022-06-05 00:38:06,338] {local_task_job.py:273} INFO - 1 downstream tasks scheduled from follow-on schedule check
