[2022-06-17 17:12:28,687] {taskinstance.py:1160} INFO - Dependencies all met for <TaskInstance: sales.create_tables_tasks.criar_Stage_Customers scheduled__2022-06-17T20:12:13.712679+00:00 [queued]>
[2022-06-17 17:12:28,710] {taskinstance.py:1160} INFO - Dependencies all met for <TaskInstance: sales.create_tables_tasks.criar_Stage_Customers scheduled__2022-06-17T20:12:13.712679+00:00 [queued]>
[2022-06-17 17:12:28,710] {taskinstance.py:1357} INFO - 
--------------------------------------------------------------------------------
[2022-06-17 17:12:28,710] {taskinstance.py:1358} INFO - Starting attempt 1 of 1
[2022-06-17 17:12:28,711] {taskinstance.py:1359} INFO - 
--------------------------------------------------------------------------------
[2022-06-17 17:12:28,733] {taskinstance.py:1378} INFO - Executing <Task(PostgresOperator): create_tables_tasks.criar_Stage_Customers> on 2022-06-17 20:12:13.712679+00:00
[2022-06-17 17:12:28,742] {standard_task_runner.py:52} INFO - Started process 134638 to run task
[2022-06-17 17:12:28,748] {standard_task_runner.py:79} INFO - Running: ['airflow', 'tasks', 'run', 'sales', 'create_tables_tasks.criar_Stage_Customers', 'scheduled__2022-06-17T20:12:13.712679+00:00', '--job-id', '1266', '--raw', '--subdir', 'DAGS_FOLDER/dag copy.py', '--cfg-path', '/tmp/tmpo5ue13b1', '--error-file', '/tmp/tmpkdjz8dc0']
[2022-06-17 17:12:28,749] {standard_task_runner.py:80} INFO - Job 1266: Subtask create_tables_tasks.criar_Stage_Customers
[2022-06-17 17:12:28,846] {task_command.py:370} INFO - Running <TaskInstance: sales.create_tables_tasks.criar_Stage_Customers scheduled__2022-06-17T20:12:13.712679+00:00 [running]> on host uiliam-Vostro-15-3515
[2022-06-17 17:12:28,987] {taskinstance.py:1570} INFO - Exporting the following env vars:
AIRFLOW_CTX_DAG_OWNER=airflow
AIRFLOW_CTX_DAG_ID=sales
AIRFLOW_CTX_TASK_ID=create_tables_tasks.criar_Stage_Customers
AIRFLOW_CTX_EXECUTION_DATE=2022-06-17T20:12:13.712679+00:00
AIRFLOW_CTX_TRY_NUMBER=1
AIRFLOW_CTX_DAG_RUN_ID=scheduled__2022-06-17T20:12:13.712679+00:00
[2022-06-17 17:12:29,005] {base.py:68} INFO - Using connection ID '***_default' for task execution.
[2022-06-17 17:12:29,011] {dbapi.py:213} INFO - Running statement: 
                CREATE TABLE IF NOT EXISTS Stg_Customers (
                customername VARCHAR(30),
                contactlastname VARCHAR(30),
                contactfirstname VARCHAR(30),
                phone VARCHAR(30),
                addressline1 VARCHAR(30),
                city VARCHAR(30),
                state VARCHAR(20),
                postalcode VARCHAR(30),
                country VARCHAR(30),
                creditlimit FLOAT
                )
            , parameters: None
[2022-06-17 17:12:29,013] {postgres.py:94} INFO - NOTICE:  relation "stg_customers" already exists, skipping

[2022-06-17 17:12:29,040] {taskinstance.py:1396} INFO - Marking task as SUCCESS. dag_id=sales, task_id=create_tables_tasks.criar_Stage_Customers, execution_date=20220617T201213, start_date=20220617T201228, end_date=20220617T201229
[2022-06-17 17:12:29,081] {local_task_job.py:156} INFO - Task exited with return code 0
[2022-06-17 17:12:29,190] {local_task_job.py:273} INFO - 0 downstream tasks scheduled from follow-on schedule check
