[2022-06-05 19:34:51,924] {taskinstance.py:1160} INFO - Dependencies all met for <TaskInstance: census.controle_fluxo scheduled__2022-06-05T22:33:25.245069+00:00 [queued]>
[2022-06-05 19:34:51,943] {taskinstance.py:1160} INFO - Dependencies all met for <TaskInstance: census.controle_fluxo scheduled__2022-06-05T22:33:25.245069+00:00 [queued]>
[2022-06-05 19:34:51,943] {taskinstance.py:1357} INFO - 
--------------------------------------------------------------------------------
[2022-06-05 19:34:51,943] {taskinstance.py:1358} INFO - Starting attempt 1 of 1
[2022-06-05 19:34:51,943] {taskinstance.py:1359} INFO - 
--------------------------------------------------------------------------------
[2022-06-05 19:34:51,966] {taskinstance.py:1378} INFO - Executing <Task(PythonOperator): controle_fluxo> on 2022-06-05 22:33:25.245069+00:00
[2022-06-05 19:34:51,978] {standard_task_runner.py:52} INFO - Started process 128003 to run task
[2022-06-05 19:34:51,984] {standard_task_runner.py:79} INFO - Running: ['airflow', 'tasks', 'run', 'census', 'controle_fluxo', 'scheduled__2022-06-05T22:33:25.245069+00:00', '--job-id', '913', '--raw', '--subdir', 'DAGS_FOLDER/dag.py', '--cfg-path', '/tmp/tmp88ohjnmd', '--error-file', '/tmp/tmp3wi8xjcy']
[2022-06-05 19:34:51,985] {standard_task_runner.py:80} INFO - Job 913: Subtask controle_fluxo
[2022-06-05 19:34:52,069] {task_command.py:370} INFO - Running <TaskInstance: census.controle_fluxo scheduled__2022-06-05T22:33:25.245069+00:00 [running]> on host uiliam-Vostro-15-3515
[2022-06-05 19:34:52,180] {taskinstance.py:1570} INFO - Exporting the following env vars:
AIRFLOW_CTX_DAG_OWNER=airflow
AIRFLOW_CTX_DAG_ID=census
AIRFLOW_CTX_TASK_ID=controle_fluxo
AIRFLOW_CTX_EXECUTION_DATE=2022-06-05T22:33:25.245069+00:00
AIRFLOW_CTX_TRY_NUMBER=1
AIRFLOW_CTX_DAG_RUN_ID=scheduled__2022-06-05T22:33:25.245069+00:00
[2022-06-05 19:34:52,660] {python.py:173} INFO - Done. Returned value was:       age          workclass  fnlwgt     education  education_num       marital_status  ...      sex capital_gain capital_loss hours_per_week  native_country   class
0       0          State-gov   77516     Bachelors             13        Never-married  ...     Male         2174            0             40   United-States   <=50K
1       0   Self-emp-not-inc   83311     Bachelors             13   Married-civ-spouse  ...     Male            0            0             13   United-States   <=50K
2       0            Private  215646       HS-grad              9             Divorced  ...     Male            0            0             40   United-States   <=50K
3       0            Private  234721          11th              7   Married-civ-spouse  ...     Male            0            0             40   United-States   <=50K
4       0            Private  338409     Bachelors             13   Married-civ-spouse  ...   Female            0            0             40            Cuba   <=50K
...   ...                ...     ...           ...            ...                  ...  ...      ...          ...          ...            ...             ...     ...
1625    0   Self-emp-not-inc  163174   Prof-school             15   Married-civ-spouse  ...     Male            0            0             35   United-States    >50K
1626    0            Private  126010       HS-grad              9   Married-civ-spouse  ...     Male            0            0             40   United-States   <=50K
1627    0            Private  147876     Bachelors             13   Married-civ-spouse  ...   Female        15024            0             60   United-States    >50K
1628    0            Private  428350       HS-grad              9   Married-civ-spouse  ...   Female            0         1740             40   United-States   <=50K
1629    0               null  200904    Assoc-acdm             12   Married-civ-spouse  ...   Female            0            0             21           Haiti   <=50K

[1630 rows x 15 columns]
[2022-06-05 19:34:52,721] {taskinstance.py:1396} INFO - Marking task as SUCCESS. dag_id=census, task_id=controle_fluxo, execution_date=20220605T223325, start_date=20220605T223451, end_date=20220605T223452
[2022-06-05 19:34:52,797] {local_task_job.py:156} INFO - Task exited with return code 0
[2022-06-05 19:34:52,866] {local_task_job.py:273} INFO - 1 downstream tasks scheduled from follow-on schedule check
