[2022-06-04 21:17:20,768] {taskinstance.py:1160} INFO - Dependencies all met for <TaskInstance: census.extract_data scheduled__2022-06-03T00:11:00+00:00 [queued]>
[2022-06-04 21:17:20,808] {taskinstance.py:1160} INFO - Dependencies all met for <TaskInstance: census.extract_data scheduled__2022-06-03T00:11:00+00:00 [queued]>
[2022-06-04 21:17:20,809] {taskinstance.py:1357} INFO - 
--------------------------------------------------------------------------------
[2022-06-04 21:17:20,809] {taskinstance.py:1358} INFO - Starting attempt 1 of 1
[2022-06-04 21:17:20,809] {taskinstance.py:1359} INFO - 
--------------------------------------------------------------------------------
[2022-06-04 21:17:20,884] {taskinstance.py:1378} INFO - Executing <Task(PythonOperator): extract_data> on 2022-06-03 00:11:00+00:00
[2022-06-04 21:17:20,901] {standard_task_runner.py:52} INFO - Started process 35312 to run task
[2022-06-04 21:17:20,919] {standard_task_runner.py:79} INFO - Running: ['airflow', 'tasks', 'run', 'census', 'extract_data', 'scheduled__2022-06-03T00:11:00+00:00', '--job-id', '306', '--raw', '--subdir', 'DAGS_FOLDER/dag.py', '--cfg-path', '/tmp/tmp2ilgxqu7', '--error-file', '/tmp/tmpyyt886bm']
[2022-06-04 21:17:20,929] {standard_task_runner.py:80} INFO - Job 306: Subtask extract_data
[2022-06-04 21:17:21,139] {task_command.py:370} INFO - Running <TaskInstance: census.extract_data scheduled__2022-06-03T00:11:00+00:00 [running]> on host uiliam-Vostro-15-3515
[2022-06-04 21:17:21,510] {taskinstance.py:1570} INFO - Exporting the following env vars:
AIRFLOW_CTX_DAG_OWNER=airflow
AIRFLOW_CTX_DAG_ID=census
AIRFLOW_CTX_TASK_ID=extract_data
AIRFLOW_CTX_EXECUTION_DATE=2022-06-03T00:11:00+00:00
AIRFLOW_CTX_TRY_NUMBER=1
AIRFLOW_CTX_DAG_RUN_ID=scheduled__2022-06-03T00:11:00+00:00
[2022-06-04 21:17:22,211] {python.py:173} INFO - Done. Returned value was:       age          workclass   fnlwgt    education  education_num       marital_status  ...      sex capital_gain capital_loss hours_per_week  native_country  classes
0      39          State-gov    77516    Bachelors             13        Never-married  ...     Male         2174            0             40   United-States    <=50K
1      50   Self-emp-not-inc    83311    Bachelors             13   Married-civ-spouse  ...     Male            0            0             13   United-States    <=50K
2      38            Private   215646      HS-grad              9             Divorced  ...     Male            0            0             40   United-States    <=50K
3      53            Private   234721         11th              7   Married-civ-spouse  ...     Male            0            0             40   United-States    <=50K
4      28            Private   338409    Bachelors             13   Married-civ-spouse  ...   Female            0            0             40            Cuba    <=50K
...    ..                ...      ...          ...            ...                  ...  ...      ...          ...          ...            ...             ...      ...
32556  27            Private   257302   Assoc-acdm             12   Married-civ-spouse  ...   Female            0            0             38   United-States    <=50K
32557  40            Private   154374      HS-grad              9   Married-civ-spouse  ...     Male            0            0             40   United-States     >50K
32558  58            Private   151910      HS-grad              9              Widowed  ...   Female            0            0             40   United-States    <=50K
32559  22            Private   201490      HS-grad              9        Never-married  ...     Male            0            0             20   United-States    <=50K
32560  52       Self-emp-inc   287927      HS-grad              9   Married-civ-spouse  ...   Female        15024            0             40   United-States     >50K

[32561 rows x 15 columns]
[2022-06-04 21:17:22,816] {taskinstance.py:1396} INFO - Marking task as SUCCESS. dag_id=census, task_id=extract_data, execution_date=20220603T001100, start_date=20220605T001720, end_date=20220605T001722
[2022-06-04 21:17:22,988] {local_task_job.py:156} INFO - Task exited with return code 0
[2022-06-04 21:17:23,171] {local_task_job.py:273} INFO - 1 downstream tasks scheduled from follow-on schedule check
