[2022-06-04 21:17:37,345] {taskinstance.py:1160} INFO - Dependencies all met for <TaskInstance: census.criar_table scheduled__2022-06-03T00:10:00+00:00 [queued]>
[2022-06-04 21:17:37,371] {taskinstance.py:1160} INFO - Dependencies all met for <TaskInstance: census.criar_table scheduled__2022-06-03T00:10:00+00:00 [queued]>
[2022-06-04 21:17:37,371] {taskinstance.py:1357} INFO - 
--------------------------------------------------------------------------------
[2022-06-04 21:17:37,372] {taskinstance.py:1358} INFO - Starting attempt 1 of 1
[2022-06-04 21:17:37,372] {taskinstance.py:1359} INFO - 
--------------------------------------------------------------------------------
[2022-06-04 21:17:37,401] {taskinstance.py:1378} INFO - Executing <Task(PostgresOperator): criar_table> on 2022-06-03 00:10:00+00:00
[2022-06-04 21:17:37,412] {standard_task_runner.py:52} INFO - Started process 36877 to run task
[2022-06-04 21:17:37,428] {standard_task_runner.py:79} INFO - Running: ['airflow', 'tasks', 'run', 'census', 'criar_table', 'scheduled__2022-06-03T00:10:00+00:00', '--job-id', '351', '--raw', '--subdir', 'DAGS_FOLDER/dag.py', '--cfg-path', '/tmp/tmphbon0toy', '--error-file', '/tmp/tmps470gkly']
[2022-06-04 21:17:37,429] {standard_task_runner.py:80} INFO - Job 351: Subtask criar_table
[2022-06-04 21:17:37,613] {task_command.py:370} INFO - Running <TaskInstance: census.criar_table scheduled__2022-06-03T00:10:00+00:00 [running]> on host uiliam-Vostro-15-3515
[2022-06-04 21:17:37,926] {taskinstance.py:1570} INFO - Exporting the following env vars:
AIRFLOW_CTX_DAG_OWNER=airflow
AIRFLOW_CTX_DAG_ID=census
AIRFLOW_CTX_TASK_ID=criar_table
AIRFLOW_CTX_EXECUTION_DATE=2022-06-03T00:10:00+00:00
AIRFLOW_CTX_TRY_NUMBER=1
AIRFLOW_CTX_DAG_RUN_ID=scheduled__2022-06-03T00:10:00+00:00
[2022-06-04 21:17:37,946] {base.py:68} INFO - Using connection ID '***_default' for task execution.
[2022-06-04 21:17:37,966] {dbapi.py:213} INFO - Running statement: 
            DROP TABLE IF EXISTS census;
            CREATE TABLE census (
                id_census             SERIAL PRIMARY KEY,
                age                   INT,
                workclass             VARCHAR(20),
                fnlwgt                FLOAT,
                education             VARCHAR(20),
                education_num         INT,
                marital_status        VARCHAR(30),
                occupation            VARCHAR(20),
                relationship          VARCHAR(30),
                race                  VARCHAR(30),
                sex                   VARCHAR(10),
                capital_gain          FLOAT,
                capital_loss          FLOAT,
                hours_per_week        INT,
                native_country        VARCHAR(30),
                class                 VARCHAR(10)
                )
        , parameters: None
[2022-06-04 21:17:38,744] {taskinstance.py:1396} INFO - Marking task as SUCCESS. dag_id=census, task_id=criar_table, execution_date=20220603T001000, start_date=20220605T001737, end_date=20220605T001738
[2022-06-04 21:17:38,807] {local_task_job.py:156} INFO - Task exited with return code 0
[2022-06-04 21:17:38,911] {local_task_job.py:273} INFO - 1 downstream tasks scheduled from follow-on schedule check
