[2022-06-05 00:40:19,699] {taskinstance.py:1160} INFO - Dependencies all met for <TaskInstance: census.populate_table scheduled__2022-06-05T03:39:03.924696+00:00 [queued]>
[2022-06-05 00:40:19,737] {taskinstance.py:1160} INFO - Dependencies all met for <TaskInstance: census.populate_table scheduled__2022-06-05T03:39:03.924696+00:00 [queued]>
[2022-06-05 00:40:19,738] {taskinstance.py:1357} INFO - 
--------------------------------------------------------------------------------
[2022-06-05 00:40:19,738] {taskinstance.py:1358} INFO - Starting attempt 1 of 1
[2022-06-05 00:40:19,738] {taskinstance.py:1359} INFO - 
--------------------------------------------------------------------------------
[2022-06-05 00:40:19,770] {taskinstance.py:1378} INFO - Executing <Task(PythonOperator): populate_table> on 2022-06-05 03:39:03.924696+00:00
[2022-06-05 00:40:19,785] {standard_task_runner.py:52} INFO - Started process 29600 to run task
[2022-06-05 00:40:19,800] {standard_task_runner.py:79} INFO - Running: ['airflow', 'tasks', 'run', 'census', 'populate_table', 'scheduled__2022-06-05T03:39:03.924696+00:00', '--job-id', '753', '--raw', '--subdir', 'DAGS_FOLDER/dag.py', '--cfg-path', '/tmp/tmpju5resiy', '--error-file', '/tmp/tmpt4ozq0i7']
[2022-06-05 00:40:19,801] {standard_task_runner.py:80} INFO - Job 753: Subtask populate_table
[2022-06-05 00:40:19,946] {task_command.py:370} INFO - Running <TaskInstance: census.populate_table scheduled__2022-06-05T03:39:03.924696+00:00 [running]> on host uiliam-Vostro-15-3515
[2022-06-05 00:40:20,115] {taskinstance.py:1570} INFO - Exporting the following env vars:
AIRFLOW_CTX_DAG_OWNER=airflow
AIRFLOW_CTX_DAG_ID=census
AIRFLOW_CTX_TASK_ID=populate_table
AIRFLOW_CTX_EXECUTION_DATE=2022-06-05T03:39:03.924696+00:00
AIRFLOW_CTX_TRY_NUMBER=1
AIRFLOW_CTX_DAG_RUN_ID=scheduled__2022-06-05T03:39:03.924696+00:00
[2022-06-05 00:40:20,124] {logging_mixin.py:115} INFO - <_io.TextIOWrapper name='teste_uiliam.csv' mode='r' encoding='UTF-8'>
[2022-06-05 00:40:20,478] {python.py:173} INFO - Done. Returned value was: None
[2022-06-05 00:40:20,506] {taskinstance.py:1396} INFO - Marking task as SUCCESS. dag_id=census, task_id=populate_table, execution_date=20220605T033903, start_date=20220605T034019, end_date=20220605T034020
[2022-06-05 00:40:20,568] {local_task_job.py:156} INFO - Task exited with return code 0
[2022-06-05 00:40:20,633] {local_task_job.py:273} INFO - 0 downstream tasks scheduled from follow-on schedule check
