[2022-06-04 13:01:43,963] {taskinstance.py:1160} INFO - Dependencies all met for <TaskInstance: census.transforma_tabela manual__2022-06-04T16:01:39.286570+00:00 [queued]>
[2022-06-04 13:01:43,980] {taskinstance.py:1160} INFO - Dependencies all met for <TaskInstance: census.transforma_tabela manual__2022-06-04T16:01:39.286570+00:00 [queued]>
[2022-06-04 13:01:43,980] {taskinstance.py:1357} INFO - 
--------------------------------------------------------------------------------
[2022-06-04 13:01:43,981] {taskinstance.py:1358} INFO - Starting attempt 1 of 1
[2022-06-04 13:01:43,981] {taskinstance.py:1359} INFO - 
--------------------------------------------------------------------------------
[2022-06-04 13:01:44,004] {taskinstance.py:1378} INFO - Executing <Task(PythonOperator): transforma_tabela> on 2022-06-04 16:01:39.286570+00:00
[2022-06-04 13:01:44,014] {standard_task_runner.py:52} INFO - Started process 40462 to run task
[2022-06-04 13:01:44,020] {standard_task_runner.py:79} INFO - Running: ['airflow', 'tasks', 'run', 'census', 'transforma_tabela', 'manual__2022-06-04T16:01:39.286570+00:00', '--job-id', '109', '--raw', '--subdir', 'DAGS_FOLDER/dag.py', '--cfg-path', '/tmp/tmp60ohq_j0', '--error-file', '/tmp/tmpbrr80w2k']
[2022-06-04 13:01:44,020] {standard_task_runner.py:80} INFO - Job 109: Subtask transforma_tabela
[2022-06-04 13:01:44,096] {task_command.py:370} INFO - Running <TaskInstance: census.transforma_tabela manual__2022-06-04T16:01:39.286570+00:00 [running]> on host uiliam-Vostro-15-3515
[2022-06-04 13:01:44,205] {taskinstance.py:1570} INFO - Exporting the following env vars:
AIRFLOW_CTX_DAG_OWNER=airflow
AIRFLOW_CTX_DAG_ID=census
AIRFLOW_CTX_TASK_ID=transforma_tabela
AIRFLOW_CTX_EXECUTION_DATE=2022-06-04T16:01:39.286570+00:00
AIRFLOW_CTX_TRY_NUMBER=1
AIRFLOW_CTX_DAG_RUN_ID=manual__2022-06-04T16:01:39.286570+00:00
[2022-06-04 13:01:44,610] {taskinstance.py:1890} ERROR - Task failed with exception
Traceback (most recent call last):
  File "/home/uiliam/sandbox/lib/python3.9/site-packages/airflow/operators/python.py", line 171, in execute
    return_value = self.execute_callable()
  File "/home/uiliam/sandbox/lib/python3.9/site-packages/airflow/operators/python.py", line 189, in execute_callable
    return self.python_callable(*self.op_args, **self.op_kwargs)
  File "/home/uiliam/airflow/dags/census.py", line 70, in transform_data
    df_data['fnlwgt'] = df_data['fnlwgt'].apply(lambda x: x.split(' ')[1])
  File "/home/uiliam/sandbox/lib/python3.9/site-packages/pandas/core/series.py", line 4433, in apply
    return SeriesApply(self, func, convert_dtype, args, kwargs).apply()
  File "/home/uiliam/sandbox/lib/python3.9/site-packages/pandas/core/apply.py", line 1082, in apply
    return self.apply_standard()
  File "/home/uiliam/sandbox/lib/python3.9/site-packages/pandas/core/apply.py", line 1137, in apply_standard
    mapped = lib.map_infer(
  File "pandas/_libs/lib.pyx", line 2870, in pandas._libs.lib.map_infer
  File "/home/uiliam/airflow/dags/census.py", line 70, in <lambda>
    df_data['fnlwgt'] = df_data['fnlwgt'].apply(lambda x: x.split(' ')[1])
IndexError: list index out of range
[2022-06-04 13:01:44,626] {taskinstance.py:1396} INFO - Marking task as FAILED. dag_id=census, task_id=transforma_tabela, execution_date=20220604T160139, start_date=20220604T160143, end_date=20220604T160144
[2022-06-04 13:01:44,654] {standard_task_runner.py:92} ERROR - Failed to execute job 109 for task transforma_tabela (list index out of range; 40462)
[2022-06-04 13:01:44,713] {local_task_job.py:156} INFO - Task exited with return code 1
[2022-06-04 13:01:44,781] {local_task_job.py:273} INFO - 0 downstream tasks scheduled from follow-on schedule check
