[2022-06-05 21:28:47,231] {taskinstance.py:1160} INFO - Dependencies all met for <TaskInstance: census.transforma_tabela scheduled__2022-06-06T00:28:02.628192+00:00 [queued]>
[2022-06-05 21:28:47,251] {taskinstance.py:1160} INFO - Dependencies all met for <TaskInstance: census.transforma_tabela scheduled__2022-06-06T00:28:02.628192+00:00 [queued]>
[2022-06-05 21:28:47,252] {taskinstance.py:1357} INFO - 
--------------------------------------------------------------------------------
[2022-06-05 21:28:47,252] {taskinstance.py:1358} INFO - Starting attempt 1 of 1
[2022-06-05 21:28:47,252] {taskinstance.py:1359} INFO - 
--------------------------------------------------------------------------------
[2022-06-05 21:28:47,274] {taskinstance.py:1378} INFO - Executing <Task(PythonOperator): transforma_tabela> on 2022-06-06 00:28:02.628192+00:00
[2022-06-05 21:28:47,284] {standard_task_runner.py:52} INFO - Started process 10111 to run task
[2022-06-05 21:28:47,289] {standard_task_runner.py:79} INFO - Running: ['airflow', 'tasks', 'run', 'census', 'transforma_tabela', 'scheduled__2022-06-06T00:28:02.628192+00:00', '--job-id', '1103', '--raw', '--subdir', 'DAGS_FOLDER/dag.py', '--cfg-path', '/tmp/tmpavmjg73o', '--error-file', '/tmp/tmpz1xfkk43']
[2022-06-05 21:28:47,290] {standard_task_runner.py:80} INFO - Job 1103: Subtask transforma_tabela
[2022-06-05 21:28:47,372] {task_command.py:370} INFO - Running <TaskInstance: census.transforma_tabela scheduled__2022-06-06T00:28:02.628192+00:00 [running]> on host uiliam-Vostro-15-3515
[2022-06-05 21:28:47,473] {taskinstance.py:1570} INFO - Exporting the following env vars:
AIRFLOW_CTX_DAG_OWNER=airflow
AIRFLOW_CTX_DAG_ID=census
AIRFLOW_CTX_TASK_ID=transforma_tabela
AIRFLOW_CTX_EXECUTION_DATE=2022-06-06T00:28:02.628192+00:00
AIRFLOW_CTX_TRY_NUMBER=1
AIRFLOW_CTX_DAG_RUN_ID=scheduled__2022-06-06T00:28:02.628192+00:00
[2022-06-05 21:28:48,338] {python.py:173} INFO - Done. Returned value was: None
[2022-06-05 21:28:48,358] {taskinstance.py:1396} INFO - Marking task as SUCCESS. dag_id=census, task_id=transforma_tabela, execution_date=20220606T002802, start_date=20220606T002847, end_date=20220606T002848
[2022-06-05 21:28:48,424] {local_task_job.py:156} INFO - Task exited with return code 0
[2022-06-05 21:28:48,501] {local_task_job.py:273} INFO - 1 downstream tasks scheduled from follow-on schedule check
