[2022-06-04 21:17:32,464] {taskinstance.py:1160} INFO - Dependencies all met for <TaskInstance: census.populate_table scheduled__2022-06-03T00:01:00+00:00 [queued]>
[2022-06-04 21:17:32,505] {taskinstance.py:1160} INFO - Dependencies all met for <TaskInstance: census.populate_table scheduled__2022-06-03T00:01:00+00:00 [queued]>
[2022-06-04 21:17:32,505] {taskinstance.py:1357} INFO - 
--------------------------------------------------------------------------------
[2022-06-04 21:17:32,505] {taskinstance.py:1358} INFO - Starting attempt 1 of 1
[2022-06-04 21:17:32,505] {taskinstance.py:1359} INFO - 
--------------------------------------------------------------------------------
[2022-06-04 21:17:32,611] {taskinstance.py:1378} INFO - Executing <Task(PythonOperator): populate_table> on 2022-06-03 00:01:00+00:00
[2022-06-04 21:17:32,621] {standard_task_runner.py:52} INFO - Started process 36388 to run task
[2022-06-04 21:17:32,685] {standard_task_runner.py:79} INFO - Running: ['airflow', 'tasks', 'run', 'census', 'populate_table', 'scheduled__2022-06-03T00:01:00+00:00', '--job-id', '337', '--raw', '--subdir', 'DAGS_FOLDER/dag.py', '--cfg-path', '/tmp/tmp6ugzqf5z', '--error-file', '/tmp/tmpsxfj2gkt']
[2022-06-04 21:17:32,706] {standard_task_runner.py:80} INFO - Job 337: Subtask populate_table
[2022-06-04 21:17:33,015] {task_command.py:370} INFO - Running <TaskInstance: census.populate_table scheduled__2022-06-03T00:01:00+00:00 [running]> on host uiliam-Vostro-15-3515
[2022-06-04 21:17:33,257] {taskinstance.py:1570} INFO - Exporting the following env vars:
AIRFLOW_CTX_DAG_OWNER=airflow
AIRFLOW_CTX_DAG_ID=census
AIRFLOW_CTX_TASK_ID=populate_table
AIRFLOW_CTX_EXECUTION_DATE=2022-06-03T00:01:00+00:00
AIRFLOW_CTX_TRY_NUMBER=1
AIRFLOW_CTX_DAG_RUN_ID=scheduled__2022-06-03T00:01:00+00:00
[2022-06-04 21:17:33,273] {logging_mixin.py:115} INFO - <_io.TextIOWrapper name='teste_uiliam.csv' mode='r' encoding='UTF-8'>
[2022-06-04 21:17:33,694] {python.py:173} INFO - Done. Returned value was: None
[2022-06-04 21:17:33,733] {taskinstance.py:1396} INFO - Marking task as SUCCESS. dag_id=census, task_id=populate_table, execution_date=20220603T000100, start_date=20220605T001732, end_date=20220605T001733
[2022-06-04 21:17:33,830] {local_task_job.py:156} INFO - Task exited with return code 0
[2022-06-04 21:17:33,941] {local_task_job.py:273} INFO - 0 downstream tasks scheduled from follow-on schedule check
