[2022-06-05 00:39:20,455] {taskinstance.py:1160} INFO - Dependencies all met for <TaskInstance: census.criar_table scheduled__2022-06-05T01:33:06.051317+00:00 [queued]>
[2022-06-05 00:39:20,505] {taskinstance.py:1160} INFO - Dependencies all met for <TaskInstance: census.criar_table scheduled__2022-06-05T01:33:06.051317+00:00 [queued]>
[2022-06-05 00:39:20,506] {taskinstance.py:1357} INFO - 
--------------------------------------------------------------------------------
[2022-06-05 00:39:20,506] {taskinstance.py:1358} INFO - Starting attempt 1 of 1
[2022-06-05 00:39:20,506] {taskinstance.py:1359} INFO - 
--------------------------------------------------------------------------------
[2022-06-05 00:39:20,611] {taskinstance.py:1378} INFO - Executing <Task(PostgresOperator): criar_table> on 2022-06-05 01:33:06.051317+00:00
[2022-06-05 00:39:20,627] {standard_task_runner.py:52} INFO - Started process 25850 to run task
[2022-06-05 00:39:20,634] {standard_task_runner.py:79} INFO - Running: ['airflow', 'tasks', 'run', 'census', 'criar_table', 'scheduled__2022-06-05T01:33:06.051317+00:00', '--job-id', '670', '--raw', '--subdir', 'DAGS_FOLDER/dag.py', '--cfg-path', '/tmp/tmp39_n5fhb', '--error-file', '/tmp/tmpa1gq9bf2']
[2022-06-05 00:39:20,635] {standard_task_runner.py:80} INFO - Job 670: Subtask criar_table
[2022-06-05 00:39:20,764] {task_command.py:370} INFO - Running <TaskInstance: census.criar_table scheduled__2022-06-05T01:33:06.051317+00:00 [running]> on host uiliam-Vostro-15-3515
[2022-06-05 00:39:20,967] {taskinstance.py:1570} INFO - Exporting the following env vars:
AIRFLOW_CTX_DAG_OWNER=airflow
AIRFLOW_CTX_DAG_ID=census
AIRFLOW_CTX_TASK_ID=criar_table
AIRFLOW_CTX_EXECUTION_DATE=2022-06-05T01:33:06.051317+00:00
AIRFLOW_CTX_TRY_NUMBER=1
AIRFLOW_CTX_DAG_RUN_ID=scheduled__2022-06-05T01:33:06.051317+00:00
[2022-06-05 00:39:21,000] {base.py:68} INFO - Using connection ID '***_default' for task execution.
[2022-06-05 00:39:21,015] {dbapi.py:213} INFO - Running statement: 
            DROP TABLE IF EXISTS census;
            CREATE TABLE census (
                id_census             SERIAL PRIMARY KEY,
                age                   INT,
                workclass             VARCHAR(20),
                fnlwgt                FLOAT,
                education             VARCHAR(20),
                education_num         INT,
                marital_status        VARCHAR(30),
                occupation            VARCHAR(20),
                relationship          VARCHAR(30),
                race                  VARCHAR(30),
                sex                   VARCHAR(10),
                capital_gain          FLOAT,
                capital_loss          FLOAT,
                hours_per_week        INT,
                native_country        VARCHAR(30),
                class                 VARCHAR(10)
                )
        , parameters: None
[2022-06-05 00:39:21,286] {taskinstance.py:1396} INFO - Marking task as SUCCESS. dag_id=census, task_id=criar_table, execution_date=20220605T013306, start_date=20220605T033920, end_date=20220605T033921
[2022-06-05 00:39:21,372] {local_task_job.py:156} INFO - Task exited with return code 0
[2022-06-05 00:39:21,466] {local_task_job.py:273} INFO - 1 downstream tasks scheduled from follow-on schedule check
