[2022-06-04 21:17:24,408] {taskinstance.py:1160} INFO - Dependencies all met for <TaskInstance: census.transforma_tabela scheduled__2022-06-03T00:05:00+00:00 [queued]>
[2022-06-04 21:17:24,490] {taskinstance.py:1160} INFO - Dependencies all met for <TaskInstance: census.transforma_tabela scheduled__2022-06-03T00:05:00+00:00 [queued]>
[2022-06-04 21:17:24,490] {taskinstance.py:1357} INFO - 
--------------------------------------------------------------------------------
[2022-06-04 21:17:24,490] {taskinstance.py:1358} INFO - Starting attempt 1 of 1
[2022-06-04 21:17:24,491] {taskinstance.py:1359} INFO - 
--------------------------------------------------------------------------------
[2022-06-04 21:17:24,588] {taskinstance.py:1378} INFO - Executing <Task(PythonOperator): transforma_tabela> on 2022-06-03 00:05:00+00:00
[2022-06-04 21:17:24,606] {standard_task_runner.py:52} INFO - Started process 35591 to run task
[2022-06-04 21:17:24,626] {standard_task_runner.py:79} INFO - Running: ['airflow', 'tasks', 'run', 'census', 'transforma_tabela', 'scheduled__2022-06-03T00:05:00+00:00', '--job-id', '315', '--raw', '--subdir', 'DAGS_FOLDER/dag.py', '--cfg-path', '/tmp/tmppa8jest6', '--error-file', '/tmp/tmpqlv5jk5c']
[2022-06-04 21:17:24,627] {standard_task_runner.py:80} INFO - Job 315: Subtask transforma_tabela
[2022-06-04 21:17:24,865] {task_command.py:370} INFO - Running <TaskInstance: census.transforma_tabela scheduled__2022-06-03T00:05:00+00:00 [running]> on host uiliam-Vostro-15-3515
[2022-06-04 21:17:25,057] {taskinstance.py:1570} INFO - Exporting the following env vars:
AIRFLOW_CTX_DAG_OWNER=airflow
AIRFLOW_CTX_DAG_ID=census
AIRFLOW_CTX_TASK_ID=transforma_tabela
AIRFLOW_CTX_EXECUTION_DATE=2022-06-03T00:05:00+00:00
AIRFLOW_CTX_TRY_NUMBER=1
AIRFLOW_CTX_DAG_RUN_ID=scheduled__2022-06-03T00:05:00+00:00
[2022-06-04 21:17:26,456] {python.py:173} INFO - Done. Returned value was: None
[2022-06-04 21:17:26,495] {taskinstance.py:1396} INFO - Marking task as SUCCESS. dag_id=census, task_id=transforma_tabela, execution_date=20220603T000500, start_date=20220605T001724, end_date=20220605T001726
[2022-06-04 21:17:26,600] {local_task_job.py:156} INFO - Task exited with return code 0
[2022-06-04 21:17:26,935] {local_task_job.py:273} INFO - 1 downstream tasks scheduled from follow-on schedule check
