[2022-06-05 00:43:45,216] {taskinstance.py:1160} INFO - Dependencies all met for <TaskInstance: census.transforma_tabela scheduled__2022-06-05T02:00:00+00:00 [queued]>
[2022-06-05 00:43:45,234] {taskinstance.py:1160} INFO - Dependencies all met for <TaskInstance: census.transforma_tabela scheduled__2022-06-05T02:00:00+00:00 [queued]>
[2022-06-05 00:43:45,234] {taskinstance.py:1357} INFO - 
--------------------------------------------------------------------------------
[2022-06-05 00:43:45,234] {taskinstance.py:1358} INFO - Starting attempt 1 of 1
[2022-06-05 00:43:45,234] {taskinstance.py:1359} INFO - 
--------------------------------------------------------------------------------
[2022-06-05 00:43:45,256] {taskinstance.py:1378} INFO - Executing <Task(PythonOperator): transforma_tabela> on 2022-06-05 02:00:00+00:00
[2022-06-05 00:43:45,266] {standard_task_runner.py:52} INFO - Started process 31675 to run task
[2022-06-05 00:43:45,271] {standard_task_runner.py:79} INFO - Running: ['airflow', 'tasks', 'run', 'census', 'transforma_tabela', 'scheduled__2022-06-05T02:00:00+00:00', '--job-id', '763', '--raw', '--subdir', 'DAGS_FOLDER/dag.py', '--cfg-path', '/tmp/tmpm0wyo35n', '--error-file', '/tmp/tmpdnvmg_t0']
[2022-06-05 00:43:45,271] {standard_task_runner.py:80} INFO - Job 763: Subtask transforma_tabela
[2022-06-05 00:43:45,353] {task_command.py:370} INFO - Running <TaskInstance: census.transforma_tabela scheduled__2022-06-05T02:00:00+00:00 [running]> on host uiliam-Vostro-15-3515
[2022-06-05 00:43:45,456] {taskinstance.py:1570} INFO - Exporting the following env vars:
AIRFLOW_CTX_DAG_OWNER=airflow
AIRFLOW_CTX_DAG_ID=census
AIRFLOW_CTX_TASK_ID=transforma_tabela
AIRFLOW_CTX_EXECUTION_DATE=2022-06-05T02:00:00+00:00
AIRFLOW_CTX_TRY_NUMBER=1
AIRFLOW_CTX_DAG_RUN_ID=scheduled__2022-06-05T02:00:00+00:00
[2022-06-05 00:43:45,977] {python.py:173} INFO - Done. Returned value was: None
[2022-06-05 00:43:45,998] {taskinstance.py:1396} INFO - Marking task as SUCCESS. dag_id=census, task_id=transforma_tabela, execution_date=20220605T020000, start_date=20220605T034345, end_date=20220605T034345
[2022-06-05 00:43:46,044] {local_task_job.py:156} INFO - Task exited with return code 0
[2022-06-05 00:43:46,112] {local_task_job.py:273} INFO - 1 downstream tasks scheduled from follow-on schedule check
[2022-06-05 00:50:27,452] {taskinstance.py:1160} INFO - Dependencies all met for <TaskInstance: census.transforma_tabela scheduled__2022-06-05T02:00:00+00:00 [queued]>
[2022-06-05 00:50:27,471] {taskinstance.py:1160} INFO - Dependencies all met for <TaskInstance: census.transforma_tabela scheduled__2022-06-05T02:00:00+00:00 [queued]>
[2022-06-05 00:50:27,471] {taskinstance.py:1357} INFO - 
--------------------------------------------------------------------------------
[2022-06-05 00:50:27,471] {taskinstance.py:1358} INFO - Starting attempt 1 of 1
[2022-06-05 00:50:27,472] {taskinstance.py:1359} INFO - 
--------------------------------------------------------------------------------
[2022-06-05 00:50:27,495] {taskinstance.py:1378} INFO - Executing <Task(PythonOperator): transforma_tabela> on 2022-06-05 02:00:00+00:00
[2022-06-05 00:50:27,508] {standard_task_runner.py:52} INFO - Started process 34256 to run task
[2022-06-05 00:50:27,515] {standard_task_runner.py:79} INFO - Running: ['airflow', 'tasks', 'run', 'census', 'transforma_tabela', 'scheduled__2022-06-05T02:00:00+00:00', '--job-id', '772', '--raw', '--subdir', 'DAGS_FOLDER/dag.py', '--cfg-path', '/tmp/tmpekth3ysn', '--error-file', '/tmp/tmpl6_yvir6']
[2022-06-05 00:50:27,516] {standard_task_runner.py:80} INFO - Job 772: Subtask transforma_tabela
[2022-06-05 00:50:27,603] {task_command.py:370} INFO - Running <TaskInstance: census.transforma_tabela scheduled__2022-06-05T02:00:00+00:00 [running]> on host uiliam-Vostro-15-3515
[2022-06-05 00:50:27,715] {taskinstance.py:1570} INFO - Exporting the following env vars:
AIRFLOW_CTX_DAG_OWNER=airflow
AIRFLOW_CTX_DAG_ID=census
AIRFLOW_CTX_TASK_ID=transforma_tabela
AIRFLOW_CTX_EXECUTION_DATE=2022-06-05T02:00:00+00:00
AIRFLOW_CTX_TRY_NUMBER=1
AIRFLOW_CTX_DAG_RUN_ID=scheduled__2022-06-05T02:00:00+00:00
[2022-06-05 00:50:28,245] {python.py:173} INFO - Done. Returned value was: None
[2022-06-05 00:50:28,266] {taskinstance.py:1396} INFO - Marking task as SUCCESS. dag_id=census, task_id=transforma_tabela, execution_date=20220605T020000, start_date=20220605T035027, end_date=20220605T035028
[2022-06-05 00:50:28,328] {local_task_job.py:156} INFO - Task exited with return code 0
[2022-06-05 00:50:28,413] {local_task_job.py:273} INFO - 1 downstream tasks scheduled from follow-on schedule check
