[2022-06-05 00:40:10,839] {taskinstance.py:1160} INFO - Dependencies all met for <TaskInstance: census.transforma_tabela scheduled__2022-06-05T03:39:02.640450+00:00 [queued]>
[2022-06-05 00:40:10,871] {taskinstance.py:1160} INFO - Dependencies all met for <TaskInstance: census.transforma_tabela scheduled__2022-06-05T03:39:02.640450+00:00 [queued]>
[2022-06-05 00:40:10,871] {taskinstance.py:1357} INFO - 
--------------------------------------------------------------------------------
[2022-06-05 00:40:10,871] {taskinstance.py:1358} INFO - Starting attempt 1 of 1
[2022-06-05 00:40:10,871] {taskinstance.py:1359} INFO - 
--------------------------------------------------------------------------------
[2022-06-05 00:40:10,911] {taskinstance.py:1378} INFO - Executing <Task(PythonOperator): transforma_tabela> on 2022-06-05 03:39:02.640450+00:00
[2022-06-05 00:40:10,928] {standard_task_runner.py:52} INFO - Started process 28939 to run task
[2022-06-05 00:40:10,953] {standard_task_runner.py:79} INFO - Running: ['airflow', 'tasks', 'run', 'census', 'transforma_tabela', 'scheduled__2022-06-05T03:39:02.640450+00:00', '--job-id', '736', '--raw', '--subdir', 'DAGS_FOLDER/dag.py', '--cfg-path', '/tmp/tmpgsp6abcf', '--error-file', '/tmp/tmpr_z5bdw9']
[2022-06-05 00:40:10,954] {standard_task_runner.py:80} INFO - Job 736: Subtask transforma_tabela
[2022-06-05 00:40:11,122] {task_command.py:370} INFO - Running <TaskInstance: census.transforma_tabela scheduled__2022-06-05T03:39:02.640450+00:00 [running]> on host uiliam-Vostro-15-3515
[2022-06-05 00:40:11,352] {taskinstance.py:1570} INFO - Exporting the following env vars:
AIRFLOW_CTX_DAG_OWNER=airflow
AIRFLOW_CTX_DAG_ID=census
AIRFLOW_CTX_TASK_ID=transforma_tabela
AIRFLOW_CTX_EXECUTION_DATE=2022-06-05T03:39:02.640450+00:00
AIRFLOW_CTX_TRY_NUMBER=1
AIRFLOW_CTX_DAG_RUN_ID=scheduled__2022-06-05T03:39:02.640450+00:00
[2022-06-05 00:40:12,124] {python.py:173} INFO - Done. Returned value was: None
[2022-06-05 00:40:12,188] {taskinstance.py:1396} INFO - Marking task as SUCCESS. dag_id=census, task_id=transforma_tabela, execution_date=20220605T033902, start_date=20220605T034010, end_date=20220605T034012
[2022-06-05 00:40:12,285] {local_task_job.py:156} INFO - Task exited with return code 0
[2022-06-05 00:40:12,419] {local_task_job.py:273} INFO - 1 downstream tasks scheduled from follow-on schedule check
