[2022-06-05 00:37:37,953] {taskinstance.py:1160} INFO - Dependencies all met for <TaskInstance: census.transforma_tabela scheduled__2022-06-05T00:52:06.051317+00:00 [queued]>
[2022-06-05 00:37:37,996] {taskinstance.py:1160} INFO - Dependencies all met for <TaskInstance: census.transforma_tabela scheduled__2022-06-05T00:52:06.051317+00:00 [queued]>
[2022-06-05 00:37:37,996] {taskinstance.py:1357} INFO - 
--------------------------------------------------------------------------------
[2022-06-05 00:37:37,997] {taskinstance.py:1358} INFO - Starting attempt 1 of 1
[2022-06-05 00:37:37,997] {taskinstance.py:1359} INFO - 
--------------------------------------------------------------------------------
[2022-06-05 00:37:38,080] {taskinstance.py:1378} INFO - Executing <Task(PythonOperator): transforma_tabela> on 2022-06-05 00:52:06.051317+00:00
[2022-06-05 00:37:38,122] {standard_task_runner.py:52} INFO - Started process 17473 to run task
[2022-06-05 00:37:38,141] {standard_task_runner.py:79} INFO - Running: ['airflow', 'tasks', 'run', 'census', 'transforma_tabela', 'scheduled__2022-06-05T00:52:06.051317+00:00', '--job-id', '442', '--raw', '--subdir', 'DAGS_FOLDER/dag.py', '--cfg-path', '/tmp/tmpaw8zxrtm', '--error-file', '/tmp/tmplv_ihfqf']
[2022-06-05 00:37:38,142] {standard_task_runner.py:80} INFO - Job 442: Subtask transforma_tabela
[2022-06-05 00:37:38,327] {task_command.py:370} INFO - Running <TaskInstance: census.transforma_tabela scheduled__2022-06-05T00:52:06.051317+00:00 [running]> on host uiliam-Vostro-15-3515
[2022-06-05 00:37:38,531] {taskinstance.py:1570} INFO - Exporting the following env vars:
AIRFLOW_CTX_DAG_OWNER=airflow
AIRFLOW_CTX_DAG_ID=census
AIRFLOW_CTX_TASK_ID=transforma_tabela
AIRFLOW_CTX_EXECUTION_DATE=2022-06-05T00:52:06.051317+00:00
AIRFLOW_CTX_TRY_NUMBER=1
AIRFLOW_CTX_DAG_RUN_ID=scheduled__2022-06-05T00:52:06.051317+00:00
[2022-06-05 00:37:39,404] {python.py:173} INFO - Done. Returned value was: None
[2022-06-05 00:37:39,452] {taskinstance.py:1396} INFO - Marking task as SUCCESS. dag_id=census, task_id=transforma_tabela, execution_date=20220605T005206, start_date=20220605T033737, end_date=20220605T033739
[2022-06-05 00:37:39,522] {local_task_job.py:156} INFO - Task exited with return code 0
[2022-06-05 00:37:40,079] {local_task_job.py:273} INFO - 0 downstream tasks scheduled from follow-on schedule check
