[2022-06-17 17:12:08,261] {taskinstance.py:1160} INFO - Dependencies all met for <TaskInstance: sales.create_tables_tasks.criar_Stage_Time scheduled__2022-06-17T20:11:53.712679+00:00 [queued]>
[2022-06-17 17:12:08,280] {taskinstance.py:1160} INFO - Dependencies all met for <TaskInstance: sales.create_tables_tasks.criar_Stage_Time scheduled__2022-06-17T20:11:53.712679+00:00 [queued]>
[2022-06-17 17:12:08,281] {taskinstance.py:1357} INFO - 
--------------------------------------------------------------------------------
[2022-06-17 17:12:08,281] {taskinstance.py:1358} INFO - Starting attempt 1 of 1
[2022-06-17 17:12:08,281] {taskinstance.py:1359} INFO - 
--------------------------------------------------------------------------------
[2022-06-17 17:12:08,303] {taskinstance.py:1378} INFO - Executing <Task(PostgresOperator): create_tables_tasks.criar_Stage_Time> on 2022-06-17 20:11:53.712679+00:00
[2022-06-17 17:12:08,310] {standard_task_runner.py:52} INFO - Started process 133807 to run task
[2022-06-17 17:12:08,315] {standard_task_runner.py:79} INFO - Running: ['airflow', 'tasks', 'run', 'sales', 'create_tables_tasks.criar_Stage_Time', 'scheduled__2022-06-17T20:11:53.712679+00:00', '--job-id', '1251', '--raw', '--subdir', 'DAGS_FOLDER/dag copy.py', '--cfg-path', '/tmp/tmpzc8956lg', '--error-file', '/tmp/tmpp8qkuceg']
[2022-06-17 17:12:08,315] {standard_task_runner.py:80} INFO - Job 1251: Subtask create_tables_tasks.criar_Stage_Time
[2022-06-17 17:12:08,397] {task_command.py:370} INFO - Running <TaskInstance: sales.create_tables_tasks.criar_Stage_Time scheduled__2022-06-17T20:11:53.712679+00:00 [running]> on host uiliam-Vostro-15-3515
[2022-06-17 17:12:08,534] {taskinstance.py:1570} INFO - Exporting the following env vars:
AIRFLOW_CTX_DAG_OWNER=airflow
AIRFLOW_CTX_DAG_ID=sales
AIRFLOW_CTX_TASK_ID=create_tables_tasks.criar_Stage_Time
AIRFLOW_CTX_EXECUTION_DATE=2022-06-17T20:11:53.712679+00:00
AIRFLOW_CTX_TRY_NUMBER=1
AIRFLOW_CTX_DAG_RUN_ID=scheduled__2022-06-17T20:11:53.712679+00:00
[2022-06-17 17:12:08,555] {base.py:68} INFO - Using connection ID '***_default' for task execution.
[2022-06-17 17:12:08,562] {dbapi.py:213} INFO - Running statement: 
                CREATE TABLE IF NOT EXISTS Stg_Time (
                orderdate date,
                requireddate date,
                shippeddate date
                    )
            , parameters: None
[2022-06-17 17:12:08,563] {postgres.py:94} INFO - NOTICE:  relation "stg_time" already exists, skipping

[2022-06-17 17:12:08,586] {taskinstance.py:1396} INFO - Marking task as SUCCESS. dag_id=sales, task_id=create_tables_tasks.criar_Stage_Time, execution_date=20220617T201153, start_date=20220617T201208, end_date=20220617T201208
[2022-06-17 17:12:08,647] {local_task_job.py:156} INFO - Task exited with return code 0
[2022-06-17 17:12:08,738] {local_task_job.py:273} INFO - 0 downstream tasks scheduled from follow-on schedule check
