[2022-06-05 00:39:14,532] {taskinstance.py:1160} INFO - Dependencies all met for <TaskInstance: census.transforma_tabela scheduled__2022-06-05T01:34:06.051317+00:00 [queued]>
[2022-06-05 00:39:14,589] {taskinstance.py:1160} INFO - Dependencies all met for <TaskInstance: census.transforma_tabela scheduled__2022-06-05T01:34:06.051317+00:00 [queued]>
[2022-06-05 00:39:14,590] {taskinstance.py:1357} INFO - 
--------------------------------------------------------------------------------
[2022-06-05 00:39:14,590] {taskinstance.py:1358} INFO - Starting attempt 1 of 1
[2022-06-05 00:39:14,590] {taskinstance.py:1359} INFO - 
--------------------------------------------------------------------------------
[2022-06-05 00:39:14,677] {taskinstance.py:1378} INFO - Executing <Task(PythonOperator): transforma_tabela> on 2022-06-05 01:34:06.051317+00:00
[2022-06-05 00:39:14,722] {standard_task_runner.py:52} INFO - Started process 25319 to run task
[2022-06-05 00:39:14,756] {standard_task_runner.py:79} INFO - Running: ['airflow', 'tasks', 'run', 'census', 'transforma_tabela', 'scheduled__2022-06-05T01:34:06.051317+00:00', '--job-id', '653', '--raw', '--subdir', 'DAGS_FOLDER/dag.py', '--cfg-path', '/tmp/tmphgnixyoc', '--error-file', '/tmp/tmpmtltfcnd']
[2022-06-05 00:39:14,757] {standard_task_runner.py:80} INFO - Job 653: Subtask transforma_tabela
[2022-06-05 00:39:15,040] {task_command.py:370} INFO - Running <TaskInstance: census.transforma_tabela scheduled__2022-06-05T01:34:06.051317+00:00 [running]> on host uiliam-Vostro-15-3515
[2022-06-05 00:39:15,353] {taskinstance.py:1570} INFO - Exporting the following env vars:
AIRFLOW_CTX_DAG_OWNER=airflow
AIRFLOW_CTX_DAG_ID=census
AIRFLOW_CTX_TASK_ID=transforma_tabela
AIRFLOW_CTX_EXECUTION_DATE=2022-06-05T01:34:06.051317+00:00
AIRFLOW_CTX_TRY_NUMBER=1
AIRFLOW_CTX_DAG_RUN_ID=scheduled__2022-06-05T01:34:06.051317+00:00
[2022-06-05 00:39:16,637] {python.py:173} INFO - Done. Returned value was: None
[2022-06-05 00:39:16,698] {taskinstance.py:1396} INFO - Marking task as SUCCESS. dag_id=census, task_id=transforma_tabela, execution_date=20220605T013406, start_date=20220605T033914, end_date=20220605T033916
[2022-06-05 00:39:16,833] {local_task_job.py:156} INFO - Task exited with return code 0
[2022-06-05 00:39:17,027] {local_task_job.py:273} INFO - 1 downstream tasks scheduled from follow-on schedule check
