[2022-06-17 17:11:11,744] {processor.py:153} INFO - Started process (PID=132506) to work on /home/uiliam/sandbox/lib/python3.9/site-packages/airflow/example_dags/example_branch_datetime_operator.py
[2022-06-17 17:11:11,744] {processor.py:641} INFO - Processing file /home/uiliam/sandbox/lib/python3.9/site-packages/airflow/example_dags/example_branch_datetime_operator.py for tasks to queue
[2022-06-17 17:11:11,745] {logging_mixin.py:115} INFO - [2022-06-17 17:11:11,745] {dagbag.py:507} INFO - Filling up the DagBag from /home/uiliam/sandbox/lib/python3.9/site-packages/airflow/example_dags/example_branch_datetime_operator.py
[2022-06-17 17:11:11,756] {processor.py:651} INFO - DAG(s) dict_keys(['example_branch_datetime_operator_2']) retrieved from /home/uiliam/sandbox/lib/python3.9/site-packages/airflow/example_dags/example_branch_datetime_operator.py
[2022-06-17 17:11:11,791] {logging_mixin.py:115} INFO - [2022-06-17 17:11:11,791] {dag.py:2379} INFO - Sync 1 DAGs
[2022-06-17 17:11:11,831] {logging_mixin.py:115} INFO - [2022-06-17 17:11:11,830] {dag.py:2927} INFO - Setting next_dagrun for example_branch_datetime_operator_2 to 2022-06-16T00:00:00+00:00, run_after=2022-06-17T00:00:00+00:00
[2022-06-17 17:11:11,851] {processor.py:161} INFO - Processing /home/uiliam/sandbox/lib/python3.9/site-packages/airflow/example_dags/example_branch_datetime_operator.py took 0.111 seconds
[2022-06-17 17:11:43,205] {processor.py:153} INFO - Started process (PID=132868) to work on /home/uiliam/sandbox/lib/python3.9/site-packages/airflow/example_dags/example_branch_datetime_operator.py
[2022-06-17 17:11:43,206] {processor.py:641} INFO - Processing file /home/uiliam/sandbox/lib/python3.9/site-packages/airflow/example_dags/example_branch_datetime_operator.py for tasks to queue
[2022-06-17 17:11:43,206] {logging_mixin.py:115} INFO - [2022-06-17 17:11:43,206] {dagbag.py:507} INFO - Filling up the DagBag from /home/uiliam/sandbox/lib/python3.9/site-packages/airflow/example_dags/example_branch_datetime_operator.py
[2022-06-17 17:11:43,218] {processor.py:651} INFO - DAG(s) dict_keys(['example_branch_datetime_operator_2']) retrieved from /home/uiliam/sandbox/lib/python3.9/site-packages/airflow/example_dags/example_branch_datetime_operator.py
[2022-06-17 17:11:43,250] {logging_mixin.py:115} INFO - [2022-06-17 17:11:43,250] {dag.py:2379} INFO - Sync 1 DAGs
[2022-06-17 17:11:43,288] {logging_mixin.py:115} INFO - [2022-06-17 17:11:43,288] {dag.py:2927} INFO - Setting next_dagrun for example_branch_datetime_operator_2 to 2022-06-16T00:00:00+00:00, run_after=2022-06-17T00:00:00+00:00
[2022-06-17 17:11:43,310] {processor.py:161} INFO - Processing /home/uiliam/sandbox/lib/python3.9/site-packages/airflow/example_dags/example_branch_datetime_operator.py took 0.111 seconds
[2022-06-17 17:12:14,250] {processor.py:153} INFO - Started process (PID=134044) to work on /home/uiliam/sandbox/lib/python3.9/site-packages/airflow/example_dags/example_branch_datetime_operator.py
[2022-06-17 17:12:14,250] {processor.py:641} INFO - Processing file /home/uiliam/sandbox/lib/python3.9/site-packages/airflow/example_dags/example_branch_datetime_operator.py for tasks to queue
[2022-06-17 17:12:14,251] {logging_mixin.py:115} INFO - [2022-06-17 17:12:14,251] {dagbag.py:507} INFO - Filling up the DagBag from /home/uiliam/sandbox/lib/python3.9/site-packages/airflow/example_dags/example_branch_datetime_operator.py
[2022-06-17 17:12:14,270] {processor.py:651} INFO - DAG(s) dict_keys(['example_branch_datetime_operator_2']) retrieved from /home/uiliam/sandbox/lib/python3.9/site-packages/airflow/example_dags/example_branch_datetime_operator.py
[2022-06-17 17:12:14,321] {logging_mixin.py:115} INFO - [2022-06-17 17:12:14,321] {dag.py:2379} INFO - Sync 1 DAGs
[2022-06-17 17:12:14,375] {logging_mixin.py:115} INFO - [2022-06-17 17:12:14,375] {dag.py:2927} INFO - Setting next_dagrun for example_branch_datetime_operator_2 to 2022-06-16T00:00:00+00:00, run_after=2022-06-17T00:00:00+00:00
[2022-06-17 17:12:14,396] {processor.py:161} INFO - Processing /home/uiliam/sandbox/lib/python3.9/site-packages/airflow/example_dags/example_branch_datetime_operator.py took 0.153 seconds
[2022-06-17 17:12:45,604] {processor.py:153} INFO - Started process (PID=135149) to work on /home/uiliam/sandbox/lib/python3.9/site-packages/airflow/example_dags/example_branch_datetime_operator.py
[2022-06-17 17:12:45,604] {processor.py:641} INFO - Processing file /home/uiliam/sandbox/lib/python3.9/site-packages/airflow/example_dags/example_branch_datetime_operator.py for tasks to queue
[2022-06-17 17:12:45,605] {logging_mixin.py:115} INFO - [2022-06-17 17:12:45,605] {dagbag.py:507} INFO - Filling up the DagBag from /home/uiliam/sandbox/lib/python3.9/site-packages/airflow/example_dags/example_branch_datetime_operator.py
[2022-06-17 17:12:45,615] {processor.py:651} INFO - DAG(s) dict_keys(['example_branch_datetime_operator_2']) retrieved from /home/uiliam/sandbox/lib/python3.9/site-packages/airflow/example_dags/example_branch_datetime_operator.py
[2022-06-17 17:12:45,648] {logging_mixin.py:115} INFO - [2022-06-17 17:12:45,648] {dag.py:2379} INFO - Sync 1 DAGs
[2022-06-17 17:12:45,693] {logging_mixin.py:115} INFO - [2022-06-17 17:12:45,693] {dag.py:2927} INFO - Setting next_dagrun for example_branch_datetime_operator_2 to 2022-06-16T00:00:00+00:00, run_after=2022-06-17T00:00:00+00:00
[2022-06-17 17:12:45,716] {processor.py:161} INFO - Processing /home/uiliam/sandbox/lib/python3.9/site-packages/airflow/example_dags/example_branch_datetime_operator.py took 0.116 seconds
[2022-06-17 17:13:16,827] {processor.py:153} INFO - Started process (PID=135539) to work on /home/uiliam/sandbox/lib/python3.9/site-packages/airflow/example_dags/example_branch_datetime_operator.py
[2022-06-17 17:13:16,827] {processor.py:641} INFO - Processing file /home/uiliam/sandbox/lib/python3.9/site-packages/airflow/example_dags/example_branch_datetime_operator.py for tasks to queue
[2022-06-17 17:13:16,828] {logging_mixin.py:115} INFO - [2022-06-17 17:13:16,828] {dagbag.py:507} INFO - Filling up the DagBag from /home/uiliam/sandbox/lib/python3.9/site-packages/airflow/example_dags/example_branch_datetime_operator.py
[2022-06-17 17:13:16,837] {processor.py:651} INFO - DAG(s) dict_keys(['example_branch_datetime_operator_2']) retrieved from /home/uiliam/sandbox/lib/python3.9/site-packages/airflow/example_dags/example_branch_datetime_operator.py
[2022-06-17 17:13:16,867] {logging_mixin.py:115} INFO - [2022-06-17 17:13:16,866] {dag.py:2379} INFO - Sync 1 DAGs
[2022-06-17 17:13:16,903] {logging_mixin.py:115} INFO - [2022-06-17 17:13:16,903] {dag.py:2927} INFO - Setting next_dagrun for example_branch_datetime_operator_2 to 2022-06-16T00:00:00+00:00, run_after=2022-06-17T00:00:00+00:00
[2022-06-17 17:13:16,920] {processor.py:161} INFO - Processing /home/uiliam/sandbox/lib/python3.9/site-packages/airflow/example_dags/example_branch_datetime_operator.py took 0.097 seconds
[2022-06-17 17:13:48,051] {processor.py:153} INFO - Started process (PID=135843) to work on /home/uiliam/sandbox/lib/python3.9/site-packages/airflow/example_dags/example_branch_datetime_operator.py
[2022-06-17 17:13:48,052] {processor.py:641} INFO - Processing file /home/uiliam/sandbox/lib/python3.9/site-packages/airflow/example_dags/example_branch_datetime_operator.py for tasks to queue
[2022-06-17 17:13:48,053] {logging_mixin.py:115} INFO - [2022-06-17 17:13:48,053] {dagbag.py:507} INFO - Filling up the DagBag from /home/uiliam/sandbox/lib/python3.9/site-packages/airflow/example_dags/example_branch_datetime_operator.py
[2022-06-17 17:13:48,064] {processor.py:651} INFO - DAG(s) dict_keys(['example_branch_datetime_operator_2']) retrieved from /home/uiliam/sandbox/lib/python3.9/site-packages/airflow/example_dags/example_branch_datetime_operator.py
[2022-06-17 17:13:48,100] {logging_mixin.py:115} INFO - [2022-06-17 17:13:48,100] {dag.py:2379} INFO - Sync 1 DAGs
[2022-06-17 17:13:48,148] {logging_mixin.py:115} INFO - [2022-06-17 17:13:48,148] {dag.py:2927} INFO - Setting next_dagrun for example_branch_datetime_operator_2 to 2022-06-16T00:00:00+00:00, run_after=2022-06-17T00:00:00+00:00
[2022-06-17 17:13:48,173] {processor.py:161} INFO - Processing /home/uiliam/sandbox/lib/python3.9/site-packages/airflow/example_dags/example_branch_datetime_operator.py took 0.126 seconds
[2022-06-17 17:14:19,458] {processor.py:153} INFO - Started process (PID=136132) to work on /home/uiliam/sandbox/lib/python3.9/site-packages/airflow/example_dags/example_branch_datetime_operator.py
[2022-06-17 17:14:19,459] {processor.py:641} INFO - Processing file /home/uiliam/sandbox/lib/python3.9/site-packages/airflow/example_dags/example_branch_datetime_operator.py for tasks to queue
[2022-06-17 17:14:19,460] {logging_mixin.py:115} INFO - [2022-06-17 17:14:19,460] {dagbag.py:507} INFO - Filling up the DagBag from /home/uiliam/sandbox/lib/python3.9/site-packages/airflow/example_dags/example_branch_datetime_operator.py
[2022-06-17 17:14:19,472] {processor.py:651} INFO - DAG(s) dict_keys(['example_branch_datetime_operator_2']) retrieved from /home/uiliam/sandbox/lib/python3.9/site-packages/airflow/example_dags/example_branch_datetime_operator.py
[2022-06-17 17:14:19,505] {logging_mixin.py:115} INFO - [2022-06-17 17:14:19,504] {dag.py:2379} INFO - Sync 1 DAGs
[2022-06-17 17:14:19,548] {logging_mixin.py:115} INFO - [2022-06-17 17:14:19,548] {dag.py:2927} INFO - Setting next_dagrun for example_branch_datetime_operator_2 to 2022-06-16T00:00:00+00:00, run_after=2022-06-17T00:00:00+00:00
[2022-06-17 17:14:19,571] {processor.py:161} INFO - Processing /home/uiliam/sandbox/lib/python3.9/site-packages/airflow/example_dags/example_branch_datetime_operator.py took 0.117 seconds
[2022-06-17 17:14:50,774] {processor.py:153} INFO - Started process (PID=136485) to work on /home/uiliam/sandbox/lib/python3.9/site-packages/airflow/example_dags/example_branch_datetime_operator.py
[2022-06-17 17:14:50,775] {processor.py:641} INFO - Processing file /home/uiliam/sandbox/lib/python3.9/site-packages/airflow/example_dags/example_branch_datetime_operator.py for tasks to queue
[2022-06-17 17:14:50,776] {logging_mixin.py:115} INFO - [2022-06-17 17:14:50,775] {dagbag.py:507} INFO - Filling up the DagBag from /home/uiliam/sandbox/lib/python3.9/site-packages/airflow/example_dags/example_branch_datetime_operator.py
[2022-06-17 17:14:50,787] {processor.py:651} INFO - DAG(s) dict_keys(['example_branch_datetime_operator_2']) retrieved from /home/uiliam/sandbox/lib/python3.9/site-packages/airflow/example_dags/example_branch_datetime_operator.py
[2022-06-17 17:14:50,825] {logging_mixin.py:115} INFO - [2022-06-17 17:14:50,825] {dag.py:2379} INFO - Sync 1 DAGs
[2022-06-17 17:14:50,872] {logging_mixin.py:115} INFO - [2022-06-17 17:14:50,872] {dag.py:2927} INFO - Setting next_dagrun for example_branch_datetime_operator_2 to 2022-06-16T00:00:00+00:00, run_after=2022-06-17T00:00:00+00:00
[2022-06-17 17:14:50,896] {processor.py:161} INFO - Processing /home/uiliam/sandbox/lib/python3.9/site-packages/airflow/example_dags/example_branch_datetime_operator.py took 0.128 seconds
[2022-06-17 17:15:21,941] {processor.py:153} INFO - Started process (PID=136740) to work on /home/uiliam/sandbox/lib/python3.9/site-packages/airflow/example_dags/example_branch_datetime_operator.py
[2022-06-17 17:15:21,942] {processor.py:641} INFO - Processing file /home/uiliam/sandbox/lib/python3.9/site-packages/airflow/example_dags/example_branch_datetime_operator.py for tasks to queue
[2022-06-17 17:15:21,943] {logging_mixin.py:115} INFO - [2022-06-17 17:15:21,943] {dagbag.py:507} INFO - Filling up the DagBag from /home/uiliam/sandbox/lib/python3.9/site-packages/airflow/example_dags/example_branch_datetime_operator.py
[2022-06-17 17:15:21,953] {processor.py:651} INFO - DAG(s) dict_keys(['example_branch_datetime_operator_2']) retrieved from /home/uiliam/sandbox/lib/python3.9/site-packages/airflow/example_dags/example_branch_datetime_operator.py
[2022-06-17 17:15:21,984] {logging_mixin.py:115} INFO - [2022-06-17 17:15:21,983] {dag.py:2379} INFO - Sync 1 DAGs
[2022-06-17 17:15:22,024] {logging_mixin.py:115} INFO - [2022-06-17 17:15:22,024] {dag.py:2927} INFO - Setting next_dagrun for example_branch_datetime_operator_2 to 2022-06-16T00:00:00+00:00, run_after=2022-06-17T00:00:00+00:00
[2022-06-17 17:15:22,043] {processor.py:161} INFO - Processing /home/uiliam/sandbox/lib/python3.9/site-packages/airflow/example_dags/example_branch_datetime_operator.py took 0.106 seconds
[2022-06-17 17:15:52,775] {processor.py:153} INFO - Started process (PID=136902) to work on /home/uiliam/sandbox/lib/python3.9/site-packages/airflow/example_dags/example_branch_datetime_operator.py
[2022-06-17 17:15:52,776] {processor.py:641} INFO - Processing file /home/uiliam/sandbox/lib/python3.9/site-packages/airflow/example_dags/example_branch_datetime_operator.py for tasks to queue
[2022-06-17 17:15:52,778] {logging_mixin.py:115} INFO - [2022-06-17 17:15:52,777] {dagbag.py:507} INFO - Filling up the DagBag from /home/uiliam/sandbox/lib/python3.9/site-packages/airflow/example_dags/example_branch_datetime_operator.py
[2022-06-17 17:15:52,792] {processor.py:651} INFO - DAG(s) dict_keys(['example_branch_datetime_operator_2']) retrieved from /home/uiliam/sandbox/lib/python3.9/site-packages/airflow/example_dags/example_branch_datetime_operator.py
[2022-06-17 17:15:52,829] {logging_mixin.py:115} INFO - [2022-06-17 17:15:52,828] {dag.py:2379} INFO - Sync 1 DAGs
[2022-06-17 17:15:52,882] {logging_mixin.py:115} INFO - [2022-06-17 17:15:52,882] {dag.py:2927} INFO - Setting next_dagrun for example_branch_datetime_operator_2 to 2022-06-16T00:00:00+00:00, run_after=2022-06-17T00:00:00+00:00
[2022-06-17 17:15:52,904] {processor.py:161} INFO - Processing /home/uiliam/sandbox/lib/python3.9/site-packages/airflow/example_dags/example_branch_datetime_operator.py took 0.135 seconds
[2022-06-17 17:16:23,965] {processor.py:153} INFO - Started process (PID=137107) to work on /home/uiliam/sandbox/lib/python3.9/site-packages/airflow/example_dags/example_branch_datetime_operator.py
[2022-06-17 17:16:23,966] {processor.py:641} INFO - Processing file /home/uiliam/sandbox/lib/python3.9/site-packages/airflow/example_dags/example_branch_datetime_operator.py for tasks to queue
[2022-06-17 17:16:23,966] {logging_mixin.py:115} INFO - [2022-06-17 17:16:23,966] {dagbag.py:507} INFO - Filling up the DagBag from /home/uiliam/sandbox/lib/python3.9/site-packages/airflow/example_dags/example_branch_datetime_operator.py
[2022-06-17 17:16:23,978] {processor.py:651} INFO - DAG(s) dict_keys(['example_branch_datetime_operator_2']) retrieved from /home/uiliam/sandbox/lib/python3.9/site-packages/airflow/example_dags/example_branch_datetime_operator.py
[2022-06-17 17:16:24,015] {logging_mixin.py:115} INFO - [2022-06-17 17:16:24,015] {dag.py:2379} INFO - Sync 1 DAGs
[2022-06-17 17:16:24,059] {logging_mixin.py:115} INFO - [2022-06-17 17:16:24,059] {dag.py:2927} INFO - Setting next_dagrun for example_branch_datetime_operator_2 to 2022-06-16T00:00:00+00:00, run_after=2022-06-17T00:00:00+00:00
[2022-06-17 17:16:24,078] {processor.py:161} INFO - Processing /home/uiliam/sandbox/lib/python3.9/site-packages/airflow/example_dags/example_branch_datetime_operator.py took 0.118 seconds
[2022-06-17 17:16:55,067] {processor.py:153} INFO - Started process (PID=137332) to work on /home/uiliam/sandbox/lib/python3.9/site-packages/airflow/example_dags/example_branch_datetime_operator.py
[2022-06-17 17:16:55,068] {processor.py:641} INFO - Processing file /home/uiliam/sandbox/lib/python3.9/site-packages/airflow/example_dags/example_branch_datetime_operator.py for tasks to queue
[2022-06-17 17:16:55,069] {logging_mixin.py:115} INFO - [2022-06-17 17:16:55,069] {dagbag.py:507} INFO - Filling up the DagBag from /home/uiliam/sandbox/lib/python3.9/site-packages/airflow/example_dags/example_branch_datetime_operator.py
[2022-06-17 17:16:55,078] {processor.py:651} INFO - DAG(s) dict_keys(['example_branch_datetime_operator_2']) retrieved from /home/uiliam/sandbox/lib/python3.9/site-packages/airflow/example_dags/example_branch_datetime_operator.py
[2022-06-17 17:16:55,111] {logging_mixin.py:115} INFO - [2022-06-17 17:16:55,111] {dag.py:2379} INFO - Sync 1 DAGs
[2022-06-17 17:16:55,152] {logging_mixin.py:115} INFO - [2022-06-17 17:16:55,152] {dag.py:2927} INFO - Setting next_dagrun for example_branch_datetime_operator_2 to 2022-06-16T00:00:00+00:00, run_after=2022-06-17T00:00:00+00:00
[2022-06-17 17:16:55,172] {processor.py:161} INFO - Processing /home/uiliam/sandbox/lib/python3.9/site-packages/airflow/example_dags/example_branch_datetime_operator.py took 0.110 seconds
[2022-06-17 17:17:26,077] {processor.py:153} INFO - Started process (PID=137584) to work on /home/uiliam/sandbox/lib/python3.9/site-packages/airflow/example_dags/example_branch_datetime_operator.py
[2022-06-17 17:17:26,077] {processor.py:641} INFO - Processing file /home/uiliam/sandbox/lib/python3.9/site-packages/airflow/example_dags/example_branch_datetime_operator.py for tasks to queue
[2022-06-17 17:17:26,078] {logging_mixin.py:115} INFO - [2022-06-17 17:17:26,078] {dagbag.py:507} INFO - Filling up the DagBag from /home/uiliam/sandbox/lib/python3.9/site-packages/airflow/example_dags/example_branch_datetime_operator.py
[2022-06-17 17:17:26,090] {processor.py:651} INFO - DAG(s) dict_keys(['example_branch_datetime_operator_2']) retrieved from /home/uiliam/sandbox/lib/python3.9/site-packages/airflow/example_dags/example_branch_datetime_operator.py
[2022-06-17 17:17:26,122] {logging_mixin.py:115} INFO - [2022-06-17 17:17:26,122] {dag.py:2379} INFO - Sync 1 DAGs
[2022-06-17 17:17:26,166] {logging_mixin.py:115} INFO - [2022-06-17 17:17:26,166] {dag.py:2927} INFO - Setting next_dagrun for example_branch_datetime_operator_2 to 2022-06-16T00:00:00+00:00, run_after=2022-06-17T00:00:00+00:00
[2022-06-17 17:17:26,192] {processor.py:161} INFO - Processing /home/uiliam/sandbox/lib/python3.9/site-packages/airflow/example_dags/example_branch_datetime_operator.py took 0.120 seconds
[2022-06-17 17:17:57,256] {processor.py:153} INFO - Started process (PID=137817) to work on /home/uiliam/sandbox/lib/python3.9/site-packages/airflow/example_dags/example_branch_datetime_operator.py
[2022-06-17 17:17:57,257] {processor.py:641} INFO - Processing file /home/uiliam/sandbox/lib/python3.9/site-packages/airflow/example_dags/example_branch_datetime_operator.py for tasks to queue
[2022-06-17 17:17:57,258] {logging_mixin.py:115} INFO - [2022-06-17 17:17:57,257] {dagbag.py:507} INFO - Filling up the DagBag from /home/uiliam/sandbox/lib/python3.9/site-packages/airflow/example_dags/example_branch_datetime_operator.py
[2022-06-17 17:17:57,269] {processor.py:651} INFO - DAG(s) dict_keys(['example_branch_datetime_operator_2']) retrieved from /home/uiliam/sandbox/lib/python3.9/site-packages/airflow/example_dags/example_branch_datetime_operator.py
[2022-06-17 17:17:57,298] {logging_mixin.py:115} INFO - [2022-06-17 17:17:57,298] {dag.py:2379} INFO - Sync 1 DAGs
[2022-06-17 17:17:57,336] {logging_mixin.py:115} INFO - [2022-06-17 17:17:57,336] {dag.py:2927} INFO - Setting next_dagrun for example_branch_datetime_operator_2 to 2022-06-16T00:00:00+00:00, run_after=2022-06-17T00:00:00+00:00
[2022-06-17 17:17:57,354] {processor.py:161} INFO - Processing /home/uiliam/sandbox/lib/python3.9/site-packages/airflow/example_dags/example_branch_datetime_operator.py took 0.103 seconds
[2022-06-17 17:18:28,407] {processor.py:153} INFO - Started process (PID=138150) to work on /home/uiliam/sandbox/lib/python3.9/site-packages/airflow/example_dags/example_branch_datetime_operator.py
[2022-06-17 17:18:28,408] {processor.py:641} INFO - Processing file /home/uiliam/sandbox/lib/python3.9/site-packages/airflow/example_dags/example_branch_datetime_operator.py for tasks to queue
[2022-06-17 17:18:28,409] {logging_mixin.py:115} INFO - [2022-06-17 17:18:28,409] {dagbag.py:507} INFO - Filling up the DagBag from /home/uiliam/sandbox/lib/python3.9/site-packages/airflow/example_dags/example_branch_datetime_operator.py
[2022-06-17 17:18:28,422] {processor.py:651} INFO - DAG(s) dict_keys(['example_branch_datetime_operator_2']) retrieved from /home/uiliam/sandbox/lib/python3.9/site-packages/airflow/example_dags/example_branch_datetime_operator.py
[2022-06-17 17:18:28,457] {logging_mixin.py:115} INFO - [2022-06-17 17:18:28,457] {dag.py:2379} INFO - Sync 1 DAGs
[2022-06-17 17:18:28,496] {logging_mixin.py:115} INFO - [2022-06-17 17:18:28,496] {dag.py:2927} INFO - Setting next_dagrun for example_branch_datetime_operator_2 to 2022-06-16T00:00:00+00:00, run_after=2022-06-17T00:00:00+00:00
[2022-06-17 17:18:28,515] {processor.py:161} INFO - Processing /home/uiliam/sandbox/lib/python3.9/site-packages/airflow/example_dags/example_branch_datetime_operator.py took 0.115 seconds
[2022-06-17 17:18:59,610] {processor.py:153} INFO - Started process (PID=138387) to work on /home/uiliam/sandbox/lib/python3.9/site-packages/airflow/example_dags/example_branch_datetime_operator.py
[2022-06-17 17:18:59,611] {processor.py:641} INFO - Processing file /home/uiliam/sandbox/lib/python3.9/site-packages/airflow/example_dags/example_branch_datetime_operator.py for tasks to queue
[2022-06-17 17:18:59,612] {logging_mixin.py:115} INFO - [2022-06-17 17:18:59,612] {dagbag.py:507} INFO - Filling up the DagBag from /home/uiliam/sandbox/lib/python3.9/site-packages/airflow/example_dags/example_branch_datetime_operator.py
[2022-06-17 17:18:59,623] {processor.py:651} INFO - DAG(s) dict_keys(['example_branch_datetime_operator_2']) retrieved from /home/uiliam/sandbox/lib/python3.9/site-packages/airflow/example_dags/example_branch_datetime_operator.py
[2022-06-17 17:18:59,660] {logging_mixin.py:115} INFO - [2022-06-17 17:18:59,660] {dag.py:2379} INFO - Sync 1 DAGs
[2022-06-17 17:18:59,705] {logging_mixin.py:115} INFO - [2022-06-17 17:18:59,704] {dag.py:2927} INFO - Setting next_dagrun for example_branch_datetime_operator_2 to 2022-06-16T00:00:00+00:00, run_after=2022-06-17T00:00:00+00:00
[2022-06-17 17:18:59,726] {processor.py:161} INFO - Processing /home/uiliam/sandbox/lib/python3.9/site-packages/airflow/example_dags/example_branch_datetime_operator.py took 0.121 seconds
[2022-06-17 17:19:30,553] {processor.py:153} INFO - Started process (PID=138648) to work on /home/uiliam/sandbox/lib/python3.9/site-packages/airflow/example_dags/example_branch_datetime_operator.py
[2022-06-17 17:19:30,554] {processor.py:641} INFO - Processing file /home/uiliam/sandbox/lib/python3.9/site-packages/airflow/example_dags/example_branch_datetime_operator.py for tasks to queue
[2022-06-17 17:19:30,555] {logging_mixin.py:115} INFO - [2022-06-17 17:19:30,555] {dagbag.py:507} INFO - Filling up the DagBag from /home/uiliam/sandbox/lib/python3.9/site-packages/airflow/example_dags/example_branch_datetime_operator.py
[2022-06-17 17:19:30,565] {processor.py:651} INFO - DAG(s) dict_keys(['example_branch_datetime_operator_2']) retrieved from /home/uiliam/sandbox/lib/python3.9/site-packages/airflow/example_dags/example_branch_datetime_operator.py
[2022-06-17 17:19:30,598] {logging_mixin.py:115} INFO - [2022-06-17 17:19:30,598] {dag.py:2379} INFO - Sync 1 DAGs
[2022-06-17 17:19:30,636] {logging_mixin.py:115} INFO - [2022-06-17 17:19:30,636] {dag.py:2927} INFO - Setting next_dagrun for example_branch_datetime_operator_2 to 2022-06-16T00:00:00+00:00, run_after=2022-06-17T00:00:00+00:00
[2022-06-17 17:19:30,655] {processor.py:161} INFO - Processing /home/uiliam/sandbox/lib/python3.9/site-packages/airflow/example_dags/example_branch_datetime_operator.py took 0.108 seconds
[2022-06-17 17:20:01,592] {processor.py:153} INFO - Started process (PID=138898) to work on /home/uiliam/sandbox/lib/python3.9/site-packages/airflow/example_dags/example_branch_datetime_operator.py
[2022-06-17 17:20:01,593] {processor.py:641} INFO - Processing file /home/uiliam/sandbox/lib/python3.9/site-packages/airflow/example_dags/example_branch_datetime_operator.py for tasks to queue
[2022-06-17 17:20:01,594] {logging_mixin.py:115} INFO - [2022-06-17 17:20:01,594] {dagbag.py:507} INFO - Filling up the DagBag from /home/uiliam/sandbox/lib/python3.9/site-packages/airflow/example_dags/example_branch_datetime_operator.py
[2022-06-17 17:20:01,608] {processor.py:651} INFO - DAG(s) dict_keys(['example_branch_datetime_operator_2']) retrieved from /home/uiliam/sandbox/lib/python3.9/site-packages/airflow/example_dags/example_branch_datetime_operator.py
[2022-06-17 17:20:01,650] {logging_mixin.py:115} INFO - [2022-06-17 17:20:01,649] {dag.py:2379} INFO - Sync 1 DAGs
[2022-06-17 17:20:01,703] {logging_mixin.py:115} INFO - [2022-06-17 17:20:01,702] {dag.py:2927} INFO - Setting next_dagrun for example_branch_datetime_operator_2 to 2022-06-16T00:00:00+00:00, run_after=2022-06-17T00:00:00+00:00
[2022-06-17 17:20:01,732] {processor.py:161} INFO - Processing /home/uiliam/sandbox/lib/python3.9/site-packages/airflow/example_dags/example_branch_datetime_operator.py took 0.148 seconds
[2022-06-17 17:20:32,764] {processor.py:153} INFO - Started process (PID=139223) to work on /home/uiliam/sandbox/lib/python3.9/site-packages/airflow/example_dags/example_branch_datetime_operator.py
[2022-06-17 17:20:32,765] {processor.py:641} INFO - Processing file /home/uiliam/sandbox/lib/python3.9/site-packages/airflow/example_dags/example_branch_datetime_operator.py for tasks to queue
[2022-06-17 17:20:32,766] {logging_mixin.py:115} INFO - [2022-06-17 17:20:32,766] {dagbag.py:507} INFO - Filling up the DagBag from /home/uiliam/sandbox/lib/python3.9/site-packages/airflow/example_dags/example_branch_datetime_operator.py
[2022-06-17 17:20:32,782] {processor.py:651} INFO - DAG(s) dict_keys(['example_branch_datetime_operator_2']) retrieved from /home/uiliam/sandbox/lib/python3.9/site-packages/airflow/example_dags/example_branch_datetime_operator.py
[2022-06-17 17:20:32,826] {logging_mixin.py:115} INFO - [2022-06-17 17:20:32,826] {dag.py:2379} INFO - Sync 1 DAGs
[2022-06-17 17:20:32,881] {logging_mixin.py:115} INFO - [2022-06-17 17:20:32,880] {dag.py:2927} INFO - Setting next_dagrun for example_branch_datetime_operator_2 to 2022-06-16T00:00:00+00:00, run_after=2022-06-17T00:00:00+00:00
[2022-06-17 17:20:32,903] {processor.py:161} INFO - Processing /home/uiliam/sandbox/lib/python3.9/site-packages/airflow/example_dags/example_branch_datetime_operator.py took 0.145 seconds
[2022-06-17 17:21:03,763] {processor.py:153} INFO - Started process (PID=139430) to work on /home/uiliam/sandbox/lib/python3.9/site-packages/airflow/example_dags/example_branch_datetime_operator.py
[2022-06-17 17:21:03,764] {processor.py:641} INFO - Processing file /home/uiliam/sandbox/lib/python3.9/site-packages/airflow/example_dags/example_branch_datetime_operator.py for tasks to queue
[2022-06-17 17:21:03,765] {logging_mixin.py:115} INFO - [2022-06-17 17:21:03,765] {dagbag.py:507} INFO - Filling up the DagBag from /home/uiliam/sandbox/lib/python3.9/site-packages/airflow/example_dags/example_branch_datetime_operator.py
[2022-06-17 17:21:03,775] {processor.py:651} INFO - DAG(s) dict_keys(['example_branch_datetime_operator_2']) retrieved from /home/uiliam/sandbox/lib/python3.9/site-packages/airflow/example_dags/example_branch_datetime_operator.py
[2022-06-17 17:21:03,821] {logging_mixin.py:115} INFO - [2022-06-17 17:21:03,820] {dag.py:2379} INFO - Sync 1 DAGs
[2022-06-17 17:21:03,879] {logging_mixin.py:115} INFO - [2022-06-17 17:21:03,878] {dag.py:2927} INFO - Setting next_dagrun for example_branch_datetime_operator_2 to 2022-06-16T00:00:00+00:00, run_after=2022-06-17T00:00:00+00:00
[2022-06-17 17:21:03,906] {processor.py:161} INFO - Processing /home/uiliam/sandbox/lib/python3.9/site-packages/airflow/example_dags/example_branch_datetime_operator.py took 0.148 seconds
[2022-06-17 17:21:34,861] {processor.py:153} INFO - Started process (PID=139686) to work on /home/uiliam/sandbox/lib/python3.9/site-packages/airflow/example_dags/example_branch_datetime_operator.py
[2022-06-17 17:21:34,861] {processor.py:641} INFO - Processing file /home/uiliam/sandbox/lib/python3.9/site-packages/airflow/example_dags/example_branch_datetime_operator.py for tasks to queue
[2022-06-17 17:21:34,862] {logging_mixin.py:115} INFO - [2022-06-17 17:21:34,862] {dagbag.py:507} INFO - Filling up the DagBag from /home/uiliam/sandbox/lib/python3.9/site-packages/airflow/example_dags/example_branch_datetime_operator.py
[2022-06-17 17:21:34,879] {processor.py:651} INFO - DAG(s) dict_keys(['example_branch_datetime_operator_2']) retrieved from /home/uiliam/sandbox/lib/python3.9/site-packages/airflow/example_dags/example_branch_datetime_operator.py
[2022-06-17 17:21:34,918] {logging_mixin.py:115} INFO - [2022-06-17 17:21:34,918] {dag.py:2379} INFO - Sync 1 DAGs
[2022-06-17 17:21:34,966] {logging_mixin.py:115} INFO - [2022-06-17 17:21:34,965] {dag.py:2927} INFO - Setting next_dagrun for example_branch_datetime_operator_2 to 2022-06-16T00:00:00+00:00, run_after=2022-06-17T00:00:00+00:00
[2022-06-17 17:21:34,985] {processor.py:161} INFO - Processing /home/uiliam/sandbox/lib/python3.9/site-packages/airflow/example_dags/example_branch_datetime_operator.py took 0.130 seconds
[2022-06-17 17:22:05,868] {processor.py:153} INFO - Started process (PID=139942) to work on /home/uiliam/sandbox/lib/python3.9/site-packages/airflow/example_dags/example_branch_datetime_operator.py
[2022-06-17 17:22:05,869] {processor.py:641} INFO - Processing file /home/uiliam/sandbox/lib/python3.9/site-packages/airflow/example_dags/example_branch_datetime_operator.py for tasks to queue
[2022-06-17 17:22:05,870] {logging_mixin.py:115} INFO - [2022-06-17 17:22:05,870] {dagbag.py:507} INFO - Filling up the DagBag from /home/uiliam/sandbox/lib/python3.9/site-packages/airflow/example_dags/example_branch_datetime_operator.py
[2022-06-17 17:22:05,901] {processor.py:651} INFO - DAG(s) dict_keys(['example_branch_datetime_operator_2']) retrieved from /home/uiliam/sandbox/lib/python3.9/site-packages/airflow/example_dags/example_branch_datetime_operator.py
[2022-06-17 17:22:05,946] {logging_mixin.py:115} INFO - [2022-06-17 17:22:05,946] {dag.py:2379} INFO - Sync 1 DAGs
[2022-06-17 17:22:05,993] {logging_mixin.py:115} INFO - [2022-06-17 17:22:05,993] {dag.py:2927} INFO - Setting next_dagrun for example_branch_datetime_operator_2 to 2022-06-16T00:00:00+00:00, run_after=2022-06-17T00:00:00+00:00
[2022-06-17 17:22:06,012] {processor.py:161} INFO - Processing /home/uiliam/sandbox/lib/python3.9/site-packages/airflow/example_dags/example_branch_datetime_operator.py took 0.166 seconds
[2022-06-17 17:22:36,925] {processor.py:153} INFO - Started process (PID=140194) to work on /home/uiliam/sandbox/lib/python3.9/site-packages/airflow/example_dags/example_branch_datetime_operator.py
[2022-06-17 17:22:36,926] {processor.py:641} INFO - Processing file /home/uiliam/sandbox/lib/python3.9/site-packages/airflow/example_dags/example_branch_datetime_operator.py for tasks to queue
[2022-06-17 17:22:36,927] {logging_mixin.py:115} INFO - [2022-06-17 17:22:36,927] {dagbag.py:507} INFO - Filling up the DagBag from /home/uiliam/sandbox/lib/python3.9/site-packages/airflow/example_dags/example_branch_datetime_operator.py
[2022-06-17 17:22:36,938] {processor.py:651} INFO - DAG(s) dict_keys(['example_branch_datetime_operator_2']) retrieved from /home/uiliam/sandbox/lib/python3.9/site-packages/airflow/example_dags/example_branch_datetime_operator.py
[2022-06-17 17:22:36,969] {logging_mixin.py:115} INFO - [2022-06-17 17:22:36,968] {dag.py:2379} INFO - Sync 1 DAGs
[2022-06-17 17:22:37,009] {logging_mixin.py:115} INFO - [2022-06-17 17:22:37,009] {dag.py:2927} INFO - Setting next_dagrun for example_branch_datetime_operator_2 to 2022-06-16T00:00:00+00:00, run_after=2022-06-17T00:00:00+00:00
[2022-06-17 17:22:37,027] {processor.py:161} INFO - Processing /home/uiliam/sandbox/lib/python3.9/site-packages/airflow/example_dags/example_branch_datetime_operator.py took 0.106 seconds
[2022-06-17 17:23:08,109] {processor.py:153} INFO - Started process (PID=140431) to work on /home/uiliam/sandbox/lib/python3.9/site-packages/airflow/example_dags/example_branch_datetime_operator.py
[2022-06-17 17:23:08,110] {processor.py:641} INFO - Processing file /home/uiliam/sandbox/lib/python3.9/site-packages/airflow/example_dags/example_branch_datetime_operator.py for tasks to queue
[2022-06-17 17:23:08,110] {logging_mixin.py:115} INFO - [2022-06-17 17:23:08,110] {dagbag.py:507} INFO - Filling up the DagBag from /home/uiliam/sandbox/lib/python3.9/site-packages/airflow/example_dags/example_branch_datetime_operator.py
[2022-06-17 17:23:08,121] {processor.py:651} INFO - DAG(s) dict_keys(['example_branch_datetime_operator_2']) retrieved from /home/uiliam/sandbox/lib/python3.9/site-packages/airflow/example_dags/example_branch_datetime_operator.py
[2022-06-17 17:23:08,155] {logging_mixin.py:115} INFO - [2022-06-17 17:23:08,155] {dag.py:2379} INFO - Sync 1 DAGs
[2022-06-17 17:23:08,202] {logging_mixin.py:115} INFO - [2022-06-17 17:23:08,202] {dag.py:2927} INFO - Setting next_dagrun for example_branch_datetime_operator_2 to 2022-06-16T00:00:00+00:00, run_after=2022-06-17T00:00:00+00:00
[2022-06-17 17:23:08,221] {processor.py:161} INFO - Processing /home/uiliam/sandbox/lib/python3.9/site-packages/airflow/example_dags/example_branch_datetime_operator.py took 0.117 seconds
[2022-06-17 17:23:39,449] {processor.py:153} INFO - Started process (PID=140673) to work on /home/uiliam/sandbox/lib/python3.9/site-packages/airflow/example_dags/example_branch_datetime_operator.py
[2022-06-17 17:23:39,449] {processor.py:641} INFO - Processing file /home/uiliam/sandbox/lib/python3.9/site-packages/airflow/example_dags/example_branch_datetime_operator.py for tasks to queue
[2022-06-17 17:23:39,450] {logging_mixin.py:115} INFO - [2022-06-17 17:23:39,450] {dagbag.py:507} INFO - Filling up the DagBag from /home/uiliam/sandbox/lib/python3.9/site-packages/airflow/example_dags/example_branch_datetime_operator.py
[2022-06-17 17:23:39,460] {processor.py:651} INFO - DAG(s) dict_keys(['example_branch_datetime_operator_2']) retrieved from /home/uiliam/sandbox/lib/python3.9/site-packages/airflow/example_dags/example_branch_datetime_operator.py
[2022-06-17 17:23:39,497] {logging_mixin.py:115} INFO - [2022-06-17 17:23:39,496] {dag.py:2379} INFO - Sync 1 DAGs
[2022-06-17 17:23:39,545] {logging_mixin.py:115} INFO - [2022-06-17 17:23:39,544] {dag.py:2927} INFO - Setting next_dagrun for example_branch_datetime_operator_2 to 2022-06-16T00:00:00+00:00, run_after=2022-06-17T00:00:00+00:00
[2022-06-17 17:23:39,563] {processor.py:161} INFO - Processing /home/uiliam/sandbox/lib/python3.9/site-packages/airflow/example_dags/example_branch_datetime_operator.py took 0.119 seconds
[2022-06-17 17:24:10,659] {processor.py:153} INFO - Started process (PID=140825) to work on /home/uiliam/sandbox/lib/python3.9/site-packages/airflow/example_dags/example_branch_datetime_operator.py
[2022-06-17 17:24:10,660] {processor.py:641} INFO - Processing file /home/uiliam/sandbox/lib/python3.9/site-packages/airflow/example_dags/example_branch_datetime_operator.py for tasks to queue
[2022-06-17 17:24:10,661] {logging_mixin.py:115} INFO - [2022-06-17 17:24:10,661] {dagbag.py:507} INFO - Filling up the DagBag from /home/uiliam/sandbox/lib/python3.9/site-packages/airflow/example_dags/example_branch_datetime_operator.py
[2022-06-17 17:24:10,676] {processor.py:651} INFO - DAG(s) dict_keys(['example_branch_datetime_operator_2']) retrieved from /home/uiliam/sandbox/lib/python3.9/site-packages/airflow/example_dags/example_branch_datetime_operator.py
[2022-06-17 17:24:10,722] {logging_mixin.py:115} INFO - [2022-06-17 17:24:10,722] {dag.py:2379} INFO - Sync 1 DAGs
[2022-06-17 17:24:10,776] {logging_mixin.py:115} INFO - [2022-06-17 17:24:10,776] {dag.py:2927} INFO - Setting next_dagrun for example_branch_datetime_operator_2 to 2022-06-16T00:00:00+00:00, run_after=2022-06-17T00:00:00+00:00
[2022-06-17 17:24:10,801] {processor.py:161} INFO - Processing /home/uiliam/sandbox/lib/python3.9/site-packages/airflow/example_dags/example_branch_datetime_operator.py took 0.147 seconds
[2022-06-17 17:24:41,878] {processor.py:153} INFO - Started process (PID=141152) to work on /home/uiliam/sandbox/lib/python3.9/site-packages/airflow/example_dags/example_branch_datetime_operator.py
[2022-06-17 17:24:41,879] {processor.py:641} INFO - Processing file /home/uiliam/sandbox/lib/python3.9/site-packages/airflow/example_dags/example_branch_datetime_operator.py for tasks to queue
[2022-06-17 17:24:41,880] {logging_mixin.py:115} INFO - [2022-06-17 17:24:41,880] {dagbag.py:507} INFO - Filling up the DagBag from /home/uiliam/sandbox/lib/python3.9/site-packages/airflow/example_dags/example_branch_datetime_operator.py
[2022-06-17 17:24:41,894] {processor.py:651} INFO - DAG(s) dict_keys(['example_branch_datetime_operator_2']) retrieved from /home/uiliam/sandbox/lib/python3.9/site-packages/airflow/example_dags/example_branch_datetime_operator.py
[2022-06-17 17:24:41,930] {logging_mixin.py:115} INFO - [2022-06-17 17:24:41,929] {dag.py:2379} INFO - Sync 1 DAGs
[2022-06-17 17:24:41,977] {logging_mixin.py:115} INFO - [2022-06-17 17:24:41,977] {dag.py:2927} INFO - Setting next_dagrun for example_branch_datetime_operator_2 to 2022-06-16T00:00:00+00:00, run_after=2022-06-17T00:00:00+00:00
[2022-06-17 17:24:41,995] {processor.py:161} INFO - Processing /home/uiliam/sandbox/lib/python3.9/site-packages/airflow/example_dags/example_branch_datetime_operator.py took 0.122 seconds
[2022-06-17 17:25:13,130] {processor.py:153} INFO - Started process (PID=141342) to work on /home/uiliam/sandbox/lib/python3.9/site-packages/airflow/example_dags/example_branch_datetime_operator.py
[2022-06-17 17:25:13,130] {processor.py:641} INFO - Processing file /home/uiliam/sandbox/lib/python3.9/site-packages/airflow/example_dags/example_branch_datetime_operator.py for tasks to queue
[2022-06-17 17:25:13,131] {logging_mixin.py:115} INFO - [2022-06-17 17:25:13,131] {dagbag.py:507} INFO - Filling up the DagBag from /home/uiliam/sandbox/lib/python3.9/site-packages/airflow/example_dags/example_branch_datetime_operator.py
[2022-06-17 17:25:13,141] {processor.py:651} INFO - DAG(s) dict_keys(['example_branch_datetime_operator_2']) retrieved from /home/uiliam/sandbox/lib/python3.9/site-packages/airflow/example_dags/example_branch_datetime_operator.py
[2022-06-17 17:25:13,172] {logging_mixin.py:115} INFO - [2022-06-17 17:25:13,171] {dag.py:2379} INFO - Sync 1 DAGs
[2022-06-17 17:25:13,210] {logging_mixin.py:115} INFO - [2022-06-17 17:25:13,210] {dag.py:2927} INFO - Setting next_dagrun for example_branch_datetime_operator_2 to 2022-06-16T00:00:00+00:00, run_after=2022-06-17T00:00:00+00:00
[2022-06-17 17:25:13,228] {processor.py:161} INFO - Processing /home/uiliam/sandbox/lib/python3.9/site-packages/airflow/example_dags/example_branch_datetime_operator.py took 0.103 seconds
[2022-06-17 17:25:44,529] {processor.py:153} INFO - Started process (PID=141555) to work on /home/uiliam/sandbox/lib/python3.9/site-packages/airflow/example_dags/example_branch_datetime_operator.py
[2022-06-17 17:25:44,530] {processor.py:641} INFO - Processing file /home/uiliam/sandbox/lib/python3.9/site-packages/airflow/example_dags/example_branch_datetime_operator.py for tasks to queue
[2022-06-17 17:25:44,530] {logging_mixin.py:115} INFO - [2022-06-17 17:25:44,530] {dagbag.py:507} INFO - Filling up the DagBag from /home/uiliam/sandbox/lib/python3.9/site-packages/airflow/example_dags/example_branch_datetime_operator.py
[2022-06-17 17:25:44,545] {processor.py:651} INFO - DAG(s) dict_keys(['example_branch_datetime_operator_2']) retrieved from /home/uiliam/sandbox/lib/python3.9/site-packages/airflow/example_dags/example_branch_datetime_operator.py
[2022-06-17 17:25:44,581] {logging_mixin.py:115} INFO - [2022-06-17 17:25:44,581] {dag.py:2379} INFO - Sync 1 DAGs
[2022-06-17 17:25:44,632] {logging_mixin.py:115} INFO - [2022-06-17 17:25:44,632] {dag.py:2927} INFO - Setting next_dagrun for example_branch_datetime_operator_2 to 2022-06-16T00:00:00+00:00, run_after=2022-06-17T00:00:00+00:00
[2022-06-17 17:25:44,655] {processor.py:161} INFO - Processing /home/uiliam/sandbox/lib/python3.9/site-packages/airflow/example_dags/example_branch_datetime_operator.py took 0.131 seconds
[2022-06-17 17:26:15,619] {processor.py:153} INFO - Started process (PID=141740) to work on /home/uiliam/sandbox/lib/python3.9/site-packages/airflow/example_dags/example_branch_datetime_operator.py
[2022-06-17 17:26:15,620] {processor.py:641} INFO - Processing file /home/uiliam/sandbox/lib/python3.9/site-packages/airflow/example_dags/example_branch_datetime_operator.py for tasks to queue
[2022-06-17 17:26:15,620] {logging_mixin.py:115} INFO - [2022-06-17 17:26:15,620] {dagbag.py:507} INFO - Filling up the DagBag from /home/uiliam/sandbox/lib/python3.9/site-packages/airflow/example_dags/example_branch_datetime_operator.py
[2022-06-17 17:26:15,630] {processor.py:651} INFO - DAG(s) dict_keys(['example_branch_datetime_operator_2']) retrieved from /home/uiliam/sandbox/lib/python3.9/site-packages/airflow/example_dags/example_branch_datetime_operator.py
[2022-06-17 17:26:15,661] {logging_mixin.py:115} INFO - [2022-06-17 17:26:15,661] {dag.py:2379} INFO - Sync 1 DAGs
[2022-06-17 17:26:15,704] {logging_mixin.py:115} INFO - [2022-06-17 17:26:15,703] {dag.py:2927} INFO - Setting next_dagrun for example_branch_datetime_operator_2 to 2022-06-16T00:00:00+00:00, run_after=2022-06-17T00:00:00+00:00
[2022-06-17 17:26:15,722] {processor.py:161} INFO - Processing /home/uiliam/sandbox/lib/python3.9/site-packages/airflow/example_dags/example_branch_datetime_operator.py took 0.108 seconds
[2022-06-17 17:26:46,832] {processor.py:153} INFO - Started process (PID=141915) to work on /home/uiliam/sandbox/lib/python3.9/site-packages/airflow/example_dags/example_branch_datetime_operator.py
[2022-06-17 17:26:46,833] {processor.py:641} INFO - Processing file /home/uiliam/sandbox/lib/python3.9/site-packages/airflow/example_dags/example_branch_datetime_operator.py for tasks to queue
[2022-06-17 17:26:46,833] {logging_mixin.py:115} INFO - [2022-06-17 17:26:46,833] {dagbag.py:507} INFO - Filling up the DagBag from /home/uiliam/sandbox/lib/python3.9/site-packages/airflow/example_dags/example_branch_datetime_operator.py
[2022-06-17 17:26:46,845] {processor.py:651} INFO - DAG(s) dict_keys(['example_branch_datetime_operator_2']) retrieved from /home/uiliam/sandbox/lib/python3.9/site-packages/airflow/example_dags/example_branch_datetime_operator.py
[2022-06-17 17:26:46,880] {logging_mixin.py:115} INFO - [2022-06-17 17:26:46,880] {dag.py:2379} INFO - Sync 1 DAGs
[2022-06-17 17:26:46,918] {logging_mixin.py:115} INFO - [2022-06-17 17:26:46,917] {dag.py:2927} INFO - Setting next_dagrun for example_branch_datetime_operator_2 to 2022-06-16T00:00:00+00:00, run_after=2022-06-17T00:00:00+00:00
[2022-06-17 17:26:46,939] {processor.py:161} INFO - Processing /home/uiliam/sandbox/lib/python3.9/site-packages/airflow/example_dags/example_branch_datetime_operator.py took 0.110 seconds
[2022-06-17 17:27:18,004] {processor.py:153} INFO - Started process (PID=142088) to work on /home/uiliam/sandbox/lib/python3.9/site-packages/airflow/example_dags/example_branch_datetime_operator.py
[2022-06-17 17:27:18,005] {processor.py:641} INFO - Processing file /home/uiliam/sandbox/lib/python3.9/site-packages/airflow/example_dags/example_branch_datetime_operator.py for tasks to queue
[2022-06-17 17:27:18,006] {logging_mixin.py:115} INFO - [2022-06-17 17:27:18,006] {dagbag.py:507} INFO - Filling up the DagBag from /home/uiliam/sandbox/lib/python3.9/site-packages/airflow/example_dags/example_branch_datetime_operator.py
[2022-06-17 17:27:18,023] {processor.py:651} INFO - DAG(s) dict_keys(['example_branch_datetime_operator_2']) retrieved from /home/uiliam/sandbox/lib/python3.9/site-packages/airflow/example_dags/example_branch_datetime_operator.py
[2022-06-17 17:27:18,062] {logging_mixin.py:115} INFO - [2022-06-17 17:27:18,062] {dag.py:2379} INFO - Sync 1 DAGs
[2022-06-17 17:27:18,102] {logging_mixin.py:115} INFO - [2022-06-17 17:27:18,102] {dag.py:2927} INFO - Setting next_dagrun for example_branch_datetime_operator_2 to 2022-06-16T00:00:00+00:00, run_after=2022-06-17T00:00:00+00:00
[2022-06-17 17:27:18,120] {processor.py:161} INFO - Processing /home/uiliam/sandbox/lib/python3.9/site-packages/airflow/example_dags/example_branch_datetime_operator.py took 0.122 seconds
[2022-06-17 17:27:48,953] {processor.py:153} INFO - Started process (PID=142316) to work on /home/uiliam/sandbox/lib/python3.9/site-packages/airflow/example_dags/example_branch_datetime_operator.py
[2022-06-17 17:27:48,954] {processor.py:641} INFO - Processing file /home/uiliam/sandbox/lib/python3.9/site-packages/airflow/example_dags/example_branch_datetime_operator.py for tasks to queue
[2022-06-17 17:27:48,955] {logging_mixin.py:115} INFO - [2022-06-17 17:27:48,955] {dagbag.py:507} INFO - Filling up the DagBag from /home/uiliam/sandbox/lib/python3.9/site-packages/airflow/example_dags/example_branch_datetime_operator.py
[2022-06-17 17:27:48,967] {processor.py:651} INFO - DAG(s) dict_keys(['example_branch_datetime_operator_2']) retrieved from /home/uiliam/sandbox/lib/python3.9/site-packages/airflow/example_dags/example_branch_datetime_operator.py
[2022-06-17 17:27:49,005] {logging_mixin.py:115} INFO - [2022-06-17 17:27:49,005] {dag.py:2379} INFO - Sync 1 DAGs
[2022-06-17 17:27:49,045] {logging_mixin.py:115} INFO - [2022-06-17 17:27:49,045] {dag.py:2927} INFO - Setting next_dagrun for example_branch_datetime_operator_2 to 2022-06-16T00:00:00+00:00, run_after=2022-06-17T00:00:00+00:00
[2022-06-17 17:27:49,064] {processor.py:161} INFO - Processing /home/uiliam/sandbox/lib/python3.9/site-packages/airflow/example_dags/example_branch_datetime_operator.py took 0.117 seconds
[2022-06-17 17:28:19,828] {processor.py:153} INFO - Started process (PID=142576) to work on /home/uiliam/sandbox/lib/python3.9/site-packages/airflow/example_dags/example_branch_datetime_operator.py
[2022-06-17 17:28:19,829] {processor.py:641} INFO - Processing file /home/uiliam/sandbox/lib/python3.9/site-packages/airflow/example_dags/example_branch_datetime_operator.py for tasks to queue
[2022-06-17 17:28:19,830] {logging_mixin.py:115} INFO - [2022-06-17 17:28:19,829] {dagbag.py:507} INFO - Filling up the DagBag from /home/uiliam/sandbox/lib/python3.9/site-packages/airflow/example_dags/example_branch_datetime_operator.py
[2022-06-17 17:28:19,841] {processor.py:651} INFO - DAG(s) dict_keys(['example_branch_datetime_operator_2']) retrieved from /home/uiliam/sandbox/lib/python3.9/site-packages/airflow/example_dags/example_branch_datetime_operator.py
[2022-06-17 17:28:19,874] {logging_mixin.py:115} INFO - [2022-06-17 17:28:19,874] {dag.py:2379} INFO - Sync 1 DAGs
[2022-06-17 17:28:19,920] {logging_mixin.py:115} INFO - [2022-06-17 17:28:19,920] {dag.py:2927} INFO - Setting next_dagrun for example_branch_datetime_operator_2 to 2022-06-16T00:00:00+00:00, run_after=2022-06-17T00:00:00+00:00
[2022-06-17 17:28:19,944] {processor.py:161} INFO - Processing /home/uiliam/sandbox/lib/python3.9/site-packages/airflow/example_dags/example_branch_datetime_operator.py took 0.121 seconds
[2022-06-17 17:28:51,132] {processor.py:153} INFO - Started process (PID=142800) to work on /home/uiliam/sandbox/lib/python3.9/site-packages/airflow/example_dags/example_branch_datetime_operator.py
[2022-06-17 17:28:51,133] {processor.py:641} INFO - Processing file /home/uiliam/sandbox/lib/python3.9/site-packages/airflow/example_dags/example_branch_datetime_operator.py for tasks to queue
[2022-06-17 17:28:51,134] {logging_mixin.py:115} INFO - [2022-06-17 17:28:51,134] {dagbag.py:507} INFO - Filling up the DagBag from /home/uiliam/sandbox/lib/python3.9/site-packages/airflow/example_dags/example_branch_datetime_operator.py
[2022-06-17 17:28:51,144] {processor.py:651} INFO - DAG(s) dict_keys(['example_branch_datetime_operator_2']) retrieved from /home/uiliam/sandbox/lib/python3.9/site-packages/airflow/example_dags/example_branch_datetime_operator.py
[2022-06-17 17:28:51,175] {logging_mixin.py:115} INFO - [2022-06-17 17:28:51,175] {dag.py:2379} INFO - Sync 1 DAGs
[2022-06-17 17:28:51,215] {logging_mixin.py:115} INFO - [2022-06-17 17:28:51,215] {dag.py:2927} INFO - Setting next_dagrun for example_branch_datetime_operator_2 to 2022-06-16T00:00:00+00:00, run_after=2022-06-17T00:00:00+00:00
[2022-06-17 17:28:51,235] {processor.py:161} INFO - Processing /home/uiliam/sandbox/lib/python3.9/site-packages/airflow/example_dags/example_branch_datetime_operator.py took 0.107 seconds
[2022-06-17 17:29:22,244] {processor.py:153} INFO - Started process (PID=142984) to work on /home/uiliam/sandbox/lib/python3.9/site-packages/airflow/example_dags/example_branch_datetime_operator.py
[2022-06-17 17:29:22,244] {processor.py:641} INFO - Processing file /home/uiliam/sandbox/lib/python3.9/site-packages/airflow/example_dags/example_branch_datetime_operator.py for tasks to queue
[2022-06-17 17:29:22,245] {logging_mixin.py:115} INFO - [2022-06-17 17:29:22,245] {dagbag.py:507} INFO - Filling up the DagBag from /home/uiliam/sandbox/lib/python3.9/site-packages/airflow/example_dags/example_branch_datetime_operator.py
[2022-06-17 17:29:22,254] {processor.py:651} INFO - DAG(s) dict_keys(['example_branch_datetime_operator_2']) retrieved from /home/uiliam/sandbox/lib/python3.9/site-packages/airflow/example_dags/example_branch_datetime_operator.py
[2022-06-17 17:29:22,287] {logging_mixin.py:115} INFO - [2022-06-17 17:29:22,287] {dag.py:2379} INFO - Sync 1 DAGs
[2022-06-17 17:29:22,327] {logging_mixin.py:115} INFO - [2022-06-17 17:29:22,326] {dag.py:2927} INFO - Setting next_dagrun for example_branch_datetime_operator_2 to 2022-06-16T00:00:00+00:00, run_after=2022-06-17T00:00:00+00:00
[2022-06-17 17:29:22,347] {processor.py:161} INFO - Processing /home/uiliam/sandbox/lib/python3.9/site-packages/airflow/example_dags/example_branch_datetime_operator.py took 0.108 seconds
[2022-06-17 17:29:53,366] {processor.py:153} INFO - Started process (PID=143196) to work on /home/uiliam/sandbox/lib/python3.9/site-packages/airflow/example_dags/example_branch_datetime_operator.py
[2022-06-17 17:29:53,367] {processor.py:641} INFO - Processing file /home/uiliam/sandbox/lib/python3.9/site-packages/airflow/example_dags/example_branch_datetime_operator.py for tasks to queue
[2022-06-17 17:29:53,368] {logging_mixin.py:115} INFO - [2022-06-17 17:29:53,368] {dagbag.py:507} INFO - Filling up the DagBag from /home/uiliam/sandbox/lib/python3.9/site-packages/airflow/example_dags/example_branch_datetime_operator.py
[2022-06-17 17:29:53,378] {processor.py:651} INFO - DAG(s) dict_keys(['example_branch_datetime_operator_2']) retrieved from /home/uiliam/sandbox/lib/python3.9/site-packages/airflow/example_dags/example_branch_datetime_operator.py
[2022-06-17 17:29:53,413] {logging_mixin.py:115} INFO - [2022-06-17 17:29:53,413] {dag.py:2379} INFO - Sync 1 DAGs
[2022-06-17 17:29:53,454] {logging_mixin.py:115} INFO - [2022-06-17 17:29:53,453] {dag.py:2927} INFO - Setting next_dagrun for example_branch_datetime_operator_2 to 2022-06-16T00:00:00+00:00, run_after=2022-06-17T00:00:00+00:00
[2022-06-17 17:29:53,474] {processor.py:161} INFO - Processing /home/uiliam/sandbox/lib/python3.9/site-packages/airflow/example_dags/example_branch_datetime_operator.py took 0.114 seconds
[2022-06-17 17:30:24,258] {processor.py:153} INFO - Started process (PID=143341) to work on /home/uiliam/sandbox/lib/python3.9/site-packages/airflow/example_dags/example_branch_datetime_operator.py
[2022-06-17 17:30:24,259] {processor.py:641} INFO - Processing file /home/uiliam/sandbox/lib/python3.9/site-packages/airflow/example_dags/example_branch_datetime_operator.py for tasks to queue
[2022-06-17 17:30:24,260] {logging_mixin.py:115} INFO - [2022-06-17 17:30:24,260] {dagbag.py:507} INFO - Filling up the DagBag from /home/uiliam/sandbox/lib/python3.9/site-packages/airflow/example_dags/example_branch_datetime_operator.py
[2022-06-17 17:30:24,270] {processor.py:651} INFO - DAG(s) dict_keys(['example_branch_datetime_operator_2']) retrieved from /home/uiliam/sandbox/lib/python3.9/site-packages/airflow/example_dags/example_branch_datetime_operator.py
[2022-06-17 17:30:24,303] {logging_mixin.py:115} INFO - [2022-06-17 17:30:24,303] {dag.py:2379} INFO - Sync 1 DAGs
[2022-06-17 17:30:24,344] {logging_mixin.py:115} INFO - [2022-06-17 17:30:24,344] {dag.py:2927} INFO - Setting next_dagrun for example_branch_datetime_operator_2 to 2022-06-16T00:00:00+00:00, run_after=2022-06-17T00:00:00+00:00
[2022-06-17 17:30:24,363] {processor.py:161} INFO - Processing /home/uiliam/sandbox/lib/python3.9/site-packages/airflow/example_dags/example_branch_datetime_operator.py took 0.110 seconds
[2022-06-17 17:30:55,496] {processor.py:153} INFO - Started process (PID=143519) to work on /home/uiliam/sandbox/lib/python3.9/site-packages/airflow/example_dags/example_branch_datetime_operator.py
[2022-06-17 17:30:55,497] {processor.py:641} INFO - Processing file /home/uiliam/sandbox/lib/python3.9/site-packages/airflow/example_dags/example_branch_datetime_operator.py for tasks to queue
[2022-06-17 17:30:55,497] {logging_mixin.py:115} INFO - [2022-06-17 17:30:55,497] {dagbag.py:507} INFO - Filling up the DagBag from /home/uiliam/sandbox/lib/python3.9/site-packages/airflow/example_dags/example_branch_datetime_operator.py
[2022-06-17 17:30:55,508] {processor.py:651} INFO - DAG(s) dict_keys(['example_branch_datetime_operator_2']) retrieved from /home/uiliam/sandbox/lib/python3.9/site-packages/airflow/example_dags/example_branch_datetime_operator.py
[2022-06-17 17:30:55,545] {logging_mixin.py:115} INFO - [2022-06-17 17:30:55,544] {dag.py:2379} INFO - Sync 1 DAGs
[2022-06-17 17:30:55,586] {logging_mixin.py:115} INFO - [2022-06-17 17:30:55,585] {dag.py:2927} INFO - Setting next_dagrun for example_branch_datetime_operator_2 to 2022-06-16T00:00:00+00:00, run_after=2022-06-17T00:00:00+00:00
[2022-06-17 17:30:55,606] {processor.py:161} INFO - Processing /home/uiliam/sandbox/lib/python3.9/site-packages/airflow/example_dags/example_branch_datetime_operator.py took 0.114 seconds
[2022-06-17 17:31:27,211] {processor.py:153} INFO - Started process (PID=143791) to work on /home/uiliam/sandbox/lib/python3.9/site-packages/airflow/example_dags/example_branch_datetime_operator.py
[2022-06-17 17:31:27,212] {processor.py:641} INFO - Processing file /home/uiliam/sandbox/lib/python3.9/site-packages/airflow/example_dags/example_branch_datetime_operator.py for tasks to queue
[2022-06-17 17:31:27,213] {logging_mixin.py:115} INFO - [2022-06-17 17:31:27,212] {dagbag.py:507} INFO - Filling up the DagBag from /home/uiliam/sandbox/lib/python3.9/site-packages/airflow/example_dags/example_branch_datetime_operator.py
[2022-06-17 17:31:27,226] {processor.py:651} INFO - DAG(s) dict_keys(['example_branch_datetime_operator_2']) retrieved from /home/uiliam/sandbox/lib/python3.9/site-packages/airflow/example_dags/example_branch_datetime_operator.py
[2022-06-17 17:31:27,262] {logging_mixin.py:115} INFO - [2022-06-17 17:31:27,261] {dag.py:2379} INFO - Sync 1 DAGs
[2022-06-17 17:31:27,318] {logging_mixin.py:115} INFO - [2022-06-17 17:31:27,318] {dag.py:2927} INFO - Setting next_dagrun for example_branch_datetime_operator_2 to 2022-06-16T00:00:00+00:00, run_after=2022-06-17T00:00:00+00:00
[2022-06-17 17:31:27,338] {processor.py:161} INFO - Processing /home/uiliam/sandbox/lib/python3.9/site-packages/airflow/example_dags/example_branch_datetime_operator.py took 0.132 seconds
[2022-06-17 17:31:57,820] {processor.py:153} INFO - Started process (PID=143973) to work on /home/uiliam/sandbox/lib/python3.9/site-packages/airflow/example_dags/example_branch_datetime_operator.py
[2022-06-17 17:31:57,821] {processor.py:641} INFO - Processing file /home/uiliam/sandbox/lib/python3.9/site-packages/airflow/example_dags/example_branch_datetime_operator.py for tasks to queue
[2022-06-17 17:31:57,821] {logging_mixin.py:115} INFO - [2022-06-17 17:31:57,821] {dagbag.py:507} INFO - Filling up the DagBag from /home/uiliam/sandbox/lib/python3.9/site-packages/airflow/example_dags/example_branch_datetime_operator.py
[2022-06-17 17:31:57,832] {processor.py:651} INFO - DAG(s) dict_keys(['example_branch_datetime_operator_2']) retrieved from /home/uiliam/sandbox/lib/python3.9/site-packages/airflow/example_dags/example_branch_datetime_operator.py
[2022-06-17 17:31:57,864] {logging_mixin.py:115} INFO - [2022-06-17 17:31:57,864] {dag.py:2379} INFO - Sync 1 DAGs
[2022-06-17 17:31:57,905] {logging_mixin.py:115} INFO - [2022-06-17 17:31:57,905] {dag.py:2927} INFO - Setting next_dagrun for example_branch_datetime_operator_2 to 2022-06-16T00:00:00+00:00, run_after=2022-06-17T00:00:00+00:00
[2022-06-17 17:31:57,929] {processor.py:161} INFO - Processing /home/uiliam/sandbox/lib/python3.9/site-packages/airflow/example_dags/example_branch_datetime_operator.py took 0.112 seconds
[2022-06-17 17:32:28,209] {processor.py:153} INFO - Started process (PID=144152) to work on /home/uiliam/sandbox/lib/python3.9/site-packages/airflow/example_dags/example_branch_datetime_operator.py
[2022-06-17 17:32:28,210] {processor.py:641} INFO - Processing file /home/uiliam/sandbox/lib/python3.9/site-packages/airflow/example_dags/example_branch_datetime_operator.py for tasks to queue
[2022-06-17 17:32:28,211] {logging_mixin.py:115} INFO - [2022-06-17 17:32:28,211] {dagbag.py:507} INFO - Filling up the DagBag from /home/uiliam/sandbox/lib/python3.9/site-packages/airflow/example_dags/example_branch_datetime_operator.py
[2022-06-17 17:32:28,227] {processor.py:651} INFO - DAG(s) dict_keys(['example_branch_datetime_operator_2']) retrieved from /home/uiliam/sandbox/lib/python3.9/site-packages/airflow/example_dags/example_branch_datetime_operator.py
[2022-06-17 17:32:28,272] {logging_mixin.py:115} INFO - [2022-06-17 17:32:28,272] {dag.py:2379} INFO - Sync 1 DAGs
[2022-06-17 17:32:28,329] {logging_mixin.py:115} INFO - [2022-06-17 17:32:28,329] {dag.py:2927} INFO - Setting next_dagrun for example_branch_datetime_operator_2 to 2022-06-16T00:00:00+00:00, run_after=2022-06-17T00:00:00+00:00
[2022-06-17 17:32:28,358] {processor.py:161} INFO - Processing /home/uiliam/sandbox/lib/python3.9/site-packages/airflow/example_dags/example_branch_datetime_operator.py took 0.155 seconds
[2022-06-17 17:32:59,521] {processor.py:153} INFO - Started process (PID=144319) to work on /home/uiliam/sandbox/lib/python3.9/site-packages/airflow/example_dags/example_branch_datetime_operator.py
[2022-06-17 17:32:59,522] {processor.py:641} INFO - Processing file /home/uiliam/sandbox/lib/python3.9/site-packages/airflow/example_dags/example_branch_datetime_operator.py for tasks to queue
[2022-06-17 17:32:59,523] {logging_mixin.py:115} INFO - [2022-06-17 17:32:59,522] {dagbag.py:507} INFO - Filling up the DagBag from /home/uiliam/sandbox/lib/python3.9/site-packages/airflow/example_dags/example_branch_datetime_operator.py
[2022-06-17 17:32:59,539] {processor.py:651} INFO - DAG(s) dict_keys(['example_branch_datetime_operator_2']) retrieved from /home/uiliam/sandbox/lib/python3.9/site-packages/airflow/example_dags/example_branch_datetime_operator.py
[2022-06-17 17:32:59,578] {logging_mixin.py:115} INFO - [2022-06-17 17:32:59,578] {dag.py:2379} INFO - Sync 1 DAGs
[2022-06-17 17:32:59,620] {logging_mixin.py:115} INFO - [2022-06-17 17:32:59,619] {dag.py:2927} INFO - Setting next_dagrun for example_branch_datetime_operator_2 to 2022-06-16T00:00:00+00:00, run_after=2022-06-17T00:00:00+00:00
[2022-06-17 17:32:59,639] {processor.py:161} INFO - Processing /home/uiliam/sandbox/lib/python3.9/site-packages/airflow/example_dags/example_branch_datetime_operator.py took 0.125 seconds
[2022-06-17 17:33:30,335] {processor.py:153} INFO - Started process (PID=144497) to work on /home/uiliam/sandbox/lib/python3.9/site-packages/airflow/example_dags/example_branch_datetime_operator.py
[2022-06-17 17:33:30,336] {processor.py:641} INFO - Processing file /home/uiliam/sandbox/lib/python3.9/site-packages/airflow/example_dags/example_branch_datetime_operator.py for tasks to queue
[2022-06-17 17:33:30,337] {logging_mixin.py:115} INFO - [2022-06-17 17:33:30,337] {dagbag.py:507} INFO - Filling up the DagBag from /home/uiliam/sandbox/lib/python3.9/site-packages/airflow/example_dags/example_branch_datetime_operator.py
[2022-06-17 17:33:30,349] {processor.py:651} INFO - DAG(s) dict_keys(['example_branch_datetime_operator_2']) retrieved from /home/uiliam/sandbox/lib/python3.9/site-packages/airflow/example_dags/example_branch_datetime_operator.py
[2022-06-17 17:33:30,389] {logging_mixin.py:115} INFO - [2022-06-17 17:33:30,389] {dag.py:2379} INFO - Sync 1 DAGs
[2022-06-17 17:33:30,439] {logging_mixin.py:115} INFO - [2022-06-17 17:33:30,439] {dag.py:2927} INFO - Setting next_dagrun for example_branch_datetime_operator_2 to 2022-06-16T00:00:00+00:00, run_after=2022-06-17T00:00:00+00:00
[2022-06-17 17:33:30,465] {processor.py:161} INFO - Processing /home/uiliam/sandbox/lib/python3.9/site-packages/airflow/example_dags/example_branch_datetime_operator.py took 0.135 seconds
[2022-06-17 17:34:01,674] {processor.py:153} INFO - Started process (PID=144664) to work on /home/uiliam/sandbox/lib/python3.9/site-packages/airflow/example_dags/example_branch_datetime_operator.py
[2022-06-17 17:34:01,674] {processor.py:641} INFO - Processing file /home/uiliam/sandbox/lib/python3.9/site-packages/airflow/example_dags/example_branch_datetime_operator.py for tasks to queue
[2022-06-17 17:34:01,675] {logging_mixin.py:115} INFO - [2022-06-17 17:34:01,675] {dagbag.py:507} INFO - Filling up the DagBag from /home/uiliam/sandbox/lib/python3.9/site-packages/airflow/example_dags/example_branch_datetime_operator.py
[2022-06-17 17:34:01,690] {processor.py:651} INFO - DAG(s) dict_keys(['example_branch_datetime_operator_2']) retrieved from /home/uiliam/sandbox/lib/python3.9/site-packages/airflow/example_dags/example_branch_datetime_operator.py
[2022-06-17 17:34:01,730] {logging_mixin.py:115} INFO - [2022-06-17 17:34:01,730] {dag.py:2379} INFO - Sync 1 DAGs
[2022-06-17 17:34:01,782] {logging_mixin.py:115} INFO - [2022-06-17 17:34:01,782] {dag.py:2927} INFO - Setting next_dagrun for example_branch_datetime_operator_2 to 2022-06-16T00:00:00+00:00, run_after=2022-06-17T00:00:00+00:00
[2022-06-17 17:34:01,802] {processor.py:161} INFO - Processing /home/uiliam/sandbox/lib/python3.9/site-packages/airflow/example_dags/example_branch_datetime_operator.py took 0.133 seconds
[2022-06-17 17:34:33,339] {processor.py:153} INFO - Started process (PID=145076) to work on /home/uiliam/sandbox/lib/python3.9/site-packages/airflow/example_dags/example_branch_datetime_operator.py
[2022-06-17 17:34:33,340] {processor.py:641} INFO - Processing file /home/uiliam/sandbox/lib/python3.9/site-packages/airflow/example_dags/example_branch_datetime_operator.py for tasks to queue
[2022-06-17 17:34:33,340] {logging_mixin.py:115} INFO - [2022-06-17 17:34:33,340] {dagbag.py:507} INFO - Filling up the DagBag from /home/uiliam/sandbox/lib/python3.9/site-packages/airflow/example_dags/example_branch_datetime_operator.py
[2022-06-17 17:34:33,356] {processor.py:651} INFO - DAG(s) dict_keys(['example_branch_datetime_operator_2']) retrieved from /home/uiliam/sandbox/lib/python3.9/site-packages/airflow/example_dags/example_branch_datetime_operator.py
[2022-06-17 17:34:33,396] {logging_mixin.py:115} INFO - [2022-06-17 17:34:33,396] {dag.py:2379} INFO - Sync 1 DAGs
[2022-06-17 17:34:33,444] {logging_mixin.py:115} INFO - [2022-06-17 17:34:33,444] {dag.py:2927} INFO - Setting next_dagrun for example_branch_datetime_operator_2 to 2022-06-16T00:00:00+00:00, run_after=2022-06-17T00:00:00+00:00
[2022-06-17 17:34:33,466] {processor.py:161} INFO - Processing /home/uiliam/sandbox/lib/python3.9/site-packages/airflow/example_dags/example_branch_datetime_operator.py took 0.132 seconds
[2022-06-17 17:35:04,707] {processor.py:153} INFO - Started process (PID=145424) to work on /home/uiliam/sandbox/lib/python3.9/site-packages/airflow/example_dags/example_branch_datetime_operator.py
[2022-06-17 17:35:04,708] {processor.py:641} INFO - Processing file /home/uiliam/sandbox/lib/python3.9/site-packages/airflow/example_dags/example_branch_datetime_operator.py for tasks to queue
[2022-06-17 17:35:04,709] {logging_mixin.py:115} INFO - [2022-06-17 17:35:04,709] {dagbag.py:507} INFO - Filling up the DagBag from /home/uiliam/sandbox/lib/python3.9/site-packages/airflow/example_dags/example_branch_datetime_operator.py
[2022-06-17 17:35:04,722] {processor.py:651} INFO - DAG(s) dict_keys(['example_branch_datetime_operator_2']) retrieved from /home/uiliam/sandbox/lib/python3.9/site-packages/airflow/example_dags/example_branch_datetime_operator.py
[2022-06-17 17:35:04,753] {logging_mixin.py:115} INFO - [2022-06-17 17:35:04,753] {dag.py:2379} INFO - Sync 1 DAGs
[2022-06-17 17:35:04,800] {logging_mixin.py:115} INFO - [2022-06-17 17:35:04,800] {dag.py:2927} INFO - Setting next_dagrun for example_branch_datetime_operator_2 to 2022-06-16T00:00:00+00:00, run_after=2022-06-17T00:00:00+00:00
[2022-06-17 17:35:04,818] {processor.py:161} INFO - Processing /home/uiliam/sandbox/lib/python3.9/site-packages/airflow/example_dags/example_branch_datetime_operator.py took 0.116 seconds
[2022-06-17 17:35:36,046] {processor.py:153} INFO - Started process (PID=145713) to work on /home/uiliam/sandbox/lib/python3.9/site-packages/airflow/example_dags/example_branch_datetime_operator.py
[2022-06-17 17:35:36,047] {processor.py:641} INFO - Processing file /home/uiliam/sandbox/lib/python3.9/site-packages/airflow/example_dags/example_branch_datetime_operator.py for tasks to queue
[2022-06-17 17:35:36,048] {logging_mixin.py:115} INFO - [2022-06-17 17:35:36,047] {dagbag.py:507} INFO - Filling up the DagBag from /home/uiliam/sandbox/lib/python3.9/site-packages/airflow/example_dags/example_branch_datetime_operator.py
[2022-06-17 17:35:36,062] {processor.py:651} INFO - DAG(s) dict_keys(['example_branch_datetime_operator_2']) retrieved from /home/uiliam/sandbox/lib/python3.9/site-packages/airflow/example_dags/example_branch_datetime_operator.py
[2022-06-17 17:35:36,099] {logging_mixin.py:115} INFO - [2022-06-17 17:35:36,098] {dag.py:2379} INFO - Sync 1 DAGs
[2022-06-17 17:35:36,145] {logging_mixin.py:115} INFO - [2022-06-17 17:35:36,145] {dag.py:2927} INFO - Setting next_dagrun for example_branch_datetime_operator_2 to 2022-06-16T00:00:00+00:00, run_after=2022-06-17T00:00:00+00:00
[2022-06-17 17:35:36,166] {processor.py:161} INFO - Processing /home/uiliam/sandbox/lib/python3.9/site-packages/airflow/example_dags/example_branch_datetime_operator.py took 0.126 seconds
[2022-06-17 17:36:07,483] {processor.py:153} INFO - Started process (PID=146068) to work on /home/uiliam/sandbox/lib/python3.9/site-packages/airflow/example_dags/example_branch_datetime_operator.py
[2022-06-17 17:36:07,484] {processor.py:641} INFO - Processing file /home/uiliam/sandbox/lib/python3.9/site-packages/airflow/example_dags/example_branch_datetime_operator.py for tasks to queue
[2022-06-17 17:36:07,485] {logging_mixin.py:115} INFO - [2022-06-17 17:36:07,485] {dagbag.py:507} INFO - Filling up the DagBag from /home/uiliam/sandbox/lib/python3.9/site-packages/airflow/example_dags/example_branch_datetime_operator.py
[2022-06-17 17:36:07,498] {processor.py:651} INFO - DAG(s) dict_keys(['example_branch_datetime_operator_2']) retrieved from /home/uiliam/sandbox/lib/python3.9/site-packages/airflow/example_dags/example_branch_datetime_operator.py
[2022-06-17 17:36:07,537] {logging_mixin.py:115} INFO - [2022-06-17 17:36:07,537] {dag.py:2379} INFO - Sync 1 DAGs
[2022-06-17 17:36:07,579] {logging_mixin.py:115} INFO - [2022-06-17 17:36:07,579] {dag.py:2927} INFO - Setting next_dagrun for example_branch_datetime_operator_2 to 2022-06-16T00:00:00+00:00, run_after=2022-06-17T00:00:00+00:00
[2022-06-17 17:36:07,602] {processor.py:161} INFO - Processing /home/uiliam/sandbox/lib/python3.9/site-packages/airflow/example_dags/example_branch_datetime_operator.py took 0.124 seconds
