[2022-06-17 17:11:11,925] {processor.py:153} INFO - Started process (PID=132513) to work on /home/uiliam/sandbox/lib/python3.9/site-packages/airflow/example_dags/example_branch_operator_decorator.py
[2022-06-17 17:11:11,925] {processor.py:641} INFO - Processing file /home/uiliam/sandbox/lib/python3.9/site-packages/airflow/example_dags/example_branch_operator_decorator.py for tasks to queue
[2022-06-17 17:11:11,926] {logging_mixin.py:115} INFO - [2022-06-17 17:11:11,926] {dagbag.py:507} INFO - Filling up the DagBag from /home/uiliam/sandbox/lib/python3.9/site-packages/airflow/example_dags/example_branch_operator_decorator.py
[2022-06-17 17:11:11,951] {processor.py:651} INFO - DAG(s) dict_keys(['example_branch_python_operator_decorator']) retrieved from /home/uiliam/sandbox/lib/python3.9/site-packages/airflow/example_dags/example_branch_operator_decorator.py
[2022-06-17 17:11:11,986] {logging_mixin.py:115} INFO - [2022-06-17 17:11:11,986] {dag.py:2379} INFO - Sync 1 DAGs
[2022-06-17 17:11:12,026] {logging_mixin.py:115} INFO - [2022-06-17 17:11:12,026] {dag.py:2927} INFO - Setting next_dagrun for example_branch_python_operator_decorator to 2022-06-16T00:00:00+00:00, run_after=2022-06-17T00:00:00+00:00
[2022-06-17 17:11:12,046] {processor.py:161} INFO - Processing /home/uiliam/sandbox/lib/python3.9/site-packages/airflow/example_dags/example_branch_operator_decorator.py took 0.125 seconds
[2022-06-17 17:11:43,416] {processor.py:153} INFO - Started process (PID=132874) to work on /home/uiliam/sandbox/lib/python3.9/site-packages/airflow/example_dags/example_branch_operator_decorator.py
[2022-06-17 17:11:43,417] {processor.py:641} INFO - Processing file /home/uiliam/sandbox/lib/python3.9/site-packages/airflow/example_dags/example_branch_operator_decorator.py for tasks to queue
[2022-06-17 17:11:43,417] {logging_mixin.py:115} INFO - [2022-06-17 17:11:43,417] {dagbag.py:507} INFO - Filling up the DagBag from /home/uiliam/sandbox/lib/python3.9/site-packages/airflow/example_dags/example_branch_operator_decorator.py
[2022-06-17 17:11:43,450] {processor.py:651} INFO - DAG(s) dict_keys(['example_branch_python_operator_decorator']) retrieved from /home/uiliam/sandbox/lib/python3.9/site-packages/airflow/example_dags/example_branch_operator_decorator.py
[2022-06-17 17:11:43,484] {logging_mixin.py:115} INFO - [2022-06-17 17:11:43,483] {dag.py:2379} INFO - Sync 1 DAGs
[2022-06-17 17:11:43,526] {logging_mixin.py:115} INFO - [2022-06-17 17:11:43,526] {dag.py:2927} INFO - Setting next_dagrun for example_branch_python_operator_decorator to 2022-06-16T00:00:00+00:00, run_after=2022-06-17T00:00:00+00:00
[2022-06-17 17:11:43,547] {processor.py:161} INFO - Processing /home/uiliam/sandbox/lib/python3.9/site-packages/airflow/example_dags/example_branch_operator_decorator.py took 0.135 seconds
[2022-06-17 17:12:14,489] {processor.py:153} INFO - Started process (PID=134051) to work on /home/uiliam/sandbox/lib/python3.9/site-packages/airflow/example_dags/example_branch_operator_decorator.py
[2022-06-17 17:12:14,490] {processor.py:641} INFO - Processing file /home/uiliam/sandbox/lib/python3.9/site-packages/airflow/example_dags/example_branch_operator_decorator.py for tasks to queue
[2022-06-17 17:12:14,491] {logging_mixin.py:115} INFO - [2022-06-17 17:12:14,490] {dagbag.py:507} INFO - Filling up the DagBag from /home/uiliam/sandbox/lib/python3.9/site-packages/airflow/example_dags/example_branch_operator_decorator.py
[2022-06-17 17:12:14,514] {processor.py:651} INFO - DAG(s) dict_keys(['example_branch_python_operator_decorator']) retrieved from /home/uiliam/sandbox/lib/python3.9/site-packages/airflow/example_dags/example_branch_operator_decorator.py
[2022-06-17 17:12:14,550] {logging_mixin.py:115} INFO - [2022-06-17 17:12:14,550] {dag.py:2379} INFO - Sync 1 DAGs
[2022-06-17 17:12:14,593] {logging_mixin.py:115} INFO - [2022-06-17 17:12:14,593] {dag.py:2927} INFO - Setting next_dagrun for example_branch_python_operator_decorator to 2022-06-16T00:00:00+00:00, run_after=2022-06-17T00:00:00+00:00
[2022-06-17 17:12:14,619] {processor.py:161} INFO - Processing /home/uiliam/sandbox/lib/python3.9/site-packages/airflow/example_dags/example_branch_operator_decorator.py took 0.135 seconds
[2022-06-17 17:12:45,804] {processor.py:153} INFO - Started process (PID=135168) to work on /home/uiliam/sandbox/lib/python3.9/site-packages/airflow/example_dags/example_branch_operator_decorator.py
[2022-06-17 17:12:45,805] {processor.py:641} INFO - Processing file /home/uiliam/sandbox/lib/python3.9/site-packages/airflow/example_dags/example_branch_operator_decorator.py for tasks to queue
[2022-06-17 17:12:45,805] {logging_mixin.py:115} INFO - [2022-06-17 17:12:45,805] {dagbag.py:507} INFO - Filling up the DagBag from /home/uiliam/sandbox/lib/python3.9/site-packages/airflow/example_dags/example_branch_operator_decorator.py
[2022-06-17 17:12:45,831] {processor.py:651} INFO - DAG(s) dict_keys(['example_branch_python_operator_decorator']) retrieved from /home/uiliam/sandbox/lib/python3.9/site-packages/airflow/example_dags/example_branch_operator_decorator.py
[2022-06-17 17:12:45,865] {logging_mixin.py:115} INFO - [2022-06-17 17:12:45,865] {dag.py:2379} INFO - Sync 1 DAGs
[2022-06-17 17:12:45,905] {logging_mixin.py:115} INFO - [2022-06-17 17:12:45,905] {dag.py:2927} INFO - Setting next_dagrun for example_branch_python_operator_decorator to 2022-06-16T00:00:00+00:00, run_after=2022-06-17T00:00:00+00:00
[2022-06-17 17:12:45,927] {processor.py:161} INFO - Processing /home/uiliam/sandbox/lib/python3.9/site-packages/airflow/example_dags/example_branch_operator_decorator.py took 0.128 seconds
[2022-06-17 17:13:17,015] {processor.py:153} INFO - Started process (PID=135545) to work on /home/uiliam/sandbox/lib/python3.9/site-packages/airflow/example_dags/example_branch_operator_decorator.py
[2022-06-17 17:13:17,016] {processor.py:641} INFO - Processing file /home/uiliam/sandbox/lib/python3.9/site-packages/airflow/example_dags/example_branch_operator_decorator.py for tasks to queue
[2022-06-17 17:13:17,017] {logging_mixin.py:115} INFO - [2022-06-17 17:13:17,017] {dagbag.py:507} INFO - Filling up the DagBag from /home/uiliam/sandbox/lib/python3.9/site-packages/airflow/example_dags/example_branch_operator_decorator.py
[2022-06-17 17:13:17,046] {processor.py:651} INFO - DAG(s) dict_keys(['example_branch_python_operator_decorator']) retrieved from /home/uiliam/sandbox/lib/python3.9/site-packages/airflow/example_dags/example_branch_operator_decorator.py
[2022-06-17 17:13:17,083] {logging_mixin.py:115} INFO - [2022-06-17 17:13:17,083] {dag.py:2379} INFO - Sync 1 DAGs
[2022-06-17 17:13:17,122] {logging_mixin.py:115} INFO - [2022-06-17 17:13:17,121] {dag.py:2927} INFO - Setting next_dagrun for example_branch_python_operator_decorator to 2022-06-16T00:00:00+00:00, run_after=2022-06-17T00:00:00+00:00
[2022-06-17 17:13:17,140] {processor.py:161} INFO - Processing /home/uiliam/sandbox/lib/python3.9/site-packages/airflow/example_dags/example_branch_operator_decorator.py took 0.130 seconds
[2022-06-17 17:13:48,237] {processor.py:153} INFO - Started process (PID=135849) to work on /home/uiliam/sandbox/lib/python3.9/site-packages/airflow/example_dags/example_branch_operator_decorator.py
[2022-06-17 17:13:48,238] {processor.py:641} INFO - Processing file /home/uiliam/sandbox/lib/python3.9/site-packages/airflow/example_dags/example_branch_operator_decorator.py for tasks to queue
[2022-06-17 17:13:48,239] {logging_mixin.py:115} INFO - [2022-06-17 17:13:48,239] {dagbag.py:507} INFO - Filling up the DagBag from /home/uiliam/sandbox/lib/python3.9/site-packages/airflow/example_dags/example_branch_operator_decorator.py
[2022-06-17 17:13:48,271] {processor.py:651} INFO - DAG(s) dict_keys(['example_branch_python_operator_decorator']) retrieved from /home/uiliam/sandbox/lib/python3.9/site-packages/airflow/example_dags/example_branch_operator_decorator.py
[2022-06-17 17:13:48,308] {logging_mixin.py:115} INFO - [2022-06-17 17:13:48,308] {dag.py:2379} INFO - Sync 1 DAGs
[2022-06-17 17:13:48,345] {logging_mixin.py:115} INFO - [2022-06-17 17:13:48,345] {dag.py:2927} INFO - Setting next_dagrun for example_branch_python_operator_decorator to 2022-06-16T00:00:00+00:00, run_after=2022-06-17T00:00:00+00:00
[2022-06-17 17:13:48,363] {processor.py:161} INFO - Processing /home/uiliam/sandbox/lib/python3.9/site-packages/airflow/example_dags/example_branch_operator_decorator.py took 0.131 seconds
[2022-06-17 17:14:19,671] {processor.py:153} INFO - Started process (PID=136138) to work on /home/uiliam/sandbox/lib/python3.9/site-packages/airflow/example_dags/example_branch_operator_decorator.py
[2022-06-17 17:14:19,672] {processor.py:641} INFO - Processing file /home/uiliam/sandbox/lib/python3.9/site-packages/airflow/example_dags/example_branch_operator_decorator.py for tasks to queue
[2022-06-17 17:14:19,672] {logging_mixin.py:115} INFO - [2022-06-17 17:14:19,672] {dagbag.py:507} INFO - Filling up the DagBag from /home/uiliam/sandbox/lib/python3.9/site-packages/airflow/example_dags/example_branch_operator_decorator.py
[2022-06-17 17:14:19,696] {processor.py:651} INFO - DAG(s) dict_keys(['example_branch_python_operator_decorator']) retrieved from /home/uiliam/sandbox/lib/python3.9/site-packages/airflow/example_dags/example_branch_operator_decorator.py
[2022-06-17 17:14:19,728] {logging_mixin.py:115} INFO - [2022-06-17 17:14:19,728] {dag.py:2379} INFO - Sync 1 DAGs
[2022-06-17 17:14:19,774] {logging_mixin.py:115} INFO - [2022-06-17 17:14:19,773] {dag.py:2927} INFO - Setting next_dagrun for example_branch_python_operator_decorator to 2022-06-16T00:00:00+00:00, run_after=2022-06-17T00:00:00+00:00
[2022-06-17 17:14:19,792] {processor.py:161} INFO - Processing /home/uiliam/sandbox/lib/python3.9/site-packages/airflow/example_dags/example_branch_operator_decorator.py took 0.125 seconds
[2022-06-17 17:14:50,996] {processor.py:153} INFO - Started process (PID=136493) to work on /home/uiliam/sandbox/lib/python3.9/site-packages/airflow/example_dags/example_branch_operator_decorator.py
[2022-06-17 17:14:50,996] {processor.py:641} INFO - Processing file /home/uiliam/sandbox/lib/python3.9/site-packages/airflow/example_dags/example_branch_operator_decorator.py for tasks to queue
[2022-06-17 17:14:50,997] {logging_mixin.py:115} INFO - [2022-06-17 17:14:50,997] {dagbag.py:507} INFO - Filling up the DagBag from /home/uiliam/sandbox/lib/python3.9/site-packages/airflow/example_dags/example_branch_operator_decorator.py
[2022-06-17 17:14:51,026] {processor.py:651} INFO - DAG(s) dict_keys(['example_branch_python_operator_decorator']) retrieved from /home/uiliam/sandbox/lib/python3.9/site-packages/airflow/example_dags/example_branch_operator_decorator.py
[2022-06-17 17:14:51,057] {logging_mixin.py:115} INFO - [2022-06-17 17:14:51,057] {dag.py:2379} INFO - Sync 1 DAGs
[2022-06-17 17:14:51,096] {logging_mixin.py:115} INFO - [2022-06-17 17:14:51,095] {dag.py:2927} INFO - Setting next_dagrun for example_branch_python_operator_decorator to 2022-06-16T00:00:00+00:00, run_after=2022-06-17T00:00:00+00:00
[2022-06-17 17:14:51,115] {processor.py:161} INFO - Processing /home/uiliam/sandbox/lib/python3.9/site-packages/airflow/example_dags/example_branch_operator_decorator.py took 0.124 seconds
[2022-06-17 17:15:22,127] {processor.py:153} INFO - Started process (PID=136746) to work on /home/uiliam/sandbox/lib/python3.9/site-packages/airflow/example_dags/example_branch_operator_decorator.py
[2022-06-17 17:15:22,128] {processor.py:641} INFO - Processing file /home/uiliam/sandbox/lib/python3.9/site-packages/airflow/example_dags/example_branch_operator_decorator.py for tasks to queue
[2022-06-17 17:15:22,128] {logging_mixin.py:115} INFO - [2022-06-17 17:15:22,128] {dagbag.py:507} INFO - Filling up the DagBag from /home/uiliam/sandbox/lib/python3.9/site-packages/airflow/example_dags/example_branch_operator_decorator.py
[2022-06-17 17:15:22,152] {processor.py:651} INFO - DAG(s) dict_keys(['example_branch_python_operator_decorator']) retrieved from /home/uiliam/sandbox/lib/python3.9/site-packages/airflow/example_dags/example_branch_operator_decorator.py
[2022-06-17 17:15:22,187] {logging_mixin.py:115} INFO - [2022-06-17 17:15:22,187] {dag.py:2379} INFO - Sync 1 DAGs
[2022-06-17 17:15:22,227] {logging_mixin.py:115} INFO - [2022-06-17 17:15:22,227] {dag.py:2927} INFO - Setting next_dagrun for example_branch_python_operator_decorator to 2022-06-16T00:00:00+00:00, run_after=2022-06-17T00:00:00+00:00
[2022-06-17 17:15:22,257] {processor.py:161} INFO - Processing /home/uiliam/sandbox/lib/python3.9/site-packages/airflow/example_dags/example_branch_operator_decorator.py took 0.134 seconds
[2022-06-17 17:15:52,958] {processor.py:153} INFO - Started process (PID=136907) to work on /home/uiliam/sandbox/lib/python3.9/site-packages/airflow/example_dags/example_branch_operator_decorator.py
[2022-06-17 17:15:52,959] {processor.py:641} INFO - Processing file /home/uiliam/sandbox/lib/python3.9/site-packages/airflow/example_dags/example_branch_operator_decorator.py for tasks to queue
[2022-06-17 17:15:52,960] {logging_mixin.py:115} INFO - [2022-06-17 17:15:52,960] {dagbag.py:507} INFO - Filling up the DagBag from /home/uiliam/sandbox/lib/python3.9/site-packages/airflow/example_dags/example_branch_operator_decorator.py
[2022-06-17 17:15:52,990] {processor.py:651} INFO - DAG(s) dict_keys(['example_branch_python_operator_decorator']) retrieved from /home/uiliam/sandbox/lib/python3.9/site-packages/airflow/example_dags/example_branch_operator_decorator.py
[2022-06-17 17:15:53,022] {logging_mixin.py:115} INFO - [2022-06-17 17:15:53,022] {dag.py:2379} INFO - Sync 1 DAGs
[2022-06-17 17:15:53,063] {logging_mixin.py:115} INFO - [2022-06-17 17:15:53,063] {dag.py:2927} INFO - Setting next_dagrun for example_branch_python_operator_decorator to 2022-06-16T00:00:00+00:00, run_after=2022-06-17T00:00:00+00:00
[2022-06-17 17:15:53,082] {processor.py:161} INFO - Processing /home/uiliam/sandbox/lib/python3.9/site-packages/airflow/example_dags/example_branch_operator_decorator.py took 0.128 seconds
[2022-06-17 17:16:24,159] {processor.py:153} INFO - Started process (PID=137113) to work on /home/uiliam/sandbox/lib/python3.9/site-packages/airflow/example_dags/example_branch_operator_decorator.py
[2022-06-17 17:16:24,160] {processor.py:641} INFO - Processing file /home/uiliam/sandbox/lib/python3.9/site-packages/airflow/example_dags/example_branch_operator_decorator.py for tasks to queue
[2022-06-17 17:16:24,162] {logging_mixin.py:115} INFO - [2022-06-17 17:16:24,161] {dagbag.py:507} INFO - Filling up the DagBag from /home/uiliam/sandbox/lib/python3.9/site-packages/airflow/example_dags/example_branch_operator_decorator.py
[2022-06-17 17:16:24,213] {processor.py:651} INFO - DAG(s) dict_keys(['example_branch_python_operator_decorator']) retrieved from /home/uiliam/sandbox/lib/python3.9/site-packages/airflow/example_dags/example_branch_operator_decorator.py
[2022-06-17 17:16:24,267] {logging_mixin.py:115} INFO - [2022-06-17 17:16:24,267] {dag.py:2379} INFO - Sync 1 DAGs
[2022-06-17 17:16:24,328] {logging_mixin.py:115} INFO - [2022-06-17 17:16:24,328] {dag.py:2927} INFO - Setting next_dagrun for example_branch_python_operator_decorator to 2022-06-16T00:00:00+00:00, run_after=2022-06-17T00:00:00+00:00
[2022-06-17 17:16:24,360] {processor.py:161} INFO - Processing /home/uiliam/sandbox/lib/python3.9/site-packages/airflow/example_dags/example_branch_operator_decorator.py took 0.208 seconds
[2022-06-17 17:16:55,205] {processor.py:153} INFO - Started process (PID=137337) to work on /home/uiliam/sandbox/lib/python3.9/site-packages/airflow/example_dags/example_branch_operator_decorator.py
[2022-06-17 17:16:55,205] {processor.py:641} INFO - Processing file /home/uiliam/sandbox/lib/python3.9/site-packages/airflow/example_dags/example_branch_operator_decorator.py for tasks to queue
[2022-06-17 17:16:55,206] {logging_mixin.py:115} INFO - [2022-06-17 17:16:55,206] {dagbag.py:507} INFO - Filling up the DagBag from /home/uiliam/sandbox/lib/python3.9/site-packages/airflow/example_dags/example_branch_operator_decorator.py
[2022-06-17 17:16:55,230] {processor.py:651} INFO - DAG(s) dict_keys(['example_branch_python_operator_decorator']) retrieved from /home/uiliam/sandbox/lib/python3.9/site-packages/airflow/example_dags/example_branch_operator_decorator.py
[2022-06-17 17:16:55,271] {logging_mixin.py:115} INFO - [2022-06-17 17:16:55,270] {dag.py:2379} INFO - Sync 1 DAGs
[2022-06-17 17:16:55,308] {logging_mixin.py:115} INFO - [2022-06-17 17:16:55,308] {dag.py:2927} INFO - Setting next_dagrun for example_branch_python_operator_decorator to 2022-06-16T00:00:00+00:00, run_after=2022-06-17T00:00:00+00:00
[2022-06-17 17:16:55,328] {processor.py:161} INFO - Processing /home/uiliam/sandbox/lib/python3.9/site-packages/airflow/example_dags/example_branch_operator_decorator.py took 0.128 seconds
[2022-06-17 17:17:26,278] {processor.py:153} INFO - Started process (PID=137593) to work on /home/uiliam/sandbox/lib/python3.9/site-packages/airflow/example_dags/example_branch_operator_decorator.py
[2022-06-17 17:17:26,278] {processor.py:641} INFO - Processing file /home/uiliam/sandbox/lib/python3.9/site-packages/airflow/example_dags/example_branch_operator_decorator.py for tasks to queue
[2022-06-17 17:17:26,279] {logging_mixin.py:115} INFO - [2022-06-17 17:17:26,279] {dagbag.py:507} INFO - Filling up the DagBag from /home/uiliam/sandbox/lib/python3.9/site-packages/airflow/example_dags/example_branch_operator_decorator.py
[2022-06-17 17:17:26,307] {processor.py:651} INFO - DAG(s) dict_keys(['example_branch_python_operator_decorator']) retrieved from /home/uiliam/sandbox/lib/python3.9/site-packages/airflow/example_dags/example_branch_operator_decorator.py
[2022-06-17 17:17:26,347] {logging_mixin.py:115} INFO - [2022-06-17 17:17:26,347] {dag.py:2379} INFO - Sync 1 DAGs
[2022-06-17 17:17:26,387] {logging_mixin.py:115} INFO - [2022-06-17 17:17:26,387] {dag.py:2927} INFO - Setting next_dagrun for example_branch_python_operator_decorator to 2022-06-16T00:00:00+00:00, run_after=2022-06-17T00:00:00+00:00
[2022-06-17 17:17:26,410] {processor.py:161} INFO - Processing /home/uiliam/sandbox/lib/python3.9/site-packages/airflow/example_dags/example_branch_operator_decorator.py took 0.137 seconds
[2022-06-17 17:17:57,531] {processor.py:153} INFO - Started process (PID=137833) to work on /home/uiliam/sandbox/lib/python3.9/site-packages/airflow/example_dags/example_branch_operator_decorator.py
[2022-06-17 17:17:57,532] {processor.py:641} INFO - Processing file /home/uiliam/sandbox/lib/python3.9/site-packages/airflow/example_dags/example_branch_operator_decorator.py for tasks to queue
[2022-06-17 17:17:57,533] {logging_mixin.py:115} INFO - [2022-06-17 17:17:57,532] {dagbag.py:507} INFO - Filling up the DagBag from /home/uiliam/sandbox/lib/python3.9/site-packages/airflow/example_dags/example_branch_operator_decorator.py
[2022-06-17 17:17:57,559] {processor.py:651} INFO - DAG(s) dict_keys(['example_branch_python_operator_decorator']) retrieved from /home/uiliam/sandbox/lib/python3.9/site-packages/airflow/example_dags/example_branch_operator_decorator.py
[2022-06-17 17:17:57,603] {logging_mixin.py:115} INFO - [2022-06-17 17:17:57,602] {dag.py:2379} INFO - Sync 1 DAGs
[2022-06-17 17:17:57,639] {logging_mixin.py:115} INFO - [2022-06-17 17:17:57,639] {dag.py:2927} INFO - Setting next_dagrun for example_branch_python_operator_decorator to 2022-06-16T00:00:00+00:00, run_after=2022-06-17T00:00:00+00:00
[2022-06-17 17:17:57,657] {processor.py:161} INFO - Processing /home/uiliam/sandbox/lib/python3.9/site-packages/airflow/example_dags/example_branch_operator_decorator.py took 0.131 seconds
[2022-06-17 17:18:28,558] {processor.py:153} INFO - Started process (PID=138157) to work on /home/uiliam/sandbox/lib/python3.9/site-packages/airflow/example_dags/example_branch_operator_decorator.py
[2022-06-17 17:18:28,559] {processor.py:641} INFO - Processing file /home/uiliam/sandbox/lib/python3.9/site-packages/airflow/example_dags/example_branch_operator_decorator.py for tasks to queue
[2022-06-17 17:18:28,560] {logging_mixin.py:115} INFO - [2022-06-17 17:18:28,560] {dagbag.py:507} INFO - Filling up the DagBag from /home/uiliam/sandbox/lib/python3.9/site-packages/airflow/example_dags/example_branch_operator_decorator.py
[2022-06-17 17:18:28,584] {processor.py:651} INFO - DAG(s) dict_keys(['example_branch_python_operator_decorator']) retrieved from /home/uiliam/sandbox/lib/python3.9/site-packages/airflow/example_dags/example_branch_operator_decorator.py
[2022-06-17 17:18:28,621] {logging_mixin.py:115} INFO - [2022-06-17 17:18:28,621] {dag.py:2379} INFO - Sync 1 DAGs
[2022-06-17 17:18:28,657] {logging_mixin.py:115} INFO - [2022-06-17 17:18:28,656] {dag.py:2927} INFO - Setting next_dagrun for example_branch_python_operator_decorator to 2022-06-16T00:00:00+00:00, run_after=2022-06-17T00:00:00+00:00
[2022-06-17 17:18:28,677] {processor.py:161} INFO - Processing /home/uiliam/sandbox/lib/python3.9/site-packages/airflow/example_dags/example_branch_operator_decorator.py took 0.123 seconds
[2022-06-17 17:18:59,787] {processor.py:153} INFO - Started process (PID=138393) to work on /home/uiliam/sandbox/lib/python3.9/site-packages/airflow/example_dags/example_branch_operator_decorator.py
[2022-06-17 17:18:59,788] {processor.py:641} INFO - Processing file /home/uiliam/sandbox/lib/python3.9/site-packages/airflow/example_dags/example_branch_operator_decorator.py for tasks to queue
[2022-06-17 17:18:59,789] {logging_mixin.py:115} INFO - [2022-06-17 17:18:59,789] {dagbag.py:507} INFO - Filling up the DagBag from /home/uiliam/sandbox/lib/python3.9/site-packages/airflow/example_dags/example_branch_operator_decorator.py
[2022-06-17 17:18:59,817] {processor.py:651} INFO - DAG(s) dict_keys(['example_branch_python_operator_decorator']) retrieved from /home/uiliam/sandbox/lib/python3.9/site-packages/airflow/example_dags/example_branch_operator_decorator.py
[2022-06-17 17:18:59,880] {logging_mixin.py:115} INFO - [2022-06-17 17:18:59,880] {dag.py:2379} INFO - Sync 1 DAGs
[2022-06-17 17:18:59,936] {logging_mixin.py:115} INFO - [2022-06-17 17:18:59,936] {dag.py:2927} INFO - Setting next_dagrun for example_branch_python_operator_decorator to 2022-06-16T00:00:00+00:00, run_after=2022-06-17T00:00:00+00:00
[2022-06-17 17:18:59,961] {processor.py:161} INFO - Processing /home/uiliam/sandbox/lib/python3.9/site-packages/airflow/example_dags/example_branch_operator_decorator.py took 0.178 seconds
[2022-06-17 17:19:30,743] {processor.py:153} INFO - Started process (PID=138656) to work on /home/uiliam/sandbox/lib/python3.9/site-packages/airflow/example_dags/example_branch_operator_decorator.py
[2022-06-17 17:19:30,744] {processor.py:641} INFO - Processing file /home/uiliam/sandbox/lib/python3.9/site-packages/airflow/example_dags/example_branch_operator_decorator.py for tasks to queue
[2022-06-17 17:19:30,744] {logging_mixin.py:115} INFO - [2022-06-17 17:19:30,744] {dagbag.py:507} INFO - Filling up the DagBag from /home/uiliam/sandbox/lib/python3.9/site-packages/airflow/example_dags/example_branch_operator_decorator.py
[2022-06-17 17:19:30,770] {processor.py:651} INFO - DAG(s) dict_keys(['example_branch_python_operator_decorator']) retrieved from /home/uiliam/sandbox/lib/python3.9/site-packages/airflow/example_dags/example_branch_operator_decorator.py
[2022-06-17 17:19:30,809] {logging_mixin.py:115} INFO - [2022-06-17 17:19:30,808] {dag.py:2379} INFO - Sync 1 DAGs
[2022-06-17 17:19:30,847] {logging_mixin.py:115} INFO - [2022-06-17 17:19:30,846] {dag.py:2927} INFO - Setting next_dagrun for example_branch_python_operator_decorator to 2022-06-16T00:00:00+00:00, run_after=2022-06-17T00:00:00+00:00
[2022-06-17 17:19:30,866] {processor.py:161} INFO - Processing /home/uiliam/sandbox/lib/python3.9/site-packages/airflow/example_dags/example_branch_operator_decorator.py took 0.129 seconds
[2022-06-17 17:20:01,866] {processor.py:153} INFO - Started process (PID=138905) to work on /home/uiliam/sandbox/lib/python3.9/site-packages/airflow/example_dags/example_branch_operator_decorator.py
[2022-06-17 17:20:01,867] {processor.py:641} INFO - Processing file /home/uiliam/sandbox/lib/python3.9/site-packages/airflow/example_dags/example_branch_operator_decorator.py for tasks to queue
[2022-06-17 17:20:01,868] {logging_mixin.py:115} INFO - [2022-06-17 17:20:01,868] {dagbag.py:507} INFO - Filling up the DagBag from /home/uiliam/sandbox/lib/python3.9/site-packages/airflow/example_dags/example_branch_operator_decorator.py
[2022-06-17 17:20:01,906] {processor.py:651} INFO - DAG(s) dict_keys(['example_branch_python_operator_decorator']) retrieved from /home/uiliam/sandbox/lib/python3.9/site-packages/airflow/example_dags/example_branch_operator_decorator.py
[2022-06-17 17:20:01,960] {logging_mixin.py:115} INFO - [2022-06-17 17:20:01,960] {dag.py:2379} INFO - Sync 1 DAGs
[2022-06-17 17:20:02,012] {logging_mixin.py:115} INFO - [2022-06-17 17:20:02,012] {dag.py:2927} INFO - Setting next_dagrun for example_branch_python_operator_decorator to 2022-06-16T00:00:00+00:00, run_after=2022-06-17T00:00:00+00:00
[2022-06-17 17:20:02,044] {processor.py:161} INFO - Processing /home/uiliam/sandbox/lib/python3.9/site-packages/airflow/example_dags/example_branch_operator_decorator.py took 0.183 seconds
[2022-06-17 17:20:32,977] {processor.py:153} INFO - Started process (PID=139233) to work on /home/uiliam/sandbox/lib/python3.9/site-packages/airflow/example_dags/example_branch_operator_decorator.py
[2022-06-17 17:20:32,978] {processor.py:641} INFO - Processing file /home/uiliam/sandbox/lib/python3.9/site-packages/airflow/example_dags/example_branch_operator_decorator.py for tasks to queue
[2022-06-17 17:20:32,978] {logging_mixin.py:115} INFO - [2022-06-17 17:20:32,978] {dagbag.py:507} INFO - Filling up the DagBag from /home/uiliam/sandbox/lib/python3.9/site-packages/airflow/example_dags/example_branch_operator_decorator.py
[2022-06-17 17:20:33,008] {processor.py:651} INFO - DAG(s) dict_keys(['example_branch_python_operator_decorator']) retrieved from /home/uiliam/sandbox/lib/python3.9/site-packages/airflow/example_dags/example_branch_operator_decorator.py
[2022-06-17 17:20:33,046] {logging_mixin.py:115} INFO - [2022-06-17 17:20:33,046] {dag.py:2379} INFO - Sync 1 DAGs
[2022-06-17 17:20:33,082] {logging_mixin.py:115} INFO - [2022-06-17 17:20:33,082] {dag.py:2927} INFO - Setting next_dagrun for example_branch_python_operator_decorator to 2022-06-16T00:00:00+00:00, run_after=2022-06-17T00:00:00+00:00
[2022-06-17 17:20:33,102] {processor.py:161} INFO - Processing /home/uiliam/sandbox/lib/python3.9/site-packages/airflow/example_dags/example_branch_operator_decorator.py took 0.130 seconds
[2022-06-17 17:21:03,981] {processor.py:153} INFO - Started process (PID=139436) to work on /home/uiliam/sandbox/lib/python3.9/site-packages/airflow/example_dags/example_branch_operator_decorator.py
[2022-06-17 17:21:03,982] {processor.py:641} INFO - Processing file /home/uiliam/sandbox/lib/python3.9/site-packages/airflow/example_dags/example_branch_operator_decorator.py for tasks to queue
[2022-06-17 17:21:03,984] {logging_mixin.py:115} INFO - [2022-06-17 17:21:03,983] {dagbag.py:507} INFO - Filling up the DagBag from /home/uiliam/sandbox/lib/python3.9/site-packages/airflow/example_dags/example_branch_operator_decorator.py
[2022-06-17 17:21:04,021] {processor.py:651} INFO - DAG(s) dict_keys(['example_branch_python_operator_decorator']) retrieved from /home/uiliam/sandbox/lib/python3.9/site-packages/airflow/example_dags/example_branch_operator_decorator.py
[2022-06-17 17:21:04,057] {logging_mixin.py:115} INFO - [2022-06-17 17:21:04,057] {dag.py:2379} INFO - Sync 1 DAGs
[2022-06-17 17:21:04,092] {logging_mixin.py:115} INFO - [2022-06-17 17:21:04,091] {dag.py:2927} INFO - Setting next_dagrun for example_branch_python_operator_decorator to 2022-06-16T00:00:00+00:00, run_after=2022-06-17T00:00:00+00:00
[2022-06-17 17:21:04,113] {processor.py:161} INFO - Processing /home/uiliam/sandbox/lib/python3.9/site-packages/airflow/example_dags/example_branch_operator_decorator.py took 0.138 seconds
[2022-06-17 17:21:35,080] {processor.py:153} INFO - Started process (PID=139695) to work on /home/uiliam/sandbox/lib/python3.9/site-packages/airflow/example_dags/example_branch_operator_decorator.py
[2022-06-17 17:21:35,080] {processor.py:641} INFO - Processing file /home/uiliam/sandbox/lib/python3.9/site-packages/airflow/example_dags/example_branch_operator_decorator.py for tasks to queue
[2022-06-17 17:21:35,081] {logging_mixin.py:115} INFO - [2022-06-17 17:21:35,081] {dagbag.py:507} INFO - Filling up the DagBag from /home/uiliam/sandbox/lib/python3.9/site-packages/airflow/example_dags/example_branch_operator_decorator.py
[2022-06-17 17:21:35,108] {processor.py:651} INFO - DAG(s) dict_keys(['example_branch_python_operator_decorator']) retrieved from /home/uiliam/sandbox/lib/python3.9/site-packages/airflow/example_dags/example_branch_operator_decorator.py
[2022-06-17 17:21:35,152] {logging_mixin.py:115} INFO - [2022-06-17 17:21:35,152] {dag.py:2379} INFO - Sync 1 DAGs
[2022-06-17 17:21:35,195] {logging_mixin.py:115} INFO - [2022-06-17 17:21:35,195] {dag.py:2927} INFO - Setting next_dagrun for example_branch_python_operator_decorator to 2022-06-16T00:00:00+00:00, run_after=2022-06-17T00:00:00+00:00
[2022-06-17 17:21:35,214] {processor.py:161} INFO - Processing /home/uiliam/sandbox/lib/python3.9/site-packages/airflow/example_dags/example_branch_operator_decorator.py took 0.141 seconds
[2022-06-17 17:22:06,090] {processor.py:153} INFO - Started process (PID=139948) to work on /home/uiliam/sandbox/lib/python3.9/site-packages/airflow/example_dags/example_branch_operator_decorator.py
[2022-06-17 17:22:06,091] {processor.py:641} INFO - Processing file /home/uiliam/sandbox/lib/python3.9/site-packages/airflow/example_dags/example_branch_operator_decorator.py for tasks to queue
[2022-06-17 17:22:06,091] {logging_mixin.py:115} INFO - [2022-06-17 17:22:06,091] {dagbag.py:507} INFO - Filling up the DagBag from /home/uiliam/sandbox/lib/python3.9/site-packages/airflow/example_dags/example_branch_operator_decorator.py
[2022-06-17 17:22:06,123] {processor.py:651} INFO - DAG(s) dict_keys(['example_branch_python_operator_decorator']) retrieved from /home/uiliam/sandbox/lib/python3.9/site-packages/airflow/example_dags/example_branch_operator_decorator.py
[2022-06-17 17:22:06,162] {logging_mixin.py:115} INFO - [2022-06-17 17:22:06,162] {dag.py:2379} INFO - Sync 1 DAGs
[2022-06-17 17:22:06,197] {logging_mixin.py:115} INFO - [2022-06-17 17:22:06,196] {dag.py:2927} INFO - Setting next_dagrun for example_branch_python_operator_decorator to 2022-06-16T00:00:00+00:00, run_after=2022-06-17T00:00:00+00:00
[2022-06-17 17:22:06,215] {processor.py:161} INFO - Processing /home/uiliam/sandbox/lib/python3.9/site-packages/airflow/example_dags/example_branch_operator_decorator.py took 0.129 seconds
[2022-06-17 17:22:37,096] {processor.py:153} INFO - Started process (PID=140200) to work on /home/uiliam/sandbox/lib/python3.9/site-packages/airflow/example_dags/example_branch_operator_decorator.py
[2022-06-17 17:22:37,096] {processor.py:641} INFO - Processing file /home/uiliam/sandbox/lib/python3.9/site-packages/airflow/example_dags/example_branch_operator_decorator.py for tasks to queue
[2022-06-17 17:22:37,097] {logging_mixin.py:115} INFO - [2022-06-17 17:22:37,097] {dagbag.py:507} INFO - Filling up the DagBag from /home/uiliam/sandbox/lib/python3.9/site-packages/airflow/example_dags/example_branch_operator_decorator.py
[2022-06-17 17:22:37,124] {processor.py:651} INFO - DAG(s) dict_keys(['example_branch_python_operator_decorator']) retrieved from /home/uiliam/sandbox/lib/python3.9/site-packages/airflow/example_dags/example_branch_operator_decorator.py
[2022-06-17 17:22:37,165] {logging_mixin.py:115} INFO - [2022-06-17 17:22:37,165] {dag.py:2379} INFO - Sync 1 DAGs
[2022-06-17 17:22:37,201] {logging_mixin.py:115} INFO - [2022-06-17 17:22:37,200] {dag.py:2927} INFO - Setting next_dagrun for example_branch_python_operator_decorator to 2022-06-16T00:00:00+00:00, run_after=2022-06-17T00:00:00+00:00
[2022-06-17 17:22:37,223] {processor.py:161} INFO - Processing /home/uiliam/sandbox/lib/python3.9/site-packages/airflow/example_dags/example_branch_operator_decorator.py took 0.131 seconds
[2022-06-17 17:23:08,292] {processor.py:153} INFO - Started process (PID=140438) to work on /home/uiliam/sandbox/lib/python3.9/site-packages/airflow/example_dags/example_branch_operator_decorator.py
[2022-06-17 17:23:08,292] {processor.py:641} INFO - Processing file /home/uiliam/sandbox/lib/python3.9/site-packages/airflow/example_dags/example_branch_operator_decorator.py for tasks to queue
[2022-06-17 17:23:08,293] {logging_mixin.py:115} INFO - [2022-06-17 17:23:08,293] {dagbag.py:507} INFO - Filling up the DagBag from /home/uiliam/sandbox/lib/python3.9/site-packages/airflow/example_dags/example_branch_operator_decorator.py
[2022-06-17 17:23:08,322] {processor.py:651} INFO - DAG(s) dict_keys(['example_branch_python_operator_decorator']) retrieved from /home/uiliam/sandbox/lib/python3.9/site-packages/airflow/example_dags/example_branch_operator_decorator.py
[2022-06-17 17:23:08,360] {logging_mixin.py:115} INFO - [2022-06-17 17:23:08,360] {dag.py:2379} INFO - Sync 1 DAGs
[2022-06-17 17:23:08,397] {logging_mixin.py:115} INFO - [2022-06-17 17:23:08,397] {dag.py:2927} INFO - Setting next_dagrun for example_branch_python_operator_decorator to 2022-06-16T00:00:00+00:00, run_after=2022-06-17T00:00:00+00:00
[2022-06-17 17:23:08,416] {processor.py:161} INFO - Processing /home/uiliam/sandbox/lib/python3.9/site-packages/airflow/example_dags/example_branch_operator_decorator.py took 0.130 seconds
[2022-06-17 17:23:39,657] {processor.py:153} INFO - Started process (PID=140679) to work on /home/uiliam/sandbox/lib/python3.9/site-packages/airflow/example_dags/example_branch_operator_decorator.py
[2022-06-17 17:23:39,657] {processor.py:641} INFO - Processing file /home/uiliam/sandbox/lib/python3.9/site-packages/airflow/example_dags/example_branch_operator_decorator.py for tasks to queue
[2022-06-17 17:23:39,658] {logging_mixin.py:115} INFO - [2022-06-17 17:23:39,658] {dagbag.py:507} INFO - Filling up the DagBag from /home/uiliam/sandbox/lib/python3.9/site-packages/airflow/example_dags/example_branch_operator_decorator.py
[2022-06-17 17:23:39,685] {processor.py:651} INFO - DAG(s) dict_keys(['example_branch_python_operator_decorator']) retrieved from /home/uiliam/sandbox/lib/python3.9/site-packages/airflow/example_dags/example_branch_operator_decorator.py
[2022-06-17 17:23:39,721] {logging_mixin.py:115} INFO - [2022-06-17 17:23:39,721] {dag.py:2379} INFO - Sync 1 DAGs
[2022-06-17 17:23:39,758] {logging_mixin.py:115} INFO - [2022-06-17 17:23:39,758] {dag.py:2927} INFO - Setting next_dagrun for example_branch_python_operator_decorator to 2022-06-16T00:00:00+00:00, run_after=2022-06-17T00:00:00+00:00
[2022-06-17 17:23:39,778] {processor.py:161} INFO - Processing /home/uiliam/sandbox/lib/python3.9/site-packages/airflow/example_dags/example_branch_operator_decorator.py took 0.126 seconds
[2022-06-17 17:24:10,879] {processor.py:153} INFO - Started process (PID=140832) to work on /home/uiliam/sandbox/lib/python3.9/site-packages/airflow/example_dags/example_branch_operator_decorator.py
[2022-06-17 17:24:10,879] {processor.py:641} INFO - Processing file /home/uiliam/sandbox/lib/python3.9/site-packages/airflow/example_dags/example_branch_operator_decorator.py for tasks to queue
[2022-06-17 17:24:10,880] {logging_mixin.py:115} INFO - [2022-06-17 17:24:10,880] {dagbag.py:507} INFO - Filling up the DagBag from /home/uiliam/sandbox/lib/python3.9/site-packages/airflow/example_dags/example_branch_operator_decorator.py
[2022-06-17 17:24:10,915] {processor.py:651} INFO - DAG(s) dict_keys(['example_branch_python_operator_decorator']) retrieved from /home/uiliam/sandbox/lib/python3.9/site-packages/airflow/example_dags/example_branch_operator_decorator.py
[2022-06-17 17:24:10,967] {logging_mixin.py:115} INFO - [2022-06-17 17:24:10,967] {dag.py:2379} INFO - Sync 1 DAGs
[2022-06-17 17:24:11,013] {logging_mixin.py:115} INFO - [2022-06-17 17:24:11,012] {dag.py:2927} INFO - Setting next_dagrun for example_branch_python_operator_decorator to 2022-06-16T00:00:00+00:00, run_after=2022-06-17T00:00:00+00:00
[2022-06-17 17:24:11,042] {processor.py:161} INFO - Processing /home/uiliam/sandbox/lib/python3.9/site-packages/airflow/example_dags/example_branch_operator_decorator.py took 0.168 seconds
[2022-06-17 17:24:42,070] {processor.py:153} INFO - Started process (PID=141158) to work on /home/uiliam/sandbox/lib/python3.9/site-packages/airflow/example_dags/example_branch_operator_decorator.py
[2022-06-17 17:24:42,071] {processor.py:641} INFO - Processing file /home/uiliam/sandbox/lib/python3.9/site-packages/airflow/example_dags/example_branch_operator_decorator.py for tasks to queue
[2022-06-17 17:24:42,072] {logging_mixin.py:115} INFO - [2022-06-17 17:24:42,071] {dagbag.py:507} INFO - Filling up the DagBag from /home/uiliam/sandbox/lib/python3.9/site-packages/airflow/example_dags/example_branch_operator_decorator.py
[2022-06-17 17:24:42,095] {processor.py:651} INFO - DAG(s) dict_keys(['example_branch_python_operator_decorator']) retrieved from /home/uiliam/sandbox/lib/python3.9/site-packages/airflow/example_dags/example_branch_operator_decorator.py
[2022-06-17 17:24:42,133] {logging_mixin.py:115} INFO - [2022-06-17 17:24:42,133] {dag.py:2379} INFO - Sync 1 DAGs
[2022-06-17 17:24:42,167] {logging_mixin.py:115} INFO - [2022-06-17 17:24:42,166] {dag.py:2927} INFO - Setting next_dagrun for example_branch_python_operator_decorator to 2022-06-16T00:00:00+00:00, run_after=2022-06-17T00:00:00+00:00
[2022-06-17 17:24:42,185] {processor.py:161} INFO - Processing /home/uiliam/sandbox/lib/python3.9/site-packages/airflow/example_dags/example_branch_operator_decorator.py took 0.119 seconds
[2022-06-17 17:25:13,314] {processor.py:153} INFO - Started process (PID=141348) to work on /home/uiliam/sandbox/lib/python3.9/site-packages/airflow/example_dags/example_branch_operator_decorator.py
[2022-06-17 17:25:13,315] {processor.py:641} INFO - Processing file /home/uiliam/sandbox/lib/python3.9/site-packages/airflow/example_dags/example_branch_operator_decorator.py for tasks to queue
[2022-06-17 17:25:13,315] {logging_mixin.py:115} INFO - [2022-06-17 17:25:13,315] {dagbag.py:507} INFO - Filling up the DagBag from /home/uiliam/sandbox/lib/python3.9/site-packages/airflow/example_dags/example_branch_operator_decorator.py
[2022-06-17 17:25:13,337] {processor.py:651} INFO - DAG(s) dict_keys(['example_branch_python_operator_decorator']) retrieved from /home/uiliam/sandbox/lib/python3.9/site-packages/airflow/example_dags/example_branch_operator_decorator.py
[2022-06-17 17:25:13,372] {logging_mixin.py:115} INFO - [2022-06-17 17:25:13,371] {dag.py:2379} INFO - Sync 1 DAGs
[2022-06-17 17:25:13,405] {logging_mixin.py:115} INFO - [2022-06-17 17:25:13,405] {dag.py:2927} INFO - Setting next_dagrun for example_branch_python_operator_decorator to 2022-06-16T00:00:00+00:00, run_after=2022-06-17T00:00:00+00:00
[2022-06-17 17:25:13,422] {processor.py:161} INFO - Processing /home/uiliam/sandbox/lib/python3.9/site-packages/airflow/example_dags/example_branch_operator_decorator.py took 0.113 seconds
[2022-06-17 17:25:44,753] {processor.py:153} INFO - Started process (PID=141562) to work on /home/uiliam/sandbox/lib/python3.9/site-packages/airflow/example_dags/example_branch_operator_decorator.py
[2022-06-17 17:25:44,753] {processor.py:641} INFO - Processing file /home/uiliam/sandbox/lib/python3.9/site-packages/airflow/example_dags/example_branch_operator_decorator.py for tasks to queue
[2022-06-17 17:25:44,754] {logging_mixin.py:115} INFO - [2022-06-17 17:25:44,754] {dagbag.py:507} INFO - Filling up the DagBag from /home/uiliam/sandbox/lib/python3.9/site-packages/airflow/example_dags/example_branch_operator_decorator.py
[2022-06-17 17:25:44,780] {processor.py:651} INFO - DAG(s) dict_keys(['example_branch_python_operator_decorator']) retrieved from /home/uiliam/sandbox/lib/python3.9/site-packages/airflow/example_dags/example_branch_operator_decorator.py
[2022-06-17 17:25:44,818] {logging_mixin.py:115} INFO - [2022-06-17 17:25:44,818] {dag.py:2379} INFO - Sync 1 DAGs
[2022-06-17 17:25:44,865] {logging_mixin.py:115} INFO - [2022-06-17 17:25:44,865] {dag.py:2927} INFO - Setting next_dagrun for example_branch_python_operator_decorator to 2022-06-16T00:00:00+00:00, run_after=2022-06-17T00:00:00+00:00
[2022-06-17 17:25:44,892] {processor.py:161} INFO - Processing /home/uiliam/sandbox/lib/python3.9/site-packages/airflow/example_dags/example_branch_operator_decorator.py took 0.144 seconds
[2022-06-17 17:26:15,809] {processor.py:153} INFO - Started process (PID=141747) to work on /home/uiliam/sandbox/lib/python3.9/site-packages/airflow/example_dags/example_branch_operator_decorator.py
[2022-06-17 17:26:15,809] {processor.py:641} INFO - Processing file /home/uiliam/sandbox/lib/python3.9/site-packages/airflow/example_dags/example_branch_operator_decorator.py for tasks to queue
[2022-06-17 17:26:15,810] {logging_mixin.py:115} INFO - [2022-06-17 17:26:15,810] {dagbag.py:507} INFO - Filling up the DagBag from /home/uiliam/sandbox/lib/python3.9/site-packages/airflow/example_dags/example_branch_operator_decorator.py
[2022-06-17 17:26:15,835] {processor.py:651} INFO - DAG(s) dict_keys(['example_branch_python_operator_decorator']) retrieved from /home/uiliam/sandbox/lib/python3.9/site-packages/airflow/example_dags/example_branch_operator_decorator.py
[2022-06-17 17:26:15,875] {logging_mixin.py:115} INFO - [2022-06-17 17:26:15,875] {dag.py:2379} INFO - Sync 1 DAGs
[2022-06-17 17:26:15,912] {logging_mixin.py:115} INFO - [2022-06-17 17:26:15,912] {dag.py:2927} INFO - Setting next_dagrun for example_branch_python_operator_decorator to 2022-06-16T00:00:00+00:00, run_after=2022-06-17T00:00:00+00:00
[2022-06-17 17:26:15,938] {processor.py:161} INFO - Processing /home/uiliam/sandbox/lib/python3.9/site-packages/airflow/example_dags/example_branch_operator_decorator.py took 0.134 seconds
[2022-06-17 17:26:47,046] {processor.py:153} INFO - Started process (PID=141921) to work on /home/uiliam/sandbox/lib/python3.9/site-packages/airflow/example_dags/example_branch_operator_decorator.py
[2022-06-17 17:26:47,047] {processor.py:641} INFO - Processing file /home/uiliam/sandbox/lib/python3.9/site-packages/airflow/example_dags/example_branch_operator_decorator.py for tasks to queue
[2022-06-17 17:26:47,048] {logging_mixin.py:115} INFO - [2022-06-17 17:26:47,047] {dagbag.py:507} INFO - Filling up the DagBag from /home/uiliam/sandbox/lib/python3.9/site-packages/airflow/example_dags/example_branch_operator_decorator.py
[2022-06-17 17:26:47,075] {processor.py:651} INFO - DAG(s) dict_keys(['example_branch_python_operator_decorator']) retrieved from /home/uiliam/sandbox/lib/python3.9/site-packages/airflow/example_dags/example_branch_operator_decorator.py
[2022-06-17 17:26:47,111] {logging_mixin.py:115} INFO - [2022-06-17 17:26:47,111] {dag.py:2379} INFO - Sync 1 DAGs
[2022-06-17 17:26:47,146] {logging_mixin.py:115} INFO - [2022-06-17 17:26:47,146] {dag.py:2927} INFO - Setting next_dagrun for example_branch_python_operator_decorator to 2022-06-16T00:00:00+00:00, run_after=2022-06-17T00:00:00+00:00
[2022-06-17 17:26:47,164] {processor.py:161} INFO - Processing /home/uiliam/sandbox/lib/python3.9/site-packages/airflow/example_dags/example_branch_operator_decorator.py took 0.123 seconds
[2022-06-17 17:27:18,167] {processor.py:153} INFO - Started process (PID=142093) to work on /home/uiliam/sandbox/lib/python3.9/site-packages/airflow/example_dags/example_branch_operator_decorator.py
[2022-06-17 17:27:18,167] {processor.py:641} INFO - Processing file /home/uiliam/sandbox/lib/python3.9/site-packages/airflow/example_dags/example_branch_operator_decorator.py for tasks to queue
[2022-06-17 17:27:18,168] {logging_mixin.py:115} INFO - [2022-06-17 17:27:18,168] {dagbag.py:507} INFO - Filling up the DagBag from /home/uiliam/sandbox/lib/python3.9/site-packages/airflow/example_dags/example_branch_operator_decorator.py
[2022-06-17 17:27:18,193] {processor.py:651} INFO - DAG(s) dict_keys(['example_branch_python_operator_decorator']) retrieved from /home/uiliam/sandbox/lib/python3.9/site-packages/airflow/example_dags/example_branch_operator_decorator.py
[2022-06-17 17:27:18,227] {logging_mixin.py:115} INFO - [2022-06-17 17:27:18,227] {dag.py:2379} INFO - Sync 1 DAGs
[2022-06-17 17:27:18,266] {logging_mixin.py:115} INFO - [2022-06-17 17:27:18,266] {dag.py:2927} INFO - Setting next_dagrun for example_branch_python_operator_decorator to 2022-06-16T00:00:00+00:00, run_after=2022-06-17T00:00:00+00:00
[2022-06-17 17:27:18,287] {processor.py:161} INFO - Processing /home/uiliam/sandbox/lib/python3.9/site-packages/airflow/example_dags/example_branch_operator_decorator.py took 0.124 seconds
[2022-06-17 17:27:49,127] {processor.py:153} INFO - Started process (PID=142322) to work on /home/uiliam/sandbox/lib/python3.9/site-packages/airflow/example_dags/example_branch_operator_decorator.py
[2022-06-17 17:27:49,128] {processor.py:641} INFO - Processing file /home/uiliam/sandbox/lib/python3.9/site-packages/airflow/example_dags/example_branch_operator_decorator.py for tasks to queue
[2022-06-17 17:27:49,128] {logging_mixin.py:115} INFO - [2022-06-17 17:27:49,128] {dagbag.py:507} INFO - Filling up the DagBag from /home/uiliam/sandbox/lib/python3.9/site-packages/airflow/example_dags/example_branch_operator_decorator.py
[2022-06-17 17:27:49,152] {processor.py:651} INFO - DAG(s) dict_keys(['example_branch_python_operator_decorator']) retrieved from /home/uiliam/sandbox/lib/python3.9/site-packages/airflow/example_dags/example_branch_operator_decorator.py
[2022-06-17 17:27:49,188] {logging_mixin.py:115} INFO - [2022-06-17 17:27:49,187] {dag.py:2379} INFO - Sync 1 DAGs
[2022-06-17 17:27:49,221] {logging_mixin.py:115} INFO - [2022-06-17 17:27:49,221] {dag.py:2927} INFO - Setting next_dagrun for example_branch_python_operator_decorator to 2022-06-16T00:00:00+00:00, run_after=2022-06-17T00:00:00+00:00
[2022-06-17 17:27:49,240] {processor.py:161} INFO - Processing /home/uiliam/sandbox/lib/python3.9/site-packages/airflow/example_dags/example_branch_operator_decorator.py took 0.118 seconds
[2022-06-17 17:28:20,037] {processor.py:153} INFO - Started process (PID=142582) to work on /home/uiliam/sandbox/lib/python3.9/site-packages/airflow/example_dags/example_branch_operator_decorator.py
[2022-06-17 17:28:20,038] {processor.py:641} INFO - Processing file /home/uiliam/sandbox/lib/python3.9/site-packages/airflow/example_dags/example_branch_operator_decorator.py for tasks to queue
[2022-06-17 17:28:20,039] {logging_mixin.py:115} INFO - [2022-06-17 17:28:20,039] {dagbag.py:507} INFO - Filling up the DagBag from /home/uiliam/sandbox/lib/python3.9/site-packages/airflow/example_dags/example_branch_operator_decorator.py
[2022-06-17 17:28:20,085] {processor.py:651} INFO - DAG(s) dict_keys(['example_branch_python_operator_decorator']) retrieved from /home/uiliam/sandbox/lib/python3.9/site-packages/airflow/example_dags/example_branch_operator_decorator.py
[2022-06-17 17:28:20,140] {logging_mixin.py:115} INFO - [2022-06-17 17:28:20,139] {dag.py:2379} INFO - Sync 1 DAGs
[2022-06-17 17:28:20,191] {logging_mixin.py:115} INFO - [2022-06-17 17:28:20,191] {dag.py:2927} INFO - Setting next_dagrun for example_branch_python_operator_decorator to 2022-06-16T00:00:00+00:00, run_after=2022-06-17T00:00:00+00:00
[2022-06-17 17:28:20,221] {processor.py:161} INFO - Processing /home/uiliam/sandbox/lib/python3.9/site-packages/airflow/example_dags/example_branch_operator_decorator.py took 0.191 seconds
[2022-06-17 17:28:51,307] {processor.py:153} INFO - Started process (PID=142806) to work on /home/uiliam/sandbox/lib/python3.9/site-packages/airflow/example_dags/example_branch_operator_decorator.py
[2022-06-17 17:28:51,308] {processor.py:641} INFO - Processing file /home/uiliam/sandbox/lib/python3.9/site-packages/airflow/example_dags/example_branch_operator_decorator.py for tasks to queue
[2022-06-17 17:28:51,309] {logging_mixin.py:115} INFO - [2022-06-17 17:28:51,308] {dagbag.py:507} INFO - Filling up the DagBag from /home/uiliam/sandbox/lib/python3.9/site-packages/airflow/example_dags/example_branch_operator_decorator.py
[2022-06-17 17:28:51,337] {processor.py:651} INFO - DAG(s) dict_keys(['example_branch_python_operator_decorator']) retrieved from /home/uiliam/sandbox/lib/python3.9/site-packages/airflow/example_dags/example_branch_operator_decorator.py
[2022-06-17 17:28:51,373] {logging_mixin.py:115} INFO - [2022-06-17 17:28:51,373] {dag.py:2379} INFO - Sync 1 DAGs
[2022-06-17 17:28:51,408] {logging_mixin.py:115} INFO - [2022-06-17 17:28:51,408] {dag.py:2927} INFO - Setting next_dagrun for example_branch_python_operator_decorator to 2022-06-16T00:00:00+00:00, run_after=2022-06-17T00:00:00+00:00
[2022-06-17 17:28:51,426] {processor.py:161} INFO - Processing /home/uiliam/sandbox/lib/python3.9/site-packages/airflow/example_dags/example_branch_operator_decorator.py took 0.125 seconds
[2022-06-17 17:29:22,396] {processor.py:153} INFO - Started process (PID=142989) to work on /home/uiliam/sandbox/lib/python3.9/site-packages/airflow/example_dags/example_branch_operator_decorator.py
[2022-06-17 17:29:22,397] {processor.py:641} INFO - Processing file /home/uiliam/sandbox/lib/python3.9/site-packages/airflow/example_dags/example_branch_operator_decorator.py for tasks to queue
[2022-06-17 17:29:22,397] {logging_mixin.py:115} INFO - [2022-06-17 17:29:22,397] {dagbag.py:507} INFO - Filling up the DagBag from /home/uiliam/sandbox/lib/python3.9/site-packages/airflow/example_dags/example_branch_operator_decorator.py
[2022-06-17 17:29:22,422] {processor.py:651} INFO - DAG(s) dict_keys(['example_branch_python_operator_decorator']) retrieved from /home/uiliam/sandbox/lib/python3.9/site-packages/airflow/example_dags/example_branch_operator_decorator.py
[2022-06-17 17:29:22,461] {logging_mixin.py:115} INFO - [2022-06-17 17:29:22,461] {dag.py:2379} INFO - Sync 1 DAGs
[2022-06-17 17:29:22,496] {logging_mixin.py:115} INFO - [2022-06-17 17:29:22,496] {dag.py:2927} INFO - Setting next_dagrun for example_branch_python_operator_decorator to 2022-06-16T00:00:00+00:00, run_after=2022-06-17T00:00:00+00:00
[2022-06-17 17:29:22,515] {processor.py:161} INFO - Processing /home/uiliam/sandbox/lib/python3.9/site-packages/airflow/example_dags/example_branch_operator_decorator.py took 0.124 seconds
[2022-06-17 17:29:53,575] {processor.py:153} INFO - Started process (PID=143203) to work on /home/uiliam/sandbox/lib/python3.9/site-packages/airflow/example_dags/example_branch_operator_decorator.py
[2022-06-17 17:29:53,576] {processor.py:641} INFO - Processing file /home/uiliam/sandbox/lib/python3.9/site-packages/airflow/example_dags/example_branch_operator_decorator.py for tasks to queue
[2022-06-17 17:29:53,576] {logging_mixin.py:115} INFO - [2022-06-17 17:29:53,576] {dagbag.py:507} INFO - Filling up the DagBag from /home/uiliam/sandbox/lib/python3.9/site-packages/airflow/example_dags/example_branch_operator_decorator.py
[2022-06-17 17:29:53,602] {processor.py:651} INFO - DAG(s) dict_keys(['example_branch_python_operator_decorator']) retrieved from /home/uiliam/sandbox/lib/python3.9/site-packages/airflow/example_dags/example_branch_operator_decorator.py
[2022-06-17 17:29:53,639] {logging_mixin.py:115} INFO - [2022-06-17 17:29:53,638] {dag.py:2379} INFO - Sync 1 DAGs
[2022-06-17 17:29:53,675] {logging_mixin.py:115} INFO - [2022-06-17 17:29:53,675] {dag.py:2927} INFO - Setting next_dagrun for example_branch_python_operator_decorator to 2022-06-16T00:00:00+00:00, run_after=2022-06-17T00:00:00+00:00
[2022-06-17 17:29:53,695] {processor.py:161} INFO - Processing /home/uiliam/sandbox/lib/python3.9/site-packages/airflow/example_dags/example_branch_operator_decorator.py took 0.125 seconds
[2022-06-17 17:30:24,396] {processor.py:153} INFO - Started process (PID=143347) to work on /home/uiliam/sandbox/lib/python3.9/site-packages/airflow/example_dags/example_branch_operator_decorator.py
[2022-06-17 17:30:24,396] {processor.py:641} INFO - Processing file /home/uiliam/sandbox/lib/python3.9/site-packages/airflow/example_dags/example_branch_operator_decorator.py for tasks to queue
[2022-06-17 17:30:24,397] {logging_mixin.py:115} INFO - [2022-06-17 17:30:24,397] {dagbag.py:507} INFO - Filling up the DagBag from /home/uiliam/sandbox/lib/python3.9/site-packages/airflow/example_dags/example_branch_operator_decorator.py
[2022-06-17 17:30:24,421] {processor.py:651} INFO - DAG(s) dict_keys(['example_branch_python_operator_decorator']) retrieved from /home/uiliam/sandbox/lib/python3.9/site-packages/airflow/example_dags/example_branch_operator_decorator.py
[2022-06-17 17:30:24,457] {logging_mixin.py:115} INFO - [2022-06-17 17:30:24,457] {dag.py:2379} INFO - Sync 1 DAGs
[2022-06-17 17:30:24,492] {logging_mixin.py:115} INFO - [2022-06-17 17:30:24,491] {dag.py:2927} INFO - Setting next_dagrun for example_branch_python_operator_decorator to 2022-06-16T00:00:00+00:00, run_after=2022-06-17T00:00:00+00:00
[2022-06-17 17:30:24,511] {processor.py:161} INFO - Processing /home/uiliam/sandbox/lib/python3.9/site-packages/airflow/example_dags/example_branch_operator_decorator.py took 0.121 seconds
[2022-06-17 17:30:55,636] {processor.py:153} INFO - Started process (PID=143524) to work on /home/uiliam/sandbox/lib/python3.9/site-packages/airflow/example_dags/example_branch_operator_decorator.py
[2022-06-17 17:30:55,636] {processor.py:641} INFO - Processing file /home/uiliam/sandbox/lib/python3.9/site-packages/airflow/example_dags/example_branch_operator_decorator.py for tasks to queue
[2022-06-17 17:30:55,637] {logging_mixin.py:115} INFO - [2022-06-17 17:30:55,637] {dagbag.py:507} INFO - Filling up the DagBag from /home/uiliam/sandbox/lib/python3.9/site-packages/airflow/example_dags/example_branch_operator_decorator.py
[2022-06-17 17:30:55,662] {processor.py:651} INFO - DAG(s) dict_keys(['example_branch_python_operator_decorator']) retrieved from /home/uiliam/sandbox/lib/python3.9/site-packages/airflow/example_dags/example_branch_operator_decorator.py
[2022-06-17 17:30:55,699] {logging_mixin.py:115} INFO - [2022-06-17 17:30:55,698] {dag.py:2379} INFO - Sync 1 DAGs
[2022-06-17 17:30:55,735] {logging_mixin.py:115} INFO - [2022-06-17 17:30:55,735] {dag.py:2927} INFO - Setting next_dagrun for example_branch_python_operator_decorator to 2022-06-16T00:00:00+00:00, run_after=2022-06-17T00:00:00+00:00
[2022-06-17 17:30:55,756] {processor.py:161} INFO - Processing /home/uiliam/sandbox/lib/python3.9/site-packages/airflow/example_dags/example_branch_operator_decorator.py took 0.126 seconds
[2022-06-17 17:31:27,389] {processor.py:153} INFO - Started process (PID=143797) to work on /home/uiliam/sandbox/lib/python3.9/site-packages/airflow/example_dags/example_branch_operator_decorator.py
[2022-06-17 17:31:27,390] {processor.py:641} INFO - Processing file /home/uiliam/sandbox/lib/python3.9/site-packages/airflow/example_dags/example_branch_operator_decorator.py for tasks to queue
[2022-06-17 17:31:27,391] {logging_mixin.py:115} INFO - [2022-06-17 17:31:27,391] {dagbag.py:507} INFO - Filling up the DagBag from /home/uiliam/sandbox/lib/python3.9/site-packages/airflow/example_dags/example_branch_operator_decorator.py
[2022-06-17 17:31:27,423] {processor.py:651} INFO - DAG(s) dict_keys(['example_branch_python_operator_decorator']) retrieved from /home/uiliam/sandbox/lib/python3.9/site-packages/airflow/example_dags/example_branch_operator_decorator.py
[2022-06-17 17:31:27,464] {logging_mixin.py:115} INFO - [2022-06-17 17:31:27,464] {dag.py:2379} INFO - Sync 1 DAGs
[2022-06-17 17:31:27,511] {logging_mixin.py:115} INFO - [2022-06-17 17:31:27,511] {dag.py:2927} INFO - Setting next_dagrun for example_branch_python_operator_decorator to 2022-06-16T00:00:00+00:00, run_after=2022-06-17T00:00:00+00:00
[2022-06-17 17:31:27,532] {processor.py:161} INFO - Processing /home/uiliam/sandbox/lib/python3.9/site-packages/airflow/example_dags/example_branch_operator_decorator.py took 0.148 seconds
[2022-06-17 17:31:58,029] {processor.py:153} INFO - Started process (PID=143979) to work on /home/uiliam/sandbox/lib/python3.9/site-packages/airflow/example_dags/example_branch_operator_decorator.py
[2022-06-17 17:31:58,030] {processor.py:641} INFO - Processing file /home/uiliam/sandbox/lib/python3.9/site-packages/airflow/example_dags/example_branch_operator_decorator.py for tasks to queue
[2022-06-17 17:31:58,030] {logging_mixin.py:115} INFO - [2022-06-17 17:31:58,030] {dagbag.py:507} INFO - Filling up the DagBag from /home/uiliam/sandbox/lib/python3.9/site-packages/airflow/example_dags/example_branch_operator_decorator.py
[2022-06-17 17:31:58,056] {processor.py:651} INFO - DAG(s) dict_keys(['example_branch_python_operator_decorator']) retrieved from /home/uiliam/sandbox/lib/python3.9/site-packages/airflow/example_dags/example_branch_operator_decorator.py
[2022-06-17 17:31:58,094] {logging_mixin.py:115} INFO - [2022-06-17 17:31:58,094] {dag.py:2379} INFO - Sync 1 DAGs
[2022-06-17 17:31:58,138] {logging_mixin.py:115} INFO - [2022-06-17 17:31:58,138] {dag.py:2927} INFO - Setting next_dagrun for example_branch_python_operator_decorator to 2022-06-16T00:00:00+00:00, run_after=2022-06-17T00:00:00+00:00
[2022-06-17 17:31:58,159] {processor.py:161} INFO - Processing /home/uiliam/sandbox/lib/python3.9/site-packages/airflow/example_dags/example_branch_operator_decorator.py took 0.136 seconds
[2022-06-17 17:32:28,470] {processor.py:153} INFO - Started process (PID=144158) to work on /home/uiliam/sandbox/lib/python3.9/site-packages/airflow/example_dags/example_branch_operator_decorator.py
[2022-06-17 17:32:28,472] {processor.py:641} INFO - Processing file /home/uiliam/sandbox/lib/python3.9/site-packages/airflow/example_dags/example_branch_operator_decorator.py for tasks to queue
[2022-06-17 17:32:28,473] {logging_mixin.py:115} INFO - [2022-06-17 17:32:28,473] {dagbag.py:507} INFO - Filling up the DagBag from /home/uiliam/sandbox/lib/python3.9/site-packages/airflow/example_dags/example_branch_operator_decorator.py
[2022-06-17 17:32:28,514] {processor.py:651} INFO - DAG(s) dict_keys(['example_branch_python_operator_decorator']) retrieved from /home/uiliam/sandbox/lib/python3.9/site-packages/airflow/example_dags/example_branch_operator_decorator.py
[2022-06-17 17:32:28,556] {logging_mixin.py:115} INFO - [2022-06-17 17:32:28,556] {dag.py:2379} INFO - Sync 1 DAGs
[2022-06-17 17:32:28,597] {logging_mixin.py:115} INFO - [2022-06-17 17:32:28,597] {dag.py:2927} INFO - Setting next_dagrun for example_branch_python_operator_decorator to 2022-06-16T00:00:00+00:00, run_after=2022-06-17T00:00:00+00:00
[2022-06-17 17:32:28,622] {processor.py:161} INFO - Processing /home/uiliam/sandbox/lib/python3.9/site-packages/airflow/example_dags/example_branch_operator_decorator.py took 0.157 seconds
[2022-06-17 17:32:59,734] {processor.py:153} INFO - Started process (PID=144326) to work on /home/uiliam/sandbox/lib/python3.9/site-packages/airflow/example_dags/example_branch_operator_decorator.py
[2022-06-17 17:32:59,735] {processor.py:641} INFO - Processing file /home/uiliam/sandbox/lib/python3.9/site-packages/airflow/example_dags/example_branch_operator_decorator.py for tasks to queue
[2022-06-17 17:32:59,736] {logging_mixin.py:115} INFO - [2022-06-17 17:32:59,736] {dagbag.py:507} INFO - Filling up the DagBag from /home/uiliam/sandbox/lib/python3.9/site-packages/airflow/example_dags/example_branch_operator_decorator.py
[2022-06-17 17:32:59,764] {processor.py:651} INFO - DAG(s) dict_keys(['example_branch_python_operator_decorator']) retrieved from /home/uiliam/sandbox/lib/python3.9/site-packages/airflow/example_dags/example_branch_operator_decorator.py
[2022-06-17 17:32:59,805] {logging_mixin.py:115} INFO - [2022-06-17 17:32:59,805] {dag.py:2379} INFO - Sync 1 DAGs
[2022-06-17 17:32:59,841] {logging_mixin.py:115} INFO - [2022-06-17 17:32:59,841] {dag.py:2927} INFO - Setting next_dagrun for example_branch_python_operator_decorator to 2022-06-16T00:00:00+00:00, run_after=2022-06-17T00:00:00+00:00
[2022-06-17 17:32:59,862] {processor.py:161} INFO - Processing /home/uiliam/sandbox/lib/python3.9/site-packages/airflow/example_dags/example_branch_operator_decorator.py took 0.133 seconds
[2022-06-17 17:33:30,560] {processor.py:153} INFO - Started process (PID=144503) to work on /home/uiliam/sandbox/lib/python3.9/site-packages/airflow/example_dags/example_branch_operator_decorator.py
[2022-06-17 17:33:30,561] {processor.py:641} INFO - Processing file /home/uiliam/sandbox/lib/python3.9/site-packages/airflow/example_dags/example_branch_operator_decorator.py for tasks to queue
[2022-06-17 17:33:30,562] {logging_mixin.py:115} INFO - [2022-06-17 17:33:30,562] {dagbag.py:507} INFO - Filling up the DagBag from /home/uiliam/sandbox/lib/python3.9/site-packages/airflow/example_dags/example_branch_operator_decorator.py
[2022-06-17 17:33:30,590] {processor.py:651} INFO - DAG(s) dict_keys(['example_branch_python_operator_decorator']) retrieved from /home/uiliam/sandbox/lib/python3.9/site-packages/airflow/example_dags/example_branch_operator_decorator.py
[2022-06-17 17:33:30,630] {logging_mixin.py:115} INFO - [2022-06-17 17:33:30,630] {dag.py:2379} INFO - Sync 1 DAGs
[2022-06-17 17:33:30,671] {logging_mixin.py:115} INFO - [2022-06-17 17:33:30,671] {dag.py:2927} INFO - Setting next_dagrun for example_branch_python_operator_decorator to 2022-06-16T00:00:00+00:00, run_after=2022-06-17T00:00:00+00:00
[2022-06-17 17:33:30,694] {processor.py:161} INFO - Processing /home/uiliam/sandbox/lib/python3.9/site-packages/airflow/example_dags/example_branch_operator_decorator.py took 0.138 seconds
[2022-06-17 17:34:01,887] {processor.py:153} INFO - Started process (PID=144672) to work on /home/uiliam/sandbox/lib/python3.9/site-packages/airflow/example_dags/example_branch_operator_decorator.py
[2022-06-17 17:34:01,888] {processor.py:641} INFO - Processing file /home/uiliam/sandbox/lib/python3.9/site-packages/airflow/example_dags/example_branch_operator_decorator.py for tasks to queue
[2022-06-17 17:34:01,889] {logging_mixin.py:115} INFO - [2022-06-17 17:34:01,888] {dagbag.py:507} INFO - Filling up the DagBag from /home/uiliam/sandbox/lib/python3.9/site-packages/airflow/example_dags/example_branch_operator_decorator.py
[2022-06-17 17:34:01,921] {processor.py:651} INFO - DAG(s) dict_keys(['example_branch_python_operator_decorator']) retrieved from /home/uiliam/sandbox/lib/python3.9/site-packages/airflow/example_dags/example_branch_operator_decorator.py
[2022-06-17 17:34:01,966] {logging_mixin.py:115} INFO - [2022-06-17 17:34:01,966] {dag.py:2379} INFO - Sync 1 DAGs
[2022-06-17 17:34:02,012] {logging_mixin.py:115} INFO - [2022-06-17 17:34:02,012] {dag.py:2927} INFO - Setting next_dagrun for example_branch_python_operator_decorator to 2022-06-16T00:00:00+00:00, run_after=2022-06-17T00:00:00+00:00
[2022-06-17 17:34:02,040] {processor.py:161} INFO - Processing /home/uiliam/sandbox/lib/python3.9/site-packages/airflow/example_dags/example_branch_operator_decorator.py took 0.160 seconds
[2022-06-17 17:34:33,535] {processor.py:153} INFO - Started process (PID=145082) to work on /home/uiliam/sandbox/lib/python3.9/site-packages/airflow/example_dags/example_branch_operator_decorator.py
[2022-06-17 17:34:33,536] {processor.py:641} INFO - Processing file /home/uiliam/sandbox/lib/python3.9/site-packages/airflow/example_dags/example_branch_operator_decorator.py for tasks to queue
[2022-06-17 17:34:33,536] {logging_mixin.py:115} INFO - [2022-06-17 17:34:33,536] {dagbag.py:507} INFO - Filling up the DagBag from /home/uiliam/sandbox/lib/python3.9/site-packages/airflow/example_dags/example_branch_operator_decorator.py
[2022-06-17 17:34:33,563] {processor.py:651} INFO - DAG(s) dict_keys(['example_branch_python_operator_decorator']) retrieved from /home/uiliam/sandbox/lib/python3.9/site-packages/airflow/example_dags/example_branch_operator_decorator.py
[2022-06-17 17:34:33,602] {logging_mixin.py:115} INFO - [2022-06-17 17:34:33,602] {dag.py:2379} INFO - Sync 1 DAGs
[2022-06-17 17:34:33,637] {logging_mixin.py:115} INFO - [2022-06-17 17:34:33,637] {dag.py:2927} INFO - Setting next_dagrun for example_branch_python_operator_decorator to 2022-06-16T00:00:00+00:00, run_after=2022-06-17T00:00:00+00:00
[2022-06-17 17:34:33,657] {processor.py:161} INFO - Processing /home/uiliam/sandbox/lib/python3.9/site-packages/airflow/example_dags/example_branch_operator_decorator.py took 0.126 seconds
[2022-06-17 17:35:04,906] {processor.py:153} INFO - Started process (PID=145430) to work on /home/uiliam/sandbox/lib/python3.9/site-packages/airflow/example_dags/example_branch_operator_decorator.py
[2022-06-17 17:35:04,906] {processor.py:641} INFO - Processing file /home/uiliam/sandbox/lib/python3.9/site-packages/airflow/example_dags/example_branch_operator_decorator.py for tasks to queue
[2022-06-17 17:35:04,907] {logging_mixin.py:115} INFO - [2022-06-17 17:35:04,907] {dagbag.py:507} INFO - Filling up the DagBag from /home/uiliam/sandbox/lib/python3.9/site-packages/airflow/example_dags/example_branch_operator_decorator.py
[2022-06-17 17:35:04,931] {processor.py:651} INFO - DAG(s) dict_keys(['example_branch_python_operator_decorator']) retrieved from /home/uiliam/sandbox/lib/python3.9/site-packages/airflow/example_dags/example_branch_operator_decorator.py
[2022-06-17 17:35:04,967] {logging_mixin.py:115} INFO - [2022-06-17 17:35:04,967] {dag.py:2379} INFO - Sync 1 DAGs
[2022-06-17 17:35:05,009] {logging_mixin.py:115} INFO - [2022-06-17 17:35:05,009] {dag.py:2927} INFO - Setting next_dagrun for example_branch_python_operator_decorator to 2022-06-16T00:00:00+00:00, run_after=2022-06-17T00:00:00+00:00
[2022-06-17 17:35:05,032] {processor.py:161} INFO - Processing /home/uiliam/sandbox/lib/python3.9/site-packages/airflow/example_dags/example_branch_operator_decorator.py took 0.130 seconds
[2022-06-17 17:35:36,225] {processor.py:153} INFO - Started process (PID=145719) to work on /home/uiliam/sandbox/lib/python3.9/site-packages/airflow/example_dags/example_branch_operator_decorator.py
[2022-06-17 17:35:36,226] {processor.py:641} INFO - Processing file /home/uiliam/sandbox/lib/python3.9/site-packages/airflow/example_dags/example_branch_operator_decorator.py for tasks to queue
[2022-06-17 17:35:36,227] {logging_mixin.py:115} INFO - [2022-06-17 17:35:36,227] {dagbag.py:507} INFO - Filling up the DagBag from /home/uiliam/sandbox/lib/python3.9/site-packages/airflow/example_dags/example_branch_operator_decorator.py
[2022-06-17 17:35:36,259] {processor.py:651} INFO - DAG(s) dict_keys(['example_branch_python_operator_decorator']) retrieved from /home/uiliam/sandbox/lib/python3.9/site-packages/airflow/example_dags/example_branch_operator_decorator.py
[2022-06-17 17:35:36,297] {logging_mixin.py:115} INFO - [2022-06-17 17:35:36,296] {dag.py:2379} INFO - Sync 1 DAGs
[2022-06-17 17:35:36,338] {logging_mixin.py:115} INFO - [2022-06-17 17:35:36,338] {dag.py:2927} INFO - Setting next_dagrun for example_branch_python_operator_decorator to 2022-06-16T00:00:00+00:00, run_after=2022-06-17T00:00:00+00:00
[2022-06-17 17:35:36,359] {processor.py:161} INFO - Processing /home/uiliam/sandbox/lib/python3.9/site-packages/airflow/example_dags/example_branch_operator_decorator.py took 0.139 seconds
[2022-06-17 17:36:07,783] {processor.py:153} INFO - Started process (PID=146075) to work on /home/uiliam/sandbox/lib/python3.9/site-packages/airflow/example_dags/example_branch_operator_decorator.py
[2022-06-17 17:36:07,784] {processor.py:641} INFO - Processing file /home/uiliam/sandbox/lib/python3.9/site-packages/airflow/example_dags/example_branch_operator_decorator.py for tasks to queue
[2022-06-17 17:36:07,786] {logging_mixin.py:115} INFO - [2022-06-17 17:36:07,786] {dagbag.py:507} INFO - Filling up the DagBag from /home/uiliam/sandbox/lib/python3.9/site-packages/airflow/example_dags/example_branch_operator_decorator.py
[2022-06-17 17:36:07,830] {processor.py:651} INFO - DAG(s) dict_keys(['example_branch_python_operator_decorator']) retrieved from /home/uiliam/sandbox/lib/python3.9/site-packages/airflow/example_dags/example_branch_operator_decorator.py
[2022-06-17 17:36:07,889] {logging_mixin.py:115} INFO - [2022-06-17 17:36:07,888] {dag.py:2379} INFO - Sync 1 DAGs
[2022-06-17 17:36:07,949] {logging_mixin.py:115} INFO - [2022-06-17 17:36:07,949] {dag.py:2927} INFO - Setting next_dagrun for example_branch_python_operator_decorator to 2022-06-16T00:00:00+00:00, run_after=2022-06-17T00:00:00+00:00
[2022-06-17 17:36:07,979] {processor.py:161} INFO - Processing /home/uiliam/sandbox/lib/python3.9/site-packages/airflow/example_dags/example_branch_operator_decorator.py took 0.203 seconds
