[2022-06-17 17:11:10,693] {processor.py:153} INFO - Started process (PID=132473) to work on /home/uiliam/sandbox/lib/python3.9/site-packages/airflow/example_dags/example_trigger_controller_dag.py
[2022-06-17 17:11:10,694] {processor.py:641} INFO - Processing file /home/uiliam/sandbox/lib/python3.9/site-packages/airflow/example_dags/example_trigger_controller_dag.py for tasks to queue
[2022-06-17 17:11:10,695] {logging_mixin.py:115} INFO - [2022-06-17 17:11:10,695] {dagbag.py:507} INFO - Filling up the DagBag from /home/uiliam/sandbox/lib/python3.9/site-packages/airflow/example_dags/example_trigger_controller_dag.py
[2022-06-17 17:11:10,700] {processor.py:651} INFO - DAG(s) dict_keys(['example_trigger_controller_dag']) retrieved from /home/uiliam/sandbox/lib/python3.9/site-packages/airflow/example_dags/example_trigger_controller_dag.py
[2022-06-17 17:11:10,733] {logging_mixin.py:115} INFO - [2022-06-17 17:11:10,733] {dag.py:2379} INFO - Sync 1 DAGs
[2022-06-17 17:11:10,771] {logging_mixin.py:115} INFO - [2022-06-17 17:11:10,771] {dag.py:2927} INFO - Setting next_dagrun for example_trigger_controller_dag to 2021-01-01T00:00:00+00:00, run_after=2021-01-01T00:00:00+00:00
[2022-06-17 17:11:10,789] {processor.py:161} INFO - Processing /home/uiliam/sandbox/lib/python3.9/site-packages/airflow/example_dags/example_trigger_controller_dag.py took 0.101 seconds
[2022-06-17 17:11:41,951] {processor.py:153} INFO - Started process (PID=132810) to work on /home/uiliam/sandbox/lib/python3.9/site-packages/airflow/example_dags/example_trigger_controller_dag.py
[2022-06-17 17:11:41,951] {processor.py:641} INFO - Processing file /home/uiliam/sandbox/lib/python3.9/site-packages/airflow/example_dags/example_trigger_controller_dag.py for tasks to queue
[2022-06-17 17:11:41,952] {logging_mixin.py:115} INFO - [2022-06-17 17:11:41,952] {dagbag.py:507} INFO - Filling up the DagBag from /home/uiliam/sandbox/lib/python3.9/site-packages/airflow/example_dags/example_trigger_controller_dag.py
[2022-06-17 17:11:41,959] {processor.py:651} INFO - DAG(s) dict_keys(['example_trigger_controller_dag']) retrieved from /home/uiliam/sandbox/lib/python3.9/site-packages/airflow/example_dags/example_trigger_controller_dag.py
[2022-06-17 17:11:42,000] {logging_mixin.py:115} INFO - [2022-06-17 17:11:42,000] {dag.py:2379} INFO - Sync 1 DAGs
[2022-06-17 17:11:42,043] {logging_mixin.py:115} INFO - [2022-06-17 17:11:42,043] {dag.py:2927} INFO - Setting next_dagrun for example_trigger_controller_dag to 2021-01-01T00:00:00+00:00, run_after=2021-01-01T00:00:00+00:00
[2022-06-17 17:11:42,062] {processor.py:161} INFO - Processing /home/uiliam/sandbox/lib/python3.9/site-packages/airflow/example_dags/example_trigger_controller_dag.py took 0.117 seconds
[2022-06-17 17:12:13,131] {processor.py:153} INFO - Started process (PID=134006) to work on /home/uiliam/sandbox/lib/python3.9/site-packages/airflow/example_dags/example_trigger_controller_dag.py
[2022-06-17 17:12:13,132] {processor.py:641} INFO - Processing file /home/uiliam/sandbox/lib/python3.9/site-packages/airflow/example_dags/example_trigger_controller_dag.py for tasks to queue
[2022-06-17 17:12:13,133] {logging_mixin.py:115} INFO - [2022-06-17 17:12:13,132] {dagbag.py:507} INFO - Filling up the DagBag from /home/uiliam/sandbox/lib/python3.9/site-packages/airflow/example_dags/example_trigger_controller_dag.py
[2022-06-17 17:12:13,136] {processor.py:651} INFO - DAG(s) dict_keys(['example_trigger_controller_dag']) retrieved from /home/uiliam/sandbox/lib/python3.9/site-packages/airflow/example_dags/example_trigger_controller_dag.py
[2022-06-17 17:12:13,168] {logging_mixin.py:115} INFO - [2022-06-17 17:12:13,168] {dag.py:2379} INFO - Sync 1 DAGs
[2022-06-17 17:12:13,209] {logging_mixin.py:115} INFO - [2022-06-17 17:12:13,209] {dag.py:2927} INFO - Setting next_dagrun for example_trigger_controller_dag to 2021-01-01T00:00:00+00:00, run_after=2021-01-01T00:00:00+00:00
[2022-06-17 17:12:13,229] {processor.py:161} INFO - Processing /home/uiliam/sandbox/lib/python3.9/site-packages/airflow/example_dags/example_trigger_controller_dag.py took 0.102 seconds
[2022-06-17 17:12:44,369] {processor.py:153} INFO - Started process (PID=135111) to work on /home/uiliam/sandbox/lib/python3.9/site-packages/airflow/example_dags/example_trigger_controller_dag.py
[2022-06-17 17:12:44,370] {processor.py:641} INFO - Processing file /home/uiliam/sandbox/lib/python3.9/site-packages/airflow/example_dags/example_trigger_controller_dag.py for tasks to queue
[2022-06-17 17:12:44,371] {logging_mixin.py:115} INFO - [2022-06-17 17:12:44,371] {dagbag.py:507} INFO - Filling up the DagBag from /home/uiliam/sandbox/lib/python3.9/site-packages/airflow/example_dags/example_trigger_controller_dag.py
[2022-06-17 17:12:44,377] {processor.py:651} INFO - DAG(s) dict_keys(['example_trigger_controller_dag']) retrieved from /home/uiliam/sandbox/lib/python3.9/site-packages/airflow/example_dags/example_trigger_controller_dag.py
[2022-06-17 17:12:44,414] {logging_mixin.py:115} INFO - [2022-06-17 17:12:44,414] {dag.py:2379} INFO - Sync 1 DAGs
[2022-06-17 17:12:44,456] {logging_mixin.py:115} INFO - [2022-06-17 17:12:44,456] {dag.py:2927} INFO - Setting next_dagrun for example_trigger_controller_dag to 2021-01-01T00:00:00+00:00, run_after=2021-01-01T00:00:00+00:00
[2022-06-17 17:12:44,475] {processor.py:161} INFO - Processing /home/uiliam/sandbox/lib/python3.9/site-packages/airflow/example_dags/example_trigger_controller_dag.py took 0.112 seconds
[2022-06-17 17:13:15,662] {processor.py:153} INFO - Started process (PID=135502) to work on /home/uiliam/sandbox/lib/python3.9/site-packages/airflow/example_dags/example_trigger_controller_dag.py
[2022-06-17 17:13:15,663] {processor.py:641} INFO - Processing file /home/uiliam/sandbox/lib/python3.9/site-packages/airflow/example_dags/example_trigger_controller_dag.py for tasks to queue
[2022-06-17 17:13:15,663] {logging_mixin.py:115} INFO - [2022-06-17 17:13:15,663] {dagbag.py:507} INFO - Filling up the DagBag from /home/uiliam/sandbox/lib/python3.9/site-packages/airflow/example_dags/example_trigger_controller_dag.py
[2022-06-17 17:13:15,668] {processor.py:651} INFO - DAG(s) dict_keys(['example_trigger_controller_dag']) retrieved from /home/uiliam/sandbox/lib/python3.9/site-packages/airflow/example_dags/example_trigger_controller_dag.py
[2022-06-17 17:13:15,702] {logging_mixin.py:115} INFO - [2022-06-17 17:13:15,702] {dag.py:2379} INFO - Sync 1 DAGs
[2022-06-17 17:13:15,748] {logging_mixin.py:115} INFO - [2022-06-17 17:13:15,748] {dag.py:2927} INFO - Setting next_dagrun for example_trigger_controller_dag to 2021-01-01T00:00:00+00:00, run_after=2021-01-01T00:00:00+00:00
[2022-06-17 17:13:15,771] {processor.py:161} INFO - Processing /home/uiliam/sandbox/lib/python3.9/site-packages/airflow/example_dags/example_trigger_controller_dag.py took 0.114 seconds
[2022-06-17 17:13:46,912] {processor.py:153} INFO - Started process (PID=135809) to work on /home/uiliam/sandbox/lib/python3.9/site-packages/airflow/example_dags/example_trigger_controller_dag.py
[2022-06-17 17:13:46,913] {processor.py:641} INFO - Processing file /home/uiliam/sandbox/lib/python3.9/site-packages/airflow/example_dags/example_trigger_controller_dag.py for tasks to queue
[2022-06-17 17:13:46,914] {logging_mixin.py:115} INFO - [2022-06-17 17:13:46,914] {dagbag.py:507} INFO - Filling up the DagBag from /home/uiliam/sandbox/lib/python3.9/site-packages/airflow/example_dags/example_trigger_controller_dag.py
[2022-06-17 17:13:46,920] {processor.py:651} INFO - DAG(s) dict_keys(['example_trigger_controller_dag']) retrieved from /home/uiliam/sandbox/lib/python3.9/site-packages/airflow/example_dags/example_trigger_controller_dag.py
[2022-06-17 17:13:46,957] {logging_mixin.py:115} INFO - [2022-06-17 17:13:46,957] {dag.py:2379} INFO - Sync 1 DAGs
[2022-06-17 17:13:47,003] {logging_mixin.py:115} INFO - [2022-06-17 17:13:47,003] {dag.py:2927} INFO - Setting next_dagrun for example_trigger_controller_dag to 2021-01-01T00:00:00+00:00, run_after=2021-01-01T00:00:00+00:00
[2022-06-17 17:13:47,022] {processor.py:161} INFO - Processing /home/uiliam/sandbox/lib/python3.9/site-packages/airflow/example_dags/example_trigger_controller_dag.py took 0.116 seconds
[2022-06-17 17:14:18,107] {processor.py:153} INFO - Started process (PID=136089) to work on /home/uiliam/sandbox/lib/python3.9/site-packages/airflow/example_dags/example_trigger_controller_dag.py
[2022-06-17 17:14:18,107] {processor.py:641} INFO - Processing file /home/uiliam/sandbox/lib/python3.9/site-packages/airflow/example_dags/example_trigger_controller_dag.py for tasks to queue
[2022-06-17 17:14:18,108] {logging_mixin.py:115} INFO - [2022-06-17 17:14:18,108] {dagbag.py:507} INFO - Filling up the DagBag from /home/uiliam/sandbox/lib/python3.9/site-packages/airflow/example_dags/example_trigger_controller_dag.py
[2022-06-17 17:14:18,111] {processor.py:651} INFO - DAG(s) dict_keys(['example_trigger_controller_dag']) retrieved from /home/uiliam/sandbox/lib/python3.9/site-packages/airflow/example_dags/example_trigger_controller_dag.py
[2022-06-17 17:14:18,151] {logging_mixin.py:115} INFO - [2022-06-17 17:14:18,150] {dag.py:2379} INFO - Sync 1 DAGs
[2022-06-17 17:14:18,195] {logging_mixin.py:115} INFO - [2022-06-17 17:14:18,195] {dag.py:2927} INFO - Setting next_dagrun for example_trigger_controller_dag to 2021-01-01T00:00:00+00:00, run_after=2021-01-01T00:00:00+00:00
[2022-06-17 17:14:18,219] {processor.py:161} INFO - Processing /home/uiliam/sandbox/lib/python3.9/site-packages/airflow/example_dags/example_trigger_controller_dag.py took 0.116 seconds
[2022-06-17 17:14:49,440] {processor.py:153} INFO - Started process (PID=136439) to work on /home/uiliam/sandbox/lib/python3.9/site-packages/airflow/example_dags/example_trigger_controller_dag.py
[2022-06-17 17:14:49,441] {processor.py:641} INFO - Processing file /home/uiliam/sandbox/lib/python3.9/site-packages/airflow/example_dags/example_trigger_controller_dag.py for tasks to queue
[2022-06-17 17:14:49,442] {logging_mixin.py:115} INFO - [2022-06-17 17:14:49,441] {dagbag.py:507} INFO - Filling up the DagBag from /home/uiliam/sandbox/lib/python3.9/site-packages/airflow/example_dags/example_trigger_controller_dag.py
[2022-06-17 17:14:49,447] {processor.py:651} INFO - DAG(s) dict_keys(['example_trigger_controller_dag']) retrieved from /home/uiliam/sandbox/lib/python3.9/site-packages/airflow/example_dags/example_trigger_controller_dag.py
[2022-06-17 17:14:49,481] {logging_mixin.py:115} INFO - [2022-06-17 17:14:49,481] {dag.py:2379} INFO - Sync 1 DAGs
[2022-06-17 17:14:49,517] {logging_mixin.py:115} INFO - [2022-06-17 17:14:49,517] {dag.py:2927} INFO - Setting next_dagrun for example_trigger_controller_dag to 2021-01-01T00:00:00+00:00, run_after=2021-01-01T00:00:00+00:00
[2022-06-17 17:14:49,537] {processor.py:161} INFO - Processing /home/uiliam/sandbox/lib/python3.9/site-packages/airflow/example_dags/example_trigger_controller_dag.py took 0.101 seconds
[2022-06-17 17:15:20,805] {processor.py:153} INFO - Started process (PID=136702) to work on /home/uiliam/sandbox/lib/python3.9/site-packages/airflow/example_dags/example_trigger_controller_dag.py
[2022-06-17 17:15:20,805] {processor.py:641} INFO - Processing file /home/uiliam/sandbox/lib/python3.9/site-packages/airflow/example_dags/example_trigger_controller_dag.py for tasks to queue
[2022-06-17 17:15:20,806] {logging_mixin.py:115} INFO - [2022-06-17 17:15:20,806] {dagbag.py:507} INFO - Filling up the DagBag from /home/uiliam/sandbox/lib/python3.9/site-packages/airflow/example_dags/example_trigger_controller_dag.py
[2022-06-17 17:15:20,809] {processor.py:651} INFO - DAG(s) dict_keys(['example_trigger_controller_dag']) retrieved from /home/uiliam/sandbox/lib/python3.9/site-packages/airflow/example_dags/example_trigger_controller_dag.py
[2022-06-17 17:15:20,841] {logging_mixin.py:115} INFO - [2022-06-17 17:15:20,841] {dag.py:2379} INFO - Sync 1 DAGs
[2022-06-17 17:15:20,880] {logging_mixin.py:115} INFO - [2022-06-17 17:15:20,880] {dag.py:2927} INFO - Setting next_dagrun for example_trigger_controller_dag to 2021-01-01T00:00:00+00:00, run_after=2021-01-01T00:00:00+00:00
[2022-06-17 17:15:20,903] {processor.py:161} INFO - Processing /home/uiliam/sandbox/lib/python3.9/site-packages/airflow/example_dags/example_trigger_controller_dag.py took 0.104 seconds
[2022-06-17 17:15:51,673] {processor.py:153} INFO - Started process (PID=136867) to work on /home/uiliam/sandbox/lib/python3.9/site-packages/airflow/example_dags/example_trigger_controller_dag.py
[2022-06-17 17:15:51,673] {processor.py:641} INFO - Processing file /home/uiliam/sandbox/lib/python3.9/site-packages/airflow/example_dags/example_trigger_controller_dag.py for tasks to queue
[2022-06-17 17:15:51,674] {logging_mixin.py:115} INFO - [2022-06-17 17:15:51,674] {dagbag.py:507} INFO - Filling up the DagBag from /home/uiliam/sandbox/lib/python3.9/site-packages/airflow/example_dags/example_trigger_controller_dag.py
[2022-06-17 17:15:51,678] {processor.py:651} INFO - DAG(s) dict_keys(['example_trigger_controller_dag']) retrieved from /home/uiliam/sandbox/lib/python3.9/site-packages/airflow/example_dags/example_trigger_controller_dag.py
[2022-06-17 17:15:51,716] {logging_mixin.py:115} INFO - [2022-06-17 17:15:51,715] {dag.py:2379} INFO - Sync 1 DAGs
[2022-06-17 17:15:51,764] {logging_mixin.py:115} INFO - [2022-06-17 17:15:51,764] {dag.py:2927} INFO - Setting next_dagrun for example_trigger_controller_dag to 2021-01-01T00:00:00+00:00, run_after=2021-01-01T00:00:00+00:00
[2022-06-17 17:15:51,790] {processor.py:161} INFO - Processing /home/uiliam/sandbox/lib/python3.9/site-packages/airflow/example_dags/example_trigger_controller_dag.py took 0.122 seconds
[2022-06-17 17:16:22,702] {processor.py:153} INFO - Started process (PID=137070) to work on /home/uiliam/sandbox/lib/python3.9/site-packages/airflow/example_dags/example_trigger_controller_dag.py
[2022-06-17 17:16:22,703] {processor.py:641} INFO - Processing file /home/uiliam/sandbox/lib/python3.9/site-packages/airflow/example_dags/example_trigger_controller_dag.py for tasks to queue
[2022-06-17 17:16:22,704] {logging_mixin.py:115} INFO - [2022-06-17 17:16:22,704] {dagbag.py:507} INFO - Filling up the DagBag from /home/uiliam/sandbox/lib/python3.9/site-packages/airflow/example_dags/example_trigger_controller_dag.py
[2022-06-17 17:16:22,708] {processor.py:651} INFO - DAG(s) dict_keys(['example_trigger_controller_dag']) retrieved from /home/uiliam/sandbox/lib/python3.9/site-packages/airflow/example_dags/example_trigger_controller_dag.py
[2022-06-17 17:16:22,739] {logging_mixin.py:115} INFO - [2022-06-17 17:16:22,739] {dag.py:2379} INFO - Sync 1 DAGs
[2022-06-17 17:16:22,773] {logging_mixin.py:115} INFO - [2022-06-17 17:16:22,773] {dag.py:2927} INFO - Setting next_dagrun for example_trigger_controller_dag to 2021-01-01T00:00:00+00:00, run_after=2021-01-01T00:00:00+00:00
[2022-06-17 17:16:22,792] {processor.py:161} INFO - Processing /home/uiliam/sandbox/lib/python3.9/site-packages/airflow/example_dags/example_trigger_controller_dag.py took 0.095 seconds
[2022-06-17 17:16:53,950] {processor.py:153} INFO - Started process (PID=137294) to work on /home/uiliam/sandbox/lib/python3.9/site-packages/airflow/example_dags/example_trigger_controller_dag.py
[2022-06-17 17:16:53,951] {processor.py:641} INFO - Processing file /home/uiliam/sandbox/lib/python3.9/site-packages/airflow/example_dags/example_trigger_controller_dag.py for tasks to queue
[2022-06-17 17:16:53,952] {logging_mixin.py:115} INFO - [2022-06-17 17:16:53,952] {dagbag.py:507} INFO - Filling up the DagBag from /home/uiliam/sandbox/lib/python3.9/site-packages/airflow/example_dags/example_trigger_controller_dag.py
[2022-06-17 17:16:53,956] {processor.py:651} INFO - DAG(s) dict_keys(['example_trigger_controller_dag']) retrieved from /home/uiliam/sandbox/lib/python3.9/site-packages/airflow/example_dags/example_trigger_controller_dag.py
[2022-06-17 17:16:53,986] {logging_mixin.py:115} INFO - [2022-06-17 17:16:53,986] {dag.py:2379} INFO - Sync 1 DAGs
[2022-06-17 17:16:54,023] {logging_mixin.py:115} INFO - [2022-06-17 17:16:54,022] {dag.py:2927} INFO - Setting next_dagrun for example_trigger_controller_dag to 2021-01-01T00:00:00+00:00, run_after=2021-01-01T00:00:00+00:00
[2022-06-17 17:16:54,042] {processor.py:161} INFO - Processing /home/uiliam/sandbox/lib/python3.9/site-packages/airflow/example_dags/example_trigger_controller_dag.py took 0.096 seconds
[2022-06-17 17:17:24,930] {processor.py:153} INFO - Started process (PID=137544) to work on /home/uiliam/sandbox/lib/python3.9/site-packages/airflow/example_dags/example_trigger_controller_dag.py
[2022-06-17 17:17:24,931] {processor.py:641} INFO - Processing file /home/uiliam/sandbox/lib/python3.9/site-packages/airflow/example_dags/example_trigger_controller_dag.py for tasks to queue
[2022-06-17 17:17:24,932] {logging_mixin.py:115} INFO - [2022-06-17 17:17:24,932] {dagbag.py:507} INFO - Filling up the DagBag from /home/uiliam/sandbox/lib/python3.9/site-packages/airflow/example_dags/example_trigger_controller_dag.py
[2022-06-17 17:17:24,936] {processor.py:651} INFO - DAG(s) dict_keys(['example_trigger_controller_dag']) retrieved from /home/uiliam/sandbox/lib/python3.9/site-packages/airflow/example_dags/example_trigger_controller_dag.py
[2022-06-17 17:17:24,969] {logging_mixin.py:115} INFO - [2022-06-17 17:17:24,969] {dag.py:2379} INFO - Sync 1 DAGs
[2022-06-17 17:17:25,010] {logging_mixin.py:115} INFO - [2022-06-17 17:17:25,009] {dag.py:2927} INFO - Setting next_dagrun for example_trigger_controller_dag to 2021-01-01T00:00:00+00:00, run_after=2021-01-01T00:00:00+00:00
[2022-06-17 17:17:25,032] {processor.py:161} INFO - Processing /home/uiliam/sandbox/lib/python3.9/site-packages/airflow/example_dags/example_trigger_controller_dag.py took 0.107 seconds
[2022-06-17 17:17:56,028] {processor.py:153} INFO - Started process (PID=137784) to work on /home/uiliam/sandbox/lib/python3.9/site-packages/airflow/example_dags/example_trigger_controller_dag.py
[2022-06-17 17:17:56,028] {processor.py:641} INFO - Processing file /home/uiliam/sandbox/lib/python3.9/site-packages/airflow/example_dags/example_trigger_controller_dag.py for tasks to queue
[2022-06-17 17:17:56,029] {logging_mixin.py:115} INFO - [2022-06-17 17:17:56,029] {dagbag.py:507} INFO - Filling up the DagBag from /home/uiliam/sandbox/lib/python3.9/site-packages/airflow/example_dags/example_trigger_controller_dag.py
[2022-06-17 17:17:56,033] {processor.py:651} INFO - DAG(s) dict_keys(['example_trigger_controller_dag']) retrieved from /home/uiliam/sandbox/lib/python3.9/site-packages/airflow/example_dags/example_trigger_controller_dag.py
[2022-06-17 17:17:56,063] {logging_mixin.py:115} INFO - [2022-06-17 17:17:56,063] {dag.py:2379} INFO - Sync 1 DAGs
[2022-06-17 17:17:56,096] {logging_mixin.py:115} INFO - [2022-06-17 17:17:56,096] {dag.py:2927} INFO - Setting next_dagrun for example_trigger_controller_dag to 2021-01-01T00:00:00+00:00, run_after=2021-01-01T00:00:00+00:00
[2022-06-17 17:17:56,118] {processor.py:161} INFO - Processing /home/uiliam/sandbox/lib/python3.9/site-packages/airflow/example_dags/example_trigger_controller_dag.py took 0.095 seconds
[2022-06-17 17:18:27,325] {processor.py:153} INFO - Started process (PID=138105) to work on /home/uiliam/sandbox/lib/python3.9/site-packages/airflow/example_dags/example_trigger_controller_dag.py
[2022-06-17 17:18:27,325] {processor.py:641} INFO - Processing file /home/uiliam/sandbox/lib/python3.9/site-packages/airflow/example_dags/example_trigger_controller_dag.py for tasks to queue
[2022-06-17 17:18:27,326] {logging_mixin.py:115} INFO - [2022-06-17 17:18:27,326] {dagbag.py:507} INFO - Filling up the DagBag from /home/uiliam/sandbox/lib/python3.9/site-packages/airflow/example_dags/example_trigger_controller_dag.py
[2022-06-17 17:18:27,329] {processor.py:651} INFO - DAG(s) dict_keys(['example_trigger_controller_dag']) retrieved from /home/uiliam/sandbox/lib/python3.9/site-packages/airflow/example_dags/example_trigger_controller_dag.py
[2022-06-17 17:18:27,360] {logging_mixin.py:115} INFO - [2022-06-17 17:18:27,359] {dag.py:2379} INFO - Sync 1 DAGs
[2022-06-17 17:18:27,397] {logging_mixin.py:115} INFO - [2022-06-17 17:18:27,397] {dag.py:2927} INFO - Setting next_dagrun for example_trigger_controller_dag to 2021-01-01T00:00:00+00:00, run_after=2021-01-01T00:00:00+00:00
[2022-06-17 17:18:27,416] {processor.py:161} INFO - Processing /home/uiliam/sandbox/lib/python3.9/site-packages/airflow/example_dags/example_trigger_controller_dag.py took 0.095 seconds
[2022-06-17 17:18:58,412] {processor.py:153} INFO - Started process (PID=138343) to work on /home/uiliam/sandbox/lib/python3.9/site-packages/airflow/example_dags/example_trigger_controller_dag.py
[2022-06-17 17:18:58,413] {processor.py:641} INFO - Processing file /home/uiliam/sandbox/lib/python3.9/site-packages/airflow/example_dags/example_trigger_controller_dag.py for tasks to queue
[2022-06-17 17:18:58,414] {logging_mixin.py:115} INFO - [2022-06-17 17:18:58,414] {dagbag.py:507} INFO - Filling up the DagBag from /home/uiliam/sandbox/lib/python3.9/site-packages/airflow/example_dags/example_trigger_controller_dag.py
[2022-06-17 17:18:58,417] {processor.py:651} INFO - DAG(s) dict_keys(['example_trigger_controller_dag']) retrieved from /home/uiliam/sandbox/lib/python3.9/site-packages/airflow/example_dags/example_trigger_controller_dag.py
[2022-06-17 17:18:58,449] {logging_mixin.py:115} INFO - [2022-06-17 17:18:58,448] {dag.py:2379} INFO - Sync 1 DAGs
[2022-06-17 17:18:58,484] {logging_mixin.py:115} INFO - [2022-06-17 17:18:58,484] {dag.py:2927} INFO - Setting next_dagrun for example_trigger_controller_dag to 2021-01-01T00:00:00+00:00, run_after=2021-01-01T00:00:00+00:00
[2022-06-17 17:18:58,501] {processor.py:161} INFO - Processing /home/uiliam/sandbox/lib/python3.9/site-packages/airflow/example_dags/example_trigger_controller_dag.py took 0.094 seconds
[2022-06-17 17:19:29,479] {processor.py:153} INFO - Started process (PID=138611) to work on /home/uiliam/sandbox/lib/python3.9/site-packages/airflow/example_dags/example_trigger_controller_dag.py
[2022-06-17 17:19:29,480] {processor.py:641} INFO - Processing file /home/uiliam/sandbox/lib/python3.9/site-packages/airflow/example_dags/example_trigger_controller_dag.py for tasks to queue
[2022-06-17 17:19:29,481] {logging_mixin.py:115} INFO - [2022-06-17 17:19:29,480] {dagbag.py:507} INFO - Filling up the DagBag from /home/uiliam/sandbox/lib/python3.9/site-packages/airflow/example_dags/example_trigger_controller_dag.py
[2022-06-17 17:19:29,485] {processor.py:651} INFO - DAG(s) dict_keys(['example_trigger_controller_dag']) retrieved from /home/uiliam/sandbox/lib/python3.9/site-packages/airflow/example_dags/example_trigger_controller_dag.py
[2022-06-17 17:19:29,516] {logging_mixin.py:115} INFO - [2022-06-17 17:19:29,516] {dag.py:2379} INFO - Sync 1 DAGs
[2022-06-17 17:19:29,552] {logging_mixin.py:115} INFO - [2022-06-17 17:19:29,552] {dag.py:2927} INFO - Setting next_dagrun for example_trigger_controller_dag to 2021-01-01T00:00:00+00:00, run_after=2021-01-01T00:00:00+00:00
[2022-06-17 17:19:29,572] {processor.py:161} INFO - Processing /home/uiliam/sandbox/lib/python3.9/site-packages/airflow/example_dags/example_trigger_controller_dag.py took 0.097 seconds
[2022-06-17 17:20:00,486] {processor.py:153} INFO - Started process (PID=138863) to work on /home/uiliam/sandbox/lib/python3.9/site-packages/airflow/example_dags/example_trigger_controller_dag.py
[2022-06-17 17:20:00,487] {processor.py:641} INFO - Processing file /home/uiliam/sandbox/lib/python3.9/site-packages/airflow/example_dags/example_trigger_controller_dag.py for tasks to queue
[2022-06-17 17:20:00,487] {logging_mixin.py:115} INFO - [2022-06-17 17:20:00,487] {dagbag.py:507} INFO - Filling up the DagBag from /home/uiliam/sandbox/lib/python3.9/site-packages/airflow/example_dags/example_trigger_controller_dag.py
[2022-06-17 17:20:00,492] {processor.py:651} INFO - DAG(s) dict_keys(['example_trigger_controller_dag']) retrieved from /home/uiliam/sandbox/lib/python3.9/site-packages/airflow/example_dags/example_trigger_controller_dag.py
[2022-06-17 17:20:00,525] {logging_mixin.py:115} INFO - [2022-06-17 17:20:00,524] {dag.py:2379} INFO - Sync 1 DAGs
[2022-06-17 17:20:00,563] {logging_mixin.py:115} INFO - [2022-06-17 17:20:00,563] {dag.py:2927} INFO - Setting next_dagrun for example_trigger_controller_dag to 2021-01-01T00:00:00+00:00, run_after=2021-01-01T00:00:00+00:00
[2022-06-17 17:20:00,581] {processor.py:161} INFO - Processing /home/uiliam/sandbox/lib/python3.9/site-packages/airflow/example_dags/example_trigger_controller_dag.py took 0.099 seconds
[2022-06-17 17:20:31,630] {processor.py:153} INFO - Started process (PID=139179) to work on /home/uiliam/sandbox/lib/python3.9/site-packages/airflow/example_dags/example_trigger_controller_dag.py
[2022-06-17 17:20:31,631] {processor.py:641} INFO - Processing file /home/uiliam/sandbox/lib/python3.9/site-packages/airflow/example_dags/example_trigger_controller_dag.py for tasks to queue
[2022-06-17 17:20:31,631] {logging_mixin.py:115} INFO - [2022-06-17 17:20:31,631] {dagbag.py:507} INFO - Filling up the DagBag from /home/uiliam/sandbox/lib/python3.9/site-packages/airflow/example_dags/example_trigger_controller_dag.py
[2022-06-17 17:20:31,636] {processor.py:651} INFO - DAG(s) dict_keys(['example_trigger_controller_dag']) retrieved from /home/uiliam/sandbox/lib/python3.9/site-packages/airflow/example_dags/example_trigger_controller_dag.py
[2022-06-17 17:20:31,671] {logging_mixin.py:115} INFO - [2022-06-17 17:20:31,671] {dag.py:2379} INFO - Sync 1 DAGs
[2022-06-17 17:20:31,707] {logging_mixin.py:115} INFO - [2022-06-17 17:20:31,706] {dag.py:2927} INFO - Setting next_dagrun for example_trigger_controller_dag to 2021-01-01T00:00:00+00:00, run_after=2021-01-01T00:00:00+00:00
[2022-06-17 17:20:31,725] {processor.py:161} INFO - Processing /home/uiliam/sandbox/lib/python3.9/site-packages/airflow/example_dags/example_trigger_controller_dag.py took 0.100 seconds
[2022-06-17 17:21:02,667] {processor.py:153} INFO - Started process (PID=139396) to work on /home/uiliam/sandbox/lib/python3.9/site-packages/airflow/example_dags/example_trigger_controller_dag.py
[2022-06-17 17:21:02,668] {processor.py:641} INFO - Processing file /home/uiliam/sandbox/lib/python3.9/site-packages/airflow/example_dags/example_trigger_controller_dag.py for tasks to queue
[2022-06-17 17:21:02,669] {logging_mixin.py:115} INFO - [2022-06-17 17:21:02,669] {dagbag.py:507} INFO - Filling up the DagBag from /home/uiliam/sandbox/lib/python3.9/site-packages/airflow/example_dags/example_trigger_controller_dag.py
[2022-06-17 17:21:02,673] {processor.py:651} INFO - DAG(s) dict_keys(['example_trigger_controller_dag']) retrieved from /home/uiliam/sandbox/lib/python3.9/site-packages/airflow/example_dags/example_trigger_controller_dag.py
[2022-06-17 17:21:02,707] {logging_mixin.py:115} INFO - [2022-06-17 17:21:02,707] {dag.py:2379} INFO - Sync 1 DAGs
[2022-06-17 17:21:02,743] {logging_mixin.py:115} INFO - [2022-06-17 17:21:02,743] {dag.py:2927} INFO - Setting next_dagrun for example_trigger_controller_dag to 2021-01-01T00:00:00+00:00, run_after=2021-01-01T00:00:00+00:00
[2022-06-17 17:21:02,763] {processor.py:161} INFO - Processing /home/uiliam/sandbox/lib/python3.9/site-packages/airflow/example_dags/example_trigger_controller_dag.py took 0.100 seconds
[2022-06-17 17:21:33,728] {processor.py:153} INFO - Started process (PID=139645) to work on /home/uiliam/sandbox/lib/python3.9/site-packages/airflow/example_dags/example_trigger_controller_dag.py
[2022-06-17 17:21:33,729] {processor.py:641} INFO - Processing file /home/uiliam/sandbox/lib/python3.9/site-packages/airflow/example_dags/example_trigger_controller_dag.py for tasks to queue
[2022-06-17 17:21:33,730] {logging_mixin.py:115} INFO - [2022-06-17 17:21:33,730] {dagbag.py:507} INFO - Filling up the DagBag from /home/uiliam/sandbox/lib/python3.9/site-packages/airflow/example_dags/example_trigger_controller_dag.py
[2022-06-17 17:21:33,735] {processor.py:651} INFO - DAG(s) dict_keys(['example_trigger_controller_dag']) retrieved from /home/uiliam/sandbox/lib/python3.9/site-packages/airflow/example_dags/example_trigger_controller_dag.py
[2022-06-17 17:21:33,771] {logging_mixin.py:115} INFO - [2022-06-17 17:21:33,771] {dag.py:2379} INFO - Sync 1 DAGs
[2022-06-17 17:21:33,808] {logging_mixin.py:115} INFO - [2022-06-17 17:21:33,808] {dag.py:2927} INFO - Setting next_dagrun for example_trigger_controller_dag to 2021-01-01T00:00:00+00:00, run_after=2021-01-01T00:00:00+00:00
[2022-06-17 17:21:33,828] {processor.py:161} INFO - Processing /home/uiliam/sandbox/lib/python3.9/site-packages/airflow/example_dags/example_trigger_controller_dag.py took 0.105 seconds
[2022-06-17 17:22:04,765] {processor.py:153} INFO - Started process (PID=139899) to work on /home/uiliam/sandbox/lib/python3.9/site-packages/airflow/example_dags/example_trigger_controller_dag.py
[2022-06-17 17:22:04,765] {processor.py:641} INFO - Processing file /home/uiliam/sandbox/lib/python3.9/site-packages/airflow/example_dags/example_trigger_controller_dag.py for tasks to queue
[2022-06-17 17:22:04,766] {logging_mixin.py:115} INFO - [2022-06-17 17:22:04,766] {dagbag.py:507} INFO - Filling up the DagBag from /home/uiliam/sandbox/lib/python3.9/site-packages/airflow/example_dags/example_trigger_controller_dag.py
[2022-06-17 17:22:04,769] {processor.py:651} INFO - DAG(s) dict_keys(['example_trigger_controller_dag']) retrieved from /home/uiliam/sandbox/lib/python3.9/site-packages/airflow/example_dags/example_trigger_controller_dag.py
[2022-06-17 17:22:04,803] {logging_mixin.py:115} INFO - [2022-06-17 17:22:04,803] {dag.py:2379} INFO - Sync 1 DAGs
[2022-06-17 17:22:04,851] {logging_mixin.py:115} INFO - [2022-06-17 17:22:04,851] {dag.py:2927} INFO - Setting next_dagrun for example_trigger_controller_dag to 2021-01-01T00:00:00+00:00, run_after=2021-01-01T00:00:00+00:00
[2022-06-17 17:22:04,871] {processor.py:161} INFO - Processing /home/uiliam/sandbox/lib/python3.9/site-packages/airflow/example_dags/example_trigger_controller_dag.py took 0.112 seconds
[2022-06-17 17:22:35,712] {processor.py:153} INFO - Started process (PID=140159) to work on /home/uiliam/sandbox/lib/python3.9/site-packages/airflow/example_dags/example_trigger_controller_dag.py
[2022-06-17 17:22:35,713] {processor.py:641} INFO - Processing file /home/uiliam/sandbox/lib/python3.9/site-packages/airflow/example_dags/example_trigger_controller_dag.py for tasks to queue
[2022-06-17 17:22:35,713] {logging_mixin.py:115} INFO - [2022-06-17 17:22:35,713] {dagbag.py:507} INFO - Filling up the DagBag from /home/uiliam/sandbox/lib/python3.9/site-packages/airflow/example_dags/example_trigger_controller_dag.py
[2022-06-17 17:22:35,717] {processor.py:651} INFO - DAG(s) dict_keys(['example_trigger_controller_dag']) retrieved from /home/uiliam/sandbox/lib/python3.9/site-packages/airflow/example_dags/example_trigger_controller_dag.py
[2022-06-17 17:22:35,754] {logging_mixin.py:115} INFO - [2022-06-17 17:22:35,754] {dag.py:2379} INFO - Sync 1 DAGs
[2022-06-17 17:22:35,817] {logging_mixin.py:115} INFO - [2022-06-17 17:22:35,817] {dag.py:2927} INFO - Setting next_dagrun for example_trigger_controller_dag to 2021-01-01T00:00:00+00:00, run_after=2021-01-01T00:00:00+00:00
[2022-06-17 17:22:35,859] {processor.py:161} INFO - Processing /home/uiliam/sandbox/lib/python3.9/site-packages/airflow/example_dags/example_trigger_controller_dag.py took 0.151 seconds
[2022-06-17 17:23:06,984] {processor.py:153} INFO - Started process (PID=140394) to work on /home/uiliam/sandbox/lib/python3.9/site-packages/airflow/example_dags/example_trigger_controller_dag.py
[2022-06-17 17:23:06,985] {processor.py:641} INFO - Processing file /home/uiliam/sandbox/lib/python3.9/site-packages/airflow/example_dags/example_trigger_controller_dag.py for tasks to queue
[2022-06-17 17:23:06,986] {logging_mixin.py:115} INFO - [2022-06-17 17:23:06,986] {dagbag.py:507} INFO - Filling up the DagBag from /home/uiliam/sandbox/lib/python3.9/site-packages/airflow/example_dags/example_trigger_controller_dag.py
[2022-06-17 17:23:06,991] {processor.py:651} INFO - DAG(s) dict_keys(['example_trigger_controller_dag']) retrieved from /home/uiliam/sandbox/lib/python3.9/site-packages/airflow/example_dags/example_trigger_controller_dag.py
[2022-06-17 17:23:07,031] {logging_mixin.py:115} INFO - [2022-06-17 17:23:07,030] {dag.py:2379} INFO - Sync 1 DAGs
[2022-06-17 17:23:07,088] {logging_mixin.py:115} INFO - [2022-06-17 17:23:07,087] {dag.py:2927} INFO - Setting next_dagrun for example_trigger_controller_dag to 2021-01-01T00:00:00+00:00, run_after=2021-01-01T00:00:00+00:00
[2022-06-17 17:23:07,112] {processor.py:161} INFO - Processing /home/uiliam/sandbox/lib/python3.9/site-packages/airflow/example_dags/example_trigger_controller_dag.py took 0.133 seconds
[2022-06-17 17:23:38,165] {processor.py:153} INFO - Started process (PID=140639) to work on /home/uiliam/sandbox/lib/python3.9/site-packages/airflow/example_dags/example_trigger_controller_dag.py
[2022-06-17 17:23:38,165] {processor.py:641} INFO - Processing file /home/uiliam/sandbox/lib/python3.9/site-packages/airflow/example_dags/example_trigger_controller_dag.py for tasks to queue
[2022-06-17 17:23:38,166] {logging_mixin.py:115} INFO - [2022-06-17 17:23:38,166] {dagbag.py:507} INFO - Filling up the DagBag from /home/uiliam/sandbox/lib/python3.9/site-packages/airflow/example_dags/example_trigger_controller_dag.py
[2022-06-17 17:23:38,169] {processor.py:651} INFO - DAG(s) dict_keys(['example_trigger_controller_dag']) retrieved from /home/uiliam/sandbox/lib/python3.9/site-packages/airflow/example_dags/example_trigger_controller_dag.py
[2022-06-17 17:23:38,212] {logging_mixin.py:115} INFO - [2022-06-17 17:23:38,212] {dag.py:2379} INFO - Sync 1 DAGs
[2022-06-17 17:23:38,268] {logging_mixin.py:115} INFO - [2022-06-17 17:23:38,268] {dag.py:2927} INFO - Setting next_dagrun for example_trigger_controller_dag to 2021-01-01T00:00:00+00:00, run_after=2021-01-01T00:00:00+00:00
[2022-06-17 17:23:38,301] {processor.py:161} INFO - Processing /home/uiliam/sandbox/lib/python3.9/site-packages/airflow/example_dags/example_trigger_controller_dag.py took 0.140 seconds
[2022-06-17 17:24:09,454] {processor.py:153} INFO - Started process (PID=140791) to work on /home/uiliam/sandbox/lib/python3.9/site-packages/airflow/example_dags/example_trigger_controller_dag.py
[2022-06-17 17:24:09,455] {processor.py:641} INFO - Processing file /home/uiliam/sandbox/lib/python3.9/site-packages/airflow/example_dags/example_trigger_controller_dag.py for tasks to queue
[2022-06-17 17:24:09,455] {logging_mixin.py:115} INFO - [2022-06-17 17:24:09,455] {dagbag.py:507} INFO - Filling up the DagBag from /home/uiliam/sandbox/lib/python3.9/site-packages/airflow/example_dags/example_trigger_controller_dag.py
[2022-06-17 17:24:09,459] {processor.py:651} INFO - DAG(s) dict_keys(['example_trigger_controller_dag']) retrieved from /home/uiliam/sandbox/lib/python3.9/site-packages/airflow/example_dags/example_trigger_controller_dag.py
[2022-06-17 17:24:09,493] {logging_mixin.py:115} INFO - [2022-06-17 17:24:09,492] {dag.py:2379} INFO - Sync 1 DAGs
[2022-06-17 17:24:09,529] {logging_mixin.py:115} INFO - [2022-06-17 17:24:09,529] {dag.py:2927} INFO - Setting next_dagrun for example_trigger_controller_dag to 2021-01-01T00:00:00+00:00, run_after=2021-01-01T00:00:00+00:00
[2022-06-17 17:24:09,552] {processor.py:161} INFO - Processing /home/uiliam/sandbox/lib/python3.9/site-packages/airflow/example_dags/example_trigger_controller_dag.py took 0.102 seconds
[2022-06-17 17:24:40,702] {processor.py:153} INFO - Started process (PID=141117) to work on /home/uiliam/sandbox/lib/python3.9/site-packages/airflow/example_dags/example_trigger_controller_dag.py
[2022-06-17 17:24:40,702] {processor.py:641} INFO - Processing file /home/uiliam/sandbox/lib/python3.9/site-packages/airflow/example_dags/example_trigger_controller_dag.py for tasks to queue
[2022-06-17 17:24:40,703] {logging_mixin.py:115} INFO - [2022-06-17 17:24:40,703] {dagbag.py:507} INFO - Filling up the DagBag from /home/uiliam/sandbox/lib/python3.9/site-packages/airflow/example_dags/example_trigger_controller_dag.py
[2022-06-17 17:24:40,708] {processor.py:651} INFO - DAG(s) dict_keys(['example_trigger_controller_dag']) retrieved from /home/uiliam/sandbox/lib/python3.9/site-packages/airflow/example_dags/example_trigger_controller_dag.py
[2022-06-17 17:24:40,739] {logging_mixin.py:115} INFO - [2022-06-17 17:24:40,739] {dag.py:2379} INFO - Sync 1 DAGs
[2022-06-17 17:24:40,779] {logging_mixin.py:115} INFO - [2022-06-17 17:24:40,779] {dag.py:2927} INFO - Setting next_dagrun for example_trigger_controller_dag to 2021-01-01T00:00:00+00:00, run_after=2021-01-01T00:00:00+00:00
[2022-06-17 17:24:40,797] {processor.py:161} INFO - Processing /home/uiliam/sandbox/lib/python3.9/site-packages/airflow/example_dags/example_trigger_controller_dag.py took 0.100 seconds
[2022-06-17 17:25:11,924] {processor.py:153} INFO - Started process (PID=141304) to work on /home/uiliam/sandbox/lib/python3.9/site-packages/airflow/example_dags/example_trigger_controller_dag.py
[2022-06-17 17:25:11,925] {processor.py:641} INFO - Processing file /home/uiliam/sandbox/lib/python3.9/site-packages/airflow/example_dags/example_trigger_controller_dag.py for tasks to queue
[2022-06-17 17:25:11,927] {logging_mixin.py:115} INFO - [2022-06-17 17:25:11,927] {dagbag.py:507} INFO - Filling up the DagBag from /home/uiliam/sandbox/lib/python3.9/site-packages/airflow/example_dags/example_trigger_controller_dag.py
[2022-06-17 17:25:11,933] {processor.py:651} INFO - DAG(s) dict_keys(['example_trigger_controller_dag']) retrieved from /home/uiliam/sandbox/lib/python3.9/site-packages/airflow/example_dags/example_trigger_controller_dag.py
[2022-06-17 17:25:11,973] {logging_mixin.py:115} INFO - [2022-06-17 17:25:11,972] {dag.py:2379} INFO - Sync 1 DAGs
[2022-06-17 17:25:12,022] {logging_mixin.py:115} INFO - [2022-06-17 17:25:12,021] {dag.py:2927} INFO - Setting next_dagrun for example_trigger_controller_dag to 2021-01-01T00:00:00+00:00, run_after=2021-01-01T00:00:00+00:00
[2022-06-17 17:25:12,046] {processor.py:161} INFO - Processing /home/uiliam/sandbox/lib/python3.9/site-packages/airflow/example_dags/example_trigger_controller_dag.py took 0.130 seconds
[2022-06-17 17:25:43,180] {processor.py:153} INFO - Started process (PID=141500) to work on /home/uiliam/sandbox/lib/python3.9/site-packages/airflow/example_dags/example_trigger_controller_dag.py
[2022-06-17 17:25:43,181] {processor.py:641} INFO - Processing file /home/uiliam/sandbox/lib/python3.9/site-packages/airflow/example_dags/example_trigger_controller_dag.py for tasks to queue
[2022-06-17 17:25:43,181] {logging_mixin.py:115} INFO - [2022-06-17 17:25:43,181] {dagbag.py:507} INFO - Filling up the DagBag from /home/uiliam/sandbox/lib/python3.9/site-packages/airflow/example_dags/example_trigger_controller_dag.py
[2022-06-17 17:25:43,186] {processor.py:651} INFO - DAG(s) dict_keys(['example_trigger_controller_dag']) retrieved from /home/uiliam/sandbox/lib/python3.9/site-packages/airflow/example_dags/example_trigger_controller_dag.py
[2022-06-17 17:25:43,221] {logging_mixin.py:115} INFO - [2022-06-17 17:25:43,220] {dag.py:2379} INFO - Sync 1 DAGs
[2022-06-17 17:25:43,265] {logging_mixin.py:115} INFO - [2022-06-17 17:25:43,265] {dag.py:2927} INFO - Setting next_dagrun for example_trigger_controller_dag to 2021-01-01T00:00:00+00:00, run_after=2021-01-01T00:00:00+00:00
[2022-06-17 17:25:43,289] {processor.py:161} INFO - Processing /home/uiliam/sandbox/lib/python3.9/site-packages/airflow/example_dags/example_trigger_controller_dag.py took 0.113 seconds
[2022-06-17 17:26:14,550] {processor.py:153} INFO - Started process (PID=141706) to work on /home/uiliam/sandbox/lib/python3.9/site-packages/airflow/example_dags/example_trigger_controller_dag.py
[2022-06-17 17:26:14,551] {processor.py:641} INFO - Processing file /home/uiliam/sandbox/lib/python3.9/site-packages/airflow/example_dags/example_trigger_controller_dag.py for tasks to queue
[2022-06-17 17:26:14,551] {logging_mixin.py:115} INFO - [2022-06-17 17:26:14,551] {dagbag.py:507} INFO - Filling up the DagBag from /home/uiliam/sandbox/lib/python3.9/site-packages/airflow/example_dags/example_trigger_controller_dag.py
[2022-06-17 17:26:14,555] {processor.py:651} INFO - DAG(s) dict_keys(['example_trigger_controller_dag']) retrieved from /home/uiliam/sandbox/lib/python3.9/site-packages/airflow/example_dags/example_trigger_controller_dag.py
[2022-06-17 17:26:14,589] {logging_mixin.py:115} INFO - [2022-06-17 17:26:14,589] {dag.py:2379} INFO - Sync 1 DAGs
[2022-06-17 17:26:14,626] {logging_mixin.py:115} INFO - [2022-06-17 17:26:14,625] {dag.py:2927} INFO - Setting next_dagrun for example_trigger_controller_dag to 2021-01-01T00:00:00+00:00, run_after=2021-01-01T00:00:00+00:00
[2022-06-17 17:26:14,646] {processor.py:161} INFO - Processing /home/uiliam/sandbox/lib/python3.9/site-packages/airflow/example_dags/example_trigger_controller_dag.py took 0.100 seconds
[2022-06-17 17:26:45,591] {processor.py:153} INFO - Started process (PID=141878) to work on /home/uiliam/sandbox/lib/python3.9/site-packages/airflow/example_dags/example_trigger_controller_dag.py
[2022-06-17 17:26:45,592] {processor.py:641} INFO - Processing file /home/uiliam/sandbox/lib/python3.9/site-packages/airflow/example_dags/example_trigger_controller_dag.py for tasks to queue
[2022-06-17 17:26:45,593] {logging_mixin.py:115} INFO - [2022-06-17 17:26:45,593] {dagbag.py:507} INFO - Filling up the DagBag from /home/uiliam/sandbox/lib/python3.9/site-packages/airflow/example_dags/example_trigger_controller_dag.py
[2022-06-17 17:26:45,596] {processor.py:651} INFO - DAG(s) dict_keys(['example_trigger_controller_dag']) retrieved from /home/uiliam/sandbox/lib/python3.9/site-packages/airflow/example_dags/example_trigger_controller_dag.py
[2022-06-17 17:26:45,629] {logging_mixin.py:115} INFO - [2022-06-17 17:26:45,628] {dag.py:2379} INFO - Sync 1 DAGs
[2022-06-17 17:26:45,668] {logging_mixin.py:115} INFO - [2022-06-17 17:26:45,667] {dag.py:2927} INFO - Setting next_dagrun for example_trigger_controller_dag to 2021-01-01T00:00:00+00:00, run_after=2021-01-01T00:00:00+00:00
[2022-06-17 17:26:45,688] {processor.py:161} INFO - Processing /home/uiliam/sandbox/lib/python3.9/site-packages/airflow/example_dags/example_trigger_controller_dag.py took 0.101 seconds
[2022-06-17 17:27:16,777] {processor.py:153} INFO - Started process (PID=142053) to work on /home/uiliam/sandbox/lib/python3.9/site-packages/airflow/example_dags/example_trigger_controller_dag.py
[2022-06-17 17:27:16,778] {processor.py:641} INFO - Processing file /home/uiliam/sandbox/lib/python3.9/site-packages/airflow/example_dags/example_trigger_controller_dag.py for tasks to queue
[2022-06-17 17:27:16,778] {logging_mixin.py:115} INFO - [2022-06-17 17:27:16,778] {dagbag.py:507} INFO - Filling up the DagBag from /home/uiliam/sandbox/lib/python3.9/site-packages/airflow/example_dags/example_trigger_controller_dag.py
[2022-06-17 17:27:16,783] {processor.py:651} INFO - DAG(s) dict_keys(['example_trigger_controller_dag']) retrieved from /home/uiliam/sandbox/lib/python3.9/site-packages/airflow/example_dags/example_trigger_controller_dag.py
[2022-06-17 17:27:16,815] {logging_mixin.py:115} INFO - [2022-06-17 17:27:16,814] {dag.py:2379} INFO - Sync 1 DAGs
[2022-06-17 17:27:16,857] {logging_mixin.py:115} INFO - [2022-06-17 17:27:16,857] {dag.py:2927} INFO - Setting next_dagrun for example_trigger_controller_dag to 2021-01-01T00:00:00+00:00, run_after=2021-01-01T00:00:00+00:00
[2022-06-17 17:27:16,881] {processor.py:161} INFO - Processing /home/uiliam/sandbox/lib/python3.9/site-packages/airflow/example_dags/example_trigger_controller_dag.py took 0.108 seconds
[2022-06-17 17:27:47,833] {processor.py:153} INFO - Started process (PID=142282) to work on /home/uiliam/sandbox/lib/python3.9/site-packages/airflow/example_dags/example_trigger_controller_dag.py
[2022-06-17 17:27:47,834] {processor.py:641} INFO - Processing file /home/uiliam/sandbox/lib/python3.9/site-packages/airflow/example_dags/example_trigger_controller_dag.py for tasks to queue
[2022-06-17 17:27:47,835] {logging_mixin.py:115} INFO - [2022-06-17 17:27:47,834] {dagbag.py:507} INFO - Filling up the DagBag from /home/uiliam/sandbox/lib/python3.9/site-packages/airflow/example_dags/example_trigger_controller_dag.py
[2022-06-17 17:27:47,839] {processor.py:651} INFO - DAG(s) dict_keys(['example_trigger_controller_dag']) retrieved from /home/uiliam/sandbox/lib/python3.9/site-packages/airflow/example_dags/example_trigger_controller_dag.py
[2022-06-17 17:27:47,868] {logging_mixin.py:115} INFO - [2022-06-17 17:27:47,868] {dag.py:2379} INFO - Sync 1 DAGs
[2022-06-17 17:27:47,903] {logging_mixin.py:115} INFO - [2022-06-17 17:27:47,903] {dag.py:2927} INFO - Setting next_dagrun for example_trigger_controller_dag to 2021-01-01T00:00:00+00:00, run_after=2021-01-01T00:00:00+00:00
[2022-06-17 17:27:47,921] {processor.py:161} INFO - Processing /home/uiliam/sandbox/lib/python3.9/site-packages/airflow/example_dags/example_trigger_controller_dag.py took 0.092 seconds
[2022-06-17 17:28:18,795] {processor.py:153} INFO - Started process (PID=142542) to work on /home/uiliam/sandbox/lib/python3.9/site-packages/airflow/example_dags/example_trigger_controller_dag.py
[2022-06-17 17:28:18,796] {processor.py:641} INFO - Processing file /home/uiliam/sandbox/lib/python3.9/site-packages/airflow/example_dags/example_trigger_controller_dag.py for tasks to queue
[2022-06-17 17:28:18,797] {logging_mixin.py:115} INFO - [2022-06-17 17:28:18,797] {dagbag.py:507} INFO - Filling up the DagBag from /home/uiliam/sandbox/lib/python3.9/site-packages/airflow/example_dags/example_trigger_controller_dag.py
[2022-06-17 17:28:18,801] {processor.py:651} INFO - DAG(s) dict_keys(['example_trigger_controller_dag']) retrieved from /home/uiliam/sandbox/lib/python3.9/site-packages/airflow/example_dags/example_trigger_controller_dag.py
[2022-06-17 17:28:18,832] {logging_mixin.py:115} INFO - [2022-06-17 17:28:18,832] {dag.py:2379} INFO - Sync 1 DAGs
[2022-06-17 17:28:18,868] {logging_mixin.py:115} INFO - [2022-06-17 17:28:18,868] {dag.py:2927} INFO - Setting next_dagrun for example_trigger_controller_dag to 2021-01-01T00:00:00+00:00, run_after=2021-01-01T00:00:00+00:00
[2022-06-17 17:28:18,889] {processor.py:161} INFO - Processing /home/uiliam/sandbox/lib/python3.9/site-packages/airflow/example_dags/example_trigger_controller_dag.py took 0.099 seconds
[2022-06-17 17:28:49,932] {processor.py:153} INFO - Started process (PID=142745) to work on /home/uiliam/sandbox/lib/python3.9/site-packages/airflow/example_dags/example_trigger_controller_dag.py
[2022-06-17 17:28:49,933] {processor.py:641} INFO - Processing file /home/uiliam/sandbox/lib/python3.9/site-packages/airflow/example_dags/example_trigger_controller_dag.py for tasks to queue
[2022-06-17 17:28:49,934] {logging_mixin.py:115} INFO - [2022-06-17 17:28:49,934] {dagbag.py:507} INFO - Filling up the DagBag from /home/uiliam/sandbox/lib/python3.9/site-packages/airflow/example_dags/example_trigger_controller_dag.py
[2022-06-17 17:28:49,938] {processor.py:651} INFO - DAG(s) dict_keys(['example_trigger_controller_dag']) retrieved from /home/uiliam/sandbox/lib/python3.9/site-packages/airflow/example_dags/example_trigger_controller_dag.py
[2022-06-17 17:28:49,973] {logging_mixin.py:115} INFO - [2022-06-17 17:28:49,973] {dag.py:2379} INFO - Sync 1 DAGs
[2022-06-17 17:28:50,017] {logging_mixin.py:115} INFO - [2022-06-17 17:28:50,017] {dag.py:2927} INFO - Setting next_dagrun for example_trigger_controller_dag to 2021-01-01T00:00:00+00:00, run_after=2021-01-01T00:00:00+00:00
[2022-06-17 17:28:50,040] {processor.py:161} INFO - Processing /home/uiliam/sandbox/lib/python3.9/site-packages/airflow/example_dags/example_trigger_controller_dag.py took 0.114 seconds
[2022-06-17 17:29:21,173] {processor.py:153} INFO - Started process (PID=142948) to work on /home/uiliam/sandbox/lib/python3.9/site-packages/airflow/example_dags/example_trigger_controller_dag.py
[2022-06-17 17:29:21,174] {processor.py:641} INFO - Processing file /home/uiliam/sandbox/lib/python3.9/site-packages/airflow/example_dags/example_trigger_controller_dag.py for tasks to queue
[2022-06-17 17:29:21,174] {logging_mixin.py:115} INFO - [2022-06-17 17:29:21,174] {dagbag.py:507} INFO - Filling up the DagBag from /home/uiliam/sandbox/lib/python3.9/site-packages/airflow/example_dags/example_trigger_controller_dag.py
[2022-06-17 17:29:21,178] {processor.py:651} INFO - DAG(s) dict_keys(['example_trigger_controller_dag']) retrieved from /home/uiliam/sandbox/lib/python3.9/site-packages/airflow/example_dags/example_trigger_controller_dag.py
[2022-06-17 17:29:21,212] {logging_mixin.py:115} INFO - [2022-06-17 17:29:21,212] {dag.py:2379} INFO - Sync 1 DAGs
[2022-06-17 17:29:21,261] {logging_mixin.py:115} INFO - [2022-06-17 17:29:21,261] {dag.py:2927} INFO - Setting next_dagrun for example_trigger_controller_dag to 2021-01-01T00:00:00+00:00, run_after=2021-01-01T00:00:00+00:00
[2022-06-17 17:29:21,282] {processor.py:161} INFO - Processing /home/uiliam/sandbox/lib/python3.9/site-packages/airflow/example_dags/example_trigger_controller_dag.py took 0.114 seconds
[2022-06-17 17:29:52,166] {processor.py:153} INFO - Started process (PID=143150) to work on /home/uiliam/sandbox/lib/python3.9/site-packages/airflow/example_dags/example_trigger_controller_dag.py
[2022-06-17 17:29:52,167] {processor.py:641} INFO - Processing file /home/uiliam/sandbox/lib/python3.9/site-packages/airflow/example_dags/example_trigger_controller_dag.py for tasks to queue
[2022-06-17 17:29:52,168] {logging_mixin.py:115} INFO - [2022-06-17 17:29:52,167] {dagbag.py:507} INFO - Filling up the DagBag from /home/uiliam/sandbox/lib/python3.9/site-packages/airflow/example_dags/example_trigger_controller_dag.py
[2022-06-17 17:29:52,172] {processor.py:651} INFO - DAG(s) dict_keys(['example_trigger_controller_dag']) retrieved from /home/uiliam/sandbox/lib/python3.9/site-packages/airflow/example_dags/example_trigger_controller_dag.py
[2022-06-17 17:29:52,211] {logging_mixin.py:115} INFO - [2022-06-17 17:29:52,211] {dag.py:2379} INFO - Sync 1 DAGs
[2022-06-17 17:29:52,260] {logging_mixin.py:115} INFO - [2022-06-17 17:29:52,259] {dag.py:2927} INFO - Setting next_dagrun for example_trigger_controller_dag to 2021-01-01T00:00:00+00:00, run_after=2021-01-01T00:00:00+00:00
[2022-06-17 17:29:52,287] {processor.py:161} INFO - Processing /home/uiliam/sandbox/lib/python3.9/site-packages/airflow/example_dags/example_trigger_controller_dag.py took 0.126 seconds
[2022-06-17 17:30:23,213] {processor.py:153} INFO - Started process (PID=143307) to work on /home/uiliam/sandbox/lib/python3.9/site-packages/airflow/example_dags/example_trigger_controller_dag.py
[2022-06-17 17:30:23,213] {processor.py:641} INFO - Processing file /home/uiliam/sandbox/lib/python3.9/site-packages/airflow/example_dags/example_trigger_controller_dag.py for tasks to queue
[2022-06-17 17:30:23,214] {logging_mixin.py:115} INFO - [2022-06-17 17:30:23,214] {dagbag.py:507} INFO - Filling up the DagBag from /home/uiliam/sandbox/lib/python3.9/site-packages/airflow/example_dags/example_trigger_controller_dag.py
[2022-06-17 17:30:23,217] {processor.py:651} INFO - DAG(s) dict_keys(['example_trigger_controller_dag']) retrieved from /home/uiliam/sandbox/lib/python3.9/site-packages/airflow/example_dags/example_trigger_controller_dag.py
[2022-06-17 17:30:23,249] {logging_mixin.py:115} INFO - [2022-06-17 17:30:23,249] {dag.py:2379} INFO - Sync 1 DAGs
[2022-06-17 17:30:23,289] {logging_mixin.py:115} INFO - [2022-06-17 17:30:23,288] {dag.py:2927} INFO - Setting next_dagrun for example_trigger_controller_dag to 2021-01-01T00:00:00+00:00, run_after=2021-01-01T00:00:00+00:00
[2022-06-17 17:30:23,310] {processor.py:161} INFO - Processing /home/uiliam/sandbox/lib/python3.9/site-packages/airflow/example_dags/example_trigger_controller_dag.py took 0.102 seconds
[2022-06-17 17:30:54,321] {processor.py:153} INFO - Started process (PID=143474) to work on /home/uiliam/sandbox/lib/python3.9/site-packages/airflow/example_dags/example_trigger_controller_dag.py
[2022-06-17 17:30:54,321] {processor.py:641} INFO - Processing file /home/uiliam/sandbox/lib/python3.9/site-packages/airflow/example_dags/example_trigger_controller_dag.py for tasks to queue
[2022-06-17 17:30:54,322] {logging_mixin.py:115} INFO - [2022-06-17 17:30:54,322] {dagbag.py:507} INFO - Filling up the DagBag from /home/uiliam/sandbox/lib/python3.9/site-packages/airflow/example_dags/example_trigger_controller_dag.py
[2022-06-17 17:30:54,326] {processor.py:651} INFO - DAG(s) dict_keys(['example_trigger_controller_dag']) retrieved from /home/uiliam/sandbox/lib/python3.9/site-packages/airflow/example_dags/example_trigger_controller_dag.py
[2022-06-17 17:30:54,361] {logging_mixin.py:115} INFO - [2022-06-17 17:30:54,360] {dag.py:2379} INFO - Sync 1 DAGs
[2022-06-17 17:30:54,399] {logging_mixin.py:115} INFO - [2022-06-17 17:30:54,399] {dag.py:2927} INFO - Setting next_dagrun for example_trigger_controller_dag to 2021-01-01T00:00:00+00:00, run_after=2021-01-01T00:00:00+00:00
[2022-06-17 17:30:54,418] {processor.py:161} INFO - Processing /home/uiliam/sandbox/lib/python3.9/site-packages/airflow/example_dags/example_trigger_controller_dag.py took 0.101 seconds
[2022-06-17 17:31:25,839] {processor.py:153} INFO - Started process (PID=143750) to work on /home/uiliam/sandbox/lib/python3.9/site-packages/airflow/example_dags/example_trigger_controller_dag.py
[2022-06-17 17:31:25,840] {processor.py:641} INFO - Processing file /home/uiliam/sandbox/lib/python3.9/site-packages/airflow/example_dags/example_trigger_controller_dag.py for tasks to queue
[2022-06-17 17:31:25,841] {logging_mixin.py:115} INFO - [2022-06-17 17:31:25,841] {dagbag.py:507} INFO - Filling up the DagBag from /home/uiliam/sandbox/lib/python3.9/site-packages/airflow/example_dags/example_trigger_controller_dag.py
[2022-06-17 17:31:25,847] {processor.py:651} INFO - DAG(s) dict_keys(['example_trigger_controller_dag']) retrieved from /home/uiliam/sandbox/lib/python3.9/site-packages/airflow/example_dags/example_trigger_controller_dag.py
[2022-06-17 17:31:25,915] {logging_mixin.py:115} INFO - [2022-06-17 17:31:25,915] {dag.py:2379} INFO - Sync 1 DAGs
[2022-06-17 17:31:25,982] {logging_mixin.py:115} INFO - [2022-06-17 17:31:25,982] {dag.py:2927} INFO - Setting next_dagrun for example_trigger_controller_dag to 2021-01-01T00:00:00+00:00, run_after=2021-01-01T00:00:00+00:00
[2022-06-17 17:31:26,008] {processor.py:161} INFO - Processing /home/uiliam/sandbox/lib/python3.9/site-packages/airflow/example_dags/example_trigger_controller_dag.py took 0.176 seconds
[2022-06-17 17:31:56,508] {processor.py:153} INFO - Started process (PID=143929) to work on /home/uiliam/sandbox/lib/python3.9/site-packages/airflow/example_dags/example_trigger_controller_dag.py
[2022-06-17 17:31:56,509] {processor.py:641} INFO - Processing file /home/uiliam/sandbox/lib/python3.9/site-packages/airflow/example_dags/example_trigger_controller_dag.py for tasks to queue
[2022-06-17 17:31:56,510] {logging_mixin.py:115} INFO - [2022-06-17 17:31:56,510] {dagbag.py:507} INFO - Filling up the DagBag from /home/uiliam/sandbox/lib/python3.9/site-packages/airflow/example_dags/example_trigger_controller_dag.py
[2022-06-17 17:31:56,514] {processor.py:651} INFO - DAG(s) dict_keys(['example_trigger_controller_dag']) retrieved from /home/uiliam/sandbox/lib/python3.9/site-packages/airflow/example_dags/example_trigger_controller_dag.py
[2022-06-17 17:31:56,552] {logging_mixin.py:115} INFO - [2022-06-17 17:31:56,552] {dag.py:2379} INFO - Sync 1 DAGs
[2022-06-17 17:31:56,601] {logging_mixin.py:115} INFO - [2022-06-17 17:31:56,600] {dag.py:2927} INFO - Setting next_dagrun for example_trigger_controller_dag to 2021-01-01T00:00:00+00:00, run_after=2021-01-01T00:00:00+00:00
[2022-06-17 17:31:56,621] {processor.py:161} INFO - Processing /home/uiliam/sandbox/lib/python3.9/site-packages/airflow/example_dags/example_trigger_controller_dag.py took 0.119 seconds
[2022-06-17 17:32:27,012] {processor.py:153} INFO - Started process (PID=144118) to work on /home/uiliam/sandbox/lib/python3.9/site-packages/airflow/example_dags/example_trigger_controller_dag.py
[2022-06-17 17:32:27,013] {processor.py:641} INFO - Processing file /home/uiliam/sandbox/lib/python3.9/site-packages/airflow/example_dags/example_trigger_controller_dag.py for tasks to queue
[2022-06-17 17:32:27,014] {logging_mixin.py:115} INFO - [2022-06-17 17:32:27,013] {dagbag.py:507} INFO - Filling up the DagBag from /home/uiliam/sandbox/lib/python3.9/site-packages/airflow/example_dags/example_trigger_controller_dag.py
[2022-06-17 17:32:27,017] {processor.py:651} INFO - DAG(s) dict_keys(['example_trigger_controller_dag']) retrieved from /home/uiliam/sandbox/lib/python3.9/site-packages/airflow/example_dags/example_trigger_controller_dag.py
[2022-06-17 17:32:27,049] {logging_mixin.py:115} INFO - [2022-06-17 17:32:27,049] {dag.py:2379} INFO - Sync 1 DAGs
[2022-06-17 17:32:27,097] {logging_mixin.py:115} INFO - [2022-06-17 17:32:27,096] {dag.py:2927} INFO - Setting next_dagrun for example_trigger_controller_dag to 2021-01-01T00:00:00+00:00, run_after=2021-01-01T00:00:00+00:00
[2022-06-17 17:32:27,118] {processor.py:161} INFO - Processing /home/uiliam/sandbox/lib/python3.9/site-packages/airflow/example_dags/example_trigger_controller_dag.py took 0.111 seconds
[2022-06-17 17:32:58,238] {processor.py:153} INFO - Started process (PID=144285) to work on /home/uiliam/sandbox/lib/python3.9/site-packages/airflow/example_dags/example_trigger_controller_dag.py
[2022-06-17 17:32:58,238] {processor.py:641} INFO - Processing file /home/uiliam/sandbox/lib/python3.9/site-packages/airflow/example_dags/example_trigger_controller_dag.py for tasks to queue
[2022-06-17 17:32:58,239] {logging_mixin.py:115} INFO - [2022-06-17 17:32:58,239] {dagbag.py:507} INFO - Filling up the DagBag from /home/uiliam/sandbox/lib/python3.9/site-packages/airflow/example_dags/example_trigger_controller_dag.py
[2022-06-17 17:32:58,242] {processor.py:651} INFO - DAG(s) dict_keys(['example_trigger_controller_dag']) retrieved from /home/uiliam/sandbox/lib/python3.9/site-packages/airflow/example_dags/example_trigger_controller_dag.py
[2022-06-17 17:32:58,273] {logging_mixin.py:115} INFO - [2022-06-17 17:32:58,273] {dag.py:2379} INFO - Sync 1 DAGs
[2022-06-17 17:32:58,312] {logging_mixin.py:115} INFO - [2022-06-17 17:32:58,312] {dag.py:2927} INFO - Setting next_dagrun for example_trigger_controller_dag to 2021-01-01T00:00:00+00:00, run_after=2021-01-01T00:00:00+00:00
[2022-06-17 17:32:58,332] {processor.py:161} INFO - Processing /home/uiliam/sandbox/lib/python3.9/site-packages/airflow/example_dags/example_trigger_controller_dag.py took 0.099 seconds
[2022-06-17 17:33:29,164] {processor.py:153} INFO - Started process (PID=144463) to work on /home/uiliam/sandbox/lib/python3.9/site-packages/airflow/example_dags/example_trigger_controller_dag.py
[2022-06-17 17:33:29,165] {processor.py:641} INFO - Processing file /home/uiliam/sandbox/lib/python3.9/site-packages/airflow/example_dags/example_trigger_controller_dag.py for tasks to queue
[2022-06-17 17:33:29,165] {logging_mixin.py:115} INFO - [2022-06-17 17:33:29,165] {dagbag.py:507} INFO - Filling up the DagBag from /home/uiliam/sandbox/lib/python3.9/site-packages/airflow/example_dags/example_trigger_controller_dag.py
[2022-06-17 17:33:29,169] {processor.py:651} INFO - DAG(s) dict_keys(['example_trigger_controller_dag']) retrieved from /home/uiliam/sandbox/lib/python3.9/site-packages/airflow/example_dags/example_trigger_controller_dag.py
[2022-06-17 17:33:29,201] {logging_mixin.py:115} INFO - [2022-06-17 17:33:29,201] {dag.py:2379} INFO - Sync 1 DAGs
[2022-06-17 17:33:29,243] {logging_mixin.py:115} INFO - [2022-06-17 17:33:29,243] {dag.py:2927} INFO - Setting next_dagrun for example_trigger_controller_dag to 2021-01-01T00:00:00+00:00, run_after=2021-01-01T00:00:00+00:00
[2022-06-17 17:33:29,262] {processor.py:161} INFO - Processing /home/uiliam/sandbox/lib/python3.9/site-packages/airflow/example_dags/example_trigger_controller_dag.py took 0.104 seconds
[2022-06-17 17:34:00,559] {processor.py:153} INFO - Started process (PID=144629) to work on /home/uiliam/sandbox/lib/python3.9/site-packages/airflow/example_dags/example_trigger_controller_dag.py
[2022-06-17 17:34:00,559] {processor.py:641} INFO - Processing file /home/uiliam/sandbox/lib/python3.9/site-packages/airflow/example_dags/example_trigger_controller_dag.py for tasks to queue
[2022-06-17 17:34:00,560] {logging_mixin.py:115} INFO - [2022-06-17 17:34:00,560] {dagbag.py:507} INFO - Filling up the DagBag from /home/uiliam/sandbox/lib/python3.9/site-packages/airflow/example_dags/example_trigger_controller_dag.py
[2022-06-17 17:34:00,565] {processor.py:651} INFO - DAG(s) dict_keys(['example_trigger_controller_dag']) retrieved from /home/uiliam/sandbox/lib/python3.9/site-packages/airflow/example_dags/example_trigger_controller_dag.py
[2022-06-17 17:34:00,596] {logging_mixin.py:115} INFO - [2022-06-17 17:34:00,595] {dag.py:2379} INFO - Sync 1 DAGs
[2022-06-17 17:34:00,636] {logging_mixin.py:115} INFO - [2022-06-17 17:34:00,635] {dag.py:2927} INFO - Setting next_dagrun for example_trigger_controller_dag to 2021-01-01T00:00:00+00:00, run_after=2021-01-01T00:00:00+00:00
[2022-06-17 17:34:00,658] {processor.py:161} INFO - Processing /home/uiliam/sandbox/lib/python3.9/site-packages/airflow/example_dags/example_trigger_controller_dag.py took 0.103 seconds
[2022-06-17 17:34:32,100] {processor.py:153} INFO - Started process (PID=145027) to work on /home/uiliam/sandbox/lib/python3.9/site-packages/airflow/example_dags/example_trigger_controller_dag.py
[2022-06-17 17:34:32,100] {processor.py:641} INFO - Processing file /home/uiliam/sandbox/lib/python3.9/site-packages/airflow/example_dags/example_trigger_controller_dag.py for tasks to queue
[2022-06-17 17:34:32,102] {logging_mixin.py:115} INFO - [2022-06-17 17:34:32,101] {dagbag.py:507} INFO - Filling up the DagBag from /home/uiliam/sandbox/lib/python3.9/site-packages/airflow/example_dags/example_trigger_controller_dag.py
[2022-06-17 17:34:32,108] {processor.py:651} INFO - DAG(s) dict_keys(['example_trigger_controller_dag']) retrieved from /home/uiliam/sandbox/lib/python3.9/site-packages/airflow/example_dags/example_trigger_controller_dag.py
[2022-06-17 17:34:32,149] {logging_mixin.py:115} INFO - [2022-06-17 17:34:32,149] {dag.py:2379} INFO - Sync 1 DAGs
[2022-06-17 17:34:32,205] {logging_mixin.py:115} INFO - [2022-06-17 17:34:32,204] {dag.py:2927} INFO - Setting next_dagrun for example_trigger_controller_dag to 2021-01-01T00:00:00+00:00, run_after=2021-01-01T00:00:00+00:00
[2022-06-17 17:34:32,236] {processor.py:161} INFO - Processing /home/uiliam/sandbox/lib/python3.9/site-packages/airflow/example_dags/example_trigger_controller_dag.py took 0.142 seconds
[2022-06-17 17:35:03,304] {processor.py:153} INFO - Started process (PID=145377) to work on /home/uiliam/sandbox/lib/python3.9/site-packages/airflow/example_dags/example_trigger_controller_dag.py
[2022-06-17 17:35:03,304] {processor.py:641} INFO - Processing file /home/uiliam/sandbox/lib/python3.9/site-packages/airflow/example_dags/example_trigger_controller_dag.py for tasks to queue
[2022-06-17 17:35:03,305] {logging_mixin.py:115} INFO - [2022-06-17 17:35:03,305] {dagbag.py:507} INFO - Filling up the DagBag from /home/uiliam/sandbox/lib/python3.9/site-packages/airflow/example_dags/example_trigger_controller_dag.py
[2022-06-17 17:35:03,309] {processor.py:651} INFO - DAG(s) dict_keys(['example_trigger_controller_dag']) retrieved from /home/uiliam/sandbox/lib/python3.9/site-packages/airflow/example_dags/example_trigger_controller_dag.py
[2022-06-17 17:35:03,340] {logging_mixin.py:115} INFO - [2022-06-17 17:35:03,340] {dag.py:2379} INFO - Sync 1 DAGs
[2022-06-17 17:35:03,374] {logging_mixin.py:115} INFO - [2022-06-17 17:35:03,374] {dag.py:2927} INFO - Setting next_dagrun for example_trigger_controller_dag to 2021-01-01T00:00:00+00:00, run_after=2021-01-01T00:00:00+00:00
[2022-06-17 17:35:03,398] {processor.py:161} INFO - Processing /home/uiliam/sandbox/lib/python3.9/site-packages/airflow/example_dags/example_trigger_controller_dag.py took 0.101 seconds
[2022-06-17 17:35:34,775] {processor.py:153} INFO - Started process (PID=145678) to work on /home/uiliam/sandbox/lib/python3.9/site-packages/airflow/example_dags/example_trigger_controller_dag.py
[2022-06-17 17:35:34,776] {processor.py:641} INFO - Processing file /home/uiliam/sandbox/lib/python3.9/site-packages/airflow/example_dags/example_trigger_controller_dag.py for tasks to queue
[2022-06-17 17:35:34,777] {logging_mixin.py:115} INFO - [2022-06-17 17:35:34,777] {dagbag.py:507} INFO - Filling up the DagBag from /home/uiliam/sandbox/lib/python3.9/site-packages/airflow/example_dags/example_trigger_controller_dag.py
[2022-06-17 17:35:34,781] {processor.py:651} INFO - DAG(s) dict_keys(['example_trigger_controller_dag']) retrieved from /home/uiliam/sandbox/lib/python3.9/site-packages/airflow/example_dags/example_trigger_controller_dag.py
[2022-06-17 17:35:34,812] {logging_mixin.py:115} INFO - [2022-06-17 17:35:34,812] {dag.py:2379} INFO - Sync 1 DAGs
[2022-06-17 17:35:34,853] {logging_mixin.py:115} INFO - [2022-06-17 17:35:34,853] {dag.py:2927} INFO - Setting next_dagrun for example_trigger_controller_dag to 2021-01-01T00:00:00+00:00, run_after=2021-01-01T00:00:00+00:00
[2022-06-17 17:35:34,875] {processor.py:161} INFO - Processing /home/uiliam/sandbox/lib/python3.9/site-packages/airflow/example_dags/example_trigger_controller_dag.py took 0.106 seconds
[2022-06-17 17:36:06,080] {processor.py:153} INFO - Started process (PID=146020) to work on /home/uiliam/sandbox/lib/python3.9/site-packages/airflow/example_dags/example_trigger_controller_dag.py
[2022-06-17 17:36:06,080] {processor.py:641} INFO - Processing file /home/uiliam/sandbox/lib/python3.9/site-packages/airflow/example_dags/example_trigger_controller_dag.py for tasks to queue
[2022-06-17 17:36:06,081] {logging_mixin.py:115} INFO - [2022-06-17 17:36:06,080] {dagbag.py:507} INFO - Filling up the DagBag from /home/uiliam/sandbox/lib/python3.9/site-packages/airflow/example_dags/example_trigger_controller_dag.py
[2022-06-17 17:36:06,086] {processor.py:651} INFO - DAG(s) dict_keys(['example_trigger_controller_dag']) retrieved from /home/uiliam/sandbox/lib/python3.9/site-packages/airflow/example_dags/example_trigger_controller_dag.py
[2022-06-17 17:36:06,126] {logging_mixin.py:115} INFO - [2022-06-17 17:36:06,126] {dag.py:2379} INFO - Sync 1 DAGs
[2022-06-17 17:36:06,180] {logging_mixin.py:115} INFO - [2022-06-17 17:36:06,180] {dag.py:2927} INFO - Setting next_dagrun for example_trigger_controller_dag to 2021-01-01T00:00:00+00:00, run_after=2021-01-01T00:00:00+00:00
[2022-06-17 17:36:06,205] {processor.py:161} INFO - Processing /home/uiliam/sandbox/lib/python3.9/site-packages/airflow/example_dags/example_trigger_controller_dag.py took 0.133 seconds
