[2022-06-17 17:11:10,935] {processor.py:153} INFO - Started process (PID=132479) to work on /home/uiliam/sandbox/lib/python3.9/site-packages/airflow/example_dags/example_task_group.py
[2022-06-17 17:11:10,936] {processor.py:641} INFO - Processing file /home/uiliam/sandbox/lib/python3.9/site-packages/airflow/example_dags/example_task_group.py for tasks to queue
[2022-06-17 17:11:10,936] {logging_mixin.py:115} INFO - [2022-06-17 17:11:10,936] {dagbag.py:507} INFO - Filling up the DagBag from /home/uiliam/sandbox/lib/python3.9/site-packages/airflow/example_dags/example_task_group.py
[2022-06-17 17:11:10,944] {processor.py:651} INFO - DAG(s) dict_keys(['example_task_group']) retrieved from /home/uiliam/sandbox/lib/python3.9/site-packages/airflow/example_dags/example_task_group.py
[2022-06-17 17:11:10,975] {logging_mixin.py:115} INFO - [2022-06-17 17:11:10,975] {dag.py:2379} INFO - Sync 1 DAGs
[2022-06-17 17:11:11,011] {logging_mixin.py:115} INFO - [2022-06-17 17:11:11,010] {dag.py:2927} INFO - Setting next_dagrun for example_task_group to 2022-06-16T20:11:11.010390+00:00, run_after=2022-06-17T20:11:11.010390+00:00
[2022-06-17 17:11:11,032] {processor.py:161} INFO - Processing /home/uiliam/sandbox/lib/python3.9/site-packages/airflow/example_dags/example_task_group.py took 0.102 seconds
[2022-06-17 17:11:42,214] {processor.py:153} INFO - Started process (PID=132826) to work on /home/uiliam/sandbox/lib/python3.9/site-packages/airflow/example_dags/example_task_group.py
[2022-06-17 17:11:42,215] {processor.py:641} INFO - Processing file /home/uiliam/sandbox/lib/python3.9/site-packages/airflow/example_dags/example_task_group.py for tasks to queue
[2022-06-17 17:11:42,216] {logging_mixin.py:115} INFO - [2022-06-17 17:11:42,216] {dagbag.py:507} INFO - Filling up the DagBag from /home/uiliam/sandbox/lib/python3.9/site-packages/airflow/example_dags/example_task_group.py
[2022-06-17 17:11:42,225] {processor.py:651} INFO - DAG(s) dict_keys(['example_task_group']) retrieved from /home/uiliam/sandbox/lib/python3.9/site-packages/airflow/example_dags/example_task_group.py
[2022-06-17 17:11:42,258] {logging_mixin.py:115} INFO - [2022-06-17 17:11:42,258] {dag.py:2379} INFO - Sync 1 DAGs
[2022-06-17 17:11:42,296] {logging_mixin.py:115} INFO - [2022-06-17 17:11:42,295] {dag.py:2927} INFO - Setting next_dagrun for example_task_group to 2022-06-16T20:11:42.295474+00:00, run_after=2022-06-17T20:11:42.295474+00:00
[2022-06-17 17:11:42,315] {processor.py:161} INFO - Processing /home/uiliam/sandbox/lib/python3.9/site-packages/airflow/example_dags/example_task_group.py took 0.105 seconds
[2022-06-17 17:12:13,389] {processor.py:153} INFO - Started process (PID=134012) to work on /home/uiliam/sandbox/lib/python3.9/site-packages/airflow/example_dags/example_task_group.py
[2022-06-17 17:12:13,390] {processor.py:641} INFO - Processing file /home/uiliam/sandbox/lib/python3.9/site-packages/airflow/example_dags/example_task_group.py for tasks to queue
[2022-06-17 17:12:13,390] {logging_mixin.py:115} INFO - [2022-06-17 17:12:13,390] {dagbag.py:507} INFO - Filling up the DagBag from /home/uiliam/sandbox/lib/python3.9/site-packages/airflow/example_dags/example_task_group.py
[2022-06-17 17:12:13,399] {processor.py:651} INFO - DAG(s) dict_keys(['example_task_group']) retrieved from /home/uiliam/sandbox/lib/python3.9/site-packages/airflow/example_dags/example_task_group.py
[2022-06-17 17:12:13,433] {logging_mixin.py:115} INFO - [2022-06-17 17:12:13,433] {dag.py:2379} INFO - Sync 1 DAGs
[2022-06-17 17:12:13,467] {logging_mixin.py:115} INFO - [2022-06-17 17:12:13,467] {dag.py:2927} INFO - Setting next_dagrun for example_task_group to 2022-06-16T20:12:13.467204+00:00, run_after=2022-06-17T20:12:13.467204+00:00
[2022-06-17 17:12:13,485] {processor.py:161} INFO - Processing /home/uiliam/sandbox/lib/python3.9/site-packages/airflow/example_dags/example_task_group.py took 0.100 seconds
[2022-06-17 17:12:44,594] {processor.py:153} INFO - Started process (PID=135117) to work on /home/uiliam/sandbox/lib/python3.9/site-packages/airflow/example_dags/example_task_group.py
[2022-06-17 17:12:44,595] {processor.py:641} INFO - Processing file /home/uiliam/sandbox/lib/python3.9/site-packages/airflow/example_dags/example_task_group.py for tasks to queue
[2022-06-17 17:12:44,596] {logging_mixin.py:115} INFO - [2022-06-17 17:12:44,596] {dagbag.py:507} INFO - Filling up the DagBag from /home/uiliam/sandbox/lib/python3.9/site-packages/airflow/example_dags/example_task_group.py
[2022-06-17 17:12:44,604] {processor.py:651} INFO - DAG(s) dict_keys(['example_task_group']) retrieved from /home/uiliam/sandbox/lib/python3.9/site-packages/airflow/example_dags/example_task_group.py
[2022-06-17 17:12:44,640] {logging_mixin.py:115} INFO - [2022-06-17 17:12:44,640] {dag.py:2379} INFO - Sync 1 DAGs
[2022-06-17 17:12:44,684] {logging_mixin.py:115} INFO - [2022-06-17 17:12:44,684] {dag.py:2927} INFO - Setting next_dagrun for example_task_group to 2022-06-16T20:12:44.683486+00:00, run_after=2022-06-17T20:12:44.683486+00:00
[2022-06-17 17:12:44,708] {processor.py:161} INFO - Processing /home/uiliam/sandbox/lib/python3.9/site-packages/airflow/example_dags/example_task_group.py took 0.119 seconds
[2022-06-17 17:13:15,952] {processor.py:153} INFO - Started process (PID=135509) to work on /home/uiliam/sandbox/lib/python3.9/site-packages/airflow/example_dags/example_task_group.py
[2022-06-17 17:13:15,953] {processor.py:641} INFO - Processing file /home/uiliam/sandbox/lib/python3.9/site-packages/airflow/example_dags/example_task_group.py for tasks to queue
[2022-06-17 17:13:15,953] {logging_mixin.py:115} INFO - [2022-06-17 17:13:15,953] {dagbag.py:507} INFO - Filling up the DagBag from /home/uiliam/sandbox/lib/python3.9/site-packages/airflow/example_dags/example_task_group.py
[2022-06-17 17:13:15,964] {processor.py:651} INFO - DAG(s) dict_keys(['example_task_group']) retrieved from /home/uiliam/sandbox/lib/python3.9/site-packages/airflow/example_dags/example_task_group.py
[2022-06-17 17:13:16,003] {logging_mixin.py:115} INFO - [2022-06-17 17:13:16,002] {dag.py:2379} INFO - Sync 1 DAGs
[2022-06-17 17:13:16,041] {logging_mixin.py:115} INFO - [2022-06-17 17:13:16,041] {dag.py:2927} INFO - Setting next_dagrun for example_task_group to 2022-06-16T20:13:16.041065+00:00, run_after=2022-06-17T20:13:16.041065+00:00
[2022-06-17 17:13:16,064] {processor.py:161} INFO - Processing /home/uiliam/sandbox/lib/python3.9/site-packages/airflow/example_dags/example_task_group.py took 0.118 seconds
[2022-06-17 17:13:47,160] {processor.py:153} INFO - Started process (PID=135815) to work on /home/uiliam/sandbox/lib/python3.9/site-packages/airflow/example_dags/example_task_group.py
[2022-06-17 17:13:47,161] {processor.py:641} INFO - Processing file /home/uiliam/sandbox/lib/python3.9/site-packages/airflow/example_dags/example_task_group.py for tasks to queue
[2022-06-17 17:13:47,162] {logging_mixin.py:115} INFO - [2022-06-17 17:13:47,162] {dagbag.py:507} INFO - Filling up the DagBag from /home/uiliam/sandbox/lib/python3.9/site-packages/airflow/example_dags/example_task_group.py
[2022-06-17 17:13:47,172] {processor.py:651} INFO - DAG(s) dict_keys(['example_task_group']) retrieved from /home/uiliam/sandbox/lib/python3.9/site-packages/airflow/example_dags/example_task_group.py
[2022-06-17 17:13:47,203] {logging_mixin.py:115} INFO - [2022-06-17 17:13:47,203] {dag.py:2379} INFO - Sync 1 DAGs
[2022-06-17 17:13:47,238] {logging_mixin.py:115} INFO - [2022-06-17 17:13:47,238] {dag.py:2927} INFO - Setting next_dagrun for example_task_group to 2022-06-16T20:13:47.237771+00:00, run_after=2022-06-17T20:13:47.237771+00:00
[2022-06-17 17:13:47,259] {processor.py:161} INFO - Processing /home/uiliam/sandbox/lib/python3.9/site-packages/airflow/example_dags/example_task_group.py took 0.103 seconds
[2022-06-17 17:14:18,369] {processor.py:153} INFO - Started process (PID=136097) to work on /home/uiliam/sandbox/lib/python3.9/site-packages/airflow/example_dags/example_task_group.py
[2022-06-17 17:14:18,371] {processor.py:641} INFO - Processing file /home/uiliam/sandbox/lib/python3.9/site-packages/airflow/example_dags/example_task_group.py for tasks to queue
[2022-06-17 17:14:18,372] {logging_mixin.py:115} INFO - [2022-06-17 17:14:18,372] {dagbag.py:507} INFO - Filling up the DagBag from /home/uiliam/sandbox/lib/python3.9/site-packages/airflow/example_dags/example_task_group.py
[2022-06-17 17:14:18,383] {processor.py:651} INFO - DAG(s) dict_keys(['example_task_group']) retrieved from /home/uiliam/sandbox/lib/python3.9/site-packages/airflow/example_dags/example_task_group.py
[2022-06-17 17:14:18,428] {logging_mixin.py:115} INFO - [2022-06-17 17:14:18,428] {dag.py:2379} INFO - Sync 1 DAGs
[2022-06-17 17:14:18,486] {logging_mixin.py:115} INFO - [2022-06-17 17:14:18,485] {dag.py:2927} INFO - Setting next_dagrun for example_task_group to 2022-06-16T20:14:18.484973+00:00, run_after=2022-06-17T20:14:18.484973+00:00
[2022-06-17 17:14:18,514] {processor.py:161} INFO - Processing /home/uiliam/sandbox/lib/python3.9/site-packages/airflow/example_dags/example_task_group.py took 0.151 seconds
[2022-06-17 17:14:49,693] {processor.py:153} INFO - Started process (PID=136445) to work on /home/uiliam/sandbox/lib/python3.9/site-packages/airflow/example_dags/example_task_group.py
[2022-06-17 17:14:49,694] {processor.py:641} INFO - Processing file /home/uiliam/sandbox/lib/python3.9/site-packages/airflow/example_dags/example_task_group.py for tasks to queue
[2022-06-17 17:14:49,694] {logging_mixin.py:115} INFO - [2022-06-17 17:14:49,694] {dagbag.py:507} INFO - Filling up the DagBag from /home/uiliam/sandbox/lib/python3.9/site-packages/airflow/example_dags/example_task_group.py
[2022-06-17 17:14:49,704] {processor.py:651} INFO - DAG(s) dict_keys(['example_task_group']) retrieved from /home/uiliam/sandbox/lib/python3.9/site-packages/airflow/example_dags/example_task_group.py
[2022-06-17 17:14:49,739] {logging_mixin.py:115} INFO - [2022-06-17 17:14:49,739] {dag.py:2379} INFO - Sync 1 DAGs
[2022-06-17 17:14:49,782] {logging_mixin.py:115} INFO - [2022-06-17 17:14:49,781] {dag.py:2927} INFO - Setting next_dagrun for example_task_group to 2022-06-16T20:14:49.781458+00:00, run_after=2022-06-17T20:14:49.781458+00:00
[2022-06-17 17:14:49,803] {processor.py:161} INFO - Processing /home/uiliam/sandbox/lib/python3.9/site-packages/airflow/example_dags/example_task_group.py took 0.114 seconds
[2022-06-17 17:15:21,004] {processor.py:153} INFO - Started process (PID=136708) to work on /home/uiliam/sandbox/lib/python3.9/site-packages/airflow/example_dags/example_task_group.py
[2022-06-17 17:15:21,005] {processor.py:641} INFO - Processing file /home/uiliam/sandbox/lib/python3.9/site-packages/airflow/example_dags/example_task_group.py for tasks to queue
[2022-06-17 17:15:21,005] {logging_mixin.py:115} INFO - [2022-06-17 17:15:21,005] {dagbag.py:507} INFO - Filling up the DagBag from /home/uiliam/sandbox/lib/python3.9/site-packages/airflow/example_dags/example_task_group.py
[2022-06-17 17:15:21,014] {processor.py:651} INFO - DAG(s) dict_keys(['example_task_group']) retrieved from /home/uiliam/sandbox/lib/python3.9/site-packages/airflow/example_dags/example_task_group.py
[2022-06-17 17:15:21,051] {logging_mixin.py:115} INFO - [2022-06-17 17:15:21,051] {dag.py:2379} INFO - Sync 1 DAGs
[2022-06-17 17:15:21,096] {logging_mixin.py:115} INFO - [2022-06-17 17:15:21,096] {dag.py:2927} INFO - Setting next_dagrun for example_task_group to 2022-06-16T20:15:21.096136+00:00, run_after=2022-06-17T20:15:21.096136+00:00
[2022-06-17 17:15:21,119] {processor.py:161} INFO - Processing /home/uiliam/sandbox/lib/python3.9/site-packages/airflow/example_dags/example_task_group.py took 0.121 seconds
[2022-06-17 17:15:51,934] {processor.py:153} INFO - Started process (PID=136874) to work on /home/uiliam/sandbox/lib/python3.9/site-packages/airflow/example_dags/example_task_group.py
[2022-06-17 17:15:51,935] {processor.py:641} INFO - Processing file /home/uiliam/sandbox/lib/python3.9/site-packages/airflow/example_dags/example_task_group.py for tasks to queue
[2022-06-17 17:15:51,936] {logging_mixin.py:115} INFO - [2022-06-17 17:15:51,936] {dagbag.py:507} INFO - Filling up the DagBag from /home/uiliam/sandbox/lib/python3.9/site-packages/airflow/example_dags/example_task_group.py
[2022-06-17 17:15:51,946] {processor.py:651} INFO - DAG(s) dict_keys(['example_task_group']) retrieved from /home/uiliam/sandbox/lib/python3.9/site-packages/airflow/example_dags/example_task_group.py
[2022-06-17 17:15:51,979] {logging_mixin.py:115} INFO - [2022-06-17 17:15:51,979] {dag.py:2379} INFO - Sync 1 DAGs
[2022-06-17 17:15:52,016] {logging_mixin.py:115} INFO - [2022-06-17 17:15:52,016] {dag.py:2927} INFO - Setting next_dagrun for example_task_group to 2022-06-16T20:15:52.016011+00:00, run_after=2022-06-17T20:15:52.016011+00:00
[2022-06-17 17:15:52,036] {processor.py:161} INFO - Processing /home/uiliam/sandbox/lib/python3.9/site-packages/airflow/example_dags/example_task_group.py took 0.106 seconds
[2022-06-17 17:16:22,978] {processor.py:153} INFO - Started process (PID=137080) to work on /home/uiliam/sandbox/lib/python3.9/site-packages/airflow/example_dags/example_task_group.py
[2022-06-17 17:16:22,979] {processor.py:641} INFO - Processing file /home/uiliam/sandbox/lib/python3.9/site-packages/airflow/example_dags/example_task_group.py for tasks to queue
[2022-06-17 17:16:22,980] {logging_mixin.py:115} INFO - [2022-06-17 17:16:22,980] {dagbag.py:507} INFO - Filling up the DagBag from /home/uiliam/sandbox/lib/python3.9/site-packages/airflow/example_dags/example_task_group.py
[2022-06-17 17:16:22,990] {processor.py:651} INFO - DAG(s) dict_keys(['example_task_group']) retrieved from /home/uiliam/sandbox/lib/python3.9/site-packages/airflow/example_dags/example_task_group.py
[2022-06-17 17:16:23,024] {logging_mixin.py:115} INFO - [2022-06-17 17:16:23,024] {dag.py:2379} INFO - Sync 1 DAGs
[2022-06-17 17:16:23,063] {logging_mixin.py:115} INFO - [2022-06-17 17:16:23,062] {dag.py:2927} INFO - Setting next_dagrun for example_task_group to 2022-06-16T20:16:23.062410+00:00, run_after=2022-06-17T20:16:23.062410+00:00
[2022-06-17 17:16:23,082] {processor.py:161} INFO - Processing /home/uiliam/sandbox/lib/python3.9/site-packages/airflow/example_dags/example_task_group.py took 0.109 seconds
[2022-06-17 17:16:54,178] {processor.py:153} INFO - Started process (PID=137300) to work on /home/uiliam/sandbox/lib/python3.9/site-packages/airflow/example_dags/example_task_group.py
[2022-06-17 17:16:54,179] {processor.py:641} INFO - Processing file /home/uiliam/sandbox/lib/python3.9/site-packages/airflow/example_dags/example_task_group.py for tasks to queue
[2022-06-17 17:16:54,179] {logging_mixin.py:115} INFO - [2022-06-17 17:16:54,179] {dagbag.py:507} INFO - Filling up the DagBag from /home/uiliam/sandbox/lib/python3.9/site-packages/airflow/example_dags/example_task_group.py
[2022-06-17 17:16:54,187] {processor.py:651} INFO - DAG(s) dict_keys(['example_task_group']) retrieved from /home/uiliam/sandbox/lib/python3.9/site-packages/airflow/example_dags/example_task_group.py
[2022-06-17 17:16:54,223] {logging_mixin.py:115} INFO - [2022-06-17 17:16:54,222] {dag.py:2379} INFO - Sync 1 DAGs
[2022-06-17 17:16:54,265] {logging_mixin.py:115} INFO - [2022-06-17 17:16:54,264] {dag.py:2927} INFO - Setting next_dagrun for example_task_group to 2022-06-16T20:16:54.264446+00:00, run_after=2022-06-17T20:16:54.264446+00:00
[2022-06-17 17:16:54,284] {processor.py:161} INFO - Processing /home/uiliam/sandbox/lib/python3.9/site-packages/airflow/example_dags/example_task_group.py took 0.112 seconds
[2022-06-17 17:17:25,188] {processor.py:153} INFO - Started process (PID=137550) to work on /home/uiliam/sandbox/lib/python3.9/site-packages/airflow/example_dags/example_task_group.py
[2022-06-17 17:17:25,189] {processor.py:641} INFO - Processing file /home/uiliam/sandbox/lib/python3.9/site-packages/airflow/example_dags/example_task_group.py for tasks to queue
[2022-06-17 17:17:25,189] {logging_mixin.py:115} INFO - [2022-06-17 17:17:25,189] {dagbag.py:507} INFO - Filling up the DagBag from /home/uiliam/sandbox/lib/python3.9/site-packages/airflow/example_dags/example_task_group.py
[2022-06-17 17:17:25,198] {processor.py:651} INFO - DAG(s) dict_keys(['example_task_group']) retrieved from /home/uiliam/sandbox/lib/python3.9/site-packages/airflow/example_dags/example_task_group.py
[2022-06-17 17:17:25,235] {logging_mixin.py:115} INFO - [2022-06-17 17:17:25,234] {dag.py:2379} INFO - Sync 1 DAGs
[2022-06-17 17:17:25,281] {logging_mixin.py:115} INFO - [2022-06-17 17:17:25,281] {dag.py:2927} INFO - Setting next_dagrun for example_task_group to 2022-06-16T20:17:25.280928+00:00, run_after=2022-06-17T20:17:25.280928+00:00
[2022-06-17 17:17:25,300] {processor.py:161} INFO - Processing /home/uiliam/sandbox/lib/python3.9/site-packages/airflow/example_dags/example_task_group.py took 0.117 seconds
[2022-06-17 17:17:56,266] {processor.py:153} INFO - Started process (PID=137790) to work on /home/uiliam/sandbox/lib/python3.9/site-packages/airflow/example_dags/example_task_group.py
[2022-06-17 17:17:56,266] {processor.py:641} INFO - Processing file /home/uiliam/sandbox/lib/python3.9/site-packages/airflow/example_dags/example_task_group.py for tasks to queue
[2022-06-17 17:17:56,267] {logging_mixin.py:115} INFO - [2022-06-17 17:17:56,267] {dagbag.py:507} INFO - Filling up the DagBag from /home/uiliam/sandbox/lib/python3.9/site-packages/airflow/example_dags/example_task_group.py
[2022-06-17 17:17:56,275] {processor.py:651} INFO - DAG(s) dict_keys(['example_task_group']) retrieved from /home/uiliam/sandbox/lib/python3.9/site-packages/airflow/example_dags/example_task_group.py
[2022-06-17 17:17:56,312] {logging_mixin.py:115} INFO - [2022-06-17 17:17:56,312] {dag.py:2379} INFO - Sync 1 DAGs
[2022-06-17 17:17:56,354] {logging_mixin.py:115} INFO - [2022-06-17 17:17:56,354] {dag.py:2927} INFO - Setting next_dagrun for example_task_group to 2022-06-16T20:17:56.353768+00:00, run_after=2022-06-17T20:17:56.353768+00:00
[2022-06-17 17:17:56,375] {processor.py:161} INFO - Processing /home/uiliam/sandbox/lib/python3.9/site-packages/airflow/example_dags/example_task_group.py took 0.113 seconds
[2022-06-17 17:18:27,537] {processor.py:153} INFO - Started process (PID=138111) to work on /home/uiliam/sandbox/lib/python3.9/site-packages/airflow/example_dags/example_task_group.py
[2022-06-17 17:18:27,538] {processor.py:641} INFO - Processing file /home/uiliam/sandbox/lib/python3.9/site-packages/airflow/example_dags/example_task_group.py for tasks to queue
[2022-06-17 17:18:27,539] {logging_mixin.py:115} INFO - [2022-06-17 17:18:27,539] {dagbag.py:507} INFO - Filling up the DagBag from /home/uiliam/sandbox/lib/python3.9/site-packages/airflow/example_dags/example_task_group.py
[2022-06-17 17:18:27,548] {processor.py:651} INFO - DAG(s) dict_keys(['example_task_group']) retrieved from /home/uiliam/sandbox/lib/python3.9/site-packages/airflow/example_dags/example_task_group.py
[2022-06-17 17:18:27,582] {logging_mixin.py:115} INFO - [2022-06-17 17:18:27,582] {dag.py:2379} INFO - Sync 1 DAGs
[2022-06-17 17:18:27,620] {logging_mixin.py:115} INFO - [2022-06-17 17:18:27,620] {dag.py:2927} INFO - Setting next_dagrun for example_task_group to 2022-06-16T20:18:27.619481+00:00, run_after=2022-06-17T20:18:27.619481+00:00
[2022-06-17 17:18:27,639] {processor.py:161} INFO - Processing /home/uiliam/sandbox/lib/python3.9/site-packages/airflow/example_dags/example_task_group.py took 0.107 seconds
[2022-06-17 17:18:58,718] {processor.py:153} INFO - Started process (PID=138350) to work on /home/uiliam/sandbox/lib/python3.9/site-packages/airflow/example_dags/example_task_group.py
[2022-06-17 17:18:58,719] {processor.py:641} INFO - Processing file /home/uiliam/sandbox/lib/python3.9/site-packages/airflow/example_dags/example_task_group.py for tasks to queue
[2022-06-17 17:18:58,720] {logging_mixin.py:115} INFO - [2022-06-17 17:18:58,720] {dagbag.py:507} INFO - Filling up the DagBag from /home/uiliam/sandbox/lib/python3.9/site-packages/airflow/example_dags/example_task_group.py
[2022-06-17 17:18:58,729] {processor.py:651} INFO - DAG(s) dict_keys(['example_task_group']) retrieved from /home/uiliam/sandbox/lib/python3.9/site-packages/airflow/example_dags/example_task_group.py
[2022-06-17 17:18:58,768] {logging_mixin.py:115} INFO - [2022-06-17 17:18:58,768] {dag.py:2379} INFO - Sync 1 DAGs
[2022-06-17 17:18:58,816] {logging_mixin.py:115} INFO - [2022-06-17 17:18:58,816] {dag.py:2927} INFO - Setting next_dagrun for example_task_group to 2022-06-16T20:18:58.815725+00:00, run_after=2022-06-17T20:18:58.815725+00:00
[2022-06-17 17:18:58,838] {processor.py:161} INFO - Processing /home/uiliam/sandbox/lib/python3.9/site-packages/airflow/example_dags/example_task_group.py took 0.124 seconds
[2022-06-17 17:19:29,738] {processor.py:153} INFO - Started process (PID=138618) to work on /home/uiliam/sandbox/lib/python3.9/site-packages/airflow/example_dags/example_task_group.py
[2022-06-17 17:19:29,739] {processor.py:641} INFO - Processing file /home/uiliam/sandbox/lib/python3.9/site-packages/airflow/example_dags/example_task_group.py for tasks to queue
[2022-06-17 17:19:29,740] {logging_mixin.py:115} INFO - [2022-06-17 17:19:29,740] {dagbag.py:507} INFO - Filling up the DagBag from /home/uiliam/sandbox/lib/python3.9/site-packages/airflow/example_dags/example_task_group.py
[2022-06-17 17:19:29,750] {processor.py:651} INFO - DAG(s) dict_keys(['example_task_group']) retrieved from /home/uiliam/sandbox/lib/python3.9/site-packages/airflow/example_dags/example_task_group.py
[2022-06-17 17:19:29,789] {logging_mixin.py:115} INFO - [2022-06-17 17:19:29,788] {dag.py:2379} INFO - Sync 1 DAGs
[2022-06-17 17:19:29,825] {logging_mixin.py:115} INFO - [2022-06-17 17:19:29,825] {dag.py:2927} INFO - Setting next_dagrun for example_task_group to 2022-06-16T20:19:29.825217+00:00, run_after=2022-06-17T20:19:29.825217+00:00
[2022-06-17 17:19:29,847] {processor.py:161} INFO - Processing /home/uiliam/sandbox/lib/python3.9/site-packages/airflow/example_dags/example_task_group.py took 0.113 seconds
[2022-06-17 17:20:00,670] {processor.py:153} INFO - Started process (PID=138870) to work on /home/uiliam/sandbox/lib/python3.9/site-packages/airflow/example_dags/example_task_group.py
[2022-06-17 17:20:00,671] {processor.py:641} INFO - Processing file /home/uiliam/sandbox/lib/python3.9/site-packages/airflow/example_dags/example_task_group.py for tasks to queue
[2022-06-17 17:20:00,672] {logging_mixin.py:115} INFO - [2022-06-17 17:20:00,672] {dagbag.py:507} INFO - Filling up the DagBag from /home/uiliam/sandbox/lib/python3.9/site-packages/airflow/example_dags/example_task_group.py
[2022-06-17 17:20:00,683] {processor.py:651} INFO - DAG(s) dict_keys(['example_task_group']) retrieved from /home/uiliam/sandbox/lib/python3.9/site-packages/airflow/example_dags/example_task_group.py
[2022-06-17 17:20:00,718] {logging_mixin.py:115} INFO - [2022-06-17 17:20:00,718] {dag.py:2379} INFO - Sync 1 DAGs
[2022-06-17 17:20:00,758] {logging_mixin.py:115} INFO - [2022-06-17 17:20:00,758] {dag.py:2927} INFO - Setting next_dagrun for example_task_group to 2022-06-16T20:20:00.758015+00:00, run_after=2022-06-17T20:20:00.758015+00:00
[2022-06-17 17:20:00,778] {processor.py:161} INFO - Processing /home/uiliam/sandbox/lib/python3.9/site-packages/airflow/example_dags/example_task_group.py took 0.113 seconds
[2022-06-17 17:20:31,904] {processor.py:153} INFO - Started process (PID=139191) to work on /home/uiliam/sandbox/lib/python3.9/site-packages/airflow/example_dags/example_task_group.py
[2022-06-17 17:20:31,904] {processor.py:641} INFO - Processing file /home/uiliam/sandbox/lib/python3.9/site-packages/airflow/example_dags/example_task_group.py for tasks to queue
[2022-06-17 17:20:31,905] {logging_mixin.py:115} INFO - [2022-06-17 17:20:31,905] {dagbag.py:507} INFO - Filling up the DagBag from /home/uiliam/sandbox/lib/python3.9/site-packages/airflow/example_dags/example_task_group.py
[2022-06-17 17:20:31,914] {processor.py:651} INFO - DAG(s) dict_keys(['example_task_group']) retrieved from /home/uiliam/sandbox/lib/python3.9/site-packages/airflow/example_dags/example_task_group.py
[2022-06-17 17:20:31,950] {logging_mixin.py:115} INFO - [2022-06-17 17:20:31,950] {dag.py:2379} INFO - Sync 1 DAGs
[2022-06-17 17:20:31,986] {logging_mixin.py:115} INFO - [2022-06-17 17:20:31,986] {dag.py:2927} INFO - Setting next_dagrun for example_task_group to 2022-06-16T20:20:31.986169+00:00, run_after=2022-06-17T20:20:31.986169+00:00
[2022-06-17 17:20:32,004] {processor.py:161} INFO - Processing /home/uiliam/sandbox/lib/python3.9/site-packages/airflow/example_dags/example_task_group.py took 0.105 seconds
[2022-06-17 17:21:02,892] {processor.py:153} INFO - Started process (PID=139402) to work on /home/uiliam/sandbox/lib/python3.9/site-packages/airflow/example_dags/example_task_group.py
[2022-06-17 17:21:02,893] {processor.py:641} INFO - Processing file /home/uiliam/sandbox/lib/python3.9/site-packages/airflow/example_dags/example_task_group.py for tasks to queue
[2022-06-17 17:21:02,894] {logging_mixin.py:115} INFO - [2022-06-17 17:21:02,894] {dagbag.py:507} INFO - Filling up the DagBag from /home/uiliam/sandbox/lib/python3.9/site-packages/airflow/example_dags/example_task_group.py
[2022-06-17 17:21:02,905] {processor.py:651} INFO - DAG(s) dict_keys(['example_task_group']) retrieved from /home/uiliam/sandbox/lib/python3.9/site-packages/airflow/example_dags/example_task_group.py
[2022-06-17 17:21:02,938] {logging_mixin.py:115} INFO - [2022-06-17 17:21:02,938] {dag.py:2379} INFO - Sync 1 DAGs
[2022-06-17 17:21:02,973] {logging_mixin.py:115} INFO - [2022-06-17 17:21:02,973] {dag.py:2927} INFO - Setting next_dagrun for example_task_group to 2022-06-16T20:21:02.972647+00:00, run_after=2022-06-17T20:21:02.972647+00:00
[2022-06-17 17:21:02,991] {processor.py:161} INFO - Processing /home/uiliam/sandbox/lib/python3.9/site-packages/airflow/example_dags/example_task_group.py took 0.104 seconds
[2022-06-17 17:21:33,950] {processor.py:153} INFO - Started process (PID=139653) to work on /home/uiliam/sandbox/lib/python3.9/site-packages/airflow/example_dags/example_task_group.py
[2022-06-17 17:21:33,951] {processor.py:641} INFO - Processing file /home/uiliam/sandbox/lib/python3.9/site-packages/airflow/example_dags/example_task_group.py for tasks to queue
[2022-06-17 17:21:33,952] {logging_mixin.py:115} INFO - [2022-06-17 17:21:33,952] {dagbag.py:507} INFO - Filling up the DagBag from /home/uiliam/sandbox/lib/python3.9/site-packages/airflow/example_dags/example_task_group.py
[2022-06-17 17:21:33,960] {processor.py:651} INFO - DAG(s) dict_keys(['example_task_group']) retrieved from /home/uiliam/sandbox/lib/python3.9/site-packages/airflow/example_dags/example_task_group.py
[2022-06-17 17:21:33,996] {logging_mixin.py:115} INFO - [2022-06-17 17:21:33,996] {dag.py:2379} INFO - Sync 1 DAGs
[2022-06-17 17:21:34,032] {logging_mixin.py:115} INFO - [2022-06-17 17:21:34,032] {dag.py:2927} INFO - Setting next_dagrun for example_task_group to 2022-06-16T20:21:34.032035+00:00, run_after=2022-06-17T20:21:34.032035+00:00
[2022-06-17 17:21:34,053] {processor.py:161} INFO - Processing /home/uiliam/sandbox/lib/python3.9/site-packages/airflow/example_dags/example_task_group.py took 0.108 seconds
[2022-06-17 17:22:04,989] {processor.py:153} INFO - Started process (PID=139905) to work on /home/uiliam/sandbox/lib/python3.9/site-packages/airflow/example_dags/example_task_group.py
[2022-06-17 17:22:04,990] {processor.py:641} INFO - Processing file /home/uiliam/sandbox/lib/python3.9/site-packages/airflow/example_dags/example_task_group.py for tasks to queue
[2022-06-17 17:22:04,991] {logging_mixin.py:115} INFO - [2022-06-17 17:22:04,990] {dagbag.py:507} INFO - Filling up the DagBag from /home/uiliam/sandbox/lib/python3.9/site-packages/airflow/example_dags/example_task_group.py
[2022-06-17 17:22:05,000] {processor.py:651} INFO - DAG(s) dict_keys(['example_task_group']) retrieved from /home/uiliam/sandbox/lib/python3.9/site-packages/airflow/example_dags/example_task_group.py
[2022-06-17 17:22:05,034] {logging_mixin.py:115} INFO - [2022-06-17 17:22:05,034] {dag.py:2379} INFO - Sync 1 DAGs
[2022-06-17 17:22:05,074] {logging_mixin.py:115} INFO - [2022-06-17 17:22:05,074] {dag.py:2927} INFO - Setting next_dagrun for example_task_group to 2022-06-16T20:22:05.074127+00:00, run_after=2022-06-17T20:22:05.074127+00:00
[2022-06-17 17:22:05,093] {processor.py:161} INFO - Processing /home/uiliam/sandbox/lib/python3.9/site-packages/airflow/example_dags/example_task_group.py took 0.108 seconds
[2022-06-17 17:22:36,050] {processor.py:153} INFO - Started process (PID=140166) to work on /home/uiliam/sandbox/lib/python3.9/site-packages/airflow/example_dags/example_task_group.py
[2022-06-17 17:22:36,050] {processor.py:641} INFO - Processing file /home/uiliam/sandbox/lib/python3.9/site-packages/airflow/example_dags/example_task_group.py for tasks to queue
[2022-06-17 17:22:36,051] {logging_mixin.py:115} INFO - [2022-06-17 17:22:36,051] {dagbag.py:507} INFO - Filling up the DagBag from /home/uiliam/sandbox/lib/python3.9/site-packages/airflow/example_dags/example_task_group.py
[2022-06-17 17:22:36,060] {processor.py:651} INFO - DAG(s) dict_keys(['example_task_group']) retrieved from /home/uiliam/sandbox/lib/python3.9/site-packages/airflow/example_dags/example_task_group.py
[2022-06-17 17:22:36,091] {logging_mixin.py:115} INFO - [2022-06-17 17:22:36,091] {dag.py:2379} INFO - Sync 1 DAGs
[2022-06-17 17:22:36,126] {logging_mixin.py:115} INFO - [2022-06-17 17:22:36,126] {dag.py:2927} INFO - Setting next_dagrun for example_task_group to 2022-06-16T20:22:36.126063+00:00, run_after=2022-06-17T20:22:36.126063+00:00
[2022-06-17 17:22:36,144] {processor.py:161} INFO - Processing /home/uiliam/sandbox/lib/python3.9/site-packages/airflow/example_dags/example_task_group.py took 0.100 seconds
[2022-06-17 17:23:07,244] {processor.py:153} INFO - Started process (PID=140401) to work on /home/uiliam/sandbox/lib/python3.9/site-packages/airflow/example_dags/example_task_group.py
[2022-06-17 17:23:07,245] {processor.py:641} INFO - Processing file /home/uiliam/sandbox/lib/python3.9/site-packages/airflow/example_dags/example_task_group.py for tasks to queue
[2022-06-17 17:23:07,245] {logging_mixin.py:115} INFO - [2022-06-17 17:23:07,245] {dagbag.py:507} INFO - Filling up the DagBag from /home/uiliam/sandbox/lib/python3.9/site-packages/airflow/example_dags/example_task_group.py
[2022-06-17 17:23:07,255] {processor.py:651} INFO - DAG(s) dict_keys(['example_task_group']) retrieved from /home/uiliam/sandbox/lib/python3.9/site-packages/airflow/example_dags/example_task_group.py
[2022-06-17 17:23:07,289] {logging_mixin.py:115} INFO - [2022-06-17 17:23:07,288] {dag.py:2379} INFO - Sync 1 DAGs
[2022-06-17 17:23:07,324] {logging_mixin.py:115} INFO - [2022-06-17 17:23:07,324] {dag.py:2927} INFO - Setting next_dagrun for example_task_group to 2022-06-16T20:23:07.323877+00:00, run_after=2022-06-17T20:23:07.323877+00:00
[2022-06-17 17:23:07,345] {processor.py:161} INFO - Processing /home/uiliam/sandbox/lib/python3.9/site-packages/airflow/example_dags/example_task_group.py took 0.106 seconds
[2022-06-17 17:23:38,485] {processor.py:153} INFO - Started process (PID=140645) to work on /home/uiliam/sandbox/lib/python3.9/site-packages/airflow/example_dags/example_task_group.py
[2022-06-17 17:23:38,485] {processor.py:641} INFO - Processing file /home/uiliam/sandbox/lib/python3.9/site-packages/airflow/example_dags/example_task_group.py for tasks to queue
[2022-06-17 17:23:38,486] {logging_mixin.py:115} INFO - [2022-06-17 17:23:38,486] {dagbag.py:507} INFO - Filling up the DagBag from /home/uiliam/sandbox/lib/python3.9/site-packages/airflow/example_dags/example_task_group.py
[2022-06-17 17:23:38,497] {processor.py:651} INFO - DAG(s) dict_keys(['example_task_group']) retrieved from /home/uiliam/sandbox/lib/python3.9/site-packages/airflow/example_dags/example_task_group.py
[2022-06-17 17:23:38,534] {logging_mixin.py:115} INFO - [2022-06-17 17:23:38,533] {dag.py:2379} INFO - Sync 1 DAGs
[2022-06-17 17:23:38,579] {logging_mixin.py:115} INFO - [2022-06-17 17:23:38,579] {dag.py:2927} INFO - Setting next_dagrun for example_task_group to 2022-06-16T20:23:38.578419+00:00, run_after=2022-06-17T20:23:38.578419+00:00
[2022-06-17 17:23:38,607] {processor.py:161} INFO - Processing /home/uiliam/sandbox/lib/python3.9/site-packages/airflow/example_dags/example_task_group.py took 0.127 seconds
[2022-06-17 17:24:09,686] {processor.py:153} INFO - Started process (PID=140797) to work on /home/uiliam/sandbox/lib/python3.9/site-packages/airflow/example_dags/example_task_group.py
[2022-06-17 17:24:09,687] {processor.py:641} INFO - Processing file /home/uiliam/sandbox/lib/python3.9/site-packages/airflow/example_dags/example_task_group.py for tasks to queue
[2022-06-17 17:24:09,688] {logging_mixin.py:115} INFO - [2022-06-17 17:24:09,688] {dagbag.py:507} INFO - Filling up the DagBag from /home/uiliam/sandbox/lib/python3.9/site-packages/airflow/example_dags/example_task_group.py
[2022-06-17 17:24:09,699] {processor.py:651} INFO - DAG(s) dict_keys(['example_task_group']) retrieved from /home/uiliam/sandbox/lib/python3.9/site-packages/airflow/example_dags/example_task_group.py
[2022-06-17 17:24:09,738] {logging_mixin.py:115} INFO - [2022-06-17 17:24:09,738] {dag.py:2379} INFO - Sync 1 DAGs
[2022-06-17 17:24:09,781] {logging_mixin.py:115} INFO - [2022-06-17 17:24:09,781] {dag.py:2927} INFO - Setting next_dagrun for example_task_group to 2022-06-16T20:24:09.780903+00:00, run_after=2022-06-17T20:24:09.780903+00:00
[2022-06-17 17:24:09,804] {processor.py:161} INFO - Processing /home/uiliam/sandbox/lib/python3.9/site-packages/airflow/example_dags/example_task_group.py took 0.124 seconds
[2022-06-17 17:24:40,966] {processor.py:153} INFO - Started process (PID=141123) to work on /home/uiliam/sandbox/lib/python3.9/site-packages/airflow/example_dags/example_task_group.py
[2022-06-17 17:24:40,966] {processor.py:641} INFO - Processing file /home/uiliam/sandbox/lib/python3.9/site-packages/airflow/example_dags/example_task_group.py for tasks to queue
[2022-06-17 17:24:40,967] {logging_mixin.py:115} INFO - [2022-06-17 17:24:40,967] {dagbag.py:507} INFO - Filling up the DagBag from /home/uiliam/sandbox/lib/python3.9/site-packages/airflow/example_dags/example_task_group.py
[2022-06-17 17:24:40,976] {processor.py:651} INFO - DAG(s) dict_keys(['example_task_group']) retrieved from /home/uiliam/sandbox/lib/python3.9/site-packages/airflow/example_dags/example_task_group.py
[2022-06-17 17:24:41,010] {logging_mixin.py:115} INFO - [2022-06-17 17:24:41,010] {dag.py:2379} INFO - Sync 1 DAGs
[2022-06-17 17:24:41,049] {logging_mixin.py:115} INFO - [2022-06-17 17:24:41,049] {dag.py:2927} INFO - Setting next_dagrun for example_task_group to 2022-06-16T20:24:41.048938+00:00, run_after=2022-06-17T20:24:41.048938+00:00
[2022-06-17 17:24:41,070] {processor.py:161} INFO - Processing /home/uiliam/sandbox/lib/python3.9/site-packages/airflow/example_dags/example_task_group.py took 0.109 seconds
[2022-06-17 17:25:12,266] {processor.py:153} INFO - Started process (PID=141311) to work on /home/uiliam/sandbox/lib/python3.9/site-packages/airflow/example_dags/example_task_group.py
[2022-06-17 17:25:12,267] {processor.py:641} INFO - Processing file /home/uiliam/sandbox/lib/python3.9/site-packages/airflow/example_dags/example_task_group.py for tasks to queue
[2022-06-17 17:25:12,267] {logging_mixin.py:115} INFO - [2022-06-17 17:25:12,267] {dagbag.py:507} INFO - Filling up the DagBag from /home/uiliam/sandbox/lib/python3.9/site-packages/airflow/example_dags/example_task_group.py
[2022-06-17 17:25:12,277] {processor.py:651} INFO - DAG(s) dict_keys(['example_task_group']) retrieved from /home/uiliam/sandbox/lib/python3.9/site-packages/airflow/example_dags/example_task_group.py
[2022-06-17 17:25:12,308] {logging_mixin.py:115} INFO - [2022-06-17 17:25:12,308] {dag.py:2379} INFO - Sync 1 DAGs
[2022-06-17 17:25:12,347] {logging_mixin.py:115} INFO - [2022-06-17 17:25:12,347] {dag.py:2927} INFO - Setting next_dagrun for example_task_group to 2022-06-16T20:25:12.347086+00:00, run_after=2022-06-17T20:25:12.347086+00:00
[2022-06-17 17:25:12,369] {processor.py:161} INFO - Processing /home/uiliam/sandbox/lib/python3.9/site-packages/airflow/example_dags/example_task_group.py took 0.108 seconds
[2022-06-17 17:25:43,552] {processor.py:153} INFO - Started process (PID=141512) to work on /home/uiliam/sandbox/lib/python3.9/site-packages/airflow/example_dags/example_task_group.py
[2022-06-17 17:25:43,553] {processor.py:641} INFO - Processing file /home/uiliam/sandbox/lib/python3.9/site-packages/airflow/example_dags/example_task_group.py for tasks to queue
[2022-06-17 17:25:43,554] {logging_mixin.py:115} INFO - [2022-06-17 17:25:43,554] {dagbag.py:507} INFO - Filling up the DagBag from /home/uiliam/sandbox/lib/python3.9/site-packages/airflow/example_dags/example_task_group.py
[2022-06-17 17:25:43,568] {processor.py:651} INFO - DAG(s) dict_keys(['example_task_group']) retrieved from /home/uiliam/sandbox/lib/python3.9/site-packages/airflow/example_dags/example_task_group.py
[2022-06-17 17:25:43,604] {logging_mixin.py:115} INFO - [2022-06-17 17:25:43,604] {dag.py:2379} INFO - Sync 1 DAGs
[2022-06-17 17:25:43,644] {logging_mixin.py:115} INFO - [2022-06-17 17:25:43,644] {dag.py:2927} INFO - Setting next_dagrun for example_task_group to 2022-06-16T20:25:43.644008+00:00, run_after=2022-06-17T20:25:43.644008+00:00
[2022-06-17 17:25:43,672] {processor.py:161} INFO - Processing /home/uiliam/sandbox/lib/python3.9/site-packages/airflow/example_dags/example_task_group.py took 0.125 seconds
[2022-06-17 17:26:14,759] {processor.py:153} INFO - Started process (PID=141713) to work on /home/uiliam/sandbox/lib/python3.9/site-packages/airflow/example_dags/example_task_group.py
[2022-06-17 17:26:14,760] {processor.py:641} INFO - Processing file /home/uiliam/sandbox/lib/python3.9/site-packages/airflow/example_dags/example_task_group.py for tasks to queue
[2022-06-17 17:26:14,760] {logging_mixin.py:115} INFO - [2022-06-17 17:26:14,760] {dagbag.py:507} INFO - Filling up the DagBag from /home/uiliam/sandbox/lib/python3.9/site-packages/airflow/example_dags/example_task_group.py
[2022-06-17 17:26:14,768] {processor.py:651} INFO - DAG(s) dict_keys(['example_task_group']) retrieved from /home/uiliam/sandbox/lib/python3.9/site-packages/airflow/example_dags/example_task_group.py
[2022-06-17 17:26:14,800] {logging_mixin.py:115} INFO - [2022-06-17 17:26:14,800] {dag.py:2379} INFO - Sync 1 DAGs
[2022-06-17 17:26:14,838] {logging_mixin.py:115} INFO - [2022-06-17 17:26:14,838] {dag.py:2927} INFO - Setting next_dagrun for example_task_group to 2022-06-16T20:26:14.837862+00:00, run_after=2022-06-17T20:26:14.837862+00:00
[2022-06-17 17:26:14,860] {processor.py:161} INFO - Processing /home/uiliam/sandbox/lib/python3.9/site-packages/airflow/example_dags/example_task_group.py took 0.105 seconds
[2022-06-17 17:26:45,809] {processor.py:153} INFO - Started process (PID=141887) to work on /home/uiliam/sandbox/lib/python3.9/site-packages/airflow/example_dags/example_task_group.py
[2022-06-17 17:26:45,809] {processor.py:641} INFO - Processing file /home/uiliam/sandbox/lib/python3.9/site-packages/airflow/example_dags/example_task_group.py for tasks to queue
[2022-06-17 17:26:45,810] {logging_mixin.py:115} INFO - [2022-06-17 17:26:45,810] {dagbag.py:507} INFO - Filling up the DagBag from /home/uiliam/sandbox/lib/python3.9/site-packages/airflow/example_dags/example_task_group.py
[2022-06-17 17:26:45,821] {processor.py:651} INFO - DAG(s) dict_keys(['example_task_group']) retrieved from /home/uiliam/sandbox/lib/python3.9/site-packages/airflow/example_dags/example_task_group.py
[2022-06-17 17:26:45,858] {logging_mixin.py:115} INFO - [2022-06-17 17:26:45,858] {dag.py:2379} INFO - Sync 1 DAGs
[2022-06-17 17:26:45,892] {logging_mixin.py:115} INFO - [2022-06-17 17:26:45,892] {dag.py:2927} INFO - Setting next_dagrun for example_task_group to 2022-06-16T20:26:45.891571+00:00, run_after=2022-06-17T20:26:45.891571+00:00
[2022-06-17 17:26:45,911] {processor.py:161} INFO - Processing /home/uiliam/sandbox/lib/python3.9/site-packages/airflow/example_dags/example_task_group.py took 0.108 seconds
[2022-06-17 17:27:17,013] {processor.py:153} INFO - Started process (PID=142060) to work on /home/uiliam/sandbox/lib/python3.9/site-packages/airflow/example_dags/example_task_group.py
[2022-06-17 17:27:17,014] {processor.py:641} INFO - Processing file /home/uiliam/sandbox/lib/python3.9/site-packages/airflow/example_dags/example_task_group.py for tasks to queue
[2022-06-17 17:27:17,015] {logging_mixin.py:115} INFO - [2022-06-17 17:27:17,015] {dagbag.py:507} INFO - Filling up the DagBag from /home/uiliam/sandbox/lib/python3.9/site-packages/airflow/example_dags/example_task_group.py
[2022-06-17 17:27:17,026] {processor.py:651} INFO - DAG(s) dict_keys(['example_task_group']) retrieved from /home/uiliam/sandbox/lib/python3.9/site-packages/airflow/example_dags/example_task_group.py
[2022-06-17 17:27:17,064] {logging_mixin.py:115} INFO - [2022-06-17 17:27:17,064] {dag.py:2379} INFO - Sync 1 DAGs
[2022-06-17 17:27:17,112] {logging_mixin.py:115} INFO - [2022-06-17 17:27:17,112] {dag.py:2927} INFO - Setting next_dagrun for example_task_group to 2022-06-16T20:27:17.111670+00:00, run_after=2022-06-17T20:27:17.111670+00:00
[2022-06-17 17:27:17,134] {processor.py:161} INFO - Processing /home/uiliam/sandbox/lib/python3.9/site-packages/airflow/example_dags/example_task_group.py took 0.126 seconds
[2022-06-17 17:27:48,036] {processor.py:153} INFO - Started process (PID=142288) to work on /home/uiliam/sandbox/lib/python3.9/site-packages/airflow/example_dags/example_task_group.py
[2022-06-17 17:27:48,037] {processor.py:641} INFO - Processing file /home/uiliam/sandbox/lib/python3.9/site-packages/airflow/example_dags/example_task_group.py for tasks to queue
[2022-06-17 17:27:48,037] {logging_mixin.py:115} INFO - [2022-06-17 17:27:48,037] {dagbag.py:507} INFO - Filling up the DagBag from /home/uiliam/sandbox/lib/python3.9/site-packages/airflow/example_dags/example_task_group.py
[2022-06-17 17:27:48,045] {processor.py:651} INFO - DAG(s) dict_keys(['example_task_group']) retrieved from /home/uiliam/sandbox/lib/python3.9/site-packages/airflow/example_dags/example_task_group.py
[2022-06-17 17:27:48,079] {logging_mixin.py:115} INFO - [2022-06-17 17:27:48,079] {dag.py:2379} INFO - Sync 1 DAGs
[2022-06-17 17:27:48,128] {logging_mixin.py:115} INFO - [2022-06-17 17:27:48,128] {dag.py:2927} INFO - Setting next_dagrun for example_task_group to 2022-06-16T20:27:48.128152+00:00, run_after=2022-06-17T20:27:48.128152+00:00
[2022-06-17 17:27:48,152] {processor.py:161} INFO - Processing /home/uiliam/sandbox/lib/python3.9/site-packages/airflow/example_dags/example_task_group.py took 0.120 seconds
[2022-06-17 17:28:18,971] {processor.py:153} INFO - Started process (PID=142548) to work on /home/uiliam/sandbox/lib/python3.9/site-packages/airflow/example_dags/example_task_group.py
[2022-06-17 17:28:18,971] {processor.py:641} INFO - Processing file /home/uiliam/sandbox/lib/python3.9/site-packages/airflow/example_dags/example_task_group.py for tasks to queue
[2022-06-17 17:28:18,972] {logging_mixin.py:115} INFO - [2022-06-17 17:28:18,972] {dagbag.py:507} INFO - Filling up the DagBag from /home/uiliam/sandbox/lib/python3.9/site-packages/airflow/example_dags/example_task_group.py
[2022-06-17 17:28:18,980] {processor.py:651} INFO - DAG(s) dict_keys(['example_task_group']) retrieved from /home/uiliam/sandbox/lib/python3.9/site-packages/airflow/example_dags/example_task_group.py
[2022-06-17 17:28:19,018] {logging_mixin.py:115} INFO - [2022-06-17 17:28:19,017] {dag.py:2379} INFO - Sync 1 DAGs
[2022-06-17 17:28:19,057] {logging_mixin.py:115} INFO - [2022-06-17 17:28:19,057] {dag.py:2927} INFO - Setting next_dagrun for example_task_group to 2022-06-16T20:28:19.056669+00:00, run_after=2022-06-17T20:28:19.056669+00:00
[2022-06-17 17:28:19,075] {processor.py:161} INFO - Processing /home/uiliam/sandbox/lib/python3.9/site-packages/airflow/example_dags/example_task_group.py took 0.109 seconds
[2022-06-17 17:28:50,199] {processor.py:153} INFO - Started process (PID=142751) to work on /home/uiliam/sandbox/lib/python3.9/site-packages/airflow/example_dags/example_task_group.py
[2022-06-17 17:28:50,199] {processor.py:641} INFO - Processing file /home/uiliam/sandbox/lib/python3.9/site-packages/airflow/example_dags/example_task_group.py for tasks to queue
[2022-06-17 17:28:50,200] {logging_mixin.py:115} INFO - [2022-06-17 17:28:50,200] {dagbag.py:507} INFO - Filling up the DagBag from /home/uiliam/sandbox/lib/python3.9/site-packages/airflow/example_dags/example_task_group.py
[2022-06-17 17:28:50,210] {processor.py:651} INFO - DAG(s) dict_keys(['example_task_group']) retrieved from /home/uiliam/sandbox/lib/python3.9/site-packages/airflow/example_dags/example_task_group.py
[2022-06-17 17:28:50,248] {logging_mixin.py:115} INFO - [2022-06-17 17:28:50,248] {dag.py:2379} INFO - Sync 1 DAGs
[2022-06-17 17:28:50,298] {logging_mixin.py:115} INFO - [2022-06-17 17:28:50,298] {dag.py:2927} INFO - Setting next_dagrun for example_task_group to 2022-06-16T20:28:50.297839+00:00, run_after=2022-06-17T20:28:50.297839+00:00
[2022-06-17 17:28:50,319] {processor.py:161} INFO - Processing /home/uiliam/sandbox/lib/python3.9/site-packages/airflow/example_dags/example_task_group.py took 0.126 seconds
[2022-06-17 17:29:21,389] {processor.py:153} INFO - Started process (PID=142954) to work on /home/uiliam/sandbox/lib/python3.9/site-packages/airflow/example_dags/example_task_group.py
[2022-06-17 17:29:21,390] {processor.py:641} INFO - Processing file /home/uiliam/sandbox/lib/python3.9/site-packages/airflow/example_dags/example_task_group.py for tasks to queue
[2022-06-17 17:29:21,391] {logging_mixin.py:115} INFO - [2022-06-17 17:29:21,390] {dagbag.py:507} INFO - Filling up the DagBag from /home/uiliam/sandbox/lib/python3.9/site-packages/airflow/example_dags/example_task_group.py
[2022-06-17 17:29:21,400] {processor.py:651} INFO - DAG(s) dict_keys(['example_task_group']) retrieved from /home/uiliam/sandbox/lib/python3.9/site-packages/airflow/example_dags/example_task_group.py
[2022-06-17 17:29:21,435] {logging_mixin.py:115} INFO - [2022-06-17 17:29:21,435] {dag.py:2379} INFO - Sync 1 DAGs
[2022-06-17 17:29:21,474] {logging_mixin.py:115} INFO - [2022-06-17 17:29:21,473] {dag.py:2927} INFO - Setting next_dagrun for example_task_group to 2022-06-16T20:29:21.473537+00:00, run_after=2022-06-17T20:29:21.473537+00:00
[2022-06-17 17:29:21,491] {processor.py:161} INFO - Processing /home/uiliam/sandbox/lib/python3.9/site-packages/airflow/example_dags/example_task_group.py took 0.108 seconds
[2022-06-17 17:29:52,378] {processor.py:153} INFO - Started process (PID=143165) to work on /home/uiliam/sandbox/lib/python3.9/site-packages/airflow/example_dags/example_task_group.py
[2022-06-17 17:29:52,378] {processor.py:641} INFO - Processing file /home/uiliam/sandbox/lib/python3.9/site-packages/airflow/example_dags/example_task_group.py for tasks to queue
[2022-06-17 17:29:52,379] {logging_mixin.py:115} INFO - [2022-06-17 17:29:52,379] {dagbag.py:507} INFO - Filling up the DagBag from /home/uiliam/sandbox/lib/python3.9/site-packages/airflow/example_dags/example_task_group.py
[2022-06-17 17:29:52,389] {processor.py:651} INFO - DAG(s) dict_keys(['example_task_group']) retrieved from /home/uiliam/sandbox/lib/python3.9/site-packages/airflow/example_dags/example_task_group.py
[2022-06-17 17:29:52,423] {logging_mixin.py:115} INFO - [2022-06-17 17:29:52,423] {dag.py:2379} INFO - Sync 1 DAGs
[2022-06-17 17:29:52,462] {logging_mixin.py:115} INFO - [2022-06-17 17:29:52,462] {dag.py:2927} INFO - Setting next_dagrun for example_task_group to 2022-06-16T20:29:52.461708+00:00, run_after=2022-06-17T20:29:52.461708+00:00
[2022-06-17 17:29:52,481] {processor.py:161} INFO - Processing /home/uiliam/sandbox/lib/python3.9/site-packages/airflow/example_dags/example_task_group.py took 0.108 seconds
[2022-06-17 17:30:23,397] {processor.py:153} INFO - Started process (PID=143314) to work on /home/uiliam/sandbox/lib/python3.9/site-packages/airflow/example_dags/example_task_group.py
[2022-06-17 17:30:23,398] {processor.py:641} INFO - Processing file /home/uiliam/sandbox/lib/python3.9/site-packages/airflow/example_dags/example_task_group.py for tasks to queue
[2022-06-17 17:30:23,399] {logging_mixin.py:115} INFO - [2022-06-17 17:30:23,399] {dagbag.py:507} INFO - Filling up the DagBag from /home/uiliam/sandbox/lib/python3.9/site-packages/airflow/example_dags/example_task_group.py
[2022-06-17 17:30:23,409] {processor.py:651} INFO - DAG(s) dict_keys(['example_task_group']) retrieved from /home/uiliam/sandbox/lib/python3.9/site-packages/airflow/example_dags/example_task_group.py
[2022-06-17 17:30:23,444] {logging_mixin.py:115} INFO - [2022-06-17 17:30:23,443] {dag.py:2379} INFO - Sync 1 DAGs
[2022-06-17 17:30:23,482] {logging_mixin.py:115} INFO - [2022-06-17 17:30:23,482] {dag.py:2927} INFO - Setting next_dagrun for example_task_group to 2022-06-16T20:30:23.482211+00:00, run_after=2022-06-17T20:30:23.482211+00:00
[2022-06-17 17:30:23,502] {processor.py:161} INFO - Processing /home/uiliam/sandbox/lib/python3.9/site-packages/airflow/example_dags/example_task_group.py took 0.109 seconds
[2022-06-17 17:30:54,519] {processor.py:153} INFO - Started process (PID=143482) to work on /home/uiliam/sandbox/lib/python3.9/site-packages/airflow/example_dags/example_task_group.py
[2022-06-17 17:30:54,520] {processor.py:641} INFO - Processing file /home/uiliam/sandbox/lib/python3.9/site-packages/airflow/example_dags/example_task_group.py for tasks to queue
[2022-06-17 17:30:54,520] {logging_mixin.py:115} INFO - [2022-06-17 17:30:54,520] {dagbag.py:507} INFO - Filling up the DagBag from /home/uiliam/sandbox/lib/python3.9/site-packages/airflow/example_dags/example_task_group.py
[2022-06-17 17:30:54,528] {processor.py:651} INFO - DAG(s) dict_keys(['example_task_group']) retrieved from /home/uiliam/sandbox/lib/python3.9/site-packages/airflow/example_dags/example_task_group.py
[2022-06-17 17:30:54,560] {logging_mixin.py:115} INFO - [2022-06-17 17:30:54,560] {dag.py:2379} INFO - Sync 1 DAGs
[2022-06-17 17:30:54,598] {logging_mixin.py:115} INFO - [2022-06-17 17:30:54,598] {dag.py:2927} INFO - Setting next_dagrun for example_task_group to 2022-06-16T20:30:54.598230+00:00, run_after=2022-06-17T20:30:54.598230+00:00
[2022-06-17 17:30:54,617] {processor.py:161} INFO - Processing /home/uiliam/sandbox/lib/python3.9/site-packages/airflow/example_dags/example_task_group.py took 0.102 seconds
[2022-06-17 17:31:26,188] {processor.py:153} INFO - Started process (PID=143762) to work on /home/uiliam/sandbox/lib/python3.9/site-packages/airflow/example_dags/example_task_group.py
[2022-06-17 17:31:26,189] {processor.py:641} INFO - Processing file /home/uiliam/sandbox/lib/python3.9/site-packages/airflow/example_dags/example_task_group.py for tasks to queue
[2022-06-17 17:31:26,190] {logging_mixin.py:115} INFO - [2022-06-17 17:31:26,190] {dagbag.py:507} INFO - Filling up the DagBag from /home/uiliam/sandbox/lib/python3.9/site-packages/airflow/example_dags/example_task_group.py
[2022-06-17 17:31:26,201] {processor.py:651} INFO - DAG(s) dict_keys(['example_task_group']) retrieved from /home/uiliam/sandbox/lib/python3.9/site-packages/airflow/example_dags/example_task_group.py
[2022-06-17 17:31:26,243] {logging_mixin.py:115} INFO - [2022-06-17 17:31:26,242] {dag.py:2379} INFO - Sync 1 DAGs
[2022-06-17 17:31:26,288] {logging_mixin.py:115} INFO - [2022-06-17 17:31:26,287] {dag.py:2927} INFO - Setting next_dagrun for example_task_group to 2022-06-16T20:31:26.286970+00:00, run_after=2022-06-17T20:31:26.286970+00:00
[2022-06-17 17:31:26,313] {processor.py:161} INFO - Processing /home/uiliam/sandbox/lib/python3.9/site-packages/airflow/example_dags/example_task_group.py took 0.134 seconds
[2022-06-17 17:31:56,804] {processor.py:153} INFO - Started process (PID=143936) to work on /home/uiliam/sandbox/lib/python3.9/site-packages/airflow/example_dags/example_task_group.py
[2022-06-17 17:31:56,805] {processor.py:641} INFO - Processing file /home/uiliam/sandbox/lib/python3.9/site-packages/airflow/example_dags/example_task_group.py for tasks to queue
[2022-06-17 17:31:56,806] {logging_mixin.py:115} INFO - [2022-06-17 17:31:56,806] {dagbag.py:507} INFO - Filling up the DagBag from /home/uiliam/sandbox/lib/python3.9/site-packages/airflow/example_dags/example_task_group.py
[2022-06-17 17:31:56,820] {processor.py:651} INFO - DAG(s) dict_keys(['example_task_group']) retrieved from /home/uiliam/sandbox/lib/python3.9/site-packages/airflow/example_dags/example_task_group.py
[2022-06-17 17:31:56,861] {logging_mixin.py:115} INFO - [2022-06-17 17:31:56,861] {dag.py:2379} INFO - Sync 1 DAGs
[2022-06-17 17:31:56,903] {logging_mixin.py:115} INFO - [2022-06-17 17:31:56,903] {dag.py:2927} INFO - Setting next_dagrun for example_task_group to 2022-06-16T20:31:56.902781+00:00, run_after=2022-06-17T20:31:56.902781+00:00
[2022-06-17 17:31:56,929] {processor.py:161} INFO - Processing /home/uiliam/sandbox/lib/python3.9/site-packages/airflow/example_dags/example_task_group.py took 0.130 seconds
[2022-06-17 17:32:27,193] {processor.py:153} INFO - Started process (PID=144124) to work on /home/uiliam/sandbox/lib/python3.9/site-packages/airflow/example_dags/example_task_group.py
[2022-06-17 17:32:27,194] {processor.py:641} INFO - Processing file /home/uiliam/sandbox/lib/python3.9/site-packages/airflow/example_dags/example_task_group.py for tasks to queue
[2022-06-17 17:32:27,194] {logging_mixin.py:115} INFO - [2022-06-17 17:32:27,194] {dagbag.py:507} INFO - Filling up the DagBag from /home/uiliam/sandbox/lib/python3.9/site-packages/airflow/example_dags/example_task_group.py
[2022-06-17 17:32:27,204] {processor.py:651} INFO - DAG(s) dict_keys(['example_task_group']) retrieved from /home/uiliam/sandbox/lib/python3.9/site-packages/airflow/example_dags/example_task_group.py
[2022-06-17 17:32:27,238] {logging_mixin.py:115} INFO - [2022-06-17 17:32:27,238] {dag.py:2379} INFO - Sync 1 DAGs
[2022-06-17 17:32:27,274] {logging_mixin.py:115} INFO - [2022-06-17 17:32:27,274] {dag.py:2927} INFO - Setting next_dagrun for example_task_group to 2022-06-16T20:32:27.274088+00:00, run_after=2022-06-17T20:32:27.274088+00:00
[2022-06-17 17:32:27,296] {processor.py:161} INFO - Processing /home/uiliam/sandbox/lib/python3.9/site-packages/airflow/example_dags/example_task_group.py took 0.108 seconds
[2022-06-17 17:32:58,446] {processor.py:153} INFO - Started process (PID=144291) to work on /home/uiliam/sandbox/lib/python3.9/site-packages/airflow/example_dags/example_task_group.py
[2022-06-17 17:32:58,447] {processor.py:641} INFO - Processing file /home/uiliam/sandbox/lib/python3.9/site-packages/airflow/example_dags/example_task_group.py for tasks to queue
[2022-06-17 17:32:58,448] {logging_mixin.py:115} INFO - [2022-06-17 17:32:58,448] {dagbag.py:507} INFO - Filling up the DagBag from /home/uiliam/sandbox/lib/python3.9/site-packages/airflow/example_dags/example_task_group.py
[2022-06-17 17:32:58,461] {processor.py:651} INFO - DAG(s) dict_keys(['example_task_group']) retrieved from /home/uiliam/sandbox/lib/python3.9/site-packages/airflow/example_dags/example_task_group.py
[2022-06-17 17:32:58,498] {logging_mixin.py:115} INFO - [2022-06-17 17:32:58,497] {dag.py:2379} INFO - Sync 1 DAGs
[2022-06-17 17:32:58,537] {logging_mixin.py:115} INFO - [2022-06-17 17:32:58,537] {dag.py:2927} INFO - Setting next_dagrun for example_task_group to 2022-06-16T20:32:58.536841+00:00, run_after=2022-06-17T20:32:58.536841+00:00
[2022-06-17 17:32:58,561] {processor.py:161} INFO - Processing /home/uiliam/sandbox/lib/python3.9/site-packages/airflow/example_dags/example_task_group.py took 0.120 seconds
[2022-06-17 17:33:29,391] {processor.py:153} INFO - Started process (PID=144469) to work on /home/uiliam/sandbox/lib/python3.9/site-packages/airflow/example_dags/example_task_group.py
[2022-06-17 17:33:29,391] {processor.py:641} INFO - Processing file /home/uiliam/sandbox/lib/python3.9/site-packages/airflow/example_dags/example_task_group.py for tasks to queue
[2022-06-17 17:33:29,392] {logging_mixin.py:115} INFO - [2022-06-17 17:33:29,392] {dagbag.py:507} INFO - Filling up the DagBag from /home/uiliam/sandbox/lib/python3.9/site-packages/airflow/example_dags/example_task_group.py
[2022-06-17 17:33:29,402] {processor.py:651} INFO - DAG(s) dict_keys(['example_task_group']) retrieved from /home/uiliam/sandbox/lib/python3.9/site-packages/airflow/example_dags/example_task_group.py
[2022-06-17 17:33:29,437] {logging_mixin.py:115} INFO - [2022-06-17 17:33:29,437] {dag.py:2379} INFO - Sync 1 DAGs
[2022-06-17 17:33:29,476] {logging_mixin.py:115} INFO - [2022-06-17 17:33:29,476] {dag.py:2927} INFO - Setting next_dagrun for example_task_group to 2022-06-16T20:33:29.475863+00:00, run_after=2022-06-17T20:33:29.475863+00:00
[2022-06-17 17:33:29,496] {processor.py:161} INFO - Processing /home/uiliam/sandbox/lib/python3.9/site-packages/airflow/example_dags/example_task_group.py took 0.110 seconds
[2022-06-17 17:34:00,781] {processor.py:153} INFO - Started process (PID=144636) to work on /home/uiliam/sandbox/lib/python3.9/site-packages/airflow/example_dags/example_task_group.py
[2022-06-17 17:34:00,782] {processor.py:641} INFO - Processing file /home/uiliam/sandbox/lib/python3.9/site-packages/airflow/example_dags/example_task_group.py for tasks to queue
[2022-06-17 17:34:00,782] {logging_mixin.py:115} INFO - [2022-06-17 17:34:00,782] {dagbag.py:507} INFO - Filling up the DagBag from /home/uiliam/sandbox/lib/python3.9/site-packages/airflow/example_dags/example_task_group.py
[2022-06-17 17:34:00,792] {processor.py:651} INFO - DAG(s) dict_keys(['example_task_group']) retrieved from /home/uiliam/sandbox/lib/python3.9/site-packages/airflow/example_dags/example_task_group.py
[2022-06-17 17:34:00,827] {logging_mixin.py:115} INFO - [2022-06-17 17:34:00,827] {dag.py:2379} INFO - Sync 1 DAGs
[2022-06-17 17:34:00,865] {logging_mixin.py:115} INFO - [2022-06-17 17:34:00,864] {dag.py:2927} INFO - Setting next_dagrun for example_task_group to 2022-06-16T20:34:00.864455+00:00, run_after=2022-06-17T20:34:00.864455+00:00
[2022-06-17 17:34:00,882] {processor.py:161} INFO - Processing /home/uiliam/sandbox/lib/python3.9/site-packages/airflow/example_dags/example_task_group.py took 0.106 seconds
[2022-06-17 17:34:32,375] {processor.py:153} INFO - Started process (PID=145033) to work on /home/uiliam/sandbox/lib/python3.9/site-packages/airflow/example_dags/example_task_group.py
[2022-06-17 17:34:32,375] {processor.py:641} INFO - Processing file /home/uiliam/sandbox/lib/python3.9/site-packages/airflow/example_dags/example_task_group.py for tasks to queue
[2022-06-17 17:34:32,376] {logging_mixin.py:115} INFO - [2022-06-17 17:34:32,376] {dagbag.py:507} INFO - Filling up the DagBag from /home/uiliam/sandbox/lib/python3.9/site-packages/airflow/example_dags/example_task_group.py
[2022-06-17 17:34:32,388] {processor.py:651} INFO - DAG(s) dict_keys(['example_task_group']) retrieved from /home/uiliam/sandbox/lib/python3.9/site-packages/airflow/example_dags/example_task_group.py
[2022-06-17 17:34:32,429] {logging_mixin.py:115} INFO - [2022-06-17 17:34:32,428] {dag.py:2379} INFO - Sync 1 DAGs
[2022-06-17 17:34:32,473] {logging_mixin.py:115} INFO - [2022-06-17 17:34:32,473] {dag.py:2927} INFO - Setting next_dagrun for example_task_group to 2022-06-16T20:34:32.472726+00:00, run_after=2022-06-17T20:34:32.472726+00:00
[2022-06-17 17:34:32,494] {processor.py:161} INFO - Processing /home/uiliam/sandbox/lib/python3.9/site-packages/airflow/example_dags/example_task_group.py took 0.124 seconds
[2022-06-17 17:35:03,536] {processor.py:153} INFO - Started process (PID=145383) to work on /home/uiliam/sandbox/lib/python3.9/site-packages/airflow/example_dags/example_task_group.py
[2022-06-17 17:35:03,537] {processor.py:641} INFO - Processing file /home/uiliam/sandbox/lib/python3.9/site-packages/airflow/example_dags/example_task_group.py for tasks to queue
[2022-06-17 17:35:03,537] {logging_mixin.py:115} INFO - [2022-06-17 17:35:03,537] {dagbag.py:507} INFO - Filling up the DagBag from /home/uiliam/sandbox/lib/python3.9/site-packages/airflow/example_dags/example_task_group.py
[2022-06-17 17:35:03,547] {processor.py:651} INFO - DAG(s) dict_keys(['example_task_group']) retrieved from /home/uiliam/sandbox/lib/python3.9/site-packages/airflow/example_dags/example_task_group.py
[2022-06-17 17:35:03,590] {logging_mixin.py:115} INFO - [2022-06-17 17:35:03,590] {dag.py:2379} INFO - Sync 1 DAGs
[2022-06-17 17:35:03,645] {logging_mixin.py:115} INFO - [2022-06-17 17:35:03,645] {dag.py:2927} INFO - Setting next_dagrun for example_task_group to 2022-06-16T20:35:03.644784+00:00, run_after=2022-06-17T20:35:03.644784+00:00
[2022-06-17 17:35:03,669] {processor.py:161} INFO - Processing /home/uiliam/sandbox/lib/python3.9/site-packages/airflow/example_dags/example_task_group.py took 0.138 seconds
[2022-06-17 17:35:35,072] {processor.py:153} INFO - Started process (PID=145686) to work on /home/uiliam/sandbox/lib/python3.9/site-packages/airflow/example_dags/example_task_group.py
[2022-06-17 17:35:35,072] {processor.py:641} INFO - Processing file /home/uiliam/sandbox/lib/python3.9/site-packages/airflow/example_dags/example_task_group.py for tasks to queue
[2022-06-17 17:35:35,073] {logging_mixin.py:115} INFO - [2022-06-17 17:35:35,073] {dagbag.py:507} INFO - Filling up the DagBag from /home/uiliam/sandbox/lib/python3.9/site-packages/airflow/example_dags/example_task_group.py
[2022-06-17 17:35:35,083] {processor.py:651} INFO - DAG(s) dict_keys(['example_task_group']) retrieved from /home/uiliam/sandbox/lib/python3.9/site-packages/airflow/example_dags/example_task_group.py
[2022-06-17 17:35:35,120] {logging_mixin.py:115} INFO - [2022-06-17 17:35:35,120] {dag.py:2379} INFO - Sync 1 DAGs
[2022-06-17 17:35:35,163] {logging_mixin.py:115} INFO - [2022-06-17 17:35:35,163] {dag.py:2927} INFO - Setting next_dagrun for example_task_group to 2022-06-16T20:35:35.163066+00:00, run_after=2022-06-17T20:35:35.163066+00:00
[2022-06-17 17:35:35,187] {processor.py:161} INFO - Processing /home/uiliam/sandbox/lib/python3.9/site-packages/airflow/example_dags/example_task_group.py took 0.121 seconds
[2022-06-17 17:36:06,314] {processor.py:153} INFO - Started process (PID=146026) to work on /home/uiliam/sandbox/lib/python3.9/site-packages/airflow/example_dags/example_task_group.py
[2022-06-17 17:36:06,315] {processor.py:641} INFO - Processing file /home/uiliam/sandbox/lib/python3.9/site-packages/airflow/example_dags/example_task_group.py for tasks to queue
[2022-06-17 17:36:06,316] {logging_mixin.py:115} INFO - [2022-06-17 17:36:06,316] {dagbag.py:507} INFO - Filling up the DagBag from /home/uiliam/sandbox/lib/python3.9/site-packages/airflow/example_dags/example_task_group.py
[2022-06-17 17:36:06,328] {processor.py:651} INFO - DAG(s) dict_keys(['example_task_group']) retrieved from /home/uiliam/sandbox/lib/python3.9/site-packages/airflow/example_dags/example_task_group.py
[2022-06-17 17:36:06,365] {logging_mixin.py:115} INFO - [2022-06-17 17:36:06,365] {dag.py:2379} INFO - Sync 1 DAGs
[2022-06-17 17:36:06,410] {logging_mixin.py:115} INFO - [2022-06-17 17:36:06,409] {dag.py:2927} INFO - Setting next_dagrun for example_task_group to 2022-06-16T20:36:06.409266+00:00, run_after=2022-06-17T20:36:06.409266+00:00
[2022-06-17 17:36:06,430] {processor.py:161} INFO - Processing /home/uiliam/sandbox/lib/python3.9/site-packages/airflow/example_dags/example_task_group.py took 0.120 seconds
