[2022-06-17 17:11:11,650] {processor.py:153} INFO - Started process (PID=132504) to work on /home/uiliam/sandbox/lib/python3.9/site-packages/airflow/example_dags/example_branch_operator.py
[2022-06-17 17:11:11,650] {processor.py:641} INFO - Processing file /home/uiliam/sandbox/lib/python3.9/site-packages/airflow/example_dags/example_branch_operator.py for tasks to queue
[2022-06-17 17:11:11,651] {logging_mixin.py:115} INFO - [2022-06-17 17:11:11,651] {dagbag.py:507} INFO - Filling up the DagBag from /home/uiliam/sandbox/lib/python3.9/site-packages/airflow/example_dags/example_branch_operator.py
[2022-06-17 17:11:11,664] {processor.py:651} INFO - DAG(s) dict_keys(['example_branch_operator']) retrieved from /home/uiliam/sandbox/lib/python3.9/site-packages/airflow/example_dags/example_branch_operator.py
[2022-06-17 17:11:11,699] {logging_mixin.py:115} INFO - [2022-06-17 17:11:11,699] {dag.py:2379} INFO - Sync 1 DAGs
[2022-06-17 17:11:11,741] {logging_mixin.py:115} INFO - [2022-06-17 17:11:11,741] {dag.py:2927} INFO - Setting next_dagrun for example_branch_operator to 2022-06-16T00:00:00+00:00, run_after=2022-06-17T00:00:00+00:00
[2022-06-17 17:11:11,763] {processor.py:161} INFO - Processing /home/uiliam/sandbox/lib/python3.9/site-packages/airflow/example_dags/example_branch_operator.py took 0.118 seconds
[2022-06-17 17:11:43,066] {processor.py:153} INFO - Started process (PID=132865) to work on /home/uiliam/sandbox/lib/python3.9/site-packages/airflow/example_dags/example_branch_operator.py
[2022-06-17 17:11:43,067] {processor.py:641} INFO - Processing file /home/uiliam/sandbox/lib/python3.9/site-packages/airflow/example_dags/example_branch_operator.py for tasks to queue
[2022-06-17 17:11:43,068] {logging_mixin.py:115} INFO - [2022-06-17 17:11:43,067] {dagbag.py:507} INFO - Filling up the DagBag from /home/uiliam/sandbox/lib/python3.9/site-packages/airflow/example_dags/example_branch_operator.py
[2022-06-17 17:11:43,082] {processor.py:651} INFO - DAG(s) dict_keys(['example_branch_operator']) retrieved from /home/uiliam/sandbox/lib/python3.9/site-packages/airflow/example_dags/example_branch_operator.py
[2022-06-17 17:11:43,119] {logging_mixin.py:115} INFO - [2022-06-17 17:11:43,119] {dag.py:2379} INFO - Sync 1 DAGs
[2022-06-17 17:11:43,160] {logging_mixin.py:115} INFO - [2022-06-17 17:11:43,160] {dag.py:2927} INFO - Setting next_dagrun for example_branch_operator to 2022-06-16T00:00:00+00:00, run_after=2022-06-17T00:00:00+00:00
[2022-06-17 17:11:43,180] {processor.py:161} INFO - Processing /home/uiliam/sandbox/lib/python3.9/site-packages/airflow/example_dags/example_branch_operator.py took 0.118 seconds
[2022-06-17 17:12:14,141] {processor.py:153} INFO - Started process (PID=134037) to work on /home/uiliam/sandbox/lib/python3.9/site-packages/airflow/example_dags/example_branch_operator.py
[2022-06-17 17:12:14,142] {processor.py:641} INFO - Processing file /home/uiliam/sandbox/lib/python3.9/site-packages/airflow/example_dags/example_branch_operator.py for tasks to queue
[2022-06-17 17:12:14,142] {logging_mixin.py:115} INFO - [2022-06-17 17:12:14,142] {dagbag.py:507} INFO - Filling up the DagBag from /home/uiliam/sandbox/lib/python3.9/site-packages/airflow/example_dags/example_branch_operator.py
[2022-06-17 17:12:14,166] {processor.py:651} INFO - DAG(s) dict_keys(['example_branch_operator']) retrieved from /home/uiliam/sandbox/lib/python3.9/site-packages/airflow/example_dags/example_branch_operator.py
[2022-06-17 17:12:14,222] {logging_mixin.py:115} INFO - [2022-06-17 17:12:14,222] {dag.py:2379} INFO - Sync 1 DAGs
[2022-06-17 17:12:14,289] {logging_mixin.py:115} INFO - [2022-06-17 17:12:14,289] {dag.py:2927} INFO - Setting next_dagrun for example_branch_operator to 2022-06-16T00:00:00+00:00, run_after=2022-06-17T00:00:00+00:00
[2022-06-17 17:12:14,316] {processor.py:161} INFO - Processing /home/uiliam/sandbox/lib/python3.9/site-packages/airflow/example_dags/example_branch_operator.py took 0.181 seconds
[2022-06-17 17:12:45,505] {processor.py:153} INFO - Started process (PID=135147) to work on /home/uiliam/sandbox/lib/python3.9/site-packages/airflow/example_dags/example_branch_operator.py
[2022-06-17 17:12:45,506] {processor.py:641} INFO - Processing file /home/uiliam/sandbox/lib/python3.9/site-packages/airflow/example_dags/example_branch_operator.py for tasks to queue
[2022-06-17 17:12:45,506] {logging_mixin.py:115} INFO - [2022-06-17 17:12:45,506] {dagbag.py:507} INFO - Filling up the DagBag from /home/uiliam/sandbox/lib/python3.9/site-packages/airflow/example_dags/example_branch_operator.py
[2022-06-17 17:12:45,520] {processor.py:651} INFO - DAG(s) dict_keys(['example_branch_operator']) retrieved from /home/uiliam/sandbox/lib/python3.9/site-packages/airflow/example_dags/example_branch_operator.py
[2022-06-17 17:12:45,553] {logging_mixin.py:115} INFO - [2022-06-17 17:12:45,553] {dag.py:2379} INFO - Sync 1 DAGs
[2022-06-17 17:12:45,599] {logging_mixin.py:115} INFO - [2022-06-17 17:12:45,599] {dag.py:2927} INFO - Setting next_dagrun for example_branch_operator to 2022-06-16T00:00:00+00:00, run_after=2022-06-17T00:00:00+00:00
[2022-06-17 17:12:45,619] {processor.py:161} INFO - Processing /home/uiliam/sandbox/lib/python3.9/site-packages/airflow/example_dags/example_branch_operator.py took 0.119 seconds
[2022-06-17 17:13:16,704] {processor.py:153} INFO - Started process (PID=135534) to work on /home/uiliam/sandbox/lib/python3.9/site-packages/airflow/example_dags/example_branch_operator.py
[2022-06-17 17:13:16,705] {processor.py:641} INFO - Processing file /home/uiliam/sandbox/lib/python3.9/site-packages/airflow/example_dags/example_branch_operator.py for tasks to queue
[2022-06-17 17:13:16,706] {logging_mixin.py:115} INFO - [2022-06-17 17:13:16,706] {dagbag.py:507} INFO - Filling up the DagBag from /home/uiliam/sandbox/lib/python3.9/site-packages/airflow/example_dags/example_branch_operator.py
[2022-06-17 17:13:16,720] {processor.py:651} INFO - DAG(s) dict_keys(['example_branch_operator']) retrieved from /home/uiliam/sandbox/lib/python3.9/site-packages/airflow/example_dags/example_branch_operator.py
[2022-06-17 17:13:16,749] {logging_mixin.py:115} INFO - [2022-06-17 17:13:16,749] {dag.py:2379} INFO - Sync 1 DAGs
[2022-06-17 17:13:16,791] {logging_mixin.py:115} INFO - [2022-06-17 17:13:16,791] {dag.py:2927} INFO - Setting next_dagrun for example_branch_operator to 2022-06-16T00:00:00+00:00, run_after=2022-06-17T00:00:00+00:00
[2022-06-17 17:13:16,809] {processor.py:161} INFO - Processing /home/uiliam/sandbox/lib/python3.9/site-packages/airflow/example_dags/example_branch_operator.py took 0.109 seconds
[2022-06-17 17:13:47,946] {processor.py:153} INFO - Started process (PID=135841) to work on /home/uiliam/sandbox/lib/python3.9/site-packages/airflow/example_dags/example_branch_operator.py
[2022-06-17 17:13:47,947] {processor.py:641} INFO - Processing file /home/uiliam/sandbox/lib/python3.9/site-packages/airflow/example_dags/example_branch_operator.py for tasks to queue
[2022-06-17 17:13:47,948] {logging_mixin.py:115} INFO - [2022-06-17 17:13:47,948] {dagbag.py:507} INFO - Filling up the DagBag from /home/uiliam/sandbox/lib/python3.9/site-packages/airflow/example_dags/example_branch_operator.py
[2022-06-17 17:13:47,961] {processor.py:651} INFO - DAG(s) dict_keys(['example_branch_operator']) retrieved from /home/uiliam/sandbox/lib/python3.9/site-packages/airflow/example_dags/example_branch_operator.py
[2022-06-17 17:13:47,997] {logging_mixin.py:115} INFO - [2022-06-17 17:13:47,997] {dag.py:2379} INFO - Sync 1 DAGs
[2022-06-17 17:13:48,039] {logging_mixin.py:115} INFO - [2022-06-17 17:13:48,039] {dag.py:2927} INFO - Setting next_dagrun for example_branch_operator to 2022-06-16T00:00:00+00:00, run_after=2022-06-17T00:00:00+00:00
[2022-06-17 17:13:48,059] {processor.py:161} INFO - Processing /home/uiliam/sandbox/lib/python3.9/site-packages/airflow/example_dags/example_branch_operator.py took 0.118 seconds
[2022-06-17 17:14:19,346] {processor.py:153} INFO - Started process (PID=136129) to work on /home/uiliam/sandbox/lib/python3.9/site-packages/airflow/example_dags/example_branch_operator.py
[2022-06-17 17:14:19,347] {processor.py:641} INFO - Processing file /home/uiliam/sandbox/lib/python3.9/site-packages/airflow/example_dags/example_branch_operator.py for tasks to queue
[2022-06-17 17:14:19,349] {logging_mixin.py:115} INFO - [2022-06-17 17:14:19,348] {dagbag.py:507} INFO - Filling up the DagBag from /home/uiliam/sandbox/lib/python3.9/site-packages/airflow/example_dags/example_branch_operator.py
[2022-06-17 17:14:19,374] {processor.py:651} INFO - DAG(s) dict_keys(['example_branch_operator']) retrieved from /home/uiliam/sandbox/lib/python3.9/site-packages/airflow/example_dags/example_branch_operator.py
[2022-06-17 17:14:19,423] {logging_mixin.py:115} INFO - [2022-06-17 17:14:19,423] {dag.py:2379} INFO - Sync 1 DAGs
[2022-06-17 17:14:19,471] {logging_mixin.py:115} INFO - [2022-06-17 17:14:19,471] {dag.py:2927} INFO - Setting next_dagrun for example_branch_operator to 2022-06-16T00:00:00+00:00, run_after=2022-06-17T00:00:00+00:00
[2022-06-17 17:14:19,496] {processor.py:161} INFO - Processing /home/uiliam/sandbox/lib/python3.9/site-packages/airflow/example_dags/example_branch_operator.py took 0.155 seconds
[2022-06-17 17:14:50,753] {processor.py:153} INFO - Started process (PID=136484) to work on /home/uiliam/sandbox/lib/python3.9/site-packages/airflow/example_dags/example_branch_operator.py
[2022-06-17 17:14:50,754] {processor.py:641} INFO - Processing file /home/uiliam/sandbox/lib/python3.9/site-packages/airflow/example_dags/example_branch_operator.py for tasks to queue
[2022-06-17 17:14:50,755] {logging_mixin.py:115} INFO - [2022-06-17 17:14:50,755] {dagbag.py:507} INFO - Filling up the DagBag from /home/uiliam/sandbox/lib/python3.9/site-packages/airflow/example_dags/example_branch_operator.py
[2022-06-17 17:14:50,771] {processor.py:651} INFO - DAG(s) dict_keys(['example_branch_operator']) retrieved from /home/uiliam/sandbox/lib/python3.9/site-packages/airflow/example_dags/example_branch_operator.py
[2022-06-17 17:14:50,809] {logging_mixin.py:115} INFO - [2022-06-17 17:14:50,809] {dag.py:2379} INFO - Sync 1 DAGs
[2022-06-17 17:14:50,854] {logging_mixin.py:115} INFO - [2022-06-17 17:14:50,854] {dag.py:2927} INFO - Setting next_dagrun for example_branch_operator to 2022-06-16T00:00:00+00:00, run_after=2022-06-17T00:00:00+00:00
[2022-06-17 17:14:50,874] {processor.py:161} INFO - Processing /home/uiliam/sandbox/lib/python3.9/site-packages/airflow/example_dags/example_branch_operator.py took 0.127 seconds
[2022-06-17 17:15:21,844] {processor.py:153} INFO - Started process (PID=136738) to work on /home/uiliam/sandbox/lib/python3.9/site-packages/airflow/example_dags/example_branch_operator.py
[2022-06-17 17:15:21,845] {processor.py:641} INFO - Processing file /home/uiliam/sandbox/lib/python3.9/site-packages/airflow/example_dags/example_branch_operator.py for tasks to queue
[2022-06-17 17:15:21,845] {logging_mixin.py:115} INFO - [2022-06-17 17:15:21,845] {dagbag.py:507} INFO - Filling up the DagBag from /home/uiliam/sandbox/lib/python3.9/site-packages/airflow/example_dags/example_branch_operator.py
[2022-06-17 17:15:21,859] {processor.py:651} INFO - DAG(s) dict_keys(['example_branch_operator']) retrieved from /home/uiliam/sandbox/lib/python3.9/site-packages/airflow/example_dags/example_branch_operator.py
[2022-06-17 17:15:21,896] {logging_mixin.py:115} INFO - [2022-06-17 17:15:21,895] {dag.py:2379} INFO - Sync 1 DAGs
[2022-06-17 17:15:21,935] {logging_mixin.py:115} INFO - [2022-06-17 17:15:21,934] {dag.py:2927} INFO - Setting next_dagrun for example_branch_operator to 2022-06-16T00:00:00+00:00, run_after=2022-06-17T00:00:00+00:00
[2022-06-17 17:15:21,957] {processor.py:161} INFO - Processing /home/uiliam/sandbox/lib/python3.9/site-packages/airflow/example_dags/example_branch_operator.py took 0.118 seconds
[2022-06-17 17:15:52,646] {processor.py:153} INFO - Started process (PID=136898) to work on /home/uiliam/sandbox/lib/python3.9/site-packages/airflow/example_dags/example_branch_operator.py
[2022-06-17 17:15:52,647] {processor.py:641} INFO - Processing file /home/uiliam/sandbox/lib/python3.9/site-packages/airflow/example_dags/example_branch_operator.py for tasks to queue
[2022-06-17 17:15:52,647] {logging_mixin.py:115} INFO - [2022-06-17 17:15:52,647] {dagbag.py:507} INFO - Filling up the DagBag from /home/uiliam/sandbox/lib/python3.9/site-packages/airflow/example_dags/example_branch_operator.py
[2022-06-17 17:15:52,663] {processor.py:651} INFO - DAG(s) dict_keys(['example_branch_operator']) retrieved from /home/uiliam/sandbox/lib/python3.9/site-packages/airflow/example_dags/example_branch_operator.py
[2022-06-17 17:15:52,703] {logging_mixin.py:115} INFO - [2022-06-17 17:15:52,703] {dag.py:2379} INFO - Sync 1 DAGs
[2022-06-17 17:15:52,751] {logging_mixin.py:115} INFO - [2022-06-17 17:15:52,751] {dag.py:2927} INFO - Setting next_dagrun for example_branch_operator to 2022-06-16T00:00:00+00:00, run_after=2022-06-17T00:00:00+00:00
[2022-06-17 17:15:52,773] {processor.py:161} INFO - Processing /home/uiliam/sandbox/lib/python3.9/site-packages/airflow/example_dags/example_branch_operator.py took 0.131 seconds
[2022-06-17 17:16:23,835] {processor.py:153} INFO - Started process (PID=137105) to work on /home/uiliam/sandbox/lib/python3.9/site-packages/airflow/example_dags/example_branch_operator.py
[2022-06-17 17:16:23,836] {processor.py:641} INFO - Processing file /home/uiliam/sandbox/lib/python3.9/site-packages/airflow/example_dags/example_branch_operator.py for tasks to queue
[2022-06-17 17:16:23,836] {logging_mixin.py:115} INFO - [2022-06-17 17:16:23,836] {dagbag.py:507} INFO - Filling up the DagBag from /home/uiliam/sandbox/lib/python3.9/site-packages/airflow/example_dags/example_branch_operator.py
[2022-06-17 17:16:23,852] {processor.py:651} INFO - DAG(s) dict_keys(['example_branch_operator']) retrieved from /home/uiliam/sandbox/lib/python3.9/site-packages/airflow/example_dags/example_branch_operator.py
[2022-06-17 17:16:23,893] {logging_mixin.py:115} INFO - [2022-06-17 17:16:23,893] {dag.py:2379} INFO - Sync 1 DAGs
[2022-06-17 17:16:23,935] {logging_mixin.py:115} INFO - [2022-06-17 17:16:23,935] {dag.py:2927} INFO - Setting next_dagrun for example_branch_operator to 2022-06-16T00:00:00+00:00, run_after=2022-06-17T00:00:00+00:00
[2022-06-17 17:16:23,954] {processor.py:161} INFO - Processing /home/uiliam/sandbox/lib/python3.9/site-packages/airflow/example_dags/example_branch_operator.py took 0.123 seconds
[2022-06-17 17:16:54,935] {processor.py:153} INFO - Started process (PID=137329) to work on /home/uiliam/sandbox/lib/python3.9/site-packages/airflow/example_dags/example_branch_operator.py
[2022-06-17 17:16:54,936] {processor.py:641} INFO - Processing file /home/uiliam/sandbox/lib/python3.9/site-packages/airflow/example_dags/example_branch_operator.py for tasks to queue
[2022-06-17 17:16:54,936] {logging_mixin.py:115} INFO - [2022-06-17 17:16:54,936] {dagbag.py:507} INFO - Filling up the DagBag from /home/uiliam/sandbox/lib/python3.9/site-packages/airflow/example_dags/example_branch_operator.py
[2022-06-17 17:16:54,950] {processor.py:651} INFO - DAG(s) dict_keys(['example_branch_operator']) retrieved from /home/uiliam/sandbox/lib/python3.9/site-packages/airflow/example_dags/example_branch_operator.py
[2022-06-17 17:16:54,985] {logging_mixin.py:115} INFO - [2022-06-17 17:16:54,984] {dag.py:2379} INFO - Sync 1 DAGs
[2022-06-17 17:16:55,024] {logging_mixin.py:115} INFO - [2022-06-17 17:16:55,024] {dag.py:2927} INFO - Setting next_dagrun for example_branch_operator to 2022-06-16T00:00:00+00:00, run_after=2022-06-17T00:00:00+00:00
[2022-06-17 17:16:55,044] {processor.py:161} INFO - Processing /home/uiliam/sandbox/lib/python3.9/site-packages/airflow/example_dags/example_branch_operator.py took 0.113 seconds
[2022-06-17 17:17:25,954] {processor.py:153} INFO - Started process (PID=137582) to work on /home/uiliam/sandbox/lib/python3.9/site-packages/airflow/example_dags/example_branch_operator.py
[2022-06-17 17:17:25,955] {processor.py:641} INFO - Processing file /home/uiliam/sandbox/lib/python3.9/site-packages/airflow/example_dags/example_branch_operator.py for tasks to queue
[2022-06-17 17:17:25,955] {logging_mixin.py:115} INFO - [2022-06-17 17:17:25,955] {dagbag.py:507} INFO - Filling up the DagBag from /home/uiliam/sandbox/lib/python3.9/site-packages/airflow/example_dags/example_branch_operator.py
[2022-06-17 17:17:25,974] {processor.py:651} INFO - DAG(s) dict_keys(['example_branch_operator']) retrieved from /home/uiliam/sandbox/lib/python3.9/site-packages/airflow/example_dags/example_branch_operator.py
[2022-06-17 17:17:26,013] {logging_mixin.py:115} INFO - [2022-06-17 17:17:26,012] {dag.py:2379} INFO - Sync 1 DAGs
[2022-06-17 17:17:26,063] {logging_mixin.py:115} INFO - [2022-06-17 17:17:26,062] {dag.py:2927} INFO - Setting next_dagrun for example_branch_operator to 2022-06-16T00:00:00+00:00, run_after=2022-06-17T00:00:00+00:00
[2022-06-17 17:17:26,087] {processor.py:161} INFO - Processing /home/uiliam/sandbox/lib/python3.9/site-packages/airflow/example_dags/example_branch_operator.py took 0.140 seconds
[2022-06-17 17:17:57,250] {processor.py:153} INFO - Started process (PID=137816) to work on /home/uiliam/sandbox/lib/python3.9/site-packages/airflow/example_dags/example_branch_operator.py
[2022-06-17 17:17:57,250] {processor.py:641} INFO - Processing file /home/uiliam/sandbox/lib/python3.9/site-packages/airflow/example_dags/example_branch_operator.py for tasks to queue
[2022-06-17 17:17:57,251] {logging_mixin.py:115} INFO - [2022-06-17 17:17:57,251] {dagbag.py:507} INFO - Filling up the DagBag from /home/uiliam/sandbox/lib/python3.9/site-packages/airflow/example_dags/example_branch_operator.py
[2022-06-17 17:17:57,264] {processor.py:651} INFO - DAG(s) dict_keys(['example_branch_operator']) retrieved from /home/uiliam/sandbox/lib/python3.9/site-packages/airflow/example_dags/example_branch_operator.py
[2022-06-17 17:17:57,298] {logging_mixin.py:115} INFO - [2022-06-17 17:17:57,298] {dag.py:2379} INFO - Sync 1 DAGs
[2022-06-17 17:17:57,336] {logging_mixin.py:115} INFO - [2022-06-17 17:17:57,336] {dag.py:2927} INFO - Setting next_dagrun for example_branch_operator to 2022-06-16T00:00:00+00:00, run_after=2022-06-17T00:00:00+00:00
[2022-06-17 17:17:57,354] {processor.py:161} INFO - Processing /home/uiliam/sandbox/lib/python3.9/site-packages/airflow/example_dags/example_branch_operator.py took 0.110 seconds
[2022-06-17 17:18:28,283] {processor.py:153} INFO - Started process (PID=138146) to work on /home/uiliam/sandbox/lib/python3.9/site-packages/airflow/example_dags/example_branch_operator.py
[2022-06-17 17:18:28,284] {processor.py:641} INFO - Processing file /home/uiliam/sandbox/lib/python3.9/site-packages/airflow/example_dags/example_branch_operator.py for tasks to queue
[2022-06-17 17:18:28,285] {logging_mixin.py:115} INFO - [2022-06-17 17:18:28,285] {dagbag.py:507} INFO - Filling up the DagBag from /home/uiliam/sandbox/lib/python3.9/site-packages/airflow/example_dags/example_branch_operator.py
[2022-06-17 17:18:28,297] {processor.py:651} INFO - DAG(s) dict_keys(['example_branch_operator']) retrieved from /home/uiliam/sandbox/lib/python3.9/site-packages/airflow/example_dags/example_branch_operator.py
[2022-06-17 17:18:28,330] {logging_mixin.py:115} INFO - [2022-06-17 17:18:28,330] {dag.py:2379} INFO - Sync 1 DAGs
[2022-06-17 17:18:28,372] {logging_mixin.py:115} INFO - [2022-06-17 17:18:28,372] {dag.py:2927} INFO - Setting next_dagrun for example_branch_operator to 2022-06-16T00:00:00+00:00, run_after=2022-06-17T00:00:00+00:00
[2022-06-17 17:18:28,393] {processor.py:161} INFO - Processing /home/uiliam/sandbox/lib/python3.9/site-packages/airflow/example_dags/example_branch_operator.py took 0.113 seconds
[2022-06-17 17:18:59,478] {processor.py:153} INFO - Started process (PID=138385) to work on /home/uiliam/sandbox/lib/python3.9/site-packages/airflow/example_dags/example_branch_operator.py
[2022-06-17 17:18:59,479] {processor.py:641} INFO - Processing file /home/uiliam/sandbox/lib/python3.9/site-packages/airflow/example_dags/example_branch_operator.py for tasks to queue
[2022-06-17 17:18:59,480] {logging_mixin.py:115} INFO - [2022-06-17 17:18:59,480] {dagbag.py:507} INFO - Filling up the DagBag from /home/uiliam/sandbox/lib/python3.9/site-packages/airflow/example_dags/example_branch_operator.py
[2022-06-17 17:18:59,502] {processor.py:651} INFO - DAG(s) dict_keys(['example_branch_operator']) retrieved from /home/uiliam/sandbox/lib/python3.9/site-packages/airflow/example_dags/example_branch_operator.py
[2022-06-17 17:18:59,542] {logging_mixin.py:115} INFO - [2022-06-17 17:18:59,541] {dag.py:2379} INFO - Sync 1 DAGs
[2022-06-17 17:18:59,584] {logging_mixin.py:115} INFO - [2022-06-17 17:18:59,583] {dag.py:2927} INFO - Setting next_dagrun for example_branch_operator to 2022-06-16T00:00:00+00:00, run_after=2022-06-17T00:00:00+00:00
[2022-06-17 17:18:59,606] {processor.py:161} INFO - Processing /home/uiliam/sandbox/lib/python3.9/site-packages/airflow/example_dags/example_branch_operator.py took 0.134 seconds
[2022-06-17 17:19:30,456] {processor.py:153} INFO - Started process (PID=138646) to work on /home/uiliam/sandbox/lib/python3.9/site-packages/airflow/example_dags/example_branch_operator.py
[2022-06-17 17:19:30,457] {processor.py:641} INFO - Processing file /home/uiliam/sandbox/lib/python3.9/site-packages/airflow/example_dags/example_branch_operator.py for tasks to queue
[2022-06-17 17:19:30,458] {logging_mixin.py:115} INFO - [2022-06-17 17:19:30,457] {dagbag.py:507} INFO - Filling up the DagBag from /home/uiliam/sandbox/lib/python3.9/site-packages/airflow/example_dags/example_branch_operator.py
[2022-06-17 17:19:30,472] {processor.py:651} INFO - DAG(s) dict_keys(['example_branch_operator']) retrieved from /home/uiliam/sandbox/lib/python3.9/site-packages/airflow/example_dags/example_branch_operator.py
[2022-06-17 17:19:30,506] {logging_mixin.py:115} INFO - [2022-06-17 17:19:30,506] {dag.py:2379} INFO - Sync 1 DAGs
[2022-06-17 17:19:30,545] {logging_mixin.py:115} INFO - [2022-06-17 17:19:30,545] {dag.py:2927} INFO - Setting next_dagrun for example_branch_operator to 2022-06-16T00:00:00+00:00, run_after=2022-06-17T00:00:00+00:00
[2022-06-17 17:19:30,564] {processor.py:161} INFO - Processing /home/uiliam/sandbox/lib/python3.9/site-packages/airflow/example_dags/example_branch_operator.py took 0.112 seconds
[2022-06-17 17:20:01,541] {processor.py:153} INFO - Started process (PID=138896) to work on /home/uiliam/sandbox/lib/python3.9/site-packages/airflow/example_dags/example_branch_operator.py
[2022-06-17 17:20:01,542] {processor.py:641} INFO - Processing file /home/uiliam/sandbox/lib/python3.9/site-packages/airflow/example_dags/example_branch_operator.py for tasks to queue
[2022-06-17 17:20:01,543] {logging_mixin.py:115} INFO - [2022-06-17 17:20:01,542] {dagbag.py:507} INFO - Filling up the DagBag from /home/uiliam/sandbox/lib/python3.9/site-packages/airflow/example_dags/example_branch_operator.py
[2022-06-17 17:20:01,563] {processor.py:651} INFO - DAG(s) dict_keys(['example_branch_operator']) retrieved from /home/uiliam/sandbox/lib/python3.9/site-packages/airflow/example_dags/example_branch_operator.py
[2022-06-17 17:20:01,609] {logging_mixin.py:115} INFO - [2022-06-17 17:20:01,608] {dag.py:2379} INFO - Sync 1 DAGs
[2022-06-17 17:20:01,664] {logging_mixin.py:115} INFO - [2022-06-17 17:20:01,664] {dag.py:2927} INFO - Setting next_dagrun for example_branch_operator to 2022-06-16T00:00:00+00:00, run_after=2022-06-17T00:00:00+00:00
[2022-06-17 17:20:01,689] {processor.py:161} INFO - Processing /home/uiliam/sandbox/lib/python3.9/site-packages/airflow/example_dags/example_branch_operator.py took 0.155 seconds
[2022-06-17 17:20:32,622] {processor.py:153} INFO - Started process (PID=139220) to work on /home/uiliam/sandbox/lib/python3.9/site-packages/airflow/example_dags/example_branch_operator.py
[2022-06-17 17:20:32,622] {processor.py:641} INFO - Processing file /home/uiliam/sandbox/lib/python3.9/site-packages/airflow/example_dags/example_branch_operator.py for tasks to queue
[2022-06-17 17:20:32,623] {logging_mixin.py:115} INFO - [2022-06-17 17:20:32,623] {dagbag.py:507} INFO - Filling up the DagBag from /home/uiliam/sandbox/lib/python3.9/site-packages/airflow/example_dags/example_branch_operator.py
[2022-06-17 17:20:32,637] {processor.py:651} INFO - DAG(s) dict_keys(['example_branch_operator']) retrieved from /home/uiliam/sandbox/lib/python3.9/site-packages/airflow/example_dags/example_branch_operator.py
[2022-06-17 17:20:32,673] {logging_mixin.py:115} INFO - [2022-06-17 17:20:32,673] {dag.py:2379} INFO - Sync 1 DAGs
[2022-06-17 17:20:32,725] {logging_mixin.py:115} INFO - [2022-06-17 17:20:32,725] {dag.py:2927} INFO - Setting next_dagrun for example_branch_operator to 2022-06-16T00:00:00+00:00, run_after=2022-06-17T00:00:00+00:00
[2022-06-17 17:20:32,769] {processor.py:161} INFO - Processing /home/uiliam/sandbox/lib/python3.9/site-packages/airflow/example_dags/example_branch_operator.py took 0.153 seconds
[2022-06-17 17:21:03,654] {processor.py:153} INFO - Started process (PID=139427) to work on /home/uiliam/sandbox/lib/python3.9/site-packages/airflow/example_dags/example_branch_operator.py
[2022-06-17 17:21:03,655] {processor.py:641} INFO - Processing file /home/uiliam/sandbox/lib/python3.9/site-packages/airflow/example_dags/example_branch_operator.py for tasks to queue
[2022-06-17 17:21:03,656] {logging_mixin.py:115} INFO - [2022-06-17 17:21:03,656] {dagbag.py:507} INFO - Filling up the DagBag from /home/uiliam/sandbox/lib/python3.9/site-packages/airflow/example_dags/example_branch_operator.py
[2022-06-17 17:21:03,668] {processor.py:651} INFO - DAG(s) dict_keys(['example_branch_operator']) retrieved from /home/uiliam/sandbox/lib/python3.9/site-packages/airflow/example_dags/example_branch_operator.py
[2022-06-17 17:21:03,700] {logging_mixin.py:115} INFO - [2022-06-17 17:21:03,700] {dag.py:2379} INFO - Sync 1 DAGs
[2022-06-17 17:21:03,739] {logging_mixin.py:115} INFO - [2022-06-17 17:21:03,738] {dag.py:2927} INFO - Setting next_dagrun for example_branch_operator to 2022-06-16T00:00:00+00:00, run_after=2022-06-17T00:00:00+00:00
[2022-06-17 17:21:03,762] {processor.py:161} INFO - Processing /home/uiliam/sandbox/lib/python3.9/site-packages/airflow/example_dags/example_branch_operator.py took 0.112 seconds
[2022-06-17 17:21:34,783] {processor.py:153} INFO - Started process (PID=139683) to work on /home/uiliam/sandbox/lib/python3.9/site-packages/airflow/example_dags/example_branch_operator.py
[2022-06-17 17:21:34,784] {processor.py:641} INFO - Processing file /home/uiliam/sandbox/lib/python3.9/site-packages/airflow/example_dags/example_branch_operator.py for tasks to queue
[2022-06-17 17:21:34,785] {logging_mixin.py:115} INFO - [2022-06-17 17:21:34,785] {dagbag.py:507} INFO - Filling up the DagBag from /home/uiliam/sandbox/lib/python3.9/site-packages/airflow/example_dags/example_branch_operator.py
[2022-06-17 17:21:34,837] {processor.py:651} INFO - DAG(s) dict_keys(['example_branch_operator']) retrieved from /home/uiliam/sandbox/lib/python3.9/site-packages/airflow/example_dags/example_branch_operator.py
[2022-06-17 17:21:34,883] {logging_mixin.py:115} INFO - [2022-06-17 17:21:34,882] {dag.py:2379} INFO - Sync 1 DAGs
[2022-06-17 17:21:34,934] {logging_mixin.py:115} INFO - [2022-06-17 17:21:34,934] {dag.py:2927} INFO - Setting next_dagrun for example_branch_operator to 2022-06-16T00:00:00+00:00, run_after=2022-06-17T00:00:00+00:00
[2022-06-17 17:21:34,956] {processor.py:161} INFO - Processing /home/uiliam/sandbox/lib/python3.9/site-packages/airflow/example_dags/example_branch_operator.py took 0.191 seconds
[2022-06-17 17:22:05,723] {processor.py:153} INFO - Started process (PID=139939) to work on /home/uiliam/sandbox/lib/python3.9/site-packages/airflow/example_dags/example_branch_operator.py
[2022-06-17 17:22:05,724] {processor.py:641} INFO - Processing file /home/uiliam/sandbox/lib/python3.9/site-packages/airflow/example_dags/example_branch_operator.py for tasks to queue
[2022-06-17 17:22:05,725] {logging_mixin.py:115} INFO - [2022-06-17 17:22:05,724] {dagbag.py:507} INFO - Filling up the DagBag from /home/uiliam/sandbox/lib/python3.9/site-packages/airflow/example_dags/example_branch_operator.py
[2022-06-17 17:22:05,739] {processor.py:651} INFO - DAG(s) dict_keys(['example_branch_operator']) retrieved from /home/uiliam/sandbox/lib/python3.9/site-packages/airflow/example_dags/example_branch_operator.py
[2022-06-17 17:22:05,776] {logging_mixin.py:115} INFO - [2022-06-17 17:22:05,776] {dag.py:2379} INFO - Sync 1 DAGs
[2022-06-17 17:22:05,856] {logging_mixin.py:115} INFO - [2022-06-17 17:22:05,856] {dag.py:2927} INFO - Setting next_dagrun for example_branch_operator to 2022-06-16T00:00:00+00:00, run_after=2022-06-17T00:00:00+00:00
[2022-06-17 17:22:05,905] {processor.py:161} INFO - Processing /home/uiliam/sandbox/lib/python3.9/site-packages/airflow/example_dags/example_branch_operator.py took 0.186 seconds
[2022-06-17 17:22:36,825] {processor.py:153} INFO - Started process (PID=140192) to work on /home/uiliam/sandbox/lib/python3.9/site-packages/airflow/example_dags/example_branch_operator.py
[2022-06-17 17:22:36,826] {processor.py:641} INFO - Processing file /home/uiliam/sandbox/lib/python3.9/site-packages/airflow/example_dags/example_branch_operator.py for tasks to queue
[2022-06-17 17:22:36,827] {logging_mixin.py:115} INFO - [2022-06-17 17:22:36,826] {dagbag.py:507} INFO - Filling up the DagBag from /home/uiliam/sandbox/lib/python3.9/site-packages/airflow/example_dags/example_branch_operator.py
[2022-06-17 17:22:36,841] {processor.py:651} INFO - DAG(s) dict_keys(['example_branch_operator']) retrieved from /home/uiliam/sandbox/lib/python3.9/site-packages/airflow/example_dags/example_branch_operator.py
[2022-06-17 17:22:36,877] {logging_mixin.py:115} INFO - [2022-06-17 17:22:36,877] {dag.py:2379} INFO - Sync 1 DAGs
[2022-06-17 17:22:36,920] {logging_mixin.py:115} INFO - [2022-06-17 17:22:36,919] {dag.py:2927} INFO - Setting next_dagrun for example_branch_operator to 2022-06-16T00:00:00+00:00, run_after=2022-06-17T00:00:00+00:00
[2022-06-17 17:22:36,940] {processor.py:161} INFO - Processing /home/uiliam/sandbox/lib/python3.9/site-packages/airflow/example_dags/example_branch_operator.py took 0.120 seconds
[2022-06-17 17:23:08,010] {processor.py:153} INFO - Started process (PID=140429) to work on /home/uiliam/sandbox/lib/python3.9/site-packages/airflow/example_dags/example_branch_operator.py
[2022-06-17 17:23:08,011] {processor.py:641} INFO - Processing file /home/uiliam/sandbox/lib/python3.9/site-packages/airflow/example_dags/example_branch_operator.py for tasks to queue
[2022-06-17 17:23:08,012] {logging_mixin.py:115} INFO - [2022-06-17 17:23:08,011] {dagbag.py:507} INFO - Filling up the DagBag from /home/uiliam/sandbox/lib/python3.9/site-packages/airflow/example_dags/example_branch_operator.py
[2022-06-17 17:23:08,025] {processor.py:651} INFO - DAG(s) dict_keys(['example_branch_operator']) retrieved from /home/uiliam/sandbox/lib/python3.9/site-packages/airflow/example_dags/example_branch_operator.py
[2022-06-17 17:23:08,060] {logging_mixin.py:115} INFO - [2022-06-17 17:23:08,059] {dag.py:2379} INFO - Sync 1 DAGs
[2022-06-17 17:23:08,100] {logging_mixin.py:115} INFO - [2022-06-17 17:23:08,099] {dag.py:2927} INFO - Setting next_dagrun for example_branch_operator to 2022-06-16T00:00:00+00:00, run_after=2022-06-17T00:00:00+00:00
[2022-06-17 17:23:08,121] {processor.py:161} INFO - Processing /home/uiliam/sandbox/lib/python3.9/site-packages/airflow/example_dags/example_branch_operator.py took 0.115 seconds
[2022-06-17 17:23:39,380] {processor.py:153} INFO - Started process (PID=140671) to work on /home/uiliam/sandbox/lib/python3.9/site-packages/airflow/example_dags/example_branch_operator.py
[2022-06-17 17:23:39,381] {processor.py:641} INFO - Processing file /home/uiliam/sandbox/lib/python3.9/site-packages/airflow/example_dags/example_branch_operator.py for tasks to queue
[2022-06-17 17:23:39,382] {logging_mixin.py:115} INFO - [2022-06-17 17:23:39,382] {dagbag.py:507} INFO - Filling up the DagBag from /home/uiliam/sandbox/lib/python3.9/site-packages/airflow/example_dags/example_branch_operator.py
[2022-06-17 17:23:39,394] {processor.py:651} INFO - DAG(s) dict_keys(['example_branch_operator']) retrieved from /home/uiliam/sandbox/lib/python3.9/site-packages/airflow/example_dags/example_branch_operator.py
[2022-06-17 17:23:39,426] {logging_mixin.py:115} INFO - [2022-06-17 17:23:39,426] {dag.py:2379} INFO - Sync 1 DAGs
[2022-06-17 17:23:39,469] {logging_mixin.py:115} INFO - [2022-06-17 17:23:39,469] {dag.py:2927} INFO - Setting next_dagrun for example_branch_operator to 2022-06-16T00:00:00+00:00, run_after=2022-06-17T00:00:00+00:00
[2022-06-17 17:23:39,490] {processor.py:161} INFO - Processing /home/uiliam/sandbox/lib/python3.9/site-packages/airflow/example_dags/example_branch_operator.py took 0.115 seconds
[2022-06-17 17:24:10,540] {processor.py:153} INFO - Started process (PID=140823) to work on /home/uiliam/sandbox/lib/python3.9/site-packages/airflow/example_dags/example_branch_operator.py
[2022-06-17 17:24:10,541] {processor.py:641} INFO - Processing file /home/uiliam/sandbox/lib/python3.9/site-packages/airflow/example_dags/example_branch_operator.py for tasks to queue
[2022-06-17 17:24:10,541] {logging_mixin.py:115} INFO - [2022-06-17 17:24:10,541] {dagbag.py:507} INFO - Filling up the DagBag from /home/uiliam/sandbox/lib/python3.9/site-packages/airflow/example_dags/example_branch_operator.py
[2022-06-17 17:24:10,557] {processor.py:651} INFO - DAG(s) dict_keys(['example_branch_operator']) retrieved from /home/uiliam/sandbox/lib/python3.9/site-packages/airflow/example_dags/example_branch_operator.py
[2022-06-17 17:24:10,594] {logging_mixin.py:115} INFO - [2022-06-17 17:24:10,593] {dag.py:2379} INFO - Sync 1 DAGs
[2022-06-17 17:24:10,640] {logging_mixin.py:115} INFO - [2022-06-17 17:24:10,640] {dag.py:2927} INFO - Setting next_dagrun for example_branch_operator to 2022-06-16T00:00:00+00:00, run_after=2022-06-17T00:00:00+00:00
[2022-06-17 17:24:10,667] {processor.py:161} INFO - Processing /home/uiliam/sandbox/lib/python3.9/site-packages/airflow/example_dags/example_branch_operator.py took 0.131 seconds
[2022-06-17 17:24:41,809] {processor.py:153} INFO - Started process (PID=141150) to work on /home/uiliam/sandbox/lib/python3.9/site-packages/airflow/example_dags/example_branch_operator.py
[2022-06-17 17:24:41,809] {processor.py:641} INFO - Processing file /home/uiliam/sandbox/lib/python3.9/site-packages/airflow/example_dags/example_branch_operator.py for tasks to queue
[2022-06-17 17:24:41,810] {logging_mixin.py:115} INFO - [2022-06-17 17:24:41,810] {dagbag.py:507} INFO - Filling up the DagBag from /home/uiliam/sandbox/lib/python3.9/site-packages/airflow/example_dags/example_branch_operator.py
[2022-06-17 17:24:41,822] {processor.py:651} INFO - DAG(s) dict_keys(['example_branch_operator']) retrieved from /home/uiliam/sandbox/lib/python3.9/site-packages/airflow/example_dags/example_branch_operator.py
[2022-06-17 17:24:41,854] {logging_mixin.py:115} INFO - [2022-06-17 17:24:41,854] {dag.py:2379} INFO - Sync 1 DAGs
[2022-06-17 17:24:41,893] {logging_mixin.py:115} INFO - [2022-06-17 17:24:41,893] {dag.py:2927} INFO - Setting next_dagrun for example_branch_operator to 2022-06-16T00:00:00+00:00, run_after=2022-06-17T00:00:00+00:00
[2022-06-17 17:24:41,911] {processor.py:161} INFO - Processing /home/uiliam/sandbox/lib/python3.9/site-packages/airflow/example_dags/example_branch_operator.py took 0.108 seconds
[2022-06-17 17:25:13,051] {processor.py:153} INFO - Started process (PID=141340) to work on /home/uiliam/sandbox/lib/python3.9/site-packages/airflow/example_dags/example_branch_operator.py
[2022-06-17 17:25:13,052] {processor.py:641} INFO - Processing file /home/uiliam/sandbox/lib/python3.9/site-packages/airflow/example_dags/example_branch_operator.py for tasks to queue
[2022-06-17 17:25:13,053] {logging_mixin.py:115} INFO - [2022-06-17 17:25:13,053] {dagbag.py:507} INFO - Filling up the DagBag from /home/uiliam/sandbox/lib/python3.9/site-packages/airflow/example_dags/example_branch_operator.py
[2022-06-17 17:25:13,068] {processor.py:651} INFO - DAG(s) dict_keys(['example_branch_operator']) retrieved from /home/uiliam/sandbox/lib/python3.9/site-packages/airflow/example_dags/example_branch_operator.py
[2022-06-17 17:25:13,102] {logging_mixin.py:115} INFO - [2022-06-17 17:25:13,102] {dag.py:2379} INFO - Sync 1 DAGs
[2022-06-17 17:25:13,142] {logging_mixin.py:115} INFO - [2022-06-17 17:25:13,142] {dag.py:2927} INFO - Setting next_dagrun for example_branch_operator to 2022-06-16T00:00:00+00:00, run_after=2022-06-17T00:00:00+00:00
[2022-06-17 17:25:13,160] {processor.py:161} INFO - Processing /home/uiliam/sandbox/lib/python3.9/site-packages/airflow/example_dags/example_branch_operator.py took 0.115 seconds
[2022-06-17 17:25:44,436] {processor.py:153} INFO - Started process (PID=141553) to work on /home/uiliam/sandbox/lib/python3.9/site-packages/airflow/example_dags/example_branch_operator.py
[2022-06-17 17:25:44,437] {processor.py:641} INFO - Processing file /home/uiliam/sandbox/lib/python3.9/site-packages/airflow/example_dags/example_branch_operator.py for tasks to queue
[2022-06-17 17:25:44,437] {logging_mixin.py:115} INFO - [2022-06-17 17:25:44,437] {dagbag.py:507} INFO - Filling up the DagBag from /home/uiliam/sandbox/lib/python3.9/site-packages/airflow/example_dags/example_branch_operator.py
[2022-06-17 17:25:44,451] {processor.py:651} INFO - DAG(s) dict_keys(['example_branch_operator']) retrieved from /home/uiliam/sandbox/lib/python3.9/site-packages/airflow/example_dags/example_branch_operator.py
[2022-06-17 17:25:44,484] {logging_mixin.py:115} INFO - [2022-06-17 17:25:44,484] {dag.py:2379} INFO - Sync 1 DAGs
[2022-06-17 17:25:44,537] {logging_mixin.py:115} INFO - [2022-06-17 17:25:44,536] {dag.py:2927} INFO - Setting next_dagrun for example_branch_operator to 2022-06-16T00:00:00+00:00, run_after=2022-06-17T00:00:00+00:00
[2022-06-17 17:25:44,558] {processor.py:161} INFO - Processing /home/uiliam/sandbox/lib/python3.9/site-packages/airflow/example_dags/example_branch_operator.py took 0.127 seconds
[2022-06-17 17:26:15,539] {processor.py:153} INFO - Started process (PID=141738) to work on /home/uiliam/sandbox/lib/python3.9/site-packages/airflow/example_dags/example_branch_operator.py
[2022-06-17 17:26:15,540] {processor.py:641} INFO - Processing file /home/uiliam/sandbox/lib/python3.9/site-packages/airflow/example_dags/example_branch_operator.py for tasks to queue
[2022-06-17 17:26:15,540] {logging_mixin.py:115} INFO - [2022-06-17 17:26:15,540] {dagbag.py:507} INFO - Filling up the DagBag from /home/uiliam/sandbox/lib/python3.9/site-packages/airflow/example_dags/example_branch_operator.py
[2022-06-17 17:26:15,554] {processor.py:651} INFO - DAG(s) dict_keys(['example_branch_operator']) retrieved from /home/uiliam/sandbox/lib/python3.9/site-packages/airflow/example_dags/example_branch_operator.py
[2022-06-17 17:26:15,584] {logging_mixin.py:115} INFO - [2022-06-17 17:26:15,584] {dag.py:2379} INFO - Sync 1 DAGs
[2022-06-17 17:26:15,623] {logging_mixin.py:115} INFO - [2022-06-17 17:26:15,623] {dag.py:2927} INFO - Setting next_dagrun for example_branch_operator to 2022-06-16T00:00:00+00:00, run_after=2022-06-17T00:00:00+00:00
[2022-06-17 17:26:15,642] {processor.py:161} INFO - Processing /home/uiliam/sandbox/lib/python3.9/site-packages/airflow/example_dags/example_branch_operator.py took 0.109 seconds
[2022-06-17 17:26:46,701] {processor.py:153} INFO - Started process (PID=141912) to work on /home/uiliam/sandbox/lib/python3.9/site-packages/airflow/example_dags/example_branch_operator.py
[2022-06-17 17:26:46,701] {processor.py:641} INFO - Processing file /home/uiliam/sandbox/lib/python3.9/site-packages/airflow/example_dags/example_branch_operator.py for tasks to queue
[2022-06-17 17:26:46,702] {logging_mixin.py:115} INFO - [2022-06-17 17:26:46,702] {dagbag.py:507} INFO - Filling up the DagBag from /home/uiliam/sandbox/lib/python3.9/site-packages/airflow/example_dags/example_branch_operator.py
[2022-06-17 17:26:46,716] {processor.py:651} INFO - DAG(s) dict_keys(['example_branch_operator']) retrieved from /home/uiliam/sandbox/lib/python3.9/site-packages/airflow/example_dags/example_branch_operator.py
[2022-06-17 17:26:46,749] {logging_mixin.py:115} INFO - [2022-06-17 17:26:46,749] {dag.py:2379} INFO - Sync 1 DAGs
[2022-06-17 17:26:46,787] {logging_mixin.py:115} INFO - [2022-06-17 17:26:46,787] {dag.py:2927} INFO - Setting next_dagrun for example_branch_operator to 2022-06-16T00:00:00+00:00, run_after=2022-06-17T00:00:00+00:00
[2022-06-17 17:26:46,810] {processor.py:161} INFO - Processing /home/uiliam/sandbox/lib/python3.9/site-packages/airflow/example_dags/example_branch_operator.py took 0.114 seconds
[2022-06-17 17:27:17,871] {processor.py:153} INFO - Started process (PID=142084) to work on /home/uiliam/sandbox/lib/python3.9/site-packages/airflow/example_dags/example_branch_operator.py
[2022-06-17 17:27:17,871] {processor.py:641} INFO - Processing file /home/uiliam/sandbox/lib/python3.9/site-packages/airflow/example_dags/example_branch_operator.py for tasks to queue
[2022-06-17 17:27:17,872] {logging_mixin.py:115} INFO - [2022-06-17 17:27:17,872] {dagbag.py:507} INFO - Filling up the DagBag from /home/uiliam/sandbox/lib/python3.9/site-packages/airflow/example_dags/example_branch_operator.py
[2022-06-17 17:27:17,887] {processor.py:651} INFO - DAG(s) dict_keys(['example_branch_operator']) retrieved from /home/uiliam/sandbox/lib/python3.9/site-packages/airflow/example_dags/example_branch_operator.py
[2022-06-17 17:27:17,921] {logging_mixin.py:115} INFO - [2022-06-17 17:27:17,921] {dag.py:2379} INFO - Sync 1 DAGs
[2022-06-17 17:27:17,964] {logging_mixin.py:115} INFO - [2022-06-17 17:27:17,964] {dag.py:2927} INFO - Setting next_dagrun for example_branch_operator to 2022-06-16T00:00:00+00:00, run_after=2022-06-17T00:00:00+00:00
[2022-06-17 17:27:17,986] {processor.py:161} INFO - Processing /home/uiliam/sandbox/lib/python3.9/site-packages/airflow/example_dags/example_branch_operator.py took 0.119 seconds
[2022-06-17 17:27:48,854] {processor.py:153} INFO - Started process (PID=142314) to work on /home/uiliam/sandbox/lib/python3.9/site-packages/airflow/example_dags/example_branch_operator.py
[2022-06-17 17:27:48,854] {processor.py:641} INFO - Processing file /home/uiliam/sandbox/lib/python3.9/site-packages/airflow/example_dags/example_branch_operator.py for tasks to queue
[2022-06-17 17:27:48,855] {logging_mixin.py:115} INFO - [2022-06-17 17:27:48,855] {dagbag.py:507} INFO - Filling up the DagBag from /home/uiliam/sandbox/lib/python3.9/site-packages/airflow/example_dags/example_branch_operator.py
[2022-06-17 17:27:48,869] {processor.py:651} INFO - DAG(s) dict_keys(['example_branch_operator']) retrieved from /home/uiliam/sandbox/lib/python3.9/site-packages/airflow/example_dags/example_branch_operator.py
[2022-06-17 17:27:48,901] {logging_mixin.py:115} INFO - [2022-06-17 17:27:48,901] {dag.py:2379} INFO - Sync 1 DAGs
[2022-06-17 17:27:48,942] {logging_mixin.py:115} INFO - [2022-06-17 17:27:48,942] {dag.py:2927} INFO - Setting next_dagrun for example_branch_operator to 2022-06-16T00:00:00+00:00, run_after=2022-06-17T00:00:00+00:00
[2022-06-17 17:27:48,963] {processor.py:161} INFO - Processing /home/uiliam/sandbox/lib/python3.9/site-packages/airflow/example_dags/example_branch_operator.py took 0.114 seconds
[2022-06-17 17:28:19,723] {processor.py:153} INFO - Started process (PID=142573) to work on /home/uiliam/sandbox/lib/python3.9/site-packages/airflow/example_dags/example_branch_operator.py
[2022-06-17 17:28:19,724] {processor.py:641} INFO - Processing file /home/uiliam/sandbox/lib/python3.9/site-packages/airflow/example_dags/example_branch_operator.py for tasks to queue
[2022-06-17 17:28:19,725] {logging_mixin.py:115} INFO - [2022-06-17 17:28:19,725] {dagbag.py:507} INFO - Filling up the DagBag from /home/uiliam/sandbox/lib/python3.9/site-packages/airflow/example_dags/example_branch_operator.py
[2022-06-17 17:28:19,740] {processor.py:651} INFO - DAG(s) dict_keys(['example_branch_operator']) retrieved from /home/uiliam/sandbox/lib/python3.9/site-packages/airflow/example_dags/example_branch_operator.py
[2022-06-17 17:28:19,777] {logging_mixin.py:115} INFO - [2022-06-17 17:28:19,777] {dag.py:2379} INFO - Sync 1 DAGs
[2022-06-17 17:28:19,816] {logging_mixin.py:115} INFO - [2022-06-17 17:28:19,816] {dag.py:2927} INFO - Setting next_dagrun for example_branch_operator to 2022-06-16T00:00:00+00:00, run_after=2022-06-17T00:00:00+00:00
[2022-06-17 17:28:19,836] {processor.py:161} INFO - Processing /home/uiliam/sandbox/lib/python3.9/site-packages/airflow/example_dags/example_branch_operator.py took 0.116 seconds
[2022-06-17 17:28:51,023] {processor.py:153} INFO - Started process (PID=142792) to work on /home/uiliam/sandbox/lib/python3.9/site-packages/airflow/example_dags/example_branch_operator.py
[2022-06-17 17:28:51,023] {processor.py:641} INFO - Processing file /home/uiliam/sandbox/lib/python3.9/site-packages/airflow/example_dags/example_branch_operator.py for tasks to queue
[2022-06-17 17:28:51,024] {logging_mixin.py:115} INFO - [2022-06-17 17:28:51,024] {dagbag.py:507} INFO - Filling up the DagBag from /home/uiliam/sandbox/lib/python3.9/site-packages/airflow/example_dags/example_branch_operator.py
[2022-06-17 17:28:51,037] {processor.py:651} INFO - DAG(s) dict_keys(['example_branch_operator']) retrieved from /home/uiliam/sandbox/lib/python3.9/site-packages/airflow/example_dags/example_branch_operator.py
[2022-06-17 17:28:51,070] {logging_mixin.py:115} INFO - [2022-06-17 17:28:51,069] {dag.py:2379} INFO - Sync 1 DAGs
[2022-06-17 17:28:51,110] {logging_mixin.py:115} INFO - [2022-06-17 17:28:51,109] {dag.py:2927} INFO - Setting next_dagrun for example_branch_operator to 2022-06-16T00:00:00+00:00, run_after=2022-06-17T00:00:00+00:00
[2022-06-17 17:28:51,131] {processor.py:161} INFO - Processing /home/uiliam/sandbox/lib/python3.9/site-packages/airflow/example_dags/example_branch_operator.py took 0.113 seconds
[2022-06-17 17:29:22,123] {processor.py:153} INFO - Started process (PID=142980) to work on /home/uiliam/sandbox/lib/python3.9/site-packages/airflow/example_dags/example_branch_operator.py
[2022-06-17 17:29:22,124] {processor.py:641} INFO - Processing file /home/uiliam/sandbox/lib/python3.9/site-packages/airflow/example_dags/example_branch_operator.py for tasks to queue
[2022-06-17 17:29:22,124] {logging_mixin.py:115} INFO - [2022-06-17 17:29:22,124] {dagbag.py:507} INFO - Filling up the DagBag from /home/uiliam/sandbox/lib/python3.9/site-packages/airflow/example_dags/example_branch_operator.py
[2022-06-17 17:29:22,139] {processor.py:651} INFO - DAG(s) dict_keys(['example_branch_operator']) retrieved from /home/uiliam/sandbox/lib/python3.9/site-packages/airflow/example_dags/example_branch_operator.py
[2022-06-17 17:29:22,175] {logging_mixin.py:115} INFO - [2022-06-17 17:29:22,175] {dag.py:2379} INFO - Sync 1 DAGs
[2022-06-17 17:29:22,212] {logging_mixin.py:115} INFO - [2022-06-17 17:29:22,212] {dag.py:2927} INFO - Setting next_dagrun for example_branch_operator to 2022-06-16T00:00:00+00:00, run_after=2022-06-17T00:00:00+00:00
[2022-06-17 17:29:22,230] {processor.py:161} INFO - Processing /home/uiliam/sandbox/lib/python3.9/site-packages/airflow/example_dags/example_branch_operator.py took 0.113 seconds
[2022-06-17 17:29:53,358] {processor.py:153} INFO - Started process (PID=143195) to work on /home/uiliam/sandbox/lib/python3.9/site-packages/airflow/example_dags/example_branch_operator.py
[2022-06-17 17:29:53,359] {processor.py:641} INFO - Processing file /home/uiliam/sandbox/lib/python3.9/site-packages/airflow/example_dags/example_branch_operator.py for tasks to queue
[2022-06-17 17:29:53,360] {logging_mixin.py:115} INFO - [2022-06-17 17:29:53,360] {dagbag.py:507} INFO - Filling up the DagBag from /home/uiliam/sandbox/lib/python3.9/site-packages/airflow/example_dags/example_branch_operator.py
[2022-06-17 17:29:53,374] {processor.py:651} INFO - DAG(s) dict_keys(['example_branch_operator']) retrieved from /home/uiliam/sandbox/lib/python3.9/site-packages/airflow/example_dags/example_branch_operator.py
[2022-06-17 17:29:53,409] {logging_mixin.py:115} INFO - [2022-06-17 17:29:53,409] {dag.py:2379} INFO - Sync 1 DAGs
[2022-06-17 17:29:53,451] {logging_mixin.py:115} INFO - [2022-06-17 17:29:53,450] {dag.py:2927} INFO - Setting next_dagrun for example_branch_operator to 2022-06-16T00:00:00+00:00, run_after=2022-06-17T00:00:00+00:00
[2022-06-17 17:29:53,473] {processor.py:161} INFO - Processing /home/uiliam/sandbox/lib/python3.9/site-packages/airflow/example_dags/example_branch_operator.py took 0.119 seconds
[2022-06-17 17:30:24,156] {processor.py:153} INFO - Started process (PID=143339) to work on /home/uiliam/sandbox/lib/python3.9/site-packages/airflow/example_dags/example_branch_operator.py
[2022-06-17 17:30:24,157] {processor.py:641} INFO - Processing file /home/uiliam/sandbox/lib/python3.9/site-packages/airflow/example_dags/example_branch_operator.py for tasks to queue
[2022-06-17 17:30:24,157] {logging_mixin.py:115} INFO - [2022-06-17 17:30:24,157] {dagbag.py:507} INFO - Filling up the DagBag from /home/uiliam/sandbox/lib/python3.9/site-packages/airflow/example_dags/example_branch_operator.py
[2022-06-17 17:30:24,171] {processor.py:651} INFO - DAG(s) dict_keys(['example_branch_operator']) retrieved from /home/uiliam/sandbox/lib/python3.9/site-packages/airflow/example_dags/example_branch_operator.py
[2022-06-17 17:30:24,204] {logging_mixin.py:115} INFO - [2022-06-17 17:30:24,204] {dag.py:2379} INFO - Sync 1 DAGs
[2022-06-17 17:30:24,242] {logging_mixin.py:115} INFO - [2022-06-17 17:30:24,241] {dag.py:2927} INFO - Setting next_dagrun for example_branch_operator to 2022-06-16T00:00:00+00:00, run_after=2022-06-17T00:00:00+00:00
[2022-06-17 17:30:24,265] {processor.py:161} INFO - Processing /home/uiliam/sandbox/lib/python3.9/site-packages/airflow/example_dags/example_branch_operator.py took 0.115 seconds
[2022-06-17 17:30:55,405] {processor.py:153} INFO - Started process (PID=143517) to work on /home/uiliam/sandbox/lib/python3.9/site-packages/airflow/example_dags/example_branch_operator.py
[2022-06-17 17:30:55,406] {processor.py:641} INFO - Processing file /home/uiliam/sandbox/lib/python3.9/site-packages/airflow/example_dags/example_branch_operator.py for tasks to queue
[2022-06-17 17:30:55,406] {logging_mixin.py:115} INFO - [2022-06-17 17:30:55,406] {dagbag.py:507} INFO - Filling up the DagBag from /home/uiliam/sandbox/lib/python3.9/site-packages/airflow/example_dags/example_branch_operator.py
[2022-06-17 17:30:55,422] {processor.py:651} INFO - DAG(s) dict_keys(['example_branch_operator']) retrieved from /home/uiliam/sandbox/lib/python3.9/site-packages/airflow/example_dags/example_branch_operator.py
[2022-06-17 17:30:55,456] {logging_mixin.py:115} INFO - [2022-06-17 17:30:55,455] {dag.py:2379} INFO - Sync 1 DAGs
[2022-06-17 17:30:55,496] {logging_mixin.py:115} INFO - [2022-06-17 17:30:55,496] {dag.py:2927} INFO - Setting next_dagrun for example_branch_operator to 2022-06-16T00:00:00+00:00, run_after=2022-06-17T00:00:00+00:00
[2022-06-17 17:30:55,516] {processor.py:161} INFO - Processing /home/uiliam/sandbox/lib/python3.9/site-packages/airflow/example_dags/example_branch_operator.py took 0.116 seconds
[2022-06-17 17:31:27,057] {processor.py:153} INFO - Started process (PID=143787) to work on /home/uiliam/sandbox/lib/python3.9/site-packages/airflow/example_dags/example_branch_operator.py
[2022-06-17 17:31:27,058] {processor.py:641} INFO - Processing file /home/uiliam/sandbox/lib/python3.9/site-packages/airflow/example_dags/example_branch_operator.py for tasks to queue
[2022-06-17 17:31:27,059] {logging_mixin.py:115} INFO - [2022-06-17 17:31:27,059] {dagbag.py:507} INFO - Filling up the DagBag from /home/uiliam/sandbox/lib/python3.9/site-packages/airflow/example_dags/example_branch_operator.py
[2022-06-17 17:31:27,073] {processor.py:651} INFO - DAG(s) dict_keys(['example_branch_operator']) retrieved from /home/uiliam/sandbox/lib/python3.9/site-packages/airflow/example_dags/example_branch_operator.py
[2022-06-17 17:31:27,111] {logging_mixin.py:115} INFO - [2022-06-17 17:31:27,111] {dag.py:2379} INFO - Sync 1 DAGs
[2022-06-17 17:31:27,166] {logging_mixin.py:115} INFO - [2022-06-17 17:31:27,166] {dag.py:2927} INFO - Setting next_dagrun for example_branch_operator to 2022-06-16T00:00:00+00:00, run_after=2022-06-17T00:00:00+00:00
[2022-06-17 17:31:27,195] {processor.py:161} INFO - Processing /home/uiliam/sandbox/lib/python3.9/site-packages/airflow/example_dags/example_branch_operator.py took 0.142 seconds
[2022-06-17 17:31:57,675] {processor.py:153} INFO - Started process (PID=143963) to work on /home/uiliam/sandbox/lib/python3.9/site-packages/airflow/example_dags/example_branch_operator.py
[2022-06-17 17:31:57,676] {processor.py:641} INFO - Processing file /home/uiliam/sandbox/lib/python3.9/site-packages/airflow/example_dags/example_branch_operator.py for tasks to queue
[2022-06-17 17:31:57,677] {logging_mixin.py:115} INFO - [2022-06-17 17:31:57,677] {dagbag.py:507} INFO - Filling up the DagBag from /home/uiliam/sandbox/lib/python3.9/site-packages/airflow/example_dags/example_branch_operator.py
[2022-06-17 17:31:57,694] {processor.py:651} INFO - DAG(s) dict_keys(['example_branch_operator']) retrieved from /home/uiliam/sandbox/lib/python3.9/site-packages/airflow/example_dags/example_branch_operator.py
[2022-06-17 17:31:57,727] {logging_mixin.py:115} INFO - [2022-06-17 17:31:57,727] {dag.py:2379} INFO - Sync 1 DAGs
[2022-06-17 17:31:57,772] {logging_mixin.py:115} INFO - [2022-06-17 17:31:57,772] {dag.py:2927} INFO - Setting next_dagrun for example_branch_operator to 2022-06-16T00:00:00+00:00, run_after=2022-06-17T00:00:00+00:00
[2022-06-17 17:31:57,794] {processor.py:161} INFO - Processing /home/uiliam/sandbox/lib/python3.9/site-packages/airflow/example_dags/example_branch_operator.py took 0.124 seconds
[2022-06-17 17:32:28,081] {processor.py:153} INFO - Started process (PID=144150) to work on /home/uiliam/sandbox/lib/python3.9/site-packages/airflow/example_dags/example_branch_operator.py
[2022-06-17 17:32:28,082] {processor.py:641} INFO - Processing file /home/uiliam/sandbox/lib/python3.9/site-packages/airflow/example_dags/example_branch_operator.py for tasks to queue
[2022-06-17 17:32:28,083] {logging_mixin.py:115} INFO - [2022-06-17 17:32:28,083] {dagbag.py:507} INFO - Filling up the DagBag from /home/uiliam/sandbox/lib/python3.9/site-packages/airflow/example_dags/example_branch_operator.py
[2022-06-17 17:32:28,101] {processor.py:651} INFO - DAG(s) dict_keys(['example_branch_operator']) retrieved from /home/uiliam/sandbox/lib/python3.9/site-packages/airflow/example_dags/example_branch_operator.py
[2022-06-17 17:32:28,147] {logging_mixin.py:115} INFO - [2022-06-17 17:32:28,146] {dag.py:2379} INFO - Sync 1 DAGs
[2022-06-17 17:32:28,198] {logging_mixin.py:115} INFO - [2022-06-17 17:32:28,197] {dag.py:2927} INFO - Setting next_dagrun for example_branch_operator to 2022-06-16T00:00:00+00:00, run_after=2022-06-17T00:00:00+00:00
[2022-06-17 17:32:28,224] {processor.py:161} INFO - Processing /home/uiliam/sandbox/lib/python3.9/site-packages/airflow/example_dags/example_branch_operator.py took 0.149 seconds
[2022-06-17 17:32:59,377] {processor.py:153} INFO - Started process (PID=144316) to work on /home/uiliam/sandbox/lib/python3.9/site-packages/airflow/example_dags/example_branch_operator.py
[2022-06-17 17:32:59,378] {processor.py:641} INFO - Processing file /home/uiliam/sandbox/lib/python3.9/site-packages/airflow/example_dags/example_branch_operator.py for tasks to queue
[2022-06-17 17:32:59,379] {logging_mixin.py:115} INFO - [2022-06-17 17:32:59,378] {dagbag.py:507} INFO - Filling up the DagBag from /home/uiliam/sandbox/lib/python3.9/site-packages/airflow/example_dags/example_branch_operator.py
[2022-06-17 17:32:59,397] {processor.py:651} INFO - DAG(s) dict_keys(['example_branch_operator']) retrieved from /home/uiliam/sandbox/lib/python3.9/site-packages/airflow/example_dags/example_branch_operator.py
[2022-06-17 17:32:59,436] {logging_mixin.py:115} INFO - [2022-06-17 17:32:59,435] {dag.py:2379} INFO - Sync 1 DAGs
[2022-06-17 17:32:59,482] {logging_mixin.py:115} INFO - [2022-06-17 17:32:59,482] {dag.py:2927} INFO - Setting next_dagrun for example_branch_operator to 2022-06-16T00:00:00+00:00, run_after=2022-06-17T00:00:00+00:00
[2022-06-17 17:32:59,506] {processor.py:161} INFO - Processing /home/uiliam/sandbox/lib/python3.9/site-packages/airflow/example_dags/example_branch_operator.py took 0.134 seconds
[2022-06-17 17:33:30,252] {processor.py:153} INFO - Started process (PID=144495) to work on /home/uiliam/sandbox/lib/python3.9/site-packages/airflow/example_dags/example_branch_operator.py
[2022-06-17 17:33:30,253] {processor.py:641} INFO - Processing file /home/uiliam/sandbox/lib/python3.9/site-packages/airflow/example_dags/example_branch_operator.py for tasks to queue
[2022-06-17 17:33:30,253] {logging_mixin.py:115} INFO - [2022-06-17 17:33:30,253] {dagbag.py:507} INFO - Filling up the DagBag from /home/uiliam/sandbox/lib/python3.9/site-packages/airflow/example_dags/example_branch_operator.py
[2022-06-17 17:33:30,266] {processor.py:651} INFO - DAG(s) dict_keys(['example_branch_operator']) retrieved from /home/uiliam/sandbox/lib/python3.9/site-packages/airflow/example_dags/example_branch_operator.py
[2022-06-17 17:33:30,301] {logging_mixin.py:115} INFO - [2022-06-17 17:33:30,301] {dag.py:2379} INFO - Sync 1 DAGs
[2022-06-17 17:33:30,342] {logging_mixin.py:115} INFO - [2022-06-17 17:33:30,341] {dag.py:2927} INFO - Setting next_dagrun for example_branch_operator to 2022-06-16T00:00:00+00:00, run_after=2022-06-17T00:00:00+00:00
[2022-06-17 17:33:30,362] {processor.py:161} INFO - Processing /home/uiliam/sandbox/lib/python3.9/site-packages/airflow/example_dags/example_branch_operator.py took 0.115 seconds
[2022-06-17 17:34:01,554] {processor.py:153} INFO - Started process (PID=144662) to work on /home/uiliam/sandbox/lib/python3.9/site-packages/airflow/example_dags/example_branch_operator.py
[2022-06-17 17:34:01,554] {processor.py:641} INFO - Processing file /home/uiliam/sandbox/lib/python3.9/site-packages/airflow/example_dags/example_branch_operator.py for tasks to queue
[2022-06-17 17:34:01,555] {logging_mixin.py:115} INFO - [2022-06-17 17:34:01,555] {dagbag.py:507} INFO - Filling up the DagBag from /home/uiliam/sandbox/lib/python3.9/site-packages/airflow/example_dags/example_branch_operator.py
[2022-06-17 17:34:01,573] {processor.py:651} INFO - DAG(s) dict_keys(['example_branch_operator']) retrieved from /home/uiliam/sandbox/lib/python3.9/site-packages/airflow/example_dags/example_branch_operator.py
[2022-06-17 17:34:01,612] {logging_mixin.py:115} INFO - [2022-06-17 17:34:01,612] {dag.py:2379} INFO - Sync 1 DAGs
[2022-06-17 17:34:01,663] {logging_mixin.py:115} INFO - [2022-06-17 17:34:01,663] {dag.py:2927} INFO - Setting next_dagrun for example_branch_operator to 2022-06-16T00:00:00+00:00, run_after=2022-06-17T00:00:00+00:00
[2022-06-17 17:34:01,686] {processor.py:161} INFO - Processing /home/uiliam/sandbox/lib/python3.9/site-packages/airflow/example_dags/example_branch_operator.py took 0.138 seconds
[2022-06-17 17:34:33,214] {processor.py:153} INFO - Started process (PID=145074) to work on /home/uiliam/sandbox/lib/python3.9/site-packages/airflow/example_dags/example_branch_operator.py
[2022-06-17 17:34:33,215] {processor.py:641} INFO - Processing file /home/uiliam/sandbox/lib/python3.9/site-packages/airflow/example_dags/example_branch_operator.py for tasks to queue
[2022-06-17 17:34:33,216] {logging_mixin.py:115} INFO - [2022-06-17 17:34:33,216] {dagbag.py:507} INFO - Filling up the DagBag from /home/uiliam/sandbox/lib/python3.9/site-packages/airflow/example_dags/example_branch_operator.py
[2022-06-17 17:34:33,232] {processor.py:651} INFO - DAG(s) dict_keys(['example_branch_operator']) retrieved from /home/uiliam/sandbox/lib/python3.9/site-packages/airflow/example_dags/example_branch_operator.py
[2022-06-17 17:34:33,272] {logging_mixin.py:115} INFO - [2022-06-17 17:34:33,272] {dag.py:2379} INFO - Sync 1 DAGs
[2022-06-17 17:34:33,319] {logging_mixin.py:115} INFO - [2022-06-17 17:34:33,319] {dag.py:2927} INFO - Setting next_dagrun for example_branch_operator to 2022-06-16T00:00:00+00:00, run_after=2022-06-17T00:00:00+00:00
[2022-06-17 17:34:33,342] {processor.py:161} INFO - Processing /home/uiliam/sandbox/lib/python3.9/site-packages/airflow/example_dags/example_branch_operator.py took 0.134 seconds
[2022-06-17 17:35:04,634] {processor.py:153} INFO - Started process (PID=145421) to work on /home/uiliam/sandbox/lib/python3.9/site-packages/airflow/example_dags/example_branch_operator.py
[2022-06-17 17:35:04,634] {processor.py:641} INFO - Processing file /home/uiliam/sandbox/lib/python3.9/site-packages/airflow/example_dags/example_branch_operator.py for tasks to queue
[2022-06-17 17:35:04,636] {logging_mixin.py:115} INFO - [2022-06-17 17:35:04,636] {dagbag.py:507} INFO - Filling up the DagBag from /home/uiliam/sandbox/lib/python3.9/site-packages/airflow/example_dags/example_branch_operator.py
[2022-06-17 17:35:04,655] {processor.py:651} INFO - DAG(s) dict_keys(['example_branch_operator']) retrieved from /home/uiliam/sandbox/lib/python3.9/site-packages/airflow/example_dags/example_branch_operator.py
[2022-06-17 17:35:04,696] {logging_mixin.py:115} INFO - [2022-06-17 17:35:04,695] {dag.py:2379} INFO - Sync 1 DAGs
[2022-06-17 17:35:04,737] {logging_mixin.py:115} INFO - [2022-06-17 17:35:04,737] {dag.py:2927} INFO - Setting next_dagrun for example_branch_operator to 2022-06-16T00:00:00+00:00, run_after=2022-06-17T00:00:00+00:00
[2022-06-17 17:35:04,761] {processor.py:161} INFO - Processing /home/uiliam/sandbox/lib/python3.9/site-packages/airflow/example_dags/example_branch_operator.py took 0.135 seconds
[2022-06-17 17:35:35,926] {processor.py:153} INFO - Started process (PID=145711) to work on /home/uiliam/sandbox/lib/python3.9/site-packages/airflow/example_dags/example_branch_operator.py
[2022-06-17 17:35:35,927] {processor.py:641} INFO - Processing file /home/uiliam/sandbox/lib/python3.9/site-packages/airflow/example_dags/example_branch_operator.py for tasks to queue
[2022-06-17 17:35:35,927] {logging_mixin.py:115} INFO - [2022-06-17 17:35:35,927] {dagbag.py:507} INFO - Filling up the DagBag from /home/uiliam/sandbox/lib/python3.9/site-packages/airflow/example_dags/example_branch_operator.py
[2022-06-17 17:35:35,942] {processor.py:651} INFO - DAG(s) dict_keys(['example_branch_operator']) retrieved from /home/uiliam/sandbox/lib/python3.9/site-packages/airflow/example_dags/example_branch_operator.py
[2022-06-17 17:35:35,979] {logging_mixin.py:115} INFO - [2022-06-17 17:35:35,979] {dag.py:2379} INFO - Sync 1 DAGs
[2022-06-17 17:35:36,027] {logging_mixin.py:115} INFO - [2022-06-17 17:35:36,026] {dag.py:2927} INFO - Setting next_dagrun for example_branch_operator to 2022-06-16T00:00:00+00:00, run_after=2022-06-17T00:00:00+00:00
[2022-06-17 17:35:36,048] {processor.py:161} INFO - Processing /home/uiliam/sandbox/lib/python3.9/site-packages/airflow/example_dags/example_branch_operator.py took 0.126 seconds
[2022-06-17 17:36:07,476] {processor.py:153} INFO - Started process (PID=146067) to work on /home/uiliam/sandbox/lib/python3.9/site-packages/airflow/example_dags/example_branch_operator.py
[2022-06-17 17:36:07,477] {processor.py:641} INFO - Processing file /home/uiliam/sandbox/lib/python3.9/site-packages/airflow/example_dags/example_branch_operator.py for tasks to queue
[2022-06-17 17:36:07,478] {logging_mixin.py:115} INFO - [2022-06-17 17:36:07,477] {dagbag.py:507} INFO - Filling up the DagBag from /home/uiliam/sandbox/lib/python3.9/site-packages/airflow/example_dags/example_branch_operator.py
[2022-06-17 17:36:07,493] {processor.py:651} INFO - DAG(s) dict_keys(['example_branch_operator']) retrieved from /home/uiliam/sandbox/lib/python3.9/site-packages/airflow/example_dags/example_branch_operator.py
[2022-06-17 17:36:07,533] {logging_mixin.py:115} INFO - [2022-06-17 17:36:07,532] {dag.py:2379} INFO - Sync 1 DAGs
[2022-06-17 17:36:07,579] {logging_mixin.py:115} INFO - [2022-06-17 17:36:07,579] {dag.py:2927} INFO - Setting next_dagrun for example_branch_operator to 2022-06-16T00:00:00+00:00, run_after=2022-06-17T00:00:00+00:00
[2022-06-17 17:36:07,602] {processor.py:161} INFO - Processing /home/uiliam/sandbox/lib/python3.9/site-packages/airflow/example_dags/example_branch_operator.py took 0.132 seconds
