[2022-06-17 17:11:10,743] {processor.py:153} INFO - Started process (PID=132475) to work on /home/uiliam/sandbox/lib/python3.9/site-packages/airflow/example_dags/example_xcom.py
[2022-06-17 17:11:10,744] {processor.py:641} INFO - Processing file /home/uiliam/sandbox/lib/python3.9/site-packages/airflow/example_dags/example_xcom.py for tasks to queue
[2022-06-17 17:11:10,745] {logging_mixin.py:115} INFO - [2022-06-17 17:11:10,745] {dagbag.py:507} INFO - Filling up the DagBag from /home/uiliam/sandbox/lib/python3.9/site-packages/airflow/example_dags/example_xcom.py
[2022-06-17 17:11:10,770] {processor.py:651} INFO - DAG(s) dict_keys(['example_xcom']) retrieved from /home/uiliam/sandbox/lib/python3.9/site-packages/airflow/example_dags/example_xcom.py
[2022-06-17 17:11:10,858] {logging_mixin.py:115} INFO - [2022-06-17 17:11:10,858] {dag.py:2379} INFO - Sync 1 DAGs
[2022-06-17 17:11:10,889] {logging_mixin.py:115} INFO - [2022-06-17 17:11:10,889] {dag.py:2927} INFO - Setting next_dagrun for example_xcom to 2021-01-01T00:00:00+00:00, run_after=2021-01-01T00:00:00+00:00
[2022-06-17 17:11:10,911] {processor.py:161} INFO - Processing /home/uiliam/sandbox/lib/python3.9/site-packages/airflow/example_dags/example_xcom.py took 0.173 seconds
[2022-06-17 17:11:42,019] {processor.py:153} INFO - Started process (PID=132822) to work on /home/uiliam/sandbox/lib/python3.9/site-packages/airflow/example_dags/example_xcom.py
[2022-06-17 17:11:42,020] {processor.py:641} INFO - Processing file /home/uiliam/sandbox/lib/python3.9/site-packages/airflow/example_dags/example_xcom.py for tasks to queue
[2022-06-17 17:11:42,021] {logging_mixin.py:115} INFO - [2022-06-17 17:11:42,021] {dagbag.py:507} INFO - Filling up the DagBag from /home/uiliam/sandbox/lib/python3.9/site-packages/airflow/example_dags/example_xcom.py
[2022-06-17 17:11:42,048] {processor.py:651} INFO - DAG(s) dict_keys(['example_xcom']) retrieved from /home/uiliam/sandbox/lib/python3.9/site-packages/airflow/example_dags/example_xcom.py
[2022-06-17 17:11:42,136] {logging_mixin.py:115} INFO - [2022-06-17 17:11:42,136] {dag.py:2379} INFO - Sync 1 DAGs
[2022-06-17 17:11:42,167] {logging_mixin.py:115} INFO - [2022-06-17 17:11:42,166] {dag.py:2927} INFO - Setting next_dagrun for example_xcom to 2021-01-01T00:00:00+00:00, run_after=2021-01-01T00:00:00+00:00
[2022-06-17 17:11:42,188] {processor.py:161} INFO - Processing /home/uiliam/sandbox/lib/python3.9/site-packages/airflow/example_dags/example_xcom.py took 0.174 seconds
[2022-06-17 17:12:13,198] {processor.py:153} INFO - Started process (PID=134008) to work on /home/uiliam/sandbox/lib/python3.9/site-packages/airflow/example_dags/example_xcom.py
[2022-06-17 17:12:13,198] {processor.py:641} INFO - Processing file /home/uiliam/sandbox/lib/python3.9/site-packages/airflow/example_dags/example_xcom.py for tasks to queue
[2022-06-17 17:12:13,199] {logging_mixin.py:115} INFO - [2022-06-17 17:12:13,199] {dagbag.py:507} INFO - Filling up the DagBag from /home/uiliam/sandbox/lib/python3.9/site-packages/airflow/example_dags/example_xcom.py
[2022-06-17 17:12:13,223] {processor.py:651} INFO - DAG(s) dict_keys(['example_xcom']) retrieved from /home/uiliam/sandbox/lib/python3.9/site-packages/airflow/example_dags/example_xcom.py
[2022-06-17 17:12:13,308] {logging_mixin.py:115} INFO - [2022-06-17 17:12:13,308] {dag.py:2379} INFO - Sync 1 DAGs
[2022-06-17 17:12:13,338] {logging_mixin.py:115} INFO - [2022-06-17 17:12:13,338] {dag.py:2927} INFO - Setting next_dagrun for example_xcom to 2021-01-01T00:00:00+00:00, run_after=2021-01-01T00:00:00+00:00
[2022-06-17 17:12:13,366] {processor.py:161} INFO - Processing /home/uiliam/sandbox/lib/python3.9/site-packages/airflow/example_dags/example_xcom.py took 0.173 seconds
[2022-06-17 17:12:44,392] {processor.py:153} INFO - Started process (PID=135112) to work on /home/uiliam/sandbox/lib/python3.9/site-packages/airflow/example_dags/example_xcom.py
[2022-06-17 17:12:44,393] {processor.py:641} INFO - Processing file /home/uiliam/sandbox/lib/python3.9/site-packages/airflow/example_dags/example_xcom.py for tasks to queue
[2022-06-17 17:12:44,394] {logging_mixin.py:115} INFO - [2022-06-17 17:12:44,394] {dagbag.py:507} INFO - Filling up the DagBag from /home/uiliam/sandbox/lib/python3.9/site-packages/airflow/example_dags/example_xcom.py
[2022-06-17 17:12:44,422] {processor.py:651} INFO - DAG(s) dict_keys(['example_xcom']) retrieved from /home/uiliam/sandbox/lib/python3.9/site-packages/airflow/example_dags/example_xcom.py
[2022-06-17 17:12:44,513] {logging_mixin.py:115} INFO - [2022-06-17 17:12:44,513] {dag.py:2379} INFO - Sync 1 DAGs
[2022-06-17 17:12:44,546] {logging_mixin.py:115} INFO - [2022-06-17 17:12:44,546] {dag.py:2927} INFO - Setting next_dagrun for example_xcom to 2021-01-01T00:00:00+00:00, run_after=2021-01-01T00:00:00+00:00
[2022-06-17 17:12:44,567] {processor.py:161} INFO - Processing /home/uiliam/sandbox/lib/python3.9/site-packages/airflow/example_dags/example_xcom.py took 0.182 seconds
[2022-06-17 17:13:15,728] {processor.py:153} INFO - Started process (PID=135504) to work on /home/uiliam/sandbox/lib/python3.9/site-packages/airflow/example_dags/example_xcom.py
[2022-06-17 17:13:15,728] {processor.py:641} INFO - Processing file /home/uiliam/sandbox/lib/python3.9/site-packages/airflow/example_dags/example_xcom.py for tasks to queue
[2022-06-17 17:13:15,729] {logging_mixin.py:115} INFO - [2022-06-17 17:13:15,729] {dagbag.py:507} INFO - Filling up the DagBag from /home/uiliam/sandbox/lib/python3.9/site-packages/airflow/example_dags/example_xcom.py
[2022-06-17 17:13:15,757] {processor.py:651} INFO - DAG(s) dict_keys(['example_xcom']) retrieved from /home/uiliam/sandbox/lib/python3.9/site-packages/airflow/example_dags/example_xcom.py
[2022-06-17 17:13:15,854] {logging_mixin.py:115} INFO - [2022-06-17 17:13:15,854] {dag.py:2379} INFO - Sync 1 DAGs
[2022-06-17 17:13:15,894] {logging_mixin.py:115} INFO - [2022-06-17 17:13:15,894] {dag.py:2927} INFO - Setting next_dagrun for example_xcom to 2021-01-01T00:00:00+00:00, run_after=2021-01-01T00:00:00+00:00
[2022-06-17 17:13:15,925] {processor.py:161} INFO - Processing /home/uiliam/sandbox/lib/python3.9/site-packages/airflow/example_dags/example_xcom.py took 0.202 seconds
[2022-06-17 17:13:46,939] {processor.py:153} INFO - Started process (PID=135811) to work on /home/uiliam/sandbox/lib/python3.9/site-packages/airflow/example_dags/example_xcom.py
[2022-06-17 17:13:46,940] {processor.py:641} INFO - Processing file /home/uiliam/sandbox/lib/python3.9/site-packages/airflow/example_dags/example_xcom.py for tasks to queue
[2022-06-17 17:13:46,941] {logging_mixin.py:115} INFO - [2022-06-17 17:13:46,941] {dagbag.py:507} INFO - Filling up the DagBag from /home/uiliam/sandbox/lib/python3.9/site-packages/airflow/example_dags/example_xcom.py
[2022-06-17 17:13:46,972] {processor.py:651} INFO - DAG(s) dict_keys(['example_xcom']) retrieved from /home/uiliam/sandbox/lib/python3.9/site-packages/airflow/example_dags/example_xcom.py
[2022-06-17 17:13:47,067] {logging_mixin.py:115} INFO - [2022-06-17 17:13:47,067] {dag.py:2379} INFO - Sync 1 DAGs
[2022-06-17 17:13:47,105] {logging_mixin.py:115} INFO - [2022-06-17 17:13:47,104] {dag.py:2927} INFO - Setting next_dagrun for example_xcom to 2021-01-01T00:00:00+00:00, run_after=2021-01-01T00:00:00+00:00
[2022-06-17 17:13:47,132] {processor.py:161} INFO - Processing /home/uiliam/sandbox/lib/python3.9/site-packages/airflow/example_dags/example_xcom.py took 0.198 seconds
[2022-06-17 17:14:18,132] {processor.py:153} INFO - Started process (PID=136091) to work on /home/uiliam/sandbox/lib/python3.9/site-packages/airflow/example_dags/example_xcom.py
[2022-06-17 17:14:18,133] {processor.py:641} INFO - Processing file /home/uiliam/sandbox/lib/python3.9/site-packages/airflow/example_dags/example_xcom.py for tasks to queue
[2022-06-17 17:14:18,134] {logging_mixin.py:115} INFO - [2022-06-17 17:14:18,133] {dagbag.py:507} INFO - Filling up the DagBag from /home/uiliam/sandbox/lib/python3.9/site-packages/airflow/example_dags/example_xcom.py
[2022-06-17 17:14:18,164] {processor.py:651} INFO - DAG(s) dict_keys(['example_xcom']) retrieved from /home/uiliam/sandbox/lib/python3.9/site-packages/airflow/example_dags/example_xcom.py
[2022-06-17 17:14:18,269] {logging_mixin.py:115} INFO - [2022-06-17 17:14:18,269] {dag.py:2379} INFO - Sync 1 DAGs
[2022-06-17 17:14:18,309] {logging_mixin.py:115} INFO - [2022-06-17 17:14:18,309] {dag.py:2927} INFO - Setting next_dagrun for example_xcom to 2021-01-01T00:00:00+00:00, run_after=2021-01-01T00:00:00+00:00
[2022-06-17 17:14:18,337] {processor.py:161} INFO - Processing /home/uiliam/sandbox/lib/python3.9/site-packages/airflow/example_dags/example_xcom.py took 0.209 seconds
[2022-06-17 17:14:49,559] {processor.py:153} INFO - Started process (PID=136441) to work on /home/uiliam/sandbox/lib/python3.9/site-packages/airflow/example_dags/example_xcom.py
[2022-06-17 17:14:49,560] {processor.py:641} INFO - Processing file /home/uiliam/sandbox/lib/python3.9/site-packages/airflow/example_dags/example_xcom.py for tasks to queue
[2022-06-17 17:14:49,560] {logging_mixin.py:115} INFO - [2022-06-17 17:14:49,560] {dagbag.py:507} INFO - Filling up the DagBag from /home/uiliam/sandbox/lib/python3.9/site-packages/airflow/example_dags/example_xcom.py
[2022-06-17 17:14:49,583] {processor.py:651} INFO - DAG(s) dict_keys(['example_xcom']) retrieved from /home/uiliam/sandbox/lib/python3.9/site-packages/airflow/example_dags/example_xcom.py
[2022-06-17 17:14:49,613] {logging_mixin.py:115} INFO - [2022-06-17 17:14:49,613] {dag.py:2379} INFO - Sync 1 DAGs
[2022-06-17 17:14:49,649] {logging_mixin.py:115} INFO - [2022-06-17 17:14:49,649] {dag.py:2927} INFO - Setting next_dagrun for example_xcom to 2021-01-01T00:00:00+00:00, run_after=2021-01-01T00:00:00+00:00
[2022-06-17 17:14:49,668] {processor.py:161} INFO - Processing /home/uiliam/sandbox/lib/python3.9/site-packages/airflow/example_dags/example_xcom.py took 0.112 seconds
[2022-06-17 17:15:20,842] {processor.py:153} INFO - Started process (PID=136704) to work on /home/uiliam/sandbox/lib/python3.9/site-packages/airflow/example_dags/example_xcom.py
[2022-06-17 17:15:20,843] {processor.py:641} INFO - Processing file /home/uiliam/sandbox/lib/python3.9/site-packages/airflow/example_dags/example_xcom.py for tasks to queue
[2022-06-17 17:15:20,843] {logging_mixin.py:115} INFO - [2022-06-17 17:15:20,843] {dagbag.py:507} INFO - Filling up the DagBag from /home/uiliam/sandbox/lib/python3.9/site-packages/airflow/example_dags/example_xcom.py
[2022-06-17 17:15:20,868] {processor.py:651} INFO - DAG(s) dict_keys(['example_xcom']) retrieved from /home/uiliam/sandbox/lib/python3.9/site-packages/airflow/example_dags/example_xcom.py
[2022-06-17 17:15:20,903] {logging_mixin.py:115} INFO - [2022-06-17 17:15:20,902] {dag.py:2379} INFO - Sync 1 DAGs
[2022-06-17 17:15:20,951] {logging_mixin.py:115} INFO - [2022-06-17 17:15:20,950] {dag.py:2927} INFO - Setting next_dagrun for example_xcom to 2021-01-01T00:00:00+00:00, run_after=2021-01-01T00:00:00+00:00
[2022-06-17 17:15:20,971] {processor.py:161} INFO - Processing /home/uiliam/sandbox/lib/python3.9/site-packages/airflow/example_dags/example_xcom.py took 0.134 seconds
[2022-06-17 17:15:51,790] {processor.py:153} INFO - Started process (PID=136870) to work on /home/uiliam/sandbox/lib/python3.9/site-packages/airflow/example_dags/example_xcom.py
[2022-06-17 17:15:51,791] {processor.py:641} INFO - Processing file /home/uiliam/sandbox/lib/python3.9/site-packages/airflow/example_dags/example_xcom.py for tasks to queue
[2022-06-17 17:15:51,792] {logging_mixin.py:115} INFO - [2022-06-17 17:15:51,792] {dagbag.py:507} INFO - Filling up the DagBag from /home/uiliam/sandbox/lib/python3.9/site-packages/airflow/example_dags/example_xcom.py
[2022-06-17 17:15:51,816] {processor.py:651} INFO - DAG(s) dict_keys(['example_xcom']) retrieved from /home/uiliam/sandbox/lib/python3.9/site-packages/airflow/example_dags/example_xcom.py
[2022-06-17 17:15:51,849] {logging_mixin.py:115} INFO - [2022-06-17 17:15:51,848] {dag.py:2379} INFO - Sync 1 DAGs
[2022-06-17 17:15:51,893] {logging_mixin.py:115} INFO - [2022-06-17 17:15:51,893] {dag.py:2927} INFO - Setting next_dagrun for example_xcom to 2021-01-01T00:00:00+00:00, run_after=2021-01-01T00:00:00+00:00
[2022-06-17 17:15:51,911] {processor.py:161} INFO - Processing /home/uiliam/sandbox/lib/python3.9/site-packages/airflow/example_dags/example_xcom.py took 0.126 seconds
[2022-06-17 17:16:22,770] {processor.py:153} INFO - Started process (PID=137072) to work on /home/uiliam/sandbox/lib/python3.9/site-packages/airflow/example_dags/example_xcom.py
[2022-06-17 17:16:22,770] {processor.py:641} INFO - Processing file /home/uiliam/sandbox/lib/python3.9/site-packages/airflow/example_dags/example_xcom.py for tasks to queue
[2022-06-17 17:16:22,771] {logging_mixin.py:115} INFO - [2022-06-17 17:16:22,771] {dagbag.py:507} INFO - Filling up the DagBag from /home/uiliam/sandbox/lib/python3.9/site-packages/airflow/example_dags/example_xcom.py
[2022-06-17 17:16:22,795] {processor.py:651} INFO - DAG(s) dict_keys(['example_xcom']) retrieved from /home/uiliam/sandbox/lib/python3.9/site-packages/airflow/example_dags/example_xcom.py
[2022-06-17 17:16:22,878] {logging_mixin.py:115} INFO - [2022-06-17 17:16:22,878] {dag.py:2379} INFO - Sync 1 DAGs
[2022-06-17 17:16:22,918] {logging_mixin.py:115} INFO - [2022-06-17 17:16:22,917] {dag.py:2927} INFO - Setting next_dagrun for example_xcom to 2021-01-01T00:00:00+00:00, run_after=2021-01-01T00:00:00+00:00
[2022-06-17 17:16:22,949] {processor.py:161} INFO - Processing /home/uiliam/sandbox/lib/python3.9/site-packages/airflow/example_dags/example_xcom.py took 0.184 seconds
[2022-06-17 17:16:53,981] {processor.py:153} INFO - Started process (PID=137296) to work on /home/uiliam/sandbox/lib/python3.9/site-packages/airflow/example_dags/example_xcom.py
[2022-06-17 17:16:53,981] {processor.py:641} INFO - Processing file /home/uiliam/sandbox/lib/python3.9/site-packages/airflow/example_dags/example_xcom.py for tasks to queue
[2022-06-17 17:16:53,982] {logging_mixin.py:115} INFO - [2022-06-17 17:16:53,982] {dagbag.py:507} INFO - Filling up the DagBag from /home/uiliam/sandbox/lib/python3.9/site-packages/airflow/example_dags/example_xcom.py
[2022-06-17 17:16:54,005] {processor.py:651} INFO - DAG(s) dict_keys(['example_xcom']) retrieved from /home/uiliam/sandbox/lib/python3.9/site-packages/airflow/example_dags/example_xcom.py
[2022-06-17 17:16:54,095] {logging_mixin.py:115} INFO - [2022-06-17 17:16:54,094] {dag.py:2379} INFO - Sync 1 DAGs
[2022-06-17 17:16:54,127] {logging_mixin.py:115} INFO - [2022-06-17 17:16:54,127] {dag.py:2927} INFO - Setting next_dagrun for example_xcom to 2021-01-01T00:00:00+00:00, run_after=2021-01-01T00:00:00+00:00
[2022-06-17 17:16:54,150] {processor.py:161} INFO - Processing /home/uiliam/sandbox/lib/python3.9/site-packages/airflow/example_dags/example_xcom.py took 0.174 seconds
[2022-06-17 17:17:24,977] {processor.py:153} INFO - Started process (PID=137546) to work on /home/uiliam/sandbox/lib/python3.9/site-packages/airflow/example_dags/example_xcom.py
[2022-06-17 17:17:24,977] {processor.py:641} INFO - Processing file /home/uiliam/sandbox/lib/python3.9/site-packages/airflow/example_dags/example_xcom.py for tasks to queue
[2022-06-17 17:17:24,978] {logging_mixin.py:115} INFO - [2022-06-17 17:17:24,978] {dagbag.py:507} INFO - Filling up the DagBag from /home/uiliam/sandbox/lib/python3.9/site-packages/airflow/example_dags/example_xcom.py
[2022-06-17 17:17:25,010] {processor.py:651} INFO - DAG(s) dict_keys(['example_xcom']) retrieved from /home/uiliam/sandbox/lib/python3.9/site-packages/airflow/example_dags/example_xcom.py
[2022-06-17 17:17:25,105] {logging_mixin.py:115} INFO - [2022-06-17 17:17:25,105] {dag.py:2379} INFO - Sync 1 DAGs
[2022-06-17 17:17:25,136] {logging_mixin.py:115} INFO - [2022-06-17 17:17:25,135] {dag.py:2927} INFO - Setting next_dagrun for example_xcom to 2021-01-01T00:00:00+00:00, run_after=2021-01-01T00:00:00+00:00
[2022-06-17 17:17:25,159] {processor.py:161} INFO - Processing /home/uiliam/sandbox/lib/python3.9/site-packages/airflow/example_dags/example_xcom.py took 0.187 seconds
[2022-06-17 17:17:56,061] {processor.py:153} INFO - Started process (PID=137786) to work on /home/uiliam/sandbox/lib/python3.9/site-packages/airflow/example_dags/example_xcom.py
[2022-06-17 17:17:56,061] {processor.py:641} INFO - Processing file /home/uiliam/sandbox/lib/python3.9/site-packages/airflow/example_dags/example_xcom.py for tasks to queue
[2022-06-17 17:17:56,062] {logging_mixin.py:115} INFO - [2022-06-17 17:17:56,062] {dagbag.py:507} INFO - Filling up the DagBag from /home/uiliam/sandbox/lib/python3.9/site-packages/airflow/example_dags/example_xcom.py
[2022-06-17 17:17:56,086] {processor.py:651} INFO - DAG(s) dict_keys(['example_xcom']) retrieved from /home/uiliam/sandbox/lib/python3.9/site-packages/airflow/example_dags/example_xcom.py
[2022-06-17 17:17:56,181] {logging_mixin.py:115} INFO - [2022-06-17 17:17:56,181] {dag.py:2379} INFO - Sync 1 DAGs
[2022-06-17 17:17:56,213] {logging_mixin.py:115} INFO - [2022-06-17 17:17:56,213] {dag.py:2927} INFO - Setting next_dagrun for example_xcom to 2021-01-01T00:00:00+00:00, run_after=2021-01-01T00:00:00+00:00
[2022-06-17 17:17:56,237] {processor.py:161} INFO - Processing /home/uiliam/sandbox/lib/python3.9/site-packages/airflow/example_dags/example_xcom.py took 0.181 seconds
[2022-06-17 17:18:27,395] {processor.py:153} INFO - Started process (PID=138107) to work on /home/uiliam/sandbox/lib/python3.9/site-packages/airflow/example_dags/example_xcom.py
[2022-06-17 17:18:27,396] {processor.py:641} INFO - Processing file /home/uiliam/sandbox/lib/python3.9/site-packages/airflow/example_dags/example_xcom.py for tasks to queue
[2022-06-17 17:18:27,396] {logging_mixin.py:115} INFO - [2022-06-17 17:18:27,396] {dagbag.py:507} INFO - Filling up the DagBag from /home/uiliam/sandbox/lib/python3.9/site-packages/airflow/example_dags/example_xcom.py
[2022-06-17 17:18:27,424] {processor.py:651} INFO - DAG(s) dict_keys(['example_xcom']) retrieved from /home/uiliam/sandbox/lib/python3.9/site-packages/airflow/example_dags/example_xcom.py
[2022-06-17 17:18:27,459] {logging_mixin.py:115} INFO - [2022-06-17 17:18:27,459] {dag.py:2379} INFO - Sync 1 DAGs
[2022-06-17 17:18:27,491] {logging_mixin.py:115} INFO - [2022-06-17 17:18:27,491] {dag.py:2927} INFO - Setting next_dagrun for example_xcom to 2021-01-01T00:00:00+00:00, run_after=2021-01-01T00:00:00+00:00
[2022-06-17 17:18:27,511] {processor.py:161} INFO - Processing /home/uiliam/sandbox/lib/python3.9/site-packages/airflow/example_dags/example_xcom.py took 0.121 seconds
[2022-06-17 17:18:58,522] {processor.py:153} INFO - Started process (PID=138345) to work on /home/uiliam/sandbox/lib/python3.9/site-packages/airflow/example_dags/example_xcom.py
[2022-06-17 17:18:58,523] {processor.py:641} INFO - Processing file /home/uiliam/sandbox/lib/python3.9/site-packages/airflow/example_dags/example_xcom.py for tasks to queue
[2022-06-17 17:18:58,524] {logging_mixin.py:115} INFO - [2022-06-17 17:18:58,524] {dagbag.py:507} INFO - Filling up the DagBag from /home/uiliam/sandbox/lib/python3.9/site-packages/airflow/example_dags/example_xcom.py
[2022-06-17 17:18:58,547] {processor.py:651} INFO - DAG(s) dict_keys(['example_xcom']) retrieved from /home/uiliam/sandbox/lib/python3.9/site-packages/airflow/example_dags/example_xcom.py
[2022-06-17 17:18:58,630] {logging_mixin.py:115} INFO - [2022-06-17 17:18:58,630] {dag.py:2379} INFO - Sync 1 DAGs
[2022-06-17 17:18:58,660] {logging_mixin.py:115} INFO - [2022-06-17 17:18:58,660] {dag.py:2927} INFO - Setting next_dagrun for example_xcom to 2021-01-01T00:00:00+00:00, run_after=2021-01-01T00:00:00+00:00
[2022-06-17 17:18:58,689] {processor.py:161} INFO - Processing /home/uiliam/sandbox/lib/python3.9/site-packages/airflow/example_dags/example_xcom.py took 0.171 seconds
[2022-06-17 17:19:29,568] {processor.py:153} INFO - Started process (PID=138613) to work on /home/uiliam/sandbox/lib/python3.9/site-packages/airflow/example_dags/example_xcom.py
[2022-06-17 17:19:29,569] {processor.py:641} INFO - Processing file /home/uiliam/sandbox/lib/python3.9/site-packages/airflow/example_dags/example_xcom.py for tasks to queue
[2022-06-17 17:19:29,569] {logging_mixin.py:115} INFO - [2022-06-17 17:19:29,569] {dagbag.py:507} INFO - Filling up the DagBag from /home/uiliam/sandbox/lib/python3.9/site-packages/airflow/example_dags/example_xcom.py
[2022-06-17 17:19:29,595] {processor.py:651} INFO - DAG(s) dict_keys(['example_xcom']) retrieved from /home/uiliam/sandbox/lib/python3.9/site-packages/airflow/example_dags/example_xcom.py
[2022-06-17 17:19:29,685] {logging_mixin.py:115} INFO - [2022-06-17 17:19:29,685] {dag.py:2379} INFO - Sync 1 DAGs
[2022-06-17 17:19:29,718] {logging_mixin.py:115} INFO - [2022-06-17 17:19:29,717] {dag.py:2927} INFO - Setting next_dagrun for example_xcom to 2021-01-01T00:00:00+00:00, run_after=2021-01-01T00:00:00+00:00
[2022-06-17 17:19:29,742] {processor.py:161} INFO - Processing /home/uiliam/sandbox/lib/python3.9/site-packages/airflow/example_dags/example_xcom.py took 0.178 seconds
[2022-06-17 17:20:00,523] {processor.py:153} INFO - Started process (PID=138865) to work on /home/uiliam/sandbox/lib/python3.9/site-packages/airflow/example_dags/example_xcom.py
[2022-06-17 17:20:00,524] {processor.py:641} INFO - Processing file /home/uiliam/sandbox/lib/python3.9/site-packages/airflow/example_dags/example_xcom.py for tasks to queue
[2022-06-17 17:20:00,525] {logging_mixin.py:115} INFO - [2022-06-17 17:20:00,525] {dagbag.py:507} INFO - Filling up the DagBag from /home/uiliam/sandbox/lib/python3.9/site-packages/airflow/example_dags/example_xcom.py
[2022-06-17 17:20:00,549] {processor.py:651} INFO - DAG(s) dict_keys(['example_xcom']) retrieved from /home/uiliam/sandbox/lib/python3.9/site-packages/airflow/example_dags/example_xcom.py
[2022-06-17 17:20:00,584] {logging_mixin.py:115} INFO - [2022-06-17 17:20:00,584] {dag.py:2379} INFO - Sync 1 DAGs
[2022-06-17 17:20:00,620] {logging_mixin.py:115} INFO - [2022-06-17 17:20:00,620] {dag.py:2927} INFO - Setting next_dagrun for example_xcom to 2021-01-01T00:00:00+00:00, run_after=2021-01-01T00:00:00+00:00
[2022-06-17 17:20:00,641] {processor.py:161} INFO - Processing /home/uiliam/sandbox/lib/python3.9/site-packages/airflow/example_dags/example_xcom.py took 0.122 seconds
[2022-06-17 17:20:31,682] {processor.py:153} INFO - Started process (PID=139181) to work on /home/uiliam/sandbox/lib/python3.9/site-packages/airflow/example_dags/example_xcom.py
[2022-06-17 17:20:31,683] {processor.py:641} INFO - Processing file /home/uiliam/sandbox/lib/python3.9/site-packages/airflow/example_dags/example_xcom.py for tasks to queue
[2022-06-17 17:20:31,683] {logging_mixin.py:115} INFO - [2022-06-17 17:20:31,683] {dagbag.py:507} INFO - Filling up the DagBag from /home/uiliam/sandbox/lib/python3.9/site-packages/airflow/example_dags/example_xcom.py
[2022-06-17 17:20:31,708] {processor.py:651} INFO - DAG(s) dict_keys(['example_xcom']) retrieved from /home/uiliam/sandbox/lib/python3.9/site-packages/airflow/example_dags/example_xcom.py
[2022-06-17 17:20:31,821] {logging_mixin.py:115} INFO - [2022-06-17 17:20:31,821] {dag.py:2379} INFO - Sync 1 DAGs
[2022-06-17 17:20:31,853] {logging_mixin.py:115} INFO - [2022-06-17 17:20:31,853] {dag.py:2927} INFO - Setting next_dagrun for example_xcom to 2021-01-01T00:00:00+00:00, run_after=2021-01-01T00:00:00+00:00
[2022-06-17 17:20:31,875] {processor.py:161} INFO - Processing /home/uiliam/sandbox/lib/python3.9/site-packages/airflow/example_dags/example_xcom.py took 0.198 seconds
[2022-06-17 17:21:02,754] {processor.py:153} INFO - Started process (PID=139398) to work on /home/uiliam/sandbox/lib/python3.9/site-packages/airflow/example_dags/example_xcom.py
[2022-06-17 17:21:02,754] {processor.py:641} INFO - Processing file /home/uiliam/sandbox/lib/python3.9/site-packages/airflow/example_dags/example_xcom.py for tasks to queue
[2022-06-17 17:21:02,755] {logging_mixin.py:115} INFO - [2022-06-17 17:21:02,755] {dagbag.py:507} INFO - Filling up the DagBag from /home/uiliam/sandbox/lib/python3.9/site-packages/airflow/example_dags/example_xcom.py
[2022-06-17 17:21:02,779] {processor.py:651} INFO - DAG(s) dict_keys(['example_xcom']) retrieved from /home/uiliam/sandbox/lib/python3.9/site-packages/airflow/example_dags/example_xcom.py
[2022-06-17 17:21:02,814] {logging_mixin.py:115} INFO - [2022-06-17 17:21:02,813] {dag.py:2379} INFO - Sync 1 DAGs
[2022-06-17 17:21:02,848] {logging_mixin.py:115} INFO - [2022-06-17 17:21:02,847] {dag.py:2927} INFO - Setting next_dagrun for example_xcom to 2021-01-01T00:00:00+00:00, run_after=2021-01-01T00:00:00+00:00
[2022-06-17 17:21:02,866] {processor.py:161} INFO - Processing /home/uiliam/sandbox/lib/python3.9/site-packages/airflow/example_dags/example_xcom.py took 0.117 seconds
[2022-06-17 17:21:33,737] {processor.py:153} INFO - Started process (PID=139646) to work on /home/uiliam/sandbox/lib/python3.9/site-packages/airflow/example_dags/example_xcom.py
[2022-06-17 17:21:33,737] {processor.py:641} INFO - Processing file /home/uiliam/sandbox/lib/python3.9/site-packages/airflow/example_dags/example_xcom.py for tasks to queue
[2022-06-17 17:21:33,738] {logging_mixin.py:115} INFO - [2022-06-17 17:21:33,738] {dagbag.py:507} INFO - Filling up the DagBag from /home/uiliam/sandbox/lib/python3.9/site-packages/airflow/example_dags/example_xcom.py
[2022-06-17 17:21:33,774] {processor.py:651} INFO - DAG(s) dict_keys(['example_xcom']) retrieved from /home/uiliam/sandbox/lib/python3.9/site-packages/airflow/example_dags/example_xcom.py
[2022-06-17 17:21:33,859] {logging_mixin.py:115} INFO - [2022-06-17 17:21:33,859] {dag.py:2379} INFO - Sync 1 DAGs
[2022-06-17 17:21:33,894] {logging_mixin.py:115} INFO - [2022-06-17 17:21:33,894] {dag.py:2927} INFO - Setting next_dagrun for example_xcom to 2021-01-01T00:00:00+00:00, run_after=2021-01-01T00:00:00+00:00
[2022-06-17 17:21:33,919] {processor.py:161} INFO - Processing /home/uiliam/sandbox/lib/python3.9/site-packages/airflow/example_dags/example_xcom.py took 0.189 seconds
[2022-06-17 17:22:04,857] {processor.py:153} INFO - Started process (PID=139901) to work on /home/uiliam/sandbox/lib/python3.9/site-packages/airflow/example_dags/example_xcom.py
[2022-06-17 17:22:04,858] {processor.py:641} INFO - Processing file /home/uiliam/sandbox/lib/python3.9/site-packages/airflow/example_dags/example_xcom.py for tasks to queue
[2022-06-17 17:22:04,859] {logging_mixin.py:115} INFO - [2022-06-17 17:22:04,858] {dagbag.py:507} INFO - Filling up the DagBag from /home/uiliam/sandbox/lib/python3.9/site-packages/airflow/example_dags/example_xcom.py
[2022-06-17 17:22:04,883] {processor.py:651} INFO - DAG(s) dict_keys(['example_xcom']) retrieved from /home/uiliam/sandbox/lib/python3.9/site-packages/airflow/example_dags/example_xcom.py
[2022-06-17 17:22:04,916] {logging_mixin.py:115} INFO - [2022-06-17 17:22:04,915] {dag.py:2379} INFO - Sync 1 DAGs
[2022-06-17 17:22:04,947] {logging_mixin.py:115} INFO - [2022-06-17 17:22:04,946] {dag.py:2927} INFO - Setting next_dagrun for example_xcom to 2021-01-01T00:00:00+00:00, run_after=2021-01-01T00:00:00+00:00
[2022-06-17 17:22:04,964] {processor.py:161} INFO - Processing /home/uiliam/sandbox/lib/python3.9/site-packages/airflow/example_dags/example_xcom.py took 0.112 seconds
[2022-06-17 17:22:35,841] {processor.py:153} INFO - Started process (PID=140162) to work on /home/uiliam/sandbox/lib/python3.9/site-packages/airflow/example_dags/example_xcom.py
[2022-06-17 17:22:35,842] {processor.py:641} INFO - Processing file /home/uiliam/sandbox/lib/python3.9/site-packages/airflow/example_dags/example_xcom.py for tasks to queue
[2022-06-17 17:22:35,843] {logging_mixin.py:115} INFO - [2022-06-17 17:22:35,843] {dagbag.py:507} INFO - Filling up the DagBag from /home/uiliam/sandbox/lib/python3.9/site-packages/airflow/example_dags/example_xcom.py
[2022-06-17 17:22:35,917] {processor.py:651} INFO - DAG(s) dict_keys(['example_xcom']) retrieved from /home/uiliam/sandbox/lib/python3.9/site-packages/airflow/example_dags/example_xcom.py
[2022-06-17 17:22:35,963] {logging_mixin.py:115} INFO - [2022-06-17 17:22:35,963] {dag.py:2379} INFO - Sync 1 DAGs
[2022-06-17 17:22:36,000] {logging_mixin.py:115} INFO - [2022-06-17 17:22:35,999] {dag.py:2927} INFO - Setting next_dagrun for example_xcom to 2021-01-01T00:00:00+00:00, run_after=2021-01-01T00:00:00+00:00
[2022-06-17 17:22:36,025] {processor.py:161} INFO - Processing /home/uiliam/sandbox/lib/python3.9/site-packages/airflow/example_dags/example_xcom.py took 0.205 seconds
[2022-06-17 17:23:07,085] {processor.py:153} INFO - Started process (PID=140396) to work on /home/uiliam/sandbox/lib/python3.9/site-packages/airflow/example_dags/example_xcom.py
[2022-06-17 17:23:07,087] {processor.py:641} INFO - Processing file /home/uiliam/sandbox/lib/python3.9/site-packages/airflow/example_dags/example_xcom.py for tasks to queue
[2022-06-17 17:23:07,088] {logging_mixin.py:115} INFO - [2022-06-17 17:23:07,087] {dagbag.py:507} INFO - Filling up the DagBag from /home/uiliam/sandbox/lib/python3.9/site-packages/airflow/example_dags/example_xcom.py
[2022-06-17 17:23:07,128] {processor.py:651} INFO - DAG(s) dict_keys(['example_xcom']) retrieved from /home/uiliam/sandbox/lib/python3.9/site-packages/airflow/example_dags/example_xcom.py
[2022-06-17 17:23:07,166] {logging_mixin.py:115} INFO - [2022-06-17 17:23:07,166] {dag.py:2379} INFO - Sync 1 DAGs
[2022-06-17 17:23:07,201] {logging_mixin.py:115} INFO - [2022-06-17 17:23:07,201] {dag.py:2927} INFO - Setting next_dagrun for example_xcom to 2021-01-01T00:00:00+00:00, run_after=2021-01-01T00:00:00+00:00
[2022-06-17 17:23:07,219] {processor.py:161} INFO - Processing /home/uiliam/sandbox/lib/python3.9/site-packages/airflow/example_dags/example_xcom.py took 0.139 seconds
[2022-06-17 17:23:38,320] {processor.py:153} INFO - Started process (PID=140641) to work on /home/uiliam/sandbox/lib/python3.9/site-packages/airflow/example_dags/example_xcom.py
[2022-06-17 17:23:38,321] {processor.py:641} INFO - Processing file /home/uiliam/sandbox/lib/python3.9/site-packages/airflow/example_dags/example_xcom.py for tasks to queue
[2022-06-17 17:23:38,322] {logging_mixin.py:115} INFO - [2022-06-17 17:23:38,322] {dagbag.py:507} INFO - Filling up the DagBag from /home/uiliam/sandbox/lib/python3.9/site-packages/airflow/example_dags/example_xcom.py
[2022-06-17 17:23:38,356] {processor.py:651} INFO - DAG(s) dict_keys(['example_xcom']) retrieved from /home/uiliam/sandbox/lib/python3.9/site-packages/airflow/example_dags/example_xcom.py
[2022-06-17 17:23:38,393] {logging_mixin.py:115} INFO - [2022-06-17 17:23:38,393] {dag.py:2379} INFO - Sync 1 DAGs
[2022-06-17 17:23:38,433] {logging_mixin.py:115} INFO - [2022-06-17 17:23:38,433] {dag.py:2927} INFO - Setting next_dagrun for example_xcom to 2021-01-01T00:00:00+00:00, run_after=2021-01-01T00:00:00+00:00
[2022-06-17 17:23:38,461] {processor.py:161} INFO - Processing /home/uiliam/sandbox/lib/python3.9/site-packages/airflow/example_dags/example_xcom.py took 0.148 seconds
[2022-06-17 17:24:09,520] {processor.py:153} INFO - Started process (PID=140793) to work on /home/uiliam/sandbox/lib/python3.9/site-packages/airflow/example_dags/example_xcom.py
[2022-06-17 17:24:09,520] {processor.py:641} INFO - Processing file /home/uiliam/sandbox/lib/python3.9/site-packages/airflow/example_dags/example_xcom.py for tasks to queue
[2022-06-17 17:24:09,521] {logging_mixin.py:115} INFO - [2022-06-17 17:24:09,521] {dagbag.py:507} INFO - Filling up the DagBag from /home/uiliam/sandbox/lib/python3.9/site-packages/airflow/example_dags/example_xcom.py
[2022-06-17 17:24:09,552] {processor.py:651} INFO - DAG(s) dict_keys(['example_xcom']) retrieved from /home/uiliam/sandbox/lib/python3.9/site-packages/airflow/example_dags/example_xcom.py
[2022-06-17 17:24:09,596] {logging_mixin.py:115} INFO - [2022-06-17 17:24:09,596] {dag.py:2379} INFO - Sync 1 DAGs
[2022-06-17 17:24:09,636] {logging_mixin.py:115} INFO - [2022-06-17 17:24:09,635] {dag.py:2927} INFO - Setting next_dagrun for example_xcom to 2021-01-01T00:00:00+00:00, run_after=2021-01-01T00:00:00+00:00
[2022-06-17 17:24:09,656] {processor.py:161} INFO - Processing /home/uiliam/sandbox/lib/python3.9/site-packages/airflow/example_dags/example_xcom.py took 0.142 seconds
[2022-06-17 17:24:40,821] {processor.py:153} INFO - Started process (PID=141119) to work on /home/uiliam/sandbox/lib/python3.9/site-packages/airflow/example_dags/example_xcom.py
[2022-06-17 17:24:40,821] {processor.py:641} INFO - Processing file /home/uiliam/sandbox/lib/python3.9/site-packages/airflow/example_dags/example_xcom.py for tasks to queue
[2022-06-17 17:24:40,822] {logging_mixin.py:115} INFO - [2022-06-17 17:24:40,821] {dagbag.py:507} INFO - Filling up the DagBag from /home/uiliam/sandbox/lib/python3.9/site-packages/airflow/example_dags/example_xcom.py
[2022-06-17 17:24:40,846] {processor.py:651} INFO - DAG(s) dict_keys(['example_xcom']) retrieved from /home/uiliam/sandbox/lib/python3.9/site-packages/airflow/example_dags/example_xcom.py
[2022-06-17 17:24:40,883] {logging_mixin.py:115} INFO - [2022-06-17 17:24:40,883] {dag.py:2379} INFO - Sync 1 DAGs
[2022-06-17 17:24:40,919] {logging_mixin.py:115} INFO - [2022-06-17 17:24:40,919] {dag.py:2927} INFO - Setting next_dagrun for example_xcom to 2021-01-01T00:00:00+00:00, run_after=2021-01-01T00:00:00+00:00
[2022-06-17 17:24:40,937] {processor.py:161} INFO - Processing /home/uiliam/sandbox/lib/python3.9/site-packages/airflow/example_dags/example_xcom.py took 0.121 seconds
[2022-06-17 17:25:12,035] {processor.py:153} INFO - Started process (PID=141306) to work on /home/uiliam/sandbox/lib/python3.9/site-packages/airflow/example_dags/example_xcom.py
[2022-06-17 17:25:12,036] {processor.py:641} INFO - Processing file /home/uiliam/sandbox/lib/python3.9/site-packages/airflow/example_dags/example_xcom.py for tasks to queue
[2022-06-17 17:25:12,037] {logging_mixin.py:115} INFO - [2022-06-17 17:25:12,037] {dagbag.py:507} INFO - Filling up the DagBag from /home/uiliam/sandbox/lib/python3.9/site-packages/airflow/example_dags/example_xcom.py
[2022-06-17 17:25:12,066] {processor.py:651} INFO - DAG(s) dict_keys(['example_xcom']) retrieved from /home/uiliam/sandbox/lib/python3.9/site-packages/airflow/example_dags/example_xcom.py
[2022-06-17 17:25:12,178] {logging_mixin.py:115} INFO - [2022-06-17 17:25:12,178] {dag.py:2379} INFO - Sync 1 DAGs
[2022-06-17 17:25:12,215] {logging_mixin.py:115} INFO - [2022-06-17 17:25:12,215] {dag.py:2927} INFO - Setting next_dagrun for example_xcom to 2021-01-01T00:00:00+00:00, run_after=2021-01-01T00:00:00+00:00
[2022-06-17 17:25:12,238] {processor.py:161} INFO - Processing /home/uiliam/sandbox/lib/python3.9/site-packages/airflow/example_dags/example_xcom.py took 0.209 seconds
[2022-06-17 17:25:43,320] {processor.py:153} INFO - Started process (PID=141504) to work on /home/uiliam/sandbox/lib/python3.9/site-packages/airflow/example_dags/example_xcom.py
[2022-06-17 17:25:43,322] {processor.py:641} INFO - Processing file /home/uiliam/sandbox/lib/python3.9/site-packages/airflow/example_dags/example_xcom.py for tasks to queue
[2022-06-17 17:25:43,323] {logging_mixin.py:115} INFO - [2022-06-17 17:25:43,323] {dagbag.py:507} INFO - Filling up the DagBag from /home/uiliam/sandbox/lib/python3.9/site-packages/airflow/example_dags/example_xcom.py
[2022-06-17 17:25:43,361] {processor.py:651} INFO - DAG(s) dict_keys(['example_xcom']) retrieved from /home/uiliam/sandbox/lib/python3.9/site-packages/airflow/example_dags/example_xcom.py
[2022-06-17 17:25:43,461] {logging_mixin.py:115} INFO - [2022-06-17 17:25:43,461] {dag.py:2379} INFO - Sync 1 DAGs
[2022-06-17 17:25:43,499] {logging_mixin.py:115} INFO - [2022-06-17 17:25:43,498] {dag.py:2927} INFO - Setting next_dagrun for example_xcom to 2021-01-01T00:00:00+00:00, run_after=2021-01-01T00:00:00+00:00
[2022-06-17 17:25:43,526] {processor.py:161} INFO - Processing /home/uiliam/sandbox/lib/python3.9/site-packages/airflow/example_dags/example_xcom.py took 0.212 seconds
[2022-06-17 17:26:14,557] {processor.py:153} INFO - Started process (PID=141707) to work on /home/uiliam/sandbox/lib/python3.9/site-packages/airflow/example_dags/example_xcom.py
[2022-06-17 17:26:14,558] {processor.py:641} INFO - Processing file /home/uiliam/sandbox/lib/python3.9/site-packages/airflow/example_dags/example_xcom.py for tasks to queue
[2022-06-17 17:26:14,559] {logging_mixin.py:115} INFO - [2022-06-17 17:26:14,559] {dagbag.py:507} INFO - Filling up the DagBag from /home/uiliam/sandbox/lib/python3.9/site-packages/airflow/example_dags/example_xcom.py
[2022-06-17 17:26:14,583] {processor.py:651} INFO - DAG(s) dict_keys(['example_xcom']) retrieved from /home/uiliam/sandbox/lib/python3.9/site-packages/airflow/example_dags/example_xcom.py
[2022-06-17 17:26:14,672] {logging_mixin.py:115} INFO - [2022-06-17 17:26:14,672] {dag.py:2379} INFO - Sync 1 DAGs
[2022-06-17 17:26:14,709] {logging_mixin.py:115} INFO - [2022-06-17 17:26:14,708] {dag.py:2927} INFO - Setting next_dagrun for example_xcom to 2021-01-01T00:00:00+00:00, run_after=2021-01-01T00:00:00+00:00
[2022-06-17 17:26:14,730] {processor.py:161} INFO - Processing /home/uiliam/sandbox/lib/python3.9/site-packages/airflow/example_dags/example_xcom.py took 0.177 seconds
[2022-06-17 17:26:45,643] {processor.py:153} INFO - Started process (PID=141880) to work on /home/uiliam/sandbox/lib/python3.9/site-packages/airflow/example_dags/example_xcom.py
[2022-06-17 17:26:45,644] {processor.py:641} INFO - Processing file /home/uiliam/sandbox/lib/python3.9/site-packages/airflow/example_dags/example_xcom.py for tasks to queue
[2022-06-17 17:26:45,645] {logging_mixin.py:115} INFO - [2022-06-17 17:26:45,645] {dagbag.py:507} INFO - Filling up the DagBag from /home/uiliam/sandbox/lib/python3.9/site-packages/airflow/example_dags/example_xcom.py
[2022-06-17 17:26:45,672] {processor.py:651} INFO - DAG(s) dict_keys(['example_xcom']) retrieved from /home/uiliam/sandbox/lib/python3.9/site-packages/airflow/example_dags/example_xcom.py
[2022-06-17 17:26:45,710] {logging_mixin.py:115} INFO - [2022-06-17 17:26:45,710] {dag.py:2379} INFO - Sync 1 DAGs
[2022-06-17 17:26:45,751] {logging_mixin.py:115} INFO - [2022-06-17 17:26:45,750] {dag.py:2927} INFO - Setting next_dagrun for example_xcom to 2021-01-01T00:00:00+00:00, run_after=2021-01-01T00:00:00+00:00
[2022-06-17 17:26:45,775] {processor.py:161} INFO - Processing /home/uiliam/sandbox/lib/python3.9/site-packages/airflow/example_dags/example_xcom.py took 0.138 seconds
[2022-06-17 17:27:16,832] {processor.py:153} INFO - Started process (PID=142055) to work on /home/uiliam/sandbox/lib/python3.9/site-packages/airflow/example_dags/example_xcom.py
[2022-06-17 17:27:16,833] {processor.py:641} INFO - Processing file /home/uiliam/sandbox/lib/python3.9/site-packages/airflow/example_dags/example_xcom.py for tasks to queue
[2022-06-17 17:27:16,834] {logging_mixin.py:115} INFO - [2022-06-17 17:27:16,833] {dagbag.py:507} INFO - Filling up the DagBag from /home/uiliam/sandbox/lib/python3.9/site-packages/airflow/example_dags/example_xcom.py
[2022-06-17 17:27:16,864] {processor.py:651} INFO - DAG(s) dict_keys(['example_xcom']) retrieved from /home/uiliam/sandbox/lib/python3.9/site-packages/airflow/example_dags/example_xcom.py
[2022-06-17 17:27:16,907] {logging_mixin.py:115} INFO - [2022-06-17 17:27:16,907] {dag.py:2379} INFO - Sync 1 DAGs
[2022-06-17 17:27:16,953] {logging_mixin.py:115} INFO - [2022-06-17 17:27:16,952] {dag.py:2927} INFO - Setting next_dagrun for example_xcom to 2021-01-01T00:00:00+00:00, run_after=2021-01-01T00:00:00+00:00
[2022-06-17 17:27:16,981] {processor.py:161} INFO - Processing /home/uiliam/sandbox/lib/python3.9/site-packages/airflow/example_dags/example_xcom.py took 0.154 seconds
[2022-06-17 17:27:47,894] {processor.py:153} INFO - Started process (PID=142284) to work on /home/uiliam/sandbox/lib/python3.9/site-packages/airflow/example_dags/example_xcom.py
[2022-06-17 17:27:47,895] {processor.py:641} INFO - Processing file /home/uiliam/sandbox/lib/python3.9/site-packages/airflow/example_dags/example_xcom.py for tasks to queue
[2022-06-17 17:27:47,895] {logging_mixin.py:115} INFO - [2022-06-17 17:27:47,895] {dagbag.py:507} INFO - Filling up the DagBag from /home/uiliam/sandbox/lib/python3.9/site-packages/airflow/example_dags/example_xcom.py
[2022-06-17 17:27:47,919] {processor.py:651} INFO - DAG(s) dict_keys(['example_xcom']) retrieved from /home/uiliam/sandbox/lib/python3.9/site-packages/airflow/example_dags/example_xcom.py
[2022-06-17 17:27:47,956] {logging_mixin.py:115} INFO - [2022-06-17 17:27:47,956] {dag.py:2379} INFO - Sync 1 DAGs
[2022-06-17 17:27:47,988] {logging_mixin.py:115} INFO - [2022-06-17 17:27:47,988] {dag.py:2927} INFO - Setting next_dagrun for example_xcom to 2021-01-01T00:00:00+00:00, run_after=2021-01-01T00:00:00+00:00
[2022-06-17 17:27:48,010] {processor.py:161} INFO - Processing /home/uiliam/sandbox/lib/python3.9/site-packages/airflow/example_dags/example_xcom.py took 0.121 seconds
[2022-06-17 17:28:18,821] {processor.py:153} INFO - Started process (PID=142544) to work on /home/uiliam/sandbox/lib/python3.9/site-packages/airflow/example_dags/example_xcom.py
[2022-06-17 17:28:18,822] {processor.py:641} INFO - Processing file /home/uiliam/sandbox/lib/python3.9/site-packages/airflow/example_dags/example_xcom.py for tasks to queue
[2022-06-17 17:28:18,823] {logging_mixin.py:115} INFO - [2022-06-17 17:28:18,822] {dagbag.py:507} INFO - Filling up the DagBag from /home/uiliam/sandbox/lib/python3.9/site-packages/airflow/example_dags/example_xcom.py
[2022-06-17 17:28:18,846] {processor.py:651} INFO - DAG(s) dict_keys(['example_xcom']) retrieved from /home/uiliam/sandbox/lib/python3.9/site-packages/airflow/example_dags/example_xcom.py
[2022-06-17 17:28:18,886] {logging_mixin.py:115} INFO - [2022-06-17 17:28:18,886] {dag.py:2379} INFO - Sync 1 DAGs
[2022-06-17 17:28:18,923] {logging_mixin.py:115} INFO - [2022-06-17 17:28:18,923] {dag.py:2927} INFO - Setting next_dagrun for example_xcom to 2021-01-01T00:00:00+00:00, run_after=2021-01-01T00:00:00+00:00
[2022-06-17 17:28:18,942] {processor.py:161} INFO - Processing /home/uiliam/sandbox/lib/python3.9/site-packages/airflow/example_dags/example_xcom.py took 0.125 seconds
[2022-06-17 17:28:50,043] {processor.py:153} INFO - Started process (PID=142747) to work on /home/uiliam/sandbox/lib/python3.9/site-packages/airflow/example_dags/example_xcom.py
[2022-06-17 17:28:50,044] {processor.py:641} INFO - Processing file /home/uiliam/sandbox/lib/python3.9/site-packages/airflow/example_dags/example_xcom.py for tasks to queue
[2022-06-17 17:28:50,046] {logging_mixin.py:115} INFO - [2022-06-17 17:28:50,045] {dagbag.py:507} INFO - Filling up the DagBag from /home/uiliam/sandbox/lib/python3.9/site-packages/airflow/example_dags/example_xcom.py
[2022-06-17 17:28:50,075] {processor.py:651} INFO - DAG(s) dict_keys(['example_xcom']) retrieved from /home/uiliam/sandbox/lib/python3.9/site-packages/airflow/example_dags/example_xcom.py
[2022-06-17 17:28:50,114] {logging_mixin.py:115} INFO - [2022-06-17 17:28:50,113] {dag.py:2379} INFO - Sync 1 DAGs
[2022-06-17 17:28:50,150] {logging_mixin.py:115} INFO - [2022-06-17 17:28:50,150] {dag.py:2927} INFO - Setting next_dagrun for example_xcom to 2021-01-01T00:00:00+00:00, run_after=2021-01-01T00:00:00+00:00
[2022-06-17 17:28:50,171] {processor.py:161} INFO - Processing /home/uiliam/sandbox/lib/python3.9/site-packages/airflow/example_dags/example_xcom.py took 0.133 seconds
[2022-06-17 17:29:21,223] {processor.py:153} INFO - Started process (PID=142950) to work on /home/uiliam/sandbox/lib/python3.9/site-packages/airflow/example_dags/example_xcom.py
[2022-06-17 17:29:21,223] {processor.py:641} INFO - Processing file /home/uiliam/sandbox/lib/python3.9/site-packages/airflow/example_dags/example_xcom.py for tasks to queue
[2022-06-17 17:29:21,224] {logging_mixin.py:115} INFO - [2022-06-17 17:29:21,224] {dagbag.py:507} INFO - Filling up the DagBag from /home/uiliam/sandbox/lib/python3.9/site-packages/airflow/example_dags/example_xcom.py
[2022-06-17 17:29:21,259] {processor.py:651} INFO - DAG(s) dict_keys(['example_xcom']) retrieved from /home/uiliam/sandbox/lib/python3.9/site-packages/airflow/example_dags/example_xcom.py
[2022-06-17 17:29:21,304] {logging_mixin.py:115} INFO - [2022-06-17 17:29:21,304] {dag.py:2379} INFO - Sync 1 DAGs
[2022-06-17 17:29:21,342] {logging_mixin.py:115} INFO - [2022-06-17 17:29:21,342] {dag.py:2927} INFO - Setting next_dagrun for example_xcom to 2021-01-01T00:00:00+00:00, run_after=2021-01-01T00:00:00+00:00
[2022-06-17 17:29:21,362] {processor.py:161} INFO - Processing /home/uiliam/sandbox/lib/python3.9/site-packages/airflow/example_dags/example_xcom.py took 0.144 seconds
[2022-06-17 17:29:52,212] {processor.py:153} INFO - Started process (PID=143152) to work on /home/uiliam/sandbox/lib/python3.9/site-packages/airflow/example_dags/example_xcom.py
[2022-06-17 17:29:52,213] {processor.py:641} INFO - Processing file /home/uiliam/sandbox/lib/python3.9/site-packages/airflow/example_dags/example_xcom.py for tasks to queue
[2022-06-17 17:29:52,214] {logging_mixin.py:115} INFO - [2022-06-17 17:29:52,214] {dagbag.py:507} INFO - Filling up the DagBag from /home/uiliam/sandbox/lib/python3.9/site-packages/airflow/example_dags/example_xcom.py
[2022-06-17 17:29:52,246] {processor.py:651} INFO - DAG(s) dict_keys(['example_xcom']) retrieved from /home/uiliam/sandbox/lib/python3.9/site-packages/airflow/example_dags/example_xcom.py
[2022-06-17 17:29:52,293] {logging_mixin.py:115} INFO - [2022-06-17 17:29:52,293] {dag.py:2379} INFO - Sync 1 DAGs
[2022-06-17 17:29:52,330] {logging_mixin.py:115} INFO - [2022-06-17 17:29:52,329] {dag.py:2927} INFO - Setting next_dagrun for example_xcom to 2021-01-01T00:00:00+00:00, run_after=2021-01-01T00:00:00+00:00
[2022-06-17 17:29:52,350] {processor.py:161} INFO - Processing /home/uiliam/sandbox/lib/python3.9/site-packages/airflow/example_dags/example_xcom.py took 0.143 seconds
[2022-06-17 17:30:23,253] {processor.py:153} INFO - Started process (PID=143309) to work on /home/uiliam/sandbox/lib/python3.9/site-packages/airflow/example_dags/example_xcom.py
[2022-06-17 17:30:23,254] {processor.py:641} INFO - Processing file /home/uiliam/sandbox/lib/python3.9/site-packages/airflow/example_dags/example_xcom.py for tasks to queue
[2022-06-17 17:30:23,255] {logging_mixin.py:115} INFO - [2022-06-17 17:30:23,255] {dagbag.py:507} INFO - Filling up the DagBag from /home/uiliam/sandbox/lib/python3.9/site-packages/airflow/example_dags/example_xcom.py
[2022-06-17 17:30:23,281] {processor.py:651} INFO - DAG(s) dict_keys(['example_xcom']) retrieved from /home/uiliam/sandbox/lib/python3.9/site-packages/airflow/example_dags/example_xcom.py
[2022-06-17 17:30:23,320] {logging_mixin.py:115} INFO - [2022-06-17 17:30:23,320] {dag.py:2379} INFO - Sync 1 DAGs
[2022-06-17 17:30:23,350] {logging_mixin.py:115} INFO - [2022-06-17 17:30:23,350] {dag.py:2927} INFO - Setting next_dagrun for example_xcom to 2021-01-01T00:00:00+00:00, run_after=2021-01-01T00:00:00+00:00
[2022-06-17 17:30:23,370] {processor.py:161} INFO - Processing /home/uiliam/sandbox/lib/python3.9/site-packages/airflow/example_dags/example_xcom.py took 0.122 seconds
[2022-06-17 17:30:54,370] {processor.py:153} INFO - Started process (PID=143476) to work on /home/uiliam/sandbox/lib/python3.9/site-packages/airflow/example_dags/example_xcom.py
[2022-06-17 17:30:54,370] {processor.py:641} INFO - Processing file /home/uiliam/sandbox/lib/python3.9/site-packages/airflow/example_dags/example_xcom.py for tasks to queue
[2022-06-17 17:30:54,371] {logging_mixin.py:115} INFO - [2022-06-17 17:30:54,371] {dagbag.py:507} INFO - Filling up the DagBag from /home/uiliam/sandbox/lib/python3.9/site-packages/airflow/example_dags/example_xcom.py
[2022-06-17 17:30:54,397] {processor.py:651} INFO - DAG(s) dict_keys(['example_xcom']) retrieved from /home/uiliam/sandbox/lib/python3.9/site-packages/airflow/example_dags/example_xcom.py
[2022-06-17 17:30:54,437] {logging_mixin.py:115} INFO - [2022-06-17 17:30:54,437] {dag.py:2379} INFO - Sync 1 DAGs
[2022-06-17 17:30:54,478] {logging_mixin.py:115} INFO - [2022-06-17 17:30:54,477] {dag.py:2927} INFO - Setting next_dagrun for example_xcom to 2021-01-01T00:00:00+00:00, run_after=2021-01-01T00:00:00+00:00
[2022-06-17 17:30:54,495] {processor.py:161} INFO - Processing /home/uiliam/sandbox/lib/python3.9/site-packages/airflow/example_dags/example_xcom.py took 0.132 seconds
[2022-06-17 17:31:25,947] {processor.py:153} INFO - Started process (PID=143758) to work on /home/uiliam/sandbox/lib/python3.9/site-packages/airflow/example_dags/example_xcom.py
[2022-06-17 17:31:25,948] {processor.py:641} INFO - Processing file /home/uiliam/sandbox/lib/python3.9/site-packages/airflow/example_dags/example_xcom.py for tasks to queue
[2022-06-17 17:31:25,949] {logging_mixin.py:115} INFO - [2022-06-17 17:31:25,949] {dagbag.py:507} INFO - Filling up the DagBag from /home/uiliam/sandbox/lib/python3.9/site-packages/airflow/example_dags/example_xcom.py
[2022-06-17 17:31:25,995] {processor.py:651} INFO - DAG(s) dict_keys(['example_xcom']) retrieved from /home/uiliam/sandbox/lib/python3.9/site-packages/airflow/example_dags/example_xcom.py
[2022-06-17 17:31:26,094] {logging_mixin.py:115} INFO - [2022-06-17 17:31:26,094] {dag.py:2379} INFO - Sync 1 DAGs
[2022-06-17 17:31:26,126] {logging_mixin.py:115} INFO - [2022-06-17 17:31:26,126] {dag.py:2927} INFO - Setting next_dagrun for example_xcom to 2021-01-01T00:00:00+00:00, run_after=2021-01-01T00:00:00+00:00
[2022-06-17 17:31:26,158] {processor.py:161} INFO - Processing /home/uiliam/sandbox/lib/python3.9/site-packages/airflow/example_dags/example_xcom.py took 0.216 seconds
[2022-06-17 17:31:56,631] {processor.py:153} INFO - Started process (PID=143931) to work on /home/uiliam/sandbox/lib/python3.9/site-packages/airflow/example_dags/example_xcom.py
[2022-06-17 17:31:56,632] {processor.py:641} INFO - Processing file /home/uiliam/sandbox/lib/python3.9/site-packages/airflow/example_dags/example_xcom.py for tasks to queue
[2022-06-17 17:31:56,632] {logging_mixin.py:115} INFO - [2022-06-17 17:31:56,632] {dagbag.py:507} INFO - Filling up the DagBag from /home/uiliam/sandbox/lib/python3.9/site-packages/airflow/example_dags/example_xcom.py
[2022-06-17 17:31:56,666] {processor.py:651} INFO - DAG(s) dict_keys(['example_xcom']) retrieved from /home/uiliam/sandbox/lib/python3.9/site-packages/airflow/example_dags/example_xcom.py
[2022-06-17 17:31:56,712] {logging_mixin.py:115} INFO - [2022-06-17 17:31:56,712] {dag.py:2379} INFO - Sync 1 DAGs
[2022-06-17 17:31:56,748] {logging_mixin.py:115} INFO - [2022-06-17 17:31:56,747] {dag.py:2927} INFO - Setting next_dagrun for example_xcom to 2021-01-01T00:00:00+00:00, run_after=2021-01-01T00:00:00+00:00
[2022-06-17 17:31:56,770] {processor.py:161} INFO - Processing /home/uiliam/sandbox/lib/python3.9/site-packages/airflow/example_dags/example_xcom.py took 0.144 seconds
[2022-06-17 17:32:27,043] {processor.py:153} INFO - Started process (PID=144120) to work on /home/uiliam/sandbox/lib/python3.9/site-packages/airflow/example_dags/example_xcom.py
[2022-06-17 17:32:27,044] {processor.py:641} INFO - Processing file /home/uiliam/sandbox/lib/python3.9/site-packages/airflow/example_dags/example_xcom.py for tasks to queue
[2022-06-17 17:32:27,044] {logging_mixin.py:115} INFO - [2022-06-17 17:32:27,044] {dagbag.py:507} INFO - Filling up the DagBag from /home/uiliam/sandbox/lib/python3.9/site-packages/airflow/example_dags/example_xcom.py
[2022-06-17 17:32:27,072] {processor.py:651} INFO - DAG(s) dict_keys(['example_xcom']) retrieved from /home/uiliam/sandbox/lib/python3.9/site-packages/airflow/example_dags/example_xcom.py
[2022-06-17 17:32:27,113] {logging_mixin.py:115} INFO - [2022-06-17 17:32:27,112] {dag.py:2379} INFO - Sync 1 DAGs
[2022-06-17 17:32:27,145] {logging_mixin.py:115} INFO - [2022-06-17 17:32:27,144] {dag.py:2927} INFO - Setting next_dagrun for example_xcom to 2021-01-01T00:00:00+00:00, run_after=2021-01-01T00:00:00+00:00
[2022-06-17 17:32:27,165] {processor.py:161} INFO - Processing /home/uiliam/sandbox/lib/python3.9/site-packages/airflow/example_dags/example_xcom.py took 0.127 seconds
[2022-06-17 17:32:58,293] {processor.py:153} INFO - Started process (PID=144287) to work on /home/uiliam/sandbox/lib/python3.9/site-packages/airflow/example_dags/example_xcom.py
[2022-06-17 17:32:58,293] {processor.py:641} INFO - Processing file /home/uiliam/sandbox/lib/python3.9/site-packages/airflow/example_dags/example_xcom.py for tasks to queue
[2022-06-17 17:32:58,294] {logging_mixin.py:115} INFO - [2022-06-17 17:32:58,294] {dagbag.py:507} INFO - Filling up the DagBag from /home/uiliam/sandbox/lib/python3.9/site-packages/airflow/example_dags/example_xcom.py
[2022-06-17 17:32:58,319] {processor.py:651} INFO - DAG(s) dict_keys(['example_xcom']) retrieved from /home/uiliam/sandbox/lib/python3.9/site-packages/airflow/example_dags/example_xcom.py
[2022-06-17 17:32:58,359] {logging_mixin.py:115} INFO - [2022-06-17 17:32:58,359] {dag.py:2379} INFO - Sync 1 DAGs
[2022-06-17 17:32:58,393] {logging_mixin.py:115} INFO - [2022-06-17 17:32:58,393] {dag.py:2927} INFO - Setting next_dagrun for example_xcom to 2021-01-01T00:00:00+00:00, run_after=2021-01-01T00:00:00+00:00
[2022-06-17 17:32:58,416] {processor.py:161} INFO - Processing /home/uiliam/sandbox/lib/python3.9/site-packages/airflow/example_dags/example_xcom.py took 0.128 seconds
[2022-06-17 17:33:29,235] {processor.py:153} INFO - Started process (PID=144465) to work on /home/uiliam/sandbox/lib/python3.9/site-packages/airflow/example_dags/example_xcom.py
[2022-06-17 17:33:29,236] {processor.py:641} INFO - Processing file /home/uiliam/sandbox/lib/python3.9/site-packages/airflow/example_dags/example_xcom.py for tasks to queue
[2022-06-17 17:33:29,236] {logging_mixin.py:115} INFO - [2022-06-17 17:33:29,236] {dagbag.py:507} INFO - Filling up the DagBag from /home/uiliam/sandbox/lib/python3.9/site-packages/airflow/example_dags/example_xcom.py
[2022-06-17 17:33:29,260] {processor.py:651} INFO - DAG(s) dict_keys(['example_xcom']) retrieved from /home/uiliam/sandbox/lib/python3.9/site-packages/airflow/example_dags/example_xcom.py
[2022-06-17 17:33:29,298] {logging_mixin.py:115} INFO - [2022-06-17 17:33:29,298] {dag.py:2379} INFO - Sync 1 DAGs
[2022-06-17 17:33:29,339] {logging_mixin.py:115} INFO - [2022-06-17 17:33:29,338] {dag.py:2927} INFO - Setting next_dagrun for example_xcom to 2021-01-01T00:00:00+00:00, run_after=2021-01-01T00:00:00+00:00
[2022-06-17 17:33:29,362] {processor.py:161} INFO - Processing /home/uiliam/sandbox/lib/python3.9/site-packages/airflow/example_dags/example_xcom.py took 0.131 seconds
[2022-06-17 17:34:00,621] {processor.py:153} INFO - Started process (PID=144631) to work on /home/uiliam/sandbox/lib/python3.9/site-packages/airflow/example_dags/example_xcom.py
[2022-06-17 17:34:00,622] {processor.py:641} INFO - Processing file /home/uiliam/sandbox/lib/python3.9/site-packages/airflow/example_dags/example_xcom.py for tasks to queue
[2022-06-17 17:34:00,622] {logging_mixin.py:115} INFO - [2022-06-17 17:34:00,622] {dagbag.py:507} INFO - Filling up the DagBag from /home/uiliam/sandbox/lib/python3.9/site-packages/airflow/example_dags/example_xcom.py
[2022-06-17 17:34:00,651] {processor.py:651} INFO - DAG(s) dict_keys(['example_xcom']) retrieved from /home/uiliam/sandbox/lib/python3.9/site-packages/airflow/example_dags/example_xcom.py
[2022-06-17 17:34:00,698] {logging_mixin.py:115} INFO - [2022-06-17 17:34:00,698] {dag.py:2379} INFO - Sync 1 DAGs
[2022-06-17 17:34:00,735] {logging_mixin.py:115} INFO - [2022-06-17 17:34:00,735] {dag.py:2927} INFO - Setting next_dagrun for example_xcom to 2021-01-01T00:00:00+00:00, run_after=2021-01-01T00:00:00+00:00
[2022-06-17 17:34:00,756] {processor.py:161} INFO - Processing /home/uiliam/sandbox/lib/python3.9/site-packages/airflow/example_dags/example_xcom.py took 0.140 seconds
[2022-06-17 17:34:32,173] {processor.py:153} INFO - Started process (PID=145029) to work on /home/uiliam/sandbox/lib/python3.9/site-packages/airflow/example_dags/example_xcom.py
[2022-06-17 17:34:32,174] {processor.py:641} INFO - Processing file /home/uiliam/sandbox/lib/python3.9/site-packages/airflow/example_dags/example_xcom.py for tasks to queue
[2022-06-17 17:34:32,175] {logging_mixin.py:115} INFO - [2022-06-17 17:34:32,175] {dagbag.py:507} INFO - Filling up the DagBag from /home/uiliam/sandbox/lib/python3.9/site-packages/airflow/example_dags/example_xcom.py
[2022-06-17 17:34:32,215] {processor.py:651} INFO - DAG(s) dict_keys(['example_xcom']) retrieved from /home/uiliam/sandbox/lib/python3.9/site-packages/airflow/example_dags/example_xcom.py
[2022-06-17 17:34:32,266] {logging_mixin.py:115} INFO - [2022-06-17 17:34:32,266] {dag.py:2379} INFO - Sync 1 DAGs
[2022-06-17 17:34:32,321] {logging_mixin.py:115} INFO - [2022-06-17 17:34:32,320] {dag.py:2927} INFO - Setting next_dagrun for example_xcom to 2021-01-01T00:00:00+00:00, run_after=2021-01-01T00:00:00+00:00
[2022-06-17 17:34:32,345] {processor.py:161} INFO - Processing /home/uiliam/sandbox/lib/python3.9/site-packages/airflow/example_dags/example_xcom.py took 0.179 seconds
[2022-06-17 17:35:03,395] {processor.py:153} INFO - Started process (PID=145379) to work on /home/uiliam/sandbox/lib/python3.9/site-packages/airflow/example_dags/example_xcom.py
[2022-06-17 17:35:03,396] {processor.py:641} INFO - Processing file /home/uiliam/sandbox/lib/python3.9/site-packages/airflow/example_dags/example_xcom.py for tasks to queue
[2022-06-17 17:35:03,397] {logging_mixin.py:115} INFO - [2022-06-17 17:35:03,397] {dagbag.py:507} INFO - Filling up the DagBag from /home/uiliam/sandbox/lib/python3.9/site-packages/airflow/example_dags/example_xcom.py
[2022-06-17 17:35:03,422] {processor.py:651} INFO - DAG(s) dict_keys(['example_xcom']) retrieved from /home/uiliam/sandbox/lib/python3.9/site-packages/airflow/example_dags/example_xcom.py
[2022-06-17 17:35:03,461] {logging_mixin.py:115} INFO - [2022-06-17 17:35:03,461] {dag.py:2379} INFO - Sync 1 DAGs
[2022-06-17 17:35:03,492] {logging_mixin.py:115} INFO - [2022-06-17 17:35:03,492] {dag.py:2927} INFO - Setting next_dagrun for example_xcom to 2021-01-01T00:00:00+00:00, run_after=2021-01-01T00:00:00+00:00
[2022-06-17 17:35:03,513] {processor.py:161} INFO - Processing /home/uiliam/sandbox/lib/python3.9/site-packages/airflow/example_dags/example_xcom.py took 0.123 seconds
[2022-06-17 17:35:34,905] {processor.py:153} INFO - Started process (PID=145681) to work on /home/uiliam/sandbox/lib/python3.9/site-packages/airflow/example_dags/example_xcom.py
[2022-06-17 17:35:34,906] {processor.py:641} INFO - Processing file /home/uiliam/sandbox/lib/python3.9/site-packages/airflow/example_dags/example_xcom.py for tasks to queue
[2022-06-17 17:35:34,907] {logging_mixin.py:115} INFO - [2022-06-17 17:35:34,907] {dagbag.py:507} INFO - Filling up the DagBag from /home/uiliam/sandbox/lib/python3.9/site-packages/airflow/example_dags/example_xcom.py
[2022-06-17 17:35:34,946] {processor.py:651} INFO - DAG(s) dict_keys(['example_xcom']) retrieved from /home/uiliam/sandbox/lib/python3.9/site-packages/airflow/example_dags/example_xcom.py
[2022-06-17 17:35:34,988] {logging_mixin.py:115} INFO - [2022-06-17 17:35:34,988] {dag.py:2379} INFO - Sync 1 DAGs
[2022-06-17 17:35:35,021] {logging_mixin.py:115} INFO - [2022-06-17 17:35:35,021] {dag.py:2927} INFO - Setting next_dagrun for example_xcom to 2021-01-01T00:00:00+00:00, run_after=2021-01-01T00:00:00+00:00
[2022-06-17 17:35:35,043] {processor.py:161} INFO - Processing /home/uiliam/sandbox/lib/python3.9/site-packages/airflow/example_dags/example_xcom.py took 0.144 seconds
[2022-06-17 17:36:06,127] {processor.py:153} INFO - Started process (PID=146022) to work on /home/uiliam/sandbox/lib/python3.9/site-packages/airflow/example_dags/example_xcom.py
[2022-06-17 17:36:06,127] {processor.py:641} INFO - Processing file /home/uiliam/sandbox/lib/python3.9/site-packages/airflow/example_dags/example_xcom.py for tasks to queue
[2022-06-17 17:36:06,129] {logging_mixin.py:115} INFO - [2022-06-17 17:36:06,128] {dagbag.py:507} INFO - Filling up the DagBag from /home/uiliam/sandbox/lib/python3.9/site-packages/airflow/example_dags/example_xcom.py
[2022-06-17 17:36:06,171] {processor.py:651} INFO - DAG(s) dict_keys(['example_xcom']) retrieved from /home/uiliam/sandbox/lib/python3.9/site-packages/airflow/example_dags/example_xcom.py
[2022-06-17 17:36:06,222] {logging_mixin.py:115} INFO - [2022-06-17 17:36:06,221] {dag.py:2379} INFO - Sync 1 DAGs
[2022-06-17 17:36:06,263] {logging_mixin.py:115} INFO - [2022-06-17 17:36:06,262] {dag.py:2927} INFO - Setting next_dagrun for example_xcom to 2021-01-01T00:00:00+00:00, run_after=2021-01-01T00:00:00+00:00
[2022-06-17 17:36:06,286] {processor.py:161} INFO - Processing /home/uiliam/sandbox/lib/python3.9/site-packages/airflow/example_dags/example_xcom.py took 0.167 seconds
