[2022-06-17 17:11:11,234] {processor.py:153} INFO - Started process (PID=132489) to work on /home/uiliam/sandbox/lib/python3.9/site-packages/airflow/example_dags/example_branch_day_of_week_operator.py
[2022-06-17 17:11:11,235] {processor.py:641} INFO - Processing file /home/uiliam/sandbox/lib/python3.9/site-packages/airflow/example_dags/example_branch_day_of_week_operator.py for tasks to queue
[2022-06-17 17:11:11,236] {logging_mixin.py:115} INFO - [2022-06-17 17:11:11,236] {dagbag.py:507} INFO - Filling up the DagBag from /home/uiliam/sandbox/lib/python3.9/site-packages/airflow/example_dags/example_branch_day_of_week_operator.py
[2022-06-17 17:11:11,246] {processor.py:651} INFO - DAG(s) dict_keys(['example_weekday_branch_operator']) retrieved from /home/uiliam/sandbox/lib/python3.9/site-packages/airflow/example_dags/example_branch_day_of_week_operator.py
[2022-06-17 17:11:11,282] {logging_mixin.py:115} INFO - [2022-06-17 17:11:11,282] {dag.py:2379} INFO - Sync 1 DAGs
[2022-06-17 17:11:11,329] {logging_mixin.py:115} INFO - [2022-06-17 17:11:11,328] {dag.py:2927} INFO - Setting next_dagrun for example_weekday_branch_operator to 2022-06-16T00:00:00+00:00, run_after=2022-06-17T00:00:00+00:00
[2022-06-17 17:11:11,348] {processor.py:161} INFO - Processing /home/uiliam/sandbox/lib/python3.9/site-packages/airflow/example_dags/example_branch_day_of_week_operator.py took 0.119 seconds
[2022-06-17 17:11:42,530] {processor.py:153} INFO - Started process (PID=132835) to work on /home/uiliam/sandbox/lib/python3.9/site-packages/airflow/example_dags/example_branch_day_of_week_operator.py
[2022-06-17 17:11:42,530] {processor.py:641} INFO - Processing file /home/uiliam/sandbox/lib/python3.9/site-packages/airflow/example_dags/example_branch_day_of_week_operator.py for tasks to queue
[2022-06-17 17:11:42,531] {logging_mixin.py:115} INFO - [2022-06-17 17:11:42,531] {dagbag.py:507} INFO - Filling up the DagBag from /home/uiliam/sandbox/lib/python3.9/site-packages/airflow/example_dags/example_branch_day_of_week_operator.py
[2022-06-17 17:11:42,540] {processor.py:651} INFO - DAG(s) dict_keys(['example_weekday_branch_operator']) retrieved from /home/uiliam/sandbox/lib/python3.9/site-packages/airflow/example_dags/example_branch_day_of_week_operator.py
[2022-06-17 17:11:42,572] {logging_mixin.py:115} INFO - [2022-06-17 17:11:42,572] {dag.py:2379} INFO - Sync 1 DAGs
[2022-06-17 17:11:42,612] {logging_mixin.py:115} INFO - [2022-06-17 17:11:42,612] {dag.py:2927} INFO - Setting next_dagrun for example_weekday_branch_operator to 2022-06-16T00:00:00+00:00, run_after=2022-06-17T00:00:00+00:00
[2022-06-17 17:11:42,630] {processor.py:161} INFO - Processing /home/uiliam/sandbox/lib/python3.9/site-packages/airflow/example_dags/example_branch_day_of_week_operator.py took 0.105 seconds
[2022-06-17 17:12:13,661] {processor.py:153} INFO - Started process (PID=134022) to work on /home/uiliam/sandbox/lib/python3.9/site-packages/airflow/example_dags/example_branch_day_of_week_operator.py
[2022-06-17 17:12:13,661] {processor.py:641} INFO - Processing file /home/uiliam/sandbox/lib/python3.9/site-packages/airflow/example_dags/example_branch_day_of_week_operator.py for tasks to queue
[2022-06-17 17:12:13,662] {logging_mixin.py:115} INFO - [2022-06-17 17:12:13,662] {dagbag.py:507} INFO - Filling up the DagBag from /home/uiliam/sandbox/lib/python3.9/site-packages/airflow/example_dags/example_branch_day_of_week_operator.py
[2022-06-17 17:12:13,671] {processor.py:651} INFO - DAG(s) dict_keys(['example_weekday_branch_operator']) retrieved from /home/uiliam/sandbox/lib/python3.9/site-packages/airflow/example_dags/example_branch_day_of_week_operator.py
[2022-06-17 17:12:13,703] {logging_mixin.py:115} INFO - [2022-06-17 17:12:13,703] {dag.py:2379} INFO - Sync 1 DAGs
[2022-06-17 17:12:13,743] {logging_mixin.py:115} INFO - [2022-06-17 17:12:13,743] {dag.py:2927} INFO - Setting next_dagrun for example_weekday_branch_operator to 2022-06-16T00:00:00+00:00, run_after=2022-06-17T00:00:00+00:00
[2022-06-17 17:12:13,763] {processor.py:161} INFO - Processing /home/uiliam/sandbox/lib/python3.9/site-packages/airflow/example_dags/example_branch_day_of_week_operator.py took 0.108 seconds
[2022-06-17 17:12:45,002] {processor.py:153} INFO - Started process (PID=135131) to work on /home/uiliam/sandbox/lib/python3.9/site-packages/airflow/example_dags/example_branch_day_of_week_operator.py
[2022-06-17 17:12:45,003] {processor.py:641} INFO - Processing file /home/uiliam/sandbox/lib/python3.9/site-packages/airflow/example_dags/example_branch_day_of_week_operator.py for tasks to queue
[2022-06-17 17:12:45,005] {logging_mixin.py:115} INFO - [2022-06-17 17:12:45,005] {dagbag.py:507} INFO - Filling up the DagBag from /home/uiliam/sandbox/lib/python3.9/site-packages/airflow/example_dags/example_branch_day_of_week_operator.py
[2022-06-17 17:12:45,025] {processor.py:651} INFO - DAG(s) dict_keys(['example_weekday_branch_operator']) retrieved from /home/uiliam/sandbox/lib/python3.9/site-packages/airflow/example_dags/example_branch_day_of_week_operator.py
[2022-06-17 17:12:45,071] {logging_mixin.py:115} INFO - [2022-06-17 17:12:45,070] {dag.py:2379} INFO - Sync 1 DAGs
[2022-06-17 17:12:45,134] {logging_mixin.py:115} INFO - [2022-06-17 17:12:45,134] {dag.py:2927} INFO - Setting next_dagrun for example_weekday_branch_operator to 2022-06-16T00:00:00+00:00, run_after=2022-06-17T00:00:00+00:00
[2022-06-17 17:12:45,162] {processor.py:161} INFO - Processing /home/uiliam/sandbox/lib/python3.9/site-packages/airflow/example_dags/example_branch_day_of_week_operator.py took 0.166 seconds
[2022-06-17 17:13:16,297] {processor.py:153} INFO - Started process (PID=135520) to work on /home/uiliam/sandbox/lib/python3.9/site-packages/airflow/example_dags/example_branch_day_of_week_operator.py
[2022-06-17 17:13:16,298] {processor.py:641} INFO - Processing file /home/uiliam/sandbox/lib/python3.9/site-packages/airflow/example_dags/example_branch_day_of_week_operator.py for tasks to queue
[2022-06-17 17:13:16,298] {logging_mixin.py:115} INFO - [2022-06-17 17:13:16,298] {dagbag.py:507} INFO - Filling up the DagBag from /home/uiliam/sandbox/lib/python3.9/site-packages/airflow/example_dags/example_branch_day_of_week_operator.py
[2022-06-17 17:13:16,310] {processor.py:651} INFO - DAG(s) dict_keys(['example_weekday_branch_operator']) retrieved from /home/uiliam/sandbox/lib/python3.9/site-packages/airflow/example_dags/example_branch_day_of_week_operator.py
[2022-06-17 17:13:16,340] {logging_mixin.py:115} INFO - [2022-06-17 17:13:16,340] {dag.py:2379} INFO - Sync 1 DAGs
[2022-06-17 17:13:16,377] {logging_mixin.py:115} INFO - [2022-06-17 17:13:16,377] {dag.py:2927} INFO - Setting next_dagrun for example_weekday_branch_operator to 2022-06-16T00:00:00+00:00, run_after=2022-06-17T00:00:00+00:00
[2022-06-17 17:13:16,396] {processor.py:161} INFO - Processing /home/uiliam/sandbox/lib/python3.9/site-packages/airflow/example_dags/example_branch_day_of_week_operator.py took 0.104 seconds
[2022-06-17 17:13:47,480] {processor.py:153} INFO - Started process (PID=135825) to work on /home/uiliam/sandbox/lib/python3.9/site-packages/airflow/example_dags/example_branch_day_of_week_operator.py
[2022-06-17 17:13:47,481] {processor.py:641} INFO - Processing file /home/uiliam/sandbox/lib/python3.9/site-packages/airflow/example_dags/example_branch_day_of_week_operator.py for tasks to queue
[2022-06-17 17:13:47,482] {logging_mixin.py:115} INFO - [2022-06-17 17:13:47,481] {dagbag.py:507} INFO - Filling up the DagBag from /home/uiliam/sandbox/lib/python3.9/site-packages/airflow/example_dags/example_branch_day_of_week_operator.py
[2022-06-17 17:13:47,493] {processor.py:651} INFO - DAG(s) dict_keys(['example_weekday_branch_operator']) retrieved from /home/uiliam/sandbox/lib/python3.9/site-packages/airflow/example_dags/example_branch_day_of_week_operator.py
[2022-06-17 17:13:47,527] {logging_mixin.py:115} INFO - [2022-06-17 17:13:47,527] {dag.py:2379} INFO - Sync 1 DAGs
[2022-06-17 17:13:47,562] {logging_mixin.py:115} INFO - [2022-06-17 17:13:47,562] {dag.py:2927} INFO - Setting next_dagrun for example_weekday_branch_operator to 2022-06-16T00:00:00+00:00, run_after=2022-06-17T00:00:00+00:00
[2022-06-17 17:13:47,582] {processor.py:161} INFO - Processing /home/uiliam/sandbox/lib/python3.9/site-packages/airflow/example_dags/example_branch_day_of_week_operator.py took 0.106 seconds
[2022-06-17 17:14:18,736] {processor.py:153} INFO - Started process (PID=136108) to work on /home/uiliam/sandbox/lib/python3.9/site-packages/airflow/example_dags/example_branch_day_of_week_operator.py
[2022-06-17 17:14:18,737] {processor.py:641} INFO - Processing file /home/uiliam/sandbox/lib/python3.9/site-packages/airflow/example_dags/example_branch_day_of_week_operator.py for tasks to queue
[2022-06-17 17:14:18,737] {logging_mixin.py:115} INFO - [2022-06-17 17:14:18,737] {dagbag.py:507} INFO - Filling up the DagBag from /home/uiliam/sandbox/lib/python3.9/site-packages/airflow/example_dags/example_branch_day_of_week_operator.py
[2022-06-17 17:14:18,750] {processor.py:651} INFO - DAG(s) dict_keys(['example_weekday_branch_operator']) retrieved from /home/uiliam/sandbox/lib/python3.9/site-packages/airflow/example_dags/example_branch_day_of_week_operator.py
[2022-06-17 17:14:18,782] {logging_mixin.py:115} INFO - [2022-06-17 17:14:18,782] {dag.py:2379} INFO - Sync 1 DAGs
[2022-06-17 17:14:18,825] {logging_mixin.py:115} INFO - [2022-06-17 17:14:18,825] {dag.py:2927} INFO - Setting next_dagrun for example_weekday_branch_operator to 2022-06-16T00:00:00+00:00, run_after=2022-06-17T00:00:00+00:00
[2022-06-17 17:14:18,847] {processor.py:161} INFO - Processing /home/uiliam/sandbox/lib/python3.9/site-packages/airflow/example_dags/example_branch_day_of_week_operator.py took 0.116 seconds
[2022-06-17 17:14:50,045] {processor.py:153} INFO - Started process (PID=136468) to work on /home/uiliam/sandbox/lib/python3.9/site-packages/airflow/example_dags/example_branch_day_of_week_operator.py
[2022-06-17 17:14:50,045] {processor.py:641} INFO - Processing file /home/uiliam/sandbox/lib/python3.9/site-packages/airflow/example_dags/example_branch_day_of_week_operator.py for tasks to queue
[2022-06-17 17:14:50,046] {logging_mixin.py:115} INFO - [2022-06-17 17:14:50,046] {dagbag.py:507} INFO - Filling up the DagBag from /home/uiliam/sandbox/lib/python3.9/site-packages/airflow/example_dags/example_branch_day_of_week_operator.py
[2022-06-17 17:14:50,057] {processor.py:651} INFO - DAG(s) dict_keys(['example_weekday_branch_operator']) retrieved from /home/uiliam/sandbox/lib/python3.9/site-packages/airflow/example_dags/example_branch_day_of_week_operator.py
[2022-06-17 17:14:50,090] {logging_mixin.py:115} INFO - [2022-06-17 17:14:50,090] {dag.py:2379} INFO - Sync 1 DAGs
[2022-06-17 17:14:50,129] {logging_mixin.py:115} INFO - [2022-06-17 17:14:50,129] {dag.py:2927} INFO - Setting next_dagrun for example_weekday_branch_operator to 2022-06-16T00:00:00+00:00, run_after=2022-06-17T00:00:00+00:00
[2022-06-17 17:14:50,148] {processor.py:161} INFO - Processing /home/uiliam/sandbox/lib/python3.9/site-packages/airflow/example_dags/example_branch_day_of_week_operator.py took 0.108 seconds
[2022-06-17 17:15:21,391] {processor.py:153} INFO - Started process (PID=136722) to work on /home/uiliam/sandbox/lib/python3.9/site-packages/airflow/example_dags/example_branch_day_of_week_operator.py
[2022-06-17 17:15:21,392] {processor.py:641} INFO - Processing file /home/uiliam/sandbox/lib/python3.9/site-packages/airflow/example_dags/example_branch_day_of_week_operator.py for tasks to queue
[2022-06-17 17:15:21,393] {logging_mixin.py:115} INFO - [2022-06-17 17:15:21,393] {dagbag.py:507} INFO - Filling up the DagBag from /home/uiliam/sandbox/lib/python3.9/site-packages/airflow/example_dags/example_branch_day_of_week_operator.py
[2022-06-17 17:15:21,405] {processor.py:651} INFO - DAG(s) dict_keys(['example_weekday_branch_operator']) retrieved from /home/uiliam/sandbox/lib/python3.9/site-packages/airflow/example_dags/example_branch_day_of_week_operator.py
[2022-06-17 17:15:21,438] {logging_mixin.py:115} INFO - [2022-06-17 17:15:21,438] {dag.py:2379} INFO - Sync 1 DAGs
[2022-06-17 17:15:21,476] {logging_mixin.py:115} INFO - [2022-06-17 17:15:21,476] {dag.py:2927} INFO - Setting next_dagrun for example_weekday_branch_operator to 2022-06-16T00:00:00+00:00, run_after=2022-06-17T00:00:00+00:00
[2022-06-17 17:15:21,495] {processor.py:161} INFO - Processing /home/uiliam/sandbox/lib/python3.9/site-packages/airflow/example_dags/example_branch_day_of_week_operator.py took 0.108 seconds
[2022-06-17 17:15:52,222] {processor.py:153} INFO - Started process (PID=136884) to work on /home/uiliam/sandbox/lib/python3.9/site-packages/airflow/example_dags/example_branch_day_of_week_operator.py
[2022-06-17 17:15:52,223] {processor.py:641} INFO - Processing file /home/uiliam/sandbox/lib/python3.9/site-packages/airflow/example_dags/example_branch_day_of_week_operator.py for tasks to queue
[2022-06-17 17:15:52,224] {logging_mixin.py:115} INFO - [2022-06-17 17:15:52,224] {dagbag.py:507} INFO - Filling up the DagBag from /home/uiliam/sandbox/lib/python3.9/site-packages/airflow/example_dags/example_branch_day_of_week_operator.py
[2022-06-17 17:15:52,235] {processor.py:651} INFO - DAG(s) dict_keys(['example_weekday_branch_operator']) retrieved from /home/uiliam/sandbox/lib/python3.9/site-packages/airflow/example_dags/example_branch_day_of_week_operator.py
[2022-06-17 17:15:52,265] {logging_mixin.py:115} INFO - [2022-06-17 17:15:52,265] {dag.py:2379} INFO - Sync 1 DAGs
[2022-06-17 17:15:52,308] {logging_mixin.py:115} INFO - [2022-06-17 17:15:52,307] {dag.py:2927} INFO - Setting next_dagrun for example_weekday_branch_operator to 2022-06-16T00:00:00+00:00, run_after=2022-06-17T00:00:00+00:00
[2022-06-17 17:15:52,327] {processor.py:161} INFO - Processing /home/uiliam/sandbox/lib/python3.9/site-packages/airflow/example_dags/example_branch_day_of_week_operator.py took 0.109 seconds
[2022-06-17 17:16:23,342] {processor.py:153} INFO - Started process (PID=137090) to work on /home/uiliam/sandbox/lib/python3.9/site-packages/airflow/example_dags/example_branch_day_of_week_operator.py
[2022-06-17 17:16:23,343] {processor.py:641} INFO - Processing file /home/uiliam/sandbox/lib/python3.9/site-packages/airflow/example_dags/example_branch_day_of_week_operator.py for tasks to queue
[2022-06-17 17:16:23,344] {logging_mixin.py:115} INFO - [2022-06-17 17:16:23,343] {dagbag.py:507} INFO - Filling up the DagBag from /home/uiliam/sandbox/lib/python3.9/site-packages/airflow/example_dags/example_branch_day_of_week_operator.py
[2022-06-17 17:16:23,356] {processor.py:651} INFO - DAG(s) dict_keys(['example_weekday_branch_operator']) retrieved from /home/uiliam/sandbox/lib/python3.9/site-packages/airflow/example_dags/example_branch_day_of_week_operator.py
[2022-06-17 17:16:23,391] {logging_mixin.py:115} INFO - [2022-06-17 17:16:23,391] {dag.py:2379} INFO - Sync 1 DAGs
[2022-06-17 17:16:23,440] {logging_mixin.py:115} INFO - [2022-06-17 17:16:23,440] {dag.py:2927} INFO - Setting next_dagrun for example_weekday_branch_operator to 2022-06-16T00:00:00+00:00, run_after=2022-06-17T00:00:00+00:00
[2022-06-17 17:16:23,460] {processor.py:161} INFO - Processing /home/uiliam/sandbox/lib/python3.9/site-packages/airflow/example_dags/example_branch_day_of_week_operator.py took 0.124 seconds
[2022-06-17 17:16:54,514] {processor.py:153} INFO - Started process (PID=137314) to work on /home/uiliam/sandbox/lib/python3.9/site-packages/airflow/example_dags/example_branch_day_of_week_operator.py
[2022-06-17 17:16:54,515] {processor.py:641} INFO - Processing file /home/uiliam/sandbox/lib/python3.9/site-packages/airflow/example_dags/example_branch_day_of_week_operator.py for tasks to queue
[2022-06-17 17:16:54,516] {logging_mixin.py:115} INFO - [2022-06-17 17:16:54,515] {dagbag.py:507} INFO - Filling up the DagBag from /home/uiliam/sandbox/lib/python3.9/site-packages/airflow/example_dags/example_branch_day_of_week_operator.py
[2022-06-17 17:16:54,526] {processor.py:651} INFO - DAG(s) dict_keys(['example_weekday_branch_operator']) retrieved from /home/uiliam/sandbox/lib/python3.9/site-packages/airflow/example_dags/example_branch_day_of_week_operator.py
[2022-06-17 17:16:54,560] {logging_mixin.py:115} INFO - [2022-06-17 17:16:54,560] {dag.py:2379} INFO - Sync 1 DAGs
[2022-06-17 17:16:54,601] {logging_mixin.py:115} INFO - [2022-06-17 17:16:54,600] {dag.py:2927} INFO - Setting next_dagrun for example_weekday_branch_operator to 2022-06-16T00:00:00+00:00, run_after=2022-06-17T00:00:00+00:00
[2022-06-17 17:16:54,620] {processor.py:161} INFO - Processing /home/uiliam/sandbox/lib/python3.9/site-packages/airflow/example_dags/example_branch_day_of_week_operator.py took 0.110 seconds
[2022-06-17 17:17:25,512] {processor.py:153} INFO - Started process (PID=137561) to work on /home/uiliam/sandbox/lib/python3.9/site-packages/airflow/example_dags/example_branch_day_of_week_operator.py
[2022-06-17 17:17:25,513] {processor.py:641} INFO - Processing file /home/uiliam/sandbox/lib/python3.9/site-packages/airflow/example_dags/example_branch_day_of_week_operator.py for tasks to queue
[2022-06-17 17:17:25,513] {logging_mixin.py:115} INFO - [2022-06-17 17:17:25,513] {dagbag.py:507} INFO - Filling up the DagBag from /home/uiliam/sandbox/lib/python3.9/site-packages/airflow/example_dags/example_branch_day_of_week_operator.py
[2022-06-17 17:17:25,523] {processor.py:651} INFO - DAG(s) dict_keys(['example_weekday_branch_operator']) retrieved from /home/uiliam/sandbox/lib/python3.9/site-packages/airflow/example_dags/example_branch_day_of_week_operator.py
[2022-06-17 17:17:25,554] {logging_mixin.py:115} INFO - [2022-06-17 17:17:25,554] {dag.py:2379} INFO - Sync 1 DAGs
[2022-06-17 17:17:25,593] {logging_mixin.py:115} INFO - [2022-06-17 17:17:25,592] {dag.py:2927} INFO - Setting next_dagrun for example_weekday_branch_operator to 2022-06-16T00:00:00+00:00, run_after=2022-06-17T00:00:00+00:00
[2022-06-17 17:17:25,611] {processor.py:161} INFO - Processing /home/uiliam/sandbox/lib/python3.9/site-packages/airflow/example_dags/example_branch_day_of_week_operator.py took 0.104 seconds
[2022-06-17 17:17:56,609] {processor.py:153} INFO - Started process (PID=137800) to work on /home/uiliam/sandbox/lib/python3.9/site-packages/airflow/example_dags/example_branch_day_of_week_operator.py
[2022-06-17 17:17:56,610] {processor.py:641} INFO - Processing file /home/uiliam/sandbox/lib/python3.9/site-packages/airflow/example_dags/example_branch_day_of_week_operator.py for tasks to queue
[2022-06-17 17:17:56,610] {logging_mixin.py:115} INFO - [2022-06-17 17:17:56,610] {dagbag.py:507} INFO - Filling up the DagBag from /home/uiliam/sandbox/lib/python3.9/site-packages/airflow/example_dags/example_branch_day_of_week_operator.py
[2022-06-17 17:17:56,619] {processor.py:651} INFO - DAG(s) dict_keys(['example_weekday_branch_operator']) retrieved from /home/uiliam/sandbox/lib/python3.9/site-packages/airflow/example_dags/example_branch_day_of_week_operator.py
[2022-06-17 17:17:56,652] {logging_mixin.py:115} INFO - [2022-06-17 17:17:56,651] {dag.py:2379} INFO - Sync 1 DAGs
[2022-06-17 17:17:56,691] {logging_mixin.py:115} INFO - [2022-06-17 17:17:56,691] {dag.py:2927} INFO - Setting next_dagrun for example_weekday_branch_operator to 2022-06-16T00:00:00+00:00, run_after=2022-06-17T00:00:00+00:00
[2022-06-17 17:17:56,710] {processor.py:161} INFO - Processing /home/uiliam/sandbox/lib/python3.9/site-packages/airflow/example_dags/example_branch_day_of_week_operator.py took 0.106 seconds
[2022-06-17 17:18:27,854] {processor.py:153} INFO - Started process (PID=138123) to work on /home/uiliam/sandbox/lib/python3.9/site-packages/airflow/example_dags/example_branch_day_of_week_operator.py
[2022-06-17 17:18:27,855] {processor.py:641} INFO - Processing file /home/uiliam/sandbox/lib/python3.9/site-packages/airflow/example_dags/example_branch_day_of_week_operator.py for tasks to queue
[2022-06-17 17:18:27,856] {logging_mixin.py:115} INFO - [2022-06-17 17:18:27,856] {dagbag.py:507} INFO - Filling up the DagBag from /home/uiliam/sandbox/lib/python3.9/site-packages/airflow/example_dags/example_branch_day_of_week_operator.py
[2022-06-17 17:18:27,866] {processor.py:651} INFO - DAG(s) dict_keys(['example_weekday_branch_operator']) retrieved from /home/uiliam/sandbox/lib/python3.9/site-packages/airflow/example_dags/example_branch_day_of_week_operator.py
[2022-06-17 17:18:27,898] {logging_mixin.py:115} INFO - [2022-06-17 17:18:27,898] {dag.py:2379} INFO - Sync 1 DAGs
[2022-06-17 17:18:27,940] {logging_mixin.py:115} INFO - [2022-06-17 17:18:27,940] {dag.py:2927} INFO - Setting next_dagrun for example_weekday_branch_operator to 2022-06-16T00:00:00+00:00, run_after=2022-06-17T00:00:00+00:00
[2022-06-17 17:18:27,960] {processor.py:161} INFO - Processing /home/uiliam/sandbox/lib/python3.9/site-packages/airflow/example_dags/example_branch_day_of_week_operator.py took 0.111 seconds
[2022-06-17 17:18:59,049] {processor.py:153} INFO - Started process (PID=138369) to work on /home/uiliam/sandbox/lib/python3.9/site-packages/airflow/example_dags/example_branch_day_of_week_operator.py
[2022-06-17 17:18:59,050] {processor.py:641} INFO - Processing file /home/uiliam/sandbox/lib/python3.9/site-packages/airflow/example_dags/example_branch_day_of_week_operator.py for tasks to queue
[2022-06-17 17:18:59,051] {logging_mixin.py:115} INFO - [2022-06-17 17:18:59,050] {dagbag.py:507} INFO - Filling up the DagBag from /home/uiliam/sandbox/lib/python3.9/site-packages/airflow/example_dags/example_branch_day_of_week_operator.py
[2022-06-17 17:18:59,063] {processor.py:651} INFO - DAG(s) dict_keys(['example_weekday_branch_operator']) retrieved from /home/uiliam/sandbox/lib/python3.9/site-packages/airflow/example_dags/example_branch_day_of_week_operator.py
[2022-06-17 17:18:59,094] {logging_mixin.py:115} INFO - [2022-06-17 17:18:59,094] {dag.py:2379} INFO - Sync 1 DAGs
[2022-06-17 17:18:59,131] {logging_mixin.py:115} INFO - [2022-06-17 17:18:59,130] {dag.py:2927} INFO - Setting next_dagrun for example_weekday_branch_operator to 2022-06-16T00:00:00+00:00, run_after=2022-06-17T00:00:00+00:00
[2022-06-17 17:18:59,148] {processor.py:161} INFO - Processing /home/uiliam/sandbox/lib/python3.9/site-packages/airflow/example_dags/example_branch_day_of_week_operator.py took 0.105 seconds
[2022-06-17 17:19:30,026] {processor.py:153} INFO - Started process (PID=138629) to work on /home/uiliam/sandbox/lib/python3.9/site-packages/airflow/example_dags/example_branch_day_of_week_operator.py
[2022-06-17 17:19:30,027] {processor.py:641} INFO - Processing file /home/uiliam/sandbox/lib/python3.9/site-packages/airflow/example_dags/example_branch_day_of_week_operator.py for tasks to queue
[2022-06-17 17:19:30,027] {logging_mixin.py:115} INFO - [2022-06-17 17:19:30,027] {dagbag.py:507} INFO - Filling up the DagBag from /home/uiliam/sandbox/lib/python3.9/site-packages/airflow/example_dags/example_branch_day_of_week_operator.py
[2022-06-17 17:19:30,037] {processor.py:651} INFO - DAG(s) dict_keys(['example_weekday_branch_operator']) retrieved from /home/uiliam/sandbox/lib/python3.9/site-packages/airflow/example_dags/example_branch_day_of_week_operator.py
[2022-06-17 17:19:30,070] {logging_mixin.py:115} INFO - [2022-06-17 17:19:30,070] {dag.py:2379} INFO - Sync 1 DAGs
[2022-06-17 17:19:30,112] {logging_mixin.py:115} INFO - [2022-06-17 17:19:30,111] {dag.py:2927} INFO - Setting next_dagrun for example_weekday_branch_operator to 2022-06-16T00:00:00+00:00, run_after=2022-06-17T00:00:00+00:00
[2022-06-17 17:19:30,129] {processor.py:161} INFO - Processing /home/uiliam/sandbox/lib/python3.9/site-packages/airflow/example_dags/example_branch_day_of_week_operator.py took 0.108 seconds
[2022-06-17 17:20:01,002] {processor.py:153} INFO - Started process (PID=138879) to work on /home/uiliam/sandbox/lib/python3.9/site-packages/airflow/example_dags/example_branch_day_of_week_operator.py
[2022-06-17 17:20:01,003] {processor.py:641} INFO - Processing file /home/uiliam/sandbox/lib/python3.9/site-packages/airflow/example_dags/example_branch_day_of_week_operator.py for tasks to queue
[2022-06-17 17:20:01,004] {logging_mixin.py:115} INFO - [2022-06-17 17:20:01,003] {dagbag.py:507} INFO - Filling up the DagBag from /home/uiliam/sandbox/lib/python3.9/site-packages/airflow/example_dags/example_branch_day_of_week_operator.py
[2022-06-17 17:20:01,014] {processor.py:651} INFO - DAG(s) dict_keys(['example_weekday_branch_operator']) retrieved from /home/uiliam/sandbox/lib/python3.9/site-packages/airflow/example_dags/example_branch_day_of_week_operator.py
[2022-06-17 17:20:01,046] {logging_mixin.py:115} INFO - [2022-06-17 17:20:01,046] {dag.py:2379} INFO - Sync 1 DAGs
[2022-06-17 17:20:01,083] {logging_mixin.py:115} INFO - [2022-06-17 17:20:01,083] {dag.py:2927} INFO - Setting next_dagrun for example_weekday_branch_operator to 2022-06-16T00:00:00+00:00, run_after=2022-06-17T00:00:00+00:00
[2022-06-17 17:20:01,100] {processor.py:161} INFO - Processing /home/uiliam/sandbox/lib/python3.9/site-packages/airflow/example_dags/example_branch_day_of_week_operator.py took 0.103 seconds
[2022-06-17 17:20:32,199] {processor.py:153} INFO - Started process (PID=139206) to work on /home/uiliam/sandbox/lib/python3.9/site-packages/airflow/example_dags/example_branch_day_of_week_operator.py
[2022-06-17 17:20:32,200] {processor.py:641} INFO - Processing file /home/uiliam/sandbox/lib/python3.9/site-packages/airflow/example_dags/example_branch_day_of_week_operator.py for tasks to queue
[2022-06-17 17:20:32,201] {logging_mixin.py:115} INFO - [2022-06-17 17:20:32,201] {dagbag.py:507} INFO - Filling up the DagBag from /home/uiliam/sandbox/lib/python3.9/site-packages/airflow/example_dags/example_branch_day_of_week_operator.py
[2022-06-17 17:20:32,214] {processor.py:651} INFO - DAG(s) dict_keys(['example_weekday_branch_operator']) retrieved from /home/uiliam/sandbox/lib/python3.9/site-packages/airflow/example_dags/example_branch_day_of_week_operator.py
[2022-06-17 17:20:32,245] {logging_mixin.py:115} INFO - [2022-06-17 17:20:32,245] {dag.py:2379} INFO - Sync 1 DAGs
[2022-06-17 17:20:32,285] {logging_mixin.py:115} INFO - [2022-06-17 17:20:32,285] {dag.py:2927} INFO - Setting next_dagrun for example_weekday_branch_operator to 2022-06-16T00:00:00+00:00, run_after=2022-06-17T00:00:00+00:00
[2022-06-17 17:20:32,303] {processor.py:161} INFO - Processing /home/uiliam/sandbox/lib/python3.9/site-packages/airflow/example_dags/example_branch_day_of_week_operator.py took 0.107 seconds
[2022-06-17 17:21:03,189] {processor.py:153} INFO - Started process (PID=139412) to work on /home/uiliam/sandbox/lib/python3.9/site-packages/airflow/example_dags/example_branch_day_of_week_operator.py
[2022-06-17 17:21:03,190] {processor.py:641} INFO - Processing file /home/uiliam/sandbox/lib/python3.9/site-packages/airflow/example_dags/example_branch_day_of_week_operator.py for tasks to queue
[2022-06-17 17:21:03,191] {logging_mixin.py:115} INFO - [2022-06-17 17:21:03,191] {dagbag.py:507} INFO - Filling up the DagBag from /home/uiliam/sandbox/lib/python3.9/site-packages/airflow/example_dags/example_branch_day_of_week_operator.py
[2022-06-17 17:21:03,202] {processor.py:651} INFO - DAG(s) dict_keys(['example_weekday_branch_operator']) retrieved from /home/uiliam/sandbox/lib/python3.9/site-packages/airflow/example_dags/example_branch_day_of_week_operator.py
[2022-06-17 17:21:03,235] {logging_mixin.py:115} INFO - [2022-06-17 17:21:03,235] {dag.py:2379} INFO - Sync 1 DAGs
[2022-06-17 17:21:03,283] {logging_mixin.py:115} INFO - [2022-06-17 17:21:03,282] {dag.py:2927} INFO - Setting next_dagrun for example_weekday_branch_operator to 2022-06-16T00:00:00+00:00, run_after=2022-06-17T00:00:00+00:00
[2022-06-17 17:21:03,305] {processor.py:161} INFO - Processing /home/uiliam/sandbox/lib/python3.9/site-packages/airflow/example_dags/example_branch_day_of_week_operator.py took 0.120 seconds
[2022-06-17 17:21:34,282] {processor.py:153} INFO - Started process (PID=139667) to work on /home/uiliam/sandbox/lib/python3.9/site-packages/airflow/example_dags/example_branch_day_of_week_operator.py
[2022-06-17 17:21:34,282] {processor.py:641} INFO - Processing file /home/uiliam/sandbox/lib/python3.9/site-packages/airflow/example_dags/example_branch_day_of_week_operator.py for tasks to queue
[2022-06-17 17:21:34,283] {logging_mixin.py:115} INFO - [2022-06-17 17:21:34,283] {dagbag.py:507} INFO - Filling up the DagBag from /home/uiliam/sandbox/lib/python3.9/site-packages/airflow/example_dags/example_branch_day_of_week_operator.py
[2022-06-17 17:21:34,295] {processor.py:651} INFO - DAG(s) dict_keys(['example_weekday_branch_operator']) retrieved from /home/uiliam/sandbox/lib/python3.9/site-packages/airflow/example_dags/example_branch_day_of_week_operator.py
[2022-06-17 17:21:34,326] {logging_mixin.py:115} INFO - [2022-06-17 17:21:34,326] {dag.py:2379} INFO - Sync 1 DAGs
[2022-06-17 17:21:34,365] {logging_mixin.py:115} INFO - [2022-06-17 17:21:34,365] {dag.py:2927} INFO - Setting next_dagrun for example_weekday_branch_operator to 2022-06-16T00:00:00+00:00, run_after=2022-06-17T00:00:00+00:00
[2022-06-17 17:21:34,384] {processor.py:161} INFO - Processing /home/uiliam/sandbox/lib/python3.9/site-packages/airflow/example_dags/example_branch_day_of_week_operator.py took 0.107 seconds
[2022-06-17 17:22:05,297] {processor.py:153} INFO - Started process (PID=139916) to work on /home/uiliam/sandbox/lib/python3.9/site-packages/airflow/example_dags/example_branch_day_of_week_operator.py
[2022-06-17 17:22:05,298] {processor.py:641} INFO - Processing file /home/uiliam/sandbox/lib/python3.9/site-packages/airflow/example_dags/example_branch_day_of_week_operator.py for tasks to queue
[2022-06-17 17:22:05,299] {logging_mixin.py:115} INFO - [2022-06-17 17:22:05,299] {dagbag.py:507} INFO - Filling up the DagBag from /home/uiliam/sandbox/lib/python3.9/site-packages/airflow/example_dags/example_branch_day_of_week_operator.py
[2022-06-17 17:22:05,310] {processor.py:651} INFO - DAG(s) dict_keys(['example_weekday_branch_operator']) retrieved from /home/uiliam/sandbox/lib/python3.9/site-packages/airflow/example_dags/example_branch_day_of_week_operator.py
[2022-06-17 17:22:05,343] {logging_mixin.py:115} INFO - [2022-06-17 17:22:05,342] {dag.py:2379} INFO - Sync 1 DAGs
[2022-06-17 17:22:05,380] {logging_mixin.py:115} INFO - [2022-06-17 17:22:05,380] {dag.py:2927} INFO - Setting next_dagrun for example_weekday_branch_operator to 2022-06-16T00:00:00+00:00, run_after=2022-06-17T00:00:00+00:00
[2022-06-17 17:22:05,401] {processor.py:161} INFO - Processing /home/uiliam/sandbox/lib/python3.9/site-packages/airflow/example_dags/example_branch_day_of_week_operator.py took 0.108 seconds
[2022-06-17 17:22:36,376] {processor.py:153} INFO - Started process (PID=140176) to work on /home/uiliam/sandbox/lib/python3.9/site-packages/airflow/example_dags/example_branch_day_of_week_operator.py
[2022-06-17 17:22:36,376] {processor.py:641} INFO - Processing file /home/uiliam/sandbox/lib/python3.9/site-packages/airflow/example_dags/example_branch_day_of_week_operator.py for tasks to queue
[2022-06-17 17:22:36,377] {logging_mixin.py:115} INFO - [2022-06-17 17:22:36,377] {dagbag.py:507} INFO - Filling up the DagBag from /home/uiliam/sandbox/lib/python3.9/site-packages/airflow/example_dags/example_branch_day_of_week_operator.py
[2022-06-17 17:22:36,389] {processor.py:651} INFO - DAG(s) dict_keys(['example_weekday_branch_operator']) retrieved from /home/uiliam/sandbox/lib/python3.9/site-packages/airflow/example_dags/example_branch_day_of_week_operator.py
[2022-06-17 17:22:36,420] {logging_mixin.py:115} INFO - [2022-06-17 17:22:36,420] {dag.py:2379} INFO - Sync 1 DAGs
[2022-06-17 17:22:36,460] {logging_mixin.py:115} INFO - [2022-06-17 17:22:36,460] {dag.py:2927} INFO - Setting next_dagrun for example_weekday_branch_operator to 2022-06-16T00:00:00+00:00, run_after=2022-06-17T00:00:00+00:00
[2022-06-17 17:22:36,480] {processor.py:161} INFO - Processing /home/uiliam/sandbox/lib/python3.9/site-packages/airflow/example_dags/example_branch_day_of_week_operator.py took 0.108 seconds
[2022-06-17 17:23:07,545] {processor.py:153} INFO - Started process (PID=140411) to work on /home/uiliam/sandbox/lib/python3.9/site-packages/airflow/example_dags/example_branch_day_of_week_operator.py
[2022-06-17 17:23:07,546] {processor.py:641} INFO - Processing file /home/uiliam/sandbox/lib/python3.9/site-packages/airflow/example_dags/example_branch_day_of_week_operator.py for tasks to queue
[2022-06-17 17:23:07,546] {logging_mixin.py:115} INFO - [2022-06-17 17:23:07,546] {dagbag.py:507} INFO - Filling up the DagBag from /home/uiliam/sandbox/lib/python3.9/site-packages/airflow/example_dags/example_branch_day_of_week_operator.py
[2022-06-17 17:23:07,556] {processor.py:651} INFO - DAG(s) dict_keys(['example_weekday_branch_operator']) retrieved from /home/uiliam/sandbox/lib/python3.9/site-packages/airflow/example_dags/example_branch_day_of_week_operator.py
[2022-06-17 17:23:07,592] {logging_mixin.py:115} INFO - [2022-06-17 17:23:07,592] {dag.py:2379} INFO - Sync 1 DAGs
[2022-06-17 17:23:07,633] {logging_mixin.py:115} INFO - [2022-06-17 17:23:07,633] {dag.py:2927} INFO - Setting next_dagrun for example_weekday_branch_operator to 2022-06-16T00:00:00+00:00, run_after=2022-06-17T00:00:00+00:00
[2022-06-17 17:23:07,652] {processor.py:161} INFO - Processing /home/uiliam/sandbox/lib/python3.9/site-packages/airflow/example_dags/example_branch_day_of_week_operator.py took 0.111 seconds
[2022-06-17 17:23:38,881] {processor.py:153} INFO - Started process (PID=140657) to work on /home/uiliam/sandbox/lib/python3.9/site-packages/airflow/example_dags/example_branch_day_of_week_operator.py
[2022-06-17 17:23:38,882] {processor.py:641} INFO - Processing file /home/uiliam/sandbox/lib/python3.9/site-packages/airflow/example_dags/example_branch_day_of_week_operator.py for tasks to queue
[2022-06-17 17:23:38,883] {logging_mixin.py:115} INFO - [2022-06-17 17:23:38,882] {dagbag.py:507} INFO - Filling up the DagBag from /home/uiliam/sandbox/lib/python3.9/site-packages/airflow/example_dags/example_branch_day_of_week_operator.py
[2022-06-17 17:23:38,895] {processor.py:651} INFO - DAG(s) dict_keys(['example_weekday_branch_operator']) retrieved from /home/uiliam/sandbox/lib/python3.9/site-packages/airflow/example_dags/example_branch_day_of_week_operator.py
[2022-06-17 17:23:38,935] {logging_mixin.py:115} INFO - [2022-06-17 17:23:38,935] {dag.py:2379} INFO - Sync 1 DAGs
[2022-06-17 17:23:38,984] {logging_mixin.py:115} INFO - [2022-06-17 17:23:38,983] {dag.py:2927} INFO - Setting next_dagrun for example_weekday_branch_operator to 2022-06-16T00:00:00+00:00, run_after=2022-06-17T00:00:00+00:00
[2022-06-17 17:23:39,002] {processor.py:161} INFO - Processing /home/uiliam/sandbox/lib/python3.9/site-packages/airflow/example_dags/example_branch_day_of_week_operator.py took 0.126 seconds
[2022-06-17 17:24:10,023] {processor.py:153} INFO - Started process (PID=140808) to work on /home/uiliam/sandbox/lib/python3.9/site-packages/airflow/example_dags/example_branch_day_of_week_operator.py
[2022-06-17 17:24:10,023] {processor.py:641} INFO - Processing file /home/uiliam/sandbox/lib/python3.9/site-packages/airflow/example_dags/example_branch_day_of_week_operator.py for tasks to queue
[2022-06-17 17:24:10,024] {logging_mixin.py:115} INFO - [2022-06-17 17:24:10,024] {dagbag.py:507} INFO - Filling up the DagBag from /home/uiliam/sandbox/lib/python3.9/site-packages/airflow/example_dags/example_branch_day_of_week_operator.py
[2022-06-17 17:24:10,041] {processor.py:651} INFO - DAG(s) dict_keys(['example_weekday_branch_operator']) retrieved from /home/uiliam/sandbox/lib/python3.9/site-packages/airflow/example_dags/example_branch_day_of_week_operator.py
[2022-06-17 17:24:10,080] {logging_mixin.py:115} INFO - [2022-06-17 17:24:10,079] {dag.py:2379} INFO - Sync 1 DAGs
[2022-06-17 17:24:10,137] {logging_mixin.py:115} INFO - [2022-06-17 17:24:10,137] {dag.py:2927} INFO - Setting next_dagrun for example_weekday_branch_operator to 2022-06-16T00:00:00+00:00, run_after=2022-06-17T00:00:00+00:00
[2022-06-17 17:24:10,165] {processor.py:161} INFO - Processing /home/uiliam/sandbox/lib/python3.9/site-packages/airflow/example_dags/example_branch_day_of_week_operator.py took 0.148 seconds
[2022-06-17 17:24:41,322] {processor.py:153} INFO - Started process (PID=141133) to work on /home/uiliam/sandbox/lib/python3.9/site-packages/airflow/example_dags/example_branch_day_of_week_operator.py
[2022-06-17 17:24:41,322] {processor.py:641} INFO - Processing file /home/uiliam/sandbox/lib/python3.9/site-packages/airflow/example_dags/example_branch_day_of_week_operator.py for tasks to queue
[2022-06-17 17:24:41,323] {logging_mixin.py:115} INFO - [2022-06-17 17:24:41,323] {dagbag.py:507} INFO - Filling up the DagBag from /home/uiliam/sandbox/lib/python3.9/site-packages/airflow/example_dags/example_branch_day_of_week_operator.py
[2022-06-17 17:24:41,333] {processor.py:651} INFO - DAG(s) dict_keys(['example_weekday_branch_operator']) retrieved from /home/uiliam/sandbox/lib/python3.9/site-packages/airflow/example_dags/example_branch_day_of_week_operator.py
[2022-06-17 17:24:41,366] {logging_mixin.py:115} INFO - [2022-06-17 17:24:41,366] {dag.py:2379} INFO - Sync 1 DAGs
[2022-06-17 17:24:41,409] {logging_mixin.py:115} INFO - [2022-06-17 17:24:41,409] {dag.py:2927} INFO - Setting next_dagrun for example_weekday_branch_operator to 2022-06-16T00:00:00+00:00, run_after=2022-06-17T00:00:00+00:00
[2022-06-17 17:24:41,427] {processor.py:161} INFO - Processing /home/uiliam/sandbox/lib/python3.9/site-packages/airflow/example_dags/example_branch_day_of_week_operator.py took 0.111 seconds
[2022-06-17 17:25:12,537] {processor.py:153} INFO - Started process (PID=141321) to work on /home/uiliam/sandbox/lib/python3.9/site-packages/airflow/example_dags/example_branch_day_of_week_operator.py
[2022-06-17 17:25:12,538] {processor.py:641} INFO - Processing file /home/uiliam/sandbox/lib/python3.9/site-packages/airflow/example_dags/example_branch_day_of_week_operator.py for tasks to queue
[2022-06-17 17:25:12,539] {logging_mixin.py:115} INFO - [2022-06-17 17:25:12,538] {dagbag.py:507} INFO - Filling up the DagBag from /home/uiliam/sandbox/lib/python3.9/site-packages/airflow/example_dags/example_branch_day_of_week_operator.py
[2022-06-17 17:25:12,550] {processor.py:651} INFO - DAG(s) dict_keys(['example_weekday_branch_operator']) retrieved from /home/uiliam/sandbox/lib/python3.9/site-packages/airflow/example_dags/example_branch_day_of_week_operator.py
[2022-06-17 17:25:12,582] {logging_mixin.py:115} INFO - [2022-06-17 17:25:12,582] {dag.py:2379} INFO - Sync 1 DAGs
[2022-06-17 17:25:12,622] {logging_mixin.py:115} INFO - [2022-06-17 17:25:12,622] {dag.py:2927} INFO - Setting next_dagrun for example_weekday_branch_operator to 2022-06-16T00:00:00+00:00, run_after=2022-06-17T00:00:00+00:00
[2022-06-17 17:25:12,640] {processor.py:161} INFO - Processing /home/uiliam/sandbox/lib/python3.9/site-packages/airflow/example_dags/example_branch_day_of_week_operator.py took 0.108 seconds
[2022-06-17 17:25:43,960] {processor.py:153} INFO - Started process (PID=141524) to work on /home/uiliam/sandbox/lib/python3.9/site-packages/airflow/example_dags/example_branch_day_of_week_operator.py
[2022-06-17 17:25:43,961] {processor.py:641} INFO - Processing file /home/uiliam/sandbox/lib/python3.9/site-packages/airflow/example_dags/example_branch_day_of_week_operator.py for tasks to queue
[2022-06-17 17:25:43,961] {logging_mixin.py:115} INFO - [2022-06-17 17:25:43,961] {dagbag.py:507} INFO - Filling up the DagBag from /home/uiliam/sandbox/lib/python3.9/site-packages/airflow/example_dags/example_branch_day_of_week_operator.py
[2022-06-17 17:25:43,973] {processor.py:651} INFO - DAG(s) dict_keys(['example_weekday_branch_operator']) retrieved from /home/uiliam/sandbox/lib/python3.9/site-packages/airflow/example_dags/example_branch_day_of_week_operator.py
[2022-06-17 17:25:44,007] {logging_mixin.py:115} INFO - [2022-06-17 17:25:44,007] {dag.py:2379} INFO - Sync 1 DAGs
[2022-06-17 17:25:44,054] {logging_mixin.py:115} INFO - [2022-06-17 17:25:44,054] {dag.py:2927} INFO - Setting next_dagrun for example_weekday_branch_operator to 2022-06-16T00:00:00+00:00, run_after=2022-06-17T00:00:00+00:00
[2022-06-17 17:25:44,074] {processor.py:161} INFO - Processing /home/uiliam/sandbox/lib/python3.9/site-packages/airflow/example_dags/example_branch_day_of_week_operator.py took 0.118 seconds
[2022-06-17 17:26:15,083] {processor.py:153} INFO - Started process (PID=141723) to work on /home/uiliam/sandbox/lib/python3.9/site-packages/airflow/example_dags/example_branch_day_of_week_operator.py
[2022-06-17 17:26:15,084] {processor.py:641} INFO - Processing file /home/uiliam/sandbox/lib/python3.9/site-packages/airflow/example_dags/example_branch_day_of_week_operator.py for tasks to queue
[2022-06-17 17:26:15,084] {logging_mixin.py:115} INFO - [2022-06-17 17:26:15,084] {dagbag.py:507} INFO - Filling up the DagBag from /home/uiliam/sandbox/lib/python3.9/site-packages/airflow/example_dags/example_branch_day_of_week_operator.py
[2022-06-17 17:26:15,095] {processor.py:651} INFO - DAG(s) dict_keys(['example_weekday_branch_operator']) retrieved from /home/uiliam/sandbox/lib/python3.9/site-packages/airflow/example_dags/example_branch_day_of_week_operator.py
[2022-06-17 17:26:15,128] {logging_mixin.py:115} INFO - [2022-06-17 17:26:15,128] {dag.py:2379} INFO - Sync 1 DAGs
[2022-06-17 17:26:15,166] {logging_mixin.py:115} INFO - [2022-06-17 17:26:15,166] {dag.py:2927} INFO - Setting next_dagrun for example_weekday_branch_operator to 2022-06-16T00:00:00+00:00, run_after=2022-06-17T00:00:00+00:00
[2022-06-17 17:26:15,185] {processor.py:161} INFO - Processing /home/uiliam/sandbox/lib/python3.9/site-packages/airflow/example_dags/example_branch_day_of_week_operator.py took 0.107 seconds
[2022-06-17 17:26:46,153] {processor.py:153} INFO - Started process (PID=141896) to work on /home/uiliam/sandbox/lib/python3.9/site-packages/airflow/example_dags/example_branch_day_of_week_operator.py
[2022-06-17 17:26:46,154] {processor.py:641} INFO - Processing file /home/uiliam/sandbox/lib/python3.9/site-packages/airflow/example_dags/example_branch_day_of_week_operator.py for tasks to queue
[2022-06-17 17:26:46,156] {logging_mixin.py:115} INFO - [2022-06-17 17:26:46,155] {dagbag.py:507} INFO - Filling up the DagBag from /home/uiliam/sandbox/lib/python3.9/site-packages/airflow/example_dags/example_branch_day_of_week_operator.py
[2022-06-17 17:26:46,166] {processor.py:651} INFO - DAG(s) dict_keys(['example_weekday_branch_operator']) retrieved from /home/uiliam/sandbox/lib/python3.9/site-packages/airflow/example_dags/example_branch_day_of_week_operator.py
[2022-06-17 17:26:46,196] {logging_mixin.py:115} INFO - [2022-06-17 17:26:46,196] {dag.py:2379} INFO - Sync 1 DAGs
[2022-06-17 17:26:46,233] {logging_mixin.py:115} INFO - [2022-06-17 17:26:46,232] {dag.py:2927} INFO - Setting next_dagrun for example_weekday_branch_operator to 2022-06-16T00:00:00+00:00, run_after=2022-06-17T00:00:00+00:00
[2022-06-17 17:26:46,256] {processor.py:161} INFO - Processing /home/uiliam/sandbox/lib/python3.9/site-packages/airflow/example_dags/example_branch_day_of_week_operator.py took 0.107 seconds
[2022-06-17 17:27:17,412] {processor.py:153} INFO - Started process (PID=142070) to work on /home/uiliam/sandbox/lib/python3.9/site-packages/airflow/example_dags/example_branch_day_of_week_operator.py
[2022-06-17 17:27:17,413] {processor.py:641} INFO - Processing file /home/uiliam/sandbox/lib/python3.9/site-packages/airflow/example_dags/example_branch_day_of_week_operator.py for tasks to queue
[2022-06-17 17:27:17,414] {logging_mixin.py:115} INFO - [2022-06-17 17:27:17,414] {dagbag.py:507} INFO - Filling up the DagBag from /home/uiliam/sandbox/lib/python3.9/site-packages/airflow/example_dags/example_branch_day_of_week_operator.py
[2022-06-17 17:27:17,427] {processor.py:651} INFO - DAG(s) dict_keys(['example_weekday_branch_operator']) retrieved from /home/uiliam/sandbox/lib/python3.9/site-packages/airflow/example_dags/example_branch_day_of_week_operator.py
[2022-06-17 17:27:17,466] {logging_mixin.py:115} INFO - [2022-06-17 17:27:17,466] {dag.py:2379} INFO - Sync 1 DAGs
[2022-06-17 17:27:17,512] {logging_mixin.py:115} INFO - [2022-06-17 17:27:17,511] {dag.py:2927} INFO - Setting next_dagrun for example_weekday_branch_operator to 2022-06-16T00:00:00+00:00, run_after=2022-06-17T00:00:00+00:00
[2022-06-17 17:27:17,534] {processor.py:161} INFO - Processing /home/uiliam/sandbox/lib/python3.9/site-packages/airflow/example_dags/example_branch_day_of_week_operator.py took 0.129 seconds
[2022-06-17 17:27:48,379] {processor.py:153} INFO - Started process (PID=142299) to work on /home/uiliam/sandbox/lib/python3.9/site-packages/airflow/example_dags/example_branch_day_of_week_operator.py
[2022-06-17 17:27:48,379] {processor.py:641} INFO - Processing file /home/uiliam/sandbox/lib/python3.9/site-packages/airflow/example_dags/example_branch_day_of_week_operator.py for tasks to queue
[2022-06-17 17:27:48,380] {logging_mixin.py:115} INFO - [2022-06-17 17:27:48,380] {dagbag.py:507} INFO - Filling up the DagBag from /home/uiliam/sandbox/lib/python3.9/site-packages/airflow/example_dags/example_branch_day_of_week_operator.py
[2022-06-17 17:27:48,390] {processor.py:651} INFO - DAG(s) dict_keys(['example_weekday_branch_operator']) retrieved from /home/uiliam/sandbox/lib/python3.9/site-packages/airflow/example_dags/example_branch_day_of_week_operator.py
[2022-06-17 17:27:48,423] {logging_mixin.py:115} INFO - [2022-06-17 17:27:48,423] {dag.py:2379} INFO - Sync 1 DAGs
[2022-06-17 17:27:48,462] {logging_mixin.py:115} INFO - [2022-06-17 17:27:48,462] {dag.py:2927} INFO - Setting next_dagrun for example_weekday_branch_operator to 2022-06-16T00:00:00+00:00, run_after=2022-06-17T00:00:00+00:00
[2022-06-17 17:27:48,482] {processor.py:161} INFO - Processing /home/uiliam/sandbox/lib/python3.9/site-packages/airflow/example_dags/example_branch_day_of_week_operator.py took 0.107 seconds
[2022-06-17 17:28:19,294] {processor.py:153} INFO - Started process (PID=142558) to work on /home/uiliam/sandbox/lib/python3.9/site-packages/airflow/example_dags/example_branch_day_of_week_operator.py
[2022-06-17 17:28:19,295] {processor.py:641} INFO - Processing file /home/uiliam/sandbox/lib/python3.9/site-packages/airflow/example_dags/example_branch_day_of_week_operator.py for tasks to queue
[2022-06-17 17:28:19,296] {logging_mixin.py:115} INFO - [2022-06-17 17:28:19,295] {dagbag.py:507} INFO - Filling up the DagBag from /home/uiliam/sandbox/lib/python3.9/site-packages/airflow/example_dags/example_branch_day_of_week_operator.py
[2022-06-17 17:28:19,308] {processor.py:651} INFO - DAG(s) dict_keys(['example_weekday_branch_operator']) retrieved from /home/uiliam/sandbox/lib/python3.9/site-packages/airflow/example_dags/example_branch_day_of_week_operator.py
[2022-06-17 17:28:19,339] {logging_mixin.py:115} INFO - [2022-06-17 17:28:19,339] {dag.py:2379} INFO - Sync 1 DAGs
[2022-06-17 17:28:19,379] {logging_mixin.py:115} INFO - [2022-06-17 17:28:19,379] {dag.py:2927} INFO - Setting next_dagrun for example_weekday_branch_operator to 2022-06-16T00:00:00+00:00, run_after=2022-06-17T00:00:00+00:00
[2022-06-17 17:28:19,401] {processor.py:161} INFO - Processing /home/uiliam/sandbox/lib/python3.9/site-packages/airflow/example_dags/example_branch_day_of_week_operator.py took 0.112 seconds
[2022-06-17 17:28:50,554] {processor.py:153} INFO - Started process (PID=142776) to work on /home/uiliam/sandbox/lib/python3.9/site-packages/airflow/example_dags/example_branch_day_of_week_operator.py
[2022-06-17 17:28:50,555] {processor.py:641} INFO - Processing file /home/uiliam/sandbox/lib/python3.9/site-packages/airflow/example_dags/example_branch_day_of_week_operator.py for tasks to queue
[2022-06-17 17:28:50,556] {logging_mixin.py:115} INFO - [2022-06-17 17:28:50,556] {dagbag.py:507} INFO - Filling up the DagBag from /home/uiliam/sandbox/lib/python3.9/site-packages/airflow/example_dags/example_branch_day_of_week_operator.py
[2022-06-17 17:28:50,568] {processor.py:651} INFO - DAG(s) dict_keys(['example_weekday_branch_operator']) retrieved from /home/uiliam/sandbox/lib/python3.9/site-packages/airflow/example_dags/example_branch_day_of_week_operator.py
[2022-06-17 17:28:50,605] {logging_mixin.py:115} INFO - [2022-06-17 17:28:50,604] {dag.py:2379} INFO - Sync 1 DAGs
[2022-06-17 17:28:50,643] {logging_mixin.py:115} INFO - [2022-06-17 17:28:50,643] {dag.py:2927} INFO - Setting next_dagrun for example_weekday_branch_operator to 2022-06-16T00:00:00+00:00, run_after=2022-06-17T00:00:00+00:00
[2022-06-17 17:28:50,665] {processor.py:161} INFO - Processing /home/uiliam/sandbox/lib/python3.9/site-packages/airflow/example_dags/example_branch_day_of_week_operator.py took 0.115 seconds
[2022-06-17 17:29:21,709] {processor.py:153} INFO - Started process (PID=142965) to work on /home/uiliam/sandbox/lib/python3.9/site-packages/airflow/example_dags/example_branch_day_of_week_operator.py
[2022-06-17 17:29:21,710] {processor.py:641} INFO - Processing file /home/uiliam/sandbox/lib/python3.9/site-packages/airflow/example_dags/example_branch_day_of_week_operator.py for tasks to queue
[2022-06-17 17:29:21,711] {logging_mixin.py:115} INFO - [2022-06-17 17:29:21,711] {dagbag.py:507} INFO - Filling up the DagBag from /home/uiliam/sandbox/lib/python3.9/site-packages/airflow/example_dags/example_branch_day_of_week_operator.py
[2022-06-17 17:29:21,721] {processor.py:651} INFO - DAG(s) dict_keys(['example_weekday_branch_operator']) retrieved from /home/uiliam/sandbox/lib/python3.9/site-packages/airflow/example_dags/example_branch_day_of_week_operator.py
[2022-06-17 17:29:21,756] {logging_mixin.py:115} INFO - [2022-06-17 17:29:21,756] {dag.py:2379} INFO - Sync 1 DAGs
[2022-06-17 17:29:21,797] {logging_mixin.py:115} INFO - [2022-06-17 17:29:21,797] {dag.py:2927} INFO - Setting next_dagrun for example_weekday_branch_operator to 2022-06-16T00:00:00+00:00, run_after=2022-06-17T00:00:00+00:00
[2022-06-17 17:29:21,817] {processor.py:161} INFO - Processing /home/uiliam/sandbox/lib/python3.9/site-packages/airflow/example_dags/example_branch_day_of_week_operator.py took 0.111 seconds
[2022-06-17 17:29:52,676] {processor.py:153} INFO - Started process (PID=143176) to work on /home/uiliam/sandbox/lib/python3.9/site-packages/airflow/example_dags/example_branch_day_of_week_operator.py
[2022-06-17 17:29:52,677] {processor.py:641} INFO - Processing file /home/uiliam/sandbox/lib/python3.9/site-packages/airflow/example_dags/example_branch_day_of_week_operator.py for tasks to queue
[2022-06-17 17:29:52,678] {logging_mixin.py:115} INFO - [2022-06-17 17:29:52,677] {dagbag.py:507} INFO - Filling up the DagBag from /home/uiliam/sandbox/lib/python3.9/site-packages/airflow/example_dags/example_branch_day_of_week_operator.py
[2022-06-17 17:29:52,689] {processor.py:651} INFO - DAG(s) dict_keys(['example_weekday_branch_operator']) retrieved from /home/uiliam/sandbox/lib/python3.9/site-packages/airflow/example_dags/example_branch_day_of_week_operator.py
[2022-06-17 17:29:52,724] {logging_mixin.py:115} INFO - [2022-06-17 17:29:52,724] {dag.py:2379} INFO - Sync 1 DAGs
[2022-06-17 17:29:52,764] {logging_mixin.py:115} INFO - [2022-06-17 17:29:52,763] {dag.py:2927} INFO - Setting next_dagrun for example_weekday_branch_operator to 2022-06-16T00:00:00+00:00, run_after=2022-06-17T00:00:00+00:00
[2022-06-17 17:29:52,784] {processor.py:161} INFO - Processing /home/uiliam/sandbox/lib/python3.9/site-packages/airflow/example_dags/example_branch_day_of_week_operator.py took 0.113 seconds
[2022-06-17 17:30:23,714] {processor.py:153} INFO - Started process (PID=143324) to work on /home/uiliam/sandbox/lib/python3.9/site-packages/airflow/example_dags/example_branch_day_of_week_operator.py
[2022-06-17 17:30:23,715] {processor.py:641} INFO - Processing file /home/uiliam/sandbox/lib/python3.9/site-packages/airflow/example_dags/example_branch_day_of_week_operator.py for tasks to queue
[2022-06-17 17:30:23,716] {logging_mixin.py:115} INFO - [2022-06-17 17:30:23,715] {dagbag.py:507} INFO - Filling up the DagBag from /home/uiliam/sandbox/lib/python3.9/site-packages/airflow/example_dags/example_branch_day_of_week_operator.py
[2022-06-17 17:30:23,725] {processor.py:651} INFO - DAG(s) dict_keys(['example_weekday_branch_operator']) retrieved from /home/uiliam/sandbox/lib/python3.9/site-packages/airflow/example_dags/example_branch_day_of_week_operator.py
[2022-06-17 17:30:23,764] {logging_mixin.py:115} INFO - [2022-06-17 17:30:23,764] {dag.py:2379} INFO - Sync 1 DAGs
[2022-06-17 17:30:23,814] {logging_mixin.py:115} INFO - [2022-06-17 17:30:23,814] {dag.py:2927} INFO - Setting next_dagrun for example_weekday_branch_operator to 2022-06-16T00:00:00+00:00, run_after=2022-06-17T00:00:00+00:00
[2022-06-17 17:30:23,836] {processor.py:161} INFO - Processing /home/uiliam/sandbox/lib/python3.9/site-packages/airflow/example_dags/example_branch_day_of_week_operator.py took 0.125 seconds
[2022-06-17 17:30:54,879] {processor.py:153} INFO - Started process (PID=143494) to work on /home/uiliam/sandbox/lib/python3.9/site-packages/airflow/example_dags/example_branch_day_of_week_operator.py
[2022-06-17 17:30:54,879] {processor.py:641} INFO - Processing file /home/uiliam/sandbox/lib/python3.9/site-packages/airflow/example_dags/example_branch_day_of_week_operator.py for tasks to queue
[2022-06-17 17:30:54,881] {logging_mixin.py:115} INFO - [2022-06-17 17:30:54,881] {dagbag.py:507} INFO - Filling up the DagBag from /home/uiliam/sandbox/lib/python3.9/site-packages/airflow/example_dags/example_branch_day_of_week_operator.py
[2022-06-17 17:30:54,898] {processor.py:651} INFO - DAG(s) dict_keys(['example_weekday_branch_operator']) retrieved from /home/uiliam/sandbox/lib/python3.9/site-packages/airflow/example_dags/example_branch_day_of_week_operator.py
[2022-06-17 17:30:54,937] {logging_mixin.py:115} INFO - [2022-06-17 17:30:54,936] {dag.py:2379} INFO - Sync 1 DAGs
[2022-06-17 17:30:54,990] {logging_mixin.py:115} INFO - [2022-06-17 17:30:54,990] {dag.py:2927} INFO - Setting next_dagrun for example_weekday_branch_operator to 2022-06-16T00:00:00+00:00, run_after=2022-06-17T00:00:00+00:00
[2022-06-17 17:30:55,010] {processor.py:161} INFO - Processing /home/uiliam/sandbox/lib/python3.9/site-packages/airflow/example_dags/example_branch_day_of_week_operator.py took 0.138 seconds
[2022-06-17 17:31:26,566] {processor.py:153} INFO - Started process (PID=143772) to work on /home/uiliam/sandbox/lib/python3.9/site-packages/airflow/example_dags/example_branch_day_of_week_operator.py
[2022-06-17 17:31:26,567] {processor.py:641} INFO - Processing file /home/uiliam/sandbox/lib/python3.9/site-packages/airflow/example_dags/example_branch_day_of_week_operator.py for tasks to queue
[2022-06-17 17:31:26,567] {logging_mixin.py:115} INFO - [2022-06-17 17:31:26,567] {dagbag.py:507} INFO - Filling up the DagBag from /home/uiliam/sandbox/lib/python3.9/site-packages/airflow/example_dags/example_branch_day_of_week_operator.py
[2022-06-17 17:31:26,583] {processor.py:651} INFO - DAG(s) dict_keys(['example_weekday_branch_operator']) retrieved from /home/uiliam/sandbox/lib/python3.9/site-packages/airflow/example_dags/example_branch_day_of_week_operator.py
[2022-06-17 17:31:26,625] {logging_mixin.py:115} INFO - [2022-06-17 17:31:26,625] {dag.py:2379} INFO - Sync 1 DAGs
[2022-06-17 17:31:26,677] {logging_mixin.py:115} INFO - [2022-06-17 17:31:26,676] {dag.py:2927} INFO - Setting next_dagrun for example_weekday_branch_operator to 2022-06-16T00:00:00+00:00, run_after=2022-06-17T00:00:00+00:00
[2022-06-17 17:31:26,701] {processor.py:161} INFO - Processing /home/uiliam/sandbox/lib/python3.9/site-packages/airflow/example_dags/example_branch_day_of_week_operator.py took 0.139 seconds
[2022-06-17 17:31:57,118] {processor.py:153} INFO - Started process (PID=143946) to work on /home/uiliam/sandbox/lib/python3.9/site-packages/airflow/example_dags/example_branch_day_of_week_operator.py
[2022-06-17 17:31:57,119] {processor.py:641} INFO - Processing file /home/uiliam/sandbox/lib/python3.9/site-packages/airflow/example_dags/example_branch_day_of_week_operator.py for tasks to queue
[2022-06-17 17:31:57,120] {logging_mixin.py:115} INFO - [2022-06-17 17:31:57,120] {dagbag.py:507} INFO - Filling up the DagBag from /home/uiliam/sandbox/lib/python3.9/site-packages/airflow/example_dags/example_branch_day_of_week_operator.py
[2022-06-17 17:31:57,136] {processor.py:651} INFO - DAG(s) dict_keys(['example_weekday_branch_operator']) retrieved from /home/uiliam/sandbox/lib/python3.9/site-packages/airflow/example_dags/example_branch_day_of_week_operator.py
[2022-06-17 17:31:57,175] {logging_mixin.py:115} INFO - [2022-06-17 17:31:57,175] {dag.py:2379} INFO - Sync 1 DAGs
[2022-06-17 17:31:57,230] {logging_mixin.py:115} INFO - [2022-06-17 17:31:57,229] {dag.py:2927} INFO - Setting next_dagrun for example_weekday_branch_operator to 2022-06-16T00:00:00+00:00, run_after=2022-06-17T00:00:00+00:00
[2022-06-17 17:31:57,255] {processor.py:161} INFO - Processing /home/uiliam/sandbox/lib/python3.9/site-packages/airflow/example_dags/example_branch_day_of_week_operator.py took 0.143 seconds
[2022-06-17 17:32:27,518] {processor.py:153} INFO - Started process (PID=144134) to work on /home/uiliam/sandbox/lib/python3.9/site-packages/airflow/example_dags/example_branch_day_of_week_operator.py
[2022-06-17 17:32:27,519] {processor.py:641} INFO - Processing file /home/uiliam/sandbox/lib/python3.9/site-packages/airflow/example_dags/example_branch_day_of_week_operator.py for tasks to queue
[2022-06-17 17:32:27,520] {logging_mixin.py:115} INFO - [2022-06-17 17:32:27,520] {dagbag.py:507} INFO - Filling up the DagBag from /home/uiliam/sandbox/lib/python3.9/site-packages/airflow/example_dags/example_branch_day_of_week_operator.py
[2022-06-17 17:32:27,531] {processor.py:651} INFO - DAG(s) dict_keys(['example_weekday_branch_operator']) retrieved from /home/uiliam/sandbox/lib/python3.9/site-packages/airflow/example_dags/example_branch_day_of_week_operator.py
[2022-06-17 17:32:27,564] {logging_mixin.py:115} INFO - [2022-06-17 17:32:27,564] {dag.py:2379} INFO - Sync 1 DAGs
[2022-06-17 17:32:27,608] {logging_mixin.py:115} INFO - [2022-06-17 17:32:27,607] {dag.py:2927} INFO - Setting next_dagrun for example_weekday_branch_operator to 2022-06-16T00:00:00+00:00, run_after=2022-06-17T00:00:00+00:00
[2022-06-17 17:32:27,628] {processor.py:161} INFO - Processing /home/uiliam/sandbox/lib/python3.9/site-packages/airflow/example_dags/example_branch_day_of_week_operator.py took 0.115 seconds
[2022-06-17 17:32:58,790] {processor.py:153} INFO - Started process (PID=144301) to work on /home/uiliam/sandbox/lib/python3.9/site-packages/airflow/example_dags/example_branch_day_of_week_operator.py
[2022-06-17 17:32:58,791] {processor.py:641} INFO - Processing file /home/uiliam/sandbox/lib/python3.9/site-packages/airflow/example_dags/example_branch_day_of_week_operator.py for tasks to queue
[2022-06-17 17:32:58,792] {logging_mixin.py:115} INFO - [2022-06-17 17:32:58,791] {dagbag.py:507} INFO - Filling up the DagBag from /home/uiliam/sandbox/lib/python3.9/site-packages/airflow/example_dags/example_branch_day_of_week_operator.py
[2022-06-17 17:32:58,805] {processor.py:651} INFO - DAG(s) dict_keys(['example_weekday_branch_operator']) retrieved from /home/uiliam/sandbox/lib/python3.9/site-packages/airflow/example_dags/example_branch_day_of_week_operator.py
[2022-06-17 17:32:58,842] {logging_mixin.py:115} INFO - [2022-06-17 17:32:58,842] {dag.py:2379} INFO - Sync 1 DAGs
[2022-06-17 17:32:58,895] {logging_mixin.py:115} INFO - [2022-06-17 17:32:58,895] {dag.py:2927} INFO - Setting next_dagrun for example_weekday_branch_operator to 2022-06-16T00:00:00+00:00, run_after=2022-06-17T00:00:00+00:00
[2022-06-17 17:32:58,923] {processor.py:161} INFO - Processing /home/uiliam/sandbox/lib/python3.9/site-packages/airflow/example_dags/example_branch_day_of_week_operator.py took 0.138 seconds
[2022-06-17 17:33:29,710] {processor.py:153} INFO - Started process (PID=144479) to work on /home/uiliam/sandbox/lib/python3.9/site-packages/airflow/example_dags/example_branch_day_of_week_operator.py
[2022-06-17 17:33:29,711] {processor.py:641} INFO - Processing file /home/uiliam/sandbox/lib/python3.9/site-packages/airflow/example_dags/example_branch_day_of_week_operator.py for tasks to queue
[2022-06-17 17:33:29,712] {logging_mixin.py:115} INFO - [2022-06-17 17:33:29,711] {dagbag.py:507} INFO - Filling up the DagBag from /home/uiliam/sandbox/lib/python3.9/site-packages/airflow/example_dags/example_branch_day_of_week_operator.py
[2022-06-17 17:33:29,723] {processor.py:651} INFO - DAG(s) dict_keys(['example_weekday_branch_operator']) retrieved from /home/uiliam/sandbox/lib/python3.9/site-packages/airflow/example_dags/example_branch_day_of_week_operator.py
[2022-06-17 17:33:29,766] {logging_mixin.py:115} INFO - [2022-06-17 17:33:29,766] {dag.py:2379} INFO - Sync 1 DAGs
[2022-06-17 17:33:29,826] {logging_mixin.py:115} INFO - [2022-06-17 17:33:29,826] {dag.py:2927} INFO - Setting next_dagrun for example_weekday_branch_operator to 2022-06-16T00:00:00+00:00, run_after=2022-06-17T00:00:00+00:00
[2022-06-17 17:33:29,854] {processor.py:161} INFO - Processing /home/uiliam/sandbox/lib/python3.9/site-packages/airflow/example_dags/example_branch_day_of_week_operator.py took 0.149 seconds
[2022-06-17 17:34:01,079] {processor.py:153} INFO - Started process (PID=144646) to work on /home/uiliam/sandbox/lib/python3.9/site-packages/airflow/example_dags/example_branch_day_of_week_operator.py
[2022-06-17 17:34:01,080] {processor.py:641} INFO - Processing file /home/uiliam/sandbox/lib/python3.9/site-packages/airflow/example_dags/example_branch_day_of_week_operator.py for tasks to queue
[2022-06-17 17:34:01,080] {logging_mixin.py:115} INFO - [2022-06-17 17:34:01,080] {dagbag.py:507} INFO - Filling up the DagBag from /home/uiliam/sandbox/lib/python3.9/site-packages/airflow/example_dags/example_branch_day_of_week_operator.py
[2022-06-17 17:34:01,092] {processor.py:651} INFO - DAG(s) dict_keys(['example_weekday_branch_operator']) retrieved from /home/uiliam/sandbox/lib/python3.9/site-packages/airflow/example_dags/example_branch_day_of_week_operator.py
[2022-06-17 17:34:01,128] {logging_mixin.py:115} INFO - [2022-06-17 17:34:01,128] {dag.py:2379} INFO - Sync 1 DAGs
[2022-06-17 17:34:01,172] {logging_mixin.py:115} INFO - [2022-06-17 17:34:01,172] {dag.py:2927} INFO - Setting next_dagrun for example_weekday_branch_operator to 2022-06-16T00:00:00+00:00, run_after=2022-06-17T00:00:00+00:00
[2022-06-17 17:34:01,193] {processor.py:161} INFO - Processing /home/uiliam/sandbox/lib/python3.9/site-packages/airflow/example_dags/example_branch_day_of_week_operator.py took 0.119 seconds
[2022-06-17 17:34:32,742] {processor.py:153} INFO - Started process (PID=145045) to work on /home/uiliam/sandbox/lib/python3.9/site-packages/airflow/example_dags/example_branch_day_of_week_operator.py
[2022-06-17 17:34:32,743] {processor.py:641} INFO - Processing file /home/uiliam/sandbox/lib/python3.9/site-packages/airflow/example_dags/example_branch_day_of_week_operator.py for tasks to queue
[2022-06-17 17:34:32,743] {logging_mixin.py:115} INFO - [2022-06-17 17:34:32,743] {dagbag.py:507} INFO - Filling up the DagBag from /home/uiliam/sandbox/lib/python3.9/site-packages/airflow/example_dags/example_branch_day_of_week_operator.py
[2022-06-17 17:34:32,756] {processor.py:651} INFO - DAG(s) dict_keys(['example_weekday_branch_operator']) retrieved from /home/uiliam/sandbox/lib/python3.9/site-packages/airflow/example_dags/example_branch_day_of_week_operator.py
[2022-06-17 17:34:32,788] {logging_mixin.py:115} INFO - [2022-06-17 17:34:32,788] {dag.py:2379} INFO - Sync 1 DAGs
[2022-06-17 17:34:32,830] {logging_mixin.py:115} INFO - [2022-06-17 17:34:32,829] {dag.py:2927} INFO - Setting next_dagrun for example_weekday_branch_operator to 2022-06-16T00:00:00+00:00, run_after=2022-06-17T00:00:00+00:00
[2022-06-17 17:34:32,849] {processor.py:161} INFO - Processing /home/uiliam/sandbox/lib/python3.9/site-packages/airflow/example_dags/example_branch_day_of_week_operator.py took 0.112 seconds
[2022-06-17 17:35:03,910] {processor.py:153} INFO - Started process (PID=145394) to work on /home/uiliam/sandbox/lib/python3.9/site-packages/airflow/example_dags/example_branch_day_of_week_operator.py
[2022-06-17 17:35:03,911] {processor.py:641} INFO - Processing file /home/uiliam/sandbox/lib/python3.9/site-packages/airflow/example_dags/example_branch_day_of_week_operator.py for tasks to queue
[2022-06-17 17:35:03,912] {logging_mixin.py:115} INFO - [2022-06-17 17:35:03,911] {dagbag.py:507} INFO - Filling up the DagBag from /home/uiliam/sandbox/lib/python3.9/site-packages/airflow/example_dags/example_branch_day_of_week_operator.py
[2022-06-17 17:35:03,930] {processor.py:651} INFO - DAG(s) dict_keys(['example_weekday_branch_operator']) retrieved from /home/uiliam/sandbox/lib/python3.9/site-packages/airflow/example_dags/example_branch_day_of_week_operator.py
[2022-06-17 17:35:03,972] {logging_mixin.py:115} INFO - [2022-06-17 17:35:03,972] {dag.py:2379} INFO - Sync 1 DAGs
[2022-06-17 17:35:04,046] {logging_mixin.py:115} INFO - [2022-06-17 17:35:04,045] {dag.py:2927} INFO - Setting next_dagrun for example_weekday_branch_operator to 2022-06-16T00:00:00+00:00, run_after=2022-06-17T00:00:00+00:00
[2022-06-17 17:35:04,079] {processor.py:161} INFO - Processing /home/uiliam/sandbox/lib/python3.9/site-packages/airflow/example_dags/example_branch_day_of_week_operator.py took 0.175 seconds
[2022-06-17 17:35:35,396] {processor.py:153} INFO - Started process (PID=145696) to work on /home/uiliam/sandbox/lib/python3.9/site-packages/airflow/example_dags/example_branch_day_of_week_operator.py
[2022-06-17 17:35:35,397] {processor.py:641} INFO - Processing file /home/uiliam/sandbox/lib/python3.9/site-packages/airflow/example_dags/example_branch_day_of_week_operator.py for tasks to queue
[2022-06-17 17:35:35,398] {logging_mixin.py:115} INFO - [2022-06-17 17:35:35,397] {dagbag.py:507} INFO - Filling up the DagBag from /home/uiliam/sandbox/lib/python3.9/site-packages/airflow/example_dags/example_branch_day_of_week_operator.py
[2022-06-17 17:35:35,411] {processor.py:651} INFO - DAG(s) dict_keys(['example_weekday_branch_operator']) retrieved from /home/uiliam/sandbox/lib/python3.9/site-packages/airflow/example_dags/example_branch_day_of_week_operator.py
[2022-06-17 17:35:35,447] {logging_mixin.py:115} INFO - [2022-06-17 17:35:35,447] {dag.py:2379} INFO - Sync 1 DAGs
[2022-06-17 17:35:35,495] {logging_mixin.py:115} INFO - [2022-06-17 17:35:35,494] {dag.py:2927} INFO - Setting next_dagrun for example_weekday_branch_operator to 2022-06-16T00:00:00+00:00, run_after=2022-06-17T00:00:00+00:00
[2022-06-17 17:35:35,515] {processor.py:161} INFO - Processing /home/uiliam/sandbox/lib/python3.9/site-packages/airflow/example_dags/example_branch_day_of_week_operator.py took 0.123 seconds
[2022-06-17 17:36:06,697] {processor.py:153} INFO - Started process (PID=146036) to work on /home/uiliam/sandbox/lib/python3.9/site-packages/airflow/example_dags/example_branch_day_of_week_operator.py
[2022-06-17 17:36:06,697] {processor.py:641} INFO - Processing file /home/uiliam/sandbox/lib/python3.9/site-packages/airflow/example_dags/example_branch_day_of_week_operator.py for tasks to queue
[2022-06-17 17:36:06,698] {logging_mixin.py:115} INFO - [2022-06-17 17:36:06,698] {dagbag.py:507} INFO - Filling up the DagBag from /home/uiliam/sandbox/lib/python3.9/site-packages/airflow/example_dags/example_branch_day_of_week_operator.py
[2022-06-17 17:36:06,716] {processor.py:651} INFO - DAG(s) dict_keys(['example_weekday_branch_operator']) retrieved from /home/uiliam/sandbox/lib/python3.9/site-packages/airflow/example_dags/example_branch_day_of_week_operator.py
[2022-06-17 17:36:06,759] {logging_mixin.py:115} INFO - [2022-06-17 17:36:06,759] {dag.py:2379} INFO - Sync 1 DAGs
[2022-06-17 17:36:06,813] {logging_mixin.py:115} INFO - [2022-06-17 17:36:06,812] {dag.py:2927} INFO - Setting next_dagrun for example_weekday_branch_operator to 2022-06-16T00:00:00+00:00, run_after=2022-06-17T00:00:00+00:00
[2022-06-17 17:36:06,840] {processor.py:161} INFO - Processing /home/uiliam/sandbox/lib/python3.9/site-packages/airflow/example_dags/example_branch_day_of_week_operator.py took 0.150 seconds
