[2022-06-17 17:11:10,316] {processor.py:153} INFO - Started process (PID=132462) to work on /home/uiliam/sandbox/lib/python3.9/site-packages/airflow/example_dags/example_nested_branch_dag.py
[2022-06-17 17:11:10,317] {processor.py:641} INFO - Processing file /home/uiliam/sandbox/lib/python3.9/site-packages/airflow/example_dags/example_nested_branch_dag.py for tasks to queue
[2022-06-17 17:11:10,317] {logging_mixin.py:115} INFO - [2022-06-17 17:11:10,317] {dagbag.py:507} INFO - Filling up the DagBag from /home/uiliam/sandbox/lib/python3.9/site-packages/airflow/example_dags/example_nested_branch_dag.py
[2022-06-17 17:11:10,330] {processor.py:651} INFO - DAG(s) dict_keys(['example_nested_branch_dag']) retrieved from /home/uiliam/sandbox/lib/python3.9/site-packages/airflow/example_dags/example_nested_branch_dag.py
[2022-06-17 17:11:10,364] {logging_mixin.py:115} INFO - [2022-06-17 17:11:10,363] {dag.py:2379} INFO - Sync 1 DAGs
[2022-06-17 17:11:10,409] {logging_mixin.py:115} INFO - [2022-06-17 17:11:10,409] {dag.py:2927} INFO - Setting next_dagrun for example_nested_branch_dag to 2022-06-16T00:00:00+00:00, run_after=2022-06-17T00:00:00+00:00
[2022-06-17 17:11:10,433] {processor.py:161} INFO - Processing /home/uiliam/sandbox/lib/python3.9/site-packages/airflow/example_dags/example_nested_branch_dag.py took 0.122 seconds
[2022-06-17 17:11:41,413] {processor.py:153} INFO - Started process (PID=132792) to work on /home/uiliam/sandbox/lib/python3.9/site-packages/airflow/example_dags/example_nested_branch_dag.py
[2022-06-17 17:11:41,414] {processor.py:641} INFO - Processing file /home/uiliam/sandbox/lib/python3.9/site-packages/airflow/example_dags/example_nested_branch_dag.py for tasks to queue
[2022-06-17 17:11:41,415] {logging_mixin.py:115} INFO - [2022-06-17 17:11:41,415] {dagbag.py:507} INFO - Filling up the DagBag from /home/uiliam/sandbox/lib/python3.9/site-packages/airflow/example_dags/example_nested_branch_dag.py
[2022-06-17 17:11:41,437] {processor.py:651} INFO - DAG(s) dict_keys(['example_nested_branch_dag']) retrieved from /home/uiliam/sandbox/lib/python3.9/site-packages/airflow/example_dags/example_nested_branch_dag.py
[2022-06-17 17:11:41,489] {logging_mixin.py:115} INFO - [2022-06-17 17:11:41,489] {dag.py:2379} INFO - Sync 1 DAGs
[2022-06-17 17:11:41,560] {logging_mixin.py:115} INFO - [2022-06-17 17:11:41,559] {dag.py:2927} INFO - Setting next_dagrun for example_nested_branch_dag to 2022-06-16T00:00:00+00:00, run_after=2022-06-17T00:00:00+00:00
[2022-06-17 17:11:41,586] {processor.py:161} INFO - Processing /home/uiliam/sandbox/lib/python3.9/site-packages/airflow/example_dags/example_nested_branch_dag.py took 0.180 seconds
[2022-06-17 17:12:12,757] {processor.py:153} INFO - Started process (PID=133992) to work on /home/uiliam/sandbox/lib/python3.9/site-packages/airflow/example_dags/example_nested_branch_dag.py
[2022-06-17 17:12:12,757] {processor.py:641} INFO - Processing file /home/uiliam/sandbox/lib/python3.9/site-packages/airflow/example_dags/example_nested_branch_dag.py for tasks to queue
[2022-06-17 17:12:12,758] {logging_mixin.py:115} INFO - [2022-06-17 17:12:12,758] {dagbag.py:507} INFO - Filling up the DagBag from /home/uiliam/sandbox/lib/python3.9/site-packages/airflow/example_dags/example_nested_branch_dag.py
[2022-06-17 17:12:12,772] {processor.py:651} INFO - DAG(s) dict_keys(['example_nested_branch_dag']) retrieved from /home/uiliam/sandbox/lib/python3.9/site-packages/airflow/example_dags/example_nested_branch_dag.py
[2022-06-17 17:12:12,804] {logging_mixin.py:115} INFO - [2022-06-17 17:12:12,803] {dag.py:2379} INFO - Sync 1 DAGs
[2022-06-17 17:12:12,852] {logging_mixin.py:115} INFO - [2022-06-17 17:12:12,852] {dag.py:2927} INFO - Setting next_dagrun for example_nested_branch_dag to 2022-06-16T00:00:00+00:00, run_after=2022-06-17T00:00:00+00:00
[2022-06-17 17:12:12,875] {processor.py:161} INFO - Processing /home/uiliam/sandbox/lib/python3.9/site-packages/airflow/example_dags/example_nested_branch_dag.py took 0.122 seconds
[2022-06-17 17:12:43,926] {processor.py:153} INFO - Started process (PID=135085) to work on /home/uiliam/sandbox/lib/python3.9/site-packages/airflow/example_dags/example_nested_branch_dag.py
[2022-06-17 17:12:43,927] {processor.py:641} INFO - Processing file /home/uiliam/sandbox/lib/python3.9/site-packages/airflow/example_dags/example_nested_branch_dag.py for tasks to queue
[2022-06-17 17:12:43,928] {logging_mixin.py:115} INFO - [2022-06-17 17:12:43,928] {dagbag.py:507} INFO - Filling up the DagBag from /home/uiliam/sandbox/lib/python3.9/site-packages/airflow/example_dags/example_nested_branch_dag.py
[2022-06-17 17:12:43,943] {processor.py:651} INFO - DAG(s) dict_keys(['example_nested_branch_dag']) retrieved from /home/uiliam/sandbox/lib/python3.9/site-packages/airflow/example_dags/example_nested_branch_dag.py
[2022-06-17 17:12:43,974] {logging_mixin.py:115} INFO - [2022-06-17 17:12:43,974] {dag.py:2379} INFO - Sync 1 DAGs
[2022-06-17 17:12:44,012] {logging_mixin.py:115} INFO - [2022-06-17 17:12:44,012] {dag.py:2927} INFO - Setting next_dagrun for example_nested_branch_dag to 2022-06-16T00:00:00+00:00, run_after=2022-06-17T00:00:00+00:00
[2022-06-17 17:12:44,030] {processor.py:161} INFO - Processing /home/uiliam/sandbox/lib/python3.9/site-packages/airflow/example_dags/example_nested_branch_dag.py took 0.109 seconds
[2022-06-17 17:13:15,282] {processor.py:153} INFO - Started process (PID=135491) to work on /home/uiliam/sandbox/lib/python3.9/site-packages/airflow/example_dags/example_nested_branch_dag.py
[2022-06-17 17:13:15,283] {processor.py:641} INFO - Processing file /home/uiliam/sandbox/lib/python3.9/site-packages/airflow/example_dags/example_nested_branch_dag.py for tasks to queue
[2022-06-17 17:13:15,284] {logging_mixin.py:115} INFO - [2022-06-17 17:13:15,284] {dagbag.py:507} INFO - Filling up the DagBag from /home/uiliam/sandbox/lib/python3.9/site-packages/airflow/example_dags/example_nested_branch_dag.py
[2022-06-17 17:13:15,298] {processor.py:651} INFO - DAG(s) dict_keys(['example_nested_branch_dag']) retrieved from /home/uiliam/sandbox/lib/python3.9/site-packages/airflow/example_dags/example_nested_branch_dag.py
[2022-06-17 17:13:15,333] {logging_mixin.py:115} INFO - [2022-06-17 17:13:15,332] {dag.py:2379} INFO - Sync 1 DAGs
[2022-06-17 17:13:15,377] {logging_mixin.py:115} INFO - [2022-06-17 17:13:15,377] {dag.py:2927} INFO - Setting next_dagrun for example_nested_branch_dag to 2022-06-16T00:00:00+00:00, run_after=2022-06-17T00:00:00+00:00
[2022-06-17 17:13:15,398] {processor.py:161} INFO - Processing /home/uiliam/sandbox/lib/python3.9/site-packages/airflow/example_dags/example_nested_branch_dag.py took 0.120 seconds
[2022-06-17 17:13:46,450] {processor.py:153} INFO - Started process (PID=135797) to work on /home/uiliam/sandbox/lib/python3.9/site-packages/airflow/example_dags/example_nested_branch_dag.py
[2022-06-17 17:13:46,450] {processor.py:641} INFO - Processing file /home/uiliam/sandbox/lib/python3.9/site-packages/airflow/example_dags/example_nested_branch_dag.py for tasks to queue
[2022-06-17 17:13:46,451] {logging_mixin.py:115} INFO - [2022-06-17 17:13:46,451] {dagbag.py:507} INFO - Filling up the DagBag from /home/uiliam/sandbox/lib/python3.9/site-packages/airflow/example_dags/example_nested_branch_dag.py
[2022-06-17 17:13:46,463] {processor.py:651} INFO - DAG(s) dict_keys(['example_nested_branch_dag']) retrieved from /home/uiliam/sandbox/lib/python3.9/site-packages/airflow/example_dags/example_nested_branch_dag.py
[2022-06-17 17:13:46,492] {logging_mixin.py:115} INFO - [2022-06-17 17:13:46,492] {dag.py:2379} INFO - Sync 1 DAGs
[2022-06-17 17:13:46,529] {logging_mixin.py:115} INFO - [2022-06-17 17:13:46,529] {dag.py:2927} INFO - Setting next_dagrun for example_nested_branch_dag to 2022-06-16T00:00:00+00:00, run_after=2022-06-17T00:00:00+00:00
[2022-06-17 17:13:46,547] {processor.py:161} INFO - Processing /home/uiliam/sandbox/lib/python3.9/site-packages/airflow/example_dags/example_nested_branch_dag.py took 0.102 seconds
[2022-06-17 17:14:17,672] {processor.py:153} INFO - Started process (PID=136075) to work on /home/uiliam/sandbox/lib/python3.9/site-packages/airflow/example_dags/example_nested_branch_dag.py
[2022-06-17 17:14:17,673] {processor.py:641} INFO - Processing file /home/uiliam/sandbox/lib/python3.9/site-packages/airflow/example_dags/example_nested_branch_dag.py for tasks to queue
[2022-06-17 17:14:17,674] {logging_mixin.py:115} INFO - [2022-06-17 17:14:17,674] {dagbag.py:507} INFO - Filling up the DagBag from /home/uiliam/sandbox/lib/python3.9/site-packages/airflow/example_dags/example_nested_branch_dag.py
[2022-06-17 17:14:17,689] {processor.py:651} INFO - DAG(s) dict_keys(['example_nested_branch_dag']) retrieved from /home/uiliam/sandbox/lib/python3.9/site-packages/airflow/example_dags/example_nested_branch_dag.py
[2022-06-17 17:14:17,730] {logging_mixin.py:115} INFO - [2022-06-17 17:14:17,730] {dag.py:2379} INFO - Sync 1 DAGs
[2022-06-17 17:14:17,783] {logging_mixin.py:115} INFO - [2022-06-17 17:14:17,782] {dag.py:2927} INFO - Setting next_dagrun for example_nested_branch_dag to 2022-06-16T00:00:00+00:00, run_after=2022-06-17T00:00:00+00:00
[2022-06-17 17:14:17,804] {processor.py:161} INFO - Processing /home/uiliam/sandbox/lib/python3.9/site-packages/airflow/example_dags/example_nested_branch_dag.py took 0.137 seconds
[2022-06-17 17:14:49,001] {processor.py:153} INFO - Started process (PID=136429) to work on /home/uiliam/sandbox/lib/python3.9/site-packages/airflow/example_dags/example_nested_branch_dag.py
[2022-06-17 17:14:49,002] {processor.py:641} INFO - Processing file /home/uiliam/sandbox/lib/python3.9/site-packages/airflow/example_dags/example_nested_branch_dag.py for tasks to queue
[2022-06-17 17:14:49,002] {logging_mixin.py:115} INFO - [2022-06-17 17:14:49,002] {dagbag.py:507} INFO - Filling up the DagBag from /home/uiliam/sandbox/lib/python3.9/site-packages/airflow/example_dags/example_nested_branch_dag.py
[2022-06-17 17:14:49,014] {processor.py:651} INFO - DAG(s) dict_keys(['example_nested_branch_dag']) retrieved from /home/uiliam/sandbox/lib/python3.9/site-packages/airflow/example_dags/example_nested_branch_dag.py
[2022-06-17 17:14:49,048] {logging_mixin.py:115} INFO - [2022-06-17 17:14:49,048] {dag.py:2379} INFO - Sync 1 DAGs
[2022-06-17 17:14:49,086] {logging_mixin.py:115} INFO - [2022-06-17 17:14:49,086] {dag.py:2927} INFO - Setting next_dagrun for example_nested_branch_dag to 2022-06-16T00:00:00+00:00, run_after=2022-06-17T00:00:00+00:00
[2022-06-17 17:14:49,104] {processor.py:161} INFO - Processing /home/uiliam/sandbox/lib/python3.9/site-packages/airflow/example_dags/example_nested_branch_dag.py took 0.109 seconds
[2022-06-17 17:15:20,391] {processor.py:153} INFO - Started process (PID=136691) to work on /home/uiliam/sandbox/lib/python3.9/site-packages/airflow/example_dags/example_nested_branch_dag.py
[2022-06-17 17:15:20,391] {processor.py:641} INFO - Processing file /home/uiliam/sandbox/lib/python3.9/site-packages/airflow/example_dags/example_nested_branch_dag.py for tasks to queue
[2022-06-17 17:15:20,392] {logging_mixin.py:115} INFO - [2022-06-17 17:15:20,392] {dagbag.py:507} INFO - Filling up the DagBag from /home/uiliam/sandbox/lib/python3.9/site-packages/airflow/example_dags/example_nested_branch_dag.py
[2022-06-17 17:15:20,408] {processor.py:651} INFO - DAG(s) dict_keys(['example_nested_branch_dag']) retrieved from /home/uiliam/sandbox/lib/python3.9/site-packages/airflow/example_dags/example_nested_branch_dag.py
[2022-06-17 17:15:20,447] {logging_mixin.py:115} INFO - [2022-06-17 17:15:20,447] {dag.py:2379} INFO - Sync 1 DAGs
[2022-06-17 17:15:20,496] {logging_mixin.py:115} INFO - [2022-06-17 17:15:20,496] {dag.py:2927} INFO - Setting next_dagrun for example_nested_branch_dag to 2022-06-16T00:00:00+00:00, run_after=2022-06-17T00:00:00+00:00
[2022-06-17 17:15:20,520] {processor.py:161} INFO - Processing /home/uiliam/sandbox/lib/python3.9/site-packages/airflow/example_dags/example_nested_branch_dag.py took 0.134 seconds
[2022-06-17 17:15:51,344] {processor.py:153} INFO - Started process (PID=136855) to work on /home/uiliam/sandbox/lib/python3.9/site-packages/airflow/example_dags/example_nested_branch_dag.py
[2022-06-17 17:15:51,344] {processor.py:641} INFO - Processing file /home/uiliam/sandbox/lib/python3.9/site-packages/airflow/example_dags/example_nested_branch_dag.py for tasks to queue
[2022-06-17 17:15:51,345] {logging_mixin.py:115} INFO - [2022-06-17 17:15:51,345] {dagbag.py:507} INFO - Filling up the DagBag from /home/uiliam/sandbox/lib/python3.9/site-packages/airflow/example_dags/example_nested_branch_dag.py
[2022-06-17 17:15:51,356] {processor.py:651} INFO - DAG(s) dict_keys(['example_nested_branch_dag']) retrieved from /home/uiliam/sandbox/lib/python3.9/site-packages/airflow/example_dags/example_nested_branch_dag.py
[2022-06-17 17:15:51,390] {logging_mixin.py:115} INFO - [2022-06-17 17:15:51,390] {dag.py:2379} INFO - Sync 1 DAGs
[2022-06-17 17:15:51,431] {logging_mixin.py:115} INFO - [2022-06-17 17:15:51,431] {dag.py:2927} INFO - Setting next_dagrun for example_nested_branch_dag to 2022-06-16T00:00:00+00:00, run_after=2022-06-17T00:00:00+00:00
[2022-06-17 17:15:51,450] {processor.py:161} INFO - Processing /home/uiliam/sandbox/lib/python3.9/site-packages/airflow/example_dags/example_nested_branch_dag.py took 0.111 seconds
[2022-06-17 17:16:22,341] {processor.py:153} INFO - Started process (PID=137059) to work on /home/uiliam/sandbox/lib/python3.9/site-packages/airflow/example_dags/example_nested_branch_dag.py
[2022-06-17 17:16:22,341] {processor.py:641} INFO - Processing file /home/uiliam/sandbox/lib/python3.9/site-packages/airflow/example_dags/example_nested_branch_dag.py for tasks to queue
[2022-06-17 17:16:22,342] {logging_mixin.py:115} INFO - [2022-06-17 17:16:22,342] {dagbag.py:507} INFO - Filling up the DagBag from /home/uiliam/sandbox/lib/python3.9/site-packages/airflow/example_dags/example_nested_branch_dag.py
[2022-06-17 17:16:22,354] {processor.py:651} INFO - DAG(s) dict_keys(['example_nested_branch_dag']) retrieved from /home/uiliam/sandbox/lib/python3.9/site-packages/airflow/example_dags/example_nested_branch_dag.py
[2022-06-17 17:16:22,387] {logging_mixin.py:115} INFO - [2022-06-17 17:16:22,387] {dag.py:2379} INFO - Sync 1 DAGs
[2022-06-17 17:16:22,424] {logging_mixin.py:115} INFO - [2022-06-17 17:16:22,424] {dag.py:2927} INFO - Setting next_dagrun for example_nested_branch_dag to 2022-06-16T00:00:00+00:00, run_after=2022-06-17T00:00:00+00:00
[2022-06-17 17:16:22,445] {processor.py:161} INFO - Processing /home/uiliam/sandbox/lib/python3.9/site-packages/airflow/example_dags/example_nested_branch_dag.py took 0.108 seconds
[2022-06-17 17:16:53,520] {processor.py:153} INFO - Started process (PID=137282) to work on /home/uiliam/sandbox/lib/python3.9/site-packages/airflow/example_dags/example_nested_branch_dag.py
[2022-06-17 17:16:53,521] {processor.py:641} INFO - Processing file /home/uiliam/sandbox/lib/python3.9/site-packages/airflow/example_dags/example_nested_branch_dag.py for tasks to queue
[2022-06-17 17:16:53,522] {logging_mixin.py:115} INFO - [2022-06-17 17:16:53,522] {dagbag.py:507} INFO - Filling up the DagBag from /home/uiliam/sandbox/lib/python3.9/site-packages/airflow/example_dags/example_nested_branch_dag.py
[2022-06-17 17:16:53,535] {processor.py:651} INFO - DAG(s) dict_keys(['example_nested_branch_dag']) retrieved from /home/uiliam/sandbox/lib/python3.9/site-packages/airflow/example_dags/example_nested_branch_dag.py
[2022-06-17 17:16:53,569] {logging_mixin.py:115} INFO - [2022-06-17 17:16:53,569] {dag.py:2379} INFO - Sync 1 DAGs
[2022-06-17 17:16:53,605] {logging_mixin.py:115} INFO - [2022-06-17 17:16:53,605] {dag.py:2927} INFO - Setting next_dagrun for example_nested_branch_dag to 2022-06-16T00:00:00+00:00, run_after=2022-06-17T00:00:00+00:00
[2022-06-17 17:16:53,625] {processor.py:161} INFO - Processing /home/uiliam/sandbox/lib/python3.9/site-packages/airflow/example_dags/example_nested_branch_dag.py took 0.109 seconds
[2022-06-17 17:17:24,534] {processor.py:153} INFO - Started process (PID=137533) to work on /home/uiliam/sandbox/lib/python3.9/site-packages/airflow/example_dags/example_nested_branch_dag.py
[2022-06-17 17:17:24,535] {processor.py:641} INFO - Processing file /home/uiliam/sandbox/lib/python3.9/site-packages/airflow/example_dags/example_nested_branch_dag.py for tasks to queue
[2022-06-17 17:17:24,536] {logging_mixin.py:115} INFO - [2022-06-17 17:17:24,535] {dagbag.py:507} INFO - Filling up the DagBag from /home/uiliam/sandbox/lib/python3.9/site-packages/airflow/example_dags/example_nested_branch_dag.py
[2022-06-17 17:17:24,551] {processor.py:651} INFO - DAG(s) dict_keys(['example_nested_branch_dag']) retrieved from /home/uiliam/sandbox/lib/python3.9/site-packages/airflow/example_dags/example_nested_branch_dag.py
[2022-06-17 17:17:24,585] {logging_mixin.py:115} INFO - [2022-06-17 17:17:24,585] {dag.py:2379} INFO - Sync 1 DAGs
[2022-06-17 17:17:24,628] {logging_mixin.py:115} INFO - [2022-06-17 17:17:24,627] {dag.py:2927} INFO - Setting next_dagrun for example_nested_branch_dag to 2022-06-16T00:00:00+00:00, run_after=2022-06-17T00:00:00+00:00
[2022-06-17 17:17:24,647] {processor.py:161} INFO - Processing /home/uiliam/sandbox/lib/python3.9/site-packages/airflow/example_dags/example_nested_branch_dag.py took 0.118 seconds
[2022-06-17 17:17:55,598] {processor.py:153} INFO - Started process (PID=137771) to work on /home/uiliam/sandbox/lib/python3.9/site-packages/airflow/example_dags/example_nested_branch_dag.py
[2022-06-17 17:17:55,599] {processor.py:641} INFO - Processing file /home/uiliam/sandbox/lib/python3.9/site-packages/airflow/example_dags/example_nested_branch_dag.py for tasks to queue
[2022-06-17 17:17:55,601] {logging_mixin.py:115} INFO - [2022-06-17 17:17:55,600] {dagbag.py:507} INFO - Filling up the DagBag from /home/uiliam/sandbox/lib/python3.9/site-packages/airflow/example_dags/example_nested_branch_dag.py
[2022-06-17 17:17:55,615] {processor.py:651} INFO - DAG(s) dict_keys(['example_nested_branch_dag']) retrieved from /home/uiliam/sandbox/lib/python3.9/site-packages/airflow/example_dags/example_nested_branch_dag.py
[2022-06-17 17:17:55,646] {logging_mixin.py:115} INFO - [2022-06-17 17:17:55,646] {dag.py:2379} INFO - Sync 1 DAGs
[2022-06-17 17:17:55,687] {logging_mixin.py:115} INFO - [2022-06-17 17:17:55,687] {dag.py:2927} INFO - Setting next_dagrun for example_nested_branch_dag to 2022-06-16T00:00:00+00:00, run_after=2022-06-17T00:00:00+00:00
[2022-06-17 17:17:55,708] {processor.py:161} INFO - Processing /home/uiliam/sandbox/lib/python3.9/site-packages/airflow/example_dags/example_nested_branch_dag.py took 0.115 seconds
[2022-06-17 17:18:26,910] {processor.py:153} INFO - Started process (PID=138077) to work on /home/uiliam/sandbox/lib/python3.9/site-packages/airflow/example_dags/example_nested_branch_dag.py
[2022-06-17 17:18:26,910] {processor.py:641} INFO - Processing file /home/uiliam/sandbox/lib/python3.9/site-packages/airflow/example_dags/example_nested_branch_dag.py for tasks to queue
[2022-06-17 17:18:26,911] {logging_mixin.py:115} INFO - [2022-06-17 17:18:26,911] {dagbag.py:507} INFO - Filling up the DagBag from /home/uiliam/sandbox/lib/python3.9/site-packages/airflow/example_dags/example_nested_branch_dag.py
[2022-06-17 17:18:26,930] {processor.py:651} INFO - DAG(s) dict_keys(['example_nested_branch_dag']) retrieved from /home/uiliam/sandbox/lib/python3.9/site-packages/airflow/example_dags/example_nested_branch_dag.py
[2022-06-17 17:18:26,978] {logging_mixin.py:115} INFO - [2022-06-17 17:18:26,977] {dag.py:2379} INFO - Sync 1 DAGs
[2022-06-17 17:18:27,024] {logging_mixin.py:115} INFO - [2022-06-17 17:18:27,024] {dag.py:2927} INFO - Setting next_dagrun for example_nested_branch_dag to 2022-06-16T00:00:00+00:00, run_after=2022-06-17T00:00:00+00:00
[2022-06-17 17:18:27,047] {processor.py:161} INFO - Processing /home/uiliam/sandbox/lib/python3.9/site-packages/airflow/example_dags/example_nested_branch_dag.py took 0.143 seconds
[2022-06-17 17:18:57,988] {processor.py:153} INFO - Started process (PID=138329) to work on /home/uiliam/sandbox/lib/python3.9/site-packages/airflow/example_dags/example_nested_branch_dag.py
[2022-06-17 17:18:57,989] {processor.py:641} INFO - Processing file /home/uiliam/sandbox/lib/python3.9/site-packages/airflow/example_dags/example_nested_branch_dag.py for tasks to queue
[2022-06-17 17:18:57,990] {logging_mixin.py:115} INFO - [2022-06-17 17:18:57,989] {dagbag.py:507} INFO - Filling up the DagBag from /home/uiliam/sandbox/lib/python3.9/site-packages/airflow/example_dags/example_nested_branch_dag.py
[2022-06-17 17:18:58,005] {processor.py:651} INFO - DAG(s) dict_keys(['example_nested_branch_dag']) retrieved from /home/uiliam/sandbox/lib/python3.9/site-packages/airflow/example_dags/example_nested_branch_dag.py
[2022-06-17 17:18:58,038] {logging_mixin.py:115} INFO - [2022-06-17 17:18:58,037] {dag.py:2379} INFO - Sync 1 DAGs
[2022-06-17 17:18:58,073] {logging_mixin.py:115} INFO - [2022-06-17 17:18:58,073] {dag.py:2927} INFO - Setting next_dagrun for example_nested_branch_dag to 2022-06-16T00:00:00+00:00, run_after=2022-06-17T00:00:00+00:00
[2022-06-17 17:18:58,090] {processor.py:161} INFO - Processing /home/uiliam/sandbox/lib/python3.9/site-packages/airflow/example_dags/example_nested_branch_dag.py took 0.107 seconds
[2022-06-17 17:19:29,142] {processor.py:153} INFO - Started process (PID=138596) to work on /home/uiliam/sandbox/lib/python3.9/site-packages/airflow/example_dags/example_nested_branch_dag.py
[2022-06-17 17:19:29,143] {processor.py:641} INFO - Processing file /home/uiliam/sandbox/lib/python3.9/site-packages/airflow/example_dags/example_nested_branch_dag.py for tasks to queue
[2022-06-17 17:19:29,144] {logging_mixin.py:115} INFO - [2022-06-17 17:19:29,144] {dagbag.py:507} INFO - Filling up the DagBag from /home/uiliam/sandbox/lib/python3.9/site-packages/airflow/example_dags/example_nested_branch_dag.py
[2022-06-17 17:19:29,164] {processor.py:651} INFO - DAG(s) dict_keys(['example_nested_branch_dag']) retrieved from /home/uiliam/sandbox/lib/python3.9/site-packages/airflow/example_dags/example_nested_branch_dag.py
[2022-06-17 17:19:29,198] {logging_mixin.py:115} INFO - [2022-06-17 17:19:29,197] {dag.py:2379} INFO - Sync 1 DAGs
[2022-06-17 17:19:29,238] {logging_mixin.py:115} INFO - [2022-06-17 17:19:29,238] {dag.py:2927} INFO - Setting next_dagrun for example_nested_branch_dag to 2022-06-16T00:00:00+00:00, run_after=2022-06-17T00:00:00+00:00
[2022-06-17 17:19:29,258] {processor.py:161} INFO - Processing /home/uiliam/sandbox/lib/python3.9/site-packages/airflow/example_dags/example_nested_branch_dag.py took 0.120 seconds
[2022-06-17 17:20:00,081] {processor.py:153} INFO - Started process (PID=138852) to work on /home/uiliam/sandbox/lib/python3.9/site-packages/airflow/example_dags/example_nested_branch_dag.py
[2022-06-17 17:20:00,081] {processor.py:641} INFO - Processing file /home/uiliam/sandbox/lib/python3.9/site-packages/airflow/example_dags/example_nested_branch_dag.py for tasks to queue
[2022-06-17 17:20:00,082] {logging_mixin.py:115} INFO - [2022-06-17 17:20:00,082] {dagbag.py:507} INFO - Filling up the DagBag from /home/uiliam/sandbox/lib/python3.9/site-packages/airflow/example_dags/example_nested_branch_dag.py
[2022-06-17 17:20:00,094] {processor.py:651} INFO - DAG(s) dict_keys(['example_nested_branch_dag']) retrieved from /home/uiliam/sandbox/lib/python3.9/site-packages/airflow/example_dags/example_nested_branch_dag.py
[2022-06-17 17:20:00,129] {logging_mixin.py:115} INFO - [2022-06-17 17:20:00,129] {dag.py:2379} INFO - Sync 1 DAGs
[2022-06-17 17:20:00,176] {logging_mixin.py:115} INFO - [2022-06-17 17:20:00,176] {dag.py:2927} INFO - Setting next_dagrun for example_nested_branch_dag to 2022-06-16T00:00:00+00:00, run_after=2022-06-17T00:00:00+00:00
[2022-06-17 17:20:00,195] {processor.py:161} INFO - Processing /home/uiliam/sandbox/lib/python3.9/site-packages/airflow/example_dags/example_nested_branch_dag.py took 0.120 seconds
[2022-06-17 17:20:31,266] {processor.py:153} INFO - Started process (PID=139168) to work on /home/uiliam/sandbox/lib/python3.9/site-packages/airflow/example_dags/example_nested_branch_dag.py
[2022-06-17 17:20:31,266] {processor.py:641} INFO - Processing file /home/uiliam/sandbox/lib/python3.9/site-packages/airflow/example_dags/example_nested_branch_dag.py for tasks to queue
[2022-06-17 17:20:31,267] {logging_mixin.py:115} INFO - [2022-06-17 17:20:31,267] {dagbag.py:507} INFO - Filling up the DagBag from /home/uiliam/sandbox/lib/python3.9/site-packages/airflow/example_dags/example_nested_branch_dag.py
[2022-06-17 17:20:31,280] {processor.py:651} INFO - DAG(s) dict_keys(['example_nested_branch_dag']) retrieved from /home/uiliam/sandbox/lib/python3.9/site-packages/airflow/example_dags/example_nested_branch_dag.py
[2022-06-17 17:20:31,314] {logging_mixin.py:115} INFO - [2022-06-17 17:20:31,313] {dag.py:2379} INFO - Sync 1 DAGs
[2022-06-17 17:20:31,353] {logging_mixin.py:115} INFO - [2022-06-17 17:20:31,353] {dag.py:2927} INFO - Setting next_dagrun for example_nested_branch_dag to 2022-06-16T00:00:00+00:00, run_after=2022-06-17T00:00:00+00:00
[2022-06-17 17:20:31,373] {processor.py:161} INFO - Processing /home/uiliam/sandbox/lib/python3.9/site-packages/airflow/example_dags/example_nested_branch_dag.py took 0.112 seconds
[2022-06-17 17:21:02,317] {processor.py:153} INFO - Started process (PID=139385) to work on /home/uiliam/sandbox/lib/python3.9/site-packages/airflow/example_dags/example_nested_branch_dag.py
[2022-06-17 17:21:02,318] {processor.py:641} INFO - Processing file /home/uiliam/sandbox/lib/python3.9/site-packages/airflow/example_dags/example_nested_branch_dag.py for tasks to queue
[2022-06-17 17:21:02,319] {logging_mixin.py:115} INFO - [2022-06-17 17:21:02,319] {dagbag.py:507} INFO - Filling up the DagBag from /home/uiliam/sandbox/lib/python3.9/site-packages/airflow/example_dags/example_nested_branch_dag.py
[2022-06-17 17:21:02,333] {processor.py:651} INFO - DAG(s) dict_keys(['example_nested_branch_dag']) retrieved from /home/uiliam/sandbox/lib/python3.9/site-packages/airflow/example_dags/example_nested_branch_dag.py
[2022-06-17 17:21:02,367] {logging_mixin.py:115} INFO - [2022-06-17 17:21:02,367] {dag.py:2379} INFO - Sync 1 DAGs
[2022-06-17 17:21:02,412] {logging_mixin.py:115} INFO - [2022-06-17 17:21:02,412] {dag.py:2927} INFO - Setting next_dagrun for example_nested_branch_dag to 2022-06-16T00:00:00+00:00, run_after=2022-06-17T00:00:00+00:00
[2022-06-17 17:21:02,436] {processor.py:161} INFO - Processing /home/uiliam/sandbox/lib/python3.9/site-packages/airflow/example_dags/example_nested_branch_dag.py took 0.125 seconds
[2022-06-17 17:21:33,303] {processor.py:153} INFO - Started process (PID=139635) to work on /home/uiliam/sandbox/lib/python3.9/site-packages/airflow/example_dags/example_nested_branch_dag.py
[2022-06-17 17:21:33,304] {processor.py:641} INFO - Processing file /home/uiliam/sandbox/lib/python3.9/site-packages/airflow/example_dags/example_nested_branch_dag.py for tasks to queue
[2022-06-17 17:21:33,305] {logging_mixin.py:115} INFO - [2022-06-17 17:21:33,304] {dagbag.py:507} INFO - Filling up the DagBag from /home/uiliam/sandbox/lib/python3.9/site-packages/airflow/example_dags/example_nested_branch_dag.py
[2022-06-17 17:21:33,317] {processor.py:651} INFO - DAG(s) dict_keys(['example_nested_branch_dag']) retrieved from /home/uiliam/sandbox/lib/python3.9/site-packages/airflow/example_dags/example_nested_branch_dag.py
[2022-06-17 17:21:33,352] {logging_mixin.py:115} INFO - [2022-06-17 17:21:33,352] {dag.py:2379} INFO - Sync 1 DAGs
[2022-06-17 17:21:33,391] {logging_mixin.py:115} INFO - [2022-06-17 17:21:33,391] {dag.py:2927} INFO - Setting next_dagrun for example_nested_branch_dag to 2022-06-16T00:00:00+00:00, run_after=2022-06-17T00:00:00+00:00
[2022-06-17 17:21:33,411] {processor.py:161} INFO - Processing /home/uiliam/sandbox/lib/python3.9/site-packages/airflow/example_dags/example_nested_branch_dag.py took 0.112 seconds
[2022-06-17 17:22:04,407] {processor.py:153} INFO - Started process (PID=139886) to work on /home/uiliam/sandbox/lib/python3.9/site-packages/airflow/example_dags/example_nested_branch_dag.py
[2022-06-17 17:22:04,407] {processor.py:641} INFO - Processing file /home/uiliam/sandbox/lib/python3.9/site-packages/airflow/example_dags/example_nested_branch_dag.py for tasks to queue
[2022-06-17 17:22:04,408] {logging_mixin.py:115} INFO - [2022-06-17 17:22:04,408] {dagbag.py:507} INFO - Filling up the DagBag from /home/uiliam/sandbox/lib/python3.9/site-packages/airflow/example_dags/example_nested_branch_dag.py
[2022-06-17 17:22:04,422] {processor.py:651} INFO - DAG(s) dict_keys(['example_nested_branch_dag']) retrieved from /home/uiliam/sandbox/lib/python3.9/site-packages/airflow/example_dags/example_nested_branch_dag.py
[2022-06-17 17:22:04,456] {logging_mixin.py:115} INFO - [2022-06-17 17:22:04,456] {dag.py:2379} INFO - Sync 1 DAGs
[2022-06-17 17:22:04,495] {logging_mixin.py:115} INFO - [2022-06-17 17:22:04,495] {dag.py:2927} INFO - Setting next_dagrun for example_nested_branch_dag to 2022-06-16T00:00:00+00:00, run_after=2022-06-17T00:00:00+00:00
[2022-06-17 17:22:04,516] {processor.py:161} INFO - Processing /home/uiliam/sandbox/lib/python3.9/site-packages/airflow/example_dags/example_nested_branch_dag.py took 0.113 seconds
[2022-06-17 17:22:35,372] {processor.py:153} INFO - Started process (PID=140148) to work on /home/uiliam/sandbox/lib/python3.9/site-packages/airflow/example_dags/example_nested_branch_dag.py
[2022-06-17 17:22:35,372] {processor.py:641} INFO - Processing file /home/uiliam/sandbox/lib/python3.9/site-packages/airflow/example_dags/example_nested_branch_dag.py for tasks to queue
[2022-06-17 17:22:35,373] {logging_mixin.py:115} INFO - [2022-06-17 17:22:35,373] {dagbag.py:507} INFO - Filling up the DagBag from /home/uiliam/sandbox/lib/python3.9/site-packages/airflow/example_dags/example_nested_branch_dag.py
[2022-06-17 17:22:35,385] {processor.py:651} INFO - DAG(s) dict_keys(['example_nested_branch_dag']) retrieved from /home/uiliam/sandbox/lib/python3.9/site-packages/airflow/example_dags/example_nested_branch_dag.py
[2022-06-17 17:22:35,417] {logging_mixin.py:115} INFO - [2022-06-17 17:22:35,417] {dag.py:2379} INFO - Sync 1 DAGs
[2022-06-17 17:22:35,456] {logging_mixin.py:115} INFO - [2022-06-17 17:22:35,456] {dag.py:2927} INFO - Setting next_dagrun for example_nested_branch_dag to 2022-06-16T00:00:00+00:00, run_after=2022-06-17T00:00:00+00:00
[2022-06-17 17:22:35,476] {processor.py:161} INFO - Processing /home/uiliam/sandbox/lib/python3.9/site-packages/airflow/example_dags/example_nested_branch_dag.py took 0.109 seconds
[2022-06-17 17:23:06,526] {processor.py:153} INFO - Started process (PID=140374) to work on /home/uiliam/sandbox/lib/python3.9/site-packages/airflow/example_dags/example_nested_branch_dag.py
[2022-06-17 17:23:06,527] {processor.py:641} INFO - Processing file /home/uiliam/sandbox/lib/python3.9/site-packages/airflow/example_dags/example_nested_branch_dag.py for tasks to queue
[2022-06-17 17:23:06,527] {logging_mixin.py:115} INFO - [2022-06-17 17:23:06,527] {dagbag.py:507} INFO - Filling up the DagBag from /home/uiliam/sandbox/lib/python3.9/site-packages/airflow/example_dags/example_nested_branch_dag.py
[2022-06-17 17:23:06,539] {processor.py:651} INFO - DAG(s) dict_keys(['example_nested_branch_dag']) retrieved from /home/uiliam/sandbox/lib/python3.9/site-packages/airflow/example_dags/example_nested_branch_dag.py
[2022-06-17 17:23:06,572] {logging_mixin.py:115} INFO - [2022-06-17 17:23:06,572] {dag.py:2379} INFO - Sync 1 DAGs
[2022-06-17 17:23:06,613] {logging_mixin.py:115} INFO - [2022-06-17 17:23:06,612] {dag.py:2927} INFO - Setting next_dagrun for example_nested_branch_dag to 2022-06-16T00:00:00+00:00, run_after=2022-06-17T00:00:00+00:00
[2022-06-17 17:23:06,630] {processor.py:161} INFO - Processing /home/uiliam/sandbox/lib/python3.9/site-packages/airflow/example_dags/example_nested_branch_dag.py took 0.109 seconds
[2022-06-17 17:23:37,687] {processor.py:153} INFO - Started process (PID=140628) to work on /home/uiliam/sandbox/lib/python3.9/site-packages/airflow/example_dags/example_nested_branch_dag.py
[2022-06-17 17:23:37,688] {processor.py:641} INFO - Processing file /home/uiliam/sandbox/lib/python3.9/site-packages/airflow/example_dags/example_nested_branch_dag.py for tasks to queue
[2022-06-17 17:23:37,689] {logging_mixin.py:115} INFO - [2022-06-17 17:23:37,689] {dagbag.py:507} INFO - Filling up the DagBag from /home/uiliam/sandbox/lib/python3.9/site-packages/airflow/example_dags/example_nested_branch_dag.py
[2022-06-17 17:23:37,703] {processor.py:651} INFO - DAG(s) dict_keys(['example_nested_branch_dag']) retrieved from /home/uiliam/sandbox/lib/python3.9/site-packages/airflow/example_dags/example_nested_branch_dag.py
[2022-06-17 17:23:37,746] {logging_mixin.py:115} INFO - [2022-06-17 17:23:37,745] {dag.py:2379} INFO - Sync 1 DAGs
[2022-06-17 17:23:37,814] {logging_mixin.py:115} INFO - [2022-06-17 17:23:37,813] {dag.py:2927} INFO - Setting next_dagrun for example_nested_branch_dag to 2022-06-16T00:00:00+00:00, run_after=2022-06-17T00:00:00+00:00
[2022-06-17 17:23:37,844] {processor.py:161} INFO - Processing /home/uiliam/sandbox/lib/python3.9/site-packages/airflow/example_dags/example_nested_branch_dag.py took 0.162 seconds
[2022-06-17 17:24:09,088] {processor.py:153} INFO - Started process (PID=140781) to work on /home/uiliam/sandbox/lib/python3.9/site-packages/airflow/example_dags/example_nested_branch_dag.py
[2022-06-17 17:24:09,089] {processor.py:641} INFO - Processing file /home/uiliam/sandbox/lib/python3.9/site-packages/airflow/example_dags/example_nested_branch_dag.py for tasks to queue
[2022-06-17 17:24:09,089] {logging_mixin.py:115} INFO - [2022-06-17 17:24:09,089] {dagbag.py:507} INFO - Filling up the DagBag from /home/uiliam/sandbox/lib/python3.9/site-packages/airflow/example_dags/example_nested_branch_dag.py
[2022-06-17 17:24:09,102] {processor.py:651} INFO - DAG(s) dict_keys(['example_nested_branch_dag']) retrieved from /home/uiliam/sandbox/lib/python3.9/site-packages/airflow/example_dags/example_nested_branch_dag.py
[2022-06-17 17:24:09,136] {logging_mixin.py:115} INFO - [2022-06-17 17:24:09,135] {dag.py:2379} INFO - Sync 1 DAGs
[2022-06-17 17:24:09,172] {logging_mixin.py:115} INFO - [2022-06-17 17:24:09,172] {dag.py:2927} INFO - Setting next_dagrun for example_nested_branch_dag to 2022-06-16T00:00:00+00:00, run_after=2022-06-17T00:00:00+00:00
[2022-06-17 17:24:09,189] {processor.py:161} INFO - Processing /home/uiliam/sandbox/lib/python3.9/site-packages/airflow/example_dags/example_nested_branch_dag.py took 0.107 seconds
[2022-06-17 17:24:40,373] {processor.py:153} INFO - Started process (PID=141105) to work on /home/uiliam/sandbox/lib/python3.9/site-packages/airflow/example_dags/example_nested_branch_dag.py
[2022-06-17 17:24:40,374] {processor.py:641} INFO - Processing file /home/uiliam/sandbox/lib/python3.9/site-packages/airflow/example_dags/example_nested_branch_dag.py for tasks to queue
[2022-06-17 17:24:40,375] {logging_mixin.py:115} INFO - [2022-06-17 17:24:40,375] {dagbag.py:507} INFO - Filling up the DagBag from /home/uiliam/sandbox/lib/python3.9/site-packages/airflow/example_dags/example_nested_branch_dag.py
[2022-06-17 17:24:40,390] {processor.py:651} INFO - DAG(s) dict_keys(['example_nested_branch_dag']) retrieved from /home/uiliam/sandbox/lib/python3.9/site-packages/airflow/example_dags/example_nested_branch_dag.py
[2022-06-17 17:24:40,423] {logging_mixin.py:115} INFO - [2022-06-17 17:24:40,423] {dag.py:2379} INFO - Sync 1 DAGs
[2022-06-17 17:24:40,468] {logging_mixin.py:115} INFO - [2022-06-17 17:24:40,468] {dag.py:2927} INFO - Setting next_dagrun for example_nested_branch_dag to 2022-06-16T00:00:00+00:00, run_after=2022-06-17T00:00:00+00:00
[2022-06-17 17:24:40,497] {processor.py:161} INFO - Processing /home/uiliam/sandbox/lib/python3.9/site-packages/airflow/example_dags/example_nested_branch_dag.py took 0.129 seconds
[2022-06-17 17:25:11,544] {processor.py:153} INFO - Started process (PID=141293) to work on /home/uiliam/sandbox/lib/python3.9/site-packages/airflow/example_dags/example_nested_branch_dag.py
[2022-06-17 17:25:11,545] {processor.py:641} INFO - Processing file /home/uiliam/sandbox/lib/python3.9/site-packages/airflow/example_dags/example_nested_branch_dag.py for tasks to queue
[2022-06-17 17:25:11,546] {logging_mixin.py:115} INFO - [2022-06-17 17:25:11,546] {dagbag.py:507} INFO - Filling up the DagBag from /home/uiliam/sandbox/lib/python3.9/site-packages/airflow/example_dags/example_nested_branch_dag.py
[2022-06-17 17:25:11,561] {processor.py:651} INFO - DAG(s) dict_keys(['example_nested_branch_dag']) retrieved from /home/uiliam/sandbox/lib/python3.9/site-packages/airflow/example_dags/example_nested_branch_dag.py
[2022-06-17 17:25:11,604] {logging_mixin.py:115} INFO - [2022-06-17 17:25:11,604] {dag.py:2379} INFO - Sync 1 DAGs
[2022-06-17 17:25:11,651] {logging_mixin.py:115} INFO - [2022-06-17 17:25:11,651] {dag.py:2927} INFO - Setting next_dagrun for example_nested_branch_dag to 2022-06-16T00:00:00+00:00, run_after=2022-06-17T00:00:00+00:00
[2022-06-17 17:25:11,677] {processor.py:161} INFO - Processing /home/uiliam/sandbox/lib/python3.9/site-packages/airflow/example_dags/example_nested_branch_dag.py took 0.139 seconds
[2022-06-17 17:25:42,718] {processor.py:153} INFO - Started process (PID=141490) to work on /home/uiliam/sandbox/lib/python3.9/site-packages/airflow/example_dags/example_nested_branch_dag.py
[2022-06-17 17:25:42,718] {processor.py:641} INFO - Processing file /home/uiliam/sandbox/lib/python3.9/site-packages/airflow/example_dags/example_nested_branch_dag.py for tasks to queue
[2022-06-17 17:25:42,719] {logging_mixin.py:115} INFO - [2022-06-17 17:25:42,719] {dagbag.py:507} INFO - Filling up the DagBag from /home/uiliam/sandbox/lib/python3.9/site-packages/airflow/example_dags/example_nested_branch_dag.py
[2022-06-17 17:25:42,732] {processor.py:651} INFO - DAG(s) dict_keys(['example_nested_branch_dag']) retrieved from /home/uiliam/sandbox/lib/python3.9/site-packages/airflow/example_dags/example_nested_branch_dag.py
[2022-06-17 17:25:42,765] {logging_mixin.py:115} INFO - [2022-06-17 17:25:42,765] {dag.py:2379} INFO - Sync 1 DAGs
[2022-06-17 17:25:42,804] {logging_mixin.py:115} INFO - [2022-06-17 17:25:42,804] {dag.py:2927} INFO - Setting next_dagrun for example_nested_branch_dag to 2022-06-16T00:00:00+00:00, run_after=2022-06-17T00:00:00+00:00
[2022-06-17 17:25:42,823] {processor.py:161} INFO - Processing /home/uiliam/sandbox/lib/python3.9/site-packages/airflow/example_dags/example_nested_branch_dag.py took 0.111 seconds
[2022-06-17 17:26:14,107] {processor.py:153} INFO - Started process (PID=141695) to work on /home/uiliam/sandbox/lib/python3.9/site-packages/airflow/example_dags/example_nested_branch_dag.py
[2022-06-17 17:26:14,108] {processor.py:641} INFO - Processing file /home/uiliam/sandbox/lib/python3.9/site-packages/airflow/example_dags/example_nested_branch_dag.py for tasks to queue
[2022-06-17 17:26:14,108] {logging_mixin.py:115} INFO - [2022-06-17 17:26:14,108] {dagbag.py:507} INFO - Filling up the DagBag from /home/uiliam/sandbox/lib/python3.9/site-packages/airflow/example_dags/example_nested_branch_dag.py
[2022-06-17 17:26:14,121] {processor.py:651} INFO - DAG(s) dict_keys(['example_nested_branch_dag']) retrieved from /home/uiliam/sandbox/lib/python3.9/site-packages/airflow/example_dags/example_nested_branch_dag.py
[2022-06-17 17:26:14,155] {logging_mixin.py:115} INFO - [2022-06-17 17:26:14,155] {dag.py:2379} INFO - Sync 1 DAGs
[2022-06-17 17:26:14,195] {logging_mixin.py:115} INFO - [2022-06-17 17:26:14,195] {dag.py:2927} INFO - Setting next_dagrun for example_nested_branch_dag to 2022-06-16T00:00:00+00:00, run_after=2022-06-17T00:00:00+00:00
[2022-06-17 17:26:14,216] {processor.py:161} INFO - Processing /home/uiliam/sandbox/lib/python3.9/site-packages/airflow/example_dags/example_nested_branch_dag.py took 0.114 seconds
[2022-06-17 17:26:45,213] {processor.py:153} INFO - Started process (PID=141867) to work on /home/uiliam/sandbox/lib/python3.9/site-packages/airflow/example_dags/example_nested_branch_dag.py
[2022-06-17 17:26:45,214] {processor.py:641} INFO - Processing file /home/uiliam/sandbox/lib/python3.9/site-packages/airflow/example_dags/example_nested_branch_dag.py for tasks to queue
[2022-06-17 17:26:45,215] {logging_mixin.py:115} INFO - [2022-06-17 17:26:45,214] {dagbag.py:507} INFO - Filling up the DagBag from /home/uiliam/sandbox/lib/python3.9/site-packages/airflow/example_dags/example_nested_branch_dag.py
[2022-06-17 17:26:45,228] {processor.py:651} INFO - DAG(s) dict_keys(['example_nested_branch_dag']) retrieved from /home/uiliam/sandbox/lib/python3.9/site-packages/airflow/example_dags/example_nested_branch_dag.py
[2022-06-17 17:26:45,260] {logging_mixin.py:115} INFO - [2022-06-17 17:26:45,259] {dag.py:2379} INFO - Sync 1 DAGs
[2022-06-17 17:26:45,299] {logging_mixin.py:115} INFO - [2022-06-17 17:26:45,298] {dag.py:2927} INFO - Setting next_dagrun for example_nested_branch_dag to 2022-06-16T00:00:00+00:00, run_after=2022-06-17T00:00:00+00:00
[2022-06-17 17:26:45,319] {processor.py:161} INFO - Processing /home/uiliam/sandbox/lib/python3.9/site-packages/airflow/example_dags/example_nested_branch_dag.py took 0.110 seconds
[2022-06-17 17:27:16,341] {processor.py:153} INFO - Started process (PID=142036) to work on /home/uiliam/sandbox/lib/python3.9/site-packages/airflow/example_dags/example_nested_branch_dag.py
[2022-06-17 17:27:16,342] {processor.py:641} INFO - Processing file /home/uiliam/sandbox/lib/python3.9/site-packages/airflow/example_dags/example_nested_branch_dag.py for tasks to queue
[2022-06-17 17:27:16,343] {logging_mixin.py:115} INFO - [2022-06-17 17:27:16,343] {dagbag.py:507} INFO - Filling up the DagBag from /home/uiliam/sandbox/lib/python3.9/site-packages/airflow/example_dags/example_nested_branch_dag.py
[2022-06-17 17:27:16,357] {processor.py:651} INFO - DAG(s) dict_keys(['example_nested_branch_dag']) retrieved from /home/uiliam/sandbox/lib/python3.9/site-packages/airflow/example_dags/example_nested_branch_dag.py
[2022-06-17 17:27:16,397] {logging_mixin.py:115} INFO - [2022-06-17 17:27:16,397] {dag.py:2379} INFO - Sync 1 DAGs
[2022-06-17 17:27:16,450] {logging_mixin.py:115} INFO - [2022-06-17 17:27:16,450] {dag.py:2927} INFO - Setting next_dagrun for example_nested_branch_dag to 2022-06-16T00:00:00+00:00, run_after=2022-06-17T00:00:00+00:00
[2022-06-17 17:27:16,479] {processor.py:161} INFO - Processing /home/uiliam/sandbox/lib/python3.9/site-packages/airflow/example_dags/example_nested_branch_dag.py took 0.144 seconds
[2022-06-17 17:27:47,448] {processor.py:153} INFO - Started process (PID=142271) to work on /home/uiliam/sandbox/lib/python3.9/site-packages/airflow/example_dags/example_nested_branch_dag.py
[2022-06-17 17:27:47,448] {processor.py:641} INFO - Processing file /home/uiliam/sandbox/lib/python3.9/site-packages/airflow/example_dags/example_nested_branch_dag.py for tasks to queue
[2022-06-17 17:27:47,449] {logging_mixin.py:115} INFO - [2022-06-17 17:27:47,449] {dagbag.py:507} INFO - Filling up the DagBag from /home/uiliam/sandbox/lib/python3.9/site-packages/airflow/example_dags/example_nested_branch_dag.py
[2022-06-17 17:27:47,462] {processor.py:651} INFO - DAG(s) dict_keys(['example_nested_branch_dag']) retrieved from /home/uiliam/sandbox/lib/python3.9/site-packages/airflow/example_dags/example_nested_branch_dag.py
[2022-06-17 17:27:47,494] {logging_mixin.py:115} INFO - [2022-06-17 17:27:47,494] {dag.py:2379} INFO - Sync 1 DAGs
[2022-06-17 17:27:47,538] {logging_mixin.py:115} INFO - [2022-06-17 17:27:47,538] {dag.py:2927} INFO - Setting next_dagrun for example_nested_branch_dag to 2022-06-16T00:00:00+00:00, run_after=2022-06-17T00:00:00+00:00
[2022-06-17 17:27:47,560] {processor.py:161} INFO - Processing /home/uiliam/sandbox/lib/python3.9/site-packages/airflow/example_dags/example_nested_branch_dag.py took 0.117 seconds
[2022-06-17 17:28:18,370] {processor.py:153} INFO - Started process (PID=142530) to work on /home/uiliam/sandbox/lib/python3.9/site-packages/airflow/example_dags/example_nested_branch_dag.py
[2022-06-17 17:28:18,371] {processor.py:641} INFO - Processing file /home/uiliam/sandbox/lib/python3.9/site-packages/airflow/example_dags/example_nested_branch_dag.py for tasks to queue
[2022-06-17 17:28:18,372] {logging_mixin.py:115} INFO - [2022-06-17 17:28:18,372] {dagbag.py:507} INFO - Filling up the DagBag from /home/uiliam/sandbox/lib/python3.9/site-packages/airflow/example_dags/example_nested_branch_dag.py
[2022-06-17 17:28:18,387] {processor.py:651} INFO - DAG(s) dict_keys(['example_nested_branch_dag']) retrieved from /home/uiliam/sandbox/lib/python3.9/site-packages/airflow/example_dags/example_nested_branch_dag.py
[2022-06-17 17:28:18,430] {logging_mixin.py:115} INFO - [2022-06-17 17:28:18,429] {dag.py:2379} INFO - Sync 1 DAGs
[2022-06-17 17:28:18,473] {logging_mixin.py:115} INFO - [2022-06-17 17:28:18,473] {dag.py:2927} INFO - Setting next_dagrun for example_nested_branch_dag to 2022-06-16T00:00:00+00:00, run_after=2022-06-17T00:00:00+00:00
[2022-06-17 17:28:18,494] {processor.py:161} INFO - Processing /home/uiliam/sandbox/lib/python3.9/site-packages/airflow/example_dags/example_nested_branch_dag.py took 0.128 seconds
[2022-06-17 17:28:49,554] {processor.py:153} INFO - Started process (PID=142733) to work on /home/uiliam/sandbox/lib/python3.9/site-packages/airflow/example_dags/example_nested_branch_dag.py
[2022-06-17 17:28:49,555] {processor.py:641} INFO - Processing file /home/uiliam/sandbox/lib/python3.9/site-packages/airflow/example_dags/example_nested_branch_dag.py for tasks to queue
[2022-06-17 17:28:49,556] {logging_mixin.py:115} INFO - [2022-06-17 17:28:49,555] {dagbag.py:507} INFO - Filling up the DagBag from /home/uiliam/sandbox/lib/python3.9/site-packages/airflow/example_dags/example_nested_branch_dag.py
[2022-06-17 17:28:49,570] {processor.py:651} INFO - DAG(s) dict_keys(['example_nested_branch_dag']) retrieved from /home/uiliam/sandbox/lib/python3.9/site-packages/airflow/example_dags/example_nested_branch_dag.py
[2022-06-17 17:28:49,607] {logging_mixin.py:115} INFO - [2022-06-17 17:28:49,607] {dag.py:2379} INFO - Sync 1 DAGs
[2022-06-17 17:28:49,650] {logging_mixin.py:115} INFO - [2022-06-17 17:28:49,650] {dag.py:2927} INFO - Setting next_dagrun for example_nested_branch_dag to 2022-06-16T00:00:00+00:00, run_after=2022-06-17T00:00:00+00:00
[2022-06-17 17:28:49,672] {processor.py:161} INFO - Processing /home/uiliam/sandbox/lib/python3.9/site-packages/airflow/example_dags/example_nested_branch_dag.py took 0.123 seconds
[2022-06-17 17:29:20,778] {processor.py:153} INFO - Started process (PID=142937) to work on /home/uiliam/sandbox/lib/python3.9/site-packages/airflow/example_dags/example_nested_branch_dag.py
[2022-06-17 17:29:20,779] {processor.py:641} INFO - Processing file /home/uiliam/sandbox/lib/python3.9/site-packages/airflow/example_dags/example_nested_branch_dag.py for tasks to queue
[2022-06-17 17:29:20,780] {logging_mixin.py:115} INFO - [2022-06-17 17:29:20,779] {dagbag.py:507} INFO - Filling up the DagBag from /home/uiliam/sandbox/lib/python3.9/site-packages/airflow/example_dags/example_nested_branch_dag.py
[2022-06-17 17:29:20,793] {processor.py:651} INFO - DAG(s) dict_keys(['example_nested_branch_dag']) retrieved from /home/uiliam/sandbox/lib/python3.9/site-packages/airflow/example_dags/example_nested_branch_dag.py
[2022-06-17 17:29:20,827] {logging_mixin.py:115} INFO - [2022-06-17 17:29:20,826] {dag.py:2379} INFO - Sync 1 DAGs
[2022-06-17 17:29:20,865] {logging_mixin.py:115} INFO - [2022-06-17 17:29:20,864] {dag.py:2927} INFO - Setting next_dagrun for example_nested_branch_dag to 2022-06-16T00:00:00+00:00, run_after=2022-06-17T00:00:00+00:00
[2022-06-17 17:29:20,888] {processor.py:161} INFO - Processing /home/uiliam/sandbox/lib/python3.9/site-packages/airflow/example_dags/example_nested_branch_dag.py took 0.114 seconds
[2022-06-17 17:29:51,772] {processor.py:153} INFO - Started process (PID=143140) to work on /home/uiliam/sandbox/lib/python3.9/site-packages/airflow/example_dags/example_nested_branch_dag.py
[2022-06-17 17:29:51,772] {processor.py:641} INFO - Processing file /home/uiliam/sandbox/lib/python3.9/site-packages/airflow/example_dags/example_nested_branch_dag.py for tasks to queue
[2022-06-17 17:29:51,773] {logging_mixin.py:115} INFO - [2022-06-17 17:29:51,773] {dagbag.py:507} INFO - Filling up the DagBag from /home/uiliam/sandbox/lib/python3.9/site-packages/airflow/example_dags/example_nested_branch_dag.py
[2022-06-17 17:29:51,788] {processor.py:651} INFO - DAG(s) dict_keys(['example_nested_branch_dag']) retrieved from /home/uiliam/sandbox/lib/python3.9/site-packages/airflow/example_dags/example_nested_branch_dag.py
[2022-06-17 17:29:51,828] {logging_mixin.py:115} INFO - [2022-06-17 17:29:51,828] {dag.py:2379} INFO - Sync 1 DAGs
[2022-06-17 17:29:51,870] {logging_mixin.py:115} INFO - [2022-06-17 17:29:51,870] {dag.py:2927} INFO - Setting next_dagrun for example_nested_branch_dag to 2022-06-16T00:00:00+00:00, run_after=2022-06-17T00:00:00+00:00
[2022-06-17 17:29:51,890] {processor.py:161} INFO - Processing /home/uiliam/sandbox/lib/python3.9/site-packages/airflow/example_dags/example_nested_branch_dag.py took 0.124 seconds
[2022-06-17 17:30:22,829] {processor.py:153} INFO - Started process (PID=143297) to work on /home/uiliam/sandbox/lib/python3.9/site-packages/airflow/example_dags/example_nested_branch_dag.py
[2022-06-17 17:30:22,830] {processor.py:641} INFO - Processing file /home/uiliam/sandbox/lib/python3.9/site-packages/airflow/example_dags/example_nested_branch_dag.py for tasks to queue
[2022-06-17 17:30:22,830] {logging_mixin.py:115} INFO - [2022-06-17 17:30:22,830] {dagbag.py:507} INFO - Filling up the DagBag from /home/uiliam/sandbox/lib/python3.9/site-packages/airflow/example_dags/example_nested_branch_dag.py
[2022-06-17 17:30:22,844] {processor.py:651} INFO - DAG(s) dict_keys(['example_nested_branch_dag']) retrieved from /home/uiliam/sandbox/lib/python3.9/site-packages/airflow/example_dags/example_nested_branch_dag.py
[2022-06-17 17:30:22,877] {logging_mixin.py:115} INFO - [2022-06-17 17:30:22,876] {dag.py:2379} INFO - Sync 1 DAGs
[2022-06-17 17:30:22,913] {logging_mixin.py:115} INFO - [2022-06-17 17:30:22,913] {dag.py:2927} INFO - Setting next_dagrun for example_nested_branch_dag to 2022-06-16T00:00:00+00:00, run_after=2022-06-17T00:00:00+00:00
[2022-06-17 17:30:22,933] {processor.py:161} INFO - Processing /home/uiliam/sandbox/lib/python3.9/site-packages/airflow/example_dags/example_nested_branch_dag.py took 0.109 seconds
[2022-06-17 17:30:53,936] {processor.py:153} INFO - Started process (PID=143464) to work on /home/uiliam/sandbox/lib/python3.9/site-packages/airflow/example_dags/example_nested_branch_dag.py
[2022-06-17 17:30:53,936] {processor.py:641} INFO - Processing file /home/uiliam/sandbox/lib/python3.9/site-packages/airflow/example_dags/example_nested_branch_dag.py for tasks to queue
[2022-06-17 17:30:53,937] {logging_mixin.py:115} INFO - [2022-06-17 17:30:53,937] {dagbag.py:507} INFO - Filling up the DagBag from /home/uiliam/sandbox/lib/python3.9/site-packages/airflow/example_dags/example_nested_branch_dag.py
[2022-06-17 17:30:53,949] {processor.py:651} INFO - DAG(s) dict_keys(['example_nested_branch_dag']) retrieved from /home/uiliam/sandbox/lib/python3.9/site-packages/airflow/example_dags/example_nested_branch_dag.py
[2022-06-17 17:30:53,982] {logging_mixin.py:115} INFO - [2022-06-17 17:30:53,982] {dag.py:2379} INFO - Sync 1 DAGs
[2022-06-17 17:30:54,025] {logging_mixin.py:115} INFO - [2022-06-17 17:30:54,025] {dag.py:2927} INFO - Setting next_dagrun for example_nested_branch_dag to 2022-06-16T00:00:00+00:00, run_after=2022-06-17T00:00:00+00:00
[2022-06-17 17:30:54,042] {processor.py:161} INFO - Processing /home/uiliam/sandbox/lib/python3.9/site-packages/airflow/example_dags/example_nested_branch_dag.py took 0.112 seconds
[2022-06-17 17:31:25,263] {processor.py:153} INFO - Started process (PID=143737) to work on /home/uiliam/sandbox/lib/python3.9/site-packages/airflow/example_dags/example_nested_branch_dag.py
[2022-06-17 17:31:25,264] {processor.py:641} INFO - Processing file /home/uiliam/sandbox/lib/python3.9/site-packages/airflow/example_dags/example_nested_branch_dag.py for tasks to queue
[2022-06-17 17:31:25,265] {logging_mixin.py:115} INFO - [2022-06-17 17:31:25,265] {dagbag.py:507} INFO - Filling up the DagBag from /home/uiliam/sandbox/lib/python3.9/site-packages/airflow/example_dags/example_nested_branch_dag.py
[2022-06-17 17:31:25,280] {processor.py:651} INFO - DAG(s) dict_keys(['example_nested_branch_dag']) retrieved from /home/uiliam/sandbox/lib/python3.9/site-packages/airflow/example_dags/example_nested_branch_dag.py
[2022-06-17 17:31:25,314] {logging_mixin.py:115} INFO - [2022-06-17 17:31:25,313] {dag.py:2379} INFO - Sync 1 DAGs
[2022-06-17 17:31:25,353] {logging_mixin.py:115} INFO - [2022-06-17 17:31:25,352] {dag.py:2927} INFO - Setting next_dagrun for example_nested_branch_dag to 2022-06-16T00:00:00+00:00, run_after=2022-06-17T00:00:00+00:00
[2022-06-17 17:31:25,372] {processor.py:161} INFO - Processing /home/uiliam/sandbox/lib/python3.9/site-packages/airflow/example_dags/example_nested_branch_dag.py took 0.114 seconds
[2022-06-17 17:31:56,131] {processor.py:153} INFO - Started process (PID=143919) to work on /home/uiliam/sandbox/lib/python3.9/site-packages/airflow/example_dags/example_nested_branch_dag.py
[2022-06-17 17:31:56,132] {processor.py:641} INFO - Processing file /home/uiliam/sandbox/lib/python3.9/site-packages/airflow/example_dags/example_nested_branch_dag.py for tasks to queue
[2022-06-17 17:31:56,133] {logging_mixin.py:115} INFO - [2022-06-17 17:31:56,132] {dagbag.py:507} INFO - Filling up the DagBag from /home/uiliam/sandbox/lib/python3.9/site-packages/airflow/example_dags/example_nested_branch_dag.py
[2022-06-17 17:31:56,148] {processor.py:651} INFO - DAG(s) dict_keys(['example_nested_branch_dag']) retrieved from /home/uiliam/sandbox/lib/python3.9/site-packages/airflow/example_dags/example_nested_branch_dag.py
[2022-06-17 17:31:56,185] {logging_mixin.py:115} INFO - [2022-06-17 17:31:56,185] {dag.py:2379} INFO - Sync 1 DAGs
[2022-06-17 17:31:56,232] {logging_mixin.py:115} INFO - [2022-06-17 17:31:56,231] {dag.py:2927} INFO - Setting next_dagrun for example_nested_branch_dag to 2022-06-16T00:00:00+00:00, run_after=2022-06-17T00:00:00+00:00
[2022-06-17 17:31:56,251] {processor.py:161} INFO - Processing /home/uiliam/sandbox/lib/python3.9/site-packages/airflow/example_dags/example_nested_branch_dag.py took 0.125 seconds
[2022-06-17 17:32:26,606] {processor.py:153} INFO - Started process (PID=144105) to work on /home/uiliam/sandbox/lib/python3.9/site-packages/airflow/example_dags/example_nested_branch_dag.py
[2022-06-17 17:32:26,608] {processor.py:641} INFO - Processing file /home/uiliam/sandbox/lib/python3.9/site-packages/airflow/example_dags/example_nested_branch_dag.py for tasks to queue
[2022-06-17 17:32:26,609] {logging_mixin.py:115} INFO - [2022-06-17 17:32:26,608] {dagbag.py:507} INFO - Filling up the DagBag from /home/uiliam/sandbox/lib/python3.9/site-packages/airflow/example_dags/example_nested_branch_dag.py
[2022-06-17 17:32:26,621] {processor.py:651} INFO - DAG(s) dict_keys(['example_nested_branch_dag']) retrieved from /home/uiliam/sandbox/lib/python3.9/site-packages/airflow/example_dags/example_nested_branch_dag.py
[2022-06-17 17:32:26,656] {logging_mixin.py:115} INFO - [2022-06-17 17:32:26,656] {dag.py:2379} INFO - Sync 1 DAGs
[2022-06-17 17:32:26,695] {logging_mixin.py:115} INFO - [2022-06-17 17:32:26,695] {dag.py:2927} INFO - Setting next_dagrun for example_nested_branch_dag to 2022-06-16T00:00:00+00:00, run_after=2022-06-17T00:00:00+00:00
[2022-06-17 17:32:26,716] {processor.py:161} INFO - Processing /home/uiliam/sandbox/lib/python3.9/site-packages/airflow/example_dags/example_nested_branch_dag.py took 0.116 seconds
[2022-06-17 17:32:57,837] {processor.py:153} INFO - Started process (PID=144274) to work on /home/uiliam/sandbox/lib/python3.9/site-packages/airflow/example_dags/example_nested_branch_dag.py
[2022-06-17 17:32:57,837] {processor.py:641} INFO - Processing file /home/uiliam/sandbox/lib/python3.9/site-packages/airflow/example_dags/example_nested_branch_dag.py for tasks to queue
[2022-06-17 17:32:57,838] {logging_mixin.py:115} INFO - [2022-06-17 17:32:57,838] {dagbag.py:507} INFO - Filling up the DagBag from /home/uiliam/sandbox/lib/python3.9/site-packages/airflow/example_dags/example_nested_branch_dag.py
[2022-06-17 17:32:57,850] {processor.py:651} INFO - DAG(s) dict_keys(['example_nested_branch_dag']) retrieved from /home/uiliam/sandbox/lib/python3.9/site-packages/airflow/example_dags/example_nested_branch_dag.py
[2022-06-17 17:32:57,881] {logging_mixin.py:115} INFO - [2022-06-17 17:32:57,880] {dag.py:2379} INFO - Sync 1 DAGs
[2022-06-17 17:32:57,921] {logging_mixin.py:115} INFO - [2022-06-17 17:32:57,921] {dag.py:2927} INFO - Setting next_dagrun for example_nested_branch_dag to 2022-06-16T00:00:00+00:00, run_after=2022-06-17T00:00:00+00:00
[2022-06-17 17:32:57,941] {processor.py:161} INFO - Processing /home/uiliam/sandbox/lib/python3.9/site-packages/airflow/example_dags/example_nested_branch_dag.py took 0.108 seconds
[2022-06-17 17:33:28,768] {processor.py:153} INFO - Started process (PID=144453) to work on /home/uiliam/sandbox/lib/python3.9/site-packages/airflow/example_dags/example_nested_branch_dag.py
[2022-06-17 17:33:28,769] {processor.py:641} INFO - Processing file /home/uiliam/sandbox/lib/python3.9/site-packages/airflow/example_dags/example_nested_branch_dag.py for tasks to queue
[2022-06-17 17:33:28,770] {logging_mixin.py:115} INFO - [2022-06-17 17:33:28,769] {dagbag.py:507} INFO - Filling up the DagBag from /home/uiliam/sandbox/lib/python3.9/site-packages/airflow/example_dags/example_nested_branch_dag.py
[2022-06-17 17:33:28,785] {processor.py:651} INFO - DAG(s) dict_keys(['example_nested_branch_dag']) retrieved from /home/uiliam/sandbox/lib/python3.9/site-packages/airflow/example_dags/example_nested_branch_dag.py
[2022-06-17 17:33:28,820] {logging_mixin.py:115} INFO - [2022-06-17 17:33:28,820] {dag.py:2379} INFO - Sync 1 DAGs
[2022-06-17 17:33:28,861] {logging_mixin.py:115} INFO - [2022-06-17 17:33:28,861] {dag.py:2927} INFO - Setting next_dagrun for example_nested_branch_dag to 2022-06-16T00:00:00+00:00, run_after=2022-06-17T00:00:00+00:00
[2022-06-17 17:33:28,881] {processor.py:161} INFO - Processing /home/uiliam/sandbox/lib/python3.9/site-packages/airflow/example_dags/example_nested_branch_dag.py took 0.120 seconds
[2022-06-17 17:34:00,132] {processor.py:153} INFO - Started process (PID=144618) to work on /home/uiliam/sandbox/lib/python3.9/site-packages/airflow/example_dags/example_nested_branch_dag.py
[2022-06-17 17:34:00,132] {processor.py:641} INFO - Processing file /home/uiliam/sandbox/lib/python3.9/site-packages/airflow/example_dags/example_nested_branch_dag.py for tasks to queue
[2022-06-17 17:34:00,133] {logging_mixin.py:115} INFO - [2022-06-17 17:34:00,133] {dagbag.py:507} INFO - Filling up the DagBag from /home/uiliam/sandbox/lib/python3.9/site-packages/airflow/example_dags/example_nested_branch_dag.py
[2022-06-17 17:34:00,149] {processor.py:651} INFO - DAG(s) dict_keys(['example_nested_branch_dag']) retrieved from /home/uiliam/sandbox/lib/python3.9/site-packages/airflow/example_dags/example_nested_branch_dag.py
[2022-06-17 17:34:00,183] {logging_mixin.py:115} INFO - [2022-06-17 17:34:00,182] {dag.py:2379} INFO - Sync 1 DAGs
[2022-06-17 17:34:00,230] {logging_mixin.py:115} INFO - [2022-06-17 17:34:00,230] {dag.py:2927} INFO - Setting next_dagrun for example_nested_branch_dag to 2022-06-16T00:00:00+00:00, run_after=2022-06-17T00:00:00+00:00
[2022-06-17 17:34:00,251] {processor.py:161} INFO - Processing /home/uiliam/sandbox/lib/python3.9/site-packages/airflow/example_dags/example_nested_branch_dag.py took 0.125 seconds
[2022-06-17 17:34:31,525] {processor.py:153} INFO - Started process (PID=144999) to work on /home/uiliam/sandbox/lib/python3.9/site-packages/airflow/example_dags/example_nested_branch_dag.py
[2022-06-17 17:34:31,525] {processor.py:641} INFO - Processing file /home/uiliam/sandbox/lib/python3.9/site-packages/airflow/example_dags/example_nested_branch_dag.py for tasks to queue
[2022-06-17 17:34:31,526] {logging_mixin.py:115} INFO - [2022-06-17 17:34:31,526] {dagbag.py:507} INFO - Filling up the DagBag from /home/uiliam/sandbox/lib/python3.9/site-packages/airflow/example_dags/example_nested_branch_dag.py
[2022-06-17 17:34:31,548] {processor.py:651} INFO - DAG(s) dict_keys(['example_nested_branch_dag']) retrieved from /home/uiliam/sandbox/lib/python3.9/site-packages/airflow/example_dags/example_nested_branch_dag.py
[2022-06-17 17:34:31,604] {logging_mixin.py:115} INFO - [2022-06-17 17:34:31,604] {dag.py:2379} INFO - Sync 1 DAGs
[2022-06-17 17:34:31,679] {logging_mixin.py:115} INFO - [2022-06-17 17:34:31,678] {dag.py:2927} INFO - Setting next_dagrun for example_nested_branch_dag to 2022-06-16T00:00:00+00:00, run_after=2022-06-17T00:00:00+00:00
[2022-06-17 17:34:31,713] {processor.py:161} INFO - Processing /home/uiliam/sandbox/lib/python3.9/site-packages/airflow/example_dags/example_nested_branch_dag.py took 0.194 seconds
[2022-06-17 17:35:02,946] {processor.py:153} INFO - Started process (PID=145351) to work on /home/uiliam/sandbox/lib/python3.9/site-packages/airflow/example_dags/example_nested_branch_dag.py
[2022-06-17 17:35:02,946] {processor.py:641} INFO - Processing file /home/uiliam/sandbox/lib/python3.9/site-packages/airflow/example_dags/example_nested_branch_dag.py for tasks to queue
[2022-06-17 17:35:02,947] {logging_mixin.py:115} INFO - [2022-06-17 17:35:02,947] {dagbag.py:507} INFO - Filling up the DagBag from /home/uiliam/sandbox/lib/python3.9/site-packages/airflow/example_dags/example_nested_branch_dag.py
[2022-06-17 17:35:02,959] {processor.py:651} INFO - DAG(s) dict_keys(['example_nested_branch_dag']) retrieved from /home/uiliam/sandbox/lib/python3.9/site-packages/airflow/example_dags/example_nested_branch_dag.py
[2022-06-17 17:35:02,991] {logging_mixin.py:115} INFO - [2022-06-17 17:35:02,991] {dag.py:2379} INFO - Sync 1 DAGs
[2022-06-17 17:35:03,033] {logging_mixin.py:115} INFO - [2022-06-17 17:35:03,033] {dag.py:2927} INFO - Setting next_dagrun for example_nested_branch_dag to 2022-06-16T00:00:00+00:00, run_after=2022-06-17T00:00:00+00:00
[2022-06-17 17:35:03,052] {processor.py:161} INFO - Processing /home/uiliam/sandbox/lib/python3.9/site-packages/airflow/example_dags/example_nested_branch_dag.py took 0.111 seconds
[2022-06-17 17:35:34,294] {processor.py:153} INFO - Started process (PID=145667) to work on /home/uiliam/sandbox/lib/python3.9/site-packages/airflow/example_dags/example_nested_branch_dag.py
[2022-06-17 17:35:34,295] {processor.py:641} INFO - Processing file /home/uiliam/sandbox/lib/python3.9/site-packages/airflow/example_dags/example_nested_branch_dag.py for tasks to queue
[2022-06-17 17:35:34,296] {logging_mixin.py:115} INFO - [2022-06-17 17:35:34,295] {dagbag.py:507} INFO - Filling up the DagBag from /home/uiliam/sandbox/lib/python3.9/site-packages/airflow/example_dags/example_nested_branch_dag.py
[2022-06-17 17:35:34,311] {processor.py:651} INFO - DAG(s) dict_keys(['example_nested_branch_dag']) retrieved from /home/uiliam/sandbox/lib/python3.9/site-packages/airflow/example_dags/example_nested_branch_dag.py
[2022-06-17 17:35:34,353] {logging_mixin.py:115} INFO - [2022-06-17 17:35:34,353] {dag.py:2379} INFO - Sync 1 DAGs
[2022-06-17 17:35:34,399] {logging_mixin.py:115} INFO - [2022-06-17 17:35:34,399] {dag.py:2927} INFO - Setting next_dagrun for example_nested_branch_dag to 2022-06-16T00:00:00+00:00, run_after=2022-06-17T00:00:00+00:00
[2022-06-17 17:35:34,425] {processor.py:161} INFO - Processing /home/uiliam/sandbox/lib/python3.9/site-packages/airflow/example_dags/example_nested_branch_dag.py took 0.135 seconds
[2022-06-17 17:36:05,641] {processor.py:153} INFO - Started process (PID=146008) to work on /home/uiliam/sandbox/lib/python3.9/site-packages/airflow/example_dags/example_nested_branch_dag.py
[2022-06-17 17:36:05,642] {processor.py:641} INFO - Processing file /home/uiliam/sandbox/lib/python3.9/site-packages/airflow/example_dags/example_nested_branch_dag.py for tasks to queue
[2022-06-17 17:36:05,643] {logging_mixin.py:115} INFO - [2022-06-17 17:36:05,643] {dagbag.py:507} INFO - Filling up the DagBag from /home/uiliam/sandbox/lib/python3.9/site-packages/airflow/example_dags/example_nested_branch_dag.py
[2022-06-17 17:36:05,660] {processor.py:651} INFO - DAG(s) dict_keys(['example_nested_branch_dag']) retrieved from /home/uiliam/sandbox/lib/python3.9/site-packages/airflow/example_dags/example_nested_branch_dag.py
[2022-06-17 17:36:05,699] {logging_mixin.py:115} INFO - [2022-06-17 17:36:05,698] {dag.py:2379} INFO - Sync 1 DAGs
[2022-06-17 17:36:05,745] {logging_mixin.py:115} INFO - [2022-06-17 17:36:05,745] {dag.py:2927} INFO - Setting next_dagrun for example_nested_branch_dag to 2022-06-16T00:00:00+00:00, run_after=2022-06-17T00:00:00+00:00
[2022-06-17 17:36:05,771] {processor.py:161} INFO - Processing /home/uiliam/sandbox/lib/python3.9/site-packages/airflow/example_dags/example_nested_branch_dag.py took 0.137 seconds
