[2022-06-17 17:11:11,789] {processor.py:153} INFO - Started process (PID=132509) to work on /home/uiliam/sandbox/lib/python3.9/site-packages/airflow/example_dags/example_branch_python_dop_operator_3.py
[2022-06-17 17:11:11,790] {processor.py:641} INFO - Processing file /home/uiliam/sandbox/lib/python3.9/site-packages/airflow/example_dags/example_branch_python_dop_operator_3.py for tasks to queue
[2022-06-17 17:11:11,791] {logging_mixin.py:115} INFO - [2022-06-17 17:11:11,791] {dagbag.py:507} INFO - Filling up the DagBag from /home/uiliam/sandbox/lib/python3.9/site-packages/airflow/example_dags/example_branch_python_dop_operator_3.py
[2022-06-17 17:11:11,804] {processor.py:651} INFO - DAG(s) dict_keys(['example_branch_dop_operator_v3']) retrieved from /home/uiliam/sandbox/lib/python3.9/site-packages/airflow/example_dags/example_branch_python_dop_operator_3.py
[2022-06-17 17:11:11,835] {logging_mixin.py:115} INFO - [2022-06-17 17:11:11,835] {dag.py:2379} INFO - Sync 1 DAGs
[2022-06-17 17:11:11,883] {logging_mixin.py:115} INFO - [2022-06-17 17:11:11,883] {dag.py:2927} INFO - Setting next_dagrun for example_branch_dop_operator_v3 to 2022-06-17T20:10:00+00:00, run_after=2022-06-17T20:11:00+00:00
[2022-06-17 17:11:11,902] {processor.py:161} INFO - Processing /home/uiliam/sandbox/lib/python3.9/site-packages/airflow/example_dags/example_branch_python_dop_operator_3.py took 0.118 seconds
[2022-06-17 17:11:43,334] {processor.py:153} INFO - Started process (PID=132870) to work on /home/uiliam/sandbox/lib/python3.9/site-packages/airflow/example_dags/example_branch_python_dop_operator_3.py
[2022-06-17 17:11:43,334] {processor.py:641} INFO - Processing file /home/uiliam/sandbox/lib/python3.9/site-packages/airflow/example_dags/example_branch_python_dop_operator_3.py for tasks to queue
[2022-06-17 17:11:43,335] {logging_mixin.py:115} INFO - [2022-06-17 17:11:43,335] {dagbag.py:507} INFO - Filling up the DagBag from /home/uiliam/sandbox/lib/python3.9/site-packages/airflow/example_dags/example_branch_python_dop_operator_3.py
[2022-06-17 17:11:43,351] {processor.py:651} INFO - DAG(s) dict_keys(['example_branch_dop_operator_v3']) retrieved from /home/uiliam/sandbox/lib/python3.9/site-packages/airflow/example_dags/example_branch_python_dop_operator_3.py
[2022-06-17 17:11:43,387] {logging_mixin.py:115} INFO - [2022-06-17 17:11:43,387] {dag.py:2379} INFO - Sync 1 DAGs
[2022-06-17 17:11:43,442] {logging_mixin.py:115} INFO - [2022-06-17 17:11:43,441] {dag.py:2927} INFO - Setting next_dagrun for example_branch_dop_operator_v3 to 2022-06-17T20:10:00+00:00, run_after=2022-06-17T20:11:00+00:00
[2022-06-17 17:11:43,463] {processor.py:161} INFO - Processing /home/uiliam/sandbox/lib/python3.9/site-packages/airflow/example_dags/example_branch_python_dop_operator_3.py took 0.135 seconds
[2022-06-17 17:12:14,348] {processor.py:153} INFO - Started process (PID=134046) to work on /home/uiliam/sandbox/lib/python3.9/site-packages/airflow/example_dags/example_branch_python_dop_operator_3.py
[2022-06-17 17:12:14,348] {processor.py:641} INFO - Processing file /home/uiliam/sandbox/lib/python3.9/site-packages/airflow/example_dags/example_branch_python_dop_operator_3.py for tasks to queue
[2022-06-17 17:12:14,349] {logging_mixin.py:115} INFO - [2022-06-17 17:12:14,349] {dagbag.py:507} INFO - Filling up the DagBag from /home/uiliam/sandbox/lib/python3.9/site-packages/airflow/example_dags/example_branch_python_dop_operator_3.py
[2022-06-17 17:12:14,364] {processor.py:651} INFO - DAG(s) dict_keys(['example_branch_dop_operator_v3']) retrieved from /home/uiliam/sandbox/lib/python3.9/site-packages/airflow/example_dags/example_branch_python_dop_operator_3.py
[2022-06-17 17:12:14,396] {logging_mixin.py:115} INFO - [2022-06-17 17:12:14,396] {dag.py:2379} INFO - Sync 1 DAGs
[2022-06-17 17:12:14,443] {logging_mixin.py:115} INFO - [2022-06-17 17:12:14,442] {dag.py:2927} INFO - Setting next_dagrun for example_branch_dop_operator_v3 to 2022-06-17T20:11:00+00:00, run_after=2022-06-17T20:12:00+00:00
[2022-06-17 17:12:14,463] {processor.py:161} INFO - Processing /home/uiliam/sandbox/lib/python3.9/site-packages/airflow/example_dags/example_branch_python_dop_operator_3.py took 0.119 seconds
[2022-06-17 17:12:45,644] {processor.py:153} INFO - Started process (PID=135151) to work on /home/uiliam/sandbox/lib/python3.9/site-packages/airflow/example_dags/example_branch_python_dop_operator_3.py
[2022-06-17 17:12:45,645] {processor.py:641} INFO - Processing file /home/uiliam/sandbox/lib/python3.9/site-packages/airflow/example_dags/example_branch_python_dop_operator_3.py for tasks to queue
[2022-06-17 17:12:45,645] {logging_mixin.py:115} INFO - [2022-06-17 17:12:45,645] {dagbag.py:507} INFO - Filling up the DagBag from /home/uiliam/sandbox/lib/python3.9/site-packages/airflow/example_dags/example_branch_python_dop_operator_3.py
[2022-06-17 17:12:45,657] {processor.py:651} INFO - DAG(s) dict_keys(['example_branch_dop_operator_v3']) retrieved from /home/uiliam/sandbox/lib/python3.9/site-packages/airflow/example_dags/example_branch_python_dop_operator_3.py
[2022-06-17 17:12:45,693] {logging_mixin.py:115} INFO - [2022-06-17 17:12:45,692] {dag.py:2379} INFO - Sync 1 DAGs
[2022-06-17 17:12:45,753] {logging_mixin.py:115} INFO - [2022-06-17 17:12:45,752] {dag.py:2927} INFO - Setting next_dagrun for example_branch_dop_operator_v3 to 2022-06-17T20:11:00+00:00, run_after=2022-06-17T20:12:00+00:00
[2022-06-17 17:12:45,776] {processor.py:161} INFO - Processing /home/uiliam/sandbox/lib/python3.9/site-packages/airflow/example_dags/example_branch_python_dop_operator_3.py took 0.136 seconds
[2022-06-17 17:13:16,942] {processor.py:153} INFO - Started process (PID=135541) to work on /home/uiliam/sandbox/lib/python3.9/site-packages/airflow/example_dags/example_branch_python_dop_operator_3.py
[2022-06-17 17:13:16,942] {processor.py:641} INFO - Processing file /home/uiliam/sandbox/lib/python3.9/site-packages/airflow/example_dags/example_branch_python_dop_operator_3.py for tasks to queue
[2022-06-17 17:13:16,943] {logging_mixin.py:115} INFO - [2022-06-17 17:13:16,943] {dagbag.py:507} INFO - Filling up the DagBag from /home/uiliam/sandbox/lib/python3.9/site-packages/airflow/example_dags/example_branch_python_dop_operator_3.py
[2022-06-17 17:13:16,955] {processor.py:651} INFO - DAG(s) dict_keys(['example_branch_dop_operator_v3']) retrieved from /home/uiliam/sandbox/lib/python3.9/site-packages/airflow/example_dags/example_branch_python_dop_operator_3.py
[2022-06-17 17:13:16,987] {logging_mixin.py:115} INFO - [2022-06-17 17:13:16,987] {dag.py:2379} INFO - Sync 1 DAGs
[2022-06-17 17:13:17,037] {logging_mixin.py:115} INFO - [2022-06-17 17:13:17,037] {dag.py:2927} INFO - Setting next_dagrun for example_branch_dop_operator_v3 to 2022-06-17T20:12:00+00:00, run_after=2022-06-17T20:13:00+00:00
[2022-06-17 17:13:17,056] {processor.py:161} INFO - Processing /home/uiliam/sandbox/lib/python3.9/site-packages/airflow/example_dags/example_branch_python_dop_operator_3.py took 0.119 seconds
[2022-06-17 17:13:48,087] {processor.py:153} INFO - Started process (PID=135845) to work on /home/uiliam/sandbox/lib/python3.9/site-packages/airflow/example_dags/example_branch_python_dop_operator_3.py
[2022-06-17 17:13:48,088] {processor.py:641} INFO - Processing file /home/uiliam/sandbox/lib/python3.9/site-packages/airflow/example_dags/example_branch_python_dop_operator_3.py for tasks to queue
[2022-06-17 17:13:48,088] {logging_mixin.py:115} INFO - [2022-06-17 17:13:48,088] {dagbag.py:507} INFO - Filling up the DagBag from /home/uiliam/sandbox/lib/python3.9/site-packages/airflow/example_dags/example_branch_python_dop_operator_3.py
[2022-06-17 17:13:48,105] {processor.py:651} INFO - DAG(s) dict_keys(['example_branch_dop_operator_v3']) retrieved from /home/uiliam/sandbox/lib/python3.9/site-packages/airflow/example_dags/example_branch_python_dop_operator_3.py
[2022-06-17 17:13:48,141] {logging_mixin.py:115} INFO - [2022-06-17 17:13:48,141] {dag.py:2379} INFO - Sync 1 DAGs
[2022-06-17 17:13:48,194] {logging_mixin.py:115} INFO - [2022-06-17 17:13:48,194] {dag.py:2927} INFO - Setting next_dagrun for example_branch_dop_operator_v3 to 2022-06-17T20:12:00+00:00, run_after=2022-06-17T20:13:00+00:00
[2022-06-17 17:13:48,212] {processor.py:161} INFO - Processing /home/uiliam/sandbox/lib/python3.9/site-packages/airflow/example_dags/example_branch_python_dop_operator_3.py took 0.130 seconds
[2022-06-17 17:14:19,524] {processor.py:153} INFO - Started process (PID=136134) to work on /home/uiliam/sandbox/lib/python3.9/site-packages/airflow/example_dags/example_branch_python_dop_operator_3.py
[2022-06-17 17:14:19,525] {processor.py:641} INFO - Processing file /home/uiliam/sandbox/lib/python3.9/site-packages/airflow/example_dags/example_branch_python_dop_operator_3.py for tasks to queue
[2022-06-17 17:14:19,525] {logging_mixin.py:115} INFO - [2022-06-17 17:14:19,525] {dagbag.py:507} INFO - Filling up the DagBag from /home/uiliam/sandbox/lib/python3.9/site-packages/airflow/example_dags/example_branch_python_dop_operator_3.py
[2022-06-17 17:14:19,539] {processor.py:651} INFO - DAG(s) dict_keys(['example_branch_dop_operator_v3']) retrieved from /home/uiliam/sandbox/lib/python3.9/site-packages/airflow/example_dags/example_branch_python_dop_operator_3.py
[2022-06-17 17:14:19,575] {logging_mixin.py:115} INFO - [2022-06-17 17:14:19,574] {dag.py:2379} INFO - Sync 1 DAGs
[2022-06-17 17:14:19,628] {logging_mixin.py:115} INFO - [2022-06-17 17:14:19,628] {dag.py:2927} INFO - Setting next_dagrun for example_branch_dop_operator_v3 to 2022-06-17T20:13:00+00:00, run_after=2022-06-17T20:14:00+00:00
[2022-06-17 17:14:19,648] {processor.py:161} INFO - Processing /home/uiliam/sandbox/lib/python3.9/site-packages/airflow/example_dags/example_branch_python_dop_operator_3.py took 0.129 seconds
[2022-06-17 17:14:50,904] {processor.py:153} INFO - Started process (PID=136488) to work on /home/uiliam/sandbox/lib/python3.9/site-packages/airflow/example_dags/example_branch_python_dop_operator_3.py
[2022-06-17 17:14:50,905] {processor.py:641} INFO - Processing file /home/uiliam/sandbox/lib/python3.9/site-packages/airflow/example_dags/example_branch_python_dop_operator_3.py for tasks to queue
[2022-06-17 17:14:50,906] {logging_mixin.py:115} INFO - [2022-06-17 17:14:50,906] {dagbag.py:507} INFO - Filling up the DagBag from /home/uiliam/sandbox/lib/python3.9/site-packages/airflow/example_dags/example_branch_python_dop_operator_3.py
[2022-06-17 17:14:50,921] {processor.py:651} INFO - DAG(s) dict_keys(['example_branch_dop_operator_v3']) retrieved from /home/uiliam/sandbox/lib/python3.9/site-packages/airflow/example_dags/example_branch_python_dop_operator_3.py
[2022-06-17 17:14:50,951] {logging_mixin.py:115} INFO - [2022-06-17 17:14:50,951] {dag.py:2379} INFO - Sync 1 DAGs
[2022-06-17 17:14:51,000] {logging_mixin.py:115} INFO - [2022-06-17 17:14:50,999] {dag.py:2927} INFO - Setting next_dagrun for example_branch_dop_operator_v3 to 2022-06-17T20:13:00+00:00, run_after=2022-06-17T20:14:00+00:00
[2022-06-17 17:14:51,018] {processor.py:161} INFO - Processing /home/uiliam/sandbox/lib/python3.9/site-packages/airflow/example_dags/example_branch_python_dop_operator_3.py took 0.120 seconds
[2022-06-17 17:15:21,982] {processor.py:153} INFO - Started process (PID=136742) to work on /home/uiliam/sandbox/lib/python3.9/site-packages/airflow/example_dags/example_branch_python_dop_operator_3.py
[2022-06-17 17:15:21,982] {processor.py:641} INFO - Processing file /home/uiliam/sandbox/lib/python3.9/site-packages/airflow/example_dags/example_branch_python_dop_operator_3.py for tasks to queue
[2022-06-17 17:15:21,983] {logging_mixin.py:115} INFO - [2022-06-17 17:15:21,983] {dagbag.py:507} INFO - Filling up the DagBag from /home/uiliam/sandbox/lib/python3.9/site-packages/airflow/example_dags/example_branch_python_dop_operator_3.py
[2022-06-17 17:15:21,996] {processor.py:651} INFO - DAG(s) dict_keys(['example_branch_dop_operator_v3']) retrieved from /home/uiliam/sandbox/lib/python3.9/site-packages/airflow/example_dags/example_branch_python_dop_operator_3.py
[2022-06-17 17:15:22,030] {logging_mixin.py:115} INFO - [2022-06-17 17:15:22,030] {dag.py:2379} INFO - Sync 1 DAGs
[2022-06-17 17:15:22,082] {logging_mixin.py:115} INFO - [2022-06-17 17:15:22,081] {dag.py:2927} INFO - Setting next_dagrun for example_branch_dop_operator_v3 to 2022-06-17T20:14:00+00:00, run_after=2022-06-17T20:15:00+00:00
[2022-06-17 17:15:22,102] {processor.py:161} INFO - Processing /home/uiliam/sandbox/lib/python3.9/site-packages/airflow/example_dags/example_branch_python_dop_operator_3.py took 0.126 seconds
[2022-06-17 17:15:52,805] {processor.py:153} INFO - Started process (PID=136903) to work on /home/uiliam/sandbox/lib/python3.9/site-packages/airflow/example_dags/example_branch_python_dop_operator_3.py
[2022-06-17 17:15:52,806] {processor.py:641} INFO - Processing file /home/uiliam/sandbox/lib/python3.9/site-packages/airflow/example_dags/example_branch_python_dop_operator_3.py for tasks to queue
[2022-06-17 17:15:52,807] {logging_mixin.py:115} INFO - [2022-06-17 17:15:52,806] {dagbag.py:507} INFO - Filling up the DagBag from /home/uiliam/sandbox/lib/python3.9/site-packages/airflow/example_dags/example_branch_python_dop_operator_3.py
[2022-06-17 17:15:52,824] {processor.py:651} INFO - DAG(s) dict_keys(['example_branch_dop_operator_v3']) retrieved from /home/uiliam/sandbox/lib/python3.9/site-packages/airflow/example_dags/example_branch_python_dop_operator_3.py
[2022-06-17 17:15:52,860] {logging_mixin.py:115} INFO - [2022-06-17 17:15:52,860] {dag.py:2379} INFO - Sync 1 DAGs
[2022-06-17 17:15:52,909] {logging_mixin.py:115} INFO - [2022-06-17 17:15:52,909] {dag.py:2927} INFO - Setting next_dagrun for example_branch_dop_operator_v3 to 2022-06-17T20:14:00+00:00, run_after=2022-06-17T20:15:00+00:00
[2022-06-17 17:15:52,929] {processor.py:161} INFO - Processing /home/uiliam/sandbox/lib/python3.9/site-packages/airflow/example_dags/example_branch_python_dop_operator_3.py took 0.129 seconds
[2022-06-17 17:16:23,983] {processor.py:153} INFO - Started process (PID=137108) to work on /home/uiliam/sandbox/lib/python3.9/site-packages/airflow/example_dags/example_branch_python_dop_operator_3.py
[2022-06-17 17:16:23,983] {processor.py:641} INFO - Processing file /home/uiliam/sandbox/lib/python3.9/site-packages/airflow/example_dags/example_branch_python_dop_operator_3.py for tasks to queue
[2022-06-17 17:16:23,984] {logging_mixin.py:115} INFO - [2022-06-17 17:16:23,984] {dagbag.py:507} INFO - Filling up the DagBag from /home/uiliam/sandbox/lib/python3.9/site-packages/airflow/example_dags/example_branch_python_dop_operator_3.py
[2022-06-17 17:16:23,997] {processor.py:651} INFO - DAG(s) dict_keys(['example_branch_dop_operator_v3']) retrieved from /home/uiliam/sandbox/lib/python3.9/site-packages/airflow/example_dags/example_branch_python_dop_operator_3.py
[2022-06-17 17:16:24,033] {logging_mixin.py:115} INFO - [2022-06-17 17:16:24,033] {dag.py:2379} INFO - Sync 1 DAGs
[2022-06-17 17:16:24,083] {logging_mixin.py:115} INFO - [2022-06-17 17:16:24,083] {dag.py:2927} INFO - Setting next_dagrun for example_branch_dop_operator_v3 to 2022-06-17T20:15:00+00:00, run_after=2022-06-17T20:16:00+00:00
[2022-06-17 17:16:24,117] {processor.py:161} INFO - Processing /home/uiliam/sandbox/lib/python3.9/site-packages/airflow/example_dags/example_branch_python_dop_operator_3.py took 0.140 seconds
[2022-06-17 17:16:55,072] {processor.py:153} INFO - Started process (PID=137333) to work on /home/uiliam/sandbox/lib/python3.9/site-packages/airflow/example_dags/example_branch_python_dop_operator_3.py
[2022-06-17 17:16:55,073] {processor.py:641} INFO - Processing file /home/uiliam/sandbox/lib/python3.9/site-packages/airflow/example_dags/example_branch_python_dop_operator_3.py for tasks to queue
[2022-06-17 17:16:55,074] {logging_mixin.py:115} INFO - [2022-06-17 17:16:55,074] {dagbag.py:507} INFO - Filling up the DagBag from /home/uiliam/sandbox/lib/python3.9/site-packages/airflow/example_dags/example_branch_python_dop_operator_3.py
[2022-06-17 17:16:55,087] {processor.py:651} INFO - DAG(s) dict_keys(['example_branch_dop_operator_v3']) retrieved from /home/uiliam/sandbox/lib/python3.9/site-packages/airflow/example_dags/example_branch_python_dop_operator_3.py
[2022-06-17 17:16:55,119] {logging_mixin.py:115} INFO - [2022-06-17 17:16:55,119] {dag.py:2379} INFO - Sync 1 DAGs
[2022-06-17 17:16:55,163] {logging_mixin.py:115} INFO - [2022-06-17 17:16:55,163] {dag.py:2927} INFO - Setting next_dagrun for example_branch_dop_operator_v3 to 2022-06-17T20:15:00+00:00, run_after=2022-06-17T20:16:00+00:00
[2022-06-17 17:16:55,182] {processor.py:161} INFO - Processing /home/uiliam/sandbox/lib/python3.9/site-packages/airflow/example_dags/example_branch_python_dop_operator_3.py took 0.115 seconds
[2022-06-17 17:17:26,113] {processor.py:153} INFO - Started process (PID=137586) to work on /home/uiliam/sandbox/lib/python3.9/site-packages/airflow/example_dags/example_branch_python_dop_operator_3.py
[2022-06-17 17:17:26,114] {processor.py:641} INFO - Processing file /home/uiliam/sandbox/lib/python3.9/site-packages/airflow/example_dags/example_branch_python_dop_operator_3.py for tasks to queue
[2022-06-17 17:17:26,114] {logging_mixin.py:115} INFO - [2022-06-17 17:17:26,114] {dagbag.py:507} INFO - Filling up the DagBag from /home/uiliam/sandbox/lib/python3.9/site-packages/airflow/example_dags/example_branch_python_dop_operator_3.py
[2022-06-17 17:17:26,127] {processor.py:651} INFO - DAG(s) dict_keys(['example_branch_dop_operator_v3']) retrieved from /home/uiliam/sandbox/lib/python3.9/site-packages/airflow/example_dags/example_branch_python_dop_operator_3.py
[2022-06-17 17:17:26,164] {logging_mixin.py:115} INFO - [2022-06-17 17:17:26,164] {dag.py:2379} INFO - Sync 1 DAGs
[2022-06-17 17:17:26,229] {logging_mixin.py:115} INFO - [2022-06-17 17:17:26,229] {dag.py:2927} INFO - Setting next_dagrun for example_branch_dop_operator_v3 to 2022-06-17T20:16:00+00:00, run_after=2022-06-17T20:17:00+00:00
[2022-06-17 17:17:26,249] {processor.py:161} INFO - Processing /home/uiliam/sandbox/lib/python3.9/site-packages/airflow/example_dags/example_branch_python_dop_operator_3.py took 0.141 seconds
[2022-06-17 17:17:57,376] {processor.py:153} INFO - Started process (PID=137820) to work on /home/uiliam/sandbox/lib/python3.9/site-packages/airflow/example_dags/example_branch_python_dop_operator_3.py
[2022-06-17 17:17:57,376] {processor.py:641} INFO - Processing file /home/uiliam/sandbox/lib/python3.9/site-packages/airflow/example_dags/example_branch_python_dop_operator_3.py for tasks to queue
[2022-06-17 17:17:57,377] {logging_mixin.py:115} INFO - [2022-06-17 17:17:57,377] {dagbag.py:507} INFO - Filling up the DagBag from /home/uiliam/sandbox/lib/python3.9/site-packages/airflow/example_dags/example_branch_python_dop_operator_3.py
[2022-06-17 17:17:57,389] {processor.py:651} INFO - DAG(s) dict_keys(['example_branch_dop_operator_v3']) retrieved from /home/uiliam/sandbox/lib/python3.9/site-packages/airflow/example_dags/example_branch_python_dop_operator_3.py
[2022-06-17 17:17:57,419] {logging_mixin.py:115} INFO - [2022-06-17 17:17:57,418] {dag.py:2379} INFO - Sync 1 DAGs
[2022-06-17 17:17:57,475] {logging_mixin.py:115} INFO - [2022-06-17 17:17:57,475] {dag.py:2927} INFO - Setting next_dagrun for example_branch_dop_operator_v3 to 2022-06-17T20:16:00+00:00, run_after=2022-06-17T20:17:00+00:00
[2022-06-17 17:17:57,502] {processor.py:161} INFO - Processing /home/uiliam/sandbox/lib/python3.9/site-packages/airflow/example_dags/example_branch_python_dop_operator_3.py took 0.130 seconds
[2022-06-17 17:18:28,423] {processor.py:153} INFO - Started process (PID=138153) to work on /home/uiliam/sandbox/lib/python3.9/site-packages/airflow/example_dags/example_branch_python_dop_operator_3.py
[2022-06-17 17:18:28,424] {processor.py:641} INFO - Processing file /home/uiliam/sandbox/lib/python3.9/site-packages/airflow/example_dags/example_branch_python_dop_operator_3.py for tasks to queue
[2022-06-17 17:18:28,425] {logging_mixin.py:115} INFO - [2022-06-17 17:18:28,425] {dagbag.py:507} INFO - Filling up the DagBag from /home/uiliam/sandbox/lib/python3.9/site-packages/airflow/example_dags/example_branch_python_dop_operator_3.py
[2022-06-17 17:18:28,438] {processor.py:651} INFO - DAG(s) dict_keys(['example_branch_dop_operator_v3']) retrieved from /home/uiliam/sandbox/lib/python3.9/site-packages/airflow/example_dags/example_branch_python_dop_operator_3.py
[2022-06-17 17:18:28,467] {logging_mixin.py:115} INFO - [2022-06-17 17:18:28,467] {dag.py:2379} INFO - Sync 1 DAGs
[2022-06-17 17:18:28,513] {logging_mixin.py:115} INFO - [2022-06-17 17:18:28,513] {dag.py:2927} INFO - Setting next_dagrun for example_branch_dop_operator_v3 to 2022-06-17T20:17:00+00:00, run_after=2022-06-17T20:18:00+00:00
[2022-06-17 17:18:28,533] {processor.py:161} INFO - Processing /home/uiliam/sandbox/lib/python3.9/site-packages/airflow/example_dags/example_branch_python_dop_operator_3.py took 0.114 seconds
[2022-06-17 17:18:59,633] {processor.py:153} INFO - Started process (PID=138388) to work on /home/uiliam/sandbox/lib/python3.9/site-packages/airflow/example_dags/example_branch_python_dop_operator_3.py
[2022-06-17 17:18:59,634] {processor.py:641} INFO - Processing file /home/uiliam/sandbox/lib/python3.9/site-packages/airflow/example_dags/example_branch_python_dop_operator_3.py for tasks to queue
[2022-06-17 17:18:59,635] {logging_mixin.py:115} INFO - [2022-06-17 17:18:59,635] {dagbag.py:507} INFO - Filling up the DagBag from /home/uiliam/sandbox/lib/python3.9/site-packages/airflow/example_dags/example_branch_python_dop_operator_3.py
[2022-06-17 17:18:59,653] {processor.py:651} INFO - DAG(s) dict_keys(['example_branch_dop_operator_v3']) retrieved from /home/uiliam/sandbox/lib/python3.9/site-packages/airflow/example_dags/example_branch_python_dop_operator_3.py
[2022-06-17 17:18:59,689] {logging_mixin.py:115} INFO - [2022-06-17 17:18:59,689] {dag.py:2379} INFO - Sync 1 DAGs
[2022-06-17 17:18:59,734] {logging_mixin.py:115} INFO - [2022-06-17 17:18:59,734] {dag.py:2927} INFO - Setting next_dagrun for example_branch_dop_operator_v3 to 2022-06-17T20:17:00+00:00, run_after=2022-06-17T20:18:00+00:00
[2022-06-17 17:18:59,760] {processor.py:161} INFO - Processing /home/uiliam/sandbox/lib/python3.9/site-packages/airflow/example_dags/example_branch_python_dop_operator_3.py took 0.133 seconds
[2022-06-17 17:19:30,590] {processor.py:153} INFO - Started process (PID=138650) to work on /home/uiliam/sandbox/lib/python3.9/site-packages/airflow/example_dags/example_branch_python_dop_operator_3.py
[2022-06-17 17:19:30,591] {processor.py:641} INFO - Processing file /home/uiliam/sandbox/lib/python3.9/site-packages/airflow/example_dags/example_branch_python_dop_operator_3.py for tasks to queue
[2022-06-17 17:19:30,592] {logging_mixin.py:115} INFO - [2022-06-17 17:19:30,592] {dagbag.py:507} INFO - Filling up the DagBag from /home/uiliam/sandbox/lib/python3.9/site-packages/airflow/example_dags/example_branch_python_dop_operator_3.py
[2022-06-17 17:19:30,605] {processor.py:651} INFO - DAG(s) dict_keys(['example_branch_dop_operator_v3']) retrieved from /home/uiliam/sandbox/lib/python3.9/site-packages/airflow/example_dags/example_branch_python_dop_operator_3.py
[2022-06-17 17:19:30,639] {logging_mixin.py:115} INFO - [2022-06-17 17:19:30,639] {dag.py:2379} INFO - Sync 1 DAGs
[2022-06-17 17:19:30,693] {logging_mixin.py:115} INFO - [2022-06-17 17:19:30,693] {dag.py:2927} INFO - Setting next_dagrun for example_branch_dop_operator_v3 to 2022-06-17T20:18:00+00:00, run_after=2022-06-17T20:19:00+00:00
[2022-06-17 17:19:30,715] {processor.py:161} INFO - Processing /home/uiliam/sandbox/lib/python3.9/site-packages/airflow/example_dags/example_branch_python_dop_operator_3.py took 0.131 seconds
[2022-06-17 17:20:01,725] {processor.py:153} INFO - Started process (PID=138900) to work on /home/uiliam/sandbox/lib/python3.9/site-packages/airflow/example_dags/example_branch_python_dop_operator_3.py
[2022-06-17 17:20:01,726] {processor.py:641} INFO - Processing file /home/uiliam/sandbox/lib/python3.9/site-packages/airflow/example_dags/example_branch_python_dop_operator_3.py for tasks to queue
[2022-06-17 17:20:01,727] {logging_mixin.py:115} INFO - [2022-06-17 17:20:01,727] {dagbag.py:507} INFO - Filling up the DagBag from /home/uiliam/sandbox/lib/python3.9/site-packages/airflow/example_dags/example_branch_python_dop_operator_3.py
[2022-06-17 17:20:01,747] {processor.py:651} INFO - DAG(s) dict_keys(['example_branch_dop_operator_v3']) retrieved from /home/uiliam/sandbox/lib/python3.9/site-packages/airflow/example_dags/example_branch_python_dop_operator_3.py
[2022-06-17 17:20:01,798] {logging_mixin.py:115} INFO - [2022-06-17 17:20:01,798] {dag.py:2379} INFO - Sync 1 DAGs
[2022-06-17 17:20:01,862] {logging_mixin.py:115} INFO - [2022-06-17 17:20:01,862] {dag.py:2927} INFO - Setting next_dagrun for example_branch_dop_operator_v3 to 2022-06-17T20:19:00+00:00, run_after=2022-06-17T20:20:00+00:00
[2022-06-17 17:20:01,891] {processor.py:161} INFO - Processing /home/uiliam/sandbox/lib/python3.9/site-packages/airflow/example_dags/example_branch_python_dop_operator_3.py took 0.174 seconds
[2022-06-17 17:20:32,814] {processor.py:153} INFO - Started process (PID=139225) to work on /home/uiliam/sandbox/lib/python3.9/site-packages/airflow/example_dags/example_branch_python_dop_operator_3.py
[2022-06-17 17:20:32,814] {processor.py:641} INFO - Processing file /home/uiliam/sandbox/lib/python3.9/site-packages/airflow/example_dags/example_branch_python_dop_operator_3.py for tasks to queue
[2022-06-17 17:20:32,815] {logging_mixin.py:115} INFO - [2022-06-17 17:20:32,815] {dagbag.py:507} INFO - Filling up the DagBag from /home/uiliam/sandbox/lib/python3.9/site-packages/airflow/example_dags/example_branch_python_dop_operator_3.py
[2022-06-17 17:20:32,836] {processor.py:651} INFO - DAG(s) dict_keys(['example_branch_dop_operator_v3']) retrieved from /home/uiliam/sandbox/lib/python3.9/site-packages/airflow/example_dags/example_branch_python_dop_operator_3.py
[2022-06-17 17:20:32,881] {logging_mixin.py:115} INFO - [2022-06-17 17:20:32,881] {dag.py:2379} INFO - Sync 1 DAGs
[2022-06-17 17:20:32,934] {logging_mixin.py:115} INFO - [2022-06-17 17:20:32,934] {dag.py:2927} INFO - Setting next_dagrun for example_branch_dop_operator_v3 to 2022-06-17T20:19:00+00:00, run_after=2022-06-17T20:20:00+00:00
[2022-06-17 17:20:32,952] {processor.py:161} INFO - Processing /home/uiliam/sandbox/lib/python3.9/site-packages/airflow/example_dags/example_branch_python_dop_operator_3.py took 0.144 seconds
[2022-06-17 17:21:03,794] {processor.py:153} INFO - Started process (PID=139431) to work on /home/uiliam/sandbox/lib/python3.9/site-packages/airflow/example_dags/example_branch_python_dop_operator_3.py
[2022-06-17 17:21:03,795] {processor.py:641} INFO - Processing file /home/uiliam/sandbox/lib/python3.9/site-packages/airflow/example_dags/example_branch_python_dop_operator_3.py for tasks to queue
[2022-06-17 17:21:03,796] {logging_mixin.py:115} INFO - [2022-06-17 17:21:03,796] {dagbag.py:507} INFO - Filling up the DagBag from /home/uiliam/sandbox/lib/python3.9/site-packages/airflow/example_dags/example_branch_python_dop_operator_3.py
[2022-06-17 17:21:03,816] {processor.py:651} INFO - DAG(s) dict_keys(['example_branch_dop_operator_v3']) retrieved from /home/uiliam/sandbox/lib/python3.9/site-packages/airflow/example_dags/example_branch_python_dop_operator_3.py
[2022-06-17 17:21:03,856] {logging_mixin.py:115} INFO - [2022-06-17 17:21:03,856] {dag.py:2379} INFO - Sync 1 DAGs
[2022-06-17 17:21:03,920] {logging_mixin.py:115} INFO - [2022-06-17 17:21:03,920] {dag.py:2927} INFO - Setting next_dagrun for example_branch_dop_operator_v3 to 2022-06-17T20:20:00+00:00, run_after=2022-06-17T20:21:00+00:00
[2022-06-17 17:21:03,945] {processor.py:161} INFO - Processing /home/uiliam/sandbox/lib/python3.9/site-packages/airflow/example_dags/example_branch_python_dop_operator_3.py took 0.158 seconds
[2022-06-17 17:21:34,984] {processor.py:153} INFO - Started process (PID=139690) to work on /home/uiliam/sandbox/lib/python3.9/site-packages/airflow/example_dags/example_branch_python_dop_operator_3.py
[2022-06-17 17:21:34,984] {processor.py:641} INFO - Processing file /home/uiliam/sandbox/lib/python3.9/site-packages/airflow/example_dags/example_branch_python_dop_operator_3.py for tasks to queue
[2022-06-17 17:21:34,985] {logging_mixin.py:115} INFO - [2022-06-17 17:21:34,985] {dagbag.py:507} INFO - Filling up the DagBag from /home/uiliam/sandbox/lib/python3.9/site-packages/airflow/example_dags/example_branch_python_dop_operator_3.py
[2022-06-17 17:21:34,999] {processor.py:651} INFO - DAG(s) dict_keys(['example_branch_dop_operator_v3']) retrieved from /home/uiliam/sandbox/lib/python3.9/site-packages/airflow/example_dags/example_branch_python_dop_operator_3.py
[2022-06-17 17:21:35,033] {logging_mixin.py:115} INFO - [2022-06-17 17:21:35,033] {dag.py:2379} INFO - Sync 1 DAGs
[2022-06-17 17:21:35,081] {logging_mixin.py:115} INFO - [2022-06-17 17:21:35,080] {dag.py:2927} INFO - Setting next_dagrun for example_branch_dop_operator_v3 to 2022-06-17T20:20:00+00:00, run_after=2022-06-17T20:21:00+00:00
[2022-06-17 17:21:35,101] {processor.py:161} INFO - Processing /home/uiliam/sandbox/lib/python3.9/site-packages/airflow/example_dags/example_branch_python_dop_operator_3.py took 0.122 seconds
[2022-06-17 17:22:05,939] {processor.py:153} INFO - Started process (PID=139944) to work on /home/uiliam/sandbox/lib/python3.9/site-packages/airflow/example_dags/example_branch_python_dop_operator_3.py
[2022-06-17 17:22:05,940] {processor.py:641} INFO - Processing file /home/uiliam/sandbox/lib/python3.9/site-packages/airflow/example_dags/example_branch_python_dop_operator_3.py for tasks to queue
[2022-06-17 17:22:05,941] {logging_mixin.py:115} INFO - [2022-06-17 17:22:05,941] {dagbag.py:507} INFO - Filling up the DagBag from /home/uiliam/sandbox/lib/python3.9/site-packages/airflow/example_dags/example_branch_python_dop_operator_3.py
[2022-06-17 17:22:05,960] {processor.py:651} INFO - DAG(s) dict_keys(['example_branch_dop_operator_v3']) retrieved from /home/uiliam/sandbox/lib/python3.9/site-packages/airflow/example_dags/example_branch_python_dop_operator_3.py
[2022-06-17 17:22:05,993] {logging_mixin.py:115} INFO - [2022-06-17 17:22:05,993] {dag.py:2379} INFO - Sync 1 DAGs
[2022-06-17 17:22:06,039] {logging_mixin.py:115} INFO - [2022-06-17 17:22:06,039] {dag.py:2927} INFO - Setting next_dagrun for example_branch_dop_operator_v3 to 2022-06-17T20:21:00+00:00, run_after=2022-06-17T20:22:00+00:00
[2022-06-17 17:22:06,061] {processor.py:161} INFO - Processing /home/uiliam/sandbox/lib/python3.9/site-packages/airflow/example_dags/example_branch_python_dop_operator_3.py took 0.128 seconds
[2022-06-17 17:22:36,964] {processor.py:153} INFO - Started process (PID=140196) to work on /home/uiliam/sandbox/lib/python3.9/site-packages/airflow/example_dags/example_branch_python_dop_operator_3.py
[2022-06-17 17:22:36,965] {processor.py:641} INFO - Processing file /home/uiliam/sandbox/lib/python3.9/site-packages/airflow/example_dags/example_branch_python_dop_operator_3.py for tasks to queue
[2022-06-17 17:22:36,965] {logging_mixin.py:115} INFO - [2022-06-17 17:22:36,965] {dagbag.py:507} INFO - Filling up the DagBag from /home/uiliam/sandbox/lib/python3.9/site-packages/airflow/example_dags/example_branch_python_dop_operator_3.py
[2022-06-17 17:22:36,979] {processor.py:651} INFO - DAG(s) dict_keys(['example_branch_dop_operator_v3']) retrieved from /home/uiliam/sandbox/lib/python3.9/site-packages/airflow/example_dags/example_branch_python_dop_operator_3.py
[2022-06-17 17:22:37,011] {logging_mixin.py:115} INFO - [2022-06-17 17:22:37,010] {dag.py:2379} INFO - Sync 1 DAGs
[2022-06-17 17:22:37,053] {logging_mixin.py:115} INFO - [2022-06-17 17:22:37,053] {dag.py:2927} INFO - Setting next_dagrun for example_branch_dop_operator_v3 to 2022-06-17T20:21:00+00:00, run_after=2022-06-17T20:22:00+00:00
[2022-06-17 17:22:37,071] {processor.py:161} INFO - Processing /home/uiliam/sandbox/lib/python3.9/site-packages/airflow/example_dags/example_branch_python_dop_operator_3.py took 0.112 seconds
[2022-06-17 17:23:08,147] {processor.py:153} INFO - Started process (PID=140433) to work on /home/uiliam/sandbox/lib/python3.9/site-packages/airflow/example_dags/example_branch_python_dop_operator_3.py
[2022-06-17 17:23:08,148] {processor.py:641} INFO - Processing file /home/uiliam/sandbox/lib/python3.9/site-packages/airflow/example_dags/example_branch_python_dop_operator_3.py for tasks to queue
[2022-06-17 17:23:08,149] {logging_mixin.py:115} INFO - [2022-06-17 17:23:08,149] {dagbag.py:507} INFO - Filling up the DagBag from /home/uiliam/sandbox/lib/python3.9/site-packages/airflow/example_dags/example_branch_python_dop_operator_3.py
[2022-06-17 17:23:08,163] {processor.py:651} INFO - DAG(s) dict_keys(['example_branch_dop_operator_v3']) retrieved from /home/uiliam/sandbox/lib/python3.9/site-packages/airflow/example_dags/example_branch_python_dop_operator_3.py
[2022-06-17 17:23:08,197] {logging_mixin.py:115} INFO - [2022-06-17 17:23:08,197] {dag.py:2379} INFO - Sync 1 DAGs
[2022-06-17 17:23:08,245] {logging_mixin.py:115} INFO - [2022-06-17 17:23:08,245] {dag.py:2927} INFO - Setting next_dagrun for example_branch_dop_operator_v3 to 2022-06-17T20:22:00+00:00, run_after=2022-06-17T20:23:00+00:00
[2022-06-17 17:23:08,264] {processor.py:161} INFO - Processing /home/uiliam/sandbox/lib/python3.9/site-packages/airflow/example_dags/example_branch_python_dop_operator_3.py took 0.121 seconds
[2022-06-17 17:23:39,519] {processor.py:153} INFO - Started process (PID=140675) to work on /home/uiliam/sandbox/lib/python3.9/site-packages/airflow/example_dags/example_branch_python_dop_operator_3.py
[2022-06-17 17:23:39,519] {processor.py:641} INFO - Processing file /home/uiliam/sandbox/lib/python3.9/site-packages/airflow/example_dags/example_branch_python_dop_operator_3.py for tasks to queue
[2022-06-17 17:23:39,520] {logging_mixin.py:115} INFO - [2022-06-17 17:23:39,520] {dagbag.py:507} INFO - Filling up the DagBag from /home/uiliam/sandbox/lib/python3.9/site-packages/airflow/example_dags/example_branch_python_dop_operator_3.py
[2022-06-17 17:23:39,533] {processor.py:651} INFO - DAG(s) dict_keys(['example_branch_dop_operator_v3']) retrieved from /home/uiliam/sandbox/lib/python3.9/site-packages/airflow/example_dags/example_branch_python_dop_operator_3.py
[2022-06-17 17:23:39,563] {logging_mixin.py:115} INFO - [2022-06-17 17:23:39,563] {dag.py:2379} INFO - Sync 1 DAGs
[2022-06-17 17:23:39,611] {logging_mixin.py:115} INFO - [2022-06-17 17:23:39,611] {dag.py:2927} INFO - Setting next_dagrun for example_branch_dop_operator_v3 to 2022-06-17T20:22:00+00:00, run_after=2022-06-17T20:23:00+00:00
[2022-06-17 17:23:39,631] {processor.py:161} INFO - Processing /home/uiliam/sandbox/lib/python3.9/site-packages/airflow/example_dags/example_branch_python_dop_operator_3.py took 0.117 seconds
[2022-06-17 17:24:10,703] {processor.py:153} INFO - Started process (PID=140828) to work on /home/uiliam/sandbox/lib/python3.9/site-packages/airflow/example_dags/example_branch_python_dop_operator_3.py
[2022-06-17 17:24:10,704] {processor.py:641} INFO - Processing file /home/uiliam/sandbox/lib/python3.9/site-packages/airflow/example_dags/example_branch_python_dop_operator_3.py for tasks to queue
[2022-06-17 17:24:10,705] {logging_mixin.py:115} INFO - [2022-06-17 17:24:10,705] {dagbag.py:507} INFO - Filling up the DagBag from /home/uiliam/sandbox/lib/python3.9/site-packages/airflow/example_dags/example_branch_python_dop_operator_3.py
[2022-06-17 17:24:10,725] {processor.py:651} INFO - DAG(s) dict_keys(['example_branch_dop_operator_v3']) retrieved from /home/uiliam/sandbox/lib/python3.9/site-packages/airflow/example_dags/example_branch_python_dop_operator_3.py
[2022-06-17 17:24:10,764] {logging_mixin.py:115} INFO - [2022-06-17 17:24:10,764] {dag.py:2379} INFO - Sync 1 DAGs
[2022-06-17 17:24:10,823] {logging_mixin.py:115} INFO - [2022-06-17 17:24:10,823] {dag.py:2927} INFO - Setting next_dagrun for example_branch_dop_operator_v3 to 2022-06-17T20:23:00+00:00, run_after=2022-06-17T20:24:00+00:00
[2022-06-17 17:24:10,846] {processor.py:161} INFO - Processing /home/uiliam/sandbox/lib/python3.9/site-packages/airflow/example_dags/example_branch_python_dop_operator_3.py took 0.150 seconds
[2022-06-17 17:24:41,935] {processor.py:153} INFO - Started process (PID=141154) to work on /home/uiliam/sandbox/lib/python3.9/site-packages/airflow/example_dags/example_branch_python_dop_operator_3.py
[2022-06-17 17:24:41,935] {processor.py:641} INFO - Processing file /home/uiliam/sandbox/lib/python3.9/site-packages/airflow/example_dags/example_branch_python_dop_operator_3.py for tasks to queue
[2022-06-17 17:24:41,936] {logging_mixin.py:115} INFO - [2022-06-17 17:24:41,936] {dagbag.py:507} INFO - Filling up the DagBag from /home/uiliam/sandbox/lib/python3.9/site-packages/airflow/example_dags/example_branch_python_dop_operator_3.py
[2022-06-17 17:24:41,948] {processor.py:651} INFO - DAG(s) dict_keys(['example_branch_dop_operator_v3']) retrieved from /home/uiliam/sandbox/lib/python3.9/site-packages/airflow/example_dags/example_branch_python_dop_operator_3.py
[2022-06-17 17:24:41,981] {logging_mixin.py:115} INFO - [2022-06-17 17:24:41,981] {dag.py:2379} INFO - Sync 1 DAGs
[2022-06-17 17:24:42,026] {logging_mixin.py:115} INFO - [2022-06-17 17:24:42,026] {dag.py:2927} INFO - Setting next_dagrun for example_branch_dop_operator_v3 to 2022-06-17T20:23:00+00:00, run_after=2022-06-17T20:24:00+00:00
[2022-06-17 17:24:42,046] {processor.py:161} INFO - Processing /home/uiliam/sandbox/lib/python3.9/site-packages/airflow/example_dags/example_branch_python_dop_operator_3.py took 0.116 seconds
[2022-06-17 17:25:13,182] {processor.py:153} INFO - Started process (PID=141344) to work on /home/uiliam/sandbox/lib/python3.9/site-packages/airflow/example_dags/example_branch_python_dop_operator_3.py
[2022-06-17 17:25:13,183] {processor.py:641} INFO - Processing file /home/uiliam/sandbox/lib/python3.9/site-packages/airflow/example_dags/example_branch_python_dop_operator_3.py for tasks to queue
[2022-06-17 17:25:13,184] {logging_mixin.py:115} INFO - [2022-06-17 17:25:13,183] {dagbag.py:507} INFO - Filling up the DagBag from /home/uiliam/sandbox/lib/python3.9/site-packages/airflow/example_dags/example_branch_python_dop_operator_3.py
[2022-06-17 17:25:13,196] {processor.py:651} INFO - DAG(s) dict_keys(['example_branch_dop_operator_v3']) retrieved from /home/uiliam/sandbox/lib/python3.9/site-packages/airflow/example_dags/example_branch_python_dop_operator_3.py
[2022-06-17 17:25:13,228] {logging_mixin.py:115} INFO - [2022-06-17 17:25:13,228] {dag.py:2379} INFO - Sync 1 DAGs
[2022-06-17 17:25:13,274] {logging_mixin.py:115} INFO - [2022-06-17 17:25:13,273] {dag.py:2927} INFO - Setting next_dagrun for example_branch_dop_operator_v3 to 2022-06-17T20:24:00+00:00, run_after=2022-06-17T20:25:00+00:00
[2022-06-17 17:25:13,291] {processor.py:161} INFO - Processing /home/uiliam/sandbox/lib/python3.9/site-packages/airflow/example_dags/example_branch_python_dop_operator_3.py took 0.112 seconds
[2022-06-17 17:25:44,586] {processor.py:153} INFO - Started process (PID=141557) to work on /home/uiliam/sandbox/lib/python3.9/site-packages/airflow/example_dags/example_branch_python_dop_operator_3.py
[2022-06-17 17:25:44,587] {processor.py:641} INFO - Processing file /home/uiliam/sandbox/lib/python3.9/site-packages/airflow/example_dags/example_branch_python_dop_operator_3.py for tasks to queue
[2022-06-17 17:25:44,589] {logging_mixin.py:115} INFO - [2022-06-17 17:25:44,588] {dagbag.py:507} INFO - Filling up the DagBag from /home/uiliam/sandbox/lib/python3.9/site-packages/airflow/example_dags/example_branch_python_dop_operator_3.py
[2022-06-17 17:25:44,605] {processor.py:651} INFO - DAG(s) dict_keys(['example_branch_dop_operator_v3']) retrieved from /home/uiliam/sandbox/lib/python3.9/site-packages/airflow/example_dags/example_branch_python_dop_operator_3.py
[2022-06-17 17:25:44,644] {logging_mixin.py:115} INFO - [2022-06-17 17:25:44,643] {dag.py:2379} INFO - Sync 1 DAGs
[2022-06-17 17:25:44,699] {logging_mixin.py:115} INFO - [2022-06-17 17:25:44,698] {dag.py:2927} INFO - Setting next_dagrun for example_branch_dop_operator_v3 to 2022-06-17T20:24:00+00:00, run_after=2022-06-17T20:25:00+00:00
[2022-06-17 17:25:44,721] {processor.py:161} INFO - Processing /home/uiliam/sandbox/lib/python3.9/site-packages/airflow/example_dags/example_branch_python_dop_operator_3.py took 0.141 seconds
[2022-06-17 17:26:15,666] {processor.py:153} INFO - Started process (PID=141742) to work on /home/uiliam/sandbox/lib/python3.9/site-packages/airflow/example_dags/example_branch_python_dop_operator_3.py
[2022-06-17 17:26:15,667] {processor.py:641} INFO - Processing file /home/uiliam/sandbox/lib/python3.9/site-packages/airflow/example_dags/example_branch_python_dop_operator_3.py for tasks to queue
[2022-06-17 17:26:15,668] {logging_mixin.py:115} INFO - [2022-06-17 17:26:15,668] {dagbag.py:507} INFO - Filling up the DagBag from /home/uiliam/sandbox/lib/python3.9/site-packages/airflow/example_dags/example_branch_python_dop_operator_3.py
[2022-06-17 17:26:15,682] {processor.py:651} INFO - DAG(s) dict_keys(['example_branch_dop_operator_v3']) retrieved from /home/uiliam/sandbox/lib/python3.9/site-packages/airflow/example_dags/example_branch_python_dop_operator_3.py
[2022-06-17 17:26:15,715] {logging_mixin.py:115} INFO - [2022-06-17 17:26:15,714] {dag.py:2379} INFO - Sync 1 DAGs
[2022-06-17 17:26:15,765] {logging_mixin.py:115} INFO - [2022-06-17 17:26:15,764] {dag.py:2927} INFO - Setting next_dagrun for example_branch_dop_operator_v3 to 2022-06-17T20:25:00+00:00, run_after=2022-06-17T20:26:00+00:00
[2022-06-17 17:26:15,785] {processor.py:161} INFO - Processing /home/uiliam/sandbox/lib/python3.9/site-packages/airflow/example_dags/example_branch_python_dop_operator_3.py took 0.123 seconds
[2022-06-17 17:26:46,964] {processor.py:153} INFO - Started process (PID=141917) to work on /home/uiliam/sandbox/lib/python3.9/site-packages/airflow/example_dags/example_branch_python_dop_operator_3.py
[2022-06-17 17:26:46,965] {processor.py:641} INFO - Processing file /home/uiliam/sandbox/lib/python3.9/site-packages/airflow/example_dags/example_branch_python_dop_operator_3.py for tasks to queue
[2022-06-17 17:26:46,966] {logging_mixin.py:115} INFO - [2022-06-17 17:26:46,965] {dagbag.py:507} INFO - Filling up the DagBag from /home/uiliam/sandbox/lib/python3.9/site-packages/airflow/example_dags/example_branch_python_dop_operator_3.py
[2022-06-17 17:26:46,978] {processor.py:651} INFO - DAG(s) dict_keys(['example_branch_dop_operator_v3']) retrieved from /home/uiliam/sandbox/lib/python3.9/site-packages/airflow/example_dags/example_branch_python_dop_operator_3.py
[2022-06-17 17:26:47,015] {logging_mixin.py:115} INFO - [2022-06-17 17:26:47,014] {dag.py:2379} INFO - Sync 1 DAGs
[2022-06-17 17:26:47,062] {logging_mixin.py:115} INFO - [2022-06-17 17:26:47,061] {dag.py:2927} INFO - Setting next_dagrun for example_branch_dop_operator_v3 to 2022-06-17T20:25:00+00:00, run_after=2022-06-17T20:26:00+00:00
[2022-06-17 17:26:47,082] {processor.py:161} INFO - Processing /home/uiliam/sandbox/lib/python3.9/site-packages/airflow/example_dags/example_branch_python_dop_operator_3.py took 0.123 seconds
[2022-06-17 17:27:18,023] {processor.py:153} INFO - Started process (PID=142089) to work on /home/uiliam/sandbox/lib/python3.9/site-packages/airflow/example_dags/example_branch_python_dop_operator_3.py
[2022-06-17 17:27:18,024] {processor.py:641} INFO - Processing file /home/uiliam/sandbox/lib/python3.9/site-packages/airflow/example_dags/example_branch_python_dop_operator_3.py for tasks to queue
[2022-06-17 17:27:18,026] {logging_mixin.py:115} INFO - [2022-06-17 17:27:18,026] {dagbag.py:507} INFO - Filling up the DagBag from /home/uiliam/sandbox/lib/python3.9/site-packages/airflow/example_dags/example_branch_python_dop_operator_3.py
[2022-06-17 17:27:18,042] {processor.py:651} INFO - DAG(s) dict_keys(['example_branch_dop_operator_v3']) retrieved from /home/uiliam/sandbox/lib/python3.9/site-packages/airflow/example_dags/example_branch_python_dop_operator_3.py
[2022-06-17 17:27:18,078] {logging_mixin.py:115} INFO - [2022-06-17 17:27:18,077] {dag.py:2379} INFO - Sync 1 DAGs
[2022-06-17 17:27:18,121] {logging_mixin.py:115} INFO - [2022-06-17 17:27:18,120] {dag.py:2927} INFO - Setting next_dagrun for example_branch_dop_operator_v3 to 2022-06-17T20:26:00+00:00, run_after=2022-06-17T20:27:00+00:00
[2022-06-17 17:27:18,141] {processor.py:161} INFO - Processing /home/uiliam/sandbox/lib/python3.9/site-packages/airflow/example_dags/example_branch_python_dop_operator_3.py took 0.127 seconds
[2022-06-17 17:27:48,993] {processor.py:153} INFO - Started process (PID=142318) to work on /home/uiliam/sandbox/lib/python3.9/site-packages/airflow/example_dags/example_branch_python_dop_operator_3.py
[2022-06-17 17:27:48,994] {processor.py:641} INFO - Processing file /home/uiliam/sandbox/lib/python3.9/site-packages/airflow/example_dags/example_branch_python_dop_operator_3.py for tasks to queue
[2022-06-17 17:27:48,995] {logging_mixin.py:115} INFO - [2022-06-17 17:27:48,994] {dagbag.py:507} INFO - Filling up the DagBag from /home/uiliam/sandbox/lib/python3.9/site-packages/airflow/example_dags/example_branch_python_dop_operator_3.py
[2022-06-17 17:27:49,006] {processor.py:651} INFO - DAG(s) dict_keys(['example_branch_dop_operator_v3']) retrieved from /home/uiliam/sandbox/lib/python3.9/site-packages/airflow/example_dags/example_branch_python_dop_operator_3.py
[2022-06-17 17:27:49,036] {logging_mixin.py:115} INFO - [2022-06-17 17:27:49,036] {dag.py:2379} INFO - Sync 1 DAGs
[2022-06-17 17:27:49,079] {logging_mixin.py:115} INFO - [2022-06-17 17:27:49,079] {dag.py:2927} INFO - Setting next_dagrun for example_branch_dop_operator_v3 to 2022-06-17T20:26:00+00:00, run_after=2022-06-17T20:27:00+00:00
[2022-06-17 17:27:49,099] {processor.py:161} INFO - Processing /home/uiliam/sandbox/lib/python3.9/site-packages/airflow/example_dags/example_branch_python_dop_operator_3.py took 0.110 seconds
[2022-06-17 17:28:19,863] {processor.py:153} INFO - Started process (PID=142578) to work on /home/uiliam/sandbox/lib/python3.9/site-packages/airflow/example_dags/example_branch_python_dop_operator_3.py
[2022-06-17 17:28:19,864] {processor.py:641} INFO - Processing file /home/uiliam/sandbox/lib/python3.9/site-packages/airflow/example_dags/example_branch_python_dop_operator_3.py for tasks to queue
[2022-06-17 17:28:19,865] {logging_mixin.py:115} INFO - [2022-06-17 17:28:19,865] {dagbag.py:507} INFO - Filling up the DagBag from /home/uiliam/sandbox/lib/python3.9/site-packages/airflow/example_dags/example_branch_python_dop_operator_3.py
[2022-06-17 17:28:19,878] {processor.py:651} INFO - DAG(s) dict_keys(['example_branch_dop_operator_v3']) retrieved from /home/uiliam/sandbox/lib/python3.9/site-packages/airflow/example_dags/example_branch_python_dop_operator_3.py
[2022-06-17 17:28:19,915] {logging_mixin.py:115} INFO - [2022-06-17 17:28:19,914] {dag.py:2379} INFO - Sync 1 DAGs
[2022-06-17 17:28:19,975] {logging_mixin.py:115} INFO - [2022-06-17 17:28:19,974] {dag.py:2927} INFO - Setting next_dagrun for example_branch_dop_operator_v3 to 2022-06-17T20:27:00+00:00, run_after=2022-06-17T20:28:00+00:00
[2022-06-17 17:28:20,003] {processor.py:161} INFO - Processing /home/uiliam/sandbox/lib/python3.9/site-packages/airflow/example_dags/example_branch_python_dop_operator_3.py took 0.145 seconds
[2022-06-17 17:28:51,158] {processor.py:153} INFO - Started process (PID=142801) to work on /home/uiliam/sandbox/lib/python3.9/site-packages/airflow/example_dags/example_branch_python_dop_operator_3.py
[2022-06-17 17:28:51,159] {processor.py:641} INFO - Processing file /home/uiliam/sandbox/lib/python3.9/site-packages/airflow/example_dags/example_branch_python_dop_operator_3.py for tasks to queue
[2022-06-17 17:28:51,160] {logging_mixin.py:115} INFO - [2022-06-17 17:28:51,160] {dagbag.py:507} INFO - Filling up the DagBag from /home/uiliam/sandbox/lib/python3.9/site-packages/airflow/example_dags/example_branch_python_dop_operator_3.py
[2022-06-17 17:28:51,173] {processor.py:651} INFO - DAG(s) dict_keys(['example_branch_dop_operator_v3']) retrieved from /home/uiliam/sandbox/lib/python3.9/site-packages/airflow/example_dags/example_branch_python_dop_operator_3.py
[2022-06-17 17:28:51,208] {logging_mixin.py:115} INFO - [2022-06-17 17:28:51,208] {dag.py:2379} INFO - Sync 1 DAGs
[2022-06-17 17:28:51,259] {logging_mixin.py:115} INFO - [2022-06-17 17:28:51,259] {dag.py:2927} INFO - Setting next_dagrun for example_branch_dop_operator_v3 to 2022-06-17T20:27:00+00:00, run_after=2022-06-17T20:28:00+00:00
[2022-06-17 17:28:51,279] {processor.py:161} INFO - Processing /home/uiliam/sandbox/lib/python3.9/site-packages/airflow/example_dags/example_branch_python_dop_operator_3.py took 0.125 seconds
[2022-06-17 17:29:22,255] {processor.py:153} INFO - Started process (PID=142985) to work on /home/uiliam/sandbox/lib/python3.9/site-packages/airflow/example_dags/example_branch_python_dop_operator_3.py
[2022-06-17 17:29:22,256] {processor.py:641} INFO - Processing file /home/uiliam/sandbox/lib/python3.9/site-packages/airflow/example_dags/example_branch_python_dop_operator_3.py for tasks to queue
[2022-06-17 17:29:22,256] {logging_mixin.py:115} INFO - [2022-06-17 17:29:22,256] {dagbag.py:507} INFO - Filling up the DagBag from /home/uiliam/sandbox/lib/python3.9/site-packages/airflow/example_dags/example_branch_python_dop_operator_3.py
[2022-06-17 17:29:22,269] {processor.py:651} INFO - DAG(s) dict_keys(['example_branch_dop_operator_v3']) retrieved from /home/uiliam/sandbox/lib/python3.9/site-packages/airflow/example_dags/example_branch_python_dop_operator_3.py
[2022-06-17 17:29:22,303] {logging_mixin.py:115} INFO - [2022-06-17 17:29:22,302] {dag.py:2379} INFO - Sync 1 DAGs
[2022-06-17 17:29:22,347] {logging_mixin.py:115} INFO - [2022-06-17 17:29:22,347] {dag.py:2927} INFO - Setting next_dagrun for example_branch_dop_operator_v3 to 2022-06-17T20:28:00+00:00, run_after=2022-06-17T20:29:00+00:00
[2022-06-17 17:29:22,367] {processor.py:161} INFO - Processing /home/uiliam/sandbox/lib/python3.9/site-packages/airflow/example_dags/example_branch_python_dop_operator_3.py took 0.117 seconds
[2022-06-17 17:29:53,497] {processor.py:153} INFO - Started process (PID=143199) to work on /home/uiliam/sandbox/lib/python3.9/site-packages/airflow/example_dags/example_branch_python_dop_operator_3.py
[2022-06-17 17:29:53,497] {processor.py:641} INFO - Processing file /home/uiliam/sandbox/lib/python3.9/site-packages/airflow/example_dags/example_branch_python_dop_operator_3.py for tasks to queue
[2022-06-17 17:29:53,498] {logging_mixin.py:115} INFO - [2022-06-17 17:29:53,498] {dagbag.py:507} INFO - Filling up the DagBag from /home/uiliam/sandbox/lib/python3.9/site-packages/airflow/example_dags/example_branch_python_dop_operator_3.py
[2022-06-17 17:29:53,511] {processor.py:651} INFO - DAG(s) dict_keys(['example_branch_dop_operator_v3']) retrieved from /home/uiliam/sandbox/lib/python3.9/site-packages/airflow/example_dags/example_branch_python_dop_operator_3.py
[2022-06-17 17:29:53,545] {logging_mixin.py:115} INFO - [2022-06-17 17:29:53,544] {dag.py:2379} INFO - Sync 1 DAGs
[2022-06-17 17:29:53,592] {logging_mixin.py:115} INFO - [2022-06-17 17:29:53,591] {dag.py:2927} INFO - Setting next_dagrun for example_branch_dop_operator_v3 to 2022-06-17T20:28:00+00:00, run_after=2022-06-17T20:29:00+00:00
[2022-06-17 17:29:53,612] {processor.py:161} INFO - Processing /home/uiliam/sandbox/lib/python3.9/site-packages/airflow/example_dags/example_branch_python_dop_operator_3.py took 0.120 seconds
[2022-06-17 17:30:24,367] {processor.py:153} INFO - Started process (PID=143345) to work on /home/uiliam/sandbox/lib/python3.9/site-packages/airflow/example_dags/example_branch_python_dop_operator_3.py
[2022-06-17 17:30:24,368] {processor.py:641} INFO - Processing file /home/uiliam/sandbox/lib/python3.9/site-packages/airflow/example_dags/example_branch_python_dop_operator_3.py for tasks to queue
[2022-06-17 17:30:24,369] {logging_mixin.py:115} INFO - [2022-06-17 17:30:24,369] {dagbag.py:507} INFO - Filling up the DagBag from /home/uiliam/sandbox/lib/python3.9/site-packages/airflow/example_dags/example_branch_python_dop_operator_3.py
[2022-06-17 17:30:24,381] {processor.py:651} INFO - DAG(s) dict_keys(['example_branch_dop_operator_v3']) retrieved from /home/uiliam/sandbox/lib/python3.9/site-packages/airflow/example_dags/example_branch_python_dop_operator_3.py
[2022-06-17 17:30:24,412] {logging_mixin.py:115} INFO - [2022-06-17 17:30:24,412] {dag.py:2379} INFO - Sync 1 DAGs
[2022-06-17 17:30:24,461] {logging_mixin.py:115} INFO - [2022-06-17 17:30:24,460] {dag.py:2927} INFO - Setting next_dagrun for example_branch_dop_operator_v3 to 2022-06-17T20:29:00+00:00, run_after=2022-06-17T20:30:00+00:00
[2022-06-17 17:30:24,479] {processor.py:161} INFO - Processing /home/uiliam/sandbox/lib/python3.9/site-packages/airflow/example_dags/example_branch_python_dop_operator_3.py took 0.116 seconds
[2022-06-17 17:30:55,610] {processor.py:153} INFO - Started process (PID=143523) to work on /home/uiliam/sandbox/lib/python3.9/site-packages/airflow/example_dags/example_branch_python_dop_operator_3.py
[2022-06-17 17:30:55,611] {processor.py:641} INFO - Processing file /home/uiliam/sandbox/lib/python3.9/site-packages/airflow/example_dags/example_branch_python_dop_operator_3.py for tasks to queue
[2022-06-17 17:30:55,612] {logging_mixin.py:115} INFO - [2022-06-17 17:30:55,611] {dagbag.py:507} INFO - Filling up the DagBag from /home/uiliam/sandbox/lib/python3.9/site-packages/airflow/example_dags/example_branch_python_dop_operator_3.py
[2022-06-17 17:30:55,624] {processor.py:651} INFO - DAG(s) dict_keys(['example_branch_dop_operator_v3']) retrieved from /home/uiliam/sandbox/lib/python3.9/site-packages/airflow/example_dags/example_branch_python_dop_operator_3.py
[2022-06-17 17:30:55,657] {logging_mixin.py:115} INFO - [2022-06-17 17:30:55,657] {dag.py:2379} INFO - Sync 1 DAGs
[2022-06-17 17:30:55,699] {logging_mixin.py:115} INFO - [2022-06-17 17:30:55,699] {dag.py:2927} INFO - Setting next_dagrun for example_branch_dop_operator_v3 to 2022-06-17T20:29:00+00:00, run_after=2022-06-17T20:30:00+00:00
[2022-06-17 17:30:55,717] {processor.py:161} INFO - Processing /home/uiliam/sandbox/lib/python3.9/site-packages/airflow/example_dags/example_branch_python_dop_operator_3.py took 0.111 seconds
[2022-06-17 17:31:27,229] {processor.py:153} INFO - Started process (PID=143792) to work on /home/uiliam/sandbox/lib/python3.9/site-packages/airflow/example_dags/example_branch_python_dop_operator_3.py
[2022-06-17 17:31:27,230] {processor.py:641} INFO - Processing file /home/uiliam/sandbox/lib/python3.9/site-packages/airflow/example_dags/example_branch_python_dop_operator_3.py for tasks to queue
[2022-06-17 17:31:27,230] {logging_mixin.py:115} INFO - [2022-06-17 17:31:27,230] {dagbag.py:507} INFO - Filling up the DagBag from /home/uiliam/sandbox/lib/python3.9/site-packages/airflow/example_dags/example_branch_python_dop_operator_3.py
[2022-06-17 17:31:27,246] {processor.py:651} INFO - DAG(s) dict_keys(['example_branch_dop_operator_v3']) retrieved from /home/uiliam/sandbox/lib/python3.9/site-packages/airflow/example_dags/example_branch_python_dop_operator_3.py
[2022-06-17 17:31:27,283] {logging_mixin.py:115} INFO - [2022-06-17 17:31:27,282] {dag.py:2379} INFO - Sync 1 DAGs
[2022-06-17 17:31:27,334] {logging_mixin.py:115} INFO - [2022-06-17 17:31:27,334] {dag.py:2927} INFO - Setting next_dagrun for example_branch_dop_operator_v3 to 2022-06-17T20:30:00+00:00, run_after=2022-06-17T20:31:00+00:00
[2022-06-17 17:31:27,359] {processor.py:161} INFO - Processing /home/uiliam/sandbox/lib/python3.9/site-packages/airflow/example_dags/example_branch_python_dop_operator_3.py took 0.136 seconds
[2022-06-17 17:31:57,954] {processor.py:153} INFO - Started process (PID=143975) to work on /home/uiliam/sandbox/lib/python3.9/site-packages/airflow/example_dags/example_branch_python_dop_operator_3.py
[2022-06-17 17:31:57,955] {processor.py:641} INFO - Processing file /home/uiliam/sandbox/lib/python3.9/site-packages/airflow/example_dags/example_branch_python_dop_operator_3.py for tasks to queue
[2022-06-17 17:31:57,956] {logging_mixin.py:115} INFO - [2022-06-17 17:31:57,955] {dagbag.py:507} INFO - Filling up the DagBag from /home/uiliam/sandbox/lib/python3.9/site-packages/airflow/example_dags/example_branch_python_dop_operator_3.py
[2022-06-17 17:31:57,970] {processor.py:651} INFO - DAG(s) dict_keys(['example_branch_dop_operator_v3']) retrieved from /home/uiliam/sandbox/lib/python3.9/site-packages/airflow/example_dags/example_branch_python_dop_operator_3.py
[2022-06-17 17:31:58,006] {logging_mixin.py:115} INFO - [2022-06-17 17:31:58,006] {dag.py:2379} INFO - Sync 1 DAGs
[2022-06-17 17:31:58,058] {logging_mixin.py:115} INFO - [2022-06-17 17:31:58,058] {dag.py:2927} INFO - Setting next_dagrun for example_branch_dop_operator_v3 to 2022-06-17T20:30:00+00:00, run_after=2022-06-17T20:31:00+00:00
[2022-06-17 17:31:58,079] {processor.py:161} INFO - Processing /home/uiliam/sandbox/lib/python3.9/site-packages/airflow/example_dags/example_branch_python_dop_operator_3.py took 0.130 seconds
[2022-06-17 17:32:28,258] {processor.py:153} INFO - Started process (PID=144154) to work on /home/uiliam/sandbox/lib/python3.9/site-packages/airflow/example_dags/example_branch_python_dop_operator_3.py
[2022-06-17 17:32:28,259] {processor.py:641} INFO - Processing file /home/uiliam/sandbox/lib/python3.9/site-packages/airflow/example_dags/example_branch_python_dop_operator_3.py for tasks to queue
[2022-06-17 17:32:28,260] {logging_mixin.py:115} INFO - [2022-06-17 17:32:28,260] {dagbag.py:507} INFO - Filling up the DagBag from /home/uiliam/sandbox/lib/python3.9/site-packages/airflow/example_dags/example_branch_python_dop_operator_3.py
[2022-06-17 17:32:28,278] {processor.py:651} INFO - DAG(s) dict_keys(['example_branch_dop_operator_v3']) retrieved from /home/uiliam/sandbox/lib/python3.9/site-packages/airflow/example_dags/example_branch_python_dop_operator_3.py
[2022-06-17 17:32:28,326] {logging_mixin.py:115} INFO - [2022-06-17 17:32:28,326] {dag.py:2379} INFO - Sync 1 DAGs
[2022-06-17 17:32:28,387] {logging_mixin.py:115} INFO - [2022-06-17 17:32:28,387] {dag.py:2927} INFO - Setting next_dagrun for example_branch_dop_operator_v3 to 2022-06-17T20:31:00+00:00, run_after=2022-06-17T20:32:00+00:00
[2022-06-17 17:32:28,430] {processor.py:161} INFO - Processing /home/uiliam/sandbox/lib/python3.9/site-packages/airflow/example_dags/example_branch_python_dop_operator_3.py took 0.178 seconds
[2022-06-17 17:32:59,534] {processor.py:153} INFO - Started process (PID=144320) to work on /home/uiliam/sandbox/lib/python3.9/site-packages/airflow/example_dags/example_branch_python_dop_operator_3.py
[2022-06-17 17:32:59,534] {processor.py:641} INFO - Processing file /home/uiliam/sandbox/lib/python3.9/site-packages/airflow/example_dags/example_branch_python_dop_operator_3.py for tasks to queue
[2022-06-17 17:32:59,535] {logging_mixin.py:115} INFO - [2022-06-17 17:32:59,535] {dagbag.py:507} INFO - Filling up the DagBag from /home/uiliam/sandbox/lib/python3.9/site-packages/airflow/example_dags/example_branch_python_dop_operator_3.py
[2022-06-17 17:32:59,550] {processor.py:651} INFO - DAG(s) dict_keys(['example_branch_dop_operator_v3']) retrieved from /home/uiliam/sandbox/lib/python3.9/site-packages/airflow/example_dags/example_branch_python_dop_operator_3.py
[2022-06-17 17:32:59,586] {logging_mixin.py:115} INFO - [2022-06-17 17:32:59,586] {dag.py:2379} INFO - Sync 1 DAGs
[2022-06-17 17:32:59,627] {logging_mixin.py:115} INFO - [2022-06-17 17:32:59,626] {dag.py:2927} INFO - Setting next_dagrun for example_branch_dop_operator_v3 to 2022-06-17T20:31:00+00:00, run_after=2022-06-17T20:32:00+00:00
[2022-06-17 17:32:59,643] {processor.py:161} INFO - Processing /home/uiliam/sandbox/lib/python3.9/site-packages/airflow/example_dags/example_branch_python_dop_operator_3.py took 0.115 seconds
[2022-06-17 17:33:30,393] {processor.py:153} INFO - Started process (PID=144499) to work on /home/uiliam/sandbox/lib/python3.9/site-packages/airflow/example_dags/example_branch_python_dop_operator_3.py
[2022-06-17 17:33:30,394] {processor.py:641} INFO - Processing file /home/uiliam/sandbox/lib/python3.9/site-packages/airflow/example_dags/example_branch_python_dop_operator_3.py for tasks to queue
[2022-06-17 17:33:30,395] {logging_mixin.py:115} INFO - [2022-06-17 17:33:30,395] {dagbag.py:507} INFO - Filling up the DagBag from /home/uiliam/sandbox/lib/python3.9/site-packages/airflow/example_dags/example_branch_python_dop_operator_3.py
[2022-06-17 17:33:30,414] {processor.py:651} INFO - DAG(s) dict_keys(['example_branch_dop_operator_v3']) retrieved from /home/uiliam/sandbox/lib/python3.9/site-packages/airflow/example_dags/example_branch_python_dop_operator_3.py
[2022-06-17 17:33:30,452] {logging_mixin.py:115} INFO - [2022-06-17 17:33:30,452] {dag.py:2379} INFO - Sync 1 DAGs
[2022-06-17 17:33:30,507] {logging_mixin.py:115} INFO - [2022-06-17 17:33:30,507] {dag.py:2927} INFO - Setting next_dagrun for example_branch_dop_operator_v3 to 2022-06-17T20:32:00+00:00, run_after=2022-06-17T20:33:00+00:00
[2022-06-17 17:33:30,531] {processor.py:161} INFO - Processing /home/uiliam/sandbox/lib/python3.9/site-packages/airflow/example_dags/example_branch_python_dop_operator_3.py took 0.143 seconds
[2022-06-17 17:34:01,720] {processor.py:153} INFO - Started process (PID=144667) to work on /home/uiliam/sandbox/lib/python3.9/site-packages/airflow/example_dags/example_branch_python_dop_operator_3.py
[2022-06-17 17:34:01,720] {processor.py:641} INFO - Processing file /home/uiliam/sandbox/lib/python3.9/site-packages/airflow/example_dags/example_branch_python_dop_operator_3.py for tasks to queue
[2022-06-17 17:34:01,721] {logging_mixin.py:115} INFO - [2022-06-17 17:34:01,721] {dagbag.py:507} INFO - Filling up the DagBag from /home/uiliam/sandbox/lib/python3.9/site-packages/airflow/example_dags/example_branch_python_dop_operator_3.py
[2022-06-17 17:34:01,737] {processor.py:651} INFO - DAG(s) dict_keys(['example_branch_dop_operator_v3']) retrieved from /home/uiliam/sandbox/lib/python3.9/site-packages/airflow/example_dags/example_branch_python_dop_operator_3.py
[2022-06-17 17:34:01,781] {logging_mixin.py:115} INFO - [2022-06-17 17:34:01,781] {dag.py:2379} INFO - Sync 1 DAGs
[2022-06-17 17:34:01,833] {logging_mixin.py:115} INFO - [2022-06-17 17:34:01,832] {dag.py:2927} INFO - Setting next_dagrun for example_branch_dop_operator_v3 to 2022-06-17T20:33:00+00:00, run_after=2022-06-17T20:34:00+00:00
[2022-06-17 17:34:01,855] {processor.py:161} INFO - Processing /home/uiliam/sandbox/lib/python3.9/site-packages/airflow/example_dags/example_branch_python_dop_operator_3.py took 0.141 seconds
[2022-06-17 17:34:33,374] {processor.py:153} INFO - Started process (PID=145077) to work on /home/uiliam/sandbox/lib/python3.9/site-packages/airflow/example_dags/example_branch_python_dop_operator_3.py
[2022-06-17 17:34:33,375] {processor.py:641} INFO - Processing file /home/uiliam/sandbox/lib/python3.9/site-packages/airflow/example_dags/example_branch_python_dop_operator_3.py for tasks to queue
[2022-06-17 17:34:33,376] {logging_mixin.py:115} INFO - [2022-06-17 17:34:33,376] {dagbag.py:507} INFO - Filling up the DagBag from /home/uiliam/sandbox/lib/python3.9/site-packages/airflow/example_dags/example_branch_python_dop_operator_3.py
[2022-06-17 17:34:33,395] {processor.py:651} INFO - DAG(s) dict_keys(['example_branch_dop_operator_v3']) retrieved from /home/uiliam/sandbox/lib/python3.9/site-packages/airflow/example_dags/example_branch_python_dop_operator_3.py
[2022-06-17 17:34:33,438] {logging_mixin.py:115} INFO - [2022-06-17 17:34:33,438] {dag.py:2379} INFO - Sync 1 DAGs
[2022-06-17 17:34:33,491] {logging_mixin.py:115} INFO - [2022-06-17 17:34:33,491] {dag.py:2927} INFO - Setting next_dagrun for example_branch_dop_operator_v3 to 2022-06-17T20:33:00+00:00, run_after=2022-06-17T20:34:00+00:00
[2022-06-17 17:34:33,511] {processor.py:161} INFO - Processing /home/uiliam/sandbox/lib/python3.9/site-packages/airflow/example_dags/example_branch_python_dop_operator_3.py took 0.143 seconds
[2022-06-17 17:35:04,789] {processor.py:153} INFO - Started process (PID=145426) to work on /home/uiliam/sandbox/lib/python3.9/site-packages/airflow/example_dags/example_branch_python_dop_operator_3.py
[2022-06-17 17:35:04,790] {processor.py:641} INFO - Processing file /home/uiliam/sandbox/lib/python3.9/site-packages/airflow/example_dags/example_branch_python_dop_operator_3.py for tasks to queue
[2022-06-17 17:35:04,791] {logging_mixin.py:115} INFO - [2022-06-17 17:35:04,790] {dagbag.py:507} INFO - Filling up the DagBag from /home/uiliam/sandbox/lib/python3.9/site-packages/airflow/example_dags/example_branch_python_dop_operator_3.py
[2022-06-17 17:35:04,805] {processor.py:651} INFO - DAG(s) dict_keys(['example_branch_dop_operator_v3']) retrieved from /home/uiliam/sandbox/lib/python3.9/site-packages/airflow/example_dags/example_branch_python_dop_operator_3.py
[2022-06-17 17:35:04,838] {logging_mixin.py:115} INFO - [2022-06-17 17:35:04,838] {dag.py:2379} INFO - Sync 1 DAGs
[2022-06-17 17:35:04,885] {logging_mixin.py:115} INFO - [2022-06-17 17:35:04,885] {dag.py:2927} INFO - Setting next_dagrun for example_branch_dop_operator_v3 to 2022-06-17T20:34:00+00:00, run_after=2022-06-17T20:35:00+00:00
[2022-06-17 17:35:04,905] {processor.py:161} INFO - Processing /home/uiliam/sandbox/lib/python3.9/site-packages/airflow/example_dags/example_branch_python_dop_operator_3.py took 0.122 seconds
[2022-06-17 17:35:36,078] {processor.py:153} INFO - Started process (PID=145715) to work on /home/uiliam/sandbox/lib/python3.9/site-packages/airflow/example_dags/example_branch_python_dop_operator_3.py
[2022-06-17 17:35:36,079] {processor.py:641} INFO - Processing file /home/uiliam/sandbox/lib/python3.9/site-packages/airflow/example_dags/example_branch_python_dop_operator_3.py for tasks to queue
[2022-06-17 17:35:36,080] {logging_mixin.py:115} INFO - [2022-06-17 17:35:36,079] {dagbag.py:507} INFO - Filling up the DagBag from /home/uiliam/sandbox/lib/python3.9/site-packages/airflow/example_dags/example_branch_python_dop_operator_3.py
[2022-06-17 17:35:36,095] {processor.py:651} INFO - DAG(s) dict_keys(['example_branch_dop_operator_v3']) retrieved from /home/uiliam/sandbox/lib/python3.9/site-packages/airflow/example_dags/example_branch_python_dop_operator_3.py
[2022-06-17 17:35:36,127] {logging_mixin.py:115} INFO - [2022-06-17 17:35:36,127] {dag.py:2379} INFO - Sync 1 DAGs
[2022-06-17 17:35:36,175] {logging_mixin.py:115} INFO - [2022-06-17 17:35:36,174] {dag.py:2927} INFO - Setting next_dagrun for example_branch_dop_operator_v3 to 2022-06-17T20:34:00+00:00, run_after=2022-06-17T20:35:00+00:00
[2022-06-17 17:35:36,197] {processor.py:161} INFO - Processing /home/uiliam/sandbox/lib/python3.9/site-packages/airflow/example_dags/example_branch_python_dop_operator_3.py took 0.125 seconds
[2022-06-17 17:36:07,625] {processor.py:153} INFO - Started process (PID=146071) to work on /home/uiliam/sandbox/lib/python3.9/site-packages/airflow/example_dags/example_branch_python_dop_operator_3.py
[2022-06-17 17:36:07,626] {processor.py:641} INFO - Processing file /home/uiliam/sandbox/lib/python3.9/site-packages/airflow/example_dags/example_branch_python_dop_operator_3.py for tasks to queue
[2022-06-17 17:36:07,626] {logging_mixin.py:115} INFO - [2022-06-17 17:36:07,626] {dagbag.py:507} INFO - Filling up the DagBag from /home/uiliam/sandbox/lib/python3.9/site-packages/airflow/example_dags/example_branch_python_dop_operator_3.py
[2022-06-17 17:36:07,639] {processor.py:651} INFO - DAG(s) dict_keys(['example_branch_dop_operator_v3']) retrieved from /home/uiliam/sandbox/lib/python3.9/site-packages/airflow/example_dags/example_branch_python_dop_operator_3.py
[2022-06-17 17:36:07,671] {logging_mixin.py:115} INFO - [2022-06-17 17:36:07,671] {dag.py:2379} INFO - Sync 1 DAGs
[2022-06-17 17:36:07,722] {logging_mixin.py:115} INFO - [2022-06-17 17:36:07,722] {dag.py:2927} INFO - Setting next_dagrun for example_branch_dop_operator_v3 to 2022-06-17T20:35:00+00:00, run_after=2022-06-17T20:36:00+00:00
[2022-06-17 17:36:07,745] {processor.py:161} INFO - Processing /home/uiliam/sandbox/lib/python3.9/site-packages/airflow/example_dags/example_branch_python_dop_operator_3.py took 0.125 seconds
