[2022-06-17 17:11:11,613] {processor.py:153} INFO - Started process (PID=132502) to work on /home/uiliam/sandbox/lib/python3.9/site-packages/airflow/example_dags/example_external_task_marker_dag.py
[2022-06-17 17:11:11,614] {processor.py:641} INFO - Processing file /home/uiliam/sandbox/lib/python3.9/site-packages/airflow/example_dags/example_external_task_marker_dag.py for tasks to queue
[2022-06-17 17:11:11,614] {logging_mixin.py:115} INFO - [2022-06-17 17:11:11,614] {dagbag.py:507} INFO - Filling up the DagBag from /home/uiliam/sandbox/lib/python3.9/site-packages/airflow/example_dags/example_external_task_marker_dag.py
[2022-06-17 17:11:11,620] {processor.py:651} INFO - DAG(s) dict_keys(['example_external_task_marker_parent', 'example_external_task_marker_child']) retrieved from /home/uiliam/sandbox/lib/python3.9/site-packages/airflow/example_dags/example_external_task_marker_dag.py
[2022-06-17 17:11:11,666] {logging_mixin.py:115} INFO - [2022-06-17 17:11:11,666] {dag.py:2379} INFO - Sync 2 DAGs
[2022-06-17 17:11:11,703] {logging_mixin.py:115} INFO - [2022-06-17 17:11:11,702] {dag.py:2927} INFO - Setting next_dagrun for example_external_task_marker_child to None, run_after=None
[2022-06-17 17:11:11,703] {logging_mixin.py:115} INFO - [2022-06-17 17:11:11,703] {dag.py:2927} INFO - Setting next_dagrun for example_external_task_marker_parent to None, run_after=None
[2022-06-17 17:11:11,722] {processor.py:161} INFO - Processing /home/uiliam/sandbox/lib/python3.9/site-packages/airflow/example_dags/example_external_task_marker_dag.py took 0.113 seconds
[2022-06-17 17:11:43,054] {processor.py:153} INFO - Started process (PID=132864) to work on /home/uiliam/sandbox/lib/python3.9/site-packages/airflow/example_dags/example_external_task_marker_dag.py
[2022-06-17 17:11:43,054] {processor.py:641} INFO - Processing file /home/uiliam/sandbox/lib/python3.9/site-packages/airflow/example_dags/example_external_task_marker_dag.py for tasks to queue
[2022-06-17 17:11:43,055] {logging_mixin.py:115} INFO - [2022-06-17 17:11:43,055] {dagbag.py:507} INFO - Filling up the DagBag from /home/uiliam/sandbox/lib/python3.9/site-packages/airflow/example_dags/example_external_task_marker_dag.py
[2022-06-17 17:11:43,062] {processor.py:651} INFO - DAG(s) dict_keys(['example_external_task_marker_parent', 'example_external_task_marker_child']) retrieved from /home/uiliam/sandbox/lib/python3.9/site-packages/airflow/example_dags/example_external_task_marker_dag.py
[2022-06-17 17:11:43,111] {logging_mixin.py:115} INFO - [2022-06-17 17:11:43,111] {dag.py:2379} INFO - Sync 2 DAGs
[2022-06-17 17:11:43,152] {logging_mixin.py:115} INFO - [2022-06-17 17:11:43,152] {dag.py:2927} INFO - Setting next_dagrun for example_external_task_marker_child to None, run_after=None
[2022-06-17 17:11:43,153] {logging_mixin.py:115} INFO - [2022-06-17 17:11:43,152] {dag.py:2927} INFO - Setting next_dagrun for example_external_task_marker_parent to None, run_after=None
[2022-06-17 17:11:43,180] {processor.py:161} INFO - Processing /home/uiliam/sandbox/lib/python3.9/site-packages/airflow/example_dags/example_external_task_marker_dag.py took 0.132 seconds
[2022-06-17 17:12:14,049] {processor.py:153} INFO - Started process (PID=134035) to work on /home/uiliam/sandbox/lib/python3.9/site-packages/airflow/example_dags/example_external_task_marker_dag.py
[2022-06-17 17:12:14,050] {processor.py:641} INFO - Processing file /home/uiliam/sandbox/lib/python3.9/site-packages/airflow/example_dags/example_external_task_marker_dag.py for tasks to queue
[2022-06-17 17:12:14,050] {logging_mixin.py:115} INFO - [2022-06-17 17:12:14,050] {dagbag.py:507} INFO - Filling up the DagBag from /home/uiliam/sandbox/lib/python3.9/site-packages/airflow/example_dags/example_external_task_marker_dag.py
[2022-06-17 17:12:14,058] {processor.py:651} INFO - DAG(s) dict_keys(['example_external_task_marker_parent', 'example_external_task_marker_child']) retrieved from /home/uiliam/sandbox/lib/python3.9/site-packages/airflow/example_dags/example_external_task_marker_dag.py
[2022-06-17 17:12:14,117] {logging_mixin.py:115} INFO - [2022-06-17 17:12:14,117] {dag.py:2379} INFO - Sync 2 DAGs
[2022-06-17 17:12:14,180] {logging_mixin.py:115} INFO - [2022-06-17 17:12:14,180] {dag.py:2927} INFO - Setting next_dagrun for example_external_task_marker_child to None, run_after=None
[2022-06-17 17:12:14,181] {logging_mixin.py:115} INFO - [2022-06-17 17:12:14,181] {dag.py:2927} INFO - Setting next_dagrun for example_external_task_marker_parent to None, run_after=None
[2022-06-17 17:12:14,214] {processor.py:161} INFO - Processing /home/uiliam/sandbox/lib/python3.9/site-packages/airflow/example_dags/example_external_task_marker_dag.py took 0.170 seconds
[2022-06-17 17:12:45,468] {processor.py:153} INFO - Started process (PID=135145) to work on /home/uiliam/sandbox/lib/python3.9/site-packages/airflow/example_dags/example_external_task_marker_dag.py
[2022-06-17 17:12:45,469] {processor.py:641} INFO - Processing file /home/uiliam/sandbox/lib/python3.9/site-packages/airflow/example_dags/example_external_task_marker_dag.py for tasks to queue
[2022-06-17 17:12:45,470] {logging_mixin.py:115} INFO - [2022-06-17 17:12:45,470] {dagbag.py:507} INFO - Filling up the DagBag from /home/uiliam/sandbox/lib/python3.9/site-packages/airflow/example_dags/example_external_task_marker_dag.py
[2022-06-17 17:12:45,476] {processor.py:651} INFO - DAG(s) dict_keys(['example_external_task_marker_parent', 'example_external_task_marker_child']) retrieved from /home/uiliam/sandbox/lib/python3.9/site-packages/airflow/example_dags/example_external_task_marker_dag.py
[2022-06-17 17:12:45,525] {logging_mixin.py:115} INFO - [2022-06-17 17:12:45,525] {dag.py:2379} INFO - Sync 2 DAGs
[2022-06-17 17:12:45,560] {logging_mixin.py:115} INFO - [2022-06-17 17:12:45,560] {dag.py:2927} INFO - Setting next_dagrun for example_external_task_marker_child to None, run_after=None
[2022-06-17 17:12:45,561] {logging_mixin.py:115} INFO - [2022-06-17 17:12:45,561] {dag.py:2927} INFO - Setting next_dagrun for example_external_task_marker_parent to None, run_after=None
[2022-06-17 17:12:45,581] {processor.py:161} INFO - Processing /home/uiliam/sandbox/lib/python3.9/site-packages/airflow/example_dags/example_external_task_marker_dag.py took 0.118 seconds
[2022-06-17 17:13:16,686] {processor.py:153} INFO - Started process (PID=135533) to work on /home/uiliam/sandbox/lib/python3.9/site-packages/airflow/example_dags/example_external_task_marker_dag.py
[2022-06-17 17:13:16,686] {processor.py:641} INFO - Processing file /home/uiliam/sandbox/lib/python3.9/site-packages/airflow/example_dags/example_external_task_marker_dag.py for tasks to queue
[2022-06-17 17:13:16,687] {logging_mixin.py:115} INFO - [2022-06-17 17:13:16,687] {dagbag.py:507} INFO - Filling up the DagBag from /home/uiliam/sandbox/lib/python3.9/site-packages/airflow/example_dags/example_external_task_marker_dag.py
[2022-06-17 17:13:16,694] {processor.py:651} INFO - DAG(s) dict_keys(['example_external_task_marker_parent', 'example_external_task_marker_child']) retrieved from /home/uiliam/sandbox/lib/python3.9/site-packages/airflow/example_dags/example_external_task_marker_dag.py
[2022-06-17 17:13:16,745] {logging_mixin.py:115} INFO - [2022-06-17 17:13:16,745] {dag.py:2379} INFO - Sync 2 DAGs
[2022-06-17 17:13:16,784] {logging_mixin.py:115} INFO - [2022-06-17 17:13:16,784] {dag.py:2927} INFO - Setting next_dagrun for example_external_task_marker_child to None, run_after=None
[2022-06-17 17:13:16,785] {logging_mixin.py:115} INFO - [2022-06-17 17:13:16,785] {dag.py:2927} INFO - Setting next_dagrun for example_external_task_marker_parent to None, run_after=None
[2022-06-17 17:13:16,804] {processor.py:161} INFO - Processing /home/uiliam/sandbox/lib/python3.9/site-packages/airflow/example_dags/example_external_task_marker_dag.py took 0.123 seconds
[2022-06-17 17:13:47,910] {processor.py:153} INFO - Started process (PID=135839) to work on /home/uiliam/sandbox/lib/python3.9/site-packages/airflow/example_dags/example_external_task_marker_dag.py
[2022-06-17 17:13:47,910] {processor.py:641} INFO - Processing file /home/uiliam/sandbox/lib/python3.9/site-packages/airflow/example_dags/example_external_task_marker_dag.py for tasks to queue
[2022-06-17 17:13:47,911] {logging_mixin.py:115} INFO - [2022-06-17 17:13:47,911] {dagbag.py:507} INFO - Filling up the DagBag from /home/uiliam/sandbox/lib/python3.9/site-packages/airflow/example_dags/example_external_task_marker_dag.py
[2022-06-17 17:13:47,917] {processor.py:651} INFO - DAG(s) dict_keys(['example_external_task_marker_parent', 'example_external_task_marker_child']) retrieved from /home/uiliam/sandbox/lib/python3.9/site-packages/airflow/example_dags/example_external_task_marker_dag.py
[2022-06-17 17:13:47,965] {logging_mixin.py:115} INFO - [2022-06-17 17:13:47,965] {dag.py:2379} INFO - Sync 2 DAGs
[2022-06-17 17:13:48,003] {logging_mixin.py:115} INFO - [2022-06-17 17:13:48,002] {dag.py:2927} INFO - Setting next_dagrun for example_external_task_marker_child to None, run_after=None
[2022-06-17 17:13:48,003] {logging_mixin.py:115} INFO - [2022-06-17 17:13:48,003] {dag.py:2927} INFO - Setting next_dagrun for example_external_task_marker_parent to None, run_after=None
[2022-06-17 17:13:48,024] {processor.py:161} INFO - Processing /home/uiliam/sandbox/lib/python3.9/site-packages/airflow/example_dags/example_external_task_marker_dag.py took 0.119 seconds
[2022-06-17 17:14:19,255] {processor.py:153} INFO - Started process (PID=136127) to work on /home/uiliam/sandbox/lib/python3.9/site-packages/airflow/example_dags/example_external_task_marker_dag.py
[2022-06-17 17:14:19,256] {processor.py:641} INFO - Processing file /home/uiliam/sandbox/lib/python3.9/site-packages/airflow/example_dags/example_external_task_marker_dag.py for tasks to queue
[2022-06-17 17:14:19,257] {logging_mixin.py:115} INFO - [2022-06-17 17:14:19,257] {dagbag.py:507} INFO - Filling up the DagBag from /home/uiliam/sandbox/lib/python3.9/site-packages/airflow/example_dags/example_external_task_marker_dag.py
[2022-06-17 17:14:19,266] {processor.py:651} INFO - DAG(s) dict_keys(['example_external_task_marker_parent', 'example_external_task_marker_child']) retrieved from /home/uiliam/sandbox/lib/python3.9/site-packages/airflow/example_dags/example_external_task_marker_dag.py
[2022-06-17 17:14:19,329] {logging_mixin.py:115} INFO - [2022-06-17 17:14:19,329] {dag.py:2379} INFO - Sync 2 DAGs
[2022-06-17 17:14:19,399] {logging_mixin.py:115} INFO - [2022-06-17 17:14:19,399] {dag.py:2927} INFO - Setting next_dagrun for example_external_task_marker_child to None, run_after=None
[2022-06-17 17:14:19,400] {logging_mixin.py:115} INFO - [2022-06-17 17:14:19,400] {dag.py:2927} INFO - Setting next_dagrun for example_external_task_marker_parent to None, run_after=None
[2022-06-17 17:14:19,431] {processor.py:161} INFO - Processing /home/uiliam/sandbox/lib/python3.9/site-packages/airflow/example_dags/example_external_task_marker_dag.py took 0.183 seconds
[2022-06-17 17:14:50,611] {processor.py:153} INFO - Started process (PID=136480) to work on /home/uiliam/sandbox/lib/python3.9/site-packages/airflow/example_dags/example_external_task_marker_dag.py
[2022-06-17 17:14:50,612] {processor.py:641} INFO - Processing file /home/uiliam/sandbox/lib/python3.9/site-packages/airflow/example_dags/example_external_task_marker_dag.py for tasks to queue
[2022-06-17 17:14:50,612] {logging_mixin.py:115} INFO - [2022-06-17 17:14:50,612] {dagbag.py:507} INFO - Filling up the DagBag from /home/uiliam/sandbox/lib/python3.9/site-packages/airflow/example_dags/example_external_task_marker_dag.py
[2022-06-17 17:14:50,619] {processor.py:651} INFO - DAG(s) dict_keys(['example_external_task_marker_parent', 'example_external_task_marker_child']) retrieved from /home/uiliam/sandbox/lib/python3.9/site-packages/airflow/example_dags/example_external_task_marker_dag.py
[2022-06-17 17:14:50,673] {logging_mixin.py:115} INFO - [2022-06-17 17:14:50,673] {dag.py:2379} INFO - Sync 2 DAGs
[2022-06-17 17:14:50,723] {logging_mixin.py:115} INFO - [2022-06-17 17:14:50,723] {dag.py:2927} INFO - Setting next_dagrun for example_external_task_marker_child to None, run_after=None
[2022-06-17 17:14:50,723] {logging_mixin.py:115} INFO - [2022-06-17 17:14:50,723] {dag.py:2927} INFO - Setting next_dagrun for example_external_task_marker_parent to None, run_after=None
[2022-06-17 17:14:50,746] {processor.py:161} INFO - Processing /home/uiliam/sandbox/lib/python3.9/site-packages/airflow/example_dags/example_external_task_marker_dag.py took 0.141 seconds
[2022-06-17 17:15:21,805] {processor.py:153} INFO - Started process (PID=136736) to work on /home/uiliam/sandbox/lib/python3.9/site-packages/airflow/example_dags/example_external_task_marker_dag.py
[2022-06-17 17:15:21,806] {processor.py:641} INFO - Processing file /home/uiliam/sandbox/lib/python3.9/site-packages/airflow/example_dags/example_external_task_marker_dag.py for tasks to queue
[2022-06-17 17:15:21,806] {logging_mixin.py:115} INFO - [2022-06-17 17:15:21,806] {dagbag.py:507} INFO - Filling up the DagBag from /home/uiliam/sandbox/lib/python3.9/site-packages/airflow/example_dags/example_external_task_marker_dag.py
[2022-06-17 17:15:21,812] {processor.py:651} INFO - DAG(s) dict_keys(['example_external_task_marker_parent', 'example_external_task_marker_child']) retrieved from /home/uiliam/sandbox/lib/python3.9/site-packages/airflow/example_dags/example_external_task_marker_dag.py
[2022-06-17 17:15:21,858] {logging_mixin.py:115} INFO - [2022-06-17 17:15:21,858] {dag.py:2379} INFO - Sync 2 DAGs
[2022-06-17 17:15:21,896] {logging_mixin.py:115} INFO - [2022-06-17 17:15:21,896] {dag.py:2927} INFO - Setting next_dagrun for example_external_task_marker_child to None, run_after=None
[2022-06-17 17:15:21,897] {logging_mixin.py:115} INFO - [2022-06-17 17:15:21,897] {dag.py:2927} INFO - Setting next_dagrun for example_external_task_marker_parent to None, run_after=None
[2022-06-17 17:15:21,918] {processor.py:161} INFO - Processing /home/uiliam/sandbox/lib/python3.9/site-packages/airflow/example_dags/example_external_task_marker_dag.py took 0.117 seconds
[2022-06-17 17:15:52,610] {processor.py:153} INFO - Started process (PID=136896) to work on /home/uiliam/sandbox/lib/python3.9/site-packages/airflow/example_dags/example_external_task_marker_dag.py
[2022-06-17 17:15:52,611] {processor.py:641} INFO - Processing file /home/uiliam/sandbox/lib/python3.9/site-packages/airflow/example_dags/example_external_task_marker_dag.py for tasks to queue
[2022-06-17 17:15:52,612] {logging_mixin.py:115} INFO - [2022-06-17 17:15:52,612] {dagbag.py:507} INFO - Filling up the DagBag from /home/uiliam/sandbox/lib/python3.9/site-packages/airflow/example_dags/example_external_task_marker_dag.py
[2022-06-17 17:15:52,618] {processor.py:651} INFO - DAG(s) dict_keys(['example_external_task_marker_parent', 'example_external_task_marker_child']) retrieved from /home/uiliam/sandbox/lib/python3.9/site-packages/airflow/example_dags/example_external_task_marker_dag.py
[2022-06-17 17:15:52,669] {logging_mixin.py:115} INFO - [2022-06-17 17:15:52,668] {dag.py:2379} INFO - Sync 2 DAGs
[2022-06-17 17:15:52,725] {logging_mixin.py:115} INFO - [2022-06-17 17:15:52,725] {dag.py:2927} INFO - Setting next_dagrun for example_external_task_marker_child to None, run_after=None
[2022-06-17 17:15:52,726] {logging_mixin.py:115} INFO - [2022-06-17 17:15:52,726] {dag.py:2927} INFO - Setting next_dagrun for example_external_task_marker_parent to None, run_after=None
[2022-06-17 17:15:52,748] {processor.py:161} INFO - Processing /home/uiliam/sandbox/lib/python3.9/site-packages/airflow/example_dags/example_external_task_marker_dag.py took 0.142 seconds
[2022-06-17 17:16:23,810] {processor.py:153} INFO - Started process (PID=137103) to work on /home/uiliam/sandbox/lib/python3.9/site-packages/airflow/example_dags/example_external_task_marker_dag.py
[2022-06-17 17:16:23,810] {processor.py:641} INFO - Processing file /home/uiliam/sandbox/lib/python3.9/site-packages/airflow/example_dags/example_external_task_marker_dag.py for tasks to queue
[2022-06-17 17:16:23,811] {logging_mixin.py:115} INFO - [2022-06-17 17:16:23,811] {dagbag.py:507} INFO - Filling up the DagBag from /home/uiliam/sandbox/lib/python3.9/site-packages/airflow/example_dags/example_external_task_marker_dag.py
[2022-06-17 17:16:23,817] {processor.py:651} INFO - DAG(s) dict_keys(['example_external_task_marker_parent', 'example_external_task_marker_child']) retrieved from /home/uiliam/sandbox/lib/python3.9/site-packages/airflow/example_dags/example_external_task_marker_dag.py
[2022-06-17 17:16:23,874] {logging_mixin.py:115} INFO - [2022-06-17 17:16:23,874] {dag.py:2379} INFO - Sync 2 DAGs
[2022-06-17 17:16:23,918] {logging_mixin.py:115} INFO - [2022-06-17 17:16:23,918] {dag.py:2927} INFO - Setting next_dagrun for example_external_task_marker_child to None, run_after=None
[2022-06-17 17:16:23,918] {logging_mixin.py:115} INFO - [2022-06-17 17:16:23,918] {dag.py:2927} INFO - Setting next_dagrun for example_external_task_marker_parent to None, run_after=None
[2022-06-17 17:16:23,937] {processor.py:161} INFO - Processing /home/uiliam/sandbox/lib/python3.9/site-packages/airflow/example_dags/example_external_task_marker_dag.py took 0.134 seconds
[2022-06-17 17:16:54,926] {processor.py:153} INFO - Started process (PID=137328) to work on /home/uiliam/sandbox/lib/python3.9/site-packages/airflow/example_dags/example_external_task_marker_dag.py
[2022-06-17 17:16:54,927] {processor.py:641} INFO - Processing file /home/uiliam/sandbox/lib/python3.9/site-packages/airflow/example_dags/example_external_task_marker_dag.py for tasks to queue
[2022-06-17 17:16:54,928] {logging_mixin.py:115} INFO - [2022-06-17 17:16:54,928] {dagbag.py:507} INFO - Filling up the DagBag from /home/uiliam/sandbox/lib/python3.9/site-packages/airflow/example_dags/example_external_task_marker_dag.py
[2022-06-17 17:16:54,933] {processor.py:651} INFO - DAG(s) dict_keys(['example_external_task_marker_parent', 'example_external_task_marker_child']) retrieved from /home/uiliam/sandbox/lib/python3.9/site-packages/airflow/example_dags/example_external_task_marker_dag.py
[2022-06-17 17:16:54,987] {logging_mixin.py:115} INFO - [2022-06-17 17:16:54,987] {dag.py:2379} INFO - Sync 2 DAGs
[2022-06-17 17:16:55,023] {logging_mixin.py:115} INFO - [2022-06-17 17:16:55,022] {dag.py:2927} INFO - Setting next_dagrun for example_external_task_marker_child to None, run_after=None
[2022-06-17 17:16:55,023] {logging_mixin.py:115} INFO - [2022-06-17 17:16:55,023] {dag.py:2927} INFO - Setting next_dagrun for example_external_task_marker_parent to None, run_after=None
[2022-06-17 17:16:55,044] {processor.py:161} INFO - Processing /home/uiliam/sandbox/lib/python3.9/site-packages/airflow/example_dags/example_external_task_marker_dag.py took 0.123 seconds
[2022-06-17 17:17:25,915] {processor.py:153} INFO - Started process (PID=137574) to work on /home/uiliam/sandbox/lib/python3.9/site-packages/airflow/example_dags/example_external_task_marker_dag.py
[2022-06-17 17:17:25,915] {processor.py:641} INFO - Processing file /home/uiliam/sandbox/lib/python3.9/site-packages/airflow/example_dags/example_external_task_marker_dag.py for tasks to queue
[2022-06-17 17:17:25,917] {logging_mixin.py:115} INFO - [2022-06-17 17:17:25,916] {dagbag.py:507} INFO - Filling up the DagBag from /home/uiliam/sandbox/lib/python3.9/site-packages/airflow/example_dags/example_external_task_marker_dag.py
[2022-06-17 17:17:25,923] {processor.py:651} INFO - DAG(s) dict_keys(['example_external_task_marker_parent', 'example_external_task_marker_child']) retrieved from /home/uiliam/sandbox/lib/python3.9/site-packages/airflow/example_dags/example_external_task_marker_dag.py
[2022-06-17 17:17:25,984] {logging_mixin.py:115} INFO - [2022-06-17 17:17:25,983] {dag.py:2379} INFO - Sync 2 DAGs
[2022-06-17 17:17:26,027] {logging_mixin.py:115} INFO - [2022-06-17 17:17:26,026] {dag.py:2927} INFO - Setting next_dagrun for example_external_task_marker_child to None, run_after=None
[2022-06-17 17:17:26,027] {logging_mixin.py:115} INFO - [2022-06-17 17:17:26,027] {dag.py:2927} INFO - Setting next_dagrun for example_external_task_marker_parent to None, run_after=None
[2022-06-17 17:17:26,050] {processor.py:161} INFO - Processing /home/uiliam/sandbox/lib/python3.9/site-packages/airflow/example_dags/example_external_task_marker_dag.py took 0.141 seconds
[2022-06-17 17:17:57,111] {processor.py:153} INFO - Started process (PID=137814) to work on /home/uiliam/sandbox/lib/python3.9/site-packages/airflow/example_dags/example_external_task_marker_dag.py
[2022-06-17 17:17:57,112] {processor.py:641} INFO - Processing file /home/uiliam/sandbox/lib/python3.9/site-packages/airflow/example_dags/example_external_task_marker_dag.py for tasks to queue
[2022-06-17 17:17:57,112] {logging_mixin.py:115} INFO - [2022-06-17 17:17:57,112] {dagbag.py:507} INFO - Filling up the DagBag from /home/uiliam/sandbox/lib/python3.9/site-packages/airflow/example_dags/example_external_task_marker_dag.py
[2022-06-17 17:17:57,118] {processor.py:651} INFO - DAG(s) dict_keys(['example_external_task_marker_parent', 'example_external_task_marker_child']) retrieved from /home/uiliam/sandbox/lib/python3.9/site-packages/airflow/example_dags/example_external_task_marker_dag.py
[2022-06-17 17:17:57,162] {logging_mixin.py:115} INFO - [2022-06-17 17:17:57,162] {dag.py:2379} INFO - Sync 2 DAGs
[2022-06-17 17:17:57,198] {logging_mixin.py:115} INFO - [2022-06-17 17:17:57,198] {dag.py:2927} INFO - Setting next_dagrun for example_external_task_marker_child to None, run_after=None
[2022-06-17 17:17:57,199] {logging_mixin.py:115} INFO - [2022-06-17 17:17:57,199] {dag.py:2927} INFO - Setting next_dagrun for example_external_task_marker_parent to None, run_after=None
[2022-06-17 17:17:57,226] {processor.py:161} INFO - Processing /home/uiliam/sandbox/lib/python3.9/site-packages/airflow/example_dags/example_external_task_marker_dag.py took 0.119 seconds
[2022-06-17 17:18:28,261] {processor.py:153} INFO - Started process (PID=138144) to work on /home/uiliam/sandbox/lib/python3.9/site-packages/airflow/example_dags/example_external_task_marker_dag.py
[2022-06-17 17:18:28,262] {processor.py:641} INFO - Processing file /home/uiliam/sandbox/lib/python3.9/site-packages/airflow/example_dags/example_external_task_marker_dag.py for tasks to queue
[2022-06-17 17:18:28,263] {logging_mixin.py:115} INFO - [2022-06-17 17:18:28,263] {dagbag.py:507} INFO - Filling up the DagBag from /home/uiliam/sandbox/lib/python3.9/site-packages/airflow/example_dags/example_external_task_marker_dag.py
[2022-06-17 17:18:28,268] {processor.py:651} INFO - DAG(s) dict_keys(['example_external_task_marker_parent', 'example_external_task_marker_child']) retrieved from /home/uiliam/sandbox/lib/python3.9/site-packages/airflow/example_dags/example_external_task_marker_dag.py
[2022-06-17 17:18:28,317] {logging_mixin.py:115} INFO - [2022-06-17 17:18:28,316] {dag.py:2379} INFO - Sync 2 DAGs
[2022-06-17 17:18:28,356] {logging_mixin.py:115} INFO - [2022-06-17 17:18:28,356] {dag.py:2927} INFO - Setting next_dagrun for example_external_task_marker_child to None, run_after=None
[2022-06-17 17:18:28,357] {logging_mixin.py:115} INFO - [2022-06-17 17:18:28,357] {dag.py:2927} INFO - Setting next_dagrun for example_external_task_marker_parent to None, run_after=None
[2022-06-17 17:18:28,377] {processor.py:161} INFO - Processing /home/uiliam/sandbox/lib/python3.9/site-packages/airflow/example_dags/example_external_task_marker_dag.py took 0.121 seconds
[2022-06-17 17:18:59,440] {processor.py:153} INFO - Started process (PID=138382) to work on /home/uiliam/sandbox/lib/python3.9/site-packages/airflow/example_dags/example_external_task_marker_dag.py
[2022-06-17 17:18:59,440] {processor.py:641} INFO - Processing file /home/uiliam/sandbox/lib/python3.9/site-packages/airflow/example_dags/example_external_task_marker_dag.py for tasks to queue
[2022-06-17 17:18:59,441] {logging_mixin.py:115} INFO - [2022-06-17 17:18:59,441] {dagbag.py:507} INFO - Filling up the DagBag from /home/uiliam/sandbox/lib/python3.9/site-packages/airflow/example_dags/example_external_task_marker_dag.py
[2022-06-17 17:18:59,450] {processor.py:651} INFO - DAG(s) dict_keys(['example_external_task_marker_parent', 'example_external_task_marker_child']) retrieved from /home/uiliam/sandbox/lib/python3.9/site-packages/airflow/example_dags/example_external_task_marker_dag.py
[2022-06-17 17:18:59,521] {logging_mixin.py:115} INFO - [2022-06-17 17:18:59,521] {dag.py:2379} INFO - Sync 2 DAGs
[2022-06-17 17:18:59,560] {logging_mixin.py:115} INFO - [2022-06-17 17:18:59,560] {dag.py:2927} INFO - Setting next_dagrun for example_external_task_marker_child to None, run_after=None
[2022-06-17 17:18:59,561] {logging_mixin.py:115} INFO - [2022-06-17 17:18:59,561] {dag.py:2927} INFO - Setting next_dagrun for example_external_task_marker_parent to None, run_after=None
[2022-06-17 17:18:59,581] {processor.py:161} INFO - Processing /home/uiliam/sandbox/lib/python3.9/site-packages/airflow/example_dags/example_external_task_marker_dag.py took 0.145 seconds
[2022-06-17 17:19:30,417] {processor.py:153} INFO - Started process (PID=138644) to work on /home/uiliam/sandbox/lib/python3.9/site-packages/airflow/example_dags/example_external_task_marker_dag.py
[2022-06-17 17:19:30,418] {processor.py:641} INFO - Processing file /home/uiliam/sandbox/lib/python3.9/site-packages/airflow/example_dags/example_external_task_marker_dag.py for tasks to queue
[2022-06-17 17:19:30,419] {logging_mixin.py:115} INFO - [2022-06-17 17:19:30,418] {dagbag.py:507} INFO - Filling up the DagBag from /home/uiliam/sandbox/lib/python3.9/site-packages/airflow/example_dags/example_external_task_marker_dag.py
[2022-06-17 17:19:30,425] {processor.py:651} INFO - DAG(s) dict_keys(['example_external_task_marker_parent', 'example_external_task_marker_child']) retrieved from /home/uiliam/sandbox/lib/python3.9/site-packages/airflow/example_dags/example_external_task_marker_dag.py
[2022-06-17 17:19:30,473] {logging_mixin.py:115} INFO - [2022-06-17 17:19:30,473] {dag.py:2379} INFO - Sync 2 DAGs
[2022-06-17 17:19:30,506] {logging_mixin.py:115} INFO - [2022-06-17 17:19:30,506] {dag.py:2927} INFO - Setting next_dagrun for example_external_task_marker_child to None, run_after=None
[2022-06-17 17:19:30,507] {logging_mixin.py:115} INFO - [2022-06-17 17:19:30,506] {dag.py:2927} INFO - Setting next_dagrun for example_external_task_marker_parent to None, run_after=None
[2022-06-17 17:19:30,526] {processor.py:161} INFO - Processing /home/uiliam/sandbox/lib/python3.9/site-packages/airflow/example_dags/example_external_task_marker_dag.py took 0.114 seconds
[2022-06-17 17:20:01,413] {processor.py:153} INFO - Started process (PID=138893) to work on /home/uiliam/sandbox/lib/python3.9/site-packages/airflow/example_dags/example_external_task_marker_dag.py
[2022-06-17 17:20:01,414] {processor.py:641} INFO - Processing file /home/uiliam/sandbox/lib/python3.9/site-packages/airflow/example_dags/example_external_task_marker_dag.py for tasks to queue
[2022-06-17 17:20:01,414] {logging_mixin.py:115} INFO - [2022-06-17 17:20:01,414] {dagbag.py:507} INFO - Filling up the DagBag from /home/uiliam/sandbox/lib/python3.9/site-packages/airflow/example_dags/example_external_task_marker_dag.py
[2022-06-17 17:20:01,421] {processor.py:651} INFO - DAG(s) dict_keys(['example_external_task_marker_parent', 'example_external_task_marker_child']) retrieved from /home/uiliam/sandbox/lib/python3.9/site-packages/airflow/example_dags/example_external_task_marker_dag.py
[2022-06-17 17:20:01,481] {logging_mixin.py:115} INFO - [2022-06-17 17:20:01,480] {dag.py:2379} INFO - Sync 2 DAGs
[2022-06-17 17:20:01,530] {logging_mixin.py:115} INFO - [2022-06-17 17:20:01,530] {dag.py:2927} INFO - Setting next_dagrun for example_external_task_marker_child to None, run_after=None
[2022-06-17 17:20:01,531] {logging_mixin.py:115} INFO - [2022-06-17 17:20:01,531] {dag.py:2927} INFO - Setting next_dagrun for example_external_task_marker_parent to None, run_after=None
[2022-06-17 17:20:01,555] {processor.py:161} INFO - Processing /home/uiliam/sandbox/lib/python3.9/site-packages/airflow/example_dags/example_external_task_marker_dag.py took 0.147 seconds
[2022-06-17 17:20:32,592] {processor.py:153} INFO - Started process (PID=139218) to work on /home/uiliam/sandbox/lib/python3.9/site-packages/airflow/example_dags/example_external_task_marker_dag.py
[2022-06-17 17:20:32,593] {processor.py:641} INFO - Processing file /home/uiliam/sandbox/lib/python3.9/site-packages/airflow/example_dags/example_external_task_marker_dag.py for tasks to queue
[2022-06-17 17:20:32,594] {logging_mixin.py:115} INFO - [2022-06-17 17:20:32,593] {dagbag.py:507} INFO - Filling up the DagBag from /home/uiliam/sandbox/lib/python3.9/site-packages/airflow/example_dags/example_external_task_marker_dag.py
[2022-06-17 17:20:32,600] {processor.py:651} INFO - DAG(s) dict_keys(['example_external_task_marker_parent', 'example_external_task_marker_child']) retrieved from /home/uiliam/sandbox/lib/python3.9/site-packages/airflow/example_dags/example_external_task_marker_dag.py
[2022-06-17 17:20:32,649] {logging_mixin.py:115} INFO - [2022-06-17 17:20:32,648] {dag.py:2379} INFO - Sync 2 DAGs
[2022-06-17 17:20:32,692] {logging_mixin.py:115} INFO - [2022-06-17 17:20:32,691] {dag.py:2927} INFO - Setting next_dagrun for example_external_task_marker_child to None, run_after=None
[2022-06-17 17:20:32,692] {logging_mixin.py:115} INFO - [2022-06-17 17:20:32,692] {dag.py:2927} INFO - Setting next_dagrun for example_external_task_marker_parent to None, run_after=None
[2022-06-17 17:20:32,727] {processor.py:161} INFO - Processing /home/uiliam/sandbox/lib/python3.9/site-packages/airflow/example_dags/example_external_task_marker_dag.py took 0.140 seconds
[2022-06-17 17:21:03,617] {processor.py:153} INFO - Started process (PID=139425) to work on /home/uiliam/sandbox/lib/python3.9/site-packages/airflow/example_dags/example_external_task_marker_dag.py
[2022-06-17 17:21:03,618] {processor.py:641} INFO - Processing file /home/uiliam/sandbox/lib/python3.9/site-packages/airflow/example_dags/example_external_task_marker_dag.py for tasks to queue
[2022-06-17 17:21:03,618] {logging_mixin.py:115} INFO - [2022-06-17 17:21:03,618] {dagbag.py:507} INFO - Filling up the DagBag from /home/uiliam/sandbox/lib/python3.9/site-packages/airflow/example_dags/example_external_task_marker_dag.py
[2022-06-17 17:21:03,624] {processor.py:651} INFO - DAG(s) dict_keys(['example_external_task_marker_parent', 'example_external_task_marker_child']) retrieved from /home/uiliam/sandbox/lib/python3.9/site-packages/airflow/example_dags/example_external_task_marker_dag.py
[2022-06-17 17:21:03,673] {logging_mixin.py:115} INFO - [2022-06-17 17:21:03,673] {dag.py:2379} INFO - Sync 2 DAGs
[2022-06-17 17:21:03,712] {logging_mixin.py:115} INFO - [2022-06-17 17:21:03,712] {dag.py:2927} INFO - Setting next_dagrun for example_external_task_marker_child to None, run_after=None
[2022-06-17 17:21:03,712] {logging_mixin.py:115} INFO - [2022-06-17 17:21:03,712] {dag.py:2927} INFO - Setting next_dagrun for example_external_task_marker_parent to None, run_after=None
[2022-06-17 17:21:03,734] {processor.py:161} INFO - Processing /home/uiliam/sandbox/lib/python3.9/site-packages/airflow/example_dags/example_external_task_marker_dag.py took 0.123 seconds
[2022-06-17 17:21:34,676] {processor.py:153} INFO - Started process (PID=139681) to work on /home/uiliam/sandbox/lib/python3.9/site-packages/airflow/example_dags/example_external_task_marker_dag.py
[2022-06-17 17:21:34,677] {processor.py:641} INFO - Processing file /home/uiliam/sandbox/lib/python3.9/site-packages/airflow/example_dags/example_external_task_marker_dag.py for tasks to queue
[2022-06-17 17:21:34,678] {logging_mixin.py:115} INFO - [2022-06-17 17:21:34,677] {dagbag.py:507} INFO - Filling up the DagBag from /home/uiliam/sandbox/lib/python3.9/site-packages/airflow/example_dags/example_external_task_marker_dag.py
[2022-06-17 17:21:34,686] {processor.py:651} INFO - DAG(s) dict_keys(['example_external_task_marker_parent', 'example_external_task_marker_child']) retrieved from /home/uiliam/sandbox/lib/python3.9/site-packages/airflow/example_dags/example_external_task_marker_dag.py
[2022-06-17 17:21:34,748] {logging_mixin.py:115} INFO - [2022-06-17 17:21:34,748] {dag.py:2379} INFO - Sync 2 DAGs
[2022-06-17 17:21:34,799] {logging_mixin.py:115} INFO - [2022-06-17 17:21:34,799] {dag.py:2927} INFO - Setting next_dagrun for example_external_task_marker_child to None, run_after=None
[2022-06-17 17:21:34,800] {logging_mixin.py:115} INFO - [2022-06-17 17:21:34,800] {dag.py:2927} INFO - Setting next_dagrun for example_external_task_marker_parent to None, run_after=None
[2022-06-17 17:21:34,828] {processor.py:161} INFO - Processing /home/uiliam/sandbox/lib/python3.9/site-packages/airflow/example_dags/example_external_task_marker_dag.py took 0.157 seconds
[2022-06-17 17:22:05,677] {processor.py:153} INFO - Started process (PID=139935) to work on /home/uiliam/sandbox/lib/python3.9/site-packages/airflow/example_dags/example_external_task_marker_dag.py
[2022-06-17 17:22:05,678] {processor.py:641} INFO - Processing file /home/uiliam/sandbox/lib/python3.9/site-packages/airflow/example_dags/example_external_task_marker_dag.py for tasks to queue
[2022-06-17 17:22:05,678] {logging_mixin.py:115} INFO - [2022-06-17 17:22:05,678] {dagbag.py:507} INFO - Filling up the DagBag from /home/uiliam/sandbox/lib/python3.9/site-packages/airflow/example_dags/example_external_task_marker_dag.py
[2022-06-17 17:22:05,684] {processor.py:651} INFO - DAG(s) dict_keys(['example_external_task_marker_parent', 'example_external_task_marker_child']) retrieved from /home/uiliam/sandbox/lib/python3.9/site-packages/airflow/example_dags/example_external_task_marker_dag.py
[2022-06-17 17:22:05,734] {logging_mixin.py:115} INFO - [2022-06-17 17:22:05,734] {dag.py:2379} INFO - Sync 2 DAGs
[2022-06-17 17:22:05,776] {logging_mixin.py:115} INFO - [2022-06-17 17:22:05,776] {dag.py:2927} INFO - Setting next_dagrun for example_external_task_marker_child to None, run_after=None
[2022-06-17 17:22:05,776] {logging_mixin.py:115} INFO - [2022-06-17 17:22:05,776] {dag.py:2927} INFO - Setting next_dagrun for example_external_task_marker_parent to None, run_after=None
[2022-06-17 17:22:05,805] {processor.py:161} INFO - Processing /home/uiliam/sandbox/lib/python3.9/site-packages/airflow/example_dags/example_external_task_marker_dag.py took 0.132 seconds
[2022-06-17 17:22:36,781] {processor.py:153} INFO - Started process (PID=140190) to work on /home/uiliam/sandbox/lib/python3.9/site-packages/airflow/example_dags/example_external_task_marker_dag.py
[2022-06-17 17:22:36,782] {processor.py:641} INFO - Processing file /home/uiliam/sandbox/lib/python3.9/site-packages/airflow/example_dags/example_external_task_marker_dag.py for tasks to queue
[2022-06-17 17:22:36,782] {logging_mixin.py:115} INFO - [2022-06-17 17:22:36,782] {dagbag.py:507} INFO - Filling up the DagBag from /home/uiliam/sandbox/lib/python3.9/site-packages/airflow/example_dags/example_external_task_marker_dag.py
[2022-06-17 17:22:36,790] {processor.py:651} INFO - DAG(s) dict_keys(['example_external_task_marker_parent', 'example_external_task_marker_child']) retrieved from /home/uiliam/sandbox/lib/python3.9/site-packages/airflow/example_dags/example_external_task_marker_dag.py
[2022-06-17 17:22:36,841] {logging_mixin.py:115} INFO - [2022-06-17 17:22:36,841] {dag.py:2379} INFO - Sync 2 DAGs
[2022-06-17 17:22:36,878] {logging_mixin.py:115} INFO - [2022-06-17 17:22:36,878] {dag.py:2927} INFO - Setting next_dagrun for example_external_task_marker_child to None, run_after=None
[2022-06-17 17:22:36,878] {logging_mixin.py:115} INFO - [2022-06-17 17:22:36,878] {dag.py:2927} INFO - Setting next_dagrun for example_external_task_marker_parent to None, run_after=None
[2022-06-17 17:22:36,899] {processor.py:161} INFO - Processing /home/uiliam/sandbox/lib/python3.9/site-packages/airflow/example_dags/example_external_task_marker_dag.py took 0.123 seconds
[2022-06-17 17:23:07,968] {processor.py:153} INFO - Started process (PID=140427) to work on /home/uiliam/sandbox/lib/python3.9/site-packages/airflow/example_dags/example_external_task_marker_dag.py
[2022-06-17 17:23:07,969] {processor.py:641} INFO - Processing file /home/uiliam/sandbox/lib/python3.9/site-packages/airflow/example_dags/example_external_task_marker_dag.py for tasks to queue
[2022-06-17 17:23:07,970] {logging_mixin.py:115} INFO - [2022-06-17 17:23:07,969] {dagbag.py:507} INFO - Filling up the DagBag from /home/uiliam/sandbox/lib/python3.9/site-packages/airflow/example_dags/example_external_task_marker_dag.py
[2022-06-17 17:23:07,976] {processor.py:651} INFO - DAG(s) dict_keys(['example_external_task_marker_parent', 'example_external_task_marker_child']) retrieved from /home/uiliam/sandbox/lib/python3.9/site-packages/airflow/example_dags/example_external_task_marker_dag.py
[2022-06-17 17:23:08,026] {logging_mixin.py:115} INFO - [2022-06-17 17:23:08,026] {dag.py:2379} INFO - Sync 2 DAGs
[2022-06-17 17:23:08,065] {logging_mixin.py:115} INFO - [2022-06-17 17:23:08,064] {dag.py:2927} INFO - Setting next_dagrun for example_external_task_marker_child to None, run_after=None
[2022-06-17 17:23:08,065] {logging_mixin.py:115} INFO - [2022-06-17 17:23:08,065] {dag.py:2927} INFO - Setting next_dagrun for example_external_task_marker_parent to None, run_after=None
[2022-06-17 17:23:08,085] {processor.py:161} INFO - Processing /home/uiliam/sandbox/lib/python3.9/site-packages/airflow/example_dags/example_external_task_marker_dag.py took 0.120 seconds
[2022-06-17 17:23:39,312] {processor.py:153} INFO - Started process (PID=140669) to work on /home/uiliam/sandbox/lib/python3.9/site-packages/airflow/example_dags/example_external_task_marker_dag.py
[2022-06-17 17:23:39,312] {processor.py:641} INFO - Processing file /home/uiliam/sandbox/lib/python3.9/site-packages/airflow/example_dags/example_external_task_marker_dag.py for tasks to queue
[2022-06-17 17:23:39,313] {logging_mixin.py:115} INFO - [2022-06-17 17:23:39,313] {dagbag.py:507} INFO - Filling up the DagBag from /home/uiliam/sandbox/lib/python3.9/site-packages/airflow/example_dags/example_external_task_marker_dag.py
[2022-06-17 17:23:39,319] {processor.py:651} INFO - DAG(s) dict_keys(['example_external_task_marker_parent', 'example_external_task_marker_child']) retrieved from /home/uiliam/sandbox/lib/python3.9/site-packages/airflow/example_dags/example_external_task_marker_dag.py
[2022-06-17 17:23:39,365] {logging_mixin.py:115} INFO - [2022-06-17 17:23:39,365] {dag.py:2379} INFO - Sync 2 DAGs
[2022-06-17 17:23:39,405] {logging_mixin.py:115} INFO - [2022-06-17 17:23:39,404] {dag.py:2927} INFO - Setting next_dagrun for example_external_task_marker_child to None, run_after=None
[2022-06-17 17:23:39,405] {logging_mixin.py:115} INFO - [2022-06-17 17:23:39,405] {dag.py:2927} INFO - Setting next_dagrun for example_external_task_marker_parent to None, run_after=None
[2022-06-17 17:23:39,426] {processor.py:161} INFO - Processing /home/uiliam/sandbox/lib/python3.9/site-packages/airflow/example_dags/example_external_task_marker_dag.py took 0.119 seconds
[2022-06-17 17:24:10,508] {processor.py:153} INFO - Started process (PID=140821) to work on /home/uiliam/sandbox/lib/python3.9/site-packages/airflow/example_dags/example_external_task_marker_dag.py
[2022-06-17 17:24:10,509] {processor.py:641} INFO - Processing file /home/uiliam/sandbox/lib/python3.9/site-packages/airflow/example_dags/example_external_task_marker_dag.py for tasks to queue
[2022-06-17 17:24:10,510] {logging_mixin.py:115} INFO - [2022-06-17 17:24:10,510] {dagbag.py:507} INFO - Filling up the DagBag from /home/uiliam/sandbox/lib/python3.9/site-packages/airflow/example_dags/example_external_task_marker_dag.py
[2022-06-17 17:24:10,517] {processor.py:651} INFO - DAG(s) dict_keys(['example_external_task_marker_parent', 'example_external_task_marker_child']) retrieved from /home/uiliam/sandbox/lib/python3.9/site-packages/airflow/example_dags/example_external_task_marker_dag.py
[2022-06-17 17:24:10,567] {logging_mixin.py:115} INFO - [2022-06-17 17:24:10,567] {dag.py:2379} INFO - Sync 2 DAGs
[2022-06-17 17:24:10,606] {logging_mixin.py:115} INFO - [2022-06-17 17:24:10,606] {dag.py:2927} INFO - Setting next_dagrun for example_external_task_marker_child to None, run_after=None
[2022-06-17 17:24:10,607] {logging_mixin.py:115} INFO - [2022-06-17 17:24:10,607] {dag.py:2927} INFO - Setting next_dagrun for example_external_task_marker_parent to None, run_after=None
[2022-06-17 17:24:10,629] {processor.py:161} INFO - Processing /home/uiliam/sandbox/lib/python3.9/site-packages/airflow/example_dags/example_external_task_marker_dag.py took 0.126 seconds
[2022-06-17 17:24:41,732] {processor.py:153} INFO - Started process (PID=141147) to work on /home/uiliam/sandbox/lib/python3.9/site-packages/airflow/example_dags/example_external_task_marker_dag.py
[2022-06-17 17:24:41,732] {processor.py:641} INFO - Processing file /home/uiliam/sandbox/lib/python3.9/site-packages/airflow/example_dags/example_external_task_marker_dag.py for tasks to queue
[2022-06-17 17:24:41,733] {logging_mixin.py:115} INFO - [2022-06-17 17:24:41,733] {dagbag.py:507} INFO - Filling up the DagBag from /home/uiliam/sandbox/lib/python3.9/site-packages/airflow/example_dags/example_external_task_marker_dag.py
[2022-06-17 17:24:41,739] {processor.py:651} INFO - DAG(s) dict_keys(['example_external_task_marker_parent', 'example_external_task_marker_child']) retrieved from /home/uiliam/sandbox/lib/python3.9/site-packages/airflow/example_dags/example_external_task_marker_dag.py
[2022-06-17 17:24:41,795] {logging_mixin.py:115} INFO - [2022-06-17 17:24:41,795] {dag.py:2379} INFO - Sync 2 DAGs
[2022-06-17 17:24:41,834] {logging_mixin.py:115} INFO - [2022-06-17 17:24:41,834] {dag.py:2927} INFO - Setting next_dagrun for example_external_task_marker_child to None, run_after=None
[2022-06-17 17:24:41,835] {logging_mixin.py:115} INFO - [2022-06-17 17:24:41,835] {dag.py:2927} INFO - Setting next_dagrun for example_external_task_marker_parent to None, run_after=None
[2022-06-17 17:24:41,854] {processor.py:161} INFO - Processing /home/uiliam/sandbox/lib/python3.9/site-packages/airflow/example_dags/example_external_task_marker_dag.py took 0.127 seconds
[2022-06-17 17:25:12,983] {processor.py:153} INFO - Started process (PID=141338) to work on /home/uiliam/sandbox/lib/python3.9/site-packages/airflow/example_dags/example_external_task_marker_dag.py
[2022-06-17 17:25:12,984] {processor.py:641} INFO - Processing file /home/uiliam/sandbox/lib/python3.9/site-packages/airflow/example_dags/example_external_task_marker_dag.py for tasks to queue
[2022-06-17 17:25:12,985] {logging_mixin.py:115} INFO - [2022-06-17 17:25:12,985] {dagbag.py:507} INFO - Filling up the DagBag from /home/uiliam/sandbox/lib/python3.9/site-packages/airflow/example_dags/example_external_task_marker_dag.py
[2022-06-17 17:25:12,993] {processor.py:651} INFO - DAG(s) dict_keys(['example_external_task_marker_parent', 'example_external_task_marker_child']) retrieved from /home/uiliam/sandbox/lib/python3.9/site-packages/airflow/example_dags/example_external_task_marker_dag.py
[2022-06-17 17:25:13,049] {logging_mixin.py:115} INFO - [2022-06-17 17:25:13,049] {dag.py:2379} INFO - Sync 2 DAGs
[2022-06-17 17:25:13,088] {logging_mixin.py:115} INFO - [2022-06-17 17:25:13,088] {dag.py:2927} INFO - Setting next_dagrun for example_external_task_marker_child to None, run_after=None
[2022-06-17 17:25:13,088] {logging_mixin.py:115} INFO - [2022-06-17 17:25:13,088] {dag.py:2927} INFO - Setting next_dagrun for example_external_task_marker_parent to None, run_after=None
[2022-06-17 17:25:13,107] {processor.py:161} INFO - Processing /home/uiliam/sandbox/lib/python3.9/site-packages/airflow/example_dags/example_external_task_marker_dag.py took 0.128 seconds
[2022-06-17 17:25:44,384] {processor.py:153} INFO - Started process (PID=141551) to work on /home/uiliam/sandbox/lib/python3.9/site-packages/airflow/example_dags/example_external_task_marker_dag.py
[2022-06-17 17:25:44,385] {processor.py:641} INFO - Processing file /home/uiliam/sandbox/lib/python3.9/site-packages/airflow/example_dags/example_external_task_marker_dag.py for tasks to queue
[2022-06-17 17:25:44,385] {logging_mixin.py:115} INFO - [2022-06-17 17:25:44,385] {dagbag.py:507} INFO - Filling up the DagBag from /home/uiliam/sandbox/lib/python3.9/site-packages/airflow/example_dags/example_external_task_marker_dag.py
[2022-06-17 17:25:44,392] {processor.py:651} INFO - DAG(s) dict_keys(['example_external_task_marker_parent', 'example_external_task_marker_child']) retrieved from /home/uiliam/sandbox/lib/python3.9/site-packages/airflow/example_dags/example_external_task_marker_dag.py
[2022-06-17 17:25:44,439] {logging_mixin.py:115} INFO - [2022-06-17 17:25:44,439] {dag.py:2379} INFO - Sync 2 DAGs
[2022-06-17 17:25:44,474] {logging_mixin.py:115} INFO - [2022-06-17 17:25:44,474] {dag.py:2927} INFO - Setting next_dagrun for example_external_task_marker_child to None, run_after=None
[2022-06-17 17:25:44,474] {logging_mixin.py:115} INFO - [2022-06-17 17:25:44,474] {dag.py:2927} INFO - Setting next_dagrun for example_external_task_marker_parent to None, run_after=None
[2022-06-17 17:25:44,496] {processor.py:161} INFO - Processing /home/uiliam/sandbox/lib/python3.9/site-packages/airflow/example_dags/example_external_task_marker_dag.py took 0.118 seconds
[2022-06-17 17:26:15,483] {processor.py:153} INFO - Started process (PID=141736) to work on /home/uiliam/sandbox/lib/python3.9/site-packages/airflow/example_dags/example_external_task_marker_dag.py
[2022-06-17 17:26:15,484] {processor.py:641} INFO - Processing file /home/uiliam/sandbox/lib/python3.9/site-packages/airflow/example_dags/example_external_task_marker_dag.py for tasks to queue
[2022-06-17 17:26:15,484] {logging_mixin.py:115} INFO - [2022-06-17 17:26:15,484] {dagbag.py:507} INFO - Filling up the DagBag from /home/uiliam/sandbox/lib/python3.9/site-packages/airflow/example_dags/example_external_task_marker_dag.py
[2022-06-17 17:26:15,490] {processor.py:651} INFO - DAG(s) dict_keys(['example_external_task_marker_parent', 'example_external_task_marker_child']) retrieved from /home/uiliam/sandbox/lib/python3.9/site-packages/airflow/example_dags/example_external_task_marker_dag.py
[2022-06-17 17:26:15,537] {logging_mixin.py:115} INFO - [2022-06-17 17:26:15,537] {dag.py:2379} INFO - Sync 2 DAGs
[2022-06-17 17:26:15,574] {logging_mixin.py:115} INFO - [2022-06-17 17:26:15,573] {dag.py:2927} INFO - Setting next_dagrun for example_external_task_marker_child to None, run_after=None
[2022-06-17 17:26:15,574] {logging_mixin.py:115} INFO - [2022-06-17 17:26:15,574] {dag.py:2927} INFO - Setting next_dagrun for example_external_task_marker_parent to None, run_after=None
[2022-06-17 17:26:15,593] {processor.py:161} INFO - Processing /home/uiliam/sandbox/lib/python3.9/site-packages/airflow/example_dags/example_external_task_marker_dag.py took 0.115 seconds
[2022-06-17 17:26:46,693] {processor.py:153} INFO - Started process (PID=141911) to work on /home/uiliam/sandbox/lib/python3.9/site-packages/airflow/example_dags/example_external_task_marker_dag.py
[2022-06-17 17:26:46,693] {processor.py:641} INFO - Processing file /home/uiliam/sandbox/lib/python3.9/site-packages/airflow/example_dags/example_external_task_marker_dag.py for tasks to queue
[2022-06-17 17:26:46,694] {logging_mixin.py:115} INFO - [2022-06-17 17:26:46,694] {dagbag.py:507} INFO - Filling up the DagBag from /home/uiliam/sandbox/lib/python3.9/site-packages/airflow/example_dags/example_external_task_marker_dag.py
[2022-06-17 17:26:46,700] {processor.py:651} INFO - DAG(s) dict_keys(['example_external_task_marker_parent', 'example_external_task_marker_child']) retrieved from /home/uiliam/sandbox/lib/python3.9/site-packages/airflow/example_dags/example_external_task_marker_dag.py
[2022-06-17 17:26:46,749] {logging_mixin.py:115} INFO - [2022-06-17 17:26:46,749] {dag.py:2379} INFO - Sync 2 DAGs
[2022-06-17 17:26:46,785] {logging_mixin.py:115} INFO - [2022-06-17 17:26:46,784] {dag.py:2927} INFO - Setting next_dagrun for example_external_task_marker_child to None, run_after=None
[2022-06-17 17:26:46,785] {logging_mixin.py:115} INFO - [2022-06-17 17:26:46,785] {dag.py:2927} INFO - Setting next_dagrun for example_external_task_marker_parent to None, run_after=None
[2022-06-17 17:26:46,807] {processor.py:161} INFO - Processing /home/uiliam/sandbox/lib/python3.9/site-packages/airflow/example_dags/example_external_task_marker_dag.py took 0.120 seconds
[2022-06-17 17:27:17,850] {processor.py:153} INFO - Started process (PID=142083) to work on /home/uiliam/sandbox/lib/python3.9/site-packages/airflow/example_dags/example_external_task_marker_dag.py
[2022-06-17 17:27:17,851] {processor.py:641} INFO - Processing file /home/uiliam/sandbox/lib/python3.9/site-packages/airflow/example_dags/example_external_task_marker_dag.py for tasks to queue
[2022-06-17 17:27:17,852] {logging_mixin.py:115} INFO - [2022-06-17 17:27:17,852] {dagbag.py:507} INFO - Filling up the DagBag from /home/uiliam/sandbox/lib/python3.9/site-packages/airflow/example_dags/example_external_task_marker_dag.py
[2022-06-17 17:27:17,857] {processor.py:651} INFO - DAG(s) dict_keys(['example_external_task_marker_parent', 'example_external_task_marker_child']) retrieved from /home/uiliam/sandbox/lib/python3.9/site-packages/airflow/example_dags/example_external_task_marker_dag.py
[2022-06-17 17:27:17,907] {logging_mixin.py:115} INFO - [2022-06-17 17:27:17,907] {dag.py:2379} INFO - Sync 2 DAGs
[2022-06-17 17:27:17,950] {logging_mixin.py:115} INFO - [2022-06-17 17:27:17,949] {dag.py:2927} INFO - Setting next_dagrun for example_external_task_marker_child to None, run_after=None
[2022-06-17 17:27:17,950] {logging_mixin.py:115} INFO - [2022-06-17 17:27:17,950] {dag.py:2927} INFO - Setting next_dagrun for example_external_task_marker_parent to None, run_after=None
[2022-06-17 17:27:17,973] {processor.py:161} INFO - Processing /home/uiliam/sandbox/lib/python3.9/site-packages/airflow/example_dags/example_external_task_marker_dag.py took 0.127 seconds
[2022-06-17 17:27:48,802] {processor.py:153} INFO - Started process (PID=142312) to work on /home/uiliam/sandbox/lib/python3.9/site-packages/airflow/example_dags/example_external_task_marker_dag.py
[2022-06-17 17:27:48,803] {processor.py:641} INFO - Processing file /home/uiliam/sandbox/lib/python3.9/site-packages/airflow/example_dags/example_external_task_marker_dag.py for tasks to queue
[2022-06-17 17:27:48,803] {logging_mixin.py:115} INFO - [2022-06-17 17:27:48,803] {dagbag.py:507} INFO - Filling up the DagBag from /home/uiliam/sandbox/lib/python3.9/site-packages/airflow/example_dags/example_external_task_marker_dag.py
[2022-06-17 17:27:48,809] {processor.py:651} INFO - DAG(s) dict_keys(['example_external_task_marker_parent', 'example_external_task_marker_child']) retrieved from /home/uiliam/sandbox/lib/python3.9/site-packages/airflow/example_dags/example_external_task_marker_dag.py
[2022-06-17 17:27:48,863] {logging_mixin.py:115} INFO - [2022-06-17 17:27:48,863] {dag.py:2379} INFO - Sync 2 DAGs
[2022-06-17 17:27:48,902] {logging_mixin.py:115} INFO - [2022-06-17 17:27:48,902] {dag.py:2927} INFO - Setting next_dagrun for example_external_task_marker_child to None, run_after=None
[2022-06-17 17:27:48,902] {logging_mixin.py:115} INFO - [2022-06-17 17:27:48,902] {dag.py:2927} INFO - Setting next_dagrun for example_external_task_marker_parent to None, run_after=None
[2022-06-17 17:27:48,925] {processor.py:161} INFO - Processing /home/uiliam/sandbox/lib/python3.9/site-packages/airflow/example_dags/example_external_task_marker_dag.py took 0.128 seconds
[2022-06-17 17:28:19,686] {processor.py:153} INFO - Started process (PID=142571) to work on /home/uiliam/sandbox/lib/python3.9/site-packages/airflow/example_dags/example_external_task_marker_dag.py
[2022-06-17 17:28:19,687] {processor.py:641} INFO - Processing file /home/uiliam/sandbox/lib/python3.9/site-packages/airflow/example_dags/example_external_task_marker_dag.py for tasks to queue
[2022-06-17 17:28:19,688] {logging_mixin.py:115} INFO - [2022-06-17 17:28:19,688] {dagbag.py:507} INFO - Filling up the DagBag from /home/uiliam/sandbox/lib/python3.9/site-packages/airflow/example_dags/example_external_task_marker_dag.py
[2022-06-17 17:28:19,693] {processor.py:651} INFO - DAG(s) dict_keys(['example_external_task_marker_parent', 'example_external_task_marker_child']) retrieved from /home/uiliam/sandbox/lib/python3.9/site-packages/airflow/example_dags/example_external_task_marker_dag.py
[2022-06-17 17:28:19,740] {logging_mixin.py:115} INFO - [2022-06-17 17:28:19,740] {dag.py:2379} INFO - Sync 2 DAGs
[2022-06-17 17:28:19,779] {logging_mixin.py:115} INFO - [2022-06-17 17:28:19,779] {dag.py:2927} INFO - Setting next_dagrun for example_external_task_marker_child to None, run_after=None
[2022-06-17 17:28:19,779] {logging_mixin.py:115} INFO - [2022-06-17 17:28:19,779] {dag.py:2927} INFO - Setting next_dagrun for example_external_task_marker_parent to None, run_after=None
[2022-06-17 17:28:19,799] {processor.py:161} INFO - Processing /home/uiliam/sandbox/lib/python3.9/site-packages/airflow/example_dags/example_external_task_marker_dag.py took 0.117 seconds
[2022-06-17 17:28:50,993] {processor.py:153} INFO - Started process (PID=142790) to work on /home/uiliam/sandbox/lib/python3.9/site-packages/airflow/example_dags/example_external_task_marker_dag.py
[2022-06-17 17:28:50,994] {processor.py:641} INFO - Processing file /home/uiliam/sandbox/lib/python3.9/site-packages/airflow/example_dags/example_external_task_marker_dag.py for tasks to queue
[2022-06-17 17:28:50,995] {logging_mixin.py:115} INFO - [2022-06-17 17:28:50,994] {dagbag.py:507} INFO - Filling up the DagBag from /home/uiliam/sandbox/lib/python3.9/site-packages/airflow/example_dags/example_external_task_marker_dag.py
[2022-06-17 17:28:51,000] {processor.py:651} INFO - DAG(s) dict_keys(['example_external_task_marker_parent', 'example_external_task_marker_child']) retrieved from /home/uiliam/sandbox/lib/python3.9/site-packages/airflow/example_dags/example_external_task_marker_dag.py
[2022-06-17 17:28:51,049] {logging_mixin.py:115} INFO - [2022-06-17 17:28:51,049] {dag.py:2379} INFO - Sync 2 DAGs
[2022-06-17 17:28:51,086] {logging_mixin.py:115} INFO - [2022-06-17 17:28:51,086] {dag.py:2927} INFO - Setting next_dagrun for example_external_task_marker_child to None, run_after=None
[2022-06-17 17:28:51,086] {logging_mixin.py:115} INFO - [2022-06-17 17:28:51,086] {dag.py:2927} INFO - Setting next_dagrun for example_external_task_marker_parent to None, run_after=None
[2022-06-17 17:28:51,107] {processor.py:161} INFO - Processing /home/uiliam/sandbox/lib/python3.9/site-packages/airflow/example_dags/example_external_task_marker_dag.py took 0.120 seconds
[2022-06-17 17:29:22,101] {processor.py:153} INFO - Started process (PID=142979) to work on /home/uiliam/sandbox/lib/python3.9/site-packages/airflow/example_dags/example_external_task_marker_dag.py
[2022-06-17 17:29:22,102] {processor.py:641} INFO - Processing file /home/uiliam/sandbox/lib/python3.9/site-packages/airflow/example_dags/example_external_task_marker_dag.py for tasks to queue
[2022-06-17 17:29:22,102] {logging_mixin.py:115} INFO - [2022-06-17 17:29:22,102] {dagbag.py:507} INFO - Filling up the DagBag from /home/uiliam/sandbox/lib/python3.9/site-packages/airflow/example_dags/example_external_task_marker_dag.py
[2022-06-17 17:29:22,108] {processor.py:651} INFO - DAG(s) dict_keys(['example_external_task_marker_parent', 'example_external_task_marker_child']) retrieved from /home/uiliam/sandbox/lib/python3.9/site-packages/airflow/example_dags/example_external_task_marker_dag.py
[2022-06-17 17:29:22,152] {logging_mixin.py:115} INFO - [2022-06-17 17:29:22,152] {dag.py:2379} INFO - Sync 2 DAGs
[2022-06-17 17:29:22,193] {logging_mixin.py:115} INFO - [2022-06-17 17:29:22,193] {dag.py:2927} INFO - Setting next_dagrun for example_external_task_marker_child to None, run_after=None
[2022-06-17 17:29:22,194] {logging_mixin.py:115} INFO - [2022-06-17 17:29:22,194] {dag.py:2927} INFO - Setting next_dagrun for example_external_task_marker_parent to None, run_after=None
[2022-06-17 17:29:22,217] {processor.py:161} INFO - Processing /home/uiliam/sandbox/lib/python3.9/site-packages/airflow/example_dags/example_external_task_marker_dag.py took 0.121 seconds
[2022-06-17 17:29:53,215] {processor.py:153} INFO - Started process (PID=143190) to work on /home/uiliam/sandbox/lib/python3.9/site-packages/airflow/example_dags/example_external_task_marker_dag.py
[2022-06-17 17:29:53,216] {processor.py:641} INFO - Processing file /home/uiliam/sandbox/lib/python3.9/site-packages/airflow/example_dags/example_external_task_marker_dag.py for tasks to queue
[2022-06-17 17:29:53,217] {logging_mixin.py:115} INFO - [2022-06-17 17:29:53,217] {dagbag.py:507} INFO - Filling up the DagBag from /home/uiliam/sandbox/lib/python3.9/site-packages/airflow/example_dags/example_external_task_marker_dag.py
[2022-06-17 17:29:53,222] {processor.py:651} INFO - DAG(s) dict_keys(['example_external_task_marker_parent', 'example_external_task_marker_child']) retrieved from /home/uiliam/sandbox/lib/python3.9/site-packages/airflow/example_dags/example_external_task_marker_dag.py
[2022-06-17 17:29:53,269] {logging_mixin.py:115} INFO - [2022-06-17 17:29:53,269] {dag.py:2379} INFO - Sync 2 DAGs
[2022-06-17 17:29:53,305] {logging_mixin.py:115} INFO - [2022-06-17 17:29:53,304] {dag.py:2927} INFO - Setting next_dagrun for example_external_task_marker_child to None, run_after=None
[2022-06-17 17:29:53,305] {logging_mixin.py:115} INFO - [2022-06-17 17:29:53,305] {dag.py:2927} INFO - Setting next_dagrun for example_external_task_marker_parent to None, run_after=None
[2022-06-17 17:29:53,331] {processor.py:161} INFO - Processing /home/uiliam/sandbox/lib/python3.9/site-packages/airflow/example_dags/example_external_task_marker_dag.py took 0.120 seconds
[2022-06-17 17:30:24,123] {processor.py:153} INFO - Started process (PID=143337) to work on /home/uiliam/sandbox/lib/python3.9/site-packages/airflow/example_dags/example_external_task_marker_dag.py
[2022-06-17 17:30:24,124] {processor.py:641} INFO - Processing file /home/uiliam/sandbox/lib/python3.9/site-packages/airflow/example_dags/example_external_task_marker_dag.py for tasks to queue
[2022-06-17 17:30:24,124] {logging_mixin.py:115} INFO - [2022-06-17 17:30:24,124] {dagbag.py:507} INFO - Filling up the DagBag from /home/uiliam/sandbox/lib/python3.9/site-packages/airflow/example_dags/example_external_task_marker_dag.py
[2022-06-17 17:30:24,129] {processor.py:651} INFO - DAG(s) dict_keys(['example_external_task_marker_parent', 'example_external_task_marker_child']) retrieved from /home/uiliam/sandbox/lib/python3.9/site-packages/airflow/example_dags/example_external_task_marker_dag.py
[2022-06-17 17:30:24,177] {logging_mixin.py:115} INFO - [2022-06-17 17:30:24,177] {dag.py:2379} INFO - Sync 2 DAGs
[2022-06-17 17:30:24,212] {logging_mixin.py:115} INFO - [2022-06-17 17:30:24,212] {dag.py:2927} INFO - Setting next_dagrun for example_external_task_marker_child to None, run_after=None
[2022-06-17 17:30:24,213] {logging_mixin.py:115} INFO - [2022-06-17 17:30:24,213] {dag.py:2927} INFO - Setting next_dagrun for example_external_task_marker_parent to None, run_after=None
[2022-06-17 17:30:24,232] {processor.py:161} INFO - Processing /home/uiliam/sandbox/lib/python3.9/site-packages/airflow/example_dags/example_external_task_marker_dag.py took 0.114 seconds
[2022-06-17 17:30:55,338] {processor.py:153} INFO - Started process (PID=143515) to work on /home/uiliam/sandbox/lib/python3.9/site-packages/airflow/example_dags/example_external_task_marker_dag.py
[2022-06-17 17:30:55,339] {processor.py:641} INFO - Processing file /home/uiliam/sandbox/lib/python3.9/site-packages/airflow/example_dags/example_external_task_marker_dag.py for tasks to queue
[2022-06-17 17:30:55,340] {logging_mixin.py:115} INFO - [2022-06-17 17:30:55,340] {dagbag.py:507} INFO - Filling up the DagBag from /home/uiliam/sandbox/lib/python3.9/site-packages/airflow/example_dags/example_external_task_marker_dag.py
[2022-06-17 17:30:55,347] {processor.py:651} INFO - DAG(s) dict_keys(['example_external_task_marker_parent', 'example_external_task_marker_child']) retrieved from /home/uiliam/sandbox/lib/python3.9/site-packages/airflow/example_dags/example_external_task_marker_dag.py
[2022-06-17 17:30:55,406] {logging_mixin.py:115} INFO - [2022-06-17 17:30:55,406] {dag.py:2379} INFO - Sync 2 DAGs
[2022-06-17 17:30:55,447] {logging_mixin.py:115} INFO - [2022-06-17 17:30:55,447] {dag.py:2927} INFO - Setting next_dagrun for example_external_task_marker_child to None, run_after=None
[2022-06-17 17:30:55,448] {logging_mixin.py:115} INFO - [2022-06-17 17:30:55,448] {dag.py:2927} INFO - Setting next_dagrun for example_external_task_marker_parent to None, run_after=None
[2022-06-17 17:30:55,469] {processor.py:161} INFO - Processing /home/uiliam/sandbox/lib/python3.9/site-packages/airflow/example_dags/example_external_task_marker_dag.py took 0.136 seconds
[2022-06-17 17:31:27,041] {processor.py:153} INFO - Started process (PID=143786) to work on /home/uiliam/sandbox/lib/python3.9/site-packages/airflow/example_dags/example_external_task_marker_dag.py
[2022-06-17 17:31:27,042] {processor.py:641} INFO - Processing file /home/uiliam/sandbox/lib/python3.9/site-packages/airflow/example_dags/example_external_task_marker_dag.py for tasks to queue
[2022-06-17 17:31:27,043] {logging_mixin.py:115} INFO - [2022-06-17 17:31:27,042] {dagbag.py:507} INFO - Filling up the DagBag from /home/uiliam/sandbox/lib/python3.9/site-packages/airflow/example_dags/example_external_task_marker_dag.py
[2022-06-17 17:31:27,048] {processor.py:651} INFO - DAG(s) dict_keys(['example_external_task_marker_parent', 'example_external_task_marker_child']) retrieved from /home/uiliam/sandbox/lib/python3.9/site-packages/airflow/example_dags/example_external_task_marker_dag.py
[2022-06-17 17:31:27,097] {logging_mixin.py:115} INFO - [2022-06-17 17:31:27,097] {dag.py:2379} INFO - Sync 2 DAGs
[2022-06-17 17:31:27,150] {logging_mixin.py:115} INFO - [2022-06-17 17:31:27,150] {dag.py:2927} INFO - Setting next_dagrun for example_external_task_marker_child to None, run_after=None
[2022-06-17 17:31:27,150] {logging_mixin.py:115} INFO - [2022-06-17 17:31:27,150] {dag.py:2927} INFO - Setting next_dagrun for example_external_task_marker_parent to None, run_after=None
[2022-06-17 17:31:27,178] {processor.py:161} INFO - Processing /home/uiliam/sandbox/lib/python3.9/site-packages/airflow/example_dags/example_external_task_marker_dag.py took 0.144 seconds
[2022-06-17 17:31:57,624] {processor.py:153} INFO - Started process (PID=143961) to work on /home/uiliam/sandbox/lib/python3.9/site-packages/airflow/example_dags/example_external_task_marker_dag.py
[2022-06-17 17:31:57,625] {processor.py:641} INFO - Processing file /home/uiliam/sandbox/lib/python3.9/site-packages/airflow/example_dags/example_external_task_marker_dag.py for tasks to queue
[2022-06-17 17:31:57,626] {logging_mixin.py:115} INFO - [2022-06-17 17:31:57,625] {dagbag.py:507} INFO - Filling up the DagBag from /home/uiliam/sandbox/lib/python3.9/site-packages/airflow/example_dags/example_external_task_marker_dag.py
[2022-06-17 17:31:57,631] {processor.py:651} INFO - DAG(s) dict_keys(['example_external_task_marker_parent', 'example_external_task_marker_child']) retrieved from /home/uiliam/sandbox/lib/python3.9/site-packages/airflow/example_dags/example_external_task_marker_dag.py
[2022-06-17 17:31:57,686] {logging_mixin.py:115} INFO - [2022-06-17 17:31:57,686] {dag.py:2379} INFO - Sync 2 DAGs
[2022-06-17 17:31:57,743] {logging_mixin.py:115} INFO - [2022-06-17 17:31:57,743] {dag.py:2927} INFO - Setting next_dagrun for example_external_task_marker_child to None, run_after=None
[2022-06-17 17:31:57,745] {logging_mixin.py:115} INFO - [2022-06-17 17:31:57,745] {dag.py:2927} INFO - Setting next_dagrun for example_external_task_marker_parent to None, run_after=None
[2022-06-17 17:31:57,786] {processor.py:161} INFO - Processing /home/uiliam/sandbox/lib/python3.9/site-packages/airflow/example_dags/example_external_task_marker_dag.py took 0.166 seconds
[2022-06-17 17:32:28,027] {processor.py:153} INFO - Started process (PID=144148) to work on /home/uiliam/sandbox/lib/python3.9/site-packages/airflow/example_dags/example_external_task_marker_dag.py
[2022-06-17 17:32:28,028] {processor.py:641} INFO - Processing file /home/uiliam/sandbox/lib/python3.9/site-packages/airflow/example_dags/example_external_task_marker_dag.py for tasks to queue
[2022-06-17 17:32:28,029] {logging_mixin.py:115} INFO - [2022-06-17 17:32:28,029] {dagbag.py:507} INFO - Filling up the DagBag from /home/uiliam/sandbox/lib/python3.9/site-packages/airflow/example_dags/example_external_task_marker_dag.py
[2022-06-17 17:32:28,037] {processor.py:651} INFO - DAG(s) dict_keys(['example_external_task_marker_parent', 'example_external_task_marker_child']) retrieved from /home/uiliam/sandbox/lib/python3.9/site-packages/airflow/example_dags/example_external_task_marker_dag.py
[2022-06-17 17:32:28,102] {logging_mixin.py:115} INFO - [2022-06-17 17:32:28,101] {dag.py:2379} INFO - Sync 2 DAGs
[2022-06-17 17:32:28,152] {logging_mixin.py:115} INFO - [2022-06-17 17:32:28,151] {dag.py:2927} INFO - Setting next_dagrun for example_external_task_marker_child to None, run_after=None
[2022-06-17 17:32:28,152] {logging_mixin.py:115} INFO - [2022-06-17 17:32:28,152] {dag.py:2927} INFO - Setting next_dagrun for example_external_task_marker_parent to None, run_after=None
[2022-06-17 17:32:28,176] {processor.py:161} INFO - Processing /home/uiliam/sandbox/lib/python3.9/site-packages/airflow/example_dags/example_external_task_marker_dag.py took 0.154 seconds
[2022-06-17 17:32:59,355] {processor.py:153} INFO - Started process (PID=144315) to work on /home/uiliam/sandbox/lib/python3.9/site-packages/airflow/example_dags/example_external_task_marker_dag.py
[2022-06-17 17:32:59,356] {processor.py:641} INFO - Processing file /home/uiliam/sandbox/lib/python3.9/site-packages/airflow/example_dags/example_external_task_marker_dag.py for tasks to queue
[2022-06-17 17:32:59,357] {logging_mixin.py:115} INFO - [2022-06-17 17:32:59,357] {dagbag.py:507} INFO - Filling up the DagBag from /home/uiliam/sandbox/lib/python3.9/site-packages/airflow/example_dags/example_external_task_marker_dag.py
[2022-06-17 17:32:59,363] {processor.py:651} INFO - DAG(s) dict_keys(['example_external_task_marker_parent', 'example_external_task_marker_child']) retrieved from /home/uiliam/sandbox/lib/python3.9/site-packages/airflow/example_dags/example_external_task_marker_dag.py
[2022-06-17 17:32:59,418] {logging_mixin.py:115} INFO - [2022-06-17 17:32:59,418] {dag.py:2379} INFO - Sync 2 DAGs
[2022-06-17 17:32:59,463] {logging_mixin.py:115} INFO - [2022-06-17 17:32:59,462] {dag.py:2927} INFO - Setting next_dagrun for example_external_task_marker_child to None, run_after=None
[2022-06-17 17:32:59,463] {logging_mixin.py:115} INFO - [2022-06-17 17:32:59,463] {dag.py:2927} INFO - Setting next_dagrun for example_external_task_marker_parent to None, run_after=None
[2022-06-17 17:32:59,491] {processor.py:161} INFO - Processing /home/uiliam/sandbox/lib/python3.9/site-packages/airflow/example_dags/example_external_task_marker_dag.py took 0.141 seconds
[2022-06-17 17:33:30,194] {processor.py:153} INFO - Started process (PID=144493) to work on /home/uiliam/sandbox/lib/python3.9/site-packages/airflow/example_dags/example_external_task_marker_dag.py
[2022-06-17 17:33:30,194] {processor.py:641} INFO - Processing file /home/uiliam/sandbox/lib/python3.9/site-packages/airflow/example_dags/example_external_task_marker_dag.py for tasks to queue
[2022-06-17 17:33:30,195] {logging_mixin.py:115} INFO - [2022-06-17 17:33:30,195] {dagbag.py:507} INFO - Filling up the DagBag from /home/uiliam/sandbox/lib/python3.9/site-packages/airflow/example_dags/example_external_task_marker_dag.py
[2022-06-17 17:33:30,200] {processor.py:651} INFO - DAG(s) dict_keys(['example_external_task_marker_parent', 'example_external_task_marker_child']) retrieved from /home/uiliam/sandbox/lib/python3.9/site-packages/airflow/example_dags/example_external_task_marker_dag.py
[2022-06-17 17:33:30,249] {logging_mixin.py:115} INFO - [2022-06-17 17:33:30,249] {dag.py:2379} INFO - Sync 2 DAGs
[2022-06-17 17:33:30,287] {logging_mixin.py:115} INFO - [2022-06-17 17:33:30,287] {dag.py:2927} INFO - Setting next_dagrun for example_external_task_marker_child to None, run_after=None
[2022-06-17 17:33:30,288] {logging_mixin.py:115} INFO - [2022-06-17 17:33:30,287] {dag.py:2927} INFO - Setting next_dagrun for example_external_task_marker_parent to None, run_after=None
[2022-06-17 17:33:30,307] {processor.py:161} INFO - Processing /home/uiliam/sandbox/lib/python3.9/site-packages/airflow/example_dags/example_external_task_marker_dag.py took 0.118 seconds
[2022-06-17 17:34:01,501] {processor.py:153} INFO - Started process (PID=144660) to work on /home/uiliam/sandbox/lib/python3.9/site-packages/airflow/example_dags/example_external_task_marker_dag.py
[2022-06-17 17:34:01,502] {processor.py:641} INFO - Processing file /home/uiliam/sandbox/lib/python3.9/site-packages/airflow/example_dags/example_external_task_marker_dag.py for tasks to queue
[2022-06-17 17:34:01,504] {logging_mixin.py:115} INFO - [2022-06-17 17:34:01,503] {dagbag.py:507} INFO - Filling up the DagBag from /home/uiliam/sandbox/lib/python3.9/site-packages/airflow/example_dags/example_external_task_marker_dag.py
[2022-06-17 17:34:01,509] {processor.py:651} INFO - DAG(s) dict_keys(['example_external_task_marker_parent', 'example_external_task_marker_child']) retrieved from /home/uiliam/sandbox/lib/python3.9/site-packages/airflow/example_dags/example_external_task_marker_dag.py
[2022-06-17 17:34:01,569] {logging_mixin.py:115} INFO - [2022-06-17 17:34:01,569] {dag.py:2379} INFO - Sync 2 DAGs
[2022-06-17 17:34:01,617] {logging_mixin.py:115} INFO - [2022-06-17 17:34:01,617] {dag.py:2927} INFO - Setting next_dagrun for example_external_task_marker_child to None, run_after=None
[2022-06-17 17:34:01,618] {logging_mixin.py:115} INFO - [2022-06-17 17:34:01,618] {dag.py:2927} INFO - Setting next_dagrun for example_external_task_marker_parent to None, run_after=None
[2022-06-17 17:34:01,641] {processor.py:161} INFO - Processing /home/uiliam/sandbox/lib/python3.9/site-packages/airflow/example_dags/example_external_task_marker_dag.py took 0.145 seconds
[2022-06-17 17:34:33,174] {processor.py:153} INFO - Started process (PID=145072) to work on /home/uiliam/sandbox/lib/python3.9/site-packages/airflow/example_dags/example_external_task_marker_dag.py
[2022-06-17 17:34:33,175] {processor.py:641} INFO - Processing file /home/uiliam/sandbox/lib/python3.9/site-packages/airflow/example_dags/example_external_task_marker_dag.py for tasks to queue
[2022-06-17 17:34:33,175] {logging_mixin.py:115} INFO - [2022-06-17 17:34:33,175] {dagbag.py:507} INFO - Filling up the DagBag from /home/uiliam/sandbox/lib/python3.9/site-packages/airflow/example_dags/example_external_task_marker_dag.py
[2022-06-17 17:34:33,182] {processor.py:651} INFO - DAG(s) dict_keys(['example_external_task_marker_parent', 'example_external_task_marker_child']) retrieved from /home/uiliam/sandbox/lib/python3.9/site-packages/airflow/example_dags/example_external_task_marker_dag.py
[2022-06-17 17:34:33,242] {logging_mixin.py:115} INFO - [2022-06-17 17:34:33,242] {dag.py:2379} INFO - Sync 2 DAGs
[2022-06-17 17:34:33,289] {logging_mixin.py:115} INFO - [2022-06-17 17:34:33,289] {dag.py:2927} INFO - Setting next_dagrun for example_external_task_marker_child to None, run_after=None
[2022-06-17 17:34:33,289] {logging_mixin.py:115} INFO - [2022-06-17 17:34:33,289] {dag.py:2927} INFO - Setting next_dagrun for example_external_task_marker_parent to None, run_after=None
[2022-06-17 17:34:33,310] {processor.py:161} INFO - Processing /home/uiliam/sandbox/lib/python3.9/site-packages/airflow/example_dags/example_external_task_marker_dag.py took 0.142 seconds
[2022-06-17 17:35:04,529] {processor.py:153} INFO - Started process (PID=145419) to work on /home/uiliam/sandbox/lib/python3.9/site-packages/airflow/example_dags/example_external_task_marker_dag.py
[2022-06-17 17:35:04,530] {processor.py:641} INFO - Processing file /home/uiliam/sandbox/lib/python3.9/site-packages/airflow/example_dags/example_external_task_marker_dag.py for tasks to queue
[2022-06-17 17:35:04,531] {logging_mixin.py:115} INFO - [2022-06-17 17:35:04,531] {dagbag.py:507} INFO - Filling up the DagBag from /home/uiliam/sandbox/lib/python3.9/site-packages/airflow/example_dags/example_external_task_marker_dag.py
[2022-06-17 17:35:04,538] {processor.py:651} INFO - DAG(s) dict_keys(['example_external_task_marker_parent', 'example_external_task_marker_child']) retrieved from /home/uiliam/sandbox/lib/python3.9/site-packages/airflow/example_dags/example_external_task_marker_dag.py
[2022-06-17 17:35:04,600] {logging_mixin.py:115} INFO - [2022-06-17 17:35:04,600] {dag.py:2379} INFO - Sync 2 DAGs
[2022-06-17 17:35:04,655] {logging_mixin.py:115} INFO - [2022-06-17 17:35:04,655] {dag.py:2927} INFO - Setting next_dagrun for example_external_task_marker_child to None, run_after=None
[2022-06-17 17:35:04,656] {logging_mixin.py:115} INFO - [2022-06-17 17:35:04,656] {dag.py:2927} INFO - Setting next_dagrun for example_external_task_marker_parent to None, run_after=None
[2022-06-17 17:35:04,679] {processor.py:161} INFO - Processing /home/uiliam/sandbox/lib/python3.9/site-packages/airflow/example_dags/example_external_task_marker_dag.py took 0.155 seconds
[2022-06-17 17:35:35,868] {processor.py:153} INFO - Started process (PID=145709) to work on /home/uiliam/sandbox/lib/python3.9/site-packages/airflow/example_dags/example_external_task_marker_dag.py
[2022-06-17 17:35:35,869] {processor.py:641} INFO - Processing file /home/uiliam/sandbox/lib/python3.9/site-packages/airflow/example_dags/example_external_task_marker_dag.py for tasks to queue
[2022-06-17 17:35:35,871] {logging_mixin.py:115} INFO - [2022-06-17 17:35:35,870] {dagbag.py:507} INFO - Filling up the DagBag from /home/uiliam/sandbox/lib/python3.9/site-packages/airflow/example_dags/example_external_task_marker_dag.py
[2022-06-17 17:35:35,880] {processor.py:651} INFO - DAG(s) dict_keys(['example_external_task_marker_parent', 'example_external_task_marker_child']) retrieved from /home/uiliam/sandbox/lib/python3.9/site-packages/airflow/example_dags/example_external_task_marker_dag.py
[2022-06-17 17:35:35,943] {logging_mixin.py:115} INFO - [2022-06-17 17:35:35,943] {dag.py:2379} INFO - Sync 2 DAGs
[2022-06-17 17:35:35,988] {logging_mixin.py:115} INFO - [2022-06-17 17:35:35,988] {dag.py:2927} INFO - Setting next_dagrun for example_external_task_marker_child to None, run_after=None
[2022-06-17 17:35:35,989] {logging_mixin.py:115} INFO - [2022-06-17 17:35:35,989] {dag.py:2927} INFO - Setting next_dagrun for example_external_task_marker_parent to None, run_after=None
[2022-06-17 17:35:36,013] {processor.py:161} INFO - Processing /home/uiliam/sandbox/lib/python3.9/site-packages/airflow/example_dags/example_external_task_marker_dag.py took 0.152 seconds
[2022-06-17 17:36:07,324] {processor.py:153} INFO - Started process (PID=146065) to work on /home/uiliam/sandbox/lib/python3.9/site-packages/airflow/example_dags/example_external_task_marker_dag.py
[2022-06-17 17:36:07,325] {processor.py:641} INFO - Processing file /home/uiliam/sandbox/lib/python3.9/site-packages/airflow/example_dags/example_external_task_marker_dag.py for tasks to queue
[2022-06-17 17:36:07,325] {logging_mixin.py:115} INFO - [2022-06-17 17:36:07,325] {dagbag.py:507} INFO - Filling up the DagBag from /home/uiliam/sandbox/lib/python3.9/site-packages/airflow/example_dags/example_external_task_marker_dag.py
[2022-06-17 17:36:07,331] {processor.py:651} INFO - DAG(s) dict_keys(['example_external_task_marker_parent', 'example_external_task_marker_child']) retrieved from /home/uiliam/sandbox/lib/python3.9/site-packages/airflow/example_dags/example_external_task_marker_dag.py
[2022-06-17 17:36:07,381] {logging_mixin.py:115} INFO - [2022-06-17 17:36:07,381] {dag.py:2379} INFO - Sync 2 DAGs
[2022-06-17 17:36:07,421] {logging_mixin.py:115} INFO - [2022-06-17 17:36:07,420] {dag.py:2927} INFO - Setting next_dagrun for example_external_task_marker_child to None, run_after=None
[2022-06-17 17:36:07,421] {logging_mixin.py:115} INFO - [2022-06-17 17:36:07,421] {dag.py:2927} INFO - Setting next_dagrun for example_external_task_marker_parent to None, run_after=None
[2022-06-17 17:36:07,447] {processor.py:161} INFO - Processing /home/uiliam/sandbox/lib/python3.9/site-packages/airflow/example_dags/example_external_task_marker_dag.py took 0.128 seconds
