[2022-06-17 17:11:10,187] {processor.py:153} INFO - Started process (PID=132459) to work on /home/uiliam/sandbox/lib/python3.9/site-packages/airflow/example_dags/example_python_operator.py
[2022-06-17 17:11:10,188] {processor.py:641} INFO - Processing file /home/uiliam/sandbox/lib/python3.9/site-packages/airflow/example_dags/example_python_operator.py for tasks to queue
[2022-06-17 17:11:10,189] {logging_mixin.py:115} INFO - [2022-06-17 17:11:10,189] {dagbag.py:507} INFO - Filling up the DagBag from /home/uiliam/sandbox/lib/python3.9/site-packages/airflow/example_dags/example_python_operator.py
[2022-06-17 17:11:10,215] {logging_mixin.py:115} INFO - [2022-06-17 17:11:10,214] {example_python_operator.py:68} WARNING - The virtalenv_python example task requires virtualenv, please install it.
[2022-06-17 17:11:10,215] {processor.py:651} INFO - DAG(s) dict_keys(['example_python_operator']) retrieved from /home/uiliam/sandbox/lib/python3.9/site-packages/airflow/example_dags/example_python_operator.py
[2022-06-17 17:11:10,246] {logging_mixin.py:115} INFO - [2022-06-17 17:11:10,246] {dag.py:2379} INFO - Sync 1 DAGs
[2022-06-17 17:11:10,283] {logging_mixin.py:115} INFO - [2022-06-17 17:11:10,283] {dag.py:2927} INFO - Setting next_dagrun for example_python_operator to None, run_after=None
[2022-06-17 17:11:10,305] {processor.py:161} INFO - Processing /home/uiliam/sandbox/lib/python3.9/site-packages/airflow/example_dags/example_python_operator.py took 0.122 seconds
[2022-06-17 17:11:41,256] {processor.py:153} INFO - Started process (PID=132789) to work on /home/uiliam/sandbox/lib/python3.9/site-packages/airflow/example_dags/example_python_operator.py
[2022-06-17 17:11:41,257] {processor.py:641} INFO - Processing file /home/uiliam/sandbox/lib/python3.9/site-packages/airflow/example_dags/example_python_operator.py for tasks to queue
[2022-06-17 17:11:41,257] {logging_mixin.py:115} INFO - [2022-06-17 17:11:41,257] {dagbag.py:507} INFO - Filling up the DagBag from /home/uiliam/sandbox/lib/python3.9/site-packages/airflow/example_dags/example_python_operator.py
[2022-06-17 17:11:41,292] {logging_mixin.py:115} INFO - [2022-06-17 17:11:41,292] {example_python_operator.py:68} WARNING - The virtalenv_python example task requires virtualenv, please install it.
[2022-06-17 17:11:41,293] {processor.py:651} INFO - DAG(s) dict_keys(['example_python_operator']) retrieved from /home/uiliam/sandbox/lib/python3.9/site-packages/airflow/example_dags/example_python_operator.py
[2022-06-17 17:11:41,333] {logging_mixin.py:115} INFO - [2022-06-17 17:11:41,333] {dag.py:2379} INFO - Sync 1 DAGs
[2022-06-17 17:11:41,376] {logging_mixin.py:115} INFO - [2022-06-17 17:11:41,376] {dag.py:2927} INFO - Setting next_dagrun for example_python_operator to None, run_after=None
[2022-06-17 17:11:41,400] {processor.py:161} INFO - Processing /home/uiliam/sandbox/lib/python3.9/site-packages/airflow/example_dags/example_python_operator.py took 0.150 seconds
[2022-06-17 17:12:12,674] {processor.py:153} INFO - Started process (PID=133990) to work on /home/uiliam/sandbox/lib/python3.9/site-packages/airflow/example_dags/example_python_operator.py
[2022-06-17 17:12:12,675] {processor.py:641} INFO - Processing file /home/uiliam/sandbox/lib/python3.9/site-packages/airflow/example_dags/example_python_operator.py for tasks to queue
[2022-06-17 17:12:12,676] {logging_mixin.py:115} INFO - [2022-06-17 17:12:12,676] {dagbag.py:507} INFO - Filling up the DagBag from /home/uiliam/sandbox/lib/python3.9/site-packages/airflow/example_dags/example_python_operator.py
[2022-06-17 17:12:12,704] {logging_mixin.py:115} INFO - [2022-06-17 17:12:12,704] {example_python_operator.py:68} WARNING - The virtalenv_python example task requires virtualenv, please install it.
[2022-06-17 17:12:12,705] {processor.py:651} INFO - DAG(s) dict_keys(['example_python_operator']) retrieved from /home/uiliam/sandbox/lib/python3.9/site-packages/airflow/example_dags/example_python_operator.py
[2022-06-17 17:12:12,735] {logging_mixin.py:115} INFO - [2022-06-17 17:12:12,735] {dag.py:2379} INFO - Sync 1 DAGs
[2022-06-17 17:12:12,770] {logging_mixin.py:115} INFO - [2022-06-17 17:12:12,770] {dag.py:2927} INFO - Setting next_dagrun for example_python_operator to None, run_after=None
[2022-06-17 17:12:12,790] {processor.py:161} INFO - Processing /home/uiliam/sandbox/lib/python3.9/site-packages/airflow/example_dags/example_python_operator.py took 0.120 seconds
[2022-06-17 17:12:43,818] {processor.py:153} INFO - Started process (PID=135082) to work on /home/uiliam/sandbox/lib/python3.9/site-packages/airflow/example_dags/example_python_operator.py
[2022-06-17 17:12:43,819] {processor.py:641} INFO - Processing file /home/uiliam/sandbox/lib/python3.9/site-packages/airflow/example_dags/example_python_operator.py for tasks to queue
[2022-06-17 17:12:43,820] {logging_mixin.py:115} INFO - [2022-06-17 17:12:43,819] {dagbag.py:507} INFO - Filling up the DagBag from /home/uiliam/sandbox/lib/python3.9/site-packages/airflow/example_dags/example_python_operator.py
[2022-06-17 17:12:43,847] {logging_mixin.py:115} INFO - [2022-06-17 17:12:43,847] {example_python_operator.py:68} WARNING - The virtalenv_python example task requires virtualenv, please install it.
[2022-06-17 17:12:43,848] {processor.py:651} INFO - DAG(s) dict_keys(['example_python_operator']) retrieved from /home/uiliam/sandbox/lib/python3.9/site-packages/airflow/example_dags/example_python_operator.py
[2022-06-17 17:12:43,887] {logging_mixin.py:115} INFO - [2022-06-17 17:12:43,887] {dag.py:2379} INFO - Sync 1 DAGs
[2022-06-17 17:12:43,924] {logging_mixin.py:115} INFO - [2022-06-17 17:12:43,924] {dag.py:2927} INFO - Setting next_dagrun for example_python_operator to None, run_after=None
[2022-06-17 17:12:43,943] {processor.py:161} INFO - Processing /home/uiliam/sandbox/lib/python3.9/site-packages/airflow/example_dags/example_python_operator.py took 0.130 seconds
[2022-06-17 17:13:15,146] {processor.py:153} INFO - Started process (PID=135488) to work on /home/uiliam/sandbox/lib/python3.9/site-packages/airflow/example_dags/example_python_operator.py
[2022-06-17 17:13:15,147] {processor.py:641} INFO - Processing file /home/uiliam/sandbox/lib/python3.9/site-packages/airflow/example_dags/example_python_operator.py for tasks to queue
[2022-06-17 17:13:15,148] {logging_mixin.py:115} INFO - [2022-06-17 17:13:15,148] {dagbag.py:507} INFO - Filling up the DagBag from /home/uiliam/sandbox/lib/python3.9/site-packages/airflow/example_dags/example_python_operator.py
[2022-06-17 17:13:15,176] {logging_mixin.py:115} INFO - [2022-06-17 17:13:15,176] {example_python_operator.py:68} WARNING - The virtalenv_python example task requires virtualenv, please install it.
[2022-06-17 17:13:15,177] {processor.py:651} INFO - DAG(s) dict_keys(['example_python_operator']) retrieved from /home/uiliam/sandbox/lib/python3.9/site-packages/airflow/example_dags/example_python_operator.py
[2022-06-17 17:13:15,211] {logging_mixin.py:115} INFO - [2022-06-17 17:13:15,211] {dag.py:2379} INFO - Sync 1 DAGs
[2022-06-17 17:13:15,249] {logging_mixin.py:115} INFO - [2022-06-17 17:13:15,249] {dag.py:2927} INFO - Setting next_dagrun for example_python_operator to None, run_after=None
[2022-06-17 17:13:15,270] {processor.py:161} INFO - Processing /home/uiliam/sandbox/lib/python3.9/site-packages/airflow/example_dags/example_python_operator.py took 0.128 seconds
[2022-06-17 17:13:46,379] {processor.py:153} INFO - Started process (PID=135795) to work on /home/uiliam/sandbox/lib/python3.9/site-packages/airflow/example_dags/example_python_operator.py
[2022-06-17 17:13:46,380] {processor.py:641} INFO - Processing file /home/uiliam/sandbox/lib/python3.9/site-packages/airflow/example_dags/example_python_operator.py for tasks to queue
[2022-06-17 17:13:46,381] {logging_mixin.py:115} INFO - [2022-06-17 17:13:46,381] {dagbag.py:507} INFO - Filling up the DagBag from /home/uiliam/sandbox/lib/python3.9/site-packages/airflow/example_dags/example_python_operator.py
[2022-06-17 17:13:46,406] {logging_mixin.py:115} INFO - [2022-06-17 17:13:46,406] {example_python_operator.py:68} WARNING - The virtalenv_python example task requires virtualenv, please install it.
[2022-06-17 17:13:46,407] {processor.py:651} INFO - DAG(s) dict_keys(['example_python_operator']) retrieved from /home/uiliam/sandbox/lib/python3.9/site-packages/airflow/example_dags/example_python_operator.py
[2022-06-17 17:13:46,441] {logging_mixin.py:115} INFO - [2022-06-17 17:13:46,440] {dag.py:2379} INFO - Sync 1 DAGs
[2022-06-17 17:13:46,478] {logging_mixin.py:115} INFO - [2022-06-17 17:13:46,478] {dag.py:2927} INFO - Setting next_dagrun for example_python_operator to None, run_after=None
[2022-06-17 17:13:46,497] {processor.py:161} INFO - Processing /home/uiliam/sandbox/lib/python3.9/site-packages/airflow/example_dags/example_python_operator.py took 0.123 seconds
[2022-06-17 17:14:17,548] {processor.py:153} INFO - Started process (PID=136072) to work on /home/uiliam/sandbox/lib/python3.9/site-packages/airflow/example_dags/example_python_operator.py
[2022-06-17 17:14:17,549] {processor.py:641} INFO - Processing file /home/uiliam/sandbox/lib/python3.9/site-packages/airflow/example_dags/example_python_operator.py for tasks to queue
[2022-06-17 17:14:17,549] {logging_mixin.py:115} INFO - [2022-06-17 17:14:17,549] {dagbag.py:507} INFO - Filling up the DagBag from /home/uiliam/sandbox/lib/python3.9/site-packages/airflow/example_dags/example_python_operator.py
[2022-06-17 17:14:17,578] {logging_mixin.py:115} INFO - [2022-06-17 17:14:17,577] {example_python_operator.py:68} WARNING - The virtalenv_python example task requires virtualenv, please install it.
[2022-06-17 17:14:17,578] {processor.py:651} INFO - DAG(s) dict_keys(['example_python_operator']) retrieved from /home/uiliam/sandbox/lib/python3.9/site-packages/airflow/example_dags/example_python_operator.py
[2022-06-17 17:14:17,614] {logging_mixin.py:115} INFO - [2022-06-17 17:14:17,614] {dag.py:2379} INFO - Sync 1 DAGs
[2022-06-17 17:14:17,658] {logging_mixin.py:115} INFO - [2022-06-17 17:14:17,658] {dag.py:2927} INFO - Setting next_dagrun for example_python_operator to None, run_after=None
[2022-06-17 17:14:17,681] {processor.py:161} INFO - Processing /home/uiliam/sandbox/lib/python3.9/site-packages/airflow/example_dags/example_python_operator.py took 0.138 seconds
[2022-06-17 17:14:48,862] {processor.py:153} INFO - Started process (PID=136426) to work on /home/uiliam/sandbox/lib/python3.9/site-packages/airflow/example_dags/example_python_operator.py
[2022-06-17 17:14:48,862] {processor.py:641} INFO - Processing file /home/uiliam/sandbox/lib/python3.9/site-packages/airflow/example_dags/example_python_operator.py for tasks to queue
[2022-06-17 17:14:48,863] {logging_mixin.py:115} INFO - [2022-06-17 17:14:48,863] {dagbag.py:507} INFO - Filling up the DagBag from /home/uiliam/sandbox/lib/python3.9/site-packages/airflow/example_dags/example_python_operator.py
[2022-06-17 17:14:48,887] {logging_mixin.py:115} INFO - [2022-06-17 17:14:48,886] {example_python_operator.py:68} WARNING - The virtalenv_python example task requires virtualenv, please install it.
[2022-06-17 17:14:48,887] {processor.py:651} INFO - DAG(s) dict_keys(['example_python_operator']) retrieved from /home/uiliam/sandbox/lib/python3.9/site-packages/airflow/example_dags/example_python_operator.py
[2022-06-17 17:14:48,918] {logging_mixin.py:115} INFO - [2022-06-17 17:14:48,917] {dag.py:2379} INFO - Sync 1 DAGs
[2022-06-17 17:14:48,954] {logging_mixin.py:115} INFO - [2022-06-17 17:14:48,954] {dag.py:2927} INFO - Setting next_dagrun for example_python_operator to None, run_after=None
[2022-06-17 17:14:48,974] {processor.py:161} INFO - Processing /home/uiliam/sandbox/lib/python3.9/site-packages/airflow/example_dags/example_python_operator.py took 0.118 seconds
[2022-06-17 17:15:20,318] {processor.py:153} INFO - Started process (PID=136688) to work on /home/uiliam/sandbox/lib/python3.9/site-packages/airflow/example_dags/example_python_operator.py
[2022-06-17 17:15:20,318] {processor.py:641} INFO - Processing file /home/uiliam/sandbox/lib/python3.9/site-packages/airflow/example_dags/example_python_operator.py for tasks to queue
[2022-06-17 17:15:20,319] {logging_mixin.py:115} INFO - [2022-06-17 17:15:20,319] {dagbag.py:507} INFO - Filling up the DagBag from /home/uiliam/sandbox/lib/python3.9/site-packages/airflow/example_dags/example_python_operator.py
[2022-06-17 17:15:20,348] {logging_mixin.py:115} INFO - [2022-06-17 17:15:20,347] {example_python_operator.py:68} WARNING - The virtalenv_python example task requires virtualenv, please install it.
[2022-06-17 17:15:20,348] {processor.py:651} INFO - DAG(s) dict_keys(['example_python_operator']) retrieved from /home/uiliam/sandbox/lib/python3.9/site-packages/airflow/example_dags/example_python_operator.py
[2022-06-17 17:15:20,392] {logging_mixin.py:115} INFO - [2022-06-17 17:15:20,391] {dag.py:2379} INFO - Sync 1 DAGs
[2022-06-17 17:15:20,438] {logging_mixin.py:115} INFO - [2022-06-17 17:15:20,438] {dag.py:2927} INFO - Setting next_dagrun for example_python_operator to None, run_after=None
[2022-06-17 17:15:20,461] {processor.py:161} INFO - Processing /home/uiliam/sandbox/lib/python3.9/site-packages/airflow/example_dags/example_python_operator.py took 0.149 seconds
[2022-06-17 17:15:51,222] {processor.py:153} INFO - Started process (PID=136852) to work on /home/uiliam/sandbox/lib/python3.9/site-packages/airflow/example_dags/example_python_operator.py
[2022-06-17 17:15:51,223] {processor.py:641} INFO - Processing file /home/uiliam/sandbox/lib/python3.9/site-packages/airflow/example_dags/example_python_operator.py for tasks to queue
[2022-06-17 17:15:51,224] {logging_mixin.py:115} INFO - [2022-06-17 17:15:51,223] {dagbag.py:507} INFO - Filling up the DagBag from /home/uiliam/sandbox/lib/python3.9/site-packages/airflow/example_dags/example_python_operator.py
[2022-06-17 17:15:51,247] {logging_mixin.py:115} INFO - [2022-06-17 17:15:51,247] {example_python_operator.py:68} WARNING - The virtalenv_python example task requires virtualenv, please install it.
[2022-06-17 17:15:51,248] {processor.py:651} INFO - DAG(s) dict_keys(['example_python_operator']) retrieved from /home/uiliam/sandbox/lib/python3.9/site-packages/airflow/example_dags/example_python_operator.py
[2022-06-17 17:15:51,280] {logging_mixin.py:115} INFO - [2022-06-17 17:15:51,280] {dag.py:2379} INFO - Sync 1 DAGs
[2022-06-17 17:15:51,317] {logging_mixin.py:115} INFO - [2022-06-17 17:15:51,316] {dag.py:2927} INFO - Setting next_dagrun for example_python_operator to None, run_after=None
[2022-06-17 17:15:51,336] {processor.py:161} INFO - Processing /home/uiliam/sandbox/lib/python3.9/site-packages/airflow/example_dags/example_python_operator.py took 0.119 seconds
[2022-06-17 17:16:22,222] {processor.py:153} INFO - Started process (PID=137056) to work on /home/uiliam/sandbox/lib/python3.9/site-packages/airflow/example_dags/example_python_operator.py
[2022-06-17 17:16:22,222] {processor.py:641} INFO - Processing file /home/uiliam/sandbox/lib/python3.9/site-packages/airflow/example_dags/example_python_operator.py for tasks to queue
[2022-06-17 17:16:22,223] {logging_mixin.py:115} INFO - [2022-06-17 17:16:22,223] {dagbag.py:507} INFO - Filling up the DagBag from /home/uiliam/sandbox/lib/python3.9/site-packages/airflow/example_dags/example_python_operator.py
[2022-06-17 17:16:22,245] {logging_mixin.py:115} INFO - [2022-06-17 17:16:22,245] {example_python_operator.py:68} WARNING - The virtalenv_python example task requires virtualenv, please install it.
[2022-06-17 17:16:22,246] {processor.py:651} INFO - DAG(s) dict_keys(['example_python_operator']) retrieved from /home/uiliam/sandbox/lib/python3.9/site-packages/airflow/example_dags/example_python_operator.py
[2022-06-17 17:16:22,279] {logging_mixin.py:115} INFO - [2022-06-17 17:16:22,279] {dag.py:2379} INFO - Sync 1 DAGs
[2022-06-17 17:16:22,311] {logging_mixin.py:115} INFO - [2022-06-17 17:16:22,311] {dag.py:2927} INFO - Setting next_dagrun for example_python_operator to None, run_after=None
[2022-06-17 17:16:22,329] {processor.py:161} INFO - Processing /home/uiliam/sandbox/lib/python3.9/site-packages/airflow/example_dags/example_python_operator.py took 0.111 seconds
[2022-06-17 17:16:53,480] {processor.py:153} INFO - Started process (PID=137281) to work on /home/uiliam/sandbox/lib/python3.9/site-packages/airflow/example_dags/example_python_operator.py
[2022-06-17 17:16:53,481] {processor.py:641} INFO - Processing file /home/uiliam/sandbox/lib/python3.9/site-packages/airflow/example_dags/example_python_operator.py for tasks to queue
[2022-06-17 17:16:53,482] {logging_mixin.py:115} INFO - [2022-06-17 17:16:53,482] {dagbag.py:507} INFO - Filling up the DagBag from /home/uiliam/sandbox/lib/python3.9/site-packages/airflow/example_dags/example_python_operator.py
[2022-06-17 17:16:53,506] {logging_mixin.py:115} INFO - [2022-06-17 17:16:53,506] {example_python_operator.py:68} WARNING - The virtalenv_python example task requires virtualenv, please install it.
[2022-06-17 17:16:53,507] {processor.py:651} INFO - DAG(s) dict_keys(['example_python_operator']) retrieved from /home/uiliam/sandbox/lib/python3.9/site-packages/airflow/example_dags/example_python_operator.py
[2022-06-17 17:16:53,535] {logging_mixin.py:115} INFO - [2022-06-17 17:16:53,534] {dag.py:2379} INFO - Sync 1 DAGs
[2022-06-17 17:16:53,570] {logging_mixin.py:115} INFO - [2022-06-17 17:16:53,570] {dag.py:2927} INFO - Setting next_dagrun for example_python_operator to None, run_after=None
[2022-06-17 17:16:53,590] {processor.py:161} INFO - Processing /home/uiliam/sandbox/lib/python3.9/site-packages/airflow/example_dags/example_python_operator.py took 0.114 seconds
[2022-06-17 17:17:24,412] {processor.py:153} INFO - Started process (PID=137529) to work on /home/uiliam/sandbox/lib/python3.9/site-packages/airflow/example_dags/example_python_operator.py
[2022-06-17 17:17:24,413] {processor.py:641} INFO - Processing file /home/uiliam/sandbox/lib/python3.9/site-packages/airflow/example_dags/example_python_operator.py for tasks to queue
[2022-06-17 17:17:24,413] {logging_mixin.py:115} INFO - [2022-06-17 17:17:24,413] {dagbag.py:507} INFO - Filling up the DagBag from /home/uiliam/sandbox/lib/python3.9/site-packages/airflow/example_dags/example_python_operator.py
[2022-06-17 17:17:24,440] {logging_mixin.py:115} INFO - [2022-06-17 17:17:24,440] {example_python_operator.py:68} WARNING - The virtalenv_python example task requires virtualenv, please install it.
[2022-06-17 17:17:24,441] {processor.py:651} INFO - DAG(s) dict_keys(['example_python_operator']) retrieved from /home/uiliam/sandbox/lib/python3.9/site-packages/airflow/example_dags/example_python_operator.py
[2022-06-17 17:17:24,473] {logging_mixin.py:115} INFO - [2022-06-17 17:17:24,473] {dag.py:2379} INFO - Sync 1 DAGs
[2022-06-17 17:17:24,520] {logging_mixin.py:115} INFO - [2022-06-17 17:17:24,520] {dag.py:2927} INFO - Setting next_dagrun for example_python_operator to None, run_after=None
[2022-06-17 17:17:24,540] {processor.py:161} INFO - Processing /home/uiliam/sandbox/lib/python3.9/site-packages/airflow/example_dags/example_python_operator.py took 0.134 seconds
[2022-06-17 17:17:55,492] {processor.py:153} INFO - Started process (PID=137768) to work on /home/uiliam/sandbox/lib/python3.9/site-packages/airflow/example_dags/example_python_operator.py
[2022-06-17 17:17:55,493] {processor.py:641} INFO - Processing file /home/uiliam/sandbox/lib/python3.9/site-packages/airflow/example_dags/example_python_operator.py for tasks to queue
[2022-06-17 17:17:55,493] {logging_mixin.py:115} INFO - [2022-06-17 17:17:55,493] {dagbag.py:507} INFO - Filling up the DagBag from /home/uiliam/sandbox/lib/python3.9/site-packages/airflow/example_dags/example_python_operator.py
[2022-06-17 17:17:55,515] {logging_mixin.py:115} INFO - [2022-06-17 17:17:55,515] {example_python_operator.py:68} WARNING - The virtalenv_python example task requires virtualenv, please install it.
[2022-06-17 17:17:55,515] {processor.py:651} INFO - DAG(s) dict_keys(['example_python_operator']) retrieved from /home/uiliam/sandbox/lib/python3.9/site-packages/airflow/example_dags/example_python_operator.py
[2022-06-17 17:17:55,549] {logging_mixin.py:115} INFO - [2022-06-17 17:17:55,548] {dag.py:2379} INFO - Sync 1 DAGs
[2022-06-17 17:17:55,592] {logging_mixin.py:115} INFO - [2022-06-17 17:17:55,592] {dag.py:2927} INFO - Setting next_dagrun for example_python_operator to None, run_after=None
[2022-06-17 17:17:55,613] {processor.py:161} INFO - Processing /home/uiliam/sandbox/lib/python3.9/site-packages/airflow/example_dags/example_python_operator.py took 0.126 seconds
[2022-06-17 17:18:26,842] {processor.py:153} INFO - Started process (PID=138075) to work on /home/uiliam/sandbox/lib/python3.9/site-packages/airflow/example_dags/example_python_operator.py
[2022-06-17 17:18:26,843] {processor.py:641} INFO - Processing file /home/uiliam/sandbox/lib/python3.9/site-packages/airflow/example_dags/example_python_operator.py for tasks to queue
[2022-06-17 17:18:26,844] {logging_mixin.py:115} INFO - [2022-06-17 17:18:26,844] {dagbag.py:507} INFO - Filling up the DagBag from /home/uiliam/sandbox/lib/python3.9/site-packages/airflow/example_dags/example_python_operator.py
[2022-06-17 17:18:26,865] {logging_mixin.py:115} INFO - [2022-06-17 17:18:26,865] {example_python_operator.py:68} WARNING - The virtalenv_python example task requires virtualenv, please install it.
[2022-06-17 17:18:26,866] {processor.py:651} INFO - DAG(s) dict_keys(['example_python_operator']) retrieved from /home/uiliam/sandbox/lib/python3.9/site-packages/airflow/example_dags/example_python_operator.py
[2022-06-17 17:18:26,902] {logging_mixin.py:115} INFO - [2022-06-17 17:18:26,901] {dag.py:2379} INFO - Sync 1 DAGs
[2022-06-17 17:18:26,948] {logging_mixin.py:115} INFO - [2022-06-17 17:18:26,948] {dag.py:2927} INFO - Setting next_dagrun for example_python_operator to None, run_after=None
[2022-06-17 17:18:26,974] {processor.py:161} INFO - Processing /home/uiliam/sandbox/lib/python3.9/site-packages/airflow/example_dags/example_python_operator.py took 0.135 seconds
[2022-06-17 17:18:57,917] {processor.py:153} INFO - Started process (PID=138327) to work on /home/uiliam/sandbox/lib/python3.9/site-packages/airflow/example_dags/example_python_operator.py
[2022-06-17 17:18:57,918] {processor.py:641} INFO - Processing file /home/uiliam/sandbox/lib/python3.9/site-packages/airflow/example_dags/example_python_operator.py for tasks to queue
[2022-06-17 17:18:57,918] {logging_mixin.py:115} INFO - [2022-06-17 17:18:57,918] {dagbag.py:507} INFO - Filling up the DagBag from /home/uiliam/sandbox/lib/python3.9/site-packages/airflow/example_dags/example_python_operator.py
[2022-06-17 17:18:57,941] {logging_mixin.py:115} INFO - [2022-06-17 17:18:57,941] {example_python_operator.py:68} WARNING - The virtalenv_python example task requires virtualenv, please install it.
[2022-06-17 17:18:57,942] {processor.py:651} INFO - DAG(s) dict_keys(['example_python_operator']) retrieved from /home/uiliam/sandbox/lib/python3.9/site-packages/airflow/example_dags/example_python_operator.py
[2022-06-17 17:18:57,980] {logging_mixin.py:115} INFO - [2022-06-17 17:18:57,979] {dag.py:2379} INFO - Sync 1 DAGs
[2022-06-17 17:18:58,019] {logging_mixin.py:115} INFO - [2022-06-17 17:18:58,019] {dag.py:2927} INFO - Setting next_dagrun for example_python_operator to None, run_after=None
[2022-06-17 17:18:58,037] {processor.py:161} INFO - Processing /home/uiliam/sandbox/lib/python3.9/site-packages/airflow/example_dags/example_python_operator.py took 0.125 seconds
[2022-06-17 17:19:29,045] {processor.py:153} INFO - Started process (PID=138590) to work on /home/uiliam/sandbox/lib/python3.9/site-packages/airflow/example_dags/example_python_operator.py
[2022-06-17 17:19:29,045] {processor.py:641} INFO - Processing file /home/uiliam/sandbox/lib/python3.9/site-packages/airflow/example_dags/example_python_operator.py for tasks to queue
[2022-06-17 17:19:29,046] {logging_mixin.py:115} INFO - [2022-06-17 17:19:29,046] {dagbag.py:507} INFO - Filling up the DagBag from /home/uiliam/sandbox/lib/python3.9/site-packages/airflow/example_dags/example_python_operator.py
[2022-06-17 17:19:29,068] {logging_mixin.py:115} INFO - [2022-06-17 17:19:29,068] {example_python_operator.py:68} WARNING - The virtalenv_python example task requires virtualenv, please install it.
[2022-06-17 17:19:29,068] {processor.py:651} INFO - DAG(s) dict_keys(['example_python_operator']) retrieved from /home/uiliam/sandbox/lib/python3.9/site-packages/airflow/example_dags/example_python_operator.py
[2022-06-17 17:19:29,099] {logging_mixin.py:115} INFO - [2022-06-17 17:19:29,099] {dag.py:2379} INFO - Sync 1 DAGs
[2022-06-17 17:19:29,133] {logging_mixin.py:115} INFO - [2022-06-17 17:19:29,133] {dag.py:2927} INFO - Setting next_dagrun for example_python_operator to None, run_after=None
[2022-06-17 17:19:29,155] {processor.py:161} INFO - Processing /home/uiliam/sandbox/lib/python3.9/site-packages/airflow/example_dags/example_python_operator.py took 0.114 seconds
[2022-06-17 17:20:00,016] {processor.py:153} INFO - Started process (PID=138850) to work on /home/uiliam/sandbox/lib/python3.9/site-packages/airflow/example_dags/example_python_operator.py
[2022-06-17 17:20:00,017] {processor.py:641} INFO - Processing file /home/uiliam/sandbox/lib/python3.9/site-packages/airflow/example_dags/example_python_operator.py for tasks to queue
[2022-06-17 17:20:00,017] {logging_mixin.py:115} INFO - [2022-06-17 17:20:00,017] {dagbag.py:507} INFO - Filling up the DagBag from /home/uiliam/sandbox/lib/python3.9/site-packages/airflow/example_dags/example_python_operator.py
[2022-06-17 17:20:00,041] {logging_mixin.py:115} INFO - [2022-06-17 17:20:00,041] {example_python_operator.py:68} WARNING - The virtalenv_python example task requires virtualenv, please install it.
[2022-06-17 17:20:00,041] {processor.py:651} INFO - DAG(s) dict_keys(['example_python_operator']) retrieved from /home/uiliam/sandbox/lib/python3.9/site-packages/airflow/example_dags/example_python_operator.py
[2022-06-17 17:20:00,074] {logging_mixin.py:115} INFO - [2022-06-17 17:20:00,074] {dag.py:2379} INFO - Sync 1 DAGs
[2022-06-17 17:20:00,114] {logging_mixin.py:115} INFO - [2022-06-17 17:20:00,113] {dag.py:2927} INFO - Setting next_dagrun for example_python_operator to None, run_after=None
[2022-06-17 17:20:00,134] {processor.py:161} INFO - Processing /home/uiliam/sandbox/lib/python3.9/site-packages/airflow/example_dags/example_python_operator.py took 0.123 seconds
[2022-06-17 17:20:31,200] {processor.py:153} INFO - Started process (PID=139166) to work on /home/uiliam/sandbox/lib/python3.9/site-packages/airflow/example_dags/example_python_operator.py
[2022-06-17 17:20:31,201] {processor.py:641} INFO - Processing file /home/uiliam/sandbox/lib/python3.9/site-packages/airflow/example_dags/example_python_operator.py for tasks to queue
[2022-06-17 17:20:31,201] {logging_mixin.py:115} INFO - [2022-06-17 17:20:31,201] {dagbag.py:507} INFO - Filling up the DagBag from /home/uiliam/sandbox/lib/python3.9/site-packages/airflow/example_dags/example_python_operator.py
[2022-06-17 17:20:31,223] {logging_mixin.py:115} INFO - [2022-06-17 17:20:31,223] {example_python_operator.py:68} WARNING - The virtalenv_python example task requires virtualenv, please install it.
[2022-06-17 17:20:31,224] {processor.py:651} INFO - DAG(s) dict_keys(['example_python_operator']) retrieved from /home/uiliam/sandbox/lib/python3.9/site-packages/airflow/example_dags/example_python_operator.py
[2022-06-17 17:20:31,257] {logging_mixin.py:115} INFO - [2022-06-17 17:20:31,257] {dag.py:2379} INFO - Sync 1 DAGs
[2022-06-17 17:20:31,292] {logging_mixin.py:115} INFO - [2022-06-17 17:20:31,292] {dag.py:2927} INFO - Setting next_dagrun for example_python_operator to None, run_after=None
[2022-06-17 17:20:31,309] {processor.py:161} INFO - Processing /home/uiliam/sandbox/lib/python3.9/site-packages/airflow/example_dags/example_python_operator.py took 0.114 seconds
[2022-06-17 17:21:02,196] {processor.py:153} INFO - Started process (PID=139380) to work on /home/uiliam/sandbox/lib/python3.9/site-packages/airflow/example_dags/example_python_operator.py
[2022-06-17 17:21:02,196] {processor.py:641} INFO - Processing file /home/uiliam/sandbox/lib/python3.9/site-packages/airflow/example_dags/example_python_operator.py for tasks to queue
[2022-06-17 17:21:02,197] {logging_mixin.py:115} INFO - [2022-06-17 17:21:02,197] {dagbag.py:507} INFO - Filling up the DagBag from /home/uiliam/sandbox/lib/python3.9/site-packages/airflow/example_dags/example_python_operator.py
[2022-06-17 17:21:02,223] {logging_mixin.py:115} INFO - [2022-06-17 17:21:02,223] {example_python_operator.py:68} WARNING - The virtalenv_python example task requires virtualenv, please install it.
[2022-06-17 17:21:02,224] {processor.py:651} INFO - DAG(s) dict_keys(['example_python_operator']) retrieved from /home/uiliam/sandbox/lib/python3.9/site-packages/airflow/example_dags/example_python_operator.py
[2022-06-17 17:21:02,263] {logging_mixin.py:115} INFO - [2022-06-17 17:21:02,263] {dag.py:2379} INFO - Sync 1 DAGs
[2022-06-17 17:21:02,304] {logging_mixin.py:115} INFO - [2022-06-17 17:21:02,304] {dag.py:2927} INFO - Setting next_dagrun for example_python_operator to None, run_after=None
[2022-06-17 17:21:02,324] {processor.py:161} INFO - Processing /home/uiliam/sandbox/lib/python3.9/site-packages/airflow/example_dags/example_python_operator.py took 0.133 seconds
[2022-06-17 17:21:33,253] {processor.py:153} INFO - Started process (PID=139633) to work on /home/uiliam/sandbox/lib/python3.9/site-packages/airflow/example_dags/example_python_operator.py
[2022-06-17 17:21:33,254] {processor.py:641} INFO - Processing file /home/uiliam/sandbox/lib/python3.9/site-packages/airflow/example_dags/example_python_operator.py for tasks to queue
[2022-06-17 17:21:33,255] {logging_mixin.py:115} INFO - [2022-06-17 17:21:33,255] {dagbag.py:507} INFO - Filling up the DagBag from /home/uiliam/sandbox/lib/python3.9/site-packages/airflow/example_dags/example_python_operator.py
[2022-06-17 17:21:33,278] {logging_mixin.py:115} INFO - [2022-06-17 17:21:33,277] {example_python_operator.py:68} WARNING - The virtalenv_python example task requires virtualenv, please install it.
[2022-06-17 17:21:33,278] {processor.py:651} INFO - DAG(s) dict_keys(['example_python_operator']) retrieved from /home/uiliam/sandbox/lib/python3.9/site-packages/airflow/example_dags/example_python_operator.py
[2022-06-17 17:21:33,315] {logging_mixin.py:115} INFO - [2022-06-17 17:21:33,315] {dag.py:2379} INFO - Sync 1 DAGs
[2022-06-17 17:21:33,348] {logging_mixin.py:115} INFO - [2022-06-17 17:21:33,348] {dag.py:2927} INFO - Setting next_dagrun for example_python_operator to None, run_after=None
[2022-06-17 17:21:33,368] {processor.py:161} INFO - Processing /home/uiliam/sandbox/lib/python3.9/site-packages/airflow/example_dags/example_python_operator.py took 0.120 seconds
[2022-06-17 17:22:04,299] {processor.py:153} INFO - Started process (PID=139883) to work on /home/uiliam/sandbox/lib/python3.9/site-packages/airflow/example_dags/example_python_operator.py
[2022-06-17 17:22:04,300] {processor.py:641} INFO - Processing file /home/uiliam/sandbox/lib/python3.9/site-packages/airflow/example_dags/example_python_operator.py for tasks to queue
[2022-06-17 17:22:04,301] {logging_mixin.py:115} INFO - [2022-06-17 17:22:04,301] {dagbag.py:507} INFO - Filling up the DagBag from /home/uiliam/sandbox/lib/python3.9/site-packages/airflow/example_dags/example_python_operator.py
[2022-06-17 17:22:04,325] {logging_mixin.py:115} INFO - [2022-06-17 17:22:04,325] {example_python_operator.py:68} WARNING - The virtalenv_python example task requires virtualenv, please install it.
[2022-06-17 17:22:04,326] {processor.py:651} INFO - DAG(s) dict_keys(['example_python_operator']) retrieved from /home/uiliam/sandbox/lib/python3.9/site-packages/airflow/example_dags/example_python_operator.py
[2022-06-17 17:22:04,361] {logging_mixin.py:115} INFO - [2022-06-17 17:22:04,361] {dag.py:2379} INFO - Sync 1 DAGs
[2022-06-17 17:22:04,396] {logging_mixin.py:115} INFO - [2022-06-17 17:22:04,395] {dag.py:2927} INFO - Setting next_dagrun for example_python_operator to None, run_after=None
[2022-06-17 17:22:04,417] {processor.py:161} INFO - Processing /home/uiliam/sandbox/lib/python3.9/site-packages/airflow/example_dags/example_python_operator.py took 0.123 seconds
[2022-06-17 17:22:35,278] {processor.py:153} INFO - Started process (PID=140146) to work on /home/uiliam/sandbox/lib/python3.9/site-packages/airflow/example_dags/example_python_operator.py
[2022-06-17 17:22:35,278] {processor.py:641} INFO - Processing file /home/uiliam/sandbox/lib/python3.9/site-packages/airflow/example_dags/example_python_operator.py for tasks to queue
[2022-06-17 17:22:35,279] {logging_mixin.py:115} INFO - [2022-06-17 17:22:35,279] {dagbag.py:507} INFO - Filling up the DagBag from /home/uiliam/sandbox/lib/python3.9/site-packages/airflow/example_dags/example_python_operator.py
[2022-06-17 17:22:35,302] {logging_mixin.py:115} INFO - [2022-06-17 17:22:35,302] {example_python_operator.py:68} WARNING - The virtalenv_python example task requires virtualenv, please install it.
[2022-06-17 17:22:35,302] {processor.py:651} INFO - DAG(s) dict_keys(['example_python_operator']) retrieved from /home/uiliam/sandbox/lib/python3.9/site-packages/airflow/example_dags/example_python_operator.py
[2022-06-17 17:22:35,337] {logging_mixin.py:115} INFO - [2022-06-17 17:22:35,337] {dag.py:2379} INFO - Sync 1 DAGs
[2022-06-17 17:22:35,374] {logging_mixin.py:115} INFO - [2022-06-17 17:22:35,374] {dag.py:2927} INFO - Setting next_dagrun for example_python_operator to None, run_after=None
[2022-06-17 17:22:35,392] {processor.py:161} INFO - Processing /home/uiliam/sandbox/lib/python3.9/site-packages/airflow/example_dags/example_python_operator.py took 0.119 seconds
[2022-06-17 17:23:06,452] {processor.py:153} INFO - Started process (PID=140372) to work on /home/uiliam/sandbox/lib/python3.9/site-packages/airflow/example_dags/example_python_operator.py
[2022-06-17 17:23:06,453] {processor.py:641} INFO - Processing file /home/uiliam/sandbox/lib/python3.9/site-packages/airflow/example_dags/example_python_operator.py for tasks to queue
[2022-06-17 17:23:06,454] {logging_mixin.py:115} INFO - [2022-06-17 17:23:06,454] {dagbag.py:507} INFO - Filling up the DagBag from /home/uiliam/sandbox/lib/python3.9/site-packages/airflow/example_dags/example_python_operator.py
[2022-06-17 17:23:06,477] {logging_mixin.py:115} INFO - [2022-06-17 17:23:06,477] {example_python_operator.py:68} WARNING - The virtalenv_python example task requires virtualenv, please install it.
[2022-06-17 17:23:06,478] {processor.py:651} INFO - DAG(s) dict_keys(['example_python_operator']) retrieved from /home/uiliam/sandbox/lib/python3.9/site-packages/airflow/example_dags/example_python_operator.py
[2022-06-17 17:23:06,513] {logging_mixin.py:115} INFO - [2022-06-17 17:23:06,513] {dag.py:2379} INFO - Sync 1 DAGs
[2022-06-17 17:23:06,546] {logging_mixin.py:115} INFO - [2022-06-17 17:23:06,546] {dag.py:2927} INFO - Setting next_dagrun for example_python_operator to None, run_after=None
[2022-06-17 17:23:06,564] {processor.py:161} INFO - Processing /home/uiliam/sandbox/lib/python3.9/site-packages/airflow/example_dags/example_python_operator.py took 0.116 seconds
[2022-06-17 17:23:37,569] {processor.py:153} INFO - Started process (PID=140625) to work on /home/uiliam/sandbox/lib/python3.9/site-packages/airflow/example_dags/example_python_operator.py
[2022-06-17 17:23:37,569] {processor.py:641} INFO - Processing file /home/uiliam/sandbox/lib/python3.9/site-packages/airflow/example_dags/example_python_operator.py for tasks to queue
[2022-06-17 17:23:37,570] {logging_mixin.py:115} INFO - [2022-06-17 17:23:37,570] {dagbag.py:507} INFO - Filling up the DagBag from /home/uiliam/sandbox/lib/python3.9/site-packages/airflow/example_dags/example_python_operator.py
[2022-06-17 17:23:37,599] {logging_mixin.py:115} INFO - [2022-06-17 17:23:37,599] {example_python_operator.py:68} WARNING - The virtalenv_python example task requires virtualenv, please install it.
[2022-06-17 17:23:37,600] {processor.py:651} INFO - DAG(s) dict_keys(['example_python_operator']) retrieved from /home/uiliam/sandbox/lib/python3.9/site-packages/airflow/example_dags/example_python_operator.py
[2022-06-17 17:23:37,642] {logging_mixin.py:115} INFO - [2022-06-17 17:23:37,642] {dag.py:2379} INFO - Sync 1 DAGs
[2022-06-17 17:23:37,675] {logging_mixin.py:115} INFO - [2022-06-17 17:23:37,675] {dag.py:2927} INFO - Setting next_dagrun for example_python_operator to None, run_after=None
[2022-06-17 17:23:37,696] {processor.py:161} INFO - Processing /home/uiliam/sandbox/lib/python3.9/site-packages/airflow/example_dags/example_python_operator.py took 0.133 seconds
[2022-06-17 17:24:08,993] {processor.py:153} INFO - Started process (PID=140778) to work on /home/uiliam/sandbox/lib/python3.9/site-packages/airflow/example_dags/example_python_operator.py
[2022-06-17 17:24:08,994] {processor.py:641} INFO - Processing file /home/uiliam/sandbox/lib/python3.9/site-packages/airflow/example_dags/example_python_operator.py for tasks to queue
[2022-06-17 17:24:08,994] {logging_mixin.py:115} INFO - [2022-06-17 17:24:08,994] {dagbag.py:507} INFO - Filling up the DagBag from /home/uiliam/sandbox/lib/python3.9/site-packages/airflow/example_dags/example_python_operator.py
[2022-06-17 17:24:09,018] {logging_mixin.py:115} INFO - [2022-06-17 17:24:09,018] {example_python_operator.py:68} WARNING - The virtalenv_python example task requires virtualenv, please install it.
[2022-06-17 17:24:09,018] {processor.py:651} INFO - DAG(s) dict_keys(['example_python_operator']) retrieved from /home/uiliam/sandbox/lib/python3.9/site-packages/airflow/example_dags/example_python_operator.py
[2022-06-17 17:24:09,054] {logging_mixin.py:115} INFO - [2022-06-17 17:24:09,054] {dag.py:2379} INFO - Sync 1 DAGs
[2022-06-17 17:24:09,091] {logging_mixin.py:115} INFO - [2022-06-17 17:24:09,090] {dag.py:2927} INFO - Setting next_dagrun for example_python_operator to None, run_after=None
[2022-06-17 17:24:09,111] {processor.py:161} INFO - Processing /home/uiliam/sandbox/lib/python3.9/site-packages/airflow/example_dags/example_python_operator.py took 0.122 seconds
[2022-06-17 17:24:40,231] {processor.py:153} INFO - Started process (PID=141103) to work on /home/uiliam/sandbox/lib/python3.9/site-packages/airflow/example_dags/example_python_operator.py
[2022-06-17 17:24:40,232] {processor.py:641} INFO - Processing file /home/uiliam/sandbox/lib/python3.9/site-packages/airflow/example_dags/example_python_operator.py for tasks to queue
[2022-06-17 17:24:40,232] {logging_mixin.py:115} INFO - [2022-06-17 17:24:40,232] {dagbag.py:507} INFO - Filling up the DagBag from /home/uiliam/sandbox/lib/python3.9/site-packages/airflow/example_dags/example_python_operator.py
[2022-06-17 17:24:40,255] {logging_mixin.py:115} INFO - [2022-06-17 17:24:40,255] {example_python_operator.py:68} WARNING - The virtalenv_python example task requires virtualenv, please install it.
[2022-06-17 17:24:40,256] {processor.py:651} INFO - DAG(s) dict_keys(['example_python_operator']) retrieved from /home/uiliam/sandbox/lib/python3.9/site-packages/airflow/example_dags/example_python_operator.py
[2022-06-17 17:24:40,290] {logging_mixin.py:115} INFO - [2022-06-17 17:24:40,290] {dag.py:2379} INFO - Sync 1 DAGs
[2022-06-17 17:24:40,324] {logging_mixin.py:115} INFO - [2022-06-17 17:24:40,324] {dag.py:2927} INFO - Setting next_dagrun for example_python_operator to None, run_after=None
[2022-06-17 17:24:40,348] {processor.py:161} INFO - Processing /home/uiliam/sandbox/lib/python3.9/site-packages/airflow/example_dags/example_python_operator.py took 0.122 seconds
[2022-06-17 17:25:11,398] {processor.py:153} INFO - Started process (PID=141289) to work on /home/uiliam/sandbox/lib/python3.9/site-packages/airflow/example_dags/example_python_operator.py
[2022-06-17 17:25:11,399] {processor.py:641} INFO - Processing file /home/uiliam/sandbox/lib/python3.9/site-packages/airflow/example_dags/example_python_operator.py for tasks to queue
[2022-06-17 17:25:11,399] {logging_mixin.py:115} INFO - [2022-06-17 17:25:11,399] {dagbag.py:507} INFO - Filling up the DagBag from /home/uiliam/sandbox/lib/python3.9/site-packages/airflow/example_dags/example_python_operator.py
[2022-06-17 17:25:11,423] {logging_mixin.py:115} INFO - [2022-06-17 17:25:11,423] {example_python_operator.py:68} WARNING - The virtalenv_python example task requires virtualenv, please install it.
[2022-06-17 17:25:11,423] {processor.py:651} INFO - DAG(s) dict_keys(['example_python_operator']) retrieved from /home/uiliam/sandbox/lib/python3.9/site-packages/airflow/example_dags/example_python_operator.py
[2022-06-17 17:25:11,464] {logging_mixin.py:115} INFO - [2022-06-17 17:25:11,464] {dag.py:2379} INFO - Sync 1 DAGs
[2022-06-17 17:25:11,501] {logging_mixin.py:115} INFO - [2022-06-17 17:25:11,501] {dag.py:2927} INFO - Setting next_dagrun for example_python_operator to None, run_after=None
[2022-06-17 17:25:11,524] {processor.py:161} INFO - Processing /home/uiliam/sandbox/lib/python3.9/site-packages/airflow/example_dags/example_python_operator.py took 0.132 seconds
[2022-06-17 17:25:42,605] {processor.py:153} INFO - Started process (PID=141487) to work on /home/uiliam/sandbox/lib/python3.9/site-packages/airflow/example_dags/example_python_operator.py
[2022-06-17 17:25:42,606] {processor.py:641} INFO - Processing file /home/uiliam/sandbox/lib/python3.9/site-packages/airflow/example_dags/example_python_operator.py for tasks to queue
[2022-06-17 17:25:42,606] {logging_mixin.py:115} INFO - [2022-06-17 17:25:42,606] {dagbag.py:507} INFO - Filling up the DagBag from /home/uiliam/sandbox/lib/python3.9/site-packages/airflow/example_dags/example_python_operator.py
[2022-06-17 17:25:42,631] {logging_mixin.py:115} INFO - [2022-06-17 17:25:42,631] {example_python_operator.py:68} WARNING - The virtalenv_python example task requires virtualenv, please install it.
[2022-06-17 17:25:42,632] {processor.py:651} INFO - DAG(s) dict_keys(['example_python_operator']) retrieved from /home/uiliam/sandbox/lib/python3.9/site-packages/airflow/example_dags/example_python_operator.py
[2022-06-17 17:25:42,670] {logging_mixin.py:115} INFO - [2022-06-17 17:25:42,670] {dag.py:2379} INFO - Sync 1 DAGs
[2022-06-17 17:25:42,708] {logging_mixin.py:115} INFO - [2022-06-17 17:25:42,708] {dag.py:2927} INFO - Setting next_dagrun for example_python_operator to None, run_after=None
[2022-06-17 17:25:42,732] {processor.py:161} INFO - Processing /home/uiliam/sandbox/lib/python3.9/site-packages/airflow/example_dags/example_python_operator.py took 0.131 seconds
[2022-06-17 17:26:14,069] {processor.py:153} INFO - Started process (PID=141694) to work on /home/uiliam/sandbox/lib/python3.9/site-packages/airflow/example_dags/example_python_operator.py
[2022-06-17 17:26:14,069] {processor.py:641} INFO - Processing file /home/uiliam/sandbox/lib/python3.9/site-packages/airflow/example_dags/example_python_operator.py for tasks to queue
[2022-06-17 17:26:14,070] {logging_mixin.py:115} INFO - [2022-06-17 17:26:14,070] {dagbag.py:507} INFO - Filling up the DagBag from /home/uiliam/sandbox/lib/python3.9/site-packages/airflow/example_dags/example_python_operator.py
[2022-06-17 17:26:14,094] {logging_mixin.py:115} INFO - [2022-06-17 17:26:14,093] {example_python_operator.py:68} WARNING - The virtalenv_python example task requires virtualenv, please install it.
[2022-06-17 17:26:14,094] {processor.py:651} INFO - DAG(s) dict_keys(['example_python_operator']) retrieved from /home/uiliam/sandbox/lib/python3.9/site-packages/airflow/example_dags/example_python_operator.py
[2022-06-17 17:26:14,128] {logging_mixin.py:115} INFO - [2022-06-17 17:26:14,128] {dag.py:2379} INFO - Sync 1 DAGs
[2022-06-17 17:26:14,158] {logging_mixin.py:115} INFO - [2022-06-17 17:26:14,158] {dag.py:2927} INFO - Setting next_dagrun for example_python_operator to None, run_after=None
[2022-06-17 17:26:14,181] {processor.py:161} INFO - Processing /home/uiliam/sandbox/lib/python3.9/site-packages/airflow/example_dags/example_python_operator.py took 0.118 seconds
[2022-06-17 17:26:45,141] {processor.py:153} INFO - Started process (PID=141865) to work on /home/uiliam/sandbox/lib/python3.9/site-packages/airflow/example_dags/example_python_operator.py
[2022-06-17 17:26:45,142] {processor.py:641} INFO - Processing file /home/uiliam/sandbox/lib/python3.9/site-packages/airflow/example_dags/example_python_operator.py for tasks to queue
[2022-06-17 17:26:45,142] {logging_mixin.py:115} INFO - [2022-06-17 17:26:45,142] {dagbag.py:507} INFO - Filling up the DagBag from /home/uiliam/sandbox/lib/python3.9/site-packages/airflow/example_dags/example_python_operator.py
[2022-06-17 17:26:45,167] {logging_mixin.py:115} INFO - [2022-06-17 17:26:45,167] {example_python_operator.py:68} WARNING - The virtalenv_python example task requires virtualenv, please install it.
[2022-06-17 17:26:45,167] {processor.py:651} INFO - DAG(s) dict_keys(['example_python_operator']) retrieved from /home/uiliam/sandbox/lib/python3.9/site-packages/airflow/example_dags/example_python_operator.py
[2022-06-17 17:26:45,204] {logging_mixin.py:115} INFO - [2022-06-17 17:26:45,204] {dag.py:2379} INFO - Sync 1 DAGs
[2022-06-17 17:26:45,235] {logging_mixin.py:115} INFO - [2022-06-17 17:26:45,235] {dag.py:2927} INFO - Setting next_dagrun for example_python_operator to None, run_after=None
[2022-06-17 17:26:45,254] {processor.py:161} INFO - Processing /home/uiliam/sandbox/lib/python3.9/site-packages/airflow/example_dags/example_python_operator.py took 0.119 seconds
[2022-06-17 17:27:16,258] {processor.py:153} INFO - Started process (PID=142034) to work on /home/uiliam/sandbox/lib/python3.9/site-packages/airflow/example_dags/example_python_operator.py
[2022-06-17 17:27:16,259] {processor.py:641} INFO - Processing file /home/uiliam/sandbox/lib/python3.9/site-packages/airflow/example_dags/example_python_operator.py for tasks to queue
[2022-06-17 17:27:16,259] {logging_mixin.py:115} INFO - [2022-06-17 17:27:16,259] {dagbag.py:507} INFO - Filling up the DagBag from /home/uiliam/sandbox/lib/python3.9/site-packages/airflow/example_dags/example_python_operator.py
[2022-06-17 17:27:16,284] {logging_mixin.py:115} INFO - [2022-06-17 17:27:16,283] {example_python_operator.py:68} WARNING - The virtalenv_python example task requires virtualenv, please install it.
[2022-06-17 17:27:16,284] {processor.py:651} INFO - DAG(s) dict_keys(['example_python_operator']) retrieved from /home/uiliam/sandbox/lib/python3.9/site-packages/airflow/example_dags/example_python_operator.py
[2022-06-17 17:27:16,321] {logging_mixin.py:115} INFO - [2022-06-17 17:27:16,321] {dag.py:2379} INFO - Sync 1 DAGs
[2022-06-17 17:27:16,358] {logging_mixin.py:115} INFO - [2022-06-17 17:27:16,358] {dag.py:2927} INFO - Setting next_dagrun for example_python_operator to None, run_after=None
[2022-06-17 17:27:16,383] {processor.py:161} INFO - Processing /home/uiliam/sandbox/lib/python3.9/site-packages/airflow/example_dags/example_python_operator.py took 0.131 seconds
[2022-06-17 17:27:47,378] {processor.py:153} INFO - Started process (PID=142269) to work on /home/uiliam/sandbox/lib/python3.9/site-packages/airflow/example_dags/example_python_operator.py
[2022-06-17 17:27:47,378] {processor.py:641} INFO - Processing file /home/uiliam/sandbox/lib/python3.9/site-packages/airflow/example_dags/example_python_operator.py for tasks to queue
[2022-06-17 17:27:47,379] {logging_mixin.py:115} INFO - [2022-06-17 17:27:47,379] {dagbag.py:507} INFO - Filling up the DagBag from /home/uiliam/sandbox/lib/python3.9/site-packages/airflow/example_dags/example_python_operator.py
[2022-06-17 17:27:47,403] {logging_mixin.py:115} INFO - [2022-06-17 17:27:47,402] {example_python_operator.py:68} WARNING - The virtalenv_python example task requires virtualenv, please install it.
[2022-06-17 17:27:47,403] {processor.py:651} INFO - DAG(s) dict_keys(['example_python_operator']) retrieved from /home/uiliam/sandbox/lib/python3.9/site-packages/airflow/example_dags/example_python_operator.py
[2022-06-17 17:27:47,436] {logging_mixin.py:115} INFO - [2022-06-17 17:27:47,436] {dag.py:2379} INFO - Sync 1 DAGs
[2022-06-17 17:27:47,469] {logging_mixin.py:115} INFO - [2022-06-17 17:27:47,468] {dag.py:2927} INFO - Setting next_dagrun for example_python_operator to None, run_after=None
[2022-06-17 17:27:47,489] {processor.py:161} INFO - Processing /home/uiliam/sandbox/lib/python3.9/site-packages/airflow/example_dags/example_python_operator.py took 0.116 seconds
[2022-06-17 17:28:18,309] {processor.py:153} INFO - Started process (PID=142528) to work on /home/uiliam/sandbox/lib/python3.9/site-packages/airflow/example_dags/example_python_operator.py
[2022-06-17 17:28:18,309] {processor.py:641} INFO - Processing file /home/uiliam/sandbox/lib/python3.9/site-packages/airflow/example_dags/example_python_operator.py for tasks to queue
[2022-06-17 17:28:18,310] {logging_mixin.py:115} INFO - [2022-06-17 17:28:18,310] {dagbag.py:507} INFO - Filling up the DagBag from /home/uiliam/sandbox/lib/python3.9/site-packages/airflow/example_dags/example_python_operator.py
[2022-06-17 17:28:18,336] {logging_mixin.py:115} INFO - [2022-06-17 17:28:18,336] {example_python_operator.py:68} WARNING - The virtalenv_python example task requires virtualenv, please install it.
[2022-06-17 17:28:18,337] {processor.py:651} INFO - DAG(s) dict_keys(['example_python_operator']) retrieved from /home/uiliam/sandbox/lib/python3.9/site-packages/airflow/example_dags/example_python_operator.py
[2022-06-17 17:28:18,382] {logging_mixin.py:115} INFO - [2022-06-17 17:28:18,382] {dag.py:2379} INFO - Sync 1 DAGs
[2022-06-17 17:28:18,419] {logging_mixin.py:115} INFO - [2022-06-17 17:28:18,419] {dag.py:2927} INFO - Setting next_dagrun for example_python_operator to None, run_after=None
[2022-06-17 17:28:18,439] {processor.py:161} INFO - Processing /home/uiliam/sandbox/lib/python3.9/site-packages/airflow/example_dags/example_python_operator.py took 0.135 seconds
[2022-06-17 17:28:49,452] {processor.py:153} INFO - Started process (PID=142731) to work on /home/uiliam/sandbox/lib/python3.9/site-packages/airflow/example_dags/example_python_operator.py
[2022-06-17 17:28:49,452] {processor.py:641} INFO - Processing file /home/uiliam/sandbox/lib/python3.9/site-packages/airflow/example_dags/example_python_operator.py for tasks to queue
[2022-06-17 17:28:49,453] {logging_mixin.py:115} INFO - [2022-06-17 17:28:49,453] {dagbag.py:507} INFO - Filling up the DagBag from /home/uiliam/sandbox/lib/python3.9/site-packages/airflow/example_dags/example_python_operator.py
[2022-06-17 17:28:49,475] {logging_mixin.py:115} INFO - [2022-06-17 17:28:49,475] {example_python_operator.py:68} WARNING - The virtalenv_python example task requires virtualenv, please install it.
[2022-06-17 17:28:49,476] {processor.py:651} INFO - DAG(s) dict_keys(['example_python_operator']) retrieved from /home/uiliam/sandbox/lib/python3.9/site-packages/airflow/example_dags/example_python_operator.py
[2022-06-17 17:28:49,512] {logging_mixin.py:115} INFO - [2022-06-17 17:28:49,512] {dag.py:2379} INFO - Sync 1 DAGs
[2022-06-17 17:28:49,547] {logging_mixin.py:115} INFO - [2022-06-17 17:28:49,546] {dag.py:2927} INFO - Setting next_dagrun for example_python_operator to None, run_after=None
[2022-06-17 17:28:49,567] {processor.py:161} INFO - Processing /home/uiliam/sandbox/lib/python3.9/site-packages/airflow/example_dags/example_python_operator.py took 0.120 seconds
[2022-06-17 17:29:20,692] {processor.py:153} INFO - Started process (PID=142935) to work on /home/uiliam/sandbox/lib/python3.9/site-packages/airflow/example_dags/example_python_operator.py
[2022-06-17 17:29:20,693] {processor.py:641} INFO - Processing file /home/uiliam/sandbox/lib/python3.9/site-packages/airflow/example_dags/example_python_operator.py for tasks to queue
[2022-06-17 17:29:20,694] {logging_mixin.py:115} INFO - [2022-06-17 17:29:20,694] {dagbag.py:507} INFO - Filling up the DagBag from /home/uiliam/sandbox/lib/python3.9/site-packages/airflow/example_dags/example_python_operator.py
[2022-06-17 17:29:20,732] {logging_mixin.py:115} INFO - [2022-06-17 17:29:20,732] {example_python_operator.py:68} WARNING - The virtalenv_python example task requires virtualenv, please install it.
[2022-06-17 17:29:20,733] {processor.py:651} INFO - DAG(s) dict_keys(['example_python_operator']) retrieved from /home/uiliam/sandbox/lib/python3.9/site-packages/airflow/example_dags/example_python_operator.py
[2022-06-17 17:29:20,766] {logging_mixin.py:115} INFO - [2022-06-17 17:29:20,765] {dag.py:2379} INFO - Sync 1 DAGs
[2022-06-17 17:29:20,797] {logging_mixin.py:115} INFO - [2022-06-17 17:29:20,797] {dag.py:2927} INFO - Setting next_dagrun for example_python_operator to None, run_after=None
[2022-06-17 17:29:20,815] {processor.py:161} INFO - Processing /home/uiliam/sandbox/lib/python3.9/site-packages/airflow/example_dags/example_python_operator.py took 0.131 seconds
[2022-06-17 17:29:51,726] {processor.py:153} INFO - Started process (PID=143137) to work on /home/uiliam/sandbox/lib/python3.9/site-packages/airflow/example_dags/example_python_operator.py
[2022-06-17 17:29:51,726] {processor.py:641} INFO - Processing file /home/uiliam/sandbox/lib/python3.9/site-packages/airflow/example_dags/example_python_operator.py for tasks to queue
[2022-06-17 17:29:51,727] {logging_mixin.py:115} INFO - [2022-06-17 17:29:51,727] {dagbag.py:507} INFO - Filling up the DagBag from /home/uiliam/sandbox/lib/python3.9/site-packages/airflow/example_dags/example_python_operator.py
[2022-06-17 17:29:51,752] {logging_mixin.py:115} INFO - [2022-06-17 17:29:51,752] {example_python_operator.py:68} WARNING - The virtalenv_python example task requires virtualenv, please install it.
[2022-06-17 17:29:51,752] {processor.py:651} INFO - DAG(s) dict_keys(['example_python_operator']) retrieved from /home/uiliam/sandbox/lib/python3.9/site-packages/airflow/example_dags/example_python_operator.py
[2022-06-17 17:29:51,792] {logging_mixin.py:115} INFO - [2022-06-17 17:29:51,792] {dag.py:2379} INFO - Sync 1 DAGs
[2022-06-17 17:29:51,825] {logging_mixin.py:115} INFO - [2022-06-17 17:29:51,825] {dag.py:2927} INFO - Setting next_dagrun for example_python_operator to None, run_after=None
[2022-06-17 17:29:51,845] {processor.py:161} INFO - Processing /home/uiliam/sandbox/lib/python3.9/site-packages/airflow/example_dags/example_python_operator.py took 0.123 seconds
[2022-06-17 17:30:22,775] {processor.py:153} INFO - Started process (PID=143295) to work on /home/uiliam/sandbox/lib/python3.9/site-packages/airflow/example_dags/example_python_operator.py
[2022-06-17 17:30:22,776] {processor.py:641} INFO - Processing file /home/uiliam/sandbox/lib/python3.9/site-packages/airflow/example_dags/example_python_operator.py for tasks to queue
[2022-06-17 17:30:22,777] {logging_mixin.py:115} INFO - [2022-06-17 17:30:22,776] {dagbag.py:507} INFO - Filling up the DagBag from /home/uiliam/sandbox/lib/python3.9/site-packages/airflow/example_dags/example_python_operator.py
[2022-06-17 17:30:22,800] {logging_mixin.py:115} INFO - [2022-06-17 17:30:22,800] {example_python_operator.py:68} WARNING - The virtalenv_python example task requires virtualenv, please install it.
[2022-06-17 17:30:22,801] {processor.py:651} INFO - DAG(s) dict_keys(['example_python_operator']) retrieved from /home/uiliam/sandbox/lib/python3.9/site-packages/airflow/example_dags/example_python_operator.py
[2022-06-17 17:30:22,837] {logging_mixin.py:115} INFO - [2022-06-17 17:30:22,837] {dag.py:2379} INFO - Sync 1 DAGs
[2022-06-17 17:30:22,870] {logging_mixin.py:115} INFO - [2022-06-17 17:30:22,870] {dag.py:2927} INFO - Setting next_dagrun for example_python_operator to None, run_after=None
[2022-06-17 17:30:22,892] {processor.py:161} INFO - Processing /home/uiliam/sandbox/lib/python3.9/site-packages/airflow/example_dags/example_python_operator.py took 0.120 seconds
[2022-06-17 17:30:53,858] {processor.py:153} INFO - Started process (PID=143462) to work on /home/uiliam/sandbox/lib/python3.9/site-packages/airflow/example_dags/example_python_operator.py
[2022-06-17 17:30:53,858] {processor.py:641} INFO - Processing file /home/uiliam/sandbox/lib/python3.9/site-packages/airflow/example_dags/example_python_operator.py for tasks to queue
[2022-06-17 17:30:53,859] {logging_mixin.py:115} INFO - [2022-06-17 17:30:53,859] {dagbag.py:507} INFO - Filling up the DagBag from /home/uiliam/sandbox/lib/python3.9/site-packages/airflow/example_dags/example_python_operator.py
[2022-06-17 17:30:53,891] {logging_mixin.py:115} INFO - [2022-06-17 17:30:53,891] {example_python_operator.py:68} WARNING - The virtalenv_python example task requires virtualenv, please install it.
[2022-06-17 17:30:53,892] {processor.py:651} INFO - DAG(s) dict_keys(['example_python_operator']) retrieved from /home/uiliam/sandbox/lib/python3.9/site-packages/airflow/example_dags/example_python_operator.py
[2022-06-17 17:30:53,930] {logging_mixin.py:115} INFO - [2022-06-17 17:30:53,930] {dag.py:2379} INFO - Sync 1 DAGs
[2022-06-17 17:30:53,967] {logging_mixin.py:115} INFO - [2022-06-17 17:30:53,966] {dag.py:2927} INFO - Setting next_dagrun for example_python_operator to None, run_after=None
[2022-06-17 17:30:53,986] {processor.py:161} INFO - Processing /home/uiliam/sandbox/lib/python3.9/site-packages/airflow/example_dags/example_python_operator.py took 0.132 seconds
[2022-06-17 17:31:25,257] {processor.py:153} INFO - Started process (PID=143736) to work on /home/uiliam/sandbox/lib/python3.9/site-packages/airflow/example_dags/example_python_operator.py
[2022-06-17 17:31:25,257] {processor.py:641} INFO - Processing file /home/uiliam/sandbox/lib/python3.9/site-packages/airflow/example_dags/example_python_operator.py for tasks to queue
[2022-06-17 17:31:25,258] {logging_mixin.py:115} INFO - [2022-06-17 17:31:25,258] {dagbag.py:507} INFO - Filling up the DagBag from /home/uiliam/sandbox/lib/python3.9/site-packages/airflow/example_dags/example_python_operator.py
[2022-06-17 17:31:25,280] {logging_mixin.py:115} INFO - [2022-06-17 17:31:25,280] {example_python_operator.py:68} WARNING - The virtalenv_python example task requires virtualenv, please install it.
[2022-06-17 17:31:25,280] {processor.py:651} INFO - DAG(s) dict_keys(['example_python_operator']) retrieved from /home/uiliam/sandbox/lib/python3.9/site-packages/airflow/example_dags/example_python_operator.py
[2022-06-17 17:31:25,315] {logging_mixin.py:115} INFO - [2022-06-17 17:31:25,315] {dag.py:2379} INFO - Sync 1 DAGs
[2022-06-17 17:31:25,347] {logging_mixin.py:115} INFO - [2022-06-17 17:31:25,347] {dag.py:2927} INFO - Setting next_dagrun for example_python_operator to None, run_after=None
[2022-06-17 17:31:25,367] {processor.py:161} INFO - Processing /home/uiliam/sandbox/lib/python3.9/site-packages/airflow/example_dags/example_python_operator.py took 0.115 seconds
[2022-06-17 17:31:55,992] {processor.py:153} INFO - Started process (PID=143915) to work on /home/uiliam/sandbox/lib/python3.9/site-packages/airflow/example_dags/example_python_operator.py
[2022-06-17 17:31:55,993] {processor.py:641} INFO - Processing file /home/uiliam/sandbox/lib/python3.9/site-packages/airflow/example_dags/example_python_operator.py for tasks to queue
[2022-06-17 17:31:55,994] {logging_mixin.py:115} INFO - [2022-06-17 17:31:55,994] {dagbag.py:507} INFO - Filling up the DagBag from /home/uiliam/sandbox/lib/python3.9/site-packages/airflow/example_dags/example_python_operator.py
[2022-06-17 17:31:56,020] {logging_mixin.py:115} INFO - [2022-06-17 17:31:56,019] {example_python_operator.py:68} WARNING - The virtalenv_python example task requires virtualenv, please install it.
[2022-06-17 17:31:56,020] {processor.py:651} INFO - DAG(s) dict_keys(['example_python_operator']) retrieved from /home/uiliam/sandbox/lib/python3.9/site-packages/airflow/example_dags/example_python_operator.py
[2022-06-17 17:31:56,054] {logging_mixin.py:115} INFO - [2022-06-17 17:31:56,054] {dag.py:2379} INFO - Sync 1 DAGs
[2022-06-17 17:31:56,093] {logging_mixin.py:115} INFO - [2022-06-17 17:31:56,093] {dag.py:2927} INFO - Setting next_dagrun for example_python_operator to None, run_after=None
[2022-06-17 17:31:56,118] {processor.py:161} INFO - Processing /home/uiliam/sandbox/lib/python3.9/site-packages/airflow/example_dags/example_python_operator.py took 0.131 seconds
[2022-06-17 17:32:26,453] {processor.py:153} INFO - Started process (PID=144101) to work on /home/uiliam/sandbox/lib/python3.9/site-packages/airflow/example_dags/example_python_operator.py
[2022-06-17 17:32:26,454] {processor.py:641} INFO - Processing file /home/uiliam/sandbox/lib/python3.9/site-packages/airflow/example_dags/example_python_operator.py for tasks to queue
[2022-06-17 17:32:26,454] {logging_mixin.py:115} INFO - [2022-06-17 17:32:26,454] {dagbag.py:507} INFO - Filling up the DagBag from /home/uiliam/sandbox/lib/python3.9/site-packages/airflow/example_dags/example_python_operator.py
[2022-06-17 17:32:26,476] {logging_mixin.py:115} INFO - [2022-06-17 17:32:26,476] {example_python_operator.py:68} WARNING - The virtalenv_python example task requires virtualenv, please install it.
[2022-06-17 17:32:26,477] {processor.py:651} INFO - DAG(s) dict_keys(['example_python_operator']) retrieved from /home/uiliam/sandbox/lib/python3.9/site-packages/airflow/example_dags/example_python_operator.py
[2022-06-17 17:32:26,513] {logging_mixin.py:115} INFO - [2022-06-17 17:32:26,513] {dag.py:2379} INFO - Sync 1 DAGs
[2022-06-17 17:32:26,547] {logging_mixin.py:115} INFO - [2022-06-17 17:32:26,547] {dag.py:2927} INFO - Setting next_dagrun for example_python_operator to None, run_after=None
[2022-06-17 17:32:26,574] {processor.py:161} INFO - Processing /home/uiliam/sandbox/lib/python3.9/site-packages/airflow/example_dags/example_python_operator.py took 0.127 seconds
[2022-06-17 17:32:57,739] {processor.py:153} INFO - Started process (PID=144271) to work on /home/uiliam/sandbox/lib/python3.9/site-packages/airflow/example_dags/example_python_operator.py
[2022-06-17 17:32:57,740] {processor.py:641} INFO - Processing file /home/uiliam/sandbox/lib/python3.9/site-packages/airflow/example_dags/example_python_operator.py for tasks to queue
[2022-06-17 17:32:57,741] {logging_mixin.py:115} INFO - [2022-06-17 17:32:57,741] {dagbag.py:507} INFO - Filling up the DagBag from /home/uiliam/sandbox/lib/python3.9/site-packages/airflow/example_dags/example_python_operator.py
[2022-06-17 17:32:57,783] {logging_mixin.py:115} INFO - [2022-06-17 17:32:57,783] {example_python_operator.py:68} WARNING - The virtalenv_python example task requires virtualenv, please install it.
[2022-06-17 17:32:57,784] {processor.py:651} INFO - DAG(s) dict_keys(['example_python_operator']) retrieved from /home/uiliam/sandbox/lib/python3.9/site-packages/airflow/example_dags/example_python_operator.py
[2022-06-17 17:32:57,823] {logging_mixin.py:115} INFO - [2022-06-17 17:32:57,823] {dag.py:2379} INFO - Sync 1 DAGs
[2022-06-17 17:32:57,857] {logging_mixin.py:115} INFO - [2022-06-17 17:32:57,856] {dag.py:2927} INFO - Setting next_dagrun for example_python_operator to None, run_after=None
[2022-06-17 17:32:57,877] {processor.py:161} INFO - Processing /home/uiliam/sandbox/lib/python3.9/site-packages/airflow/example_dags/example_python_operator.py took 0.144 seconds
[2022-06-17 17:33:28,669] {processor.py:153} INFO - Started process (PID=144450) to work on /home/uiliam/sandbox/lib/python3.9/site-packages/airflow/example_dags/example_python_operator.py
[2022-06-17 17:33:28,670] {processor.py:641} INFO - Processing file /home/uiliam/sandbox/lib/python3.9/site-packages/airflow/example_dags/example_python_operator.py for tasks to queue
[2022-06-17 17:33:28,670] {logging_mixin.py:115} INFO - [2022-06-17 17:33:28,670] {dagbag.py:507} INFO - Filling up the DagBag from /home/uiliam/sandbox/lib/python3.9/site-packages/airflow/example_dags/example_python_operator.py
[2022-06-17 17:33:28,705] {logging_mixin.py:115} INFO - [2022-06-17 17:33:28,705] {example_python_operator.py:68} WARNING - The virtalenv_python example task requires virtualenv, please install it.
[2022-06-17 17:33:28,706] {processor.py:651} INFO - DAG(s) dict_keys(['example_python_operator']) retrieved from /home/uiliam/sandbox/lib/python3.9/site-packages/airflow/example_dags/example_python_operator.py
[2022-06-17 17:33:28,744] {logging_mixin.py:115} INFO - [2022-06-17 17:33:28,744] {dag.py:2379} INFO - Sync 1 DAGs
[2022-06-17 17:33:28,780] {logging_mixin.py:115} INFO - [2022-06-17 17:33:28,780] {dag.py:2927} INFO - Setting next_dagrun for example_python_operator to None, run_after=None
[2022-06-17 17:33:28,800] {processor.py:161} INFO - Processing /home/uiliam/sandbox/lib/python3.9/site-packages/airflow/example_dags/example_python_operator.py took 0.135 seconds
[2022-06-17 17:34:00,070] {processor.py:153} INFO - Started process (PID=144616) to work on /home/uiliam/sandbox/lib/python3.9/site-packages/airflow/example_dags/example_python_operator.py
[2022-06-17 17:34:00,070] {processor.py:641} INFO - Processing file /home/uiliam/sandbox/lib/python3.9/site-packages/airflow/example_dags/example_python_operator.py for tasks to queue
[2022-06-17 17:34:00,071] {logging_mixin.py:115} INFO - [2022-06-17 17:34:00,071] {dagbag.py:507} INFO - Filling up the DagBag from /home/uiliam/sandbox/lib/python3.9/site-packages/airflow/example_dags/example_python_operator.py
[2022-06-17 17:34:00,096] {logging_mixin.py:115} INFO - [2022-06-17 17:34:00,096] {example_python_operator.py:68} WARNING - The virtalenv_python example task requires virtualenv, please install it.
[2022-06-17 17:34:00,097] {processor.py:651} INFO - DAG(s) dict_keys(['example_python_operator']) retrieved from /home/uiliam/sandbox/lib/python3.9/site-packages/airflow/example_dags/example_python_operator.py
[2022-06-17 17:34:00,130] {logging_mixin.py:115} INFO - [2022-06-17 17:34:00,130] {dag.py:2379} INFO - Sync 1 DAGs
[2022-06-17 17:34:00,164] {logging_mixin.py:115} INFO - [2022-06-17 17:34:00,163] {dag.py:2927} INFO - Setting next_dagrun for example_python_operator to None, run_after=None
[2022-06-17 17:34:00,182] {processor.py:161} INFO - Processing /home/uiliam/sandbox/lib/python3.9/site-packages/airflow/example_dags/example_python_operator.py took 0.118 seconds
[2022-06-17 17:34:31,437] {processor.py:153} INFO - Started process (PID=144996) to work on /home/uiliam/sandbox/lib/python3.9/site-packages/airflow/example_dags/example_python_operator.py
[2022-06-17 17:34:31,438] {processor.py:641} INFO - Processing file /home/uiliam/sandbox/lib/python3.9/site-packages/airflow/example_dags/example_python_operator.py for tasks to queue
[2022-06-17 17:34:31,439] {logging_mixin.py:115} INFO - [2022-06-17 17:34:31,439] {dagbag.py:507} INFO - Filling up the DagBag from /home/uiliam/sandbox/lib/python3.9/site-packages/airflow/example_dags/example_python_operator.py
[2022-06-17 17:34:31,476] {logging_mixin.py:115} INFO - [2022-06-17 17:34:31,476] {example_python_operator.py:68} WARNING - The virtalenv_python example task requires virtualenv, please install it.
[2022-06-17 17:34:31,476] {processor.py:651} INFO - DAG(s) dict_keys(['example_python_operator']) retrieved from /home/uiliam/sandbox/lib/python3.9/site-packages/airflow/example_dags/example_python_operator.py
[2022-06-17 17:34:31,524] {logging_mixin.py:115} INFO - [2022-06-17 17:34:31,524] {dag.py:2379} INFO - Sync 1 DAGs
[2022-06-17 17:34:31,572] {logging_mixin.py:115} INFO - [2022-06-17 17:34:31,572] {dag.py:2927} INFO - Setting next_dagrun for example_python_operator to None, run_after=None
[2022-06-17 17:34:31,604] {processor.py:161} INFO - Processing /home/uiliam/sandbox/lib/python3.9/site-packages/airflow/example_dags/example_python_operator.py took 0.176 seconds
[2022-06-17 17:35:02,833] {processor.py:153} INFO - Started process (PID=145347) to work on /home/uiliam/sandbox/lib/python3.9/site-packages/airflow/example_dags/example_python_operator.py
[2022-06-17 17:35:02,833] {processor.py:641} INFO - Processing file /home/uiliam/sandbox/lib/python3.9/site-packages/airflow/example_dags/example_python_operator.py for tasks to queue
[2022-06-17 17:35:02,834] {logging_mixin.py:115} INFO - [2022-06-17 17:35:02,834] {dagbag.py:507} INFO - Filling up the DagBag from /home/uiliam/sandbox/lib/python3.9/site-packages/airflow/example_dags/example_python_operator.py
[2022-06-17 17:35:02,859] {logging_mixin.py:115} INFO - [2022-06-17 17:35:02,859] {example_python_operator.py:68} WARNING - The virtalenv_python example task requires virtualenv, please install it.
[2022-06-17 17:35:02,860] {processor.py:651} INFO - DAG(s) dict_keys(['example_python_operator']) retrieved from /home/uiliam/sandbox/lib/python3.9/site-packages/airflow/example_dags/example_python_operator.py
[2022-06-17 17:35:02,903] {logging_mixin.py:115} INFO - [2022-06-17 17:35:02,902] {dag.py:2379} INFO - Sync 1 DAGs
[2022-06-17 17:35:02,945] {logging_mixin.py:115} INFO - [2022-06-17 17:35:02,945] {dag.py:2927} INFO - Setting next_dagrun for example_python_operator to None, run_after=None
[2022-06-17 17:35:02,963] {processor.py:161} INFO - Processing /home/uiliam/sandbox/lib/python3.9/site-packages/airflow/example_dags/example_python_operator.py took 0.135 seconds
[2022-06-17 17:35:34,259] {processor.py:153} INFO - Started process (PID=145666) to work on /home/uiliam/sandbox/lib/python3.9/site-packages/airflow/example_dags/example_python_operator.py
[2022-06-17 17:35:34,260] {processor.py:641} INFO - Processing file /home/uiliam/sandbox/lib/python3.9/site-packages/airflow/example_dags/example_python_operator.py for tasks to queue
[2022-06-17 17:35:34,260] {logging_mixin.py:115} INFO - [2022-06-17 17:35:34,260] {dagbag.py:507} INFO - Filling up the DagBag from /home/uiliam/sandbox/lib/python3.9/site-packages/airflow/example_dags/example_python_operator.py
[2022-06-17 17:35:34,290] {logging_mixin.py:115} INFO - [2022-06-17 17:35:34,290] {example_python_operator.py:68} WARNING - The virtalenv_python example task requires virtualenv, please install it.
[2022-06-17 17:35:34,291] {processor.py:651} INFO - DAG(s) dict_keys(['example_python_operator']) retrieved from /home/uiliam/sandbox/lib/python3.9/site-packages/airflow/example_dags/example_python_operator.py
[2022-06-17 17:35:34,332] {logging_mixin.py:115} INFO - [2022-06-17 17:35:34,332] {dag.py:2379} INFO - Sync 1 DAGs
[2022-06-17 17:35:34,375] {logging_mixin.py:115} INFO - [2022-06-17 17:35:34,375] {dag.py:2927} INFO - Setting next_dagrun for example_python_operator to None, run_after=None
[2022-06-17 17:35:34,397] {processor.py:161} INFO - Processing /home/uiliam/sandbox/lib/python3.9/site-packages/airflow/example_dags/example_python_operator.py took 0.143 seconds
[2022-06-17 17:36:05,557] {processor.py:153} INFO - Started process (PID=146006) to work on /home/uiliam/sandbox/lib/python3.9/site-packages/airflow/example_dags/example_python_operator.py
[2022-06-17 17:36:05,558] {processor.py:641} INFO - Processing file /home/uiliam/sandbox/lib/python3.9/site-packages/airflow/example_dags/example_python_operator.py for tasks to queue
[2022-06-17 17:36:05,558] {logging_mixin.py:115} INFO - [2022-06-17 17:36:05,558] {dagbag.py:507} INFO - Filling up the DagBag from /home/uiliam/sandbox/lib/python3.9/site-packages/airflow/example_dags/example_python_operator.py
[2022-06-17 17:36:05,584] {logging_mixin.py:115} INFO - [2022-06-17 17:36:05,584] {example_python_operator.py:68} WARNING - The virtalenv_python example task requires virtualenv, please install it.
[2022-06-17 17:36:05,584] {processor.py:651} INFO - DAG(s) dict_keys(['example_python_operator']) retrieved from /home/uiliam/sandbox/lib/python3.9/site-packages/airflow/example_dags/example_python_operator.py
[2022-06-17 17:36:05,628] {logging_mixin.py:115} INFO - [2022-06-17 17:36:05,628] {dag.py:2379} INFO - Sync 1 DAGs
[2022-06-17 17:36:05,671] {logging_mixin.py:115} INFO - [2022-06-17 17:36:05,671] {dag.py:2927} INFO - Setting next_dagrun for example_python_operator to None, run_after=None
[2022-06-17 17:36:05,692] {processor.py:161} INFO - Processing /home/uiliam/sandbox/lib/python3.9/site-packages/airflow/example_dags/example_python_operator.py took 0.140 seconds
