[2022-06-17 17:11:11,877] {processor.py:153} INFO - Started process (PID=132511) to work on /home/uiliam/sandbox/lib/python3.9/site-packages/airflow/example_dags/example_kubernetes_executor.py
[2022-06-17 17:11:11,878] {processor.py:641} INFO - Processing file /home/uiliam/sandbox/lib/python3.9/site-packages/airflow/example_dags/example_kubernetes_executor.py for tasks to queue
[2022-06-17 17:11:11,878] {logging_mixin.py:115} INFO - [2022-06-17 17:11:11,878] {dagbag.py:507} INFO - Filling up the DagBag from /home/uiliam/sandbox/lib/python3.9/site-packages/airflow/example_dags/example_kubernetes_executor.py
[2022-06-17 17:11:11,897] {logging_mixin.py:115} INFO - [2022-06-17 17:11:11,897] {example_kubernetes_executor.py:39} WARNING - The example_kubernetes_executor example DAG requires the kubernetes provider. Please install it with: pip install apache-airflow[cncf.kubernetes]
[2022-06-17 17:11:11,897] {processor.py:653} WARNING - No viable dags retrieved from /home/uiliam/sandbox/lib/python3.9/site-packages/airflow/example_dags/example_kubernetes_executor.py
[2022-06-17 17:11:11,918] {processor.py:161} INFO - Processing /home/uiliam/sandbox/lib/python3.9/site-packages/airflow/example_dags/example_kubernetes_executor.py took 0.046 seconds
[2022-06-17 17:11:43,339] {processor.py:153} INFO - Started process (PID=132871) to work on /home/uiliam/sandbox/lib/python3.9/site-packages/airflow/example_dags/example_kubernetes_executor.py
[2022-06-17 17:11:43,340] {processor.py:641} INFO - Processing file /home/uiliam/sandbox/lib/python3.9/site-packages/airflow/example_dags/example_kubernetes_executor.py for tasks to queue
[2022-06-17 17:11:43,341] {logging_mixin.py:115} INFO - [2022-06-17 17:11:43,341] {dagbag.py:507} INFO - Filling up the DagBag from /home/uiliam/sandbox/lib/python3.9/site-packages/airflow/example_dags/example_kubernetes_executor.py
[2022-06-17 17:11:43,364] {logging_mixin.py:115} INFO - [2022-06-17 17:11:43,363] {example_kubernetes_executor.py:39} WARNING - The example_kubernetes_executor example DAG requires the kubernetes provider. Please install it with: pip install apache-airflow[cncf.kubernetes]
[2022-06-17 17:11:43,364] {processor.py:653} WARNING - No viable dags retrieved from /home/uiliam/sandbox/lib/python3.9/site-packages/airflow/example_dags/example_kubernetes_executor.py
[2022-06-17 17:11:43,386] {processor.py:161} INFO - Processing /home/uiliam/sandbox/lib/python3.9/site-packages/airflow/example_dags/example_kubernetes_executor.py took 0.052 seconds
[2022-06-17 17:12:14,424] {processor.py:153} INFO - Started process (PID=134049) to work on /home/uiliam/sandbox/lib/python3.9/site-packages/airflow/example_dags/example_kubernetes_executor.py
[2022-06-17 17:12:14,424] {processor.py:641} INFO - Processing file /home/uiliam/sandbox/lib/python3.9/site-packages/airflow/example_dags/example_kubernetes_executor.py for tasks to queue
[2022-06-17 17:12:14,425] {logging_mixin.py:115} INFO - [2022-06-17 17:12:14,425] {dagbag.py:507} INFO - Filling up the DagBag from /home/uiliam/sandbox/lib/python3.9/site-packages/airflow/example_dags/example_kubernetes_executor.py
[2022-06-17 17:12:14,446] {logging_mixin.py:115} INFO - [2022-06-17 17:12:14,446] {example_kubernetes_executor.py:39} WARNING - The example_kubernetes_executor example DAG requires the kubernetes provider. Please install it with: pip install apache-airflow[cncf.kubernetes]
[2022-06-17 17:12:14,446] {processor.py:653} WARNING - No viable dags retrieved from /home/uiliam/sandbox/lib/python3.9/site-packages/airflow/example_dags/example_kubernetes_executor.py
[2022-06-17 17:12:14,469] {processor.py:161} INFO - Processing /home/uiliam/sandbox/lib/python3.9/site-packages/airflow/example_dags/example_kubernetes_executor.py took 0.051 seconds
[2022-06-17 17:12:45,745] {processor.py:153} INFO - Started process (PID=135158) to work on /home/uiliam/sandbox/lib/python3.9/site-packages/airflow/example_dags/example_kubernetes_executor.py
[2022-06-17 17:12:45,746] {processor.py:641} INFO - Processing file /home/uiliam/sandbox/lib/python3.9/site-packages/airflow/example_dags/example_kubernetes_executor.py for tasks to queue
[2022-06-17 17:12:45,747] {logging_mixin.py:115} INFO - [2022-06-17 17:12:45,747] {dagbag.py:507} INFO - Filling up the DagBag from /home/uiliam/sandbox/lib/python3.9/site-packages/airflow/example_dags/example_kubernetes_executor.py
[2022-06-17 17:12:45,771] {logging_mixin.py:115} INFO - [2022-06-17 17:12:45,770] {example_kubernetes_executor.py:39} WARNING - The example_kubernetes_executor example DAG requires the kubernetes provider. Please install it with: pip install apache-airflow[cncf.kubernetes]
[2022-06-17 17:12:45,771] {processor.py:653} WARNING - No viable dags retrieved from /home/uiliam/sandbox/lib/python3.9/site-packages/airflow/example_dags/example_kubernetes_executor.py
[2022-06-17 17:12:45,795] {processor.py:161} INFO - Processing /home/uiliam/sandbox/lib/python3.9/site-packages/airflow/example_dags/example_kubernetes_executor.py took 0.054 seconds
[2022-06-17 17:13:16,951] {processor.py:153} INFO - Started process (PID=135542) to work on /home/uiliam/sandbox/lib/python3.9/site-packages/airflow/example_dags/example_kubernetes_executor.py
[2022-06-17 17:13:16,952] {processor.py:641} INFO - Processing file /home/uiliam/sandbox/lib/python3.9/site-packages/airflow/example_dags/example_kubernetes_executor.py for tasks to queue
[2022-06-17 17:13:16,952] {logging_mixin.py:115} INFO - [2022-06-17 17:13:16,952] {dagbag.py:507} INFO - Filling up the DagBag from /home/uiliam/sandbox/lib/python3.9/site-packages/airflow/example_dags/example_kubernetes_executor.py
[2022-06-17 17:13:16,971] {logging_mixin.py:115} INFO - [2022-06-17 17:13:16,971] {example_kubernetes_executor.py:39} WARNING - The example_kubernetes_executor example DAG requires the kubernetes provider. Please install it with: pip install apache-airflow[cncf.kubernetes]
[2022-06-17 17:13:16,971] {processor.py:653} WARNING - No viable dags retrieved from /home/uiliam/sandbox/lib/python3.9/site-packages/airflow/example_dags/example_kubernetes_executor.py
[2022-06-17 17:13:16,990] {processor.py:161} INFO - Processing /home/uiliam/sandbox/lib/python3.9/site-packages/airflow/example_dags/example_kubernetes_executor.py took 0.044 seconds
[2022-06-17 17:13:48,199] {processor.py:153} INFO - Started process (PID=135847) to work on /home/uiliam/sandbox/lib/python3.9/site-packages/airflow/example_dags/example_kubernetes_executor.py
[2022-06-17 17:13:48,200] {processor.py:641} INFO - Processing file /home/uiliam/sandbox/lib/python3.9/site-packages/airflow/example_dags/example_kubernetes_executor.py for tasks to queue
[2022-06-17 17:13:48,201] {logging_mixin.py:115} INFO - [2022-06-17 17:13:48,201] {dagbag.py:507} INFO - Filling up the DagBag from /home/uiliam/sandbox/lib/python3.9/site-packages/airflow/example_dags/example_kubernetes_executor.py
[2022-06-17 17:13:48,219] {logging_mixin.py:115} INFO - [2022-06-17 17:13:48,219] {example_kubernetes_executor.py:39} WARNING - The example_kubernetes_executor example DAG requires the kubernetes provider. Please install it with: pip install apache-airflow[cncf.kubernetes]
[2022-06-17 17:13:48,220] {processor.py:653} WARNING - No viable dags retrieved from /home/uiliam/sandbox/lib/python3.9/site-packages/airflow/example_dags/example_kubernetes_executor.py
[2022-06-17 17:13:48,238] {processor.py:161} INFO - Processing /home/uiliam/sandbox/lib/python3.9/site-packages/airflow/example_dags/example_kubernetes_executor.py took 0.045 seconds
[2022-06-17 17:14:19,600] {processor.py:153} INFO - Started process (PID=136136) to work on /home/uiliam/sandbox/lib/python3.9/site-packages/airflow/example_dags/example_kubernetes_executor.py
[2022-06-17 17:14:19,601] {processor.py:641} INFO - Processing file /home/uiliam/sandbox/lib/python3.9/site-packages/airflow/example_dags/example_kubernetes_executor.py for tasks to queue
[2022-06-17 17:14:19,602] {logging_mixin.py:115} INFO - [2022-06-17 17:14:19,602] {dagbag.py:507} INFO - Filling up the DagBag from /home/uiliam/sandbox/lib/python3.9/site-packages/airflow/example_dags/example_kubernetes_executor.py
[2022-06-17 17:14:19,624] {logging_mixin.py:115} INFO - [2022-06-17 17:14:19,624] {example_kubernetes_executor.py:39} WARNING - The example_kubernetes_executor example DAG requires the kubernetes provider. Please install it with: pip install apache-airflow[cncf.kubernetes]
[2022-06-17 17:14:19,624] {processor.py:653} WARNING - No viable dags retrieved from /home/uiliam/sandbox/lib/python3.9/site-packages/airflow/example_dags/example_kubernetes_executor.py
[2022-06-17 17:14:19,647] {processor.py:161} INFO - Processing /home/uiliam/sandbox/lib/python3.9/site-packages/airflow/example_dags/example_kubernetes_executor.py took 0.051 seconds
[2022-06-17 17:14:50,927] {processor.py:153} INFO - Started process (PID=136489) to work on /home/uiliam/sandbox/lib/python3.9/site-packages/airflow/example_dags/example_kubernetes_executor.py
[2022-06-17 17:14:50,928] {processor.py:641} INFO - Processing file /home/uiliam/sandbox/lib/python3.9/site-packages/airflow/example_dags/example_kubernetes_executor.py for tasks to queue
[2022-06-17 17:14:50,929] {logging_mixin.py:115} INFO - [2022-06-17 17:14:50,929] {dagbag.py:507} INFO - Filling up the DagBag from /home/uiliam/sandbox/lib/python3.9/site-packages/airflow/example_dags/example_kubernetes_executor.py
[2022-06-17 17:14:50,951] {logging_mixin.py:115} INFO - [2022-06-17 17:14:50,951] {example_kubernetes_executor.py:39} WARNING - The example_kubernetes_executor example DAG requires the kubernetes provider. Please install it with: pip install apache-airflow[cncf.kubernetes]
[2022-06-17 17:14:50,952] {processor.py:653} WARNING - No viable dags retrieved from /home/uiliam/sandbox/lib/python3.9/site-packages/airflow/example_dags/example_kubernetes_executor.py
[2022-06-17 17:14:50,971] {processor.py:161} INFO - Processing /home/uiliam/sandbox/lib/python3.9/site-packages/airflow/example_dags/example_kubernetes_executor.py took 0.050 seconds
[2022-06-17 17:15:22,068] {processor.py:153} INFO - Started process (PID=136744) to work on /home/uiliam/sandbox/lib/python3.9/site-packages/airflow/example_dags/example_kubernetes_executor.py
[2022-06-17 17:15:22,069] {processor.py:641} INFO - Processing file /home/uiliam/sandbox/lib/python3.9/site-packages/airflow/example_dags/example_kubernetes_executor.py for tasks to queue
[2022-06-17 17:15:22,069] {logging_mixin.py:115} INFO - [2022-06-17 17:15:22,069] {dagbag.py:507} INFO - Filling up the DagBag from /home/uiliam/sandbox/lib/python3.9/site-packages/airflow/example_dags/example_kubernetes_executor.py
[2022-06-17 17:15:22,090] {logging_mixin.py:115} INFO - [2022-06-17 17:15:22,090] {example_kubernetes_executor.py:39} WARNING - The example_kubernetes_executor example DAG requires the kubernetes provider. Please install it with: pip install apache-airflow[cncf.kubernetes]
[2022-06-17 17:15:22,090] {processor.py:653} WARNING - No viable dags retrieved from /home/uiliam/sandbox/lib/python3.9/site-packages/airflow/example_dags/example_kubernetes_executor.py
[2022-06-17 17:15:22,113] {processor.py:161} INFO - Processing /home/uiliam/sandbox/lib/python3.9/site-packages/airflow/example_dags/example_kubernetes_executor.py took 0.050 seconds
[2022-06-17 17:15:52,935] {processor.py:153} INFO - Started process (PID=136906) to work on /home/uiliam/sandbox/lib/python3.9/site-packages/airflow/example_dags/example_kubernetes_executor.py
[2022-06-17 17:15:52,935] {processor.py:641} INFO - Processing file /home/uiliam/sandbox/lib/python3.9/site-packages/airflow/example_dags/example_kubernetes_executor.py for tasks to queue
[2022-06-17 17:15:52,936] {logging_mixin.py:115} INFO - [2022-06-17 17:15:52,936] {dagbag.py:507} INFO - Filling up the DagBag from /home/uiliam/sandbox/lib/python3.9/site-packages/airflow/example_dags/example_kubernetes_executor.py
[2022-06-17 17:15:52,958] {logging_mixin.py:115} INFO - [2022-06-17 17:15:52,958] {example_kubernetes_executor.py:39} WARNING - The example_kubernetes_executor example DAG requires the kubernetes provider. Please install it with: pip install apache-airflow[cncf.kubernetes]
[2022-06-17 17:15:52,959] {processor.py:653} WARNING - No viable dags retrieved from /home/uiliam/sandbox/lib/python3.9/site-packages/airflow/example_dags/example_kubernetes_executor.py
[2022-06-17 17:15:52,983] {processor.py:161} INFO - Processing /home/uiliam/sandbox/lib/python3.9/site-packages/airflow/example_dags/example_kubernetes_executor.py took 0.055 seconds
[2022-06-17 17:16:24,115] {processor.py:153} INFO - Started process (PID=137112) to work on /home/uiliam/sandbox/lib/python3.9/site-packages/airflow/example_dags/example_kubernetes_executor.py
[2022-06-17 17:16:24,115] {processor.py:641} INFO - Processing file /home/uiliam/sandbox/lib/python3.9/site-packages/airflow/example_dags/example_kubernetes_executor.py for tasks to queue
[2022-06-17 17:16:24,117] {logging_mixin.py:115} INFO - [2022-06-17 17:16:24,116] {dagbag.py:507} INFO - Filling up the DagBag from /home/uiliam/sandbox/lib/python3.9/site-packages/airflow/example_dags/example_kubernetes_executor.py
[2022-06-17 17:16:24,154] {logging_mixin.py:115} INFO - [2022-06-17 17:16:24,154] {example_kubernetes_executor.py:39} WARNING - The example_kubernetes_executor example DAG requires the kubernetes provider. Please install it with: pip install apache-airflow[cncf.kubernetes]
[2022-06-17 17:16:24,155] {processor.py:653} WARNING - No viable dags retrieved from /home/uiliam/sandbox/lib/python3.9/site-packages/airflow/example_dags/example_kubernetes_executor.py
[2022-06-17 17:16:24,192] {processor.py:161} INFO - Processing /home/uiliam/sandbox/lib/python3.9/site-packages/airflow/example_dags/example_kubernetes_executor.py took 0.085 seconds
[2022-06-17 17:16:55,198] {processor.py:153} INFO - Started process (PID=137336) to work on /home/uiliam/sandbox/lib/python3.9/site-packages/airflow/example_dags/example_kubernetes_executor.py
[2022-06-17 17:16:55,198] {processor.py:641} INFO - Processing file /home/uiliam/sandbox/lib/python3.9/site-packages/airflow/example_dags/example_kubernetes_executor.py for tasks to queue
[2022-06-17 17:16:55,199] {logging_mixin.py:115} INFO - [2022-06-17 17:16:55,199] {dagbag.py:507} INFO - Filling up the DagBag from /home/uiliam/sandbox/lib/python3.9/site-packages/airflow/example_dags/example_kubernetes_executor.py
[2022-06-17 17:16:55,217] {logging_mixin.py:115} INFO - [2022-06-17 17:16:55,217] {example_kubernetes_executor.py:39} WARNING - The example_kubernetes_executor example DAG requires the kubernetes provider. Please install it with: pip install apache-airflow[cncf.kubernetes]
[2022-06-17 17:16:55,218] {processor.py:653} WARNING - No viable dags retrieved from /home/uiliam/sandbox/lib/python3.9/site-packages/airflow/example_dags/example_kubernetes_executor.py
[2022-06-17 17:16:55,239] {processor.py:161} INFO - Processing /home/uiliam/sandbox/lib/python3.9/site-packages/airflow/example_dags/example_kubernetes_executor.py took 0.046 seconds
[2022-06-17 17:17:26,224] {processor.py:153} INFO - Started process (PID=137590) to work on /home/uiliam/sandbox/lib/python3.9/site-packages/airflow/example_dags/example_kubernetes_executor.py
[2022-06-17 17:17:26,225] {processor.py:641} INFO - Processing file /home/uiliam/sandbox/lib/python3.9/site-packages/airflow/example_dags/example_kubernetes_executor.py for tasks to queue
[2022-06-17 17:17:26,226] {logging_mixin.py:115} INFO - [2022-06-17 17:17:26,225] {dagbag.py:507} INFO - Filling up the DagBag from /home/uiliam/sandbox/lib/python3.9/site-packages/airflow/example_dags/example_kubernetes_executor.py
[2022-06-17 17:17:26,255] {logging_mixin.py:115} INFO - [2022-06-17 17:17:26,255] {example_kubernetes_executor.py:39} WARNING - The example_kubernetes_executor example DAG requires the kubernetes provider. Please install it with: pip install apache-airflow[cncf.kubernetes]
[2022-06-17 17:17:26,255] {processor.py:653} WARNING - No viable dags retrieved from /home/uiliam/sandbox/lib/python3.9/site-packages/airflow/example_dags/example_kubernetes_executor.py
[2022-06-17 17:17:26,279] {processor.py:161} INFO - Processing /home/uiliam/sandbox/lib/python3.9/site-packages/airflow/example_dags/example_kubernetes_executor.py took 0.061 seconds
[2022-06-17 17:17:57,528] {processor.py:153} INFO - Started process (PID=137832) to work on /home/uiliam/sandbox/lib/python3.9/site-packages/airflow/example_dags/example_kubernetes_executor.py
[2022-06-17 17:17:57,529] {processor.py:641} INFO - Processing file /home/uiliam/sandbox/lib/python3.9/site-packages/airflow/example_dags/example_kubernetes_executor.py for tasks to queue
[2022-06-17 17:17:57,529] {logging_mixin.py:115} INFO - [2022-06-17 17:17:57,529] {dagbag.py:507} INFO - Filling up the DagBag from /home/uiliam/sandbox/lib/python3.9/site-packages/airflow/example_dags/example_kubernetes_executor.py
[2022-06-17 17:17:57,551] {logging_mixin.py:115} INFO - [2022-06-17 17:17:57,551] {example_kubernetes_executor.py:39} WARNING - The example_kubernetes_executor example DAG requires the kubernetes provider. Please install it with: pip install apache-airflow[cncf.kubernetes]
[2022-06-17 17:17:57,551] {processor.py:653} WARNING - No viable dags retrieved from /home/uiliam/sandbox/lib/python3.9/site-packages/airflow/example_dags/example_kubernetes_executor.py
[2022-06-17 17:17:57,575] {processor.py:161} INFO - Processing /home/uiliam/sandbox/lib/python3.9/site-packages/airflow/example_dags/example_kubernetes_executor.py took 0.052 seconds
[2022-06-17 17:18:28,540] {processor.py:153} INFO - Started process (PID=138156) to work on /home/uiliam/sandbox/lib/python3.9/site-packages/airflow/example_dags/example_kubernetes_executor.py
[2022-06-17 17:18:28,540] {processor.py:641} INFO - Processing file /home/uiliam/sandbox/lib/python3.9/site-packages/airflow/example_dags/example_kubernetes_executor.py for tasks to queue
[2022-06-17 17:18:28,541] {logging_mixin.py:115} INFO - [2022-06-17 17:18:28,541] {dagbag.py:507} INFO - Filling up the DagBag from /home/uiliam/sandbox/lib/python3.9/site-packages/airflow/example_dags/example_kubernetes_executor.py
[2022-06-17 17:18:28,560] {logging_mixin.py:115} INFO - [2022-06-17 17:18:28,560] {example_kubernetes_executor.py:39} WARNING - The example_kubernetes_executor example DAG requires the kubernetes provider. Please install it with: pip install apache-airflow[cncf.kubernetes]
[2022-06-17 17:18:28,560] {processor.py:653} WARNING - No viable dags retrieved from /home/uiliam/sandbox/lib/python3.9/site-packages/airflow/example_dags/example_kubernetes_executor.py
[2022-06-17 17:18:28,581] {processor.py:161} INFO - Processing /home/uiliam/sandbox/lib/python3.9/site-packages/airflow/example_dags/example_kubernetes_executor.py took 0.046 seconds
[2022-06-17 17:18:59,752] {processor.py:153} INFO - Started process (PID=138392) to work on /home/uiliam/sandbox/lib/python3.9/site-packages/airflow/example_dags/example_kubernetes_executor.py
[2022-06-17 17:18:59,753] {processor.py:641} INFO - Processing file /home/uiliam/sandbox/lib/python3.9/site-packages/airflow/example_dags/example_kubernetes_executor.py for tasks to queue
[2022-06-17 17:18:59,754] {logging_mixin.py:115} INFO - [2022-06-17 17:18:59,754] {dagbag.py:507} INFO - Filling up the DagBag from /home/uiliam/sandbox/lib/python3.9/site-packages/airflow/example_dags/example_kubernetes_executor.py
[2022-06-17 17:18:59,782] {logging_mixin.py:115} INFO - [2022-06-17 17:18:59,782] {example_kubernetes_executor.py:39} WARNING - The example_kubernetes_executor example DAG requires the kubernetes provider. Please install it with: pip install apache-airflow[cncf.kubernetes]
[2022-06-17 17:18:59,782] {processor.py:653} WARNING - No viable dags retrieved from /home/uiliam/sandbox/lib/python3.9/site-packages/airflow/example_dags/example_kubernetes_executor.py
[2022-06-17 17:18:59,805] {processor.py:161} INFO - Processing /home/uiliam/sandbox/lib/python3.9/site-packages/airflow/example_dags/example_kubernetes_executor.py took 0.057 seconds
[2022-06-17 17:19:30,685] {processor.py:153} INFO - Started process (PID=138653) to work on /home/uiliam/sandbox/lib/python3.9/site-packages/airflow/example_dags/example_kubernetes_executor.py
[2022-06-17 17:19:30,685] {processor.py:641} INFO - Processing file /home/uiliam/sandbox/lib/python3.9/site-packages/airflow/example_dags/example_kubernetes_executor.py for tasks to queue
[2022-06-17 17:19:30,686] {logging_mixin.py:115} INFO - [2022-06-17 17:19:30,686] {dagbag.py:507} INFO - Filling up the DagBag from /home/uiliam/sandbox/lib/python3.9/site-packages/airflow/example_dags/example_kubernetes_executor.py
[2022-06-17 17:19:30,708] {logging_mixin.py:115} INFO - [2022-06-17 17:19:30,708] {example_kubernetes_executor.py:39} WARNING - The example_kubernetes_executor example DAG requires the kubernetes provider. Please install it with: pip install apache-airflow[cncf.kubernetes]
[2022-06-17 17:19:30,709] {processor.py:653} WARNING - No viable dags retrieved from /home/uiliam/sandbox/lib/python3.9/site-packages/airflow/example_dags/example_kubernetes_executor.py
[2022-06-17 17:19:30,732] {processor.py:161} INFO - Processing /home/uiliam/sandbox/lib/python3.9/site-packages/airflow/example_dags/example_kubernetes_executor.py took 0.051 seconds
[2022-06-17 17:20:01,770] {processor.py:153} INFO - Started process (PID=138903) to work on /home/uiliam/sandbox/lib/python3.9/site-packages/airflow/example_dags/example_kubernetes_executor.py
[2022-06-17 17:20:01,771] {processor.py:641} INFO - Processing file /home/uiliam/sandbox/lib/python3.9/site-packages/airflow/example_dags/example_kubernetes_executor.py for tasks to queue
[2022-06-17 17:20:01,773] {logging_mixin.py:115} INFO - [2022-06-17 17:20:01,773] {dagbag.py:507} INFO - Filling up the DagBag from /home/uiliam/sandbox/lib/python3.9/site-packages/airflow/example_dags/example_kubernetes_executor.py
[2022-06-17 17:20:01,805] {logging_mixin.py:115} INFO - [2022-06-17 17:20:01,805] {example_kubernetes_executor.py:39} WARNING - The example_kubernetes_executor example DAG requires the kubernetes provider. Please install it with: pip install apache-airflow[cncf.kubernetes]
[2022-06-17 17:20:01,806] {processor.py:653} WARNING - No viable dags retrieved from /home/uiliam/sandbox/lib/python3.9/site-packages/airflow/example_dags/example_kubernetes_executor.py
[2022-06-17 17:20:01,833] {processor.py:161} INFO - Processing /home/uiliam/sandbox/lib/python3.9/site-packages/airflow/example_dags/example_kubernetes_executor.py took 0.069 seconds
[2022-06-17 17:20:32,928] {processor.py:153} INFO - Started process (PID=139228) to work on /home/uiliam/sandbox/lib/python3.9/site-packages/airflow/example_dags/example_kubernetes_executor.py
[2022-06-17 17:20:32,929] {processor.py:641} INFO - Processing file /home/uiliam/sandbox/lib/python3.9/site-packages/airflow/example_dags/example_kubernetes_executor.py for tasks to queue
[2022-06-17 17:20:32,929] {logging_mixin.py:115} INFO - [2022-06-17 17:20:32,929] {dagbag.py:507} INFO - Filling up the DagBag from /home/uiliam/sandbox/lib/python3.9/site-packages/airflow/example_dags/example_kubernetes_executor.py
[2022-06-17 17:20:32,950] {logging_mixin.py:115} INFO - [2022-06-17 17:20:32,950] {example_kubernetes_executor.py:39} WARNING - The example_kubernetes_executor example DAG requires the kubernetes provider. Please install it with: pip install apache-airflow[cncf.kubernetes]
[2022-06-17 17:20:32,950] {processor.py:653} WARNING - No viable dags retrieved from /home/uiliam/sandbox/lib/python3.9/site-packages/airflow/example_dags/example_kubernetes_executor.py
[2022-06-17 17:20:32,972] {processor.py:161} INFO - Processing /home/uiliam/sandbox/lib/python3.9/site-packages/airflow/example_dags/example_kubernetes_executor.py took 0.049 seconds
[2022-06-17 17:21:03,946] {processor.py:153} INFO - Started process (PID=139435) to work on /home/uiliam/sandbox/lib/python3.9/site-packages/airflow/example_dags/example_kubernetes_executor.py
[2022-06-17 17:21:03,947] {processor.py:641} INFO - Processing file /home/uiliam/sandbox/lib/python3.9/site-packages/airflow/example_dags/example_kubernetes_executor.py for tasks to queue
[2022-06-17 17:21:03,948] {logging_mixin.py:115} INFO - [2022-06-17 17:21:03,948] {dagbag.py:507} INFO - Filling up the DagBag from /home/uiliam/sandbox/lib/python3.9/site-packages/airflow/example_dags/example_kubernetes_executor.py
[2022-06-17 17:21:03,980] {logging_mixin.py:115} INFO - [2022-06-17 17:21:03,980] {example_kubernetes_executor.py:39} WARNING - The example_kubernetes_executor example DAG requires the kubernetes provider. Please install it with: pip install apache-airflow[cncf.kubernetes]
[2022-06-17 17:21:03,981] {processor.py:653} WARNING - No viable dags retrieved from /home/uiliam/sandbox/lib/python3.9/site-packages/airflow/example_dags/example_kubernetes_executor.py
[2022-06-17 17:21:04,006] {processor.py:161} INFO - Processing /home/uiliam/sandbox/lib/python3.9/site-packages/airflow/example_dags/example_kubernetes_executor.py took 0.065 seconds
[2022-06-17 17:21:35,011] {processor.py:153} INFO - Started process (PID=139692) to work on /home/uiliam/sandbox/lib/python3.9/site-packages/airflow/example_dags/example_kubernetes_executor.py
[2022-06-17 17:21:35,012] {processor.py:641} INFO - Processing file /home/uiliam/sandbox/lib/python3.9/site-packages/airflow/example_dags/example_kubernetes_executor.py for tasks to queue
[2022-06-17 17:21:35,013] {logging_mixin.py:115} INFO - [2022-06-17 17:21:35,013] {dagbag.py:507} INFO - Filling up the DagBag from /home/uiliam/sandbox/lib/python3.9/site-packages/airflow/example_dags/example_kubernetes_executor.py
[2022-06-17 17:21:35,031] {logging_mixin.py:115} INFO - [2022-06-17 17:21:35,031] {example_kubernetes_executor.py:39} WARNING - The example_kubernetes_executor example DAG requires the kubernetes provider. Please install it with: pip install apache-airflow[cncf.kubernetes]
[2022-06-17 17:21:35,031] {processor.py:653} WARNING - No viable dags retrieved from /home/uiliam/sandbox/lib/python3.9/site-packages/airflow/example_dags/example_kubernetes_executor.py
[2022-06-17 17:21:35,053] {processor.py:161} INFO - Processing /home/uiliam/sandbox/lib/python3.9/site-packages/airflow/example_dags/example_kubernetes_executor.py took 0.048 seconds
[2022-06-17 17:22:06,039] {processor.py:153} INFO - Started process (PID=139946) to work on /home/uiliam/sandbox/lib/python3.9/site-packages/airflow/example_dags/example_kubernetes_executor.py
[2022-06-17 17:22:06,040] {processor.py:641} INFO - Processing file /home/uiliam/sandbox/lib/python3.9/site-packages/airflow/example_dags/example_kubernetes_executor.py for tasks to queue
[2022-06-17 17:22:06,040] {logging_mixin.py:115} INFO - [2022-06-17 17:22:06,040] {dagbag.py:507} INFO - Filling up the DagBag from /home/uiliam/sandbox/lib/python3.9/site-packages/airflow/example_dags/example_kubernetes_executor.py
[2022-06-17 17:22:06,062] {logging_mixin.py:115} INFO - [2022-06-17 17:22:06,062] {example_kubernetes_executor.py:39} WARNING - The example_kubernetes_executor example DAG requires the kubernetes provider. Please install it with: pip install apache-airflow[cncf.kubernetes]
[2022-06-17 17:22:06,063] {processor.py:653} WARNING - No viable dags retrieved from /home/uiliam/sandbox/lib/python3.9/site-packages/airflow/example_dags/example_kubernetes_executor.py
[2022-06-17 17:22:06,084] {processor.py:161} INFO - Processing /home/uiliam/sandbox/lib/python3.9/site-packages/airflow/example_dags/example_kubernetes_executor.py took 0.050 seconds
[2022-06-17 17:22:37,051] {processor.py:153} INFO - Started process (PID=140198) to work on /home/uiliam/sandbox/lib/python3.9/site-packages/airflow/example_dags/example_kubernetes_executor.py
[2022-06-17 17:22:37,051] {processor.py:641} INFO - Processing file /home/uiliam/sandbox/lib/python3.9/site-packages/airflow/example_dags/example_kubernetes_executor.py for tasks to queue
[2022-06-17 17:22:37,052] {logging_mixin.py:115} INFO - [2022-06-17 17:22:37,052] {dagbag.py:507} INFO - Filling up the DagBag from /home/uiliam/sandbox/lib/python3.9/site-packages/airflow/example_dags/example_kubernetes_executor.py
[2022-06-17 17:22:37,070] {logging_mixin.py:115} INFO - [2022-06-17 17:22:37,070] {example_kubernetes_executor.py:39} WARNING - The example_kubernetes_executor example DAG requires the kubernetes provider. Please install it with: pip install apache-airflow[cncf.kubernetes]
[2022-06-17 17:22:37,071] {processor.py:653} WARNING - No viable dags retrieved from /home/uiliam/sandbox/lib/python3.9/site-packages/airflow/example_dags/example_kubernetes_executor.py
[2022-06-17 17:22:37,094] {processor.py:161} INFO - Processing /home/uiliam/sandbox/lib/python3.9/site-packages/airflow/example_dags/example_kubernetes_executor.py took 0.048 seconds
[2022-06-17 17:23:08,247] {processor.py:153} INFO - Started process (PID=140436) to work on /home/uiliam/sandbox/lib/python3.9/site-packages/airflow/example_dags/example_kubernetes_executor.py
[2022-06-17 17:23:08,247] {processor.py:641} INFO - Processing file /home/uiliam/sandbox/lib/python3.9/site-packages/airflow/example_dags/example_kubernetes_executor.py for tasks to queue
[2022-06-17 17:23:08,248] {logging_mixin.py:115} INFO - [2022-06-17 17:23:08,248] {dagbag.py:507} INFO - Filling up the DagBag from /home/uiliam/sandbox/lib/python3.9/site-packages/airflow/example_dags/example_kubernetes_executor.py
[2022-06-17 17:23:08,268] {logging_mixin.py:115} INFO - [2022-06-17 17:23:08,268] {example_kubernetes_executor.py:39} WARNING - The example_kubernetes_executor example DAG requires the kubernetes provider. Please install it with: pip install apache-airflow[cncf.kubernetes]
[2022-06-17 17:23:08,269] {processor.py:653} WARNING - No viable dags retrieved from /home/uiliam/sandbox/lib/python3.9/site-packages/airflow/example_dags/example_kubernetes_executor.py
[2022-06-17 17:23:08,290] {processor.py:161} INFO - Processing /home/uiliam/sandbox/lib/python3.9/site-packages/airflow/example_dags/example_kubernetes_executor.py took 0.049 seconds
[2022-06-17 17:23:39,590] {processor.py:153} INFO - Started process (PID=140677) to work on /home/uiliam/sandbox/lib/python3.9/site-packages/airflow/example_dags/example_kubernetes_executor.py
[2022-06-17 17:23:39,591] {processor.py:641} INFO - Processing file /home/uiliam/sandbox/lib/python3.9/site-packages/airflow/example_dags/example_kubernetes_executor.py for tasks to queue
[2022-06-17 17:23:39,592] {logging_mixin.py:115} INFO - [2022-06-17 17:23:39,591] {dagbag.py:507} INFO - Filling up the DagBag from /home/uiliam/sandbox/lib/python3.9/site-packages/airflow/example_dags/example_kubernetes_executor.py
[2022-06-17 17:23:39,613] {logging_mixin.py:115} INFO - [2022-06-17 17:23:39,613] {example_kubernetes_executor.py:39} WARNING - The example_kubernetes_executor example DAG requires the kubernetes provider. Please install it with: pip install apache-airflow[cncf.kubernetes]
[2022-06-17 17:23:39,614] {processor.py:653} WARNING - No viable dags retrieved from /home/uiliam/sandbox/lib/python3.9/site-packages/airflow/example_dags/example_kubernetes_executor.py
[2022-06-17 17:23:39,637] {processor.py:161} INFO - Processing /home/uiliam/sandbox/lib/python3.9/site-packages/airflow/example_dags/example_kubernetes_executor.py took 0.053 seconds
[2022-06-17 17:24:10,830] {processor.py:153} INFO - Started process (PID=140830) to work on /home/uiliam/sandbox/lib/python3.9/site-packages/airflow/example_dags/example_kubernetes_executor.py
[2022-06-17 17:24:10,831] {processor.py:641} INFO - Processing file /home/uiliam/sandbox/lib/python3.9/site-packages/airflow/example_dags/example_kubernetes_executor.py for tasks to queue
[2022-06-17 17:24:10,832] {logging_mixin.py:115} INFO - [2022-06-17 17:24:10,832] {dagbag.py:507} INFO - Filling up the DagBag from /home/uiliam/sandbox/lib/python3.9/site-packages/airflow/example_dags/example_kubernetes_executor.py
[2022-06-17 17:24:10,859] {logging_mixin.py:115} INFO - [2022-06-17 17:24:10,858] {example_kubernetes_executor.py:39} WARNING - The example_kubernetes_executor example DAG requires the kubernetes provider. Please install it with: pip install apache-airflow[cncf.kubernetes]
[2022-06-17 17:24:10,859] {processor.py:653} WARNING - No viable dags retrieved from /home/uiliam/sandbox/lib/python3.9/site-packages/airflow/example_dags/example_kubernetes_executor.py
[2022-06-17 17:24:10,884] {processor.py:161} INFO - Processing /home/uiliam/sandbox/lib/python3.9/site-packages/airflow/example_dags/example_kubernetes_executor.py took 0.060 seconds
[2022-06-17 17:24:42,021] {processor.py:153} INFO - Started process (PID=141156) to work on /home/uiliam/sandbox/lib/python3.9/site-packages/airflow/example_dags/example_kubernetes_executor.py
[2022-06-17 17:24:42,021] {processor.py:641} INFO - Processing file /home/uiliam/sandbox/lib/python3.9/site-packages/airflow/example_dags/example_kubernetes_executor.py for tasks to queue
[2022-06-17 17:24:42,022] {logging_mixin.py:115} INFO - [2022-06-17 17:24:42,022] {dagbag.py:507} INFO - Filling up the DagBag from /home/uiliam/sandbox/lib/python3.9/site-packages/airflow/example_dags/example_kubernetes_executor.py
[2022-06-17 17:24:42,041] {logging_mixin.py:115} INFO - [2022-06-17 17:24:42,041] {example_kubernetes_executor.py:39} WARNING - The example_kubernetes_executor example DAG requires the kubernetes provider. Please install it with: pip install apache-airflow[cncf.kubernetes]
[2022-06-17 17:24:42,041] {processor.py:653} WARNING - No viable dags retrieved from /home/uiliam/sandbox/lib/python3.9/site-packages/airflow/example_dags/example_kubernetes_executor.py
[2022-06-17 17:24:42,063] {processor.py:161} INFO - Processing /home/uiliam/sandbox/lib/python3.9/site-packages/airflow/example_dags/example_kubernetes_executor.py took 0.047 seconds
[2022-06-17 17:25:13,252] {processor.py:153} INFO - Started process (PID=141346) to work on /home/uiliam/sandbox/lib/python3.9/site-packages/airflow/example_dags/example_kubernetes_executor.py
[2022-06-17 17:25:13,253] {processor.py:641} INFO - Processing file /home/uiliam/sandbox/lib/python3.9/site-packages/airflow/example_dags/example_kubernetes_executor.py for tasks to queue
[2022-06-17 17:25:13,254] {logging_mixin.py:115} INFO - [2022-06-17 17:25:13,254] {dagbag.py:507} INFO - Filling up the DagBag from /home/uiliam/sandbox/lib/python3.9/site-packages/airflow/example_dags/example_kubernetes_executor.py
[2022-06-17 17:25:13,272] {logging_mixin.py:115} INFO - [2022-06-17 17:25:13,272] {example_kubernetes_executor.py:39} WARNING - The example_kubernetes_executor example DAG requires the kubernetes provider. Please install it with: pip install apache-airflow[cncf.kubernetes]
[2022-06-17 17:25:13,272] {processor.py:653} WARNING - No viable dags retrieved from /home/uiliam/sandbox/lib/python3.9/site-packages/airflow/example_dags/example_kubernetes_executor.py
[2022-06-17 17:25:13,293] {processor.py:161} INFO - Processing /home/uiliam/sandbox/lib/python3.9/site-packages/airflow/example_dags/example_kubernetes_executor.py took 0.045 seconds
[2022-06-17 17:25:44,687] {processor.py:153} INFO - Started process (PID=141560) to work on /home/uiliam/sandbox/lib/python3.9/site-packages/airflow/example_dags/example_kubernetes_executor.py
[2022-06-17 17:25:44,687] {processor.py:641} INFO - Processing file /home/uiliam/sandbox/lib/python3.9/site-packages/airflow/example_dags/example_kubernetes_executor.py for tasks to queue
[2022-06-17 17:25:44,688] {logging_mixin.py:115} INFO - [2022-06-17 17:25:44,688] {dagbag.py:507} INFO - Filling up the DagBag from /home/uiliam/sandbox/lib/python3.9/site-packages/airflow/example_dags/example_kubernetes_executor.py
[2022-06-17 17:25:44,712] {logging_mixin.py:115} INFO - [2022-06-17 17:25:44,711] {example_kubernetes_executor.py:39} WARNING - The example_kubernetes_executor example DAG requires the kubernetes provider. Please install it with: pip install apache-airflow[cncf.kubernetes]
[2022-06-17 17:25:44,712] {processor.py:653} WARNING - No viable dags retrieved from /home/uiliam/sandbox/lib/python3.9/site-packages/airflow/example_dags/example_kubernetes_executor.py
[2022-06-17 17:25:44,736] {processor.py:161} INFO - Processing /home/uiliam/sandbox/lib/python3.9/site-packages/airflow/example_dags/example_kubernetes_executor.py took 0.055 seconds
[2022-06-17 17:26:15,750] {processor.py:153} INFO - Started process (PID=141745) to work on /home/uiliam/sandbox/lib/python3.9/site-packages/airflow/example_dags/example_kubernetes_executor.py
[2022-06-17 17:26:15,751] {processor.py:641} INFO - Processing file /home/uiliam/sandbox/lib/python3.9/site-packages/airflow/example_dags/example_kubernetes_executor.py for tasks to queue
[2022-06-17 17:26:15,752] {logging_mixin.py:115} INFO - [2022-06-17 17:26:15,752] {dagbag.py:507} INFO - Filling up the DagBag from /home/uiliam/sandbox/lib/python3.9/site-packages/airflow/example_dags/example_kubernetes_executor.py
[2022-06-17 17:26:15,773] {logging_mixin.py:115} INFO - [2022-06-17 17:26:15,773] {example_kubernetes_executor.py:39} WARNING - The example_kubernetes_executor example DAG requires the kubernetes provider. Please install it with: pip install apache-airflow[cncf.kubernetes]
[2022-06-17 17:26:15,774] {processor.py:653} WARNING - No viable dags retrieved from /home/uiliam/sandbox/lib/python3.9/site-packages/airflow/example_dags/example_kubernetes_executor.py
[2022-06-17 17:26:15,794] {processor.py:161} INFO - Processing /home/uiliam/sandbox/lib/python3.9/site-packages/airflow/example_dags/example_kubernetes_executor.py took 0.049 seconds
[2022-06-17 17:26:46,970] {processor.py:153} INFO - Started process (PID=141918) to work on /home/uiliam/sandbox/lib/python3.9/site-packages/airflow/example_dags/example_kubernetes_executor.py
[2022-06-17 17:26:46,971] {processor.py:641} INFO - Processing file /home/uiliam/sandbox/lib/python3.9/site-packages/airflow/example_dags/example_kubernetes_executor.py for tasks to queue
[2022-06-17 17:26:46,972] {logging_mixin.py:115} INFO - [2022-06-17 17:26:46,971] {dagbag.py:507} INFO - Filling up the DagBag from /home/uiliam/sandbox/lib/python3.9/site-packages/airflow/example_dags/example_kubernetes_executor.py
[2022-06-17 17:26:46,995] {logging_mixin.py:115} INFO - [2022-06-17 17:26:46,995] {example_kubernetes_executor.py:39} WARNING - The example_kubernetes_executor example DAG requires the kubernetes provider. Please install it with: pip install apache-airflow[cncf.kubernetes]
[2022-06-17 17:26:46,996] {processor.py:653} WARNING - No viable dags retrieved from /home/uiliam/sandbox/lib/python3.9/site-packages/airflow/example_dags/example_kubernetes_executor.py
[2022-06-17 17:26:47,018] {processor.py:161} INFO - Processing /home/uiliam/sandbox/lib/python3.9/site-packages/airflow/example_dags/example_kubernetes_executor.py took 0.053 seconds
[2022-06-17 17:27:18,148] {processor.py:153} INFO - Started process (PID=142092) to work on /home/uiliam/sandbox/lib/python3.9/site-packages/airflow/example_dags/example_kubernetes_executor.py
[2022-06-17 17:27:18,148] {processor.py:641} INFO - Processing file /home/uiliam/sandbox/lib/python3.9/site-packages/airflow/example_dags/example_kubernetes_executor.py for tasks to queue
[2022-06-17 17:27:18,149] {logging_mixin.py:115} INFO - [2022-06-17 17:27:18,149] {dagbag.py:507} INFO - Filling up the DagBag from /home/uiliam/sandbox/lib/python3.9/site-packages/airflow/example_dags/example_kubernetes_executor.py
[2022-06-17 17:27:18,167] {logging_mixin.py:115} INFO - [2022-06-17 17:27:18,167] {example_kubernetes_executor.py:39} WARNING - The example_kubernetes_executor example DAG requires the kubernetes provider. Please install it with: pip install apache-airflow[cncf.kubernetes]
[2022-06-17 17:27:18,167] {processor.py:653} WARNING - No viable dags retrieved from /home/uiliam/sandbox/lib/python3.9/site-packages/airflow/example_dags/example_kubernetes_executor.py
[2022-06-17 17:27:18,189] {processor.py:161} INFO - Processing /home/uiliam/sandbox/lib/python3.9/site-packages/airflow/example_dags/example_kubernetes_executor.py took 0.047 seconds
[2022-06-17 17:27:49,088] {processor.py:153} INFO - Started process (PID=142320) to work on /home/uiliam/sandbox/lib/python3.9/site-packages/airflow/example_dags/example_kubernetes_executor.py
[2022-06-17 17:27:49,088] {processor.py:641} INFO - Processing file /home/uiliam/sandbox/lib/python3.9/site-packages/airflow/example_dags/example_kubernetes_executor.py for tasks to queue
[2022-06-17 17:27:49,089] {logging_mixin.py:115} INFO - [2022-06-17 17:27:49,089] {dagbag.py:507} INFO - Filling up the DagBag from /home/uiliam/sandbox/lib/python3.9/site-packages/airflow/example_dags/example_kubernetes_executor.py
[2022-06-17 17:27:49,110] {logging_mixin.py:115} INFO - [2022-06-17 17:27:49,110] {example_kubernetes_executor.py:39} WARNING - The example_kubernetes_executor example DAG requires the kubernetes provider. Please install it with: pip install apache-airflow[cncf.kubernetes]
[2022-06-17 17:27:49,110] {processor.py:653} WARNING - No viable dags retrieved from /home/uiliam/sandbox/lib/python3.9/site-packages/airflow/example_dags/example_kubernetes_executor.py
[2022-06-17 17:27:49,130] {processor.py:161} INFO - Processing /home/uiliam/sandbox/lib/python3.9/site-packages/airflow/example_dags/example_kubernetes_executor.py took 0.046 seconds
[2022-06-17 17:28:19,974] {processor.py:153} INFO - Started process (PID=142580) to work on /home/uiliam/sandbox/lib/python3.9/site-packages/airflow/example_dags/example_kubernetes_executor.py
[2022-06-17 17:28:19,975] {processor.py:641} INFO - Processing file /home/uiliam/sandbox/lib/python3.9/site-packages/airflow/example_dags/example_kubernetes_executor.py for tasks to queue
[2022-06-17 17:28:19,977] {logging_mixin.py:115} INFO - [2022-06-17 17:28:19,976] {dagbag.py:507} INFO - Filling up the DagBag from /home/uiliam/sandbox/lib/python3.9/site-packages/airflow/example_dags/example_kubernetes_executor.py
[2022-06-17 17:28:20,014] {logging_mixin.py:115} INFO - [2022-06-17 17:28:20,014] {example_kubernetes_executor.py:39} WARNING - The example_kubernetes_executor example DAG requires the kubernetes provider. Please install it with: pip install apache-airflow[cncf.kubernetes]
[2022-06-17 17:28:20,015] {processor.py:653} WARNING - No viable dags retrieved from /home/uiliam/sandbox/lib/python3.9/site-packages/airflow/example_dags/example_kubernetes_executor.py
[2022-06-17 17:28:20,044] {processor.py:161} INFO - Processing /home/uiliam/sandbox/lib/python3.9/site-packages/airflow/example_dags/example_kubernetes_executor.py took 0.077 seconds
[2022-06-17 17:28:51,260] {processor.py:153} INFO - Started process (PID=142804) to work on /home/uiliam/sandbox/lib/python3.9/site-packages/airflow/example_dags/example_kubernetes_executor.py
[2022-06-17 17:28:51,261] {processor.py:641} INFO - Processing file /home/uiliam/sandbox/lib/python3.9/site-packages/airflow/example_dags/example_kubernetes_executor.py for tasks to queue
[2022-06-17 17:28:51,262] {logging_mixin.py:115} INFO - [2022-06-17 17:28:51,262] {dagbag.py:507} INFO - Filling up the DagBag from /home/uiliam/sandbox/lib/python3.9/site-packages/airflow/example_dags/example_kubernetes_executor.py
[2022-06-17 17:28:51,280] {logging_mixin.py:115} INFO - [2022-06-17 17:28:51,280] {example_kubernetes_executor.py:39} WARNING - The example_kubernetes_executor example DAG requires the kubernetes provider. Please install it with: pip install apache-airflow[cncf.kubernetes]
[2022-06-17 17:28:51,281] {processor.py:653} WARNING - No viable dags retrieved from /home/uiliam/sandbox/lib/python3.9/site-packages/airflow/example_dags/example_kubernetes_executor.py
[2022-06-17 17:28:51,305] {processor.py:161} INFO - Processing /home/uiliam/sandbox/lib/python3.9/site-packages/airflow/example_dags/example_kubernetes_executor.py took 0.050 seconds
[2022-06-17 17:29:22,374] {processor.py:153} INFO - Started process (PID=142988) to work on /home/uiliam/sandbox/lib/python3.9/site-packages/airflow/example_dags/example_kubernetes_executor.py
[2022-06-17 17:29:22,375] {processor.py:641} INFO - Processing file /home/uiliam/sandbox/lib/python3.9/site-packages/airflow/example_dags/example_kubernetes_executor.py for tasks to queue
[2022-06-17 17:29:22,376] {logging_mixin.py:115} INFO - [2022-06-17 17:29:22,376] {dagbag.py:507} INFO - Filling up the DagBag from /home/uiliam/sandbox/lib/python3.9/site-packages/airflow/example_dags/example_kubernetes_executor.py
[2022-06-17 17:29:22,396] {logging_mixin.py:115} INFO - [2022-06-17 17:29:22,396] {example_kubernetes_executor.py:39} WARNING - The example_kubernetes_executor example DAG requires the kubernetes provider. Please install it with: pip install apache-airflow[cncf.kubernetes]
[2022-06-17 17:29:22,396] {processor.py:653} WARNING - No viable dags retrieved from /home/uiliam/sandbox/lib/python3.9/site-packages/airflow/example_dags/example_kubernetes_executor.py
[2022-06-17 17:29:22,418] {processor.py:161} INFO - Processing /home/uiliam/sandbox/lib/python3.9/site-packages/airflow/example_dags/example_kubernetes_executor.py took 0.050 seconds
[2022-06-17 17:29:53,504] {processor.py:153} INFO - Started process (PID=143200) to work on /home/uiliam/sandbox/lib/python3.9/site-packages/airflow/example_dags/example_kubernetes_executor.py
[2022-06-17 17:29:53,505] {processor.py:641} INFO - Processing file /home/uiliam/sandbox/lib/python3.9/site-packages/airflow/example_dags/example_kubernetes_executor.py for tasks to queue
[2022-06-17 17:29:53,505] {logging_mixin.py:115} INFO - [2022-06-17 17:29:53,505] {dagbag.py:507} INFO - Filling up the DagBag from /home/uiliam/sandbox/lib/python3.9/site-packages/airflow/example_dags/example_kubernetes_executor.py
[2022-06-17 17:29:53,527] {logging_mixin.py:115} INFO - [2022-06-17 17:29:53,527] {example_kubernetes_executor.py:39} WARNING - The example_kubernetes_executor example DAG requires the kubernetes provider. Please install it with: pip install apache-airflow[cncf.kubernetes]
[2022-06-17 17:29:53,527] {processor.py:653} WARNING - No viable dags retrieved from /home/uiliam/sandbox/lib/python3.9/site-packages/airflow/example_dags/example_kubernetes_executor.py
[2022-06-17 17:29:53,549] {processor.py:161} INFO - Processing /home/uiliam/sandbox/lib/python3.9/site-packages/airflow/example_dags/example_kubernetes_executor.py took 0.050 seconds
[2022-06-17 17:30:24,293] {processor.py:153} INFO - Started process (PID=143343) to work on /home/uiliam/sandbox/lib/python3.9/site-packages/airflow/example_dags/example_kubernetes_executor.py
[2022-06-17 17:30:24,294] {processor.py:641} INFO - Processing file /home/uiliam/sandbox/lib/python3.9/site-packages/airflow/example_dags/example_kubernetes_executor.py for tasks to queue
[2022-06-17 17:30:24,295] {logging_mixin.py:115} INFO - [2022-06-17 17:30:24,294] {dagbag.py:507} INFO - Filling up the DagBag from /home/uiliam/sandbox/lib/python3.9/site-packages/airflow/example_dags/example_kubernetes_executor.py
[2022-06-17 17:30:24,315] {logging_mixin.py:115} INFO - [2022-06-17 17:30:24,315] {example_kubernetes_executor.py:39} WARNING - The example_kubernetes_executor example DAG requires the kubernetes provider. Please install it with: pip install apache-airflow[cncf.kubernetes]
[2022-06-17 17:30:24,315] {processor.py:653} WARNING - No viable dags retrieved from /home/uiliam/sandbox/lib/python3.9/site-packages/airflow/example_dags/example_kubernetes_executor.py
[2022-06-17 17:30:24,338] {processor.py:161} INFO - Processing /home/uiliam/sandbox/lib/python3.9/site-packages/airflow/example_dags/example_kubernetes_executor.py took 0.050 seconds
[2022-06-17 17:30:55,539] {processor.py:153} INFO - Started process (PID=143521) to work on /home/uiliam/sandbox/lib/python3.9/site-packages/airflow/example_dags/example_kubernetes_executor.py
[2022-06-17 17:30:55,540] {processor.py:641} INFO - Processing file /home/uiliam/sandbox/lib/python3.9/site-packages/airflow/example_dags/example_kubernetes_executor.py for tasks to queue
[2022-06-17 17:30:55,541] {logging_mixin.py:115} INFO - [2022-06-17 17:30:55,540] {dagbag.py:507} INFO - Filling up the DagBag from /home/uiliam/sandbox/lib/python3.9/site-packages/airflow/example_dags/example_kubernetes_executor.py
[2022-06-17 17:30:55,562] {logging_mixin.py:115} INFO - [2022-06-17 17:30:55,561] {example_kubernetes_executor.py:39} WARNING - The example_kubernetes_executor example DAG requires the kubernetes provider. Please install it with: pip install apache-airflow[cncf.kubernetes]
[2022-06-17 17:30:55,562] {processor.py:653} WARNING - No viable dags retrieved from /home/uiliam/sandbox/lib/python3.9/site-packages/airflow/example_dags/example_kubernetes_executor.py
[2022-06-17 17:30:55,584] {processor.py:161} INFO - Processing /home/uiliam/sandbox/lib/python3.9/site-packages/airflow/example_dags/example_kubernetes_executor.py took 0.049 seconds
[2022-06-17 17:31:27,372] {processor.py:153} INFO - Started process (PID=143796) to work on /home/uiliam/sandbox/lib/python3.9/site-packages/airflow/example_dags/example_kubernetes_executor.py
[2022-06-17 17:31:27,372] {processor.py:641} INFO - Processing file /home/uiliam/sandbox/lib/python3.9/site-packages/airflow/example_dags/example_kubernetes_executor.py for tasks to queue
[2022-06-17 17:31:27,374] {logging_mixin.py:115} INFO - [2022-06-17 17:31:27,373] {dagbag.py:507} INFO - Filling up the DagBag from /home/uiliam/sandbox/lib/python3.9/site-packages/airflow/example_dags/example_kubernetes_executor.py
[2022-06-17 17:31:27,409] {logging_mixin.py:115} INFO - [2022-06-17 17:31:27,408] {example_kubernetes_executor.py:39} WARNING - The example_kubernetes_executor example DAG requires the kubernetes provider. Please install it with: pip install apache-airflow[cncf.kubernetes]
[2022-06-17 17:31:27,409] {processor.py:653} WARNING - No viable dags retrieved from /home/uiliam/sandbox/lib/python3.9/site-packages/airflow/example_dags/example_kubernetes_executor.py
[2022-06-17 17:31:27,435] {processor.py:161} INFO - Processing /home/uiliam/sandbox/lib/python3.9/site-packages/airflow/example_dags/example_kubernetes_executor.py took 0.070 seconds
[2022-06-17 17:31:57,959] {processor.py:153} INFO - Started process (PID=143976) to work on /home/uiliam/sandbox/lib/python3.9/site-packages/airflow/example_dags/example_kubernetes_executor.py
[2022-06-17 17:31:57,960] {processor.py:641} INFO - Processing file /home/uiliam/sandbox/lib/python3.9/site-packages/airflow/example_dags/example_kubernetes_executor.py for tasks to queue
[2022-06-17 17:31:57,960] {logging_mixin.py:115} INFO - [2022-06-17 17:31:57,960] {dagbag.py:507} INFO - Filling up the DagBag from /home/uiliam/sandbox/lib/python3.9/site-packages/airflow/example_dags/example_kubernetes_executor.py
[2022-06-17 17:31:57,980] {logging_mixin.py:115} INFO - [2022-06-17 17:31:57,980] {example_kubernetes_executor.py:39} WARNING - The example_kubernetes_executor example DAG requires the kubernetes provider. Please install it with: pip install apache-airflow[cncf.kubernetes]
[2022-06-17 17:31:57,981] {processor.py:653} WARNING - No viable dags retrieved from /home/uiliam/sandbox/lib/python3.9/site-packages/airflow/example_dags/example_kubernetes_executor.py
[2022-06-17 17:31:58,001] {processor.py:161} INFO - Processing /home/uiliam/sandbox/lib/python3.9/site-packages/airflow/example_dags/example_kubernetes_executor.py took 0.046 seconds
[2022-06-17 17:32:28,396] {processor.py:153} INFO - Started process (PID=144156) to work on /home/uiliam/sandbox/lib/python3.9/site-packages/airflow/example_dags/example_kubernetes_executor.py
[2022-06-17 17:32:28,397] {processor.py:641} INFO - Processing file /home/uiliam/sandbox/lib/python3.9/site-packages/airflow/example_dags/example_kubernetes_executor.py for tasks to queue
[2022-06-17 17:32:28,398] {logging_mixin.py:115} INFO - [2022-06-17 17:32:28,398] {dagbag.py:507} INFO - Filling up the DagBag from /home/uiliam/sandbox/lib/python3.9/site-packages/airflow/example_dags/example_kubernetes_executor.py
[2022-06-17 17:32:28,445] {logging_mixin.py:115} INFO - [2022-06-17 17:32:28,444] {example_kubernetes_executor.py:39} WARNING - The example_kubernetes_executor example DAG requires the kubernetes provider. Please install it with: pip install apache-airflow[cncf.kubernetes]
[2022-06-17 17:32:28,446] {processor.py:653} WARNING - No viable dags retrieved from /home/uiliam/sandbox/lib/python3.9/site-packages/airflow/example_dags/example_kubernetes_executor.py
[2022-06-17 17:32:28,482] {processor.py:161} INFO - Processing /home/uiliam/sandbox/lib/python3.9/site-packages/airflow/example_dags/example_kubernetes_executor.py took 0.094 seconds
[2022-06-17 17:32:59,667] {processor.py:153} INFO - Started process (PID=144324) to work on /home/uiliam/sandbox/lib/python3.9/site-packages/airflow/example_dags/example_kubernetes_executor.py
[2022-06-17 17:32:59,668] {processor.py:641} INFO - Processing file /home/uiliam/sandbox/lib/python3.9/site-packages/airflow/example_dags/example_kubernetes_executor.py for tasks to queue
[2022-06-17 17:32:59,669] {logging_mixin.py:115} INFO - [2022-06-17 17:32:59,669] {dagbag.py:507} INFO - Filling up the DagBag from /home/uiliam/sandbox/lib/python3.9/site-packages/airflow/example_dags/example_kubernetes_executor.py
[2022-06-17 17:32:59,689] {logging_mixin.py:115} INFO - [2022-06-17 17:32:59,689] {example_kubernetes_executor.py:39} WARNING - The example_kubernetes_executor example DAG requires the kubernetes provider. Please install it with: pip install apache-airflow[cncf.kubernetes]
[2022-06-17 17:32:59,690] {processor.py:653} WARNING - No viable dags retrieved from /home/uiliam/sandbox/lib/python3.9/site-packages/airflow/example_dags/example_kubernetes_executor.py
[2022-06-17 17:32:59,710] {processor.py:161} INFO - Processing /home/uiliam/sandbox/lib/python3.9/site-packages/airflow/example_dags/example_kubernetes_executor.py took 0.048 seconds
[2022-06-17 17:33:30,497] {processor.py:153} INFO - Started process (PID=144501) to work on /home/uiliam/sandbox/lib/python3.9/site-packages/airflow/example_dags/example_kubernetes_executor.py
[2022-06-17 17:33:30,498] {processor.py:641} INFO - Processing file /home/uiliam/sandbox/lib/python3.9/site-packages/airflow/example_dags/example_kubernetes_executor.py for tasks to queue
[2022-06-17 17:33:30,499] {logging_mixin.py:115} INFO - [2022-06-17 17:33:30,499] {dagbag.py:507} INFO - Filling up the DagBag from /home/uiliam/sandbox/lib/python3.9/site-packages/airflow/example_dags/example_kubernetes_executor.py
[2022-06-17 17:33:30,526] {logging_mixin.py:115} INFO - [2022-06-17 17:33:30,525] {example_kubernetes_executor.py:39} WARNING - The example_kubernetes_executor example DAG requires the kubernetes provider. Please install it with: pip install apache-airflow[cncf.kubernetes]
[2022-06-17 17:33:30,526] {processor.py:653} WARNING - No viable dags retrieved from /home/uiliam/sandbox/lib/python3.9/site-packages/airflow/example_dags/example_kubernetes_executor.py
[2022-06-17 17:33:30,550] {processor.py:161} INFO - Processing /home/uiliam/sandbox/lib/python3.9/site-packages/airflow/example_dags/example_kubernetes_executor.py took 0.059 seconds
[2022-06-17 17:34:01,828] {processor.py:153} INFO - Started process (PID=144670) to work on /home/uiliam/sandbox/lib/python3.9/site-packages/airflow/example_dags/example_kubernetes_executor.py
[2022-06-17 17:34:01,829] {processor.py:641} INFO - Processing file /home/uiliam/sandbox/lib/python3.9/site-packages/airflow/example_dags/example_kubernetes_executor.py for tasks to queue
[2022-06-17 17:34:01,829] {logging_mixin.py:115} INFO - [2022-06-17 17:34:01,829] {dagbag.py:507} INFO - Filling up the DagBag from /home/uiliam/sandbox/lib/python3.9/site-packages/airflow/example_dags/example_kubernetes_executor.py
[2022-06-17 17:34:01,852] {logging_mixin.py:115} INFO - [2022-06-17 17:34:01,852] {example_kubernetes_executor.py:39} WARNING - The example_kubernetes_executor example DAG requires the kubernetes provider. Please install it with: pip install apache-airflow[cncf.kubernetes]
[2022-06-17 17:34:01,853] {processor.py:653} WARNING - No viable dags retrieved from /home/uiliam/sandbox/lib/python3.9/site-packages/airflow/example_dags/example_kubernetes_executor.py
[2022-06-17 17:34:01,878] {processor.py:161} INFO - Processing /home/uiliam/sandbox/lib/python3.9/site-packages/airflow/example_dags/example_kubernetes_executor.py took 0.055 seconds
[2022-06-17 17:34:33,495] {processor.py:153} INFO - Started process (PID=145080) to work on /home/uiliam/sandbox/lib/python3.9/site-packages/airflow/example_dags/example_kubernetes_executor.py
[2022-06-17 17:34:33,496] {processor.py:641} INFO - Processing file /home/uiliam/sandbox/lib/python3.9/site-packages/airflow/example_dags/example_kubernetes_executor.py for tasks to queue
[2022-06-17 17:34:33,497] {logging_mixin.py:115} INFO - [2022-06-17 17:34:33,496] {dagbag.py:507} INFO - Filling up the DagBag from /home/uiliam/sandbox/lib/python3.9/site-packages/airflow/example_dags/example_kubernetes_executor.py
[2022-06-17 17:34:33,518] {logging_mixin.py:115} INFO - [2022-06-17 17:34:33,518] {example_kubernetes_executor.py:39} WARNING - The example_kubernetes_executor example DAG requires the kubernetes provider. Please install it with: pip install apache-airflow[cncf.kubernetes]
[2022-06-17 17:34:33,519] {processor.py:653} WARNING - No viable dags retrieved from /home/uiliam/sandbox/lib/python3.9/site-packages/airflow/example_dags/example_kubernetes_executor.py
[2022-06-17 17:34:33,539] {processor.py:161} INFO - Processing /home/uiliam/sandbox/lib/python3.9/site-packages/airflow/example_dags/example_kubernetes_executor.py took 0.050 seconds
[2022-06-17 17:35:04,842] {processor.py:153} INFO - Started process (PID=145428) to work on /home/uiliam/sandbox/lib/python3.9/site-packages/airflow/example_dags/example_kubernetes_executor.py
[2022-06-17 17:35:04,843] {processor.py:641} INFO - Processing file /home/uiliam/sandbox/lib/python3.9/site-packages/airflow/example_dags/example_kubernetes_executor.py for tasks to queue
[2022-06-17 17:35:04,843] {logging_mixin.py:115} INFO - [2022-06-17 17:35:04,843] {dagbag.py:507} INFO - Filling up the DagBag from /home/uiliam/sandbox/lib/python3.9/site-packages/airflow/example_dags/example_kubernetes_executor.py
[2022-06-17 17:35:04,863] {logging_mixin.py:115} INFO - [2022-06-17 17:35:04,863] {example_kubernetes_executor.py:39} WARNING - The example_kubernetes_executor example DAG requires the kubernetes provider. Please install it with: pip install apache-airflow[cncf.kubernetes]
[2022-06-17 17:35:04,864] {processor.py:653} WARNING - No viable dags retrieved from /home/uiliam/sandbox/lib/python3.9/site-packages/airflow/example_dags/example_kubernetes_executor.py
[2022-06-17 17:35:04,882] {processor.py:161} INFO - Processing /home/uiliam/sandbox/lib/python3.9/site-packages/airflow/example_dags/example_kubernetes_executor.py took 0.045 seconds
[2022-06-17 17:35:36,193] {processor.py:153} INFO - Started process (PID=145718) to work on /home/uiliam/sandbox/lib/python3.9/site-packages/airflow/example_dags/example_kubernetes_executor.py
[2022-06-17 17:35:36,194] {processor.py:641} INFO - Processing file /home/uiliam/sandbox/lib/python3.9/site-packages/airflow/example_dags/example_kubernetes_executor.py for tasks to queue
[2022-06-17 17:35:36,194] {logging_mixin.py:115} INFO - [2022-06-17 17:35:36,194] {dagbag.py:507} INFO - Filling up the DagBag from /home/uiliam/sandbox/lib/python3.9/site-packages/airflow/example_dags/example_kubernetes_executor.py
[2022-06-17 17:35:36,217] {logging_mixin.py:115} INFO - [2022-06-17 17:35:36,217] {example_kubernetes_executor.py:39} WARNING - The example_kubernetes_executor example DAG requires the kubernetes provider. Please install it with: pip install apache-airflow[cncf.kubernetes]
[2022-06-17 17:35:36,218] {processor.py:653} WARNING - No viable dags retrieved from /home/uiliam/sandbox/lib/python3.9/site-packages/airflow/example_dags/example_kubernetes_executor.py
[2022-06-17 17:35:36,242] {processor.py:161} INFO - Processing /home/uiliam/sandbox/lib/python3.9/site-packages/airflow/example_dags/example_kubernetes_executor.py took 0.054 seconds
[2022-06-17 17:36:07,774] {processor.py:153} INFO - Started process (PID=146074) to work on /home/uiliam/sandbox/lib/python3.9/site-packages/airflow/example_dags/example_kubernetes_executor.py
[2022-06-17 17:36:07,775] {processor.py:641} INFO - Processing file /home/uiliam/sandbox/lib/python3.9/site-packages/airflow/example_dags/example_kubernetes_executor.py for tasks to queue
[2022-06-17 17:36:07,777] {logging_mixin.py:115} INFO - [2022-06-17 17:36:07,777] {dagbag.py:507} INFO - Filling up the DagBag from /home/uiliam/sandbox/lib/python3.9/site-packages/airflow/example_dags/example_kubernetes_executor.py
[2022-06-17 17:36:07,813] {logging_mixin.py:115} INFO - [2022-06-17 17:36:07,813] {example_kubernetes_executor.py:39} WARNING - The example_kubernetes_executor example DAG requires the kubernetes provider. Please install it with: pip install apache-airflow[cncf.kubernetes]
[2022-06-17 17:36:07,813] {processor.py:653} WARNING - No viable dags retrieved from /home/uiliam/sandbox/lib/python3.9/site-packages/airflow/example_dags/example_kubernetes_executor.py
[2022-06-17 17:36:07,844] {processor.py:161} INFO - Processing /home/uiliam/sandbox/lib/python3.9/site-packages/airflow/example_dags/example_kubernetes_executor.py took 0.076 seconds
