[2022-06-17 17:11:11,000] {processor.py:153} INFO - Started process (PID=132481) to work on /home/uiliam/sandbox/lib/python3.9/site-packages/airflow/example_dags/tutorial_etl_dag.py
[2022-06-17 17:11:11,000] {processor.py:641} INFO - Processing file /home/uiliam/sandbox/lib/python3.9/site-packages/airflow/example_dags/tutorial_etl_dag.py for tasks to queue
[2022-06-17 17:11:11,001] {logging_mixin.py:115} INFO - [2022-06-17 17:11:11,001] {dagbag.py:507} INFO - Filling up the DagBag from /home/uiliam/sandbox/lib/python3.9/site-packages/airflow/example_dags/tutorial_etl_dag.py
[2022-06-17 17:11:11,012] {processor.py:651} INFO - DAG(s) dict_keys(['tutorial_etl_dag']) retrieved from /home/uiliam/sandbox/lib/python3.9/site-packages/airflow/example_dags/tutorial_etl_dag.py
[2022-06-17 17:11:11,043] {logging_mixin.py:115} INFO - [2022-06-17 17:11:11,043] {dag.py:2379} INFO - Sync 1 DAGs
[2022-06-17 17:11:11,081] {logging_mixin.py:115} INFO - [2022-06-17 17:11:11,080] {dag.py:2927} INFO - Setting next_dagrun for tutorial_etl_dag to None, run_after=None
[2022-06-17 17:11:11,099] {processor.py:161} INFO - Processing /home/uiliam/sandbox/lib/python3.9/site-packages/airflow/example_dags/tutorial_etl_dag.py took 0.104 seconds
[2022-06-17 17:11:42,286] {processor.py:153} INFO - Started process (PID=132828) to work on /home/uiliam/sandbox/lib/python3.9/site-packages/airflow/example_dags/tutorial_etl_dag.py
[2022-06-17 17:11:42,287] {processor.py:641} INFO - Processing file /home/uiliam/sandbox/lib/python3.9/site-packages/airflow/example_dags/tutorial_etl_dag.py for tasks to queue
[2022-06-17 17:11:42,287] {logging_mixin.py:115} INFO - [2022-06-17 17:11:42,287] {dagbag.py:507} INFO - Filling up the DagBag from /home/uiliam/sandbox/lib/python3.9/site-packages/airflow/example_dags/tutorial_etl_dag.py
[2022-06-17 17:11:42,296] {processor.py:651} INFO - DAG(s) dict_keys(['tutorial_etl_dag']) retrieved from /home/uiliam/sandbox/lib/python3.9/site-packages/airflow/example_dags/tutorial_etl_dag.py
[2022-06-17 17:11:42,327] {logging_mixin.py:115} INFO - [2022-06-17 17:11:42,327] {dag.py:2379} INFO - Sync 1 DAGs
[2022-06-17 17:11:42,366] {logging_mixin.py:115} INFO - [2022-06-17 17:11:42,366] {dag.py:2927} INFO - Setting next_dagrun for tutorial_etl_dag to None, run_after=None
[2022-06-17 17:11:42,385] {processor.py:161} INFO - Processing /home/uiliam/sandbox/lib/python3.9/site-packages/airflow/example_dags/tutorial_etl_dag.py took 0.105 seconds
[2022-06-17 17:12:13,397] {processor.py:153} INFO - Started process (PID=134013) to work on /home/uiliam/sandbox/lib/python3.9/site-packages/airflow/example_dags/tutorial_etl_dag.py
[2022-06-17 17:12:13,397] {processor.py:641} INFO - Processing file /home/uiliam/sandbox/lib/python3.9/site-packages/airflow/example_dags/tutorial_etl_dag.py for tasks to queue
[2022-06-17 17:12:13,398] {logging_mixin.py:115} INFO - [2022-06-17 17:12:13,398] {dagbag.py:507} INFO - Filling up the DagBag from /home/uiliam/sandbox/lib/python3.9/site-packages/airflow/example_dags/tutorial_etl_dag.py
[2022-06-17 17:12:13,406] {processor.py:651} INFO - DAG(s) dict_keys(['tutorial_etl_dag']) retrieved from /home/uiliam/sandbox/lib/python3.9/site-packages/airflow/example_dags/tutorial_etl_dag.py
[2022-06-17 17:12:13,437] {logging_mixin.py:115} INFO - [2022-06-17 17:12:13,437] {dag.py:2379} INFO - Sync 1 DAGs
[2022-06-17 17:12:13,477] {logging_mixin.py:115} INFO - [2022-06-17 17:12:13,477] {dag.py:2927} INFO - Setting next_dagrun for tutorial_etl_dag to None, run_after=None
[2022-06-17 17:12:13,498] {processor.py:161} INFO - Processing /home/uiliam/sandbox/lib/python3.9/site-packages/airflow/example_dags/tutorial_etl_dag.py took 0.107 seconds
[2022-06-17 17:12:44,642] {processor.py:153} INFO - Started process (PID=135119) to work on /home/uiliam/sandbox/lib/python3.9/site-packages/airflow/example_dags/tutorial_etl_dag.py
[2022-06-17 17:12:44,642] {processor.py:641} INFO - Processing file /home/uiliam/sandbox/lib/python3.9/site-packages/airflow/example_dags/tutorial_etl_dag.py for tasks to queue
[2022-06-17 17:12:44,643] {logging_mixin.py:115} INFO - [2022-06-17 17:12:44,643] {dagbag.py:507} INFO - Filling up the DagBag from /home/uiliam/sandbox/lib/python3.9/site-packages/airflow/example_dags/tutorial_etl_dag.py
[2022-06-17 17:12:44,654] {processor.py:651} INFO - DAG(s) dict_keys(['tutorial_etl_dag']) retrieved from /home/uiliam/sandbox/lib/python3.9/site-packages/airflow/example_dags/tutorial_etl_dag.py
[2022-06-17 17:12:44,691] {logging_mixin.py:115} INFO - [2022-06-17 17:12:44,691] {dag.py:2379} INFO - Sync 1 DAGs
[2022-06-17 17:12:44,746] {logging_mixin.py:115} INFO - [2022-06-17 17:12:44,746] {dag.py:2927} INFO - Setting next_dagrun for tutorial_etl_dag to None, run_after=None
[2022-06-17 17:12:44,773] {processor.py:161} INFO - Processing /home/uiliam/sandbox/lib/python3.9/site-packages/airflow/example_dags/tutorial_etl_dag.py took 0.136 seconds
[2022-06-17 17:13:16,019] {processor.py:153} INFO - Started process (PID=135511) to work on /home/uiliam/sandbox/lib/python3.9/site-packages/airflow/example_dags/tutorial_etl_dag.py
[2022-06-17 17:13:16,020] {processor.py:641} INFO - Processing file /home/uiliam/sandbox/lib/python3.9/site-packages/airflow/example_dags/tutorial_etl_dag.py for tasks to queue
[2022-06-17 17:13:16,020] {logging_mixin.py:115} INFO - [2022-06-17 17:13:16,020] {dagbag.py:507} INFO - Filling up the DagBag from /home/uiliam/sandbox/lib/python3.9/site-packages/airflow/example_dags/tutorial_etl_dag.py
[2022-06-17 17:13:16,029] {processor.py:651} INFO - DAG(s) dict_keys(['tutorial_etl_dag']) retrieved from /home/uiliam/sandbox/lib/python3.9/site-packages/airflow/example_dags/tutorial_etl_dag.py
[2022-06-17 17:13:16,062] {logging_mixin.py:115} INFO - [2022-06-17 17:13:16,062] {dag.py:2379} INFO - Sync 1 DAGs
[2022-06-17 17:13:16,103] {logging_mixin.py:115} INFO - [2022-06-17 17:13:16,102] {dag.py:2927} INFO - Setting next_dagrun for tutorial_etl_dag to None, run_after=None
[2022-06-17 17:13:16,127] {processor.py:161} INFO - Processing /home/uiliam/sandbox/lib/python3.9/site-packages/airflow/example_dags/tutorial_etl_dag.py took 0.113 seconds
[2022-06-17 17:13:47,257] {processor.py:153} INFO - Started process (PID=135817) to work on /home/uiliam/sandbox/lib/python3.9/site-packages/airflow/example_dags/tutorial_etl_dag.py
[2022-06-17 17:13:47,258] {processor.py:641} INFO - Processing file /home/uiliam/sandbox/lib/python3.9/site-packages/airflow/example_dags/tutorial_etl_dag.py for tasks to queue
[2022-06-17 17:13:47,258] {logging_mixin.py:115} INFO - [2022-06-17 17:13:47,258] {dagbag.py:507} INFO - Filling up the DagBag from /home/uiliam/sandbox/lib/python3.9/site-packages/airflow/example_dags/tutorial_etl_dag.py
[2022-06-17 17:13:47,268] {processor.py:651} INFO - DAG(s) dict_keys(['tutorial_etl_dag']) retrieved from /home/uiliam/sandbox/lib/python3.9/site-packages/airflow/example_dags/tutorial_etl_dag.py
[2022-06-17 17:13:47,304] {logging_mixin.py:115} INFO - [2022-06-17 17:13:47,304] {dag.py:2379} INFO - Sync 1 DAGs
[2022-06-17 17:13:47,338] {logging_mixin.py:115} INFO - [2022-06-17 17:13:47,338] {dag.py:2927} INFO - Setting next_dagrun for tutorial_etl_dag to None, run_after=None
[2022-06-17 17:13:47,359] {processor.py:161} INFO - Processing /home/uiliam/sandbox/lib/python3.9/site-packages/airflow/example_dags/tutorial_etl_dag.py took 0.106 seconds
[2022-06-17 17:14:18,430] {processor.py:153} INFO - Started process (PID=136099) to work on /home/uiliam/sandbox/lib/python3.9/site-packages/airflow/example_dags/tutorial_etl_dag.py
[2022-06-17 17:14:18,431] {processor.py:641} INFO - Processing file /home/uiliam/sandbox/lib/python3.9/site-packages/airflow/example_dags/tutorial_etl_dag.py for tasks to queue
[2022-06-17 17:14:18,432] {logging_mixin.py:115} INFO - [2022-06-17 17:14:18,432] {dagbag.py:507} INFO - Filling up the DagBag from /home/uiliam/sandbox/lib/python3.9/site-packages/airflow/example_dags/tutorial_etl_dag.py
[2022-06-17 17:14:18,443] {processor.py:651} INFO - DAG(s) dict_keys(['tutorial_etl_dag']) retrieved from /home/uiliam/sandbox/lib/python3.9/site-packages/airflow/example_dags/tutorial_etl_dag.py
[2022-06-17 17:14:18,486] {logging_mixin.py:115} INFO - [2022-06-17 17:14:18,486] {dag.py:2379} INFO - Sync 1 DAGs
[2022-06-17 17:14:18,533] {logging_mixin.py:115} INFO - [2022-06-17 17:14:18,533] {dag.py:2927} INFO - Setting next_dagrun for tutorial_etl_dag to None, run_after=None
[2022-06-17 17:14:18,557] {processor.py:161} INFO - Processing /home/uiliam/sandbox/lib/python3.9/site-packages/airflow/example_dags/tutorial_etl_dag.py took 0.133 seconds
[2022-06-17 17:14:49,767] {processor.py:153} INFO - Started process (PID=136448) to work on /home/uiliam/sandbox/lib/python3.9/site-packages/airflow/example_dags/tutorial_etl_dag.py
[2022-06-17 17:14:49,767] {processor.py:641} INFO - Processing file /home/uiliam/sandbox/lib/python3.9/site-packages/airflow/example_dags/tutorial_etl_dag.py for tasks to queue
[2022-06-17 17:14:49,768] {logging_mixin.py:115} INFO - [2022-06-17 17:14:49,768] {dagbag.py:507} INFO - Filling up the DagBag from /home/uiliam/sandbox/lib/python3.9/site-packages/airflow/example_dags/tutorial_etl_dag.py
[2022-06-17 17:14:49,779] {processor.py:651} INFO - DAG(s) dict_keys(['tutorial_etl_dag']) retrieved from /home/uiliam/sandbox/lib/python3.9/site-packages/airflow/example_dags/tutorial_etl_dag.py
[2022-06-17 17:14:49,817] {logging_mixin.py:115} INFO - [2022-06-17 17:14:49,816] {dag.py:2379} INFO - Sync 1 DAGs
[2022-06-17 17:14:49,866] {logging_mixin.py:115} INFO - [2022-06-17 17:14:49,866] {dag.py:2927} INFO - Setting next_dagrun for tutorial_etl_dag to None, run_after=None
[2022-06-17 17:14:49,892] {processor.py:161} INFO - Processing /home/uiliam/sandbox/lib/python3.9/site-packages/airflow/example_dags/tutorial_etl_dag.py took 0.132 seconds
[2022-06-17 17:15:21,099] {processor.py:153} INFO - Started process (PID=136710) to work on /home/uiliam/sandbox/lib/python3.9/site-packages/airflow/example_dags/tutorial_etl_dag.py
[2022-06-17 17:15:21,100] {processor.py:641} INFO - Processing file /home/uiliam/sandbox/lib/python3.9/site-packages/airflow/example_dags/tutorial_etl_dag.py for tasks to queue
[2022-06-17 17:15:21,101] {logging_mixin.py:115} INFO - [2022-06-17 17:15:21,101] {dagbag.py:507} INFO - Filling up the DagBag from /home/uiliam/sandbox/lib/python3.9/site-packages/airflow/example_dags/tutorial_etl_dag.py
[2022-06-17 17:15:21,111] {processor.py:651} INFO - DAG(s) dict_keys(['tutorial_etl_dag']) retrieved from /home/uiliam/sandbox/lib/python3.9/site-packages/airflow/example_dags/tutorial_etl_dag.py
[2022-06-17 17:15:21,150] {logging_mixin.py:115} INFO - [2022-06-17 17:15:21,150] {dag.py:2379} INFO - Sync 1 DAGs
[2022-06-17 17:15:21,223] {logging_mixin.py:115} INFO - [2022-06-17 17:15:21,223] {dag.py:2927} INFO - Setting next_dagrun for tutorial_etl_dag to None, run_after=None
[2022-06-17 17:15:21,247] {processor.py:161} INFO - Processing /home/uiliam/sandbox/lib/python3.9/site-packages/airflow/example_dags/tutorial_etl_dag.py took 0.152 seconds
[2022-06-17 17:15:51,963] {processor.py:153} INFO - Started process (PID=136876) to work on /home/uiliam/sandbox/lib/python3.9/site-packages/airflow/example_dags/tutorial_etl_dag.py
[2022-06-17 17:15:51,964] {processor.py:641} INFO - Processing file /home/uiliam/sandbox/lib/python3.9/site-packages/airflow/example_dags/tutorial_etl_dag.py for tasks to queue
[2022-06-17 17:15:51,965] {logging_mixin.py:115} INFO - [2022-06-17 17:15:51,965] {dagbag.py:507} INFO - Filling up the DagBag from /home/uiliam/sandbox/lib/python3.9/site-packages/airflow/example_dags/tutorial_etl_dag.py
[2022-06-17 17:15:51,973] {processor.py:651} INFO - DAG(s) dict_keys(['tutorial_etl_dag']) retrieved from /home/uiliam/sandbox/lib/python3.9/site-packages/airflow/example_dags/tutorial_etl_dag.py
[2022-06-17 17:15:52,005] {logging_mixin.py:115} INFO - [2022-06-17 17:15:52,005] {dag.py:2379} INFO - Sync 1 DAGs
[2022-06-17 17:15:52,041] {logging_mixin.py:115} INFO - [2022-06-17 17:15:52,040] {dag.py:2927} INFO - Setting next_dagrun for tutorial_etl_dag to None, run_after=None
[2022-06-17 17:15:52,062] {processor.py:161} INFO - Processing /home/uiliam/sandbox/lib/python3.9/site-packages/airflow/example_dags/tutorial_etl_dag.py took 0.103 seconds
[2022-06-17 17:16:23,033] {processor.py:153} INFO - Started process (PID=137082) to work on /home/uiliam/sandbox/lib/python3.9/site-packages/airflow/example_dags/tutorial_etl_dag.py
[2022-06-17 17:16:23,033] {processor.py:641} INFO - Processing file /home/uiliam/sandbox/lib/python3.9/site-packages/airflow/example_dags/tutorial_etl_dag.py for tasks to queue
[2022-06-17 17:16:23,034] {logging_mixin.py:115} INFO - [2022-06-17 17:16:23,034] {dagbag.py:507} INFO - Filling up the DagBag from /home/uiliam/sandbox/lib/python3.9/site-packages/airflow/example_dags/tutorial_etl_dag.py
[2022-06-17 17:16:23,044] {processor.py:651} INFO - DAG(s) dict_keys(['tutorial_etl_dag']) retrieved from /home/uiliam/sandbox/lib/python3.9/site-packages/airflow/example_dags/tutorial_etl_dag.py
[2022-06-17 17:16:23,075] {logging_mixin.py:115} INFO - [2022-06-17 17:16:23,074] {dag.py:2379} INFO - Sync 1 DAGs
[2022-06-17 17:16:23,118] {logging_mixin.py:115} INFO - [2022-06-17 17:16:23,118] {dag.py:2927} INFO - Setting next_dagrun for tutorial_etl_dag to None, run_after=None
[2022-06-17 17:16:23,142] {processor.py:161} INFO - Processing /home/uiliam/sandbox/lib/python3.9/site-packages/airflow/example_dags/tutorial_etl_dag.py took 0.115 seconds
[2022-06-17 17:16:54,280] {processor.py:153} INFO - Started process (PID=137306) to work on /home/uiliam/sandbox/lib/python3.9/site-packages/airflow/example_dags/tutorial_etl_dag.py
[2022-06-17 17:16:54,281] {processor.py:641} INFO - Processing file /home/uiliam/sandbox/lib/python3.9/site-packages/airflow/example_dags/tutorial_etl_dag.py for tasks to queue
[2022-06-17 17:16:54,281] {logging_mixin.py:115} INFO - [2022-06-17 17:16:54,281] {dagbag.py:507} INFO - Filling up the DagBag from /home/uiliam/sandbox/lib/python3.9/site-packages/airflow/example_dags/tutorial_etl_dag.py
[2022-06-17 17:16:54,290] {processor.py:651} INFO - DAG(s) dict_keys(['tutorial_etl_dag']) retrieved from /home/uiliam/sandbox/lib/python3.9/site-packages/airflow/example_dags/tutorial_etl_dag.py
[2022-06-17 17:16:54,322] {logging_mixin.py:115} INFO - [2022-06-17 17:16:54,322] {dag.py:2379} INFO - Sync 1 DAGs
[2022-06-17 17:16:54,359] {logging_mixin.py:115} INFO - [2022-06-17 17:16:54,359] {dag.py:2927} INFO - Setting next_dagrun for tutorial_etl_dag to None, run_after=None
[2022-06-17 17:16:54,378] {processor.py:161} INFO - Processing /home/uiliam/sandbox/lib/python3.9/site-packages/airflow/example_dags/tutorial_etl_dag.py took 0.103 seconds
[2022-06-17 17:17:25,257] {processor.py:153} INFO - Started process (PID=137552) to work on /home/uiliam/sandbox/lib/python3.9/site-packages/airflow/example_dags/tutorial_etl_dag.py
[2022-06-17 17:17:25,257] {processor.py:641} INFO - Processing file /home/uiliam/sandbox/lib/python3.9/site-packages/airflow/example_dags/tutorial_etl_dag.py for tasks to queue
[2022-06-17 17:17:25,258] {logging_mixin.py:115} INFO - [2022-06-17 17:17:25,258] {dagbag.py:507} INFO - Filling up the DagBag from /home/uiliam/sandbox/lib/python3.9/site-packages/airflow/example_dags/tutorial_etl_dag.py
[2022-06-17 17:17:25,268] {processor.py:651} INFO - DAG(s) dict_keys(['tutorial_etl_dag']) retrieved from /home/uiliam/sandbox/lib/python3.9/site-packages/airflow/example_dags/tutorial_etl_dag.py
[2022-06-17 17:17:25,302] {logging_mixin.py:115} INFO - [2022-06-17 17:17:25,302] {dag.py:2379} INFO - Sync 1 DAGs
[2022-06-17 17:17:25,339] {logging_mixin.py:115} INFO - [2022-06-17 17:17:25,339] {dag.py:2927} INFO - Setting next_dagrun for tutorial_etl_dag to None, run_after=None
[2022-06-17 17:17:25,359] {processor.py:161} INFO - Processing /home/uiliam/sandbox/lib/python3.9/site-packages/airflow/example_dags/tutorial_etl_dag.py took 0.107 seconds
[2022-06-17 17:17:56,351] {processor.py:153} INFO - Started process (PID=137792) to work on /home/uiliam/sandbox/lib/python3.9/site-packages/airflow/example_dags/tutorial_etl_dag.py
[2022-06-17 17:17:56,352] {processor.py:641} INFO - Processing file /home/uiliam/sandbox/lib/python3.9/site-packages/airflow/example_dags/tutorial_etl_dag.py for tasks to queue
[2022-06-17 17:17:56,353] {logging_mixin.py:115} INFO - [2022-06-17 17:17:56,353] {dagbag.py:507} INFO - Filling up the DagBag from /home/uiliam/sandbox/lib/python3.9/site-packages/airflow/example_dags/tutorial_etl_dag.py
[2022-06-17 17:17:56,362] {processor.py:651} INFO - DAG(s) dict_keys(['tutorial_etl_dag']) retrieved from /home/uiliam/sandbox/lib/python3.9/site-packages/airflow/example_dags/tutorial_etl_dag.py
[2022-06-17 17:17:56,397] {logging_mixin.py:115} INFO - [2022-06-17 17:17:56,397] {dag.py:2379} INFO - Sync 1 DAGs
[2022-06-17 17:17:56,438] {logging_mixin.py:115} INFO - [2022-06-17 17:17:56,438] {dag.py:2927} INFO - Setting next_dagrun for tutorial_etl_dag to None, run_after=None
[2022-06-17 17:17:56,459] {processor.py:161} INFO - Processing /home/uiliam/sandbox/lib/python3.9/site-packages/airflow/example_dags/tutorial_etl_dag.py took 0.113 seconds
[2022-06-17 17:18:27,580] {processor.py:153} INFO - Started process (PID=138113) to work on /home/uiliam/sandbox/lib/python3.9/site-packages/airflow/example_dags/tutorial_etl_dag.py
[2022-06-17 17:18:27,581] {processor.py:641} INFO - Processing file /home/uiliam/sandbox/lib/python3.9/site-packages/airflow/example_dags/tutorial_etl_dag.py for tasks to queue
[2022-06-17 17:18:27,582] {logging_mixin.py:115} INFO - [2022-06-17 17:18:27,582] {dagbag.py:507} INFO - Filling up the DagBag from /home/uiliam/sandbox/lib/python3.9/site-packages/airflow/example_dags/tutorial_etl_dag.py
[2022-06-17 17:18:27,590] {processor.py:651} INFO - DAG(s) dict_keys(['tutorial_etl_dag']) retrieved from /home/uiliam/sandbox/lib/python3.9/site-packages/airflow/example_dags/tutorial_etl_dag.py
[2022-06-17 17:18:27,624] {logging_mixin.py:115} INFO - [2022-06-17 17:18:27,623] {dag.py:2379} INFO - Sync 1 DAGs
[2022-06-17 17:18:27,665] {logging_mixin.py:115} INFO - [2022-06-17 17:18:27,665] {dag.py:2927} INFO - Setting next_dagrun for tutorial_etl_dag to None, run_after=None
[2022-06-17 17:18:27,684] {processor.py:161} INFO - Processing /home/uiliam/sandbox/lib/python3.9/site-packages/airflow/example_dags/tutorial_etl_dag.py took 0.108 seconds
[2022-06-17 17:18:58,728] {processor.py:153} INFO - Started process (PID=138351) to work on /home/uiliam/sandbox/lib/python3.9/site-packages/airflow/example_dags/tutorial_etl_dag.py
[2022-06-17 17:18:58,729] {processor.py:641} INFO - Processing file /home/uiliam/sandbox/lib/python3.9/site-packages/airflow/example_dags/tutorial_etl_dag.py for tasks to queue
[2022-06-17 17:18:58,730] {logging_mixin.py:115} INFO - [2022-06-17 17:18:58,730] {dagbag.py:507} INFO - Filling up the DagBag from /home/uiliam/sandbox/lib/python3.9/site-packages/airflow/example_dags/tutorial_etl_dag.py
[2022-06-17 17:18:58,738] {processor.py:651} INFO - DAG(s) dict_keys(['tutorial_etl_dag']) retrieved from /home/uiliam/sandbox/lib/python3.9/site-packages/airflow/example_dags/tutorial_etl_dag.py
[2022-06-17 17:18:58,772] {logging_mixin.py:115} INFO - [2022-06-17 17:18:58,771] {dag.py:2379} INFO - Sync 1 DAGs
[2022-06-17 17:18:58,816] {logging_mixin.py:115} INFO - [2022-06-17 17:18:58,815] {dag.py:2927} INFO - Setting next_dagrun for tutorial_etl_dag to None, run_after=None
[2022-06-17 17:18:58,838] {processor.py:161} INFO - Processing /home/uiliam/sandbox/lib/python3.9/site-packages/airflow/example_dags/tutorial_etl_dag.py took 0.116 seconds
[2022-06-17 17:19:29,769] {processor.py:153} INFO - Started process (PID=138621) to work on /home/uiliam/sandbox/lib/python3.9/site-packages/airflow/example_dags/tutorial_etl_dag.py
[2022-06-17 17:19:29,769] {processor.py:641} INFO - Processing file /home/uiliam/sandbox/lib/python3.9/site-packages/airflow/example_dags/tutorial_etl_dag.py for tasks to queue
[2022-06-17 17:19:29,770] {logging_mixin.py:115} INFO - [2022-06-17 17:19:29,770] {dagbag.py:507} INFO - Filling up the DagBag from /home/uiliam/sandbox/lib/python3.9/site-packages/airflow/example_dags/tutorial_etl_dag.py
[2022-06-17 17:19:29,779] {processor.py:651} INFO - DAG(s) dict_keys(['tutorial_etl_dag']) retrieved from /home/uiliam/sandbox/lib/python3.9/site-packages/airflow/example_dags/tutorial_etl_dag.py
[2022-06-17 17:19:29,813] {logging_mixin.py:115} INFO - [2022-06-17 17:19:29,813] {dag.py:2379} INFO - Sync 1 DAGs
[2022-06-17 17:19:29,848] {logging_mixin.py:115} INFO - [2022-06-17 17:19:29,848] {dag.py:2927} INFO - Setting next_dagrun for tutorial_etl_dag to None, run_after=None
[2022-06-17 17:19:29,868] {processor.py:161} INFO - Processing /home/uiliam/sandbox/lib/python3.9/site-packages/airflow/example_dags/tutorial_etl_dag.py took 0.104 seconds
[2022-06-17 17:20:00,748] {processor.py:153} INFO - Started process (PID=138872) to work on /home/uiliam/sandbox/lib/python3.9/site-packages/airflow/example_dags/tutorial_etl_dag.py
[2022-06-17 17:20:00,748] {processor.py:641} INFO - Processing file /home/uiliam/sandbox/lib/python3.9/site-packages/airflow/example_dags/tutorial_etl_dag.py for tasks to queue
[2022-06-17 17:20:00,749] {logging_mixin.py:115} INFO - [2022-06-17 17:20:00,749] {dagbag.py:507} INFO - Filling up the DagBag from /home/uiliam/sandbox/lib/python3.9/site-packages/airflow/example_dags/tutorial_etl_dag.py
[2022-06-17 17:20:00,757] {processor.py:651} INFO - DAG(s) dict_keys(['tutorial_etl_dag']) retrieved from /home/uiliam/sandbox/lib/python3.9/site-packages/airflow/example_dags/tutorial_etl_dag.py
[2022-06-17 17:20:00,787] {logging_mixin.py:115} INFO - [2022-06-17 17:20:00,787] {dag.py:2379} INFO - Sync 1 DAGs
[2022-06-17 17:20:00,825] {logging_mixin.py:115} INFO - [2022-06-17 17:20:00,825] {dag.py:2927} INFO - Setting next_dagrun for tutorial_etl_dag to None, run_after=None
[2022-06-17 17:20:00,844] {processor.py:161} INFO - Processing /home/uiliam/sandbox/lib/python3.9/site-packages/airflow/example_dags/tutorial_etl_dag.py took 0.101 seconds
[2022-06-17 17:20:31,951] {processor.py:153} INFO - Started process (PID=139198) to work on /home/uiliam/sandbox/lib/python3.9/site-packages/airflow/example_dags/tutorial_etl_dag.py
[2022-06-17 17:20:31,952] {processor.py:641} INFO - Processing file /home/uiliam/sandbox/lib/python3.9/site-packages/airflow/example_dags/tutorial_etl_dag.py for tasks to queue
[2022-06-17 17:20:31,953] {logging_mixin.py:115} INFO - [2022-06-17 17:20:31,953] {dagbag.py:507} INFO - Filling up the DagBag from /home/uiliam/sandbox/lib/python3.9/site-packages/airflow/example_dags/tutorial_etl_dag.py
[2022-06-17 17:20:31,961] {processor.py:651} INFO - DAG(s) dict_keys(['tutorial_etl_dag']) retrieved from /home/uiliam/sandbox/lib/python3.9/site-packages/airflow/example_dags/tutorial_etl_dag.py
[2022-06-17 17:20:31,991] {logging_mixin.py:115} INFO - [2022-06-17 17:20:31,991] {dag.py:2379} INFO - Sync 1 DAGs
[2022-06-17 17:20:32,026] {logging_mixin.py:115} INFO - [2022-06-17 17:20:32,026] {dag.py:2927} INFO - Setting next_dagrun for tutorial_etl_dag to None, run_after=None
[2022-06-17 17:20:32,046] {processor.py:161} INFO - Processing /home/uiliam/sandbox/lib/python3.9/site-packages/airflow/example_dags/tutorial_etl_dag.py took 0.101 seconds
[2022-06-17 17:21:02,922] {processor.py:153} INFO - Started process (PID=139404) to work on /home/uiliam/sandbox/lib/python3.9/site-packages/airflow/example_dags/tutorial_etl_dag.py
[2022-06-17 17:21:02,923] {processor.py:641} INFO - Processing file /home/uiliam/sandbox/lib/python3.9/site-packages/airflow/example_dags/tutorial_etl_dag.py for tasks to queue
[2022-06-17 17:21:02,923] {logging_mixin.py:115} INFO - [2022-06-17 17:21:02,923] {dagbag.py:507} INFO - Filling up the DagBag from /home/uiliam/sandbox/lib/python3.9/site-packages/airflow/example_dags/tutorial_etl_dag.py
[2022-06-17 17:21:02,932] {processor.py:651} INFO - DAG(s) dict_keys(['tutorial_etl_dag']) retrieved from /home/uiliam/sandbox/lib/python3.9/site-packages/airflow/example_dags/tutorial_etl_dag.py
[2022-06-17 17:21:02,966] {logging_mixin.py:115} INFO - [2022-06-17 17:21:02,966] {dag.py:2379} INFO - Sync 1 DAGs
[2022-06-17 17:21:03,006] {logging_mixin.py:115} INFO - [2022-06-17 17:21:03,006] {dag.py:2927} INFO - Setting next_dagrun for tutorial_etl_dag to None, run_after=None
[2022-06-17 17:21:03,026] {processor.py:161} INFO - Processing /home/uiliam/sandbox/lib/python3.9/site-packages/airflow/example_dags/tutorial_etl_dag.py took 0.109 seconds
[2022-06-17 17:21:34,060] {processor.py:153} INFO - Started process (PID=139658) to work on /home/uiliam/sandbox/lib/python3.9/site-packages/airflow/example_dags/tutorial_etl_dag.py
[2022-06-17 17:21:34,060] {processor.py:641} INFO - Processing file /home/uiliam/sandbox/lib/python3.9/site-packages/airflow/example_dags/tutorial_etl_dag.py for tasks to queue
[2022-06-17 17:21:34,061] {logging_mixin.py:115} INFO - [2022-06-17 17:21:34,061] {dagbag.py:507} INFO - Filling up the DagBag from /home/uiliam/sandbox/lib/python3.9/site-packages/airflow/example_dags/tutorial_etl_dag.py
[2022-06-17 17:21:34,070] {processor.py:651} INFO - DAG(s) dict_keys(['tutorial_etl_dag']) retrieved from /home/uiliam/sandbox/lib/python3.9/site-packages/airflow/example_dags/tutorial_etl_dag.py
[2022-06-17 17:21:34,101] {logging_mixin.py:115} INFO - [2022-06-17 17:21:34,101] {dag.py:2379} INFO - Sync 1 DAGs
[2022-06-17 17:21:34,137] {logging_mixin.py:115} INFO - [2022-06-17 17:21:34,137] {dag.py:2927} INFO - Setting next_dagrun for tutorial_etl_dag to None, run_after=None
[2022-06-17 17:21:34,159] {processor.py:161} INFO - Processing /home/uiliam/sandbox/lib/python3.9/site-packages/airflow/example_dags/tutorial_etl_dag.py took 0.105 seconds
[2022-06-17 17:22:05,034] {processor.py:153} INFO - Started process (PID=139908) to work on /home/uiliam/sandbox/lib/python3.9/site-packages/airflow/example_dags/tutorial_etl_dag.py
[2022-06-17 17:22:05,035] {processor.py:641} INFO - Processing file /home/uiliam/sandbox/lib/python3.9/site-packages/airflow/example_dags/tutorial_etl_dag.py for tasks to queue
[2022-06-17 17:22:05,035] {logging_mixin.py:115} INFO - [2022-06-17 17:22:05,035] {dagbag.py:507} INFO - Filling up the DagBag from /home/uiliam/sandbox/lib/python3.9/site-packages/airflow/example_dags/tutorial_etl_dag.py
[2022-06-17 17:22:05,046] {processor.py:651} INFO - DAG(s) dict_keys(['tutorial_etl_dag']) retrieved from /home/uiliam/sandbox/lib/python3.9/site-packages/airflow/example_dags/tutorial_etl_dag.py
[2022-06-17 17:22:05,080] {logging_mixin.py:115} INFO - [2022-06-17 17:22:05,079] {dag.py:2379} INFO - Sync 1 DAGs
[2022-06-17 17:22:05,120] {logging_mixin.py:115} INFO - [2022-06-17 17:22:05,120] {dag.py:2927} INFO - Setting next_dagrun for tutorial_etl_dag to None, run_after=None
[2022-06-17 17:22:05,140] {processor.py:161} INFO - Processing /home/uiliam/sandbox/lib/python3.9/site-packages/airflow/example_dags/tutorial_etl_dag.py took 0.110 seconds
[2022-06-17 17:22:36,167] {processor.py:153} INFO - Started process (PID=140168) to work on /home/uiliam/sandbox/lib/python3.9/site-packages/airflow/example_dags/tutorial_etl_dag.py
[2022-06-17 17:22:36,167] {processor.py:641} INFO - Processing file /home/uiliam/sandbox/lib/python3.9/site-packages/airflow/example_dags/tutorial_etl_dag.py for tasks to queue
[2022-06-17 17:22:36,168] {logging_mixin.py:115} INFO - [2022-06-17 17:22:36,168] {dagbag.py:507} INFO - Filling up the DagBag from /home/uiliam/sandbox/lib/python3.9/site-packages/airflow/example_dags/tutorial_etl_dag.py
[2022-06-17 17:22:36,178] {processor.py:651} INFO - DAG(s) dict_keys(['tutorial_etl_dag']) retrieved from /home/uiliam/sandbox/lib/python3.9/site-packages/airflow/example_dags/tutorial_etl_dag.py
[2022-06-17 17:22:36,213] {logging_mixin.py:115} INFO - [2022-06-17 17:22:36,212] {dag.py:2379} INFO - Sync 1 DAGs
[2022-06-17 17:22:36,250] {logging_mixin.py:115} INFO - [2022-06-17 17:22:36,250] {dag.py:2927} INFO - Setting next_dagrun for tutorial_etl_dag to None, run_after=None
[2022-06-17 17:22:36,271] {processor.py:161} INFO - Processing /home/uiliam/sandbox/lib/python3.9/site-packages/airflow/example_dags/tutorial_etl_dag.py took 0.109 seconds
[2022-06-17 17:23:07,286] {processor.py:153} INFO - Started process (PID=140403) to work on /home/uiliam/sandbox/lib/python3.9/site-packages/airflow/example_dags/tutorial_etl_dag.py
[2022-06-17 17:23:07,287] {processor.py:641} INFO - Processing file /home/uiliam/sandbox/lib/python3.9/site-packages/airflow/example_dags/tutorial_etl_dag.py for tasks to queue
[2022-06-17 17:23:07,288] {logging_mixin.py:115} INFO - [2022-06-17 17:23:07,288] {dagbag.py:507} INFO - Filling up the DagBag from /home/uiliam/sandbox/lib/python3.9/site-packages/airflow/example_dags/tutorial_etl_dag.py
[2022-06-17 17:23:07,297] {processor.py:651} INFO - DAG(s) dict_keys(['tutorial_etl_dag']) retrieved from /home/uiliam/sandbox/lib/python3.9/site-packages/airflow/example_dags/tutorial_etl_dag.py
[2022-06-17 17:23:07,328] {logging_mixin.py:115} INFO - [2022-06-17 17:23:07,328] {dag.py:2379} INFO - Sync 1 DAGs
[2022-06-17 17:23:07,363] {logging_mixin.py:115} INFO - [2022-06-17 17:23:07,363] {dag.py:2927} INFO - Setting next_dagrun for tutorial_etl_dag to None, run_after=None
[2022-06-17 17:23:07,382] {processor.py:161} INFO - Processing /home/uiliam/sandbox/lib/python3.9/site-packages/airflow/example_dags/tutorial_etl_dag.py took 0.101 seconds
[2022-06-17 17:23:38,642] {processor.py:153} INFO - Started process (PID=140648) to work on /home/uiliam/sandbox/lib/python3.9/site-packages/airflow/example_dags/tutorial_etl_dag.py
[2022-06-17 17:23:38,642] {processor.py:641} INFO - Processing file /home/uiliam/sandbox/lib/python3.9/site-packages/airflow/example_dags/tutorial_etl_dag.py for tasks to queue
[2022-06-17 17:23:38,643] {logging_mixin.py:115} INFO - [2022-06-17 17:23:38,643] {dagbag.py:507} INFO - Filling up the DagBag from /home/uiliam/sandbox/lib/python3.9/site-packages/airflow/example_dags/tutorial_etl_dag.py
[2022-06-17 17:23:38,655] {processor.py:651} INFO - DAG(s) dict_keys(['tutorial_etl_dag']) retrieved from /home/uiliam/sandbox/lib/python3.9/site-packages/airflow/example_dags/tutorial_etl_dag.py
[2022-06-17 17:23:38,691] {logging_mixin.py:115} INFO - [2022-06-17 17:23:38,691] {dag.py:2379} INFO - Sync 1 DAGs
[2022-06-17 17:23:38,733] {logging_mixin.py:115} INFO - [2022-06-17 17:23:38,733] {dag.py:2927} INFO - Setting next_dagrun for tutorial_etl_dag to None, run_after=None
[2022-06-17 17:23:38,752] {processor.py:161} INFO - Processing /home/uiliam/sandbox/lib/python3.9/site-packages/airflow/example_dags/tutorial_etl_dag.py took 0.116 seconds
[2022-06-17 17:24:09,735] {processor.py:153} INFO - Started process (PID=140799) to work on /home/uiliam/sandbox/lib/python3.9/site-packages/airflow/example_dags/tutorial_etl_dag.py
[2022-06-17 17:24:09,735] {processor.py:641} INFO - Processing file /home/uiliam/sandbox/lib/python3.9/site-packages/airflow/example_dags/tutorial_etl_dag.py for tasks to queue
[2022-06-17 17:24:09,737] {logging_mixin.py:115} INFO - [2022-06-17 17:24:09,736] {dagbag.py:507} INFO - Filling up the DagBag from /home/uiliam/sandbox/lib/python3.9/site-packages/airflow/example_dags/tutorial_etl_dag.py
[2022-06-17 17:24:09,753] {processor.py:651} INFO - DAG(s) dict_keys(['tutorial_etl_dag']) retrieved from /home/uiliam/sandbox/lib/python3.9/site-packages/airflow/example_dags/tutorial_etl_dag.py
[2022-06-17 17:24:09,791] {logging_mixin.py:115} INFO - [2022-06-17 17:24:09,791] {dag.py:2379} INFO - Sync 1 DAGs
[2022-06-17 17:24:09,833] {logging_mixin.py:115} INFO - [2022-06-17 17:24:09,833] {dag.py:2927} INFO - Setting next_dagrun for tutorial_etl_dag to None, run_after=None
[2022-06-17 17:24:09,857] {processor.py:161} INFO - Processing /home/uiliam/sandbox/lib/python3.9/site-packages/airflow/example_dags/tutorial_etl_dag.py took 0.129 seconds
[2022-06-17 17:24:41,099] {processor.py:153} INFO - Started process (PID=141125) to work on /home/uiliam/sandbox/lib/python3.9/site-packages/airflow/example_dags/tutorial_etl_dag.py
[2022-06-17 17:24:41,100] {processor.py:641} INFO - Processing file /home/uiliam/sandbox/lib/python3.9/site-packages/airflow/example_dags/tutorial_etl_dag.py for tasks to queue
[2022-06-17 17:24:41,101] {logging_mixin.py:115} INFO - [2022-06-17 17:24:41,101] {dagbag.py:507} INFO - Filling up the DagBag from /home/uiliam/sandbox/lib/python3.9/site-packages/airflow/example_dags/tutorial_etl_dag.py
[2022-06-17 17:24:41,111] {processor.py:651} INFO - DAG(s) dict_keys(['tutorial_etl_dag']) retrieved from /home/uiliam/sandbox/lib/python3.9/site-packages/airflow/example_dags/tutorial_etl_dag.py
[2022-06-17 17:24:41,143] {logging_mixin.py:115} INFO - [2022-06-17 17:24:41,143] {dag.py:2379} INFO - Sync 1 DAGs
[2022-06-17 17:24:41,182] {logging_mixin.py:115} INFO - [2022-06-17 17:24:41,182] {dag.py:2927} INFO - Setting next_dagrun for tutorial_etl_dag to None, run_after=None
[2022-06-17 17:24:41,202] {processor.py:161} INFO - Processing /home/uiliam/sandbox/lib/python3.9/site-packages/airflow/example_dags/tutorial_etl_dag.py took 0.108 seconds
[2022-06-17 17:25:12,286] {processor.py:153} INFO - Started process (PID=141312) to work on /home/uiliam/sandbox/lib/python3.9/site-packages/airflow/example_dags/tutorial_etl_dag.py
[2022-06-17 17:25:12,287] {processor.py:641} INFO - Processing file /home/uiliam/sandbox/lib/python3.9/site-packages/airflow/example_dags/tutorial_etl_dag.py for tasks to queue
[2022-06-17 17:25:12,287] {logging_mixin.py:115} INFO - [2022-06-17 17:25:12,287] {dagbag.py:507} INFO - Filling up the DagBag from /home/uiliam/sandbox/lib/python3.9/site-packages/airflow/example_dags/tutorial_etl_dag.py
[2022-06-17 17:25:12,296] {processor.py:651} INFO - DAG(s) dict_keys(['tutorial_etl_dag']) retrieved from /home/uiliam/sandbox/lib/python3.9/site-packages/airflow/example_dags/tutorial_etl_dag.py
[2022-06-17 17:25:12,327] {logging_mixin.py:115} INFO - [2022-06-17 17:25:12,327] {dag.py:2379} INFO - Sync 1 DAGs
[2022-06-17 17:25:12,364] {logging_mixin.py:115} INFO - [2022-06-17 17:25:12,363] {dag.py:2927} INFO - Setting next_dagrun for tutorial_etl_dag to None, run_after=None
[2022-06-17 17:25:12,384] {processor.py:161} INFO - Processing /home/uiliam/sandbox/lib/python3.9/site-packages/airflow/example_dags/tutorial_etl_dag.py took 0.103 seconds
[2022-06-17 17:25:43,695] {processor.py:153} INFO - Started process (PID=141514) to work on /home/uiliam/sandbox/lib/python3.9/site-packages/airflow/example_dags/tutorial_etl_dag.py
[2022-06-17 17:25:43,696] {processor.py:641} INFO - Processing file /home/uiliam/sandbox/lib/python3.9/site-packages/airflow/example_dags/tutorial_etl_dag.py for tasks to queue
[2022-06-17 17:25:43,697] {logging_mixin.py:115} INFO - [2022-06-17 17:25:43,697] {dagbag.py:507} INFO - Filling up the DagBag from /home/uiliam/sandbox/lib/python3.9/site-packages/airflow/example_dags/tutorial_etl_dag.py
[2022-06-17 17:25:43,706] {processor.py:651} INFO - DAG(s) dict_keys(['tutorial_etl_dag']) retrieved from /home/uiliam/sandbox/lib/python3.9/site-packages/airflow/example_dags/tutorial_etl_dag.py
[2022-06-17 17:25:43,741] {logging_mixin.py:115} INFO - [2022-06-17 17:25:43,740] {dag.py:2379} INFO - Sync 1 DAGs
[2022-06-17 17:25:43,800] {logging_mixin.py:115} INFO - [2022-06-17 17:25:43,800] {dag.py:2927} INFO - Setting next_dagrun for tutorial_etl_dag to None, run_after=None
[2022-06-17 17:25:43,826] {processor.py:161} INFO - Processing /home/uiliam/sandbox/lib/python3.9/site-packages/airflow/example_dags/tutorial_etl_dag.py took 0.135 seconds
[2022-06-17 17:26:14,862] {processor.py:153} INFO - Started process (PID=141715) to work on /home/uiliam/sandbox/lib/python3.9/site-packages/airflow/example_dags/tutorial_etl_dag.py
[2022-06-17 17:26:14,863] {processor.py:641} INFO - Processing file /home/uiliam/sandbox/lib/python3.9/site-packages/airflow/example_dags/tutorial_etl_dag.py for tasks to queue
[2022-06-17 17:26:14,864] {logging_mixin.py:115} INFO - [2022-06-17 17:26:14,864] {dagbag.py:507} INFO - Filling up the DagBag from /home/uiliam/sandbox/lib/python3.9/site-packages/airflow/example_dags/tutorial_etl_dag.py
[2022-06-17 17:26:14,874] {processor.py:651} INFO - DAG(s) dict_keys(['tutorial_etl_dag']) retrieved from /home/uiliam/sandbox/lib/python3.9/site-packages/airflow/example_dags/tutorial_etl_dag.py
[2022-06-17 17:26:14,907] {logging_mixin.py:115} INFO - [2022-06-17 17:26:14,906] {dag.py:2379} INFO - Sync 1 DAGs
[2022-06-17 17:26:14,941] {logging_mixin.py:115} INFO - [2022-06-17 17:26:14,941] {dag.py:2927} INFO - Setting next_dagrun for tutorial_etl_dag to None, run_after=None
[2022-06-17 17:26:14,960] {processor.py:161} INFO - Processing /home/uiliam/sandbox/lib/python3.9/site-packages/airflow/example_dags/tutorial_etl_dag.py took 0.104 seconds
[2022-06-17 17:26:46,006] {processor.py:153} INFO - Started process (PID=141891) to work on /home/uiliam/sandbox/lib/python3.9/site-packages/airflow/example_dags/tutorial_etl_dag.py
[2022-06-17 17:26:46,006] {processor.py:641} INFO - Processing file /home/uiliam/sandbox/lib/python3.9/site-packages/airflow/example_dags/tutorial_etl_dag.py for tasks to queue
[2022-06-17 17:26:46,007] {logging_mixin.py:115} INFO - [2022-06-17 17:26:46,007] {dagbag.py:507} INFO - Filling up the DagBag from /home/uiliam/sandbox/lib/python3.9/site-packages/airflow/example_dags/tutorial_etl_dag.py
[2022-06-17 17:26:46,016] {processor.py:651} INFO - DAG(s) dict_keys(['tutorial_etl_dag']) retrieved from /home/uiliam/sandbox/lib/python3.9/site-packages/airflow/example_dags/tutorial_etl_dag.py
[2022-06-17 17:26:46,050] {logging_mixin.py:115} INFO - [2022-06-17 17:26:46,050] {dag.py:2379} INFO - Sync 1 DAGs
[2022-06-17 17:26:46,087] {logging_mixin.py:115} INFO - [2022-06-17 17:26:46,087] {dag.py:2927} INFO - Setting next_dagrun for tutorial_etl_dag to None, run_after=None
[2022-06-17 17:26:46,109] {processor.py:161} INFO - Processing /home/uiliam/sandbox/lib/python3.9/site-packages/airflow/example_dags/tutorial_etl_dag.py took 0.109 seconds
[2022-06-17 17:27:17,081] {processor.py:153} INFO - Started process (PID=142062) to work on /home/uiliam/sandbox/lib/python3.9/site-packages/airflow/example_dags/tutorial_etl_dag.py
[2022-06-17 17:27:17,081] {processor.py:641} INFO - Processing file /home/uiliam/sandbox/lib/python3.9/site-packages/airflow/example_dags/tutorial_etl_dag.py for tasks to queue
[2022-06-17 17:27:17,082] {logging_mixin.py:115} INFO - [2022-06-17 17:27:17,082] {dagbag.py:507} INFO - Filling up the DagBag from /home/uiliam/sandbox/lib/python3.9/site-packages/airflow/example_dags/tutorial_etl_dag.py
[2022-06-17 17:27:17,094] {processor.py:651} INFO - DAG(s) dict_keys(['tutorial_etl_dag']) retrieved from /home/uiliam/sandbox/lib/python3.9/site-packages/airflow/example_dags/tutorial_etl_dag.py
[2022-06-17 17:27:17,134] {logging_mixin.py:115} INFO - [2022-06-17 17:27:17,134] {dag.py:2379} INFO - Sync 1 DAGs
[2022-06-17 17:27:17,187] {logging_mixin.py:115} INFO - [2022-06-17 17:27:17,187] {dag.py:2927} INFO - Setting next_dagrun for tutorial_etl_dag to None, run_after=None
[2022-06-17 17:27:17,214] {processor.py:161} INFO - Processing /home/uiliam/sandbox/lib/python3.9/site-packages/airflow/example_dags/tutorial_etl_dag.py took 0.139 seconds
[2022-06-17 17:27:48,084] {processor.py:153} INFO - Started process (PID=142290) to work on /home/uiliam/sandbox/lib/python3.9/site-packages/airflow/example_dags/tutorial_etl_dag.py
[2022-06-17 17:27:48,085] {processor.py:641} INFO - Processing file /home/uiliam/sandbox/lib/python3.9/site-packages/airflow/example_dags/tutorial_etl_dag.py for tasks to queue
[2022-06-17 17:27:48,086] {logging_mixin.py:115} INFO - [2022-06-17 17:27:48,086] {dagbag.py:507} INFO - Filling up the DagBag from /home/uiliam/sandbox/lib/python3.9/site-packages/airflow/example_dags/tutorial_etl_dag.py
[2022-06-17 17:27:48,098] {processor.py:651} INFO - DAG(s) dict_keys(['tutorial_etl_dag']) retrieved from /home/uiliam/sandbox/lib/python3.9/site-packages/airflow/example_dags/tutorial_etl_dag.py
[2022-06-17 17:27:48,138] {logging_mixin.py:115} INFO - [2022-06-17 17:27:48,138] {dag.py:2379} INFO - Sync 1 DAGs
[2022-06-17 17:27:48,181] {logging_mixin.py:115} INFO - [2022-06-17 17:27:48,180] {dag.py:2927} INFO - Setting next_dagrun for tutorial_etl_dag to None, run_after=None
[2022-06-17 17:27:48,204] {processor.py:161} INFO - Processing /home/uiliam/sandbox/lib/python3.9/site-packages/airflow/example_dags/tutorial_etl_dag.py took 0.125 seconds
[2022-06-17 17:28:19,055] {processor.py:153} INFO - Started process (PID=142550) to work on /home/uiliam/sandbox/lib/python3.9/site-packages/airflow/example_dags/tutorial_etl_dag.py
[2022-06-17 17:28:19,056] {processor.py:641} INFO - Processing file /home/uiliam/sandbox/lib/python3.9/site-packages/airflow/example_dags/tutorial_etl_dag.py for tasks to queue
[2022-06-17 17:28:19,056] {logging_mixin.py:115} INFO - [2022-06-17 17:28:19,056] {dagbag.py:507} INFO - Filling up the DagBag from /home/uiliam/sandbox/lib/python3.9/site-packages/airflow/example_dags/tutorial_etl_dag.py
[2022-06-17 17:28:19,064] {processor.py:651} INFO - DAG(s) dict_keys(['tutorial_etl_dag']) retrieved from /home/uiliam/sandbox/lib/python3.9/site-packages/airflow/example_dags/tutorial_etl_dag.py
[2022-06-17 17:28:19,100] {logging_mixin.py:115} INFO - [2022-06-17 17:28:19,100] {dag.py:2379} INFO - Sync 1 DAGs
[2022-06-17 17:28:19,137] {logging_mixin.py:115} INFO - [2022-06-17 17:28:19,136] {dag.py:2927} INFO - Setting next_dagrun for tutorial_etl_dag to None, run_after=None
[2022-06-17 17:28:19,155] {processor.py:161} INFO - Processing /home/uiliam/sandbox/lib/python3.9/site-packages/airflow/example_dags/tutorial_etl_dag.py took 0.106 seconds
[2022-06-17 17:28:50,214] {processor.py:153} INFO - Started process (PID=142752) to work on /home/uiliam/sandbox/lib/python3.9/site-packages/airflow/example_dags/tutorial_etl_dag.py
[2022-06-17 17:28:50,215] {processor.py:641} INFO - Processing file /home/uiliam/sandbox/lib/python3.9/site-packages/airflow/example_dags/tutorial_etl_dag.py for tasks to queue
[2022-06-17 17:28:50,216] {logging_mixin.py:115} INFO - [2022-06-17 17:28:50,216] {dagbag.py:507} INFO - Filling up the DagBag from /home/uiliam/sandbox/lib/python3.9/site-packages/airflow/example_dags/tutorial_etl_dag.py
[2022-06-17 17:28:50,227] {processor.py:651} INFO - DAG(s) dict_keys(['tutorial_etl_dag']) retrieved from /home/uiliam/sandbox/lib/python3.9/site-packages/airflow/example_dags/tutorial_etl_dag.py
[2022-06-17 17:28:50,262] {logging_mixin.py:115} INFO - [2022-06-17 17:28:50,262] {dag.py:2379} INFO - Sync 1 DAGs
[2022-06-17 17:28:50,304] {logging_mixin.py:115} INFO - [2022-06-17 17:28:50,304] {dag.py:2927} INFO - Setting next_dagrun for tutorial_etl_dag to None, run_after=None
[2022-06-17 17:28:50,324] {processor.py:161} INFO - Processing /home/uiliam/sandbox/lib/python3.9/site-packages/airflow/example_dags/tutorial_etl_dag.py took 0.115 seconds
[2022-06-17 17:29:21,462] {processor.py:153} INFO - Started process (PID=142957) to work on /home/uiliam/sandbox/lib/python3.9/site-packages/airflow/example_dags/tutorial_etl_dag.py
[2022-06-17 17:29:21,462] {processor.py:641} INFO - Processing file /home/uiliam/sandbox/lib/python3.9/site-packages/airflow/example_dags/tutorial_etl_dag.py for tasks to queue
[2022-06-17 17:29:21,463] {logging_mixin.py:115} INFO - [2022-06-17 17:29:21,463] {dagbag.py:507} INFO - Filling up the DagBag from /home/uiliam/sandbox/lib/python3.9/site-packages/airflow/example_dags/tutorial_etl_dag.py
[2022-06-17 17:29:21,472] {processor.py:651} INFO - DAG(s) dict_keys(['tutorial_etl_dag']) retrieved from /home/uiliam/sandbox/lib/python3.9/site-packages/airflow/example_dags/tutorial_etl_dag.py
[2022-06-17 17:29:21,504] {logging_mixin.py:115} INFO - [2022-06-17 17:29:21,504] {dag.py:2379} INFO - Sync 1 DAGs
[2022-06-17 17:29:21,542] {logging_mixin.py:115} INFO - [2022-06-17 17:29:21,542] {dag.py:2927} INFO - Setting next_dagrun for tutorial_etl_dag to None, run_after=None
[2022-06-17 17:29:21,562] {processor.py:161} INFO - Processing /home/uiliam/sandbox/lib/python3.9/site-packages/airflow/example_dags/tutorial_etl_dag.py took 0.105 seconds
[2022-06-17 17:29:52,507] {processor.py:153} INFO - Started process (PID=143170) to work on /home/uiliam/sandbox/lib/python3.9/site-packages/airflow/example_dags/tutorial_etl_dag.py
[2022-06-17 17:29:52,507] {processor.py:641} INFO - Processing file /home/uiliam/sandbox/lib/python3.9/site-packages/airflow/example_dags/tutorial_etl_dag.py for tasks to queue
[2022-06-17 17:29:52,508] {logging_mixin.py:115} INFO - [2022-06-17 17:29:52,508] {dagbag.py:507} INFO - Filling up the DagBag from /home/uiliam/sandbox/lib/python3.9/site-packages/airflow/example_dags/tutorial_etl_dag.py
[2022-06-17 17:29:52,516] {processor.py:651} INFO - DAG(s) dict_keys(['tutorial_etl_dag']) retrieved from /home/uiliam/sandbox/lib/python3.9/site-packages/airflow/example_dags/tutorial_etl_dag.py
[2022-06-17 17:29:52,547] {logging_mixin.py:115} INFO - [2022-06-17 17:29:52,547] {dag.py:2379} INFO - Sync 1 DAGs
[2022-06-17 17:29:52,590] {logging_mixin.py:115} INFO - [2022-06-17 17:29:52,589] {dag.py:2927} INFO - Setting next_dagrun for tutorial_etl_dag to None, run_after=None
[2022-06-17 17:29:52,612] {processor.py:161} INFO - Processing /home/uiliam/sandbox/lib/python3.9/site-packages/airflow/example_dags/tutorial_etl_dag.py took 0.110 seconds
[2022-06-17 17:30:23,470] {processor.py:153} INFO - Started process (PID=143316) to work on /home/uiliam/sandbox/lib/python3.9/site-packages/airflow/example_dags/tutorial_etl_dag.py
[2022-06-17 17:30:23,470] {processor.py:641} INFO - Processing file /home/uiliam/sandbox/lib/python3.9/site-packages/airflow/example_dags/tutorial_etl_dag.py for tasks to queue
[2022-06-17 17:30:23,471] {logging_mixin.py:115} INFO - [2022-06-17 17:30:23,471] {dagbag.py:507} INFO - Filling up the DagBag from /home/uiliam/sandbox/lib/python3.9/site-packages/airflow/example_dags/tutorial_etl_dag.py
[2022-06-17 17:30:23,479] {processor.py:651} INFO - DAG(s) dict_keys(['tutorial_etl_dag']) retrieved from /home/uiliam/sandbox/lib/python3.9/site-packages/airflow/example_dags/tutorial_etl_dag.py
[2022-06-17 17:30:23,512] {logging_mixin.py:115} INFO - [2022-06-17 17:30:23,512] {dag.py:2379} INFO - Sync 1 DAGs
[2022-06-17 17:30:23,546] {logging_mixin.py:115} INFO - [2022-06-17 17:30:23,546] {dag.py:2927} INFO - Setting next_dagrun for tutorial_etl_dag to None, run_after=None
[2022-06-17 17:30:23,563] {processor.py:161} INFO - Processing /home/uiliam/sandbox/lib/python3.9/site-packages/airflow/example_dags/tutorial_etl_dag.py took 0.099 seconds
[2022-06-17 17:30:54,587] {processor.py:153} INFO - Started process (PID=143484) to work on /home/uiliam/sandbox/lib/python3.9/site-packages/airflow/example_dags/tutorial_etl_dag.py
[2022-06-17 17:30:54,588] {processor.py:641} INFO - Processing file /home/uiliam/sandbox/lib/python3.9/site-packages/airflow/example_dags/tutorial_etl_dag.py for tasks to queue
[2022-06-17 17:30:54,588] {logging_mixin.py:115} INFO - [2022-06-17 17:30:54,588] {dagbag.py:507} INFO - Filling up the DagBag from /home/uiliam/sandbox/lib/python3.9/site-packages/airflow/example_dags/tutorial_etl_dag.py
[2022-06-17 17:30:54,599] {processor.py:651} INFO - DAG(s) dict_keys(['tutorial_etl_dag']) retrieved from /home/uiliam/sandbox/lib/python3.9/site-packages/airflow/example_dags/tutorial_etl_dag.py
[2022-06-17 17:30:54,637] {logging_mixin.py:115} INFO - [2022-06-17 17:30:54,637] {dag.py:2379} INFO - Sync 1 DAGs
[2022-06-17 17:30:54,683] {logging_mixin.py:115} INFO - [2022-06-17 17:30:54,683] {dag.py:2927} INFO - Setting next_dagrun for tutorial_etl_dag to None, run_after=None
[2022-06-17 17:30:54,704] {processor.py:161} INFO - Processing /home/uiliam/sandbox/lib/python3.9/site-packages/airflow/example_dags/tutorial_etl_dag.py took 0.121 seconds
[2022-06-17 17:31:26,250] {processor.py:153} INFO - Started process (PID=143764) to work on /home/uiliam/sandbox/lib/python3.9/site-packages/airflow/example_dags/tutorial_etl_dag.py
[2022-06-17 17:31:26,250] {processor.py:641} INFO - Processing file /home/uiliam/sandbox/lib/python3.9/site-packages/airflow/example_dags/tutorial_etl_dag.py for tasks to queue
[2022-06-17 17:31:26,251] {logging_mixin.py:115} INFO - [2022-06-17 17:31:26,251] {dagbag.py:507} INFO - Filling up the DagBag from /home/uiliam/sandbox/lib/python3.9/site-packages/airflow/example_dags/tutorial_etl_dag.py
[2022-06-17 17:31:26,263] {processor.py:651} INFO - DAG(s) dict_keys(['tutorial_etl_dag']) retrieved from /home/uiliam/sandbox/lib/python3.9/site-packages/airflow/example_dags/tutorial_etl_dag.py
[2022-06-17 17:31:26,302] {logging_mixin.py:115} INFO - [2022-06-17 17:31:26,301] {dag.py:2379} INFO - Sync 1 DAGs
[2022-06-17 17:31:26,359] {logging_mixin.py:115} INFO - [2022-06-17 17:31:26,359] {dag.py:2927} INFO - Setting next_dagrun for tutorial_etl_dag to None, run_after=None
[2022-06-17 17:31:26,383] {processor.py:161} INFO - Processing /home/uiliam/sandbox/lib/python3.9/site-packages/airflow/example_dags/tutorial_etl_dag.py took 0.138 seconds
[2022-06-17 17:31:56,824] {processor.py:153} INFO - Started process (PID=143937) to work on /home/uiliam/sandbox/lib/python3.9/site-packages/airflow/example_dags/tutorial_etl_dag.py
[2022-06-17 17:31:56,825] {processor.py:641} INFO - Processing file /home/uiliam/sandbox/lib/python3.9/site-packages/airflow/example_dags/tutorial_etl_dag.py for tasks to queue
[2022-06-17 17:31:56,826] {logging_mixin.py:115} INFO - [2022-06-17 17:31:56,826] {dagbag.py:507} INFO - Filling up the DagBag from /home/uiliam/sandbox/lib/python3.9/site-packages/airflow/example_dags/tutorial_etl_dag.py
[2022-06-17 17:31:56,838] {processor.py:651} INFO - DAG(s) dict_keys(['tutorial_etl_dag']) retrieved from /home/uiliam/sandbox/lib/python3.9/site-packages/airflow/example_dags/tutorial_etl_dag.py
[2022-06-17 17:31:56,873] {logging_mixin.py:115} INFO - [2022-06-17 17:31:56,873] {dag.py:2379} INFO - Sync 1 DAGs
[2022-06-17 17:31:56,916] {logging_mixin.py:115} INFO - [2022-06-17 17:31:56,916] {dag.py:2927} INFO - Setting next_dagrun for tutorial_etl_dag to None, run_after=None
[2022-06-17 17:31:56,940] {processor.py:161} INFO - Processing /home/uiliam/sandbox/lib/python3.9/site-packages/airflow/example_dags/tutorial_etl_dag.py took 0.122 seconds
[2022-06-17 17:32:27,279] {processor.py:153} INFO - Started process (PID=144126) to work on /home/uiliam/sandbox/lib/python3.9/site-packages/airflow/example_dags/tutorial_etl_dag.py
[2022-06-17 17:32:27,280] {processor.py:641} INFO - Processing file /home/uiliam/sandbox/lib/python3.9/site-packages/airflow/example_dags/tutorial_etl_dag.py for tasks to queue
[2022-06-17 17:32:27,281] {logging_mixin.py:115} INFO - [2022-06-17 17:32:27,281] {dagbag.py:507} INFO - Filling up the DagBag from /home/uiliam/sandbox/lib/python3.9/site-packages/airflow/example_dags/tutorial_etl_dag.py
[2022-06-17 17:32:27,290] {processor.py:651} INFO - DAG(s) dict_keys(['tutorial_etl_dag']) retrieved from /home/uiliam/sandbox/lib/python3.9/site-packages/airflow/example_dags/tutorial_etl_dag.py
[2022-06-17 17:32:27,324] {logging_mixin.py:115} INFO - [2022-06-17 17:32:27,324] {dag.py:2379} INFO - Sync 1 DAGs
[2022-06-17 17:32:27,358] {logging_mixin.py:115} INFO - [2022-06-17 17:32:27,358] {dag.py:2927} INFO - Setting next_dagrun for tutorial_etl_dag to None, run_after=None
[2022-06-17 17:32:27,381] {processor.py:161} INFO - Processing /home/uiliam/sandbox/lib/python3.9/site-packages/airflow/example_dags/tutorial_etl_dag.py took 0.106 seconds
[2022-06-17 17:32:58,521] {processor.py:153} INFO - Started process (PID=144293) to work on /home/uiliam/sandbox/lib/python3.9/site-packages/airflow/example_dags/tutorial_etl_dag.py
[2022-06-17 17:32:58,521] {processor.py:641} INFO - Processing file /home/uiliam/sandbox/lib/python3.9/site-packages/airflow/example_dags/tutorial_etl_dag.py for tasks to queue
[2022-06-17 17:32:58,522] {logging_mixin.py:115} INFO - [2022-06-17 17:32:58,522] {dagbag.py:507} INFO - Filling up the DagBag from /home/uiliam/sandbox/lib/python3.9/site-packages/airflow/example_dags/tutorial_etl_dag.py
[2022-06-17 17:32:58,534] {processor.py:651} INFO - DAG(s) dict_keys(['tutorial_etl_dag']) retrieved from /home/uiliam/sandbox/lib/python3.9/site-packages/airflow/example_dags/tutorial_etl_dag.py
[2022-06-17 17:32:58,570] {logging_mixin.py:115} INFO - [2022-06-17 17:32:58,569] {dag.py:2379} INFO - Sync 1 DAGs
[2022-06-17 17:32:58,609] {logging_mixin.py:115} INFO - [2022-06-17 17:32:58,609] {dag.py:2927} INFO - Setting next_dagrun for tutorial_etl_dag to None, run_after=None
[2022-06-17 17:32:58,625] {processor.py:161} INFO - Processing /home/uiliam/sandbox/lib/python3.9/site-packages/airflow/example_dags/tutorial_etl_dag.py took 0.110 seconds
[2022-06-17 17:33:29,445] {processor.py:153} INFO - Started process (PID=144471) to work on /home/uiliam/sandbox/lib/python3.9/site-packages/airflow/example_dags/tutorial_etl_dag.py
[2022-06-17 17:33:29,446] {processor.py:641} INFO - Processing file /home/uiliam/sandbox/lib/python3.9/site-packages/airflow/example_dags/tutorial_etl_dag.py for tasks to queue
[2022-06-17 17:33:29,446] {logging_mixin.py:115} INFO - [2022-06-17 17:33:29,446] {dagbag.py:507} INFO - Filling up the DagBag from /home/uiliam/sandbox/lib/python3.9/site-packages/airflow/example_dags/tutorial_etl_dag.py
[2022-06-17 17:33:29,455] {processor.py:651} INFO - DAG(s) dict_keys(['tutorial_etl_dag']) retrieved from /home/uiliam/sandbox/lib/python3.9/site-packages/airflow/example_dags/tutorial_etl_dag.py
[2022-06-17 17:33:29,488] {logging_mixin.py:115} INFO - [2022-06-17 17:33:29,487] {dag.py:2379} INFO - Sync 1 DAGs
[2022-06-17 17:33:29,522] {logging_mixin.py:115} INFO - [2022-06-17 17:33:29,522] {dag.py:2927} INFO - Setting next_dagrun for tutorial_etl_dag to None, run_after=None
[2022-06-17 17:33:29,541] {processor.py:161} INFO - Processing /home/uiliam/sandbox/lib/python3.9/site-packages/airflow/example_dags/tutorial_etl_dag.py took 0.102 seconds
[2022-06-17 17:34:00,830] {processor.py:153} INFO - Started process (PID=144638) to work on /home/uiliam/sandbox/lib/python3.9/site-packages/airflow/example_dags/tutorial_etl_dag.py
[2022-06-17 17:34:00,831] {processor.py:641} INFO - Processing file /home/uiliam/sandbox/lib/python3.9/site-packages/airflow/example_dags/tutorial_etl_dag.py for tasks to queue
[2022-06-17 17:34:00,831] {logging_mixin.py:115} INFO - [2022-06-17 17:34:00,831] {dagbag.py:507} INFO - Filling up the DagBag from /home/uiliam/sandbox/lib/python3.9/site-packages/airflow/example_dags/tutorial_etl_dag.py
[2022-06-17 17:34:00,841] {processor.py:651} INFO - DAG(s) dict_keys(['tutorial_etl_dag']) retrieved from /home/uiliam/sandbox/lib/python3.9/site-packages/airflow/example_dags/tutorial_etl_dag.py
[2022-06-17 17:34:00,873] {logging_mixin.py:115} INFO - [2022-06-17 17:34:00,873] {dag.py:2379} INFO - Sync 1 DAGs
[2022-06-17 17:34:00,907] {logging_mixin.py:115} INFO - [2022-06-17 17:34:00,907] {dag.py:2927} INFO - Setting next_dagrun for tutorial_etl_dag to None, run_after=None
[2022-06-17 17:34:00,925] {processor.py:161} INFO - Processing /home/uiliam/sandbox/lib/python3.9/site-packages/airflow/example_dags/tutorial_etl_dag.py took 0.099 seconds
[2022-06-17 17:34:32,449] {processor.py:153} INFO - Started process (PID=145035) to work on /home/uiliam/sandbox/lib/python3.9/site-packages/airflow/example_dags/tutorial_etl_dag.py
[2022-06-17 17:34:32,450] {processor.py:641} INFO - Processing file /home/uiliam/sandbox/lib/python3.9/site-packages/airflow/example_dags/tutorial_etl_dag.py for tasks to queue
[2022-06-17 17:34:32,451] {logging_mixin.py:115} INFO - [2022-06-17 17:34:32,451] {dagbag.py:507} INFO - Filling up the DagBag from /home/uiliam/sandbox/lib/python3.9/site-packages/airflow/example_dags/tutorial_etl_dag.py
[2022-06-17 17:34:32,463] {processor.py:651} INFO - DAG(s) dict_keys(['tutorial_etl_dag']) retrieved from /home/uiliam/sandbox/lib/python3.9/site-packages/airflow/example_dags/tutorial_etl_dag.py
[2022-06-17 17:34:32,499] {logging_mixin.py:115} INFO - [2022-06-17 17:34:32,499] {dag.py:2379} INFO - Sync 1 DAGs
[2022-06-17 17:34:32,546] {logging_mixin.py:115} INFO - [2022-06-17 17:34:32,546] {dag.py:2927} INFO - Setting next_dagrun for tutorial_etl_dag to None, run_after=None
[2022-06-17 17:34:32,567] {processor.py:161} INFO - Processing /home/uiliam/sandbox/lib/python3.9/site-packages/airflow/example_dags/tutorial_etl_dag.py took 0.124 seconds
[2022-06-17 17:35:03,565] {processor.py:153} INFO - Started process (PID=145384) to work on /home/uiliam/sandbox/lib/python3.9/site-packages/airflow/example_dags/tutorial_etl_dag.py
[2022-06-17 17:35:03,565] {processor.py:641} INFO - Processing file /home/uiliam/sandbox/lib/python3.9/site-packages/airflow/example_dags/tutorial_etl_dag.py for tasks to queue
[2022-06-17 17:35:03,566] {logging_mixin.py:115} INFO - [2022-06-17 17:35:03,566] {dagbag.py:507} INFO - Filling up the DagBag from /home/uiliam/sandbox/lib/python3.9/site-packages/airflow/example_dags/tutorial_etl_dag.py
[2022-06-17 17:35:03,580] {processor.py:651} INFO - DAG(s) dict_keys(['tutorial_etl_dag']) retrieved from /home/uiliam/sandbox/lib/python3.9/site-packages/airflow/example_dags/tutorial_etl_dag.py
[2022-06-17 17:35:03,626] {logging_mixin.py:115} INFO - [2022-06-17 17:35:03,626] {dag.py:2379} INFO - Sync 1 DAGs
[2022-06-17 17:35:03,669] {logging_mixin.py:115} INFO - [2022-06-17 17:35:03,669] {dag.py:2927} INFO - Setting next_dagrun for tutorial_etl_dag to None, run_after=None
[2022-06-17 17:35:03,697] {processor.py:161} INFO - Processing /home/uiliam/sandbox/lib/python3.9/site-packages/airflow/example_dags/tutorial_etl_dag.py took 0.139 seconds
[2022-06-17 17:35:35,115] {processor.py:153} INFO - Started process (PID=145688) to work on /home/uiliam/sandbox/lib/python3.9/site-packages/airflow/example_dags/tutorial_etl_dag.py
[2022-06-17 17:35:35,116] {processor.py:641} INFO - Processing file /home/uiliam/sandbox/lib/python3.9/site-packages/airflow/example_dags/tutorial_etl_dag.py for tasks to queue
[2022-06-17 17:35:35,117] {logging_mixin.py:115} INFO - [2022-06-17 17:35:35,117] {dagbag.py:507} INFO - Filling up the DagBag from /home/uiliam/sandbox/lib/python3.9/site-packages/airflow/example_dags/tutorial_etl_dag.py
[2022-06-17 17:35:35,127] {processor.py:651} INFO - DAG(s) dict_keys(['tutorial_etl_dag']) retrieved from /home/uiliam/sandbox/lib/python3.9/site-packages/airflow/example_dags/tutorial_etl_dag.py
[2022-06-17 17:35:35,162] {logging_mixin.py:115} INFO - [2022-06-17 17:35:35,162] {dag.py:2379} INFO - Sync 1 DAGs
[2022-06-17 17:35:35,208] {logging_mixin.py:115} INFO - [2022-06-17 17:35:35,207] {dag.py:2927} INFO - Setting next_dagrun for tutorial_etl_dag to None, run_after=None
[2022-06-17 17:35:35,229] {processor.py:161} INFO - Processing /home/uiliam/sandbox/lib/python3.9/site-packages/airflow/example_dags/tutorial_etl_dag.py took 0.119 seconds
[2022-06-17 17:36:06,393] {processor.py:153} INFO - Started process (PID=146028) to work on /home/uiliam/sandbox/lib/python3.9/site-packages/airflow/example_dags/tutorial_etl_dag.py
[2022-06-17 17:36:06,394] {processor.py:641} INFO - Processing file /home/uiliam/sandbox/lib/python3.9/site-packages/airflow/example_dags/tutorial_etl_dag.py for tasks to queue
[2022-06-17 17:36:06,394] {logging_mixin.py:115} INFO - [2022-06-17 17:36:06,394] {dagbag.py:507} INFO - Filling up the DagBag from /home/uiliam/sandbox/lib/python3.9/site-packages/airflow/example_dags/tutorial_etl_dag.py
[2022-06-17 17:36:06,406] {processor.py:651} INFO - DAG(s) dict_keys(['tutorial_etl_dag']) retrieved from /home/uiliam/sandbox/lib/python3.9/site-packages/airflow/example_dags/tutorial_etl_dag.py
[2022-06-17 17:36:06,439] {logging_mixin.py:115} INFO - [2022-06-17 17:36:06,438] {dag.py:2379} INFO - Sync 1 DAGs
[2022-06-17 17:36:06,480] {logging_mixin.py:115} INFO - [2022-06-17 17:36:06,480] {dag.py:2927} INFO - Setting next_dagrun for tutorial_etl_dag to None, run_after=None
[2022-06-17 17:36:06,503] {processor.py:161} INFO - Processing /home/uiliam/sandbox/lib/python3.9/site-packages/airflow/example_dags/tutorial_etl_dag.py took 0.116 seconds
