[2022-06-17 17:11:09,803] {processor.py:153} INFO - Started process (PID=132446) to work on /home/uiliam/sandbox/lib/python3.9/site-packages/airflow/example_dags/tutorial_taskflow_api_etl_virtualenv.py
[2022-06-17 17:11:09,804] {processor.py:641} INFO - Processing file /home/uiliam/sandbox/lib/python3.9/site-packages/airflow/example_dags/tutorial_taskflow_api_etl_virtualenv.py for tasks to queue
[2022-06-17 17:11:09,804] {logging_mixin.py:115} INFO - [2022-06-17 17:11:09,804] {dagbag.py:507} INFO - Filling up the DagBag from /home/uiliam/sandbox/lib/python3.9/site-packages/airflow/example_dags/tutorial_taskflow_api_etl_virtualenv.py
[2022-06-17 17:11:09,822] {logging_mixin.py:115} INFO - [2022-06-17 17:11:09,822] {tutorial_taskflow_api_etl_virtualenv.py:29} WARNING - The tutorial_taskflow_api_etl_virtualenv example DAG requires virtualenv, please install it.
[2022-06-17 17:11:09,823] {processor.py:653} WARNING - No viable dags retrieved from /home/uiliam/sandbox/lib/python3.9/site-packages/airflow/example_dags/tutorial_taskflow_api_etl_virtualenv.py
[2022-06-17 17:11:09,845] {processor.py:161} INFO - Processing /home/uiliam/sandbox/lib/python3.9/site-packages/airflow/example_dags/tutorial_taskflow_api_etl_virtualenv.py took 0.047 seconds
[2022-06-17 17:11:40,794] {processor.py:153} INFO - Started process (PID=132776) to work on /home/uiliam/sandbox/lib/python3.9/site-packages/airflow/example_dags/tutorial_taskflow_api_etl_virtualenv.py
[2022-06-17 17:11:40,795] {processor.py:641} INFO - Processing file /home/uiliam/sandbox/lib/python3.9/site-packages/airflow/example_dags/tutorial_taskflow_api_etl_virtualenv.py for tasks to queue
[2022-06-17 17:11:40,796] {logging_mixin.py:115} INFO - [2022-06-17 17:11:40,796] {dagbag.py:507} INFO - Filling up the DagBag from /home/uiliam/sandbox/lib/python3.9/site-packages/airflow/example_dags/tutorial_taskflow_api_etl_virtualenv.py
[2022-06-17 17:11:40,813] {logging_mixin.py:115} INFO - [2022-06-17 17:11:40,813] {tutorial_taskflow_api_etl_virtualenv.py:29} WARNING - The tutorial_taskflow_api_etl_virtualenv example DAG requires virtualenv, please install it.
[2022-06-17 17:11:40,814] {processor.py:653} WARNING - No viable dags retrieved from /home/uiliam/sandbox/lib/python3.9/site-packages/airflow/example_dags/tutorial_taskflow_api_etl_virtualenv.py
[2022-06-17 17:11:40,835] {processor.py:161} INFO - Processing /home/uiliam/sandbox/lib/python3.9/site-packages/airflow/example_dags/tutorial_taskflow_api_etl_virtualenv.py took 0.046 seconds
[2022-06-17 17:12:12,300] {processor.py:153} INFO - Started process (PID=133975) to work on /home/uiliam/sandbox/lib/python3.9/site-packages/airflow/example_dags/tutorial_taskflow_api_etl_virtualenv.py
[2022-06-17 17:12:12,300] {processor.py:641} INFO - Processing file /home/uiliam/sandbox/lib/python3.9/site-packages/airflow/example_dags/tutorial_taskflow_api_etl_virtualenv.py for tasks to queue
[2022-06-17 17:12:12,301] {logging_mixin.py:115} INFO - [2022-06-17 17:12:12,301] {dagbag.py:507} INFO - Filling up the DagBag from /home/uiliam/sandbox/lib/python3.9/site-packages/airflow/example_dags/tutorial_taskflow_api_etl_virtualenv.py
[2022-06-17 17:12:12,322] {logging_mixin.py:115} INFO - [2022-06-17 17:12:12,322] {tutorial_taskflow_api_etl_virtualenv.py:29} WARNING - The tutorial_taskflow_api_etl_virtualenv example DAG requires virtualenv, please install it.
[2022-06-17 17:12:12,322] {processor.py:653} WARNING - No viable dags retrieved from /home/uiliam/sandbox/lib/python3.9/site-packages/airflow/example_dags/tutorial_taskflow_api_etl_virtualenv.py
[2022-06-17 17:12:12,343] {processor.py:161} INFO - Processing /home/uiliam/sandbox/lib/python3.9/site-packages/airflow/example_dags/tutorial_taskflow_api_etl_virtualenv.py took 0.048 seconds
[2022-06-17 17:12:43,383] {processor.py:153} INFO - Started process (PID=135067) to work on /home/uiliam/sandbox/lib/python3.9/site-packages/airflow/example_dags/tutorial_taskflow_api_etl_virtualenv.py
[2022-06-17 17:12:43,384] {processor.py:641} INFO - Processing file /home/uiliam/sandbox/lib/python3.9/site-packages/airflow/example_dags/tutorial_taskflow_api_etl_virtualenv.py for tasks to queue
[2022-06-17 17:12:43,384] {logging_mixin.py:115} INFO - [2022-06-17 17:12:43,384] {dagbag.py:507} INFO - Filling up the DagBag from /home/uiliam/sandbox/lib/python3.9/site-packages/airflow/example_dags/tutorial_taskflow_api_etl_virtualenv.py
[2022-06-17 17:12:43,403] {logging_mixin.py:115} INFO - [2022-06-17 17:12:43,403] {tutorial_taskflow_api_etl_virtualenv.py:29} WARNING - The tutorial_taskflow_api_etl_virtualenv example DAG requires virtualenv, please install it.
[2022-06-17 17:12:43,404] {processor.py:653} WARNING - No viable dags retrieved from /home/uiliam/sandbox/lib/python3.9/site-packages/airflow/example_dags/tutorial_taskflow_api_etl_virtualenv.py
[2022-06-17 17:12:43,430] {processor.py:161} INFO - Processing /home/uiliam/sandbox/lib/python3.9/site-packages/airflow/example_dags/tutorial_taskflow_api_etl_virtualenv.py took 0.051 seconds
[2022-06-17 17:13:14,708] {processor.py:153} INFO - Started process (PID=135475) to work on /home/uiliam/sandbox/lib/python3.9/site-packages/airflow/example_dags/tutorial_taskflow_api_etl_virtualenv.py
[2022-06-17 17:13:14,709] {processor.py:641} INFO - Processing file /home/uiliam/sandbox/lib/python3.9/site-packages/airflow/example_dags/tutorial_taskflow_api_etl_virtualenv.py for tasks to queue
[2022-06-17 17:13:14,711] {logging_mixin.py:115} INFO - [2022-06-17 17:13:14,710] {dagbag.py:507} INFO - Filling up the DagBag from /home/uiliam/sandbox/lib/python3.9/site-packages/airflow/example_dags/tutorial_taskflow_api_etl_virtualenv.py
[2022-06-17 17:13:14,746] {logging_mixin.py:115} INFO - [2022-06-17 17:13:14,745] {tutorial_taskflow_api_etl_virtualenv.py:29} WARNING - The tutorial_taskflow_api_etl_virtualenv example DAG requires virtualenv, please install it.
[2022-06-17 17:13:14,746] {processor.py:653} WARNING - No viable dags retrieved from /home/uiliam/sandbox/lib/python3.9/site-packages/airflow/example_dags/tutorial_taskflow_api_etl_virtualenv.py
[2022-06-17 17:13:14,774] {processor.py:161} INFO - Processing /home/uiliam/sandbox/lib/python3.9/site-packages/airflow/example_dags/tutorial_taskflow_api_etl_virtualenv.py took 0.072 seconds
[2022-06-17 17:13:45,894] {processor.py:153} INFO - Started process (PID=135780) to work on /home/uiliam/sandbox/lib/python3.9/site-packages/airflow/example_dags/tutorial_taskflow_api_etl_virtualenv.py
[2022-06-17 17:13:45,895] {processor.py:641} INFO - Processing file /home/uiliam/sandbox/lib/python3.9/site-packages/airflow/example_dags/tutorial_taskflow_api_etl_virtualenv.py for tasks to queue
[2022-06-17 17:13:45,896] {logging_mixin.py:115} INFO - [2022-06-17 17:13:45,896] {dagbag.py:507} INFO - Filling up the DagBag from /home/uiliam/sandbox/lib/python3.9/site-packages/airflow/example_dags/tutorial_taskflow_api_etl_virtualenv.py
[2022-06-17 17:13:45,915] {logging_mixin.py:115} INFO - [2022-06-17 17:13:45,915] {tutorial_taskflow_api_etl_virtualenv.py:29} WARNING - The tutorial_taskflow_api_etl_virtualenv example DAG requires virtualenv, please install it.
[2022-06-17 17:13:45,916] {processor.py:653} WARNING - No viable dags retrieved from /home/uiliam/sandbox/lib/python3.9/site-packages/airflow/example_dags/tutorial_taskflow_api_etl_virtualenv.py
[2022-06-17 17:13:45,936] {processor.py:161} INFO - Processing /home/uiliam/sandbox/lib/python3.9/site-packages/airflow/example_dags/tutorial_taskflow_api_etl_virtualenv.py took 0.046 seconds
[2022-06-17 17:14:17,109] {processor.py:153} INFO - Started process (PID=136040) to work on /home/uiliam/sandbox/lib/python3.9/site-packages/airflow/example_dags/tutorial_taskflow_api_etl_virtualenv.py
[2022-06-17 17:14:17,110] {processor.py:641} INFO - Processing file /home/uiliam/sandbox/lib/python3.9/site-packages/airflow/example_dags/tutorial_taskflow_api_etl_virtualenv.py for tasks to queue
[2022-06-17 17:14:17,112] {logging_mixin.py:115} INFO - [2022-06-17 17:14:17,111] {dagbag.py:507} INFO - Filling up the DagBag from /home/uiliam/sandbox/lib/python3.9/site-packages/airflow/example_dags/tutorial_taskflow_api_etl_virtualenv.py
[2022-06-17 17:14:17,145] {logging_mixin.py:115} INFO - [2022-06-17 17:14:17,145] {tutorial_taskflow_api_etl_virtualenv.py:29} WARNING - The tutorial_taskflow_api_etl_virtualenv example DAG requires virtualenv, please install it.
[2022-06-17 17:14:17,145] {processor.py:653} WARNING - No viable dags retrieved from /home/uiliam/sandbox/lib/python3.9/site-packages/airflow/example_dags/tutorial_taskflow_api_etl_virtualenv.py
[2022-06-17 17:14:17,174] {processor.py:161} INFO - Processing /home/uiliam/sandbox/lib/python3.9/site-packages/airflow/example_dags/tutorial_taskflow_api_etl_virtualenv.py took 0.071 seconds
[2022-06-17 17:14:48,503] {processor.py:153} INFO - Started process (PID=136410) to work on /home/uiliam/sandbox/lib/python3.9/site-packages/airflow/example_dags/tutorial_taskflow_api_etl_virtualenv.py
[2022-06-17 17:14:48,503] {processor.py:641} INFO - Processing file /home/uiliam/sandbox/lib/python3.9/site-packages/airflow/example_dags/tutorial_taskflow_api_etl_virtualenv.py for tasks to queue
[2022-06-17 17:14:48,504] {logging_mixin.py:115} INFO - [2022-06-17 17:14:48,504] {dagbag.py:507} INFO - Filling up the DagBag from /home/uiliam/sandbox/lib/python3.9/site-packages/airflow/example_dags/tutorial_taskflow_api_etl_virtualenv.py
[2022-06-17 17:14:48,525] {logging_mixin.py:115} INFO - [2022-06-17 17:14:48,525] {tutorial_taskflow_api_etl_virtualenv.py:29} WARNING - The tutorial_taskflow_api_etl_virtualenv example DAG requires virtualenv, please install it.
[2022-06-17 17:14:48,525] {processor.py:653} WARNING - No viable dags retrieved from /home/uiliam/sandbox/lib/python3.9/site-packages/airflow/example_dags/tutorial_taskflow_api_etl_virtualenv.py
[2022-06-17 17:14:48,547] {processor.py:161} INFO - Processing /home/uiliam/sandbox/lib/python3.9/site-packages/airflow/example_dags/tutorial_taskflow_api_etl_virtualenv.py took 0.050 seconds
[2022-06-17 17:15:19,852] {processor.py:153} INFO - Started process (PID=136674) to work on /home/uiliam/sandbox/lib/python3.9/site-packages/airflow/example_dags/tutorial_taskflow_api_etl_virtualenv.py
[2022-06-17 17:15:19,852] {processor.py:641} INFO - Processing file /home/uiliam/sandbox/lib/python3.9/site-packages/airflow/example_dags/tutorial_taskflow_api_etl_virtualenv.py for tasks to queue
[2022-06-17 17:15:19,853] {logging_mixin.py:115} INFO - [2022-06-17 17:15:19,853] {dagbag.py:507} INFO - Filling up the DagBag from /home/uiliam/sandbox/lib/python3.9/site-packages/airflow/example_dags/tutorial_taskflow_api_etl_virtualenv.py
[2022-06-17 17:15:19,870] {logging_mixin.py:115} INFO - [2022-06-17 17:15:19,870] {tutorial_taskflow_api_etl_virtualenv.py:29} WARNING - The tutorial_taskflow_api_etl_virtualenv example DAG requires virtualenv, please install it.
[2022-06-17 17:15:19,870] {processor.py:653} WARNING - No viable dags retrieved from /home/uiliam/sandbox/lib/python3.9/site-packages/airflow/example_dags/tutorial_taskflow_api_etl_virtualenv.py
[2022-06-17 17:15:19,892] {processor.py:161} INFO - Processing /home/uiliam/sandbox/lib/python3.9/site-packages/airflow/example_dags/tutorial_taskflow_api_etl_virtualenv.py took 0.044 seconds
[2022-06-17 17:15:50,838] {processor.py:153} INFO - Started process (PID=136837) to work on /home/uiliam/sandbox/lib/python3.9/site-packages/airflow/example_dags/tutorial_taskflow_api_etl_virtualenv.py
[2022-06-17 17:15:50,839] {processor.py:641} INFO - Processing file /home/uiliam/sandbox/lib/python3.9/site-packages/airflow/example_dags/tutorial_taskflow_api_etl_virtualenv.py for tasks to queue
[2022-06-17 17:15:50,840] {logging_mixin.py:115} INFO - [2022-06-17 17:15:50,840] {dagbag.py:507} INFO - Filling up the DagBag from /home/uiliam/sandbox/lib/python3.9/site-packages/airflow/example_dags/tutorial_taskflow_api_etl_virtualenv.py
[2022-06-17 17:15:50,858] {logging_mixin.py:115} INFO - [2022-06-17 17:15:50,858] {tutorial_taskflow_api_etl_virtualenv.py:29} WARNING - The tutorial_taskflow_api_etl_virtualenv example DAG requires virtualenv, please install it.
[2022-06-17 17:15:50,858] {processor.py:653} WARNING - No viable dags retrieved from /home/uiliam/sandbox/lib/python3.9/site-packages/airflow/example_dags/tutorial_taskflow_api_etl_virtualenv.py
[2022-06-17 17:15:50,879] {processor.py:161} INFO - Processing /home/uiliam/sandbox/lib/python3.9/site-packages/airflow/example_dags/tutorial_taskflow_api_etl_virtualenv.py took 0.044 seconds
[2022-06-17 17:16:21,851] {processor.py:153} INFO - Started process (PID=137042) to work on /home/uiliam/sandbox/lib/python3.9/site-packages/airflow/example_dags/tutorial_taskflow_api_etl_virtualenv.py
[2022-06-17 17:16:21,852] {processor.py:641} INFO - Processing file /home/uiliam/sandbox/lib/python3.9/site-packages/airflow/example_dags/tutorial_taskflow_api_etl_virtualenv.py for tasks to queue
[2022-06-17 17:16:21,853] {logging_mixin.py:115} INFO - [2022-06-17 17:16:21,853] {dagbag.py:507} INFO - Filling up the DagBag from /home/uiliam/sandbox/lib/python3.9/site-packages/airflow/example_dags/tutorial_taskflow_api_etl_virtualenv.py
[2022-06-17 17:16:21,875] {logging_mixin.py:115} INFO - [2022-06-17 17:16:21,874] {tutorial_taskflow_api_etl_virtualenv.py:29} WARNING - The tutorial_taskflow_api_etl_virtualenv example DAG requires virtualenv, please install it.
[2022-06-17 17:16:21,875] {processor.py:653} WARNING - No viable dags retrieved from /home/uiliam/sandbox/lib/python3.9/site-packages/airflow/example_dags/tutorial_taskflow_api_etl_virtualenv.py
[2022-06-17 17:16:21,897] {processor.py:161} INFO - Processing /home/uiliam/sandbox/lib/python3.9/site-packages/airflow/example_dags/tutorial_taskflow_api_etl_virtualenv.py took 0.051 seconds
[2022-06-17 17:16:53,109] {processor.py:153} INFO - Started process (PID=137257) to work on /home/uiliam/sandbox/lib/python3.9/site-packages/airflow/example_dags/tutorial_taskflow_api_etl_virtualenv.py
[2022-06-17 17:16:53,110] {processor.py:641} INFO - Processing file /home/uiliam/sandbox/lib/python3.9/site-packages/airflow/example_dags/tutorial_taskflow_api_etl_virtualenv.py for tasks to queue
[2022-06-17 17:16:53,110] {logging_mixin.py:115} INFO - [2022-06-17 17:16:53,110] {dagbag.py:507} INFO - Filling up the DagBag from /home/uiliam/sandbox/lib/python3.9/site-packages/airflow/example_dags/tutorial_taskflow_api_etl_virtualenv.py
[2022-06-17 17:16:53,127] {logging_mixin.py:115} INFO - [2022-06-17 17:16:53,127] {tutorial_taskflow_api_etl_virtualenv.py:29} WARNING - The tutorial_taskflow_api_etl_virtualenv example DAG requires virtualenv, please install it.
[2022-06-17 17:16:53,127] {processor.py:653} WARNING - No viable dags retrieved from /home/uiliam/sandbox/lib/python3.9/site-packages/airflow/example_dags/tutorial_taskflow_api_etl_virtualenv.py
[2022-06-17 17:16:53,147] {processor.py:161} INFO - Processing /home/uiliam/sandbox/lib/python3.9/site-packages/airflow/example_dags/tutorial_taskflow_api_etl_virtualenv.py took 0.043 seconds
[2022-06-17 17:17:24,047] {processor.py:153} INFO - Started process (PID=137513) to work on /home/uiliam/sandbox/lib/python3.9/site-packages/airflow/example_dags/tutorial_taskflow_api_etl_virtualenv.py
[2022-06-17 17:17:24,048] {processor.py:641} INFO - Processing file /home/uiliam/sandbox/lib/python3.9/site-packages/airflow/example_dags/tutorial_taskflow_api_etl_virtualenv.py for tasks to queue
[2022-06-17 17:17:24,049] {logging_mixin.py:115} INFO - [2022-06-17 17:17:24,048] {dagbag.py:507} INFO - Filling up the DagBag from /home/uiliam/sandbox/lib/python3.9/site-packages/airflow/example_dags/tutorial_taskflow_api_etl_virtualenv.py
[2022-06-17 17:17:24,069] {logging_mixin.py:115} INFO - [2022-06-17 17:17:24,069] {tutorial_taskflow_api_etl_virtualenv.py:29} WARNING - The tutorial_taskflow_api_etl_virtualenv example DAG requires virtualenv, please install it.
[2022-06-17 17:17:24,069] {processor.py:653} WARNING - No viable dags retrieved from /home/uiliam/sandbox/lib/python3.9/site-packages/airflow/example_dags/tutorial_taskflow_api_etl_virtualenv.py
[2022-06-17 17:17:24,091] {processor.py:161} INFO - Processing /home/uiliam/sandbox/lib/python3.9/site-packages/airflow/example_dags/tutorial_taskflow_api_etl_virtualenv.py took 0.049 seconds
[2022-06-17 17:17:55,127] {processor.py:153} INFO - Started process (PID=137755) to work on /home/uiliam/sandbox/lib/python3.9/site-packages/airflow/example_dags/tutorial_taskflow_api_etl_virtualenv.py
[2022-06-17 17:17:55,128] {processor.py:641} INFO - Processing file /home/uiliam/sandbox/lib/python3.9/site-packages/airflow/example_dags/tutorial_taskflow_api_etl_virtualenv.py for tasks to queue
[2022-06-17 17:17:55,129] {logging_mixin.py:115} INFO - [2022-06-17 17:17:55,129] {dagbag.py:507} INFO - Filling up the DagBag from /home/uiliam/sandbox/lib/python3.9/site-packages/airflow/example_dags/tutorial_taskflow_api_etl_virtualenv.py
[2022-06-17 17:17:55,150] {logging_mixin.py:115} INFO - [2022-06-17 17:17:55,150] {tutorial_taskflow_api_etl_virtualenv.py:29} WARNING - The tutorial_taskflow_api_etl_virtualenv example DAG requires virtualenv, please install it.
[2022-06-17 17:17:55,150] {processor.py:653} WARNING - No viable dags retrieved from /home/uiliam/sandbox/lib/python3.9/site-packages/airflow/example_dags/tutorial_taskflow_api_etl_virtualenv.py
[2022-06-17 17:17:55,170] {processor.py:161} INFO - Processing /home/uiliam/sandbox/lib/python3.9/site-packages/airflow/example_dags/tutorial_taskflow_api_etl_virtualenv.py took 0.047 seconds
[2022-06-17 17:18:26,378] {processor.py:153} INFO - Started process (PID=138055) to work on /home/uiliam/sandbox/lib/python3.9/site-packages/airflow/example_dags/tutorial_taskflow_api_etl_virtualenv.py
[2022-06-17 17:18:26,379] {processor.py:641} INFO - Processing file /home/uiliam/sandbox/lib/python3.9/site-packages/airflow/example_dags/tutorial_taskflow_api_etl_virtualenv.py for tasks to queue
[2022-06-17 17:18:26,380] {logging_mixin.py:115} INFO - [2022-06-17 17:18:26,380] {dagbag.py:507} INFO - Filling up the DagBag from /home/uiliam/sandbox/lib/python3.9/site-packages/airflow/example_dags/tutorial_taskflow_api_etl_virtualenv.py
[2022-06-17 17:18:26,400] {logging_mixin.py:115} INFO - [2022-06-17 17:18:26,400] {tutorial_taskflow_api_etl_virtualenv.py:29} WARNING - The tutorial_taskflow_api_etl_virtualenv example DAG requires virtualenv, please install it.
[2022-06-17 17:18:26,400] {processor.py:653} WARNING - No viable dags retrieved from /home/uiliam/sandbox/lib/python3.9/site-packages/airflow/example_dags/tutorial_taskflow_api_etl_virtualenv.py
[2022-06-17 17:18:26,422] {processor.py:161} INFO - Processing /home/uiliam/sandbox/lib/python3.9/site-packages/airflow/example_dags/tutorial_taskflow_api_etl_virtualenv.py took 0.048 seconds
[2022-06-17 17:18:57,409] {processor.py:153} INFO - Started process (PID=138312) to work on /home/uiliam/sandbox/lib/python3.9/site-packages/airflow/example_dags/tutorial_taskflow_api_etl_virtualenv.py
[2022-06-17 17:18:57,410] {processor.py:641} INFO - Processing file /home/uiliam/sandbox/lib/python3.9/site-packages/airflow/example_dags/tutorial_taskflow_api_etl_virtualenv.py for tasks to queue
[2022-06-17 17:18:57,411] {logging_mixin.py:115} INFO - [2022-06-17 17:18:57,410] {dagbag.py:507} INFO - Filling up the DagBag from /home/uiliam/sandbox/lib/python3.9/site-packages/airflow/example_dags/tutorial_taskflow_api_etl_virtualenv.py
[2022-06-17 17:18:57,430] {logging_mixin.py:115} INFO - [2022-06-17 17:18:57,430] {tutorial_taskflow_api_etl_virtualenv.py:29} WARNING - The tutorial_taskflow_api_etl_virtualenv example DAG requires virtualenv, please install it.
[2022-06-17 17:18:57,430] {processor.py:653} WARNING - No viable dags retrieved from /home/uiliam/sandbox/lib/python3.9/site-packages/airflow/example_dags/tutorial_taskflow_api_etl_virtualenv.py
[2022-06-17 17:18:57,452] {processor.py:161} INFO - Processing /home/uiliam/sandbox/lib/python3.9/site-packages/airflow/example_dags/tutorial_taskflow_api_etl_virtualenv.py took 0.049 seconds
[2022-06-17 17:19:28,679] {processor.py:153} INFO - Started process (PID=138576) to work on /home/uiliam/sandbox/lib/python3.9/site-packages/airflow/example_dags/tutorial_taskflow_api_etl_virtualenv.py
[2022-06-17 17:19:28,680] {processor.py:641} INFO - Processing file /home/uiliam/sandbox/lib/python3.9/site-packages/airflow/example_dags/tutorial_taskflow_api_etl_virtualenv.py for tasks to queue
[2022-06-17 17:19:28,681] {logging_mixin.py:115} INFO - [2022-06-17 17:19:28,681] {dagbag.py:507} INFO - Filling up the DagBag from /home/uiliam/sandbox/lib/python3.9/site-packages/airflow/example_dags/tutorial_taskflow_api_etl_virtualenv.py
[2022-06-17 17:19:28,700] {logging_mixin.py:115} INFO - [2022-06-17 17:19:28,699] {tutorial_taskflow_api_etl_virtualenv.py:29} WARNING - The tutorial_taskflow_api_etl_virtualenv example DAG requires virtualenv, please install it.
[2022-06-17 17:19:28,700] {processor.py:653} WARNING - No viable dags retrieved from /home/uiliam/sandbox/lib/python3.9/site-packages/airflow/example_dags/tutorial_taskflow_api_etl_virtualenv.py
[2022-06-17 17:19:28,719] {processor.py:161} INFO - Processing /home/uiliam/sandbox/lib/python3.9/site-packages/airflow/example_dags/tutorial_taskflow_api_etl_virtualenv.py took 0.045 seconds
[2022-06-17 17:19:59,563] {processor.py:153} INFO - Started process (PID=138835) to work on /home/uiliam/sandbox/lib/python3.9/site-packages/airflow/example_dags/tutorial_taskflow_api_etl_virtualenv.py
[2022-06-17 17:19:59,563] {processor.py:641} INFO - Processing file /home/uiliam/sandbox/lib/python3.9/site-packages/airflow/example_dags/tutorial_taskflow_api_etl_virtualenv.py for tasks to queue
[2022-06-17 17:19:59,564] {logging_mixin.py:115} INFO - [2022-06-17 17:19:59,564] {dagbag.py:507} INFO - Filling up the DagBag from /home/uiliam/sandbox/lib/python3.9/site-packages/airflow/example_dags/tutorial_taskflow_api_etl_virtualenv.py
[2022-06-17 17:19:59,581] {logging_mixin.py:115} INFO - [2022-06-17 17:19:59,580] {tutorial_taskflow_api_etl_virtualenv.py:29} WARNING - The tutorial_taskflow_api_etl_virtualenv example DAG requires virtualenv, please install it.
[2022-06-17 17:19:59,581] {processor.py:653} WARNING - No viable dags retrieved from /home/uiliam/sandbox/lib/python3.9/site-packages/airflow/example_dags/tutorial_taskflow_api_etl_virtualenv.py
[2022-06-17 17:19:59,600] {processor.py:161} INFO - Processing /home/uiliam/sandbox/lib/python3.9/site-packages/airflow/example_dags/tutorial_taskflow_api_etl_virtualenv.py took 0.041 seconds
[2022-06-17 17:20:30,747] {processor.py:153} INFO - Started process (PID=139152) to work on /home/uiliam/sandbox/lib/python3.9/site-packages/airflow/example_dags/tutorial_taskflow_api_etl_virtualenv.py
[2022-06-17 17:20:30,748] {processor.py:641} INFO - Processing file /home/uiliam/sandbox/lib/python3.9/site-packages/airflow/example_dags/tutorial_taskflow_api_etl_virtualenv.py for tasks to queue
[2022-06-17 17:20:30,749] {logging_mixin.py:115} INFO - [2022-06-17 17:20:30,749] {dagbag.py:507} INFO - Filling up the DagBag from /home/uiliam/sandbox/lib/python3.9/site-packages/airflow/example_dags/tutorial_taskflow_api_etl_virtualenv.py
[2022-06-17 17:20:30,765] {logging_mixin.py:115} INFO - [2022-06-17 17:20:30,765] {tutorial_taskflow_api_etl_virtualenv.py:29} WARNING - The tutorial_taskflow_api_etl_virtualenv example DAG requires virtualenv, please install it.
[2022-06-17 17:20:30,765] {processor.py:653} WARNING - No viable dags retrieved from /home/uiliam/sandbox/lib/python3.9/site-packages/airflow/example_dags/tutorial_taskflow_api_etl_virtualenv.py
[2022-06-17 17:20:30,789] {processor.py:161} INFO - Processing /home/uiliam/sandbox/lib/python3.9/site-packages/airflow/example_dags/tutorial_taskflow_api_etl_virtualenv.py took 0.047 seconds
[2022-06-17 17:21:01,816] {processor.py:153} INFO - Started process (PID=139367) to work on /home/uiliam/sandbox/lib/python3.9/site-packages/airflow/example_dags/tutorial_taskflow_api_etl_virtualenv.py
[2022-06-17 17:21:01,817] {processor.py:641} INFO - Processing file /home/uiliam/sandbox/lib/python3.9/site-packages/airflow/example_dags/tutorial_taskflow_api_etl_virtualenv.py for tasks to queue
[2022-06-17 17:21:01,817] {logging_mixin.py:115} INFO - [2022-06-17 17:21:01,817] {dagbag.py:507} INFO - Filling up the DagBag from /home/uiliam/sandbox/lib/python3.9/site-packages/airflow/example_dags/tutorial_taskflow_api_etl_virtualenv.py
[2022-06-17 17:21:01,836] {logging_mixin.py:115} INFO - [2022-06-17 17:21:01,836] {tutorial_taskflow_api_etl_virtualenv.py:29} WARNING - The tutorial_taskflow_api_etl_virtualenv example DAG requires virtualenv, please install it.
[2022-06-17 17:21:01,836] {processor.py:653} WARNING - No viable dags retrieved from /home/uiliam/sandbox/lib/python3.9/site-packages/airflow/example_dags/tutorial_taskflow_api_etl_virtualenv.py
[2022-06-17 17:21:01,858] {processor.py:161} INFO - Processing /home/uiliam/sandbox/lib/python3.9/site-packages/airflow/example_dags/tutorial_taskflow_api_etl_virtualenv.py took 0.046 seconds
[2022-06-17 17:21:32,797] {processor.py:153} INFO - Started process (PID=139610) to work on /home/uiliam/sandbox/lib/python3.9/site-packages/airflow/example_dags/tutorial_taskflow_api_etl_virtualenv.py
[2022-06-17 17:21:32,797] {processor.py:641} INFO - Processing file /home/uiliam/sandbox/lib/python3.9/site-packages/airflow/example_dags/tutorial_taskflow_api_etl_virtualenv.py for tasks to queue
[2022-06-17 17:21:32,798] {logging_mixin.py:115} INFO - [2022-06-17 17:21:32,798] {dagbag.py:507} INFO - Filling up the DagBag from /home/uiliam/sandbox/lib/python3.9/site-packages/airflow/example_dags/tutorial_taskflow_api_etl_virtualenv.py
[2022-06-17 17:21:32,815] {logging_mixin.py:115} INFO - [2022-06-17 17:21:32,815] {tutorial_taskflow_api_etl_virtualenv.py:29} WARNING - The tutorial_taskflow_api_etl_virtualenv example DAG requires virtualenv, please install it.
[2022-06-17 17:21:32,815] {processor.py:653} WARNING - No viable dags retrieved from /home/uiliam/sandbox/lib/python3.9/site-packages/airflow/example_dags/tutorial_taskflow_api_etl_virtualenv.py
[2022-06-17 17:21:32,837] {processor.py:161} INFO - Processing /home/uiliam/sandbox/lib/python3.9/site-packages/airflow/example_dags/tutorial_taskflow_api_etl_virtualenv.py took 0.045 seconds
[2022-06-17 17:22:03,915] {processor.py:153} INFO - Started process (PID=139869) to work on /home/uiliam/sandbox/lib/python3.9/site-packages/airflow/example_dags/tutorial_taskflow_api_etl_virtualenv.py
[2022-06-17 17:22:03,916] {processor.py:641} INFO - Processing file /home/uiliam/sandbox/lib/python3.9/site-packages/airflow/example_dags/tutorial_taskflow_api_etl_virtualenv.py for tasks to queue
[2022-06-17 17:22:03,917] {logging_mixin.py:115} INFO - [2022-06-17 17:22:03,916] {dagbag.py:507} INFO - Filling up the DagBag from /home/uiliam/sandbox/lib/python3.9/site-packages/airflow/example_dags/tutorial_taskflow_api_etl_virtualenv.py
[2022-06-17 17:22:03,933] {logging_mixin.py:115} INFO - [2022-06-17 17:22:03,933] {tutorial_taskflow_api_etl_virtualenv.py:29} WARNING - The tutorial_taskflow_api_etl_virtualenv example DAG requires virtualenv, please install it.
[2022-06-17 17:22:03,933] {processor.py:653} WARNING - No viable dags retrieved from /home/uiliam/sandbox/lib/python3.9/site-packages/airflow/example_dags/tutorial_taskflow_api_etl_virtualenv.py
[2022-06-17 17:22:03,952] {processor.py:161} INFO - Processing /home/uiliam/sandbox/lib/python3.9/site-packages/airflow/example_dags/tutorial_taskflow_api_etl_virtualenv.py took 0.042 seconds
[2022-06-17 17:22:34,908] {processor.py:153} INFO - Started process (PID=140132) to work on /home/uiliam/sandbox/lib/python3.9/site-packages/airflow/example_dags/tutorial_taskflow_api_etl_virtualenv.py
[2022-06-17 17:22:34,909] {processor.py:641} INFO - Processing file /home/uiliam/sandbox/lib/python3.9/site-packages/airflow/example_dags/tutorial_taskflow_api_etl_virtualenv.py for tasks to queue
[2022-06-17 17:22:34,910] {logging_mixin.py:115} INFO - [2022-06-17 17:22:34,910] {dagbag.py:507} INFO - Filling up the DagBag from /home/uiliam/sandbox/lib/python3.9/site-packages/airflow/example_dags/tutorial_taskflow_api_etl_virtualenv.py
[2022-06-17 17:22:34,928] {logging_mixin.py:115} INFO - [2022-06-17 17:22:34,927] {tutorial_taskflow_api_etl_virtualenv.py:29} WARNING - The tutorial_taskflow_api_etl_virtualenv example DAG requires virtualenv, please install it.
[2022-06-17 17:22:34,928] {processor.py:653} WARNING - No viable dags retrieved from /home/uiliam/sandbox/lib/python3.9/site-packages/airflow/example_dags/tutorial_taskflow_api_etl_virtualenv.py
[2022-06-17 17:22:34,948] {processor.py:161} INFO - Processing /home/uiliam/sandbox/lib/python3.9/site-packages/airflow/example_dags/tutorial_taskflow_api_etl_virtualenv.py took 0.044 seconds
[2022-06-17 17:23:06,007] {processor.py:153} INFO - Started process (PID=140357) to work on /home/uiliam/sandbox/lib/python3.9/site-packages/airflow/example_dags/tutorial_taskflow_api_etl_virtualenv.py
[2022-06-17 17:23:06,009] {processor.py:641} INFO - Processing file /home/uiliam/sandbox/lib/python3.9/site-packages/airflow/example_dags/tutorial_taskflow_api_etl_virtualenv.py for tasks to queue
[2022-06-17 17:23:06,010] {logging_mixin.py:115} INFO - [2022-06-17 17:23:06,009] {dagbag.py:507} INFO - Filling up the DagBag from /home/uiliam/sandbox/lib/python3.9/site-packages/airflow/example_dags/tutorial_taskflow_api_etl_virtualenv.py
[2022-06-17 17:23:06,032] {logging_mixin.py:115} INFO - [2022-06-17 17:23:06,032] {tutorial_taskflow_api_etl_virtualenv.py:29} WARNING - The tutorial_taskflow_api_etl_virtualenv example DAG requires virtualenv, please install it.
[2022-06-17 17:23:06,033] {processor.py:653} WARNING - No viable dags retrieved from /home/uiliam/sandbox/lib/python3.9/site-packages/airflow/example_dags/tutorial_taskflow_api_etl_virtualenv.py
[2022-06-17 17:23:06,053] {processor.py:161} INFO - Processing /home/uiliam/sandbox/lib/python3.9/site-packages/airflow/example_dags/tutorial_taskflow_api_etl_virtualenv.py took 0.052 seconds
[2022-06-17 17:23:37,144] {processor.py:153} INFO - Started process (PID=140598) to work on /home/uiliam/sandbox/lib/python3.9/site-packages/airflow/example_dags/tutorial_taskflow_api_etl_virtualenv.py
[2022-06-17 17:23:37,144] {processor.py:641} INFO - Processing file /home/uiliam/sandbox/lib/python3.9/site-packages/airflow/example_dags/tutorial_taskflow_api_etl_virtualenv.py for tasks to queue
[2022-06-17 17:23:37,145] {logging_mixin.py:115} INFO - [2022-06-17 17:23:37,145] {dagbag.py:507} INFO - Filling up the DagBag from /home/uiliam/sandbox/lib/python3.9/site-packages/airflow/example_dags/tutorial_taskflow_api_etl_virtualenv.py
[2022-06-17 17:23:37,162] {logging_mixin.py:115} INFO - [2022-06-17 17:23:37,162] {tutorial_taskflow_api_etl_virtualenv.py:29} WARNING - The tutorial_taskflow_api_etl_virtualenv example DAG requires virtualenv, please install it.
[2022-06-17 17:23:37,162] {processor.py:653} WARNING - No viable dags retrieved from /home/uiliam/sandbox/lib/python3.9/site-packages/airflow/example_dags/tutorial_taskflow_api_etl_virtualenv.py
[2022-06-17 17:23:37,182] {processor.py:161} INFO - Processing /home/uiliam/sandbox/lib/python3.9/site-packages/airflow/example_dags/tutorial_taskflow_api_etl_virtualenv.py took 0.042 seconds
[2022-06-17 17:24:08,501] {processor.py:153} INFO - Started process (PID=140763) to work on /home/uiliam/sandbox/lib/python3.9/site-packages/airflow/example_dags/tutorial_taskflow_api_etl_virtualenv.py
[2022-06-17 17:24:08,502] {processor.py:641} INFO - Processing file /home/uiliam/sandbox/lib/python3.9/site-packages/airflow/example_dags/tutorial_taskflow_api_etl_virtualenv.py for tasks to queue
[2022-06-17 17:24:08,502] {logging_mixin.py:115} INFO - [2022-06-17 17:24:08,502] {dagbag.py:507} INFO - Filling up the DagBag from /home/uiliam/sandbox/lib/python3.9/site-packages/airflow/example_dags/tutorial_taskflow_api_etl_virtualenv.py
[2022-06-17 17:24:08,522] {logging_mixin.py:115} INFO - [2022-06-17 17:24:08,521] {tutorial_taskflow_api_etl_virtualenv.py:29} WARNING - The tutorial_taskflow_api_etl_virtualenv example DAG requires virtualenv, please install it.
[2022-06-17 17:24:08,522] {processor.py:653} WARNING - No viable dags retrieved from /home/uiliam/sandbox/lib/python3.9/site-packages/airflow/example_dags/tutorial_taskflow_api_etl_virtualenv.py
[2022-06-17 17:24:08,542] {processor.py:161} INFO - Processing /home/uiliam/sandbox/lib/python3.9/site-packages/airflow/example_dags/tutorial_taskflow_api_etl_virtualenv.py took 0.046 seconds
[2022-06-17 17:24:39,751] {processor.py:153} INFO - Started process (PID=141089) to work on /home/uiliam/sandbox/lib/python3.9/site-packages/airflow/example_dags/tutorial_taskflow_api_etl_virtualenv.py
[2022-06-17 17:24:39,752] {processor.py:641} INFO - Processing file /home/uiliam/sandbox/lib/python3.9/site-packages/airflow/example_dags/tutorial_taskflow_api_etl_virtualenv.py for tasks to queue
[2022-06-17 17:24:39,752] {logging_mixin.py:115} INFO - [2022-06-17 17:24:39,752] {dagbag.py:507} INFO - Filling up the DagBag from /home/uiliam/sandbox/lib/python3.9/site-packages/airflow/example_dags/tutorial_taskflow_api_etl_virtualenv.py
[2022-06-17 17:24:39,776] {logging_mixin.py:115} INFO - [2022-06-17 17:24:39,776] {tutorial_taskflow_api_etl_virtualenv.py:29} WARNING - The tutorial_taskflow_api_etl_virtualenv example DAG requires virtualenv, please install it.
[2022-06-17 17:24:39,776] {processor.py:653} WARNING - No viable dags retrieved from /home/uiliam/sandbox/lib/python3.9/site-packages/airflow/example_dags/tutorial_taskflow_api_etl_virtualenv.py
[2022-06-17 17:24:39,797] {processor.py:161} INFO - Processing /home/uiliam/sandbox/lib/python3.9/site-packages/airflow/example_dags/tutorial_taskflow_api_etl_virtualenv.py took 0.052 seconds
[2022-06-17 17:25:10,983] {processor.py:153} INFO - Started process (PID=141275) to work on /home/uiliam/sandbox/lib/python3.9/site-packages/airflow/example_dags/tutorial_taskflow_api_etl_virtualenv.py
[2022-06-17 17:25:10,984] {processor.py:641} INFO - Processing file /home/uiliam/sandbox/lib/python3.9/site-packages/airflow/example_dags/tutorial_taskflow_api_etl_virtualenv.py for tasks to queue
[2022-06-17 17:25:10,985] {logging_mixin.py:115} INFO - [2022-06-17 17:25:10,985] {dagbag.py:507} INFO - Filling up the DagBag from /home/uiliam/sandbox/lib/python3.9/site-packages/airflow/example_dags/tutorial_taskflow_api_etl_virtualenv.py
[2022-06-17 17:25:11,004] {logging_mixin.py:115} INFO - [2022-06-17 17:25:11,004] {tutorial_taskflow_api_etl_virtualenv.py:29} WARNING - The tutorial_taskflow_api_etl_virtualenv example DAG requires virtualenv, please install it.
[2022-06-17 17:25:11,005] {processor.py:653} WARNING - No viable dags retrieved from /home/uiliam/sandbox/lib/python3.9/site-packages/airflow/example_dags/tutorial_taskflow_api_etl_virtualenv.py
[2022-06-17 17:25:11,026] {processor.py:161} INFO - Processing /home/uiliam/sandbox/lib/python3.9/site-packages/airflow/example_dags/tutorial_taskflow_api_etl_virtualenv.py took 0.047 seconds
[2022-06-17 17:25:42,215] {processor.py:153} INFO - Started process (PID=141472) to work on /home/uiliam/sandbox/lib/python3.9/site-packages/airflow/example_dags/tutorial_taskflow_api_etl_virtualenv.py
[2022-06-17 17:25:42,215] {processor.py:641} INFO - Processing file /home/uiliam/sandbox/lib/python3.9/site-packages/airflow/example_dags/tutorial_taskflow_api_etl_virtualenv.py for tasks to queue
[2022-06-17 17:25:42,216] {logging_mixin.py:115} INFO - [2022-06-17 17:25:42,216] {dagbag.py:507} INFO - Filling up the DagBag from /home/uiliam/sandbox/lib/python3.9/site-packages/airflow/example_dags/tutorial_taskflow_api_etl_virtualenv.py
[2022-06-17 17:25:42,236] {logging_mixin.py:115} INFO - [2022-06-17 17:25:42,236] {tutorial_taskflow_api_etl_virtualenv.py:29} WARNING - The tutorial_taskflow_api_etl_virtualenv example DAG requires virtualenv, please install it.
[2022-06-17 17:25:42,237] {processor.py:653} WARNING - No viable dags retrieved from /home/uiliam/sandbox/lib/python3.9/site-packages/airflow/example_dags/tutorial_taskflow_api_etl_virtualenv.py
[2022-06-17 17:25:42,257] {processor.py:161} INFO - Processing /home/uiliam/sandbox/lib/python3.9/site-packages/airflow/example_dags/tutorial_taskflow_api_etl_virtualenv.py took 0.047 seconds
[2022-06-17 17:26:13,604] {processor.py:153} INFO - Started process (PID=141677) to work on /home/uiliam/sandbox/lib/python3.9/site-packages/airflow/example_dags/tutorial_taskflow_api_etl_virtualenv.py
[2022-06-17 17:26:13,605] {processor.py:641} INFO - Processing file /home/uiliam/sandbox/lib/python3.9/site-packages/airflow/example_dags/tutorial_taskflow_api_etl_virtualenv.py for tasks to queue
[2022-06-17 17:26:13,606] {logging_mixin.py:115} INFO - [2022-06-17 17:26:13,606] {dagbag.py:507} INFO - Filling up the DagBag from /home/uiliam/sandbox/lib/python3.9/site-packages/airflow/example_dags/tutorial_taskflow_api_etl_virtualenv.py
[2022-06-17 17:26:13,623] {logging_mixin.py:115} INFO - [2022-06-17 17:26:13,622] {tutorial_taskflow_api_etl_virtualenv.py:29} WARNING - The tutorial_taskflow_api_etl_virtualenv example DAG requires virtualenv, please install it.
[2022-06-17 17:26:13,623] {processor.py:653} WARNING - No viable dags retrieved from /home/uiliam/sandbox/lib/python3.9/site-packages/airflow/example_dags/tutorial_taskflow_api_etl_virtualenv.py
[2022-06-17 17:26:13,643] {processor.py:161} INFO - Processing /home/uiliam/sandbox/lib/python3.9/site-packages/airflow/example_dags/tutorial_taskflow_api_etl_virtualenv.py took 0.043 seconds
[2022-06-17 17:26:44,726] {processor.py:153} INFO - Started process (PID=141851) to work on /home/uiliam/sandbox/lib/python3.9/site-packages/airflow/example_dags/tutorial_taskflow_api_etl_virtualenv.py
[2022-06-17 17:26:44,727] {processor.py:641} INFO - Processing file /home/uiliam/sandbox/lib/python3.9/site-packages/airflow/example_dags/tutorial_taskflow_api_etl_virtualenv.py for tasks to queue
[2022-06-17 17:26:44,728] {logging_mixin.py:115} INFO - [2022-06-17 17:26:44,728] {dagbag.py:507} INFO - Filling up the DagBag from /home/uiliam/sandbox/lib/python3.9/site-packages/airflow/example_dags/tutorial_taskflow_api_etl_virtualenv.py
[2022-06-17 17:26:44,745] {logging_mixin.py:115} INFO - [2022-06-17 17:26:44,745] {tutorial_taskflow_api_etl_virtualenv.py:29} WARNING - The tutorial_taskflow_api_etl_virtualenv example DAG requires virtualenv, please install it.
[2022-06-17 17:26:44,746] {processor.py:653} WARNING - No viable dags retrieved from /home/uiliam/sandbox/lib/python3.9/site-packages/airflow/example_dags/tutorial_taskflow_api_etl_virtualenv.py
[2022-06-17 17:26:44,766] {processor.py:161} INFO - Processing /home/uiliam/sandbox/lib/python3.9/site-packages/airflow/example_dags/tutorial_taskflow_api_etl_virtualenv.py took 0.044 seconds
[2022-06-17 17:27:15,910] {processor.py:153} INFO - Started process (PID=142019) to work on /home/uiliam/sandbox/lib/python3.9/site-packages/airflow/example_dags/tutorial_taskflow_api_etl_virtualenv.py
[2022-06-17 17:27:15,911] {processor.py:641} INFO - Processing file /home/uiliam/sandbox/lib/python3.9/site-packages/airflow/example_dags/tutorial_taskflow_api_etl_virtualenv.py for tasks to queue
[2022-06-17 17:27:15,912] {logging_mixin.py:115} INFO - [2022-06-17 17:27:15,911] {dagbag.py:507} INFO - Filling up the DagBag from /home/uiliam/sandbox/lib/python3.9/site-packages/airflow/example_dags/tutorial_taskflow_api_etl_virtualenv.py
[2022-06-17 17:27:15,933] {logging_mixin.py:115} INFO - [2022-06-17 17:27:15,933] {tutorial_taskflow_api_etl_virtualenv.py:29} WARNING - The tutorial_taskflow_api_etl_virtualenv example DAG requires virtualenv, please install it.
[2022-06-17 17:27:15,934] {processor.py:653} WARNING - No viable dags retrieved from /home/uiliam/sandbox/lib/python3.9/site-packages/airflow/example_dags/tutorial_taskflow_api_etl_virtualenv.py
[2022-06-17 17:27:15,956] {processor.py:161} INFO - Processing /home/uiliam/sandbox/lib/python3.9/site-packages/airflow/example_dags/tutorial_taskflow_api_etl_virtualenv.py took 0.051 seconds
[2022-06-17 17:27:47,040] {processor.py:153} INFO - Started process (PID=142254) to work on /home/uiliam/sandbox/lib/python3.9/site-packages/airflow/example_dags/tutorial_taskflow_api_etl_virtualenv.py
[2022-06-17 17:27:47,041] {processor.py:641} INFO - Processing file /home/uiliam/sandbox/lib/python3.9/site-packages/airflow/example_dags/tutorial_taskflow_api_etl_virtualenv.py for tasks to queue
[2022-06-17 17:27:47,041] {logging_mixin.py:115} INFO - [2022-06-17 17:27:47,041] {dagbag.py:507} INFO - Filling up the DagBag from /home/uiliam/sandbox/lib/python3.9/site-packages/airflow/example_dags/tutorial_taskflow_api_etl_virtualenv.py
[2022-06-17 17:27:47,059] {logging_mixin.py:115} INFO - [2022-06-17 17:27:47,059] {tutorial_taskflow_api_etl_virtualenv.py:29} WARNING - The tutorial_taskflow_api_etl_virtualenv example DAG requires virtualenv, please install it.
[2022-06-17 17:27:47,060] {processor.py:653} WARNING - No viable dags retrieved from /home/uiliam/sandbox/lib/python3.9/site-packages/airflow/example_dags/tutorial_taskflow_api_etl_virtualenv.py
[2022-06-17 17:27:47,082] {processor.py:161} INFO - Processing /home/uiliam/sandbox/lib/python3.9/site-packages/airflow/example_dags/tutorial_taskflow_api_etl_virtualenv.py took 0.046 seconds
[2022-06-17 17:28:17,948] {processor.py:153} INFO - Started process (PID=142514) to work on /home/uiliam/sandbox/lib/python3.9/site-packages/airflow/example_dags/tutorial_taskflow_api_etl_virtualenv.py
[2022-06-17 17:28:17,949] {processor.py:641} INFO - Processing file /home/uiliam/sandbox/lib/python3.9/site-packages/airflow/example_dags/tutorial_taskflow_api_etl_virtualenv.py for tasks to queue
[2022-06-17 17:28:17,950] {logging_mixin.py:115} INFO - [2022-06-17 17:28:17,950] {dagbag.py:507} INFO - Filling up the DagBag from /home/uiliam/sandbox/lib/python3.9/site-packages/airflow/example_dags/tutorial_taskflow_api_etl_virtualenv.py
[2022-06-17 17:28:17,968] {logging_mixin.py:115} INFO - [2022-06-17 17:28:17,968] {tutorial_taskflow_api_etl_virtualenv.py:29} WARNING - The tutorial_taskflow_api_etl_virtualenv example DAG requires virtualenv, please install it.
[2022-06-17 17:28:17,968] {processor.py:653} WARNING - No viable dags retrieved from /home/uiliam/sandbox/lib/python3.9/site-packages/airflow/example_dags/tutorial_taskflow_api_etl_virtualenv.py
[2022-06-17 17:28:17,989] {processor.py:161} INFO - Processing /home/uiliam/sandbox/lib/python3.9/site-packages/airflow/example_dags/tutorial_taskflow_api_etl_virtualenv.py took 0.044 seconds
[2022-06-17 17:28:49,132] {processor.py:153} INFO - Started process (PID=142716) to work on /home/uiliam/sandbox/lib/python3.9/site-packages/airflow/example_dags/tutorial_taskflow_api_etl_virtualenv.py
[2022-06-17 17:28:49,133] {processor.py:641} INFO - Processing file /home/uiliam/sandbox/lib/python3.9/site-packages/airflow/example_dags/tutorial_taskflow_api_etl_virtualenv.py for tasks to queue
[2022-06-17 17:28:49,134] {logging_mixin.py:115} INFO - [2022-06-17 17:28:49,133] {dagbag.py:507} INFO - Filling up the DagBag from /home/uiliam/sandbox/lib/python3.9/site-packages/airflow/example_dags/tutorial_taskflow_api_etl_virtualenv.py
[2022-06-17 17:28:49,153] {logging_mixin.py:115} INFO - [2022-06-17 17:28:49,153] {tutorial_taskflow_api_etl_virtualenv.py:29} WARNING - The tutorial_taskflow_api_etl_virtualenv example DAG requires virtualenv, please install it.
[2022-06-17 17:28:49,153] {processor.py:653} WARNING - No viable dags retrieved from /home/uiliam/sandbox/lib/python3.9/site-packages/airflow/example_dags/tutorial_taskflow_api_etl_virtualenv.py
[2022-06-17 17:28:49,175] {processor.py:161} INFO - Processing /home/uiliam/sandbox/lib/python3.9/site-packages/airflow/example_dags/tutorial_taskflow_api_etl_virtualenv.py took 0.048 seconds
[2022-06-17 17:29:20,255] {processor.py:153} INFO - Started process (PID=142918) to work on /home/uiliam/sandbox/lib/python3.9/site-packages/airflow/example_dags/tutorial_taskflow_api_etl_virtualenv.py
[2022-06-17 17:29:20,255] {processor.py:641} INFO - Processing file /home/uiliam/sandbox/lib/python3.9/site-packages/airflow/example_dags/tutorial_taskflow_api_etl_virtualenv.py for tasks to queue
[2022-06-17 17:29:20,256] {logging_mixin.py:115} INFO - [2022-06-17 17:29:20,256] {dagbag.py:507} INFO - Filling up the DagBag from /home/uiliam/sandbox/lib/python3.9/site-packages/airflow/example_dags/tutorial_taskflow_api_etl_virtualenv.py
[2022-06-17 17:29:20,275] {logging_mixin.py:115} INFO - [2022-06-17 17:29:20,274] {tutorial_taskflow_api_etl_virtualenv.py:29} WARNING - The tutorial_taskflow_api_etl_virtualenv example DAG requires virtualenv, please install it.
[2022-06-17 17:29:20,275] {processor.py:653} WARNING - No viable dags retrieved from /home/uiliam/sandbox/lib/python3.9/site-packages/airflow/example_dags/tutorial_taskflow_api_etl_virtualenv.py
[2022-06-17 17:29:20,297] {processor.py:161} INFO - Processing /home/uiliam/sandbox/lib/python3.9/site-packages/airflow/example_dags/tutorial_taskflow_api_etl_virtualenv.py took 0.046 seconds
[2022-06-17 17:29:51,305] {processor.py:153} INFO - Started process (PID=143121) to work on /home/uiliam/sandbox/lib/python3.9/site-packages/airflow/example_dags/tutorial_taskflow_api_etl_virtualenv.py
[2022-06-17 17:29:51,306] {processor.py:641} INFO - Processing file /home/uiliam/sandbox/lib/python3.9/site-packages/airflow/example_dags/tutorial_taskflow_api_etl_virtualenv.py for tasks to queue
[2022-06-17 17:29:51,306] {logging_mixin.py:115} INFO - [2022-06-17 17:29:51,306] {dagbag.py:507} INFO - Filling up the DagBag from /home/uiliam/sandbox/lib/python3.9/site-packages/airflow/example_dags/tutorial_taskflow_api_etl_virtualenv.py
[2022-06-17 17:29:51,330] {logging_mixin.py:115} INFO - [2022-06-17 17:29:51,329] {tutorial_taskflow_api_etl_virtualenv.py:29} WARNING - The tutorial_taskflow_api_etl_virtualenv example DAG requires virtualenv, please install it.
[2022-06-17 17:29:51,330] {processor.py:653} WARNING - No viable dags retrieved from /home/uiliam/sandbox/lib/python3.9/site-packages/airflow/example_dags/tutorial_taskflow_api_etl_virtualenv.py
[2022-06-17 17:29:51,355] {processor.py:161} INFO - Processing /home/uiliam/sandbox/lib/python3.9/site-packages/airflow/example_dags/tutorial_taskflow_api_etl_virtualenv.py took 0.055 seconds
[2022-06-17 17:30:22,403] {processor.py:153} INFO - Started process (PID=143279) to work on /home/uiliam/sandbox/lib/python3.9/site-packages/airflow/example_dags/tutorial_taskflow_api_etl_virtualenv.py
[2022-06-17 17:30:22,403] {processor.py:641} INFO - Processing file /home/uiliam/sandbox/lib/python3.9/site-packages/airflow/example_dags/tutorial_taskflow_api_etl_virtualenv.py for tasks to queue
[2022-06-17 17:30:22,404] {logging_mixin.py:115} INFO - [2022-06-17 17:30:22,404] {dagbag.py:507} INFO - Filling up the DagBag from /home/uiliam/sandbox/lib/python3.9/site-packages/airflow/example_dags/tutorial_taskflow_api_etl_virtualenv.py
[2022-06-17 17:30:22,419] {logging_mixin.py:115} INFO - [2022-06-17 17:30:22,419] {tutorial_taskflow_api_etl_virtualenv.py:29} WARNING - The tutorial_taskflow_api_etl_virtualenv example DAG requires virtualenv, please install it.
[2022-06-17 17:30:22,420] {processor.py:653} WARNING - No viable dags retrieved from /home/uiliam/sandbox/lib/python3.9/site-packages/airflow/example_dags/tutorial_taskflow_api_etl_virtualenv.py
[2022-06-17 17:30:22,439] {processor.py:161} INFO - Processing /home/uiliam/sandbox/lib/python3.9/site-packages/airflow/example_dags/tutorial_taskflow_api_etl_virtualenv.py took 0.040 seconds
[2022-06-17 17:30:53,333] {processor.py:153} INFO - Started process (PID=143446) to work on /home/uiliam/sandbox/lib/python3.9/site-packages/airflow/example_dags/tutorial_taskflow_api_etl_virtualenv.py
[2022-06-17 17:30:53,334] {processor.py:641} INFO - Processing file /home/uiliam/sandbox/lib/python3.9/site-packages/airflow/example_dags/tutorial_taskflow_api_etl_virtualenv.py for tasks to queue
[2022-06-17 17:30:53,335] {logging_mixin.py:115} INFO - [2022-06-17 17:30:53,335] {dagbag.py:507} INFO - Filling up the DagBag from /home/uiliam/sandbox/lib/python3.9/site-packages/airflow/example_dags/tutorial_taskflow_api_etl_virtualenv.py
[2022-06-17 17:30:53,360] {logging_mixin.py:115} INFO - [2022-06-17 17:30:53,360] {tutorial_taskflow_api_etl_virtualenv.py:29} WARNING - The tutorial_taskflow_api_etl_virtualenv example DAG requires virtualenv, please install it.
[2022-06-17 17:30:53,360] {processor.py:653} WARNING - No viable dags retrieved from /home/uiliam/sandbox/lib/python3.9/site-packages/airflow/example_dags/tutorial_taskflow_api_etl_virtualenv.py
[2022-06-17 17:30:53,382] {processor.py:161} INFO - Processing /home/uiliam/sandbox/lib/python3.9/site-packages/airflow/example_dags/tutorial_taskflow_api_etl_virtualenv.py took 0.053 seconds
[2022-06-17 17:31:24,706] {processor.py:153} INFO - Started process (PID=143722) to work on /home/uiliam/sandbox/lib/python3.9/site-packages/airflow/example_dags/tutorial_taskflow_api_etl_virtualenv.py
[2022-06-17 17:31:24,707] {processor.py:641} INFO - Processing file /home/uiliam/sandbox/lib/python3.9/site-packages/airflow/example_dags/tutorial_taskflow_api_etl_virtualenv.py for tasks to queue
[2022-06-17 17:31:24,709] {logging_mixin.py:115} INFO - [2022-06-17 17:31:24,708] {dagbag.py:507} INFO - Filling up the DagBag from /home/uiliam/sandbox/lib/python3.9/site-packages/airflow/example_dags/tutorial_taskflow_api_etl_virtualenv.py
[2022-06-17 17:31:24,746] {logging_mixin.py:115} INFO - [2022-06-17 17:31:24,746] {tutorial_taskflow_api_etl_virtualenv.py:29} WARNING - The tutorial_taskflow_api_etl_virtualenv example DAG requires virtualenv, please install it.
[2022-06-17 17:31:24,746] {processor.py:653} WARNING - No viable dags retrieved from /home/uiliam/sandbox/lib/python3.9/site-packages/airflow/example_dags/tutorial_taskflow_api_etl_virtualenv.py
[2022-06-17 17:31:24,780] {processor.py:161} INFO - Processing /home/uiliam/sandbox/lib/python3.9/site-packages/airflow/example_dags/tutorial_taskflow_api_etl_virtualenv.py took 0.082 seconds
[2022-06-17 17:31:55,331] {processor.py:153} INFO - Started process (PID=143900) to work on /home/uiliam/sandbox/lib/python3.9/site-packages/airflow/example_dags/tutorial_taskflow_api_etl_virtualenv.py
[2022-06-17 17:31:55,332] {processor.py:641} INFO - Processing file /home/uiliam/sandbox/lib/python3.9/site-packages/airflow/example_dags/tutorial_taskflow_api_etl_virtualenv.py for tasks to queue
[2022-06-17 17:31:55,333] {logging_mixin.py:115} INFO - [2022-06-17 17:31:55,333] {dagbag.py:507} INFO - Filling up the DagBag from /home/uiliam/sandbox/lib/python3.9/site-packages/airflow/example_dags/tutorial_taskflow_api_etl_virtualenv.py
[2022-06-17 17:31:55,352] {logging_mixin.py:115} INFO - [2022-06-17 17:31:55,351] {tutorial_taskflow_api_etl_virtualenv.py:29} WARNING - The tutorial_taskflow_api_etl_virtualenv example DAG requires virtualenv, please install it.
[2022-06-17 17:31:55,352] {processor.py:653} WARNING - No viable dags retrieved from /home/uiliam/sandbox/lib/python3.9/site-packages/airflow/example_dags/tutorial_taskflow_api_etl_virtualenv.py
[2022-06-17 17:31:55,374] {processor.py:161} INFO - Processing /home/uiliam/sandbox/lib/python3.9/site-packages/airflow/example_dags/tutorial_taskflow_api_etl_virtualenv.py took 0.049 seconds
[2022-06-17 17:32:25,880] {processor.py:153} INFO - Started process (PID=144080) to work on /home/uiliam/sandbox/lib/python3.9/site-packages/airflow/example_dags/tutorial_taskflow_api_etl_virtualenv.py
[2022-06-17 17:32:25,881] {processor.py:641} INFO - Processing file /home/uiliam/sandbox/lib/python3.9/site-packages/airflow/example_dags/tutorial_taskflow_api_etl_virtualenv.py for tasks to queue
[2022-06-17 17:32:25,882] {logging_mixin.py:115} INFO - [2022-06-17 17:32:25,882] {dagbag.py:507} INFO - Filling up the DagBag from /home/uiliam/sandbox/lib/python3.9/site-packages/airflow/example_dags/tutorial_taskflow_api_etl_virtualenv.py
[2022-06-17 17:32:25,900] {logging_mixin.py:115} INFO - [2022-06-17 17:32:25,899] {tutorial_taskflow_api_etl_virtualenv.py:29} WARNING - The tutorial_taskflow_api_etl_virtualenv example DAG requires virtualenv, please install it.
[2022-06-17 17:32:25,900] {processor.py:653} WARNING - No viable dags retrieved from /home/uiliam/sandbox/lib/python3.9/site-packages/airflow/example_dags/tutorial_taskflow_api_etl_virtualenv.py
[2022-06-17 17:32:25,926] {processor.py:161} INFO - Processing /home/uiliam/sandbox/lib/python3.9/site-packages/airflow/example_dags/tutorial_taskflow_api_etl_virtualenv.py took 0.049 seconds
[2022-06-17 17:32:57,361] {processor.py:153} INFO - Started process (PID=144257) to work on /home/uiliam/sandbox/lib/python3.9/site-packages/airflow/example_dags/tutorial_taskflow_api_etl_virtualenv.py
[2022-06-17 17:32:57,361] {processor.py:641} INFO - Processing file /home/uiliam/sandbox/lib/python3.9/site-packages/airflow/example_dags/tutorial_taskflow_api_etl_virtualenv.py for tasks to queue
[2022-06-17 17:32:57,362] {logging_mixin.py:115} INFO - [2022-06-17 17:32:57,362] {dagbag.py:507} INFO - Filling up the DagBag from /home/uiliam/sandbox/lib/python3.9/site-packages/airflow/example_dags/tutorial_taskflow_api_etl_virtualenv.py
[2022-06-17 17:32:57,379] {logging_mixin.py:115} INFO - [2022-06-17 17:32:57,379] {tutorial_taskflow_api_etl_virtualenv.py:29} WARNING - The tutorial_taskflow_api_etl_virtualenv example DAG requires virtualenv, please install it.
[2022-06-17 17:32:57,380] {processor.py:653} WARNING - No viable dags retrieved from /home/uiliam/sandbox/lib/python3.9/site-packages/airflow/example_dags/tutorial_taskflow_api_etl_virtualenv.py
[2022-06-17 17:32:57,399] {processor.py:161} INFO - Processing /home/uiliam/sandbox/lib/python3.9/site-packages/airflow/example_dags/tutorial_taskflow_api_etl_virtualenv.py took 0.045 seconds
[2022-06-17 17:33:28,061] {processor.py:153} INFO - Started process (PID=144434) to work on /home/uiliam/sandbox/lib/python3.9/site-packages/airflow/example_dags/tutorial_taskflow_api_etl_virtualenv.py
[2022-06-17 17:33:28,062] {processor.py:641} INFO - Processing file /home/uiliam/sandbox/lib/python3.9/site-packages/airflow/example_dags/tutorial_taskflow_api_etl_virtualenv.py for tasks to queue
[2022-06-17 17:33:28,063] {logging_mixin.py:115} INFO - [2022-06-17 17:33:28,063] {dagbag.py:507} INFO - Filling up the DagBag from /home/uiliam/sandbox/lib/python3.9/site-packages/airflow/example_dags/tutorial_taskflow_api_etl_virtualenv.py
[2022-06-17 17:33:28,082] {logging_mixin.py:115} INFO - [2022-06-17 17:33:28,082] {tutorial_taskflow_api_etl_virtualenv.py:29} WARNING - The tutorial_taskflow_api_etl_virtualenv example DAG requires virtualenv, please install it.
[2022-06-17 17:33:28,082] {processor.py:653} WARNING - No viable dags retrieved from /home/uiliam/sandbox/lib/python3.9/site-packages/airflow/example_dags/tutorial_taskflow_api_etl_virtualenv.py
[2022-06-17 17:33:28,105] {processor.py:161} INFO - Processing /home/uiliam/sandbox/lib/python3.9/site-packages/airflow/example_dags/tutorial_taskflow_api_etl_virtualenv.py took 0.049 seconds
[2022-06-17 17:33:59,685] {processor.py:153} INFO - Started process (PID=144600) to work on /home/uiliam/sandbox/lib/python3.9/site-packages/airflow/example_dags/tutorial_taskflow_api_etl_virtualenv.py
[2022-06-17 17:33:59,686] {processor.py:641} INFO - Processing file /home/uiliam/sandbox/lib/python3.9/site-packages/airflow/example_dags/tutorial_taskflow_api_etl_virtualenv.py for tasks to queue
[2022-06-17 17:33:59,686] {logging_mixin.py:115} INFO - [2022-06-17 17:33:59,686] {dagbag.py:507} INFO - Filling up the DagBag from /home/uiliam/sandbox/lib/python3.9/site-packages/airflow/example_dags/tutorial_taskflow_api_etl_virtualenv.py
[2022-06-17 17:33:59,705] {logging_mixin.py:115} INFO - [2022-06-17 17:33:59,705] {tutorial_taskflow_api_etl_virtualenv.py:29} WARNING - The tutorial_taskflow_api_etl_virtualenv example DAG requires virtualenv, please install it.
[2022-06-17 17:33:59,705] {processor.py:653} WARNING - No viable dags retrieved from /home/uiliam/sandbox/lib/python3.9/site-packages/airflow/example_dags/tutorial_taskflow_api_etl_virtualenv.py
[2022-06-17 17:33:59,729] {processor.py:161} INFO - Processing /home/uiliam/sandbox/lib/python3.9/site-packages/airflow/example_dags/tutorial_taskflow_api_etl_virtualenv.py took 0.050 seconds
[2022-06-17 17:34:30,867] {processor.py:153} INFO - Started process (PID=144981) to work on /home/uiliam/sandbox/lib/python3.9/site-packages/airflow/example_dags/tutorial_taskflow_api_etl_virtualenv.py
[2022-06-17 17:34:30,867] {processor.py:641} INFO - Processing file /home/uiliam/sandbox/lib/python3.9/site-packages/airflow/example_dags/tutorial_taskflow_api_etl_virtualenv.py for tasks to queue
[2022-06-17 17:34:30,868] {logging_mixin.py:115} INFO - [2022-06-17 17:34:30,868] {dagbag.py:507} INFO - Filling up the DagBag from /home/uiliam/sandbox/lib/python3.9/site-packages/airflow/example_dags/tutorial_taskflow_api_etl_virtualenv.py
[2022-06-17 17:34:30,887] {logging_mixin.py:115} INFO - [2022-06-17 17:34:30,887] {tutorial_taskflow_api_etl_virtualenv.py:29} WARNING - The tutorial_taskflow_api_etl_virtualenv example DAG requires virtualenv, please install it.
[2022-06-17 17:34:30,887] {processor.py:653} WARNING - No viable dags retrieved from /home/uiliam/sandbox/lib/python3.9/site-packages/airflow/example_dags/tutorial_taskflow_api_etl_virtualenv.py
[2022-06-17 17:34:30,910] {processor.py:161} INFO - Processing /home/uiliam/sandbox/lib/python3.9/site-packages/airflow/example_dags/tutorial_taskflow_api_etl_virtualenv.py took 0.048 seconds
[2022-06-17 17:35:02,452] {processor.py:153} INFO - Started process (PID=145333) to work on /home/uiliam/sandbox/lib/python3.9/site-packages/airflow/example_dags/tutorial_taskflow_api_etl_virtualenv.py
[2022-06-17 17:35:02,453] {processor.py:641} INFO - Processing file /home/uiliam/sandbox/lib/python3.9/site-packages/airflow/example_dags/tutorial_taskflow_api_etl_virtualenv.py for tasks to queue
[2022-06-17 17:35:02,453] {logging_mixin.py:115} INFO - [2022-06-17 17:35:02,453] {dagbag.py:507} INFO - Filling up the DagBag from /home/uiliam/sandbox/lib/python3.9/site-packages/airflow/example_dags/tutorial_taskflow_api_etl_virtualenv.py
[2022-06-17 17:35:02,473] {logging_mixin.py:115} INFO - [2022-06-17 17:35:02,473] {tutorial_taskflow_api_etl_virtualenv.py:29} WARNING - The tutorial_taskflow_api_etl_virtualenv example DAG requires virtualenv, please install it.
[2022-06-17 17:35:02,473] {processor.py:653} WARNING - No viable dags retrieved from /home/uiliam/sandbox/lib/python3.9/site-packages/airflow/example_dags/tutorial_taskflow_api_etl_virtualenv.py
[2022-06-17 17:35:02,497] {processor.py:161} INFO - Processing /home/uiliam/sandbox/lib/python3.9/site-packages/airflow/example_dags/tutorial_taskflow_api_etl_virtualenv.py took 0.050 seconds
[2022-06-17 17:35:33,840] {processor.py:153} INFO - Started process (PID=145652) to work on /home/uiliam/sandbox/lib/python3.9/site-packages/airflow/example_dags/tutorial_taskflow_api_etl_virtualenv.py
[2022-06-17 17:35:33,840] {processor.py:641} INFO - Processing file /home/uiliam/sandbox/lib/python3.9/site-packages/airflow/example_dags/tutorial_taskflow_api_etl_virtualenv.py for tasks to queue
[2022-06-17 17:35:33,841] {logging_mixin.py:115} INFO - [2022-06-17 17:35:33,841] {dagbag.py:507} INFO - Filling up the DagBag from /home/uiliam/sandbox/lib/python3.9/site-packages/airflow/example_dags/tutorial_taskflow_api_etl_virtualenv.py
[2022-06-17 17:35:33,866] {logging_mixin.py:115} INFO - [2022-06-17 17:35:33,866] {tutorial_taskflow_api_etl_virtualenv.py:29} WARNING - The tutorial_taskflow_api_etl_virtualenv example DAG requires virtualenv, please install it.
[2022-06-17 17:35:33,867] {processor.py:653} WARNING - No viable dags retrieved from /home/uiliam/sandbox/lib/python3.9/site-packages/airflow/example_dags/tutorial_taskflow_api_etl_virtualenv.py
[2022-06-17 17:35:33,889] {processor.py:161} INFO - Processing /home/uiliam/sandbox/lib/python3.9/site-packages/airflow/example_dags/tutorial_taskflow_api_etl_virtualenv.py took 0.055 seconds
[2022-06-17 17:36:05,186] {processor.py:153} INFO - Started process (PID=145991) to work on /home/uiliam/sandbox/lib/python3.9/site-packages/airflow/example_dags/tutorial_taskflow_api_etl_virtualenv.py
[2022-06-17 17:36:05,187] {processor.py:641} INFO - Processing file /home/uiliam/sandbox/lib/python3.9/site-packages/airflow/example_dags/tutorial_taskflow_api_etl_virtualenv.py for tasks to queue
[2022-06-17 17:36:05,188] {logging_mixin.py:115} INFO - [2022-06-17 17:36:05,188] {dagbag.py:507} INFO - Filling up the DagBag from /home/uiliam/sandbox/lib/python3.9/site-packages/airflow/example_dags/tutorial_taskflow_api_etl_virtualenv.py
[2022-06-17 17:36:05,209] {logging_mixin.py:115} INFO - [2022-06-17 17:36:05,209] {tutorial_taskflow_api_etl_virtualenv.py:29} WARNING - The tutorial_taskflow_api_etl_virtualenv example DAG requires virtualenv, please install it.
[2022-06-17 17:36:05,209] {processor.py:653} WARNING - No viable dags retrieved from /home/uiliam/sandbox/lib/python3.9/site-packages/airflow/example_dags/tutorial_taskflow_api_etl_virtualenv.py
[2022-06-17 17:36:05,234] {processor.py:161} INFO - Processing /home/uiliam/sandbox/lib/python3.9/site-packages/airflow/example_dags/tutorial_taskflow_api_etl_virtualenv.py took 0.053 seconds
