[2022-06-05 00:38:09,516] {taskinstance.py:1160} INFO - Dependencies all met for <TaskInstance: census.criar_table scheduled__2022-06-05T01:03:06.051317+00:00 [queued]>
[2022-06-05 00:38:09,549] {taskinstance.py:1160} INFO - Dependencies all met for <TaskInstance: census.criar_table scheduled__2022-06-05T01:03:06.051317+00:00 [queued]>
[2022-06-05 00:38:09,549] {taskinstance.py:1357} INFO - 
--------------------------------------------------------------------------------
[2022-06-05 00:38:09,549] {taskinstance.py:1358} INFO - Starting attempt 1 of 1
[2022-06-05 00:38:09,549] {taskinstance.py:1359} INFO - 
--------------------------------------------------------------------------------
[2022-06-05 00:38:09,618] {taskinstance.py:1378} INFO - Executing <Task(PostgresOperator): criar_table> on 2022-06-05 01:03:06.051317+00:00
[2022-06-05 00:38:09,632] {standard_task_runner.py:52} INFO - Started process 20063 to run task
[2022-06-05 00:38:09,649] {standard_task_runner.py:79} INFO - Running: ['airflow', 'tasks', 'run', 'census', 'criar_table', 'scheduled__2022-06-05T01:03:06.051317+00:00', '--job-id', '511', '--raw', '--subdir', 'DAGS_FOLDER/dag.py', '--cfg-path', '/tmp/tmpqi5_9u6b', '--error-file', '/tmp/tmpw_l5zmmk']
[2022-06-05 00:38:09,649] {standard_task_runner.py:80} INFO - Job 511: Subtask criar_table
[2022-06-05 00:38:09,769] {task_command.py:370} INFO - Running <TaskInstance: census.criar_table scheduled__2022-06-05T01:03:06.051317+00:00 [running]> on host uiliam-Vostro-15-3515
[2022-06-05 00:38:09,931] {taskinstance.py:1570} INFO - Exporting the following env vars:
AIRFLOW_CTX_DAG_OWNER=airflow
AIRFLOW_CTX_DAG_ID=census
AIRFLOW_CTX_TASK_ID=criar_table
AIRFLOW_CTX_EXECUTION_DATE=2022-06-05T01:03:06.051317+00:00
AIRFLOW_CTX_TRY_NUMBER=1
AIRFLOW_CTX_DAG_RUN_ID=scheduled__2022-06-05T01:03:06.051317+00:00
[2022-06-05 00:38:09,994] {base.py:68} INFO - Using connection ID '***_default' for task execution.
[2022-06-05 00:38:10,028] {dbapi.py:213} INFO - Running statement: 
            DROP TABLE IF EXISTS census;
            CREATE TABLE census (
                id_census             SERIAL PRIMARY KEY,
                age                   INT,
                workclass             VARCHAR(20),
                fnlwgt                FLOAT,
                education             VARCHAR(20),
                education_num         INT,
                marital_status        VARCHAR(30),
                occupation            VARCHAR(20),
                relationship          VARCHAR(30),
                race                  VARCHAR(30),
                sex                   VARCHAR(10),
                capital_gain          FLOAT,
                capital_loss          FLOAT,
                hours_per_week        INT,
                native_country        VARCHAR(30),
                class                 VARCHAR(10)
                )
        , parameters: None
[2022-06-05 00:38:10,101] {taskinstance.py:1396} INFO - Marking task as SUCCESS. dag_id=census, task_id=criar_table, execution_date=20220605T010306, start_date=20220605T033809, end_date=20220605T033810
[2022-06-05 00:38:10,189] {local_task_job.py:156} INFO - Task exited with return code 0
[2022-06-05 00:38:10,455] {local_task_job.py:273} INFO - 1 downstream tasks scheduled from follow-on schedule check
