[2022-06-05 09:54:39,387] {taskinstance.py:1160} INFO - Dependencies all met for <TaskInstance: census.populate_table scheduled__2022-06-05T12:53:20.646745+00:00 [queued]>
[2022-06-05 09:54:39,398] {taskinstance.py:1160} INFO - Dependencies all met for <TaskInstance: census.populate_table scheduled__2022-06-05T12:53:20.646745+00:00 [queued]>
[2022-06-05 09:54:39,399] {taskinstance.py:1357} INFO - 
--------------------------------------------------------------------------------
[2022-06-05 09:54:39,399] {taskinstance.py:1358} INFO - Starting attempt 1 of 1
[2022-06-05 09:54:39,399] {taskinstance.py:1359} INFO - 
--------------------------------------------------------------------------------
[2022-06-05 09:54:39,416] {taskinstance.py:1378} INFO - Executing <Task(PythonOperator): populate_table> on 2022-06-05 12:53:20.646745+00:00
[2022-06-05 09:54:39,420] {standard_task_runner.py:52} INFO - Started process 49311 to run task
[2022-06-05 09:54:39,424] {standard_task_runner.py:79} INFO - Running: ['airflow', 'tasks', 'run', 'census', 'populate_table', 'scheduled__2022-06-05T12:53:20.646745+00:00', '--job-id', '828', '--raw', '--subdir', 'DAGS_FOLDER/dag.py', '--cfg-path', '/tmp/tmpcl1xt9fa', '--error-file', '/tmp/tmpeepxv34e']
[2022-06-05 09:54:39,424] {standard_task_runner.py:80} INFO - Job 828: Subtask populate_table
[2022-06-05 09:54:39,483] {task_command.py:370} INFO - Running <TaskInstance: census.populate_table scheduled__2022-06-05T12:53:20.646745+00:00 [running]> on host uiliam-Vostro-15-3515
[2022-06-05 09:54:39,560] {taskinstance.py:1570} INFO - Exporting the following env vars:
AIRFLOW_CTX_DAG_OWNER=airflow
AIRFLOW_CTX_DAG_ID=census
AIRFLOW_CTX_TASK_ID=populate_table
AIRFLOW_CTX_EXECUTION_DATE=2022-06-05T12:53:20.646745+00:00
AIRFLOW_CTX_TRY_NUMBER=1
AIRFLOW_CTX_DAG_RUN_ID=scheduled__2022-06-05T12:53:20.646745+00:00
[2022-06-05 09:54:39,564] {logging_mixin.py:115} INFO - <_io.TextIOWrapper name='teste_uiliam.csv' mode='r' encoding='UTF-8'>
[2022-06-05 09:54:39,581] {python.py:173} INFO - Done. Returned value was: None
[2022-06-05 09:54:39,599] {taskinstance.py:1396} INFO - Marking task as SUCCESS. dag_id=census, task_id=populate_table, execution_date=20220605T125320, start_date=20220605T125439, end_date=20220605T125439
[2022-06-05 09:54:39,635] {local_task_job.py:156} INFO - Task exited with return code 0
[2022-06-05 09:54:39,677] {local_task_job.py:273} INFO - 0 downstream tasks scheduled from follow-on schedule check
