[2022-06-05 00:43:47,859] {taskinstance.py:1160} INFO - Dependencies all met for <TaskInstance: census.criar_table scheduled__2022-06-05T02:00:00+00:00 [queued]>
[2022-06-05 00:43:47,877] {taskinstance.py:1160} INFO - Dependencies all met for <TaskInstance: census.criar_table scheduled__2022-06-05T02:00:00+00:00 [queued]>
[2022-06-05 00:43:47,877] {taskinstance.py:1357} INFO - 
--------------------------------------------------------------------------------
[2022-06-05 00:43:47,877] {taskinstance.py:1358} INFO - Starting attempt 1 of 1
[2022-06-05 00:43:47,877] {taskinstance.py:1359} INFO - 
--------------------------------------------------------------------------------
[2022-06-05 00:43:47,899] {taskinstance.py:1378} INFO - Executing <Task(PostgresOperator): criar_table> on 2022-06-05 02:00:00+00:00
[2022-06-05 00:43:47,911] {standard_task_runner.py:52} INFO - Started process 31814 to run task
[2022-06-05 00:43:47,918] {standard_task_runner.py:79} INFO - Running: ['airflow', 'tasks', 'run', 'census', 'criar_table', 'scheduled__2022-06-05T02:00:00+00:00', '--job-id', '765', '--raw', '--subdir', 'DAGS_FOLDER/dag.py', '--cfg-path', '/tmp/tmp21hk84v7', '--error-file', '/tmp/tmpdje3__1r']
[2022-06-05 00:43:47,919] {standard_task_runner.py:80} INFO - Job 765: Subtask criar_table
[2022-06-05 00:43:48,007] {task_command.py:370} INFO - Running <TaskInstance: census.criar_table scheduled__2022-06-05T02:00:00+00:00 [running]> on host uiliam-Vostro-15-3515
[2022-06-05 00:43:48,132] {taskinstance.py:1570} INFO - Exporting the following env vars:
AIRFLOW_CTX_DAG_OWNER=airflow
AIRFLOW_CTX_DAG_ID=census
AIRFLOW_CTX_TASK_ID=criar_table
AIRFLOW_CTX_EXECUTION_DATE=2022-06-05T02:00:00+00:00
AIRFLOW_CTX_TRY_NUMBER=1
AIRFLOW_CTX_DAG_RUN_ID=scheduled__2022-06-05T02:00:00+00:00
[2022-06-05 00:43:48,152] {base.py:68} INFO - Using connection ID '***_default' for task execution.
[2022-06-05 00:43:48,158] {dbapi.py:213} INFO - Running statement: 
            DROP TABLE IF EXISTS census;
            CREATE TABLE census (
                id_census             SERIAL PRIMARY KEY,
                age                   INT,
                workclass             VARCHAR(20),
                fnlwgt                FLOAT,
                education             VARCHAR(20),
                education_num         INT,
                marital_status        VARCHAR(30),
                occupation            VARCHAR(20),
                relationship          VARCHAR(30),
                race                  VARCHAR(30),
                sex                   VARCHAR(10),
                capital_gain          FLOAT,
                capital_loss          FLOAT,
                hours_per_week        INT,
                native_country        VARCHAR(30),
                class                 VARCHAR(10)
                )
        , parameters: None
[2022-06-05 00:43:48,194] {taskinstance.py:1396} INFO - Marking task as SUCCESS. dag_id=census, task_id=criar_table, execution_date=20220605T020000, start_date=20220605T034347, end_date=20220605T034348
[2022-06-05 00:43:48,252] {local_task_job.py:156} INFO - Task exited with return code 0
[2022-06-05 00:43:48,324] {local_task_job.py:273} INFO - 1 downstream tasks scheduled from follow-on schedule check
[2022-06-05 00:50:29,824] {taskinstance.py:1160} INFO - Dependencies all met for <TaskInstance: census.criar_table scheduled__2022-06-05T02:00:00+00:00 [queued]>
[2022-06-05 00:50:29,843] {taskinstance.py:1160} INFO - Dependencies all met for <TaskInstance: census.criar_table scheduled__2022-06-05T02:00:00+00:00 [queued]>
[2022-06-05 00:50:29,843] {taskinstance.py:1357} INFO - 
--------------------------------------------------------------------------------
[2022-06-05 00:50:29,844] {taskinstance.py:1358} INFO - Starting attempt 1 of 1
[2022-06-05 00:50:29,844] {taskinstance.py:1359} INFO - 
--------------------------------------------------------------------------------
[2022-06-05 00:50:29,868] {taskinstance.py:1378} INFO - Executing <Task(PostgresOperator): criar_table> on 2022-06-05 02:00:00+00:00
[2022-06-05 00:50:29,879] {standard_task_runner.py:52} INFO - Started process 34306 to run task
[2022-06-05 00:50:29,885] {standard_task_runner.py:79} INFO - Running: ['airflow', 'tasks', 'run', 'census', 'criar_table', 'scheduled__2022-06-05T02:00:00+00:00', '--job-id', '773', '--raw', '--subdir', 'DAGS_FOLDER/dag.py', '--cfg-path', '/tmp/tmpa3r3n7nf', '--error-file', '/tmp/tmp96_nttez']
[2022-06-05 00:50:29,885] {standard_task_runner.py:80} INFO - Job 773: Subtask criar_table
[2022-06-05 00:50:29,962] {task_command.py:370} INFO - Running <TaskInstance: census.criar_table scheduled__2022-06-05T02:00:00+00:00 [running]> on host uiliam-Vostro-15-3515
[2022-06-05 00:50:30,068] {taskinstance.py:1570} INFO - Exporting the following env vars:
AIRFLOW_CTX_DAG_OWNER=airflow
AIRFLOW_CTX_DAG_ID=census
AIRFLOW_CTX_TASK_ID=criar_table
AIRFLOW_CTX_EXECUTION_DATE=2022-06-05T02:00:00+00:00
AIRFLOW_CTX_TRY_NUMBER=1
AIRFLOW_CTX_DAG_RUN_ID=scheduled__2022-06-05T02:00:00+00:00
[2022-06-05 00:50:30,082] {base.py:68} INFO - Using connection ID '***_default' for task execution.
[2022-06-05 00:50:30,088] {dbapi.py:213} INFO - Running statement: 
            DROP TABLE IF EXISTS census;
            CREATE TABLE census (
                id_census             SERIAL PRIMARY KEY,
                age                   INT,
                workclass             VARCHAR(20),
                fnlwgt                FLOAT,
                education             VARCHAR(20),
                education_num         INT,
                marital_status        VARCHAR(30),
                occupation            VARCHAR(20),
                relationship          VARCHAR(30),
                race                  VARCHAR(30),
                sex                   VARCHAR(10),
                capital_gain          FLOAT,
                capital_loss          FLOAT,
                hours_per_week        INT,
                native_country        VARCHAR(30),
                class                 VARCHAR(10)
                )
        , parameters: None
[2022-06-05 00:50:30,120] {taskinstance.py:1396} INFO - Marking task as SUCCESS. dag_id=census, task_id=criar_table, execution_date=20220605T020000, start_date=20220605T035029, end_date=20220605T035030
[2022-06-05 00:50:30,177] {local_task_job.py:156} INFO - Task exited with return code 0
[2022-06-05 00:50:30,237] {local_task_job.py:273} INFO - 1 downstream tasks scheduled from follow-on schedule check
