[2022-06-05 21:52:48,975] {taskinstance.py:1160} INFO - Dependencies all met for <TaskInstance: census.populate_table scheduled__2022-06-06T00:52:10.461924+00:00 [queued]>
[2022-06-05 21:52:48,995] {taskinstance.py:1160} INFO - Dependencies all met for <TaskInstance: census.populate_table scheduled__2022-06-06T00:52:10.461924+00:00 [queued]>
[2022-06-05 21:52:48,995] {taskinstance.py:1357} INFO - 
--------------------------------------------------------------------------------
[2022-06-05 21:52:48,996] {taskinstance.py:1358} INFO - Starting attempt 1 of 1
[2022-06-05 21:52:48,996] {taskinstance.py:1359} INFO - 
--------------------------------------------------------------------------------
[2022-06-05 21:52:49,023] {taskinstance.py:1378} INFO - Executing <Task(PythonOperator): populate_table> on 2022-06-06 00:52:10.461924+00:00
[2022-06-05 21:52:49,034] {standard_task_runner.py:52} INFO - Started process 25913 to run task
[2022-06-05 21:52:49,038] {standard_task_runner.py:79} INFO - Running: ['airflow', 'tasks', 'run', 'census', 'populate_table', 'scheduled__2022-06-06T00:52:10.461924+00:00', '--job-id', '1171', '--raw', '--subdir', 'DAGS_FOLDER/dag.py', '--cfg-path', '/tmp/tmp4es4j0r9', '--error-file', '/tmp/tmpidjn_hwv']
[2022-06-05 21:52:49,039] {standard_task_runner.py:80} INFO - Job 1171: Subtask populate_table
[2022-06-05 21:52:49,124] {task_command.py:370} INFO - Running <TaskInstance: census.populate_table scheduled__2022-06-06T00:52:10.461924+00:00 [running]> on host uiliam-Vostro-15-3515
[2022-06-05 21:52:49,237] {taskinstance.py:1570} INFO - Exporting the following env vars:
AIRFLOW_CTX_DAG_OWNER=airflow
AIRFLOW_CTX_DAG_ID=census
AIRFLOW_CTX_TASK_ID=populate_table
AIRFLOW_CTX_EXECUTION_DATE=2022-06-06T00:52:10.461924+00:00
AIRFLOW_CTX_TRY_NUMBER=1
AIRFLOW_CTX_DAG_RUN_ID=scheduled__2022-06-06T00:52:10.461924+00:00
[2022-06-05 21:52:49,896] {python.py:173} INFO - Done. Returned value was: None
[2022-06-05 21:52:49,919] {taskinstance.py:1396} INFO - Marking task as SUCCESS. dag_id=census, task_id=populate_table, execution_date=20220606T005210, start_date=20220606T005248, end_date=20220606T005249
[2022-06-05 21:52:49,973] {local_task_job.py:156} INFO - Task exited with return code 0
[2022-06-05 21:52:50,022] {local_task_job.py:273} INFO - 0 downstream tasks scheduled from follow-on schedule check
