[2022-06-20 23:02:26,835] {taskinstance.py:1160} INFO - Dependencies all met for <TaskInstance: sales.load_stages scheduled__2022-06-20T00:00:00+00:00 [queued]>
[2022-06-20 23:02:26,850] {taskinstance.py:1160} INFO - Dependencies all met for <TaskInstance: sales.load_stages scheduled__2022-06-20T00:00:00+00:00 [queued]>
[2022-06-20 23:02:26,850] {taskinstance.py:1357} INFO - 
--------------------------------------------------------------------------------
[2022-06-20 23:02:26,850] {taskinstance.py:1358} INFO - Starting attempt 1 of 1
[2022-06-20 23:02:26,851] {taskinstance.py:1359} INFO - 
--------------------------------------------------------------------------------
[2022-06-20 23:02:26,863] {taskinstance.py:1378} INFO - Executing <Task(PythonOperator): load_stages> on 2022-06-20 00:00:00+00:00
[2022-06-20 23:02:26,868] {standard_task_runner.py:52} INFO - Started process 8886 to run task
[2022-06-20 23:02:26,872] {standard_task_runner.py:79} INFO - Running: ['airflow', 'tasks', 'run', 'sales', 'load_stages', 'scheduled__2022-06-20T00:00:00+00:00', '--job-id', '520', '--raw', '--subdir', 'DAGS_FOLDER/sales.py', '--cfg-path', '/tmp/tmptbac8716', '--error-file', '/tmp/tmpkwgit67k']
[2022-06-20 23:02:26,873] {standard_task_runner.py:80} INFO - Job 520: Subtask load_stages
[2022-06-20 23:02:26,934] {task_command.py:370} INFO - Running <TaskInstance: sales.load_stages scheduled__2022-06-20T00:00:00+00:00 [running]> on host uiliam-Vostro-15-3515
[2022-06-20 23:02:27,022] {taskinstance.py:1570} INFO - Exporting the following env vars:
AIRFLOW_CTX_DAG_OWNER=airflow
AIRFLOW_CTX_DAG_ID=sales
AIRFLOW_CTX_TASK_ID=load_stages
AIRFLOW_CTX_EXECUTION_DATE=2022-06-20T00:00:00+00:00
AIRFLOW_CTX_TRY_NUMBER=1
AIRFLOW_CTX_DAG_RUN_ID=scheduled__2022-06-20T00:00:00+00:00
[2022-06-20 23:02:27,089] {logging_mixin.py:115} INFO -     employeenumber   lastname firstname extension                            email              jobtitle
0             1370  Hernandez    Gerard     x2028   ghernande@classicmodelcars.com             Sales Rep
1             1286      Tseng  Foon Yue     x2248      ftseng@classicmodelcars.com             Sales Rep
2             1619       King       Tom      x103       tking@classicmodelcars.com             Sales Rep
3             1102     Bondur    Gerard     x5408     gbondur@classicmodelcars.com   Sale Manager (EMEA)
4             1056  Patterson      Mary     x4611   mpatterso@classicmodelcars.com              VP Sales
5             1002     Murphy     Diane     x5800     dmurphy@classicmodelcars.com             President
6             1625       Kato   Yoshimi      x102       ykato@classicmodelcars.com             Sales Rep
7             1088  Patterson   William     x4871  wpatterson@classicmodelcars.com  Sales Manager (APAC)
8             1611     Fixter      Andy      x101     afixter@classicmodelcars.com             Sales Rep
9             1621      Nishi      Mami      x101      mnishi@classicmodelcars.com             Sales Rep
10            1504      Jones     Barry      x102      bjones@classicmodelcars.com             Sales Rep
11            1702     Gerard    Martin     x2312     mgerard@classicmodelcars.com             Sales Rep
12            1216  Patterson     Steve     x4334  spatterson@classicmodelcars.com             Sales Rep
13            1076   Firrelli      Jeff     x9273   jfirrelli@classicmodelcars.com          VP Marketing
14            1501       Bott     Larry     x2311       lbott@classicmodelcars.com             Sales Rep
15            1165   Jennings    Leslie     x3291   ljennings@classicmodelcars.com             Sales Rep
16            1612      Marsh     Peter      x102      pmarsh@classicmodelcars.com             Sales Rep
17            1166   Thompson    Leslie     x4065   lthompson@classicmodelcars.com             Sales Rep
18            1323     Vanauf    George     x4102     gvanauf@classicmodelcars.com             Sales Rep
19            1401   Castillo    Pamela     x2759   pcastillo@classicmodelcars.com             Sales Rep
20            1188   Firrelli     Julie     x2173   jfirrelli@classicmodelcars.com             Sales Rep
21            1337     Bondur      Loui     x6493     lbondur@classicmodelcars.com             Sales Rep
22            1143        Bow   Anthony     x5428        abow@classicmodelcars.com    Sales Manager (NA)
[2022-06-20 23:02:27,817] {logging_mixin.py:115} INFO -    employeenumber   lastname firstname                           email             jobtitle
0            1370  Hernandez    Gerard  ghernande@classicmodelcars.com            Sales Rep
1            1286      Tseng  Foon Yue     ftseng@classicmodelcars.com            Sales Rep
2            1619       King       Tom      tking@classicmodelcars.com            Sales Rep
3            1102     Bondur    Gerard    gbondur@classicmodelcars.com  Sale Manager (EMEA)
4            1056  Patterson      Mary  mpatterso@classicmodelcars.com             VP Sales
[2022-06-20 23:02:27,819] {python.py:173} INFO - Done. Returned value was: None
[2022-06-20 23:02:27,835] {taskinstance.py:1396} INFO - Marking task as SUCCESS. dag_id=sales, task_id=load_stages, execution_date=20220620T000000, start_date=20220621T020226, end_date=20220621T020227
[2022-06-20 23:02:28,005] {local_task_job.py:156} INFO - Task exited with return code 0
[2022-06-20 23:02:28,068] {local_task_job.py:273} INFO - 5 downstream tasks scheduled from follow-on schedule check
[2022-06-21 01:35:34,210] {taskinstance.py:1160} INFO - Dependencies all met for <TaskInstance: sales.load_stages scheduled__2022-06-20T00:00:00+00:00 [queued]>
[2022-06-21 01:35:34,236] {taskinstance.py:1160} INFO - Dependencies all met for <TaskInstance: sales.load_stages scheduled__2022-06-20T00:00:00+00:00 [queued]>
[2022-06-21 01:35:34,236] {taskinstance.py:1357} INFO - 
--------------------------------------------------------------------------------
[2022-06-21 01:35:34,236] {taskinstance.py:1358} INFO - Starting attempt 1 of 1
[2022-06-21 01:35:34,237] {taskinstance.py:1359} INFO - 
--------------------------------------------------------------------------------
[2022-06-21 01:35:34,257] {taskinstance.py:1378} INFO - Executing <Task(PythonOperator): load_stages> on 2022-06-20 00:00:00+00:00
[2022-06-21 01:35:34,267] {standard_task_runner.py:52} INFO - Started process 24656 to run task
[2022-06-21 01:35:34,271] {standard_task_runner.py:79} INFO - Running: ['airflow', 'tasks', 'run', 'sales', 'load_stages', 'scheduled__2022-06-20T00:00:00+00:00', '--job-id', '540', '--raw', '--subdir', 'DAGS_FOLDER/sales.py', '--cfg-path', '/tmp/tmp9qbyezkm', '--error-file', '/tmp/tmp40f9k4d2']
[2022-06-21 01:35:34,272] {standard_task_runner.py:80} INFO - Job 540: Subtask load_stages
[2022-06-21 01:35:34,357] {task_command.py:370} INFO - Running <TaskInstance: sales.load_stages scheduled__2022-06-20T00:00:00+00:00 [running]> on host uiliam-Vostro-15-3515
[2022-06-21 01:35:34,466] {taskinstance.py:1570} INFO - Exporting the following env vars:
AIRFLOW_CTX_DAG_OWNER=airflow
AIRFLOW_CTX_DAG_ID=sales
AIRFLOW_CTX_TASK_ID=load_stages
AIRFLOW_CTX_EXECUTION_DATE=2022-06-20T00:00:00+00:00
AIRFLOW_CTX_TRY_NUMBER=1
AIRFLOW_CTX_DAG_RUN_ID=scheduled__2022-06-20T00:00:00+00:00
[2022-06-21 01:35:34,544] {logging_mixin.py:115} INFO -     employeenumber   lastname firstname extension                            email              jobtitle
0             1370  Hernandez    Gerard     x2028   ghernande@classicmodelcars.com             Sales Rep
1             1286      Tseng  Foon Yue     x2248      ftseng@classicmodelcars.com             Sales Rep
2             1619       King       Tom      x103       tking@classicmodelcars.com             Sales Rep
3             1102     Bondur    Gerard     x5408     gbondur@classicmodelcars.com   Sale Manager (EMEA)
4             1056  Patterson      Mary     x4611   mpatterso@classicmodelcars.com              VP Sales
5             1002     Murphy     Diane     x5800     dmurphy@classicmodelcars.com             President
6             1625       Kato   Yoshimi      x102       ykato@classicmodelcars.com             Sales Rep
7             1088  Patterson   William     x4871  wpatterson@classicmodelcars.com  Sales Manager (APAC)
8             1611     Fixter      Andy      x101     afixter@classicmodelcars.com             Sales Rep
9             1621      Nishi      Mami      x101      mnishi@classicmodelcars.com             Sales Rep
10            1504      Jones     Barry      x102      bjones@classicmodelcars.com             Sales Rep
11            1702     Gerard    Martin     x2312     mgerard@classicmodelcars.com             Sales Rep
12            1216  Patterson     Steve     x4334  spatterson@classicmodelcars.com             Sales Rep
13            1076   Firrelli      Jeff     x9273   jfirrelli@classicmodelcars.com          VP Marketing
14            1501       Bott     Larry     x2311       lbott@classicmodelcars.com             Sales Rep
15            1165   Jennings    Leslie     x3291   ljennings@classicmodelcars.com             Sales Rep
16            1612      Marsh     Peter      x102      pmarsh@classicmodelcars.com             Sales Rep
17            1166   Thompson    Leslie     x4065   lthompson@classicmodelcars.com             Sales Rep
18            1323     Vanauf    George     x4102     gvanauf@classicmodelcars.com             Sales Rep
19            1401   Castillo    Pamela     x2759   pcastillo@classicmodelcars.com             Sales Rep
20            1188   Firrelli     Julie     x2173   jfirrelli@classicmodelcars.com             Sales Rep
21            1337     Bondur      Loui     x6493     lbondur@classicmodelcars.com             Sales Rep
22            1143        Bow   Anthony     x5428        abow@classicmodelcars.com    Sales Manager (NA)
[2022-06-21 01:35:35,456] {logging_mixin.py:115} INFO -    employeenumber   lastname firstname                           email             jobtitle
0            1370  Hernandez    Gerard  ghernande@classicmodelcars.com            Sales Rep
1            1286      Tseng  Foon Yue     ftseng@classicmodelcars.com            Sales Rep
2            1619       King       Tom      tking@classicmodelcars.com            Sales Rep
3            1102     Bondur    Gerard    gbondur@classicmodelcars.com  Sale Manager (EMEA)
4            1056  Patterson      Mary  mpatterso@classicmodelcars.com             VP Sales
[2022-06-21 01:35:35,459] {python.py:173} INFO - Done. Returned value was: None
[2022-06-21 01:35:35,481] {taskinstance.py:1396} INFO - Marking task as SUCCESS. dag_id=sales, task_id=load_stages, execution_date=20220620T000000, start_date=20220621T043534, end_date=20220621T043535
[2022-06-21 01:35:35,769] {local_task_job.py:156} INFO - Task exited with return code 0
[2022-06-21 01:35:35,842] {local_task_job.py:273} INFO - 5 downstream tasks scheduled from follow-on schedule check
[2022-06-21 01:39:08,882] {taskinstance.py:1160} INFO - Dependencies all met for <TaskInstance: sales.load_stages scheduled__2022-06-20T00:00:00+00:00 [queued]>
[2022-06-21 01:39:08,903] {taskinstance.py:1160} INFO - Dependencies all met for <TaskInstance: sales.load_stages scheduled__2022-06-20T00:00:00+00:00 [queued]>
[2022-06-21 01:39:08,903] {taskinstance.py:1357} INFO - 
--------------------------------------------------------------------------------
[2022-06-21 01:39:08,903] {taskinstance.py:1358} INFO - Starting attempt 1 of 1
[2022-06-21 01:39:08,903] {taskinstance.py:1359} INFO - 
--------------------------------------------------------------------------------
[2022-06-21 01:39:08,939] {taskinstance.py:1378} INFO - Executing <Task(PythonOperator): load_stages> on 2022-06-20 00:00:00+00:00
[2022-06-21 01:39:08,953] {standard_task_runner.py:52} INFO - Started process 26627 to run task
[2022-06-21 01:39:08,960] {standard_task_runner.py:79} INFO - Running: ['airflow', 'tasks', 'run', 'sales', 'load_stages', 'scheduled__2022-06-20T00:00:00+00:00', '--job-id', '556', '--raw', '--subdir', 'DAGS_FOLDER/sales.py', '--cfg-path', '/tmp/tmpies5288b', '--error-file', '/tmp/tmpoghl7ygt']
[2022-06-21 01:39:08,961] {standard_task_runner.py:80} INFO - Job 556: Subtask load_stages
[2022-06-21 01:39:09,062] {task_command.py:370} INFO - Running <TaskInstance: sales.load_stages scheduled__2022-06-20T00:00:00+00:00 [running]> on host uiliam-Vostro-15-3515
[2022-06-21 01:39:09,182] {taskinstance.py:1570} INFO - Exporting the following env vars:
AIRFLOW_CTX_DAG_OWNER=airflow
AIRFLOW_CTX_DAG_ID=sales
AIRFLOW_CTX_TASK_ID=load_stages
AIRFLOW_CTX_EXECUTION_DATE=2022-06-20T00:00:00+00:00
AIRFLOW_CTX_TRY_NUMBER=1
AIRFLOW_CTX_DAG_RUN_ID=scheduled__2022-06-20T00:00:00+00:00
[2022-06-21 01:39:09,260] {logging_mixin.py:115} INFO -     employeenumber   lastname firstname extension                            email              jobtitle
0             1370  Hernandez    Gerard     x2028   ghernande@classicmodelcars.com             Sales Rep
1             1286      Tseng  Foon Yue     x2248      ftseng@classicmodelcars.com             Sales Rep
2             1619       King       Tom      x103       tking@classicmodelcars.com             Sales Rep
3             1102     Bondur    Gerard     x5408     gbondur@classicmodelcars.com   Sale Manager (EMEA)
4             1056  Patterson      Mary     x4611   mpatterso@classicmodelcars.com              VP Sales
5             1002     Murphy     Diane     x5800     dmurphy@classicmodelcars.com             President
6             1625       Kato   Yoshimi      x102       ykato@classicmodelcars.com             Sales Rep
7             1088  Patterson   William     x4871  wpatterson@classicmodelcars.com  Sales Manager (APAC)
8             1611     Fixter      Andy      x101     afixter@classicmodelcars.com             Sales Rep
9             1621      Nishi      Mami      x101      mnishi@classicmodelcars.com             Sales Rep
10            1504      Jones     Barry      x102      bjones@classicmodelcars.com             Sales Rep
11            1702     Gerard    Martin     x2312     mgerard@classicmodelcars.com             Sales Rep
12            1216  Patterson     Steve     x4334  spatterson@classicmodelcars.com             Sales Rep
13            1076   Firrelli      Jeff     x9273   jfirrelli@classicmodelcars.com          VP Marketing
14            1501       Bott     Larry     x2311       lbott@classicmodelcars.com             Sales Rep
15            1165   Jennings    Leslie     x3291   ljennings@classicmodelcars.com             Sales Rep
16            1612      Marsh     Peter      x102      pmarsh@classicmodelcars.com             Sales Rep
17            1166   Thompson    Leslie     x4065   lthompson@classicmodelcars.com             Sales Rep
18            1323     Vanauf    George     x4102     gvanauf@classicmodelcars.com             Sales Rep
19            1401   Castillo    Pamela     x2759   pcastillo@classicmodelcars.com             Sales Rep
20            1188   Firrelli     Julie     x2173   jfirrelli@classicmodelcars.com             Sales Rep
21            1337     Bondur      Loui     x6493     lbondur@classicmodelcars.com             Sales Rep
22            1143        Bow   Anthony     x5428        abow@classicmodelcars.com    Sales Manager (NA)
[2022-06-21 01:39:10,153] {logging_mixin.py:115} INFO -    employeenumber   lastname firstname                           email             jobtitle
0            1370  Hernandez    Gerard  ghernande@classicmodelcars.com            Sales Rep
1            1286      Tseng  Foon Yue     ftseng@classicmodelcars.com            Sales Rep
2            1619       King       Tom      tking@classicmodelcars.com            Sales Rep
3            1102     Bondur    Gerard    gbondur@classicmodelcars.com  Sale Manager (EMEA)
4            1056  Patterson      Mary  mpatterso@classicmodelcars.com             VP Sales
[2022-06-21 01:39:10,155] {python.py:173} INFO - Done. Returned value was: None
[2022-06-21 01:39:10,180] {taskinstance.py:1396} INFO - Marking task as SUCCESS. dag_id=sales, task_id=load_stages, execution_date=20220620T000000, start_date=20220621T043908, end_date=20220621T043910
[2022-06-21 01:39:10,498] {local_task_job.py:156} INFO - Task exited with return code 0
[2022-06-21 01:39:10,578] {local_task_job.py:273} INFO - 5 downstream tasks scheduled from follow-on schedule check
[2022-06-21 01:43:18,215] {taskinstance.py:1160} INFO - Dependencies all met for <TaskInstance: sales.load_stages scheduled__2022-06-20T00:00:00+00:00 [queued]>
[2022-06-21 01:43:18,235] {taskinstance.py:1160} INFO - Dependencies all met for <TaskInstance: sales.load_stages scheduled__2022-06-20T00:00:00+00:00 [queued]>
[2022-06-21 01:43:18,236] {taskinstance.py:1357} INFO - 
--------------------------------------------------------------------------------
[2022-06-21 01:43:18,236] {taskinstance.py:1358} INFO - Starting attempt 1 of 1
[2022-06-21 01:43:18,236] {taskinstance.py:1359} INFO - 
--------------------------------------------------------------------------------
[2022-06-21 01:43:18,255] {taskinstance.py:1378} INFO - Executing <Task(PythonOperator): load_stages> on 2022-06-20 00:00:00+00:00
[2022-06-21 01:43:18,264] {standard_task_runner.py:52} INFO - Started process 28546 to run task
[2022-06-21 01:43:18,269] {standard_task_runner.py:79} INFO - Running: ['airflow', 'tasks', 'run', 'sales', 'load_stages', 'scheduled__2022-06-20T00:00:00+00:00', '--job-id', '574', '--raw', '--subdir', 'DAGS_FOLDER/sales.py', '--cfg-path', '/tmp/tmpqapaubka', '--error-file', '/tmp/tmpf_y4kfhq']
[2022-06-21 01:43:18,269] {standard_task_runner.py:80} INFO - Job 574: Subtask load_stages
[2022-06-21 01:43:18,353] {task_command.py:370} INFO - Running <TaskInstance: sales.load_stages scheduled__2022-06-20T00:00:00+00:00 [running]> on host uiliam-Vostro-15-3515
[2022-06-21 01:43:18,462] {taskinstance.py:1570} INFO - Exporting the following env vars:
AIRFLOW_CTX_DAG_OWNER=airflow
AIRFLOW_CTX_DAG_ID=sales
AIRFLOW_CTX_TASK_ID=load_stages
AIRFLOW_CTX_EXECUTION_DATE=2022-06-20T00:00:00+00:00
AIRFLOW_CTX_TRY_NUMBER=1
AIRFLOW_CTX_DAG_RUN_ID=scheduled__2022-06-20T00:00:00+00:00
[2022-06-21 01:43:18,544] {logging_mixin.py:115} INFO -     employeenumber   lastname firstname extension                            email              jobtitle
0             1370  Hernandez    Gerard     x2028   ghernande@classicmodelcars.com             Sales Rep
1             1286      Tseng  Foon Yue     x2248      ftseng@classicmodelcars.com             Sales Rep
2             1619       King       Tom      x103       tking@classicmodelcars.com             Sales Rep
3             1102     Bondur    Gerard     x5408     gbondur@classicmodelcars.com   Sale Manager (EMEA)
4             1056  Patterson      Mary     x4611   mpatterso@classicmodelcars.com              VP Sales
5             1002     Murphy     Diane     x5800     dmurphy@classicmodelcars.com             President
6             1625       Kato   Yoshimi      x102       ykato@classicmodelcars.com             Sales Rep
7             1088  Patterson   William     x4871  wpatterson@classicmodelcars.com  Sales Manager (APAC)
8             1611     Fixter      Andy      x101     afixter@classicmodelcars.com             Sales Rep
9             1621      Nishi      Mami      x101      mnishi@classicmodelcars.com             Sales Rep
10            1504      Jones     Barry      x102      bjones@classicmodelcars.com             Sales Rep
11            1702     Gerard    Martin     x2312     mgerard@classicmodelcars.com             Sales Rep
12            1216  Patterson     Steve     x4334  spatterson@classicmodelcars.com             Sales Rep
13            1076   Firrelli      Jeff     x9273   jfirrelli@classicmodelcars.com          VP Marketing
14            1501       Bott     Larry     x2311       lbott@classicmodelcars.com             Sales Rep
15            1165   Jennings    Leslie     x3291   ljennings@classicmodelcars.com             Sales Rep
16            1612      Marsh     Peter      x102      pmarsh@classicmodelcars.com             Sales Rep
17            1166   Thompson    Leslie     x4065   lthompson@classicmodelcars.com             Sales Rep
18            1323     Vanauf    George     x4102     gvanauf@classicmodelcars.com             Sales Rep
19            1401   Castillo    Pamela     x2759   pcastillo@classicmodelcars.com             Sales Rep
20            1188   Firrelli     Julie     x2173   jfirrelli@classicmodelcars.com             Sales Rep
21            1337     Bondur      Loui     x6493     lbondur@classicmodelcars.com             Sales Rep
22            1143        Bow   Anthony     x5428        abow@classicmodelcars.com    Sales Manager (NA)
[2022-06-21 01:43:19,449] {logging_mixin.py:115} INFO -    employeenumber   lastname firstname                           email             jobtitle
0            1370  Hernandez    Gerard  ghernande@classicmodelcars.com            Sales Rep
1            1286      Tseng  Foon Yue     ftseng@classicmodelcars.com            Sales Rep
2            1619       King       Tom      tking@classicmodelcars.com            Sales Rep
3            1102     Bondur    Gerard    gbondur@classicmodelcars.com  Sale Manager (EMEA)
4            1056  Patterson      Mary  mpatterso@classicmodelcars.com             VP Sales
[2022-06-21 01:43:19,451] {python.py:173} INFO - Done. Returned value was: None
[2022-06-21 01:43:19,473] {taskinstance.py:1396} INFO - Marking task as SUCCESS. dag_id=sales, task_id=load_stages, execution_date=20220620T000000, start_date=20220621T044318, end_date=20220621T044319
[2022-06-21 01:43:19,765] {local_task_job.py:156} INFO - Task exited with return code 0
[2022-06-21 01:43:19,842] {local_task_job.py:273} INFO - 5 downstream tasks scheduled from follow-on schedule check
[2022-06-21 01:50:22,231] {taskinstance.py:1160} INFO - Dependencies all met for <TaskInstance: sales.load_stages scheduled__2022-06-20T00:00:00+00:00 [queued]>
[2022-06-21 01:50:22,250] {taskinstance.py:1160} INFO - Dependencies all met for <TaskInstance: sales.load_stages scheduled__2022-06-20T00:00:00+00:00 [queued]>
[2022-06-21 01:50:22,251] {taskinstance.py:1357} INFO - 
--------------------------------------------------------------------------------
[2022-06-21 01:50:22,251] {taskinstance.py:1358} INFO - Starting attempt 1 of 1
[2022-06-21 01:50:22,251] {taskinstance.py:1359} INFO - 
--------------------------------------------------------------------------------
[2022-06-21 01:50:22,272] {taskinstance.py:1378} INFO - Executing <Task(PythonOperator): load_stages> on 2022-06-20 00:00:00+00:00
[2022-06-21 01:50:22,284] {standard_task_runner.py:52} INFO - Started process 30955 to run task
[2022-06-21 01:50:22,290] {standard_task_runner.py:79} INFO - Running: ['airflow', 'tasks', 'run', 'sales', 'load_stages', 'scheduled__2022-06-20T00:00:00+00:00', '--job-id', '592', '--raw', '--subdir', 'DAGS_FOLDER/sales.py', '--cfg-path', '/tmp/tmpcypsaivo', '--error-file', '/tmp/tmp728nozh5']
[2022-06-21 01:50:22,290] {standard_task_runner.py:80} INFO - Job 592: Subtask load_stages
[2022-06-21 01:50:22,377] {task_command.py:370} INFO - Running <TaskInstance: sales.load_stages scheduled__2022-06-20T00:00:00+00:00 [running]> on host uiliam-Vostro-15-3515
[2022-06-21 01:50:22,485] {taskinstance.py:1570} INFO - Exporting the following env vars:
AIRFLOW_CTX_DAG_OWNER=airflow
AIRFLOW_CTX_DAG_ID=sales
AIRFLOW_CTX_TASK_ID=load_stages
AIRFLOW_CTX_EXECUTION_DATE=2022-06-20T00:00:00+00:00
AIRFLOW_CTX_TRY_NUMBER=1
AIRFLOW_CTX_DAG_RUN_ID=scheduled__2022-06-20T00:00:00+00:00
[2022-06-21 01:50:22,577] {logging_mixin.py:115} INFO -     employeenumber   lastname firstname extension                            email              jobtitle
0             1370  Hernandez    Gerard     x2028   ghernande@classicmodelcars.com             Sales Rep
1             1286      Tseng  Foon Yue     x2248      ftseng@classicmodelcars.com             Sales Rep
2             1619       King       Tom      x103       tking@classicmodelcars.com             Sales Rep
3             1102     Bondur    Gerard     x5408     gbondur@classicmodelcars.com   Sale Manager (EMEA)
4             1056  Patterson      Mary     x4611   mpatterso@classicmodelcars.com              VP Sales
5             1002     Murphy     Diane     x5800     dmurphy@classicmodelcars.com             President
6             1625       Kato   Yoshimi      x102       ykato@classicmodelcars.com             Sales Rep
7             1088  Patterson   William     x4871  wpatterson@classicmodelcars.com  Sales Manager (APAC)
8             1611     Fixter      Andy      x101     afixter@classicmodelcars.com             Sales Rep
9             1621      Nishi      Mami      x101      mnishi@classicmodelcars.com             Sales Rep
10            1504      Jones     Barry      x102      bjones@classicmodelcars.com             Sales Rep
11            1702     Gerard    Martin     x2312     mgerard@classicmodelcars.com             Sales Rep
12            1216  Patterson     Steve     x4334  spatterson@classicmodelcars.com             Sales Rep
13            1076   Firrelli      Jeff     x9273   jfirrelli@classicmodelcars.com          VP Marketing
14            1501       Bott     Larry     x2311       lbott@classicmodelcars.com             Sales Rep
15            1165   Jennings    Leslie     x3291   ljennings@classicmodelcars.com             Sales Rep
16            1612      Marsh     Peter      x102      pmarsh@classicmodelcars.com             Sales Rep
17            1166   Thompson    Leslie     x4065   lthompson@classicmodelcars.com             Sales Rep
18            1323     Vanauf    George     x4102     gvanauf@classicmodelcars.com             Sales Rep
19            1401   Castillo    Pamela     x2759   pcastillo@classicmodelcars.com             Sales Rep
20            1188   Firrelli     Julie     x2173   jfirrelli@classicmodelcars.com             Sales Rep
21            1337     Bondur      Loui     x6493     lbondur@classicmodelcars.com             Sales Rep
22            1143        Bow   Anthony     x5428        abow@classicmodelcars.com    Sales Manager (NA)
[2022-06-21 01:50:23,497] {logging_mixin.py:115} INFO -    employeenumber   lastname firstname                           email             jobtitle
0            1370  Hernandez    Gerard  ghernande@classicmodelcars.com            Sales Rep
1            1286      Tseng  Foon Yue     ftseng@classicmodelcars.com            Sales Rep
2            1619       King       Tom      tking@classicmodelcars.com            Sales Rep
3            1102     Bondur    Gerard    gbondur@classicmodelcars.com  Sale Manager (EMEA)
4            1056  Patterson      Mary  mpatterso@classicmodelcars.com             VP Sales
[2022-06-21 01:50:23,499] {python.py:173} INFO - Done. Returned value was: None
[2022-06-21 01:50:23,521] {taskinstance.py:1396} INFO - Marking task as SUCCESS. dag_id=sales, task_id=load_stages, execution_date=20220620T000000, start_date=20220621T045022, end_date=20220621T045023
[2022-06-21 01:50:23,826] {local_task_job.py:156} INFO - Task exited with return code 0
[2022-06-21 01:50:23,919] {local_task_job.py:273} INFO - 5 downstream tasks scheduled from follow-on schedule check
[2022-06-21 02:14:05,761] {taskinstance.py:1160} INFO - Dependencies all met for <TaskInstance: sales.load_stages scheduled__2022-06-20T00:00:00+00:00 [queued]>
[2022-06-21 02:14:05,789] {taskinstance.py:1160} INFO - Dependencies all met for <TaskInstance: sales.load_stages scheduled__2022-06-20T00:00:00+00:00 [queued]>
[2022-06-21 02:14:05,790] {taskinstance.py:1357} INFO - 
--------------------------------------------------------------------------------
[2022-06-21 02:14:05,790] {taskinstance.py:1358} INFO - Starting attempt 1 of 1
[2022-06-21 02:14:05,790] {taskinstance.py:1359} INFO - 
--------------------------------------------------------------------------------
[2022-06-21 02:14:05,815] {taskinstance.py:1378} INFO - Executing <Task(PythonOperator): load_stages> on 2022-06-20 00:00:00+00:00
[2022-06-21 02:14:05,829] {standard_task_runner.py:52} INFO - Started process 46539 to run task
[2022-06-21 02:14:05,834] {standard_task_runner.py:79} INFO - Running: ['airflow', 'tasks', 'run', 'sales', 'load_stages', 'scheduled__2022-06-20T00:00:00+00:00', '--job-id', '18', '--raw', '--subdir', 'DAGS_FOLDER/sales.py', '--cfg-path', '/tmp/tmprb8w9ry4', '--error-file', '/tmp/tmp0iforr2g']
[2022-06-21 02:14:05,835] {standard_task_runner.py:80} INFO - Job 18: Subtask load_stages
[2022-06-21 02:14:05,934] {task_command.py:370} INFO - Running <TaskInstance: sales.load_stages scheduled__2022-06-20T00:00:00+00:00 [running]> on host uiliam-Vostro-15-3515
[2022-06-21 02:14:06,051] {taskinstance.py:1570} INFO - Exporting the following env vars:
AIRFLOW_CTX_DAG_OWNER=airflow
AIRFLOW_CTX_DAG_ID=sales
AIRFLOW_CTX_TASK_ID=load_stages
AIRFLOW_CTX_EXECUTION_DATE=2022-06-20T00:00:00+00:00
AIRFLOW_CTX_TRY_NUMBER=1
AIRFLOW_CTX_DAG_RUN_ID=scheduled__2022-06-20T00:00:00+00:00
[2022-06-21 02:14:06,996] {python.py:173} INFO - Done. Returned value was: None
[2022-06-21 02:14:07,018] {taskinstance.py:1396} INFO - Marking task as SUCCESS. dag_id=sales, task_id=load_stages, execution_date=20220620T000000, start_date=20220621T051405, end_date=20220621T051407
[2022-06-21 02:14:07,088] {local_task_job.py:156} INFO - Task exited with return code 0
[2022-06-21 02:14:07,180] {local_task_job.py:273} INFO - 0 downstream tasks scheduled from follow-on schedule check
[2022-06-21 02:16:50,779] {taskinstance.py:1160} INFO - Dependencies all met for <TaskInstance: sales.load_stages scheduled__2022-06-20T00:00:00+00:00 [queued]>
[2022-06-21 02:16:50,802] {taskinstance.py:1160} INFO - Dependencies all met for <TaskInstance: sales.load_stages scheduled__2022-06-20T00:00:00+00:00 [queued]>
[2022-06-21 02:16:50,802] {taskinstance.py:1357} INFO - 
--------------------------------------------------------------------------------
[2022-06-21 02:16:50,802] {taskinstance.py:1358} INFO - Starting attempt 1 of 1
[2022-06-21 02:16:50,802] {taskinstance.py:1359} INFO - 
--------------------------------------------------------------------------------
[2022-06-21 02:16:50,824] {taskinstance.py:1378} INFO - Executing <Task(PythonOperator): load_stages> on 2022-06-20 00:00:00+00:00
[2022-06-21 02:16:50,833] {standard_task_runner.py:52} INFO - Started process 48289 to run task
[2022-06-21 02:16:50,837] {standard_task_runner.py:79} INFO - Running: ['airflow', 'tasks', 'run', 'sales', 'load_stages', 'scheduled__2022-06-20T00:00:00+00:00', '--job-id', '35', '--raw', '--subdir', 'DAGS_FOLDER/sales.py', '--cfg-path', '/tmp/tmpu6aeuvhu', '--error-file', '/tmp/tmp_x4pw4xr']
[2022-06-21 02:16:50,838] {standard_task_runner.py:80} INFO - Job 35: Subtask load_stages
[2022-06-21 02:16:50,922] {task_command.py:370} INFO - Running <TaskInstance: sales.load_stages scheduled__2022-06-20T00:00:00+00:00 [running]> on host uiliam-Vostro-15-3515
[2022-06-21 02:16:51,034] {taskinstance.py:1570} INFO - Exporting the following env vars:
AIRFLOW_CTX_DAG_OWNER=airflow
AIRFLOW_CTX_DAG_ID=sales
AIRFLOW_CTX_TASK_ID=load_stages
AIRFLOW_CTX_EXECUTION_DATE=2022-06-20T00:00:00+00:00
AIRFLOW_CTX_TRY_NUMBER=1
AIRFLOW_CTX_DAG_RUN_ID=scheduled__2022-06-20T00:00:00+00:00
[2022-06-21 02:16:51,968] {python.py:173} INFO - Done. Returned value was: None
[2022-06-21 02:16:51,991] {taskinstance.py:1396} INFO - Marking task as SUCCESS. dag_id=sales, task_id=load_stages, execution_date=20220620T000000, start_date=20220621T051650, end_date=20220621T051651
[2022-06-21 02:16:52,052] {local_task_job.py:156} INFO - Task exited with return code 0
[2022-06-21 02:16:52,144] {local_task_job.py:273} INFO - 5 downstream tasks scheduled from follow-on schedule check
[2022-06-21 02:18:42,177] {taskinstance.py:1160} INFO - Dependencies all met for <TaskInstance: sales.load_stages scheduled__2022-06-20T00:00:00+00:00 [queued]>
[2022-06-21 02:18:42,202] {taskinstance.py:1160} INFO - Dependencies all met for <TaskInstance: sales.load_stages scheduled__2022-06-20T00:00:00+00:00 [queued]>
[2022-06-21 02:18:42,202] {taskinstance.py:1357} INFO - 
--------------------------------------------------------------------------------
[2022-06-21 02:18:42,202] {taskinstance.py:1358} INFO - Starting attempt 1 of 1
[2022-06-21 02:18:42,202] {taskinstance.py:1359} INFO - 
--------------------------------------------------------------------------------
[2022-06-21 02:18:42,228] {taskinstance.py:1378} INFO - Executing <Task(PythonOperator): load_stages> on 2022-06-20 00:00:00+00:00
[2022-06-21 02:18:42,240] {standard_task_runner.py:52} INFO - Started process 49923 to run task
[2022-06-21 02:18:42,245] {standard_task_runner.py:79} INFO - Running: ['airflow', 'tasks', 'run', 'sales', 'load_stages', 'scheduled__2022-06-20T00:00:00+00:00', '--job-id', '53', '--raw', '--subdir', 'DAGS_FOLDER/sales.py', '--cfg-path', '/tmp/tmpxgfujt34', '--error-file', '/tmp/tmp5v3kmzb_']
[2022-06-21 02:18:42,246] {standard_task_runner.py:80} INFO - Job 53: Subtask load_stages
[2022-06-21 02:18:42,336] {task_command.py:370} INFO - Running <TaskInstance: sales.load_stages scheduled__2022-06-20T00:00:00+00:00 [running]> on host uiliam-Vostro-15-3515
[2022-06-21 02:18:42,447] {taskinstance.py:1570} INFO - Exporting the following env vars:
AIRFLOW_CTX_DAG_OWNER=airflow
AIRFLOW_CTX_DAG_ID=sales
AIRFLOW_CTX_TASK_ID=load_stages
AIRFLOW_CTX_EXECUTION_DATE=2022-06-20T00:00:00+00:00
AIRFLOW_CTX_TRY_NUMBER=1
AIRFLOW_CTX_DAG_RUN_ID=scheduled__2022-06-20T00:00:00+00:00
[2022-06-21 02:18:43,412] {python.py:173} INFO - Done. Returned value was: None
[2022-06-21 02:18:43,436] {taskinstance.py:1396} INFO - Marking task as SUCCESS. dag_id=sales, task_id=load_stages, execution_date=20220620T000000, start_date=20220621T051842, end_date=20220621T051843
[2022-06-21 02:18:43,500] {local_task_job.py:156} INFO - Task exited with return code 0
[2022-06-21 02:18:43,584] {local_task_job.py:273} INFO - 5 downstream tasks scheduled from follow-on schedule check
[2022-06-21 02:24:20,558] {taskinstance.py:1160} INFO - Dependencies all met for <TaskInstance: sales.load_stages scheduled__2022-06-20T00:00:00+00:00 [queued]>
[2022-06-21 02:24:20,584] {taskinstance.py:1160} INFO - Dependencies all met for <TaskInstance: sales.load_stages scheduled__2022-06-20T00:00:00+00:00 [queued]>
[2022-06-21 02:24:20,584] {taskinstance.py:1357} INFO - 
--------------------------------------------------------------------------------
[2022-06-21 02:24:20,584] {taskinstance.py:1358} INFO - Starting attempt 1 of 1
[2022-06-21 02:24:20,584] {taskinstance.py:1359} INFO - 
--------------------------------------------------------------------------------
[2022-06-21 02:24:20,608] {taskinstance.py:1378} INFO - Executing <Task(PythonOperator): load_stages> on 2022-06-20 00:00:00+00:00
[2022-06-21 02:24:20,621] {standard_task_runner.py:52} INFO - Started process 52249 to run task
[2022-06-21 02:24:20,626] {standard_task_runner.py:79} INFO - Running: ['airflow', 'tasks', 'run', 'sales', 'load_stages', 'scheduled__2022-06-20T00:00:00+00:00', '--job-id', '71', '--raw', '--subdir', 'DAGS_FOLDER/sales.py', '--cfg-path', '/tmp/tmpmplxr8pp', '--error-file', '/tmp/tmpi0sxyo0u']
[2022-06-21 02:24:20,626] {standard_task_runner.py:80} INFO - Job 71: Subtask load_stages
[2022-06-21 02:24:20,715] {task_command.py:370} INFO - Running <TaskInstance: sales.load_stages scheduled__2022-06-20T00:00:00+00:00 [running]> on host uiliam-Vostro-15-3515
[2022-06-21 02:24:20,826] {taskinstance.py:1570} INFO - Exporting the following env vars:
AIRFLOW_CTX_DAG_OWNER=airflow
AIRFLOW_CTX_DAG_ID=sales
AIRFLOW_CTX_TASK_ID=load_stages
AIRFLOW_CTX_EXECUTION_DATE=2022-06-20T00:00:00+00:00
AIRFLOW_CTX_TRY_NUMBER=1
AIRFLOW_CTX_DAG_RUN_ID=scheduled__2022-06-20T00:00:00+00:00
[2022-06-21 02:24:21,745] {python.py:173} INFO - Done. Returned value was: None
[2022-06-21 02:24:21,768] {taskinstance.py:1396} INFO - Marking task as SUCCESS. dag_id=sales, task_id=load_stages, execution_date=20220620T000000, start_date=20220621T052420, end_date=20220621T052421
[2022-06-21 02:24:21,842] {local_task_job.py:156} INFO - Task exited with return code 0
[2022-06-21 02:24:21,921] {local_task_job.py:273} INFO - 5 downstream tasks scheduled from follow-on schedule check
[2022-06-21 02:42:14,739] {taskinstance.py:1160} INFO - Dependencies all met for <TaskInstance: sales.load_stages scheduled__2022-06-20T00:00:00+00:00 [queued]>
[2022-06-21 02:42:14,759] {taskinstance.py:1160} INFO - Dependencies all met for <TaskInstance: sales.load_stages scheduled__2022-06-20T00:00:00+00:00 [queued]>
[2022-06-21 02:42:14,760] {taskinstance.py:1357} INFO - 
--------------------------------------------------------------------------------
[2022-06-21 02:42:14,760] {taskinstance.py:1358} INFO - Starting attempt 1 of 1
[2022-06-21 02:42:14,760] {taskinstance.py:1359} INFO - 
--------------------------------------------------------------------------------
[2022-06-21 02:42:14,780] {taskinstance.py:1378} INFO - Executing <Task(PythonOperator): load_stages> on 2022-06-20 00:00:00+00:00
[2022-06-21 02:42:14,788] {standard_task_runner.py:52} INFO - Started process 55846 to run task
[2022-06-21 02:42:14,793] {standard_task_runner.py:79} INFO - Running: ['airflow', 'tasks', 'run', 'sales', 'load_stages', 'scheduled__2022-06-20T00:00:00+00:00', '--job-id', '89', '--raw', '--subdir', 'DAGS_FOLDER/sales.py', '--cfg-path', '/tmp/tmpyfjl6vkt', '--error-file', '/tmp/tmp3t0fb5i_']
[2022-06-21 02:42:14,794] {standard_task_runner.py:80} INFO - Job 89: Subtask load_stages
[2022-06-21 02:42:14,881] {task_command.py:370} INFO - Running <TaskInstance: sales.load_stages scheduled__2022-06-20T00:00:00+00:00 [running]> on host uiliam-Vostro-15-3515
[2022-06-21 02:42:14,990] {taskinstance.py:1570} INFO - Exporting the following env vars:
AIRFLOW_CTX_DAG_OWNER=airflow
AIRFLOW_CTX_DAG_ID=sales
AIRFLOW_CTX_TASK_ID=load_stages
AIRFLOW_CTX_EXECUTION_DATE=2022-06-20T00:00:00+00:00
AIRFLOW_CTX_TRY_NUMBER=1
AIRFLOW_CTX_DAG_RUN_ID=scheduled__2022-06-20T00:00:00+00:00
[2022-06-21 02:42:15,934] {python.py:173} INFO - Done. Returned value was: None
[2022-06-21 02:42:15,955] {taskinstance.py:1396} INFO - Marking task as SUCCESS. dag_id=sales, task_id=load_stages, execution_date=20220620T000000, start_date=20220621T054214, end_date=20220621T054215
[2022-06-21 02:42:16,008] {local_task_job.py:156} INFO - Task exited with return code 0
[2022-06-21 02:42:16,093] {local_task_job.py:273} INFO - 5 downstream tasks scheduled from follow-on schedule check
[2022-06-21 02:44:15,215] {taskinstance.py:1160} INFO - Dependencies all met for <TaskInstance: sales.load_stages scheduled__2022-06-20T00:00:00+00:00 [queued]>
[2022-06-21 02:44:15,236] {taskinstance.py:1160} INFO - Dependencies all met for <TaskInstance: sales.load_stages scheduled__2022-06-20T00:00:00+00:00 [queued]>
[2022-06-21 02:44:15,237] {taskinstance.py:1357} INFO - 
--------------------------------------------------------------------------------
[2022-06-21 02:44:15,237] {taskinstance.py:1358} INFO - Starting attempt 1 of 1
[2022-06-21 02:44:15,237] {taskinstance.py:1359} INFO - 
--------------------------------------------------------------------------------
[2022-06-21 02:44:15,256] {taskinstance.py:1378} INFO - Executing <Task(PythonOperator): load_stages> on 2022-06-20 00:00:00+00:00
[2022-06-21 02:44:15,265] {standard_task_runner.py:52} INFO - Started process 58055 to run task
[2022-06-21 02:44:15,270] {standard_task_runner.py:79} INFO - Running: ['airflow', 'tasks', 'run', 'sales', 'load_stages', 'scheduled__2022-06-20T00:00:00+00:00', '--job-id', '108', '--raw', '--subdir', 'DAGS_FOLDER/sales.py', '--cfg-path', '/tmp/tmpeepwvldj', '--error-file', '/tmp/tmphrn_nn1q']
[2022-06-21 02:44:15,270] {standard_task_runner.py:80} INFO - Job 108: Subtask load_stages
[2022-06-21 02:44:15,365] {task_command.py:370} INFO - Running <TaskInstance: sales.load_stages scheduled__2022-06-20T00:00:00+00:00 [running]> on host uiliam-Vostro-15-3515
[2022-06-21 02:44:15,476] {taskinstance.py:1570} INFO - Exporting the following env vars:
AIRFLOW_CTX_DAG_OWNER=airflow
AIRFLOW_CTX_DAG_ID=sales
AIRFLOW_CTX_TASK_ID=load_stages
AIRFLOW_CTX_EXECUTION_DATE=2022-06-20T00:00:00+00:00
AIRFLOW_CTX_TRY_NUMBER=1
AIRFLOW_CTX_DAG_RUN_ID=scheduled__2022-06-20T00:00:00+00:00
[2022-06-21 02:44:16,425] {python.py:173} INFO - Done. Returned value was: None
[2022-06-21 02:44:16,450] {taskinstance.py:1396} INFO - Marking task as SUCCESS. dag_id=sales, task_id=load_stages, execution_date=20220620T000000, start_date=20220621T054415, end_date=20220621T054416
[2022-06-21 02:44:16,526] {local_task_job.py:156} INFO - Task exited with return code 0
[2022-06-21 02:44:16,617] {local_task_job.py:273} INFO - 5 downstream tasks scheduled from follow-on schedule check
[2022-06-21 02:51:11,944] {taskinstance.py:1160} INFO - Dependencies all met for <TaskInstance: sales.load_stages scheduled__2022-06-20T00:00:00+00:00 [queued]>
[2022-06-21 02:51:11,968] {taskinstance.py:1160} INFO - Dependencies all met for <TaskInstance: sales.load_stages scheduled__2022-06-20T00:00:00+00:00 [queued]>
[2022-06-21 02:51:11,968] {taskinstance.py:1357} INFO - 
--------------------------------------------------------------------------------
[2022-06-21 02:51:11,968] {taskinstance.py:1358} INFO - Starting attempt 1 of 1
[2022-06-21 02:51:11,969] {taskinstance.py:1359} INFO - 
--------------------------------------------------------------------------------
[2022-06-21 02:51:11,989] {taskinstance.py:1378} INFO - Executing <Task(PythonOperator): load_stages> on 2022-06-20 00:00:00+00:00
[2022-06-21 02:51:11,998] {standard_task_runner.py:52} INFO - Started process 60514 to run task
[2022-06-21 02:51:12,004] {standard_task_runner.py:79} INFO - Running: ['airflow', 'tasks', 'run', 'sales', 'load_stages', 'scheduled__2022-06-20T00:00:00+00:00', '--job-id', '124', '--raw', '--subdir', 'DAGS_FOLDER/sales.py', '--cfg-path', '/tmp/tmpn9y14bei', '--error-file', '/tmp/tmp_3kl4z7p']
[2022-06-21 02:51:12,004] {standard_task_runner.py:80} INFO - Job 124: Subtask load_stages
[2022-06-21 02:51:12,091] {task_command.py:370} INFO - Running <TaskInstance: sales.load_stages scheduled__2022-06-20T00:00:00+00:00 [running]> on host uiliam-Vostro-15-3515
[2022-06-21 02:51:12,199] {taskinstance.py:1570} INFO - Exporting the following env vars:
AIRFLOW_CTX_DAG_OWNER=airflow
AIRFLOW_CTX_DAG_ID=sales
AIRFLOW_CTX_TASK_ID=load_stages
AIRFLOW_CTX_EXECUTION_DATE=2022-06-20T00:00:00+00:00
AIRFLOW_CTX_TRY_NUMBER=1
AIRFLOW_CTX_DAG_RUN_ID=scheduled__2022-06-20T00:00:00+00:00
[2022-06-21 02:51:12,583] {warnings.py:109} WARNING - /home/uiliam/airflow/dags/functions.py:76: SettingWithCopyWarning: 
A value is trying to be set on a copy of a slice from a DataFrame.
Try using .loc[row_indexer,col_indexer] = value instead

See the caveats in the documentation: https://pandas.pydata.org/pandas-docs/stable/user_guide/indexing.html#returning-a-view-versus-a-copy
  df_emp['reportsto'] = df_emp['reportsto'].fillna(0)

[2022-06-21 02:51:13,440] {python.py:173} INFO - Done. Returned value was: None
[2022-06-21 02:51:13,462] {taskinstance.py:1396} INFO - Marking task as SUCCESS. dag_id=sales, task_id=load_stages, execution_date=20220620T000000, start_date=20220621T055111, end_date=20220621T055113
[2022-06-21 02:51:13,741] {local_task_job.py:156} INFO - Task exited with return code 0
[2022-06-21 02:51:13,810] {local_task_job.py:273} INFO - 5 downstream tasks scheduled from follow-on schedule check
[2022-06-21 02:52:47,334] {taskinstance.py:1160} INFO - Dependencies all met for <TaskInstance: sales.load_stages scheduled__2022-06-20T00:00:00+00:00 [queued]>
[2022-06-21 02:52:47,354] {taskinstance.py:1160} INFO - Dependencies all met for <TaskInstance: sales.load_stages scheduled__2022-06-20T00:00:00+00:00 [queued]>
[2022-06-21 02:52:47,354] {taskinstance.py:1357} INFO - 
--------------------------------------------------------------------------------
[2022-06-21 02:52:47,354] {taskinstance.py:1358} INFO - Starting attempt 1 of 1
[2022-06-21 02:52:47,354] {taskinstance.py:1359} INFO - 
--------------------------------------------------------------------------------
[2022-06-21 02:52:47,375] {taskinstance.py:1378} INFO - Executing <Task(PythonOperator): load_stages> on 2022-06-20 00:00:00+00:00
[2022-06-21 02:52:47,387] {standard_task_runner.py:52} INFO - Started process 62276 to run task
[2022-06-21 02:52:47,393] {standard_task_runner.py:79} INFO - Running: ['airflow', 'tasks', 'run', 'sales', 'load_stages', 'scheduled__2022-06-20T00:00:00+00:00', '--job-id', '142', '--raw', '--subdir', 'DAGS_FOLDER/sales.py', '--cfg-path', '/tmp/tmp_9q5suta', '--error-file', '/tmp/tmpbhc5h7z7']
[2022-06-21 02:52:47,393] {standard_task_runner.py:80} INFO - Job 142: Subtask load_stages
[2022-06-21 02:52:47,471] {task_command.py:370} INFO - Running <TaskInstance: sales.load_stages scheduled__2022-06-20T00:00:00+00:00 [running]> on host uiliam-Vostro-15-3515
[2022-06-21 02:52:47,572] {taskinstance.py:1570} INFO - Exporting the following env vars:
AIRFLOW_CTX_DAG_OWNER=airflow
AIRFLOW_CTX_DAG_ID=sales
AIRFLOW_CTX_TASK_ID=load_stages
AIRFLOW_CTX_EXECUTION_DATE=2022-06-20T00:00:00+00:00
AIRFLOW_CTX_TRY_NUMBER=1
AIRFLOW_CTX_DAG_RUN_ID=scheduled__2022-06-20T00:00:00+00:00
[2022-06-21 02:52:47,915] {warnings.py:109} WARNING - /home/uiliam/airflow/dags/functions.py:76: SettingWithCopyWarning: 
A value is trying to be set on a copy of a slice from a DataFrame.
Try using .loc[row_indexer,col_indexer] = value instead

See the caveats in the documentation: https://pandas.pydata.org/pandas-docs/stable/user_guide/indexing.html#returning-a-view-versus-a-copy
  df_emp['reportsto'] = df_emp['reportsto'].fillna(0)

[2022-06-21 02:52:48,659] {python.py:173} INFO - Done. Returned value was: None
[2022-06-21 02:52:48,678] {taskinstance.py:1396} INFO - Marking task as SUCCESS. dag_id=sales, task_id=load_stages, execution_date=20220620T000000, start_date=20220621T055247, end_date=20220621T055248
[2022-06-21 02:52:48,930] {local_task_job.py:156} INFO - Task exited with return code 0
[2022-06-21 02:52:49,016] {local_task_job.py:273} INFO - 5 downstream tasks scheduled from follow-on schedule check
