[2022-06-05 00:37:42,137] {taskinstance.py:1160} INFO - Dependencies all met for <TaskInstance: census.populate_table scheduled__2022-06-05T00:49:06.051317+00:00 [queued]>
[2022-06-05 00:37:42,160] {taskinstance.py:1160} INFO - Dependencies all met for <TaskInstance: census.populate_table scheduled__2022-06-05T00:49:06.051317+00:00 [queued]>
[2022-06-05 00:37:42,160] {taskinstance.py:1357} INFO - 
--------------------------------------------------------------------------------
[2022-06-05 00:37:42,160] {taskinstance.py:1358} INFO - Starting attempt 1 of 1
[2022-06-05 00:37:42,160] {taskinstance.py:1359} INFO - 
--------------------------------------------------------------------------------
[2022-06-05 00:37:42,198] {taskinstance.py:1378} INFO - Executing <Task(PythonOperator): populate_table> on 2022-06-05 00:49:06.051317+00:00
[2022-06-05 00:37:42,216] {standard_task_runner.py:52} INFO - Started process 17890 to run task
[2022-06-05 00:37:42,233] {standard_task_runner.py:79} INFO - Running: ['airflow', 'tasks', 'run', 'census', 'populate_table', 'scheduled__2022-06-05T00:49:06.051317+00:00', '--job-id', '453', '--raw', '--subdir', 'DAGS_FOLDER/dag.py', '--cfg-path', '/tmp/tmpo0zvqcjl', '--error-file', '/tmp/tmp4elr6713']
[2022-06-05 00:37:42,234] {standard_task_runner.py:80} INFO - Job 453: Subtask populate_table
[2022-06-05 00:37:42,466] {task_command.py:370} INFO - Running <TaskInstance: census.populate_table scheduled__2022-06-05T00:49:06.051317+00:00 [running]> on host uiliam-Vostro-15-3515
[2022-06-05 00:37:42,674] {taskinstance.py:1570} INFO - Exporting the following env vars:
AIRFLOW_CTX_DAG_OWNER=airflow
AIRFLOW_CTX_DAG_ID=census
AIRFLOW_CTX_TASK_ID=populate_table
AIRFLOW_CTX_EXECUTION_DATE=2022-06-05T00:49:06.051317+00:00
AIRFLOW_CTX_TRY_NUMBER=1
AIRFLOW_CTX_DAG_RUN_ID=scheduled__2022-06-05T00:49:06.051317+00:00
[2022-06-05 00:37:42,682] {logging_mixin.py:115} INFO - <_io.TextIOWrapper name='teste_uiliam.csv' mode='r' encoding='UTF-8'>
[2022-06-05 00:37:43,005] {python.py:173} INFO - Done. Returned value was: None
[2022-06-05 00:37:43,036] {taskinstance.py:1396} INFO - Marking task as SUCCESS. dag_id=census, task_id=populate_table, execution_date=20220605T004906, start_date=20220605T033742, end_date=20220605T033743
[2022-06-05 00:37:43,093] {local_task_job.py:156} INFO - Task exited with return code 0
[2022-06-05 00:37:43,167] {local_task_job.py:273} INFO - 0 downstream tasks scheduled from follow-on schedule check
