[2022-06-05 19:39:06,303] {taskinstance.py:1160} INFO - Dependencies all met for <TaskInstance: census.populate_table scheduled__2022-06-05T22:37:43.895063+00:00 [queued]>
[2022-06-05 19:39:06,319] {taskinstance.py:1160} INFO - Dependencies all met for <TaskInstance: census.populate_table scheduled__2022-06-05T22:37:43.895063+00:00 [queued]>
[2022-06-05 19:39:06,319] {taskinstance.py:1357} INFO - 
--------------------------------------------------------------------------------
[2022-06-05 19:39:06,319] {taskinstance.py:1358} INFO - Starting attempt 1 of 1
[2022-06-05 19:39:06,319] {taskinstance.py:1359} INFO - 
--------------------------------------------------------------------------------
[2022-06-05 19:39:06,338] {taskinstance.py:1378} INFO - Executing <Task(PythonOperator): populate_table> on 2022-06-05 22:37:43.895063+00:00
[2022-06-05 19:39:06,345] {standard_task_runner.py:52} INFO - Started process 131846 to run task
[2022-06-05 19:39:06,350] {standard_task_runner.py:79} INFO - Running: ['airflow', 'tasks', 'run', 'census', 'populate_table', 'scheduled__2022-06-05T22:37:43.895063+00:00', '--job-id', '921', '--raw', '--subdir', 'DAGS_FOLDER/dag.py', '--cfg-path', '/tmp/tmpvqktfuld', '--error-file', '/tmp/tmp83lwgmuy']
[2022-06-05 19:39:06,350] {standard_task_runner.py:80} INFO - Job 921: Subtask populate_table
[2022-06-05 19:39:06,425] {task_command.py:370} INFO - Running <TaskInstance: census.populate_table scheduled__2022-06-05T22:37:43.895063+00:00 [running]> on host uiliam-Vostro-15-3515
[2022-06-05 19:39:06,523] {taskinstance.py:1570} INFO - Exporting the following env vars:
AIRFLOW_CTX_DAG_OWNER=airflow
AIRFLOW_CTX_DAG_ID=census
AIRFLOW_CTX_TASK_ID=populate_table
AIRFLOW_CTX_EXECUTION_DATE=2022-06-05T22:37:43.895063+00:00
AIRFLOW_CTX_TRY_NUMBER=1
AIRFLOW_CTX_DAG_RUN_ID=scheduled__2022-06-05T22:37:43.895063+00:00
[2022-06-05 19:39:07,133] {python.py:173} INFO - Done. Returned value was: None
[2022-06-05 19:39:07,153] {taskinstance.py:1396} INFO - Marking task as SUCCESS. dag_id=census, task_id=populate_table, execution_date=20220605T223743, start_date=20220605T223906, end_date=20220605T223907
[2022-06-05 19:39:07,205] {local_task_job.py:156} INFO - Task exited with return code 0
[2022-06-05 19:39:07,255] {local_task_job.py:273} INFO - 0 downstream tasks scheduled from follow-on schedule check
