[2022-06-05 20:50:19,334] {taskinstance.py:1160} INFO - Dependencies all met for <TaskInstance: census.extract_data scheduled__2022-06-05T23:49:41.935137+00:00 [queued]>
[2022-06-05 20:50:19,365] {taskinstance.py:1160} INFO - Dependencies all met for <TaskInstance: census.extract_data scheduled__2022-06-05T23:49:41.935137+00:00 [queued]>
[2022-06-05 20:50:19,366] {taskinstance.py:1357} INFO - 
--------------------------------------------------------------------------------
[2022-06-05 20:50:19,366] {taskinstance.py:1358} INFO - Starting attempt 1 of 1
[2022-06-05 20:50:19,366] {taskinstance.py:1359} INFO - 
--------------------------------------------------------------------------------
[2022-06-05 20:50:19,393] {taskinstance.py:1378} INFO - Executing <Task(PythonOperator): extract_data> on 2022-06-05 23:49:41.935137+00:00
[2022-06-05 20:50:19,406] {standard_task_runner.py:52} INFO - Started process 184468 to run task
[2022-06-05 20:50:19,412] {standard_task_runner.py:79} INFO - Running: ['airflow', 'tasks', 'run', 'census', 'extract_data', 'scheduled__2022-06-05T23:49:41.935137+00:00', '--job-id', '1062', '--raw', '--subdir', 'DAGS_FOLDER/dag.py', '--cfg-path', '/tmp/tmpvakvvgcx', '--error-file', '/tmp/tmpow0z0nm4']
[2022-06-05 20:50:19,413] {standard_task_runner.py:80} INFO - Job 1062: Subtask extract_data
[2022-06-05 20:50:19,505] {task_command.py:370} INFO - Running <TaskInstance: census.extract_data scheduled__2022-06-05T23:49:41.935137+00:00 [running]> on host uiliam-Vostro-15-3515
[2022-06-05 20:50:19,614] {taskinstance.py:1570} INFO - Exporting the following env vars:
AIRFLOW_CTX_DAG_OWNER=airflow
AIRFLOW_CTX_DAG_ID=census
AIRFLOW_CTX_TASK_ID=extract_data
AIRFLOW_CTX_EXECUTION_DATE=2022-06-05T23:49:41.935137+00:00
AIRFLOW_CTX_TRY_NUMBER=1
AIRFLOW_CTX_DAG_RUN_ID=scheduled__2022-06-05T23:49:41.935137+00:00
[2022-06-05 20:50:19,746] {python.py:173} INFO - Done. Returned value was:       age          workclass   fnlwgt    education  education_num       marital_status  ...      sex capital_gain capital_loss hours_per_week  native_country   class
0      39          State-gov    77516    Bachelors             13        Never-married  ...     Male         2174            0             40   United-States   <=50K
1      50   Self-emp-not-inc    83311    Bachelors             13   Married-civ-spouse  ...     Male            0            0             13   United-States   <=50K
2      38            Private   215646      HS-grad              9             Divorced  ...     Male            0            0             40   United-States   <=50K
3      53            Private   234721         11th              7   Married-civ-spouse  ...     Male            0            0             40   United-States   <=50K
4      28            Private   338409    Bachelors             13   Married-civ-spouse  ...   Female            0            0             40            Cuba   <=50K
...    ..                ...      ...          ...            ...                  ...  ...      ...          ...          ...            ...             ...     ...
32556  27            Private   257302   Assoc-acdm             12   Married-civ-spouse  ...   Female            0            0             38   United-States   <=50K
32557  40            Private   154374      HS-grad              9   Married-civ-spouse  ...     Male            0            0             40   United-States    >50K
32558  58            Private   151910      HS-grad              9              Widowed  ...   Female            0            0             40   United-States   <=50K
32559  22            Private   201490      HS-grad              9        Never-married  ...     Male            0            0             20   United-States   <=50K
32560  52       Self-emp-inc   287927      HS-grad              9   Married-civ-spouse  ...   Female        15024            0             40   United-States    >50K

[32561 rows x 15 columns]
[2022-06-05 20:50:19,813] {taskinstance.py:1396} INFO - Marking task as SUCCESS. dag_id=census, task_id=extract_data, execution_date=20220605T234941, start_date=20220605T235019, end_date=20220605T235019
[2022-06-05 20:50:19,865] {local_task_job.py:156} INFO - Task exited with return code 0
[2022-06-05 20:50:19,948] {local_task_job.py:273} INFO - 1 downstream tasks scheduled from follow-on schedule check
