[2022-06-05 01:16:10,221] {taskinstance.py:1160} INFO - Dependencies all met for <TaskInstance: census.extract_data scheduled__2022-06-05T03:00:00+00:00 [queued]>
[2022-06-05 01:16:10,239] {taskinstance.py:1160} INFO - Dependencies all met for <TaskInstance: census.extract_data scheduled__2022-06-05T03:00:00+00:00 [queued]>
[2022-06-05 01:16:10,240] {taskinstance.py:1357} INFO - 
--------------------------------------------------------------------------------
[2022-06-05 01:16:10,240] {taskinstance.py:1358} INFO - Starting attempt 1 of 1
[2022-06-05 01:16:10,240] {taskinstance.py:1359} INFO - 
--------------------------------------------------------------------------------
[2022-06-05 01:16:10,263] {taskinstance.py:1378} INFO - Executing <Task(PythonOperator): extract_data> on 2022-06-05 03:00:00+00:00
[2022-06-05 01:16:10,270] {standard_task_runner.py:52} INFO - Started process 42305 to run task
[2022-06-05 01:16:10,275] {standard_task_runner.py:79} INFO - Running: ['airflow', 'tasks', 'run', 'census', 'extract_data', 'scheduled__2022-06-05T03:00:00+00:00', '--job-id', '778', '--raw', '--subdir', 'DAGS_FOLDER/dag.py', '--cfg-path', '/tmp/tmpfkroz04w', '--error-file', '/tmp/tmprm86hu6r']
[2022-06-05 01:16:10,276] {standard_task_runner.py:80} INFO - Job 778: Subtask extract_data
[2022-06-05 01:16:10,356] {task_command.py:370} INFO - Running <TaskInstance: census.extract_data scheduled__2022-06-05T03:00:00+00:00 [running]> on host uiliam-Vostro-15-3515
[2022-06-05 01:16:10,463] {taskinstance.py:1570} INFO - Exporting the following env vars:
AIRFLOW_CTX_DAG_OWNER=airflow
AIRFLOW_CTX_DAG_ID=census
AIRFLOW_CTX_TASK_ID=extract_data
AIRFLOW_CTX_EXECUTION_DATE=2022-06-05T03:00:00+00:00
AIRFLOW_CTX_TRY_NUMBER=1
AIRFLOW_CTX_DAG_RUN_ID=scheduled__2022-06-05T03:00:00+00:00
[2022-06-05 01:16:10,570] {python.py:173} INFO - Done. Returned value was:       age          workclass   fnlwgt    education  education_num       marital_status  ...      sex capital_gain capital_loss hours_per_week  native_country  classes
0      39          State-gov    77516    Bachelors             13        Never-married  ...     Male         2174            0             40   United-States    <=50K
1      50   Self-emp-not-inc    83311    Bachelors             13   Married-civ-spouse  ...     Male            0            0             13   United-States    <=50K
2      38            Private   215646      HS-grad              9             Divorced  ...     Male            0            0             40   United-States    <=50K
3      53            Private   234721         11th              7   Married-civ-spouse  ...     Male            0            0             40   United-States    <=50K
4      28            Private   338409    Bachelors             13   Married-civ-spouse  ...   Female            0            0             40            Cuba    <=50K
...    ..                ...      ...          ...            ...                  ...  ...      ...          ...          ...            ...             ...      ...
32556  27            Private   257302   Assoc-acdm             12   Married-civ-spouse  ...   Female            0            0             38   United-States    <=50K
32557  40            Private   154374      HS-grad              9   Married-civ-spouse  ...     Male            0            0             40   United-States     >50K
32558  58            Private   151910      HS-grad              9              Widowed  ...   Female            0            0             40   United-States    <=50K
32559  22            Private   201490      HS-grad              9        Never-married  ...     Male            0            0             20   United-States    <=50K
32560  52       Self-emp-inc   287927      HS-grad              9   Married-civ-spouse  ...   Female        15024            0             40   United-States     >50K

[32561 rows x 15 columns]
[2022-06-05 01:16:10,619] {taskinstance.py:1396} INFO - Marking task as SUCCESS. dag_id=census, task_id=extract_data, execution_date=20220605T030000, start_date=20220605T041610, end_date=20220605T041610
[2022-06-05 01:16:10,687] {local_task_job.py:156} INFO - Task exited with return code 0
[2022-06-05 01:16:10,750] {local_task_job.py:273} INFO - 1 downstream tasks scheduled from follow-on schedule check
[2022-06-05 01:17:47,481] {taskinstance.py:1160} INFO - Dependencies all met for <TaskInstance: census.extract_data scheduled__2022-06-05T03:00:00+00:00 [queued]>
[2022-06-05 01:17:47,500] {taskinstance.py:1160} INFO - Dependencies all met for <TaskInstance: census.extract_data scheduled__2022-06-05T03:00:00+00:00 [queued]>
[2022-06-05 01:17:47,501] {taskinstance.py:1357} INFO - 
--------------------------------------------------------------------------------
[2022-06-05 01:17:47,501] {taskinstance.py:1358} INFO - Starting attempt 1 of 1
[2022-06-05 01:17:47,501] {taskinstance.py:1359} INFO - 
--------------------------------------------------------------------------------
[2022-06-05 01:17:47,525] {taskinstance.py:1378} INFO - Executing <Task(PythonOperator): extract_data> on 2022-06-05 03:00:00+00:00
[2022-06-05 01:17:47,534] {standard_task_runner.py:52} INFO - Started process 43725 to run task
[2022-06-05 01:17:47,539] {standard_task_runner.py:79} INFO - Running: ['airflow', 'tasks', 'run', 'census', 'extract_data', 'scheduled__2022-06-05T03:00:00+00:00', '--job-id', '784', '--raw', '--subdir', 'DAGS_FOLDER/dag.py', '--cfg-path', '/tmp/tmpsv9wc8pq', '--error-file', '/tmp/tmpz6nqvusp']
[2022-06-05 01:17:47,540] {standard_task_runner.py:80} INFO - Job 784: Subtask extract_data
[2022-06-05 01:17:47,631] {task_command.py:370} INFO - Running <TaskInstance: census.extract_data scheduled__2022-06-05T03:00:00+00:00 [running]> on host uiliam-Vostro-15-3515
[2022-06-05 01:17:47,750] {taskinstance.py:1570} INFO - Exporting the following env vars:
AIRFLOW_CTX_DAG_OWNER=airflow
AIRFLOW_CTX_DAG_ID=census
AIRFLOW_CTX_TASK_ID=extract_data
AIRFLOW_CTX_EXECUTION_DATE=2022-06-05T03:00:00+00:00
AIRFLOW_CTX_TRY_NUMBER=1
AIRFLOW_CTX_DAG_RUN_ID=scheduled__2022-06-05T03:00:00+00:00
[2022-06-05 01:17:47,877] {python.py:173} INFO - Done. Returned value was:       age          workclass   fnlwgt    education  education_num       marital_status  ...      sex capital_gain capital_loss hours_per_week  native_country  classes
0      39          State-gov    77516    Bachelors             13        Never-married  ...     Male         2174            0             40   United-States    <=50K
1      50   Self-emp-not-inc    83311    Bachelors             13   Married-civ-spouse  ...     Male            0            0             13   United-States    <=50K
2      38            Private   215646      HS-grad              9             Divorced  ...     Male            0            0             40   United-States    <=50K
3      53            Private   234721         11th              7   Married-civ-spouse  ...     Male            0            0             40   United-States    <=50K
4      28            Private   338409    Bachelors             13   Married-civ-spouse  ...   Female            0            0             40            Cuba    <=50K
...    ..                ...      ...          ...            ...                  ...  ...      ...          ...          ...            ...             ...      ...
32556  27            Private   257302   Assoc-acdm             12   Married-civ-spouse  ...   Female            0            0             38   United-States    <=50K
32557  40            Private   154374      HS-grad              9   Married-civ-spouse  ...     Male            0            0             40   United-States     >50K
32558  58            Private   151910      HS-grad              9              Widowed  ...   Female            0            0             40   United-States    <=50K
32559  22            Private   201490      HS-grad              9        Never-married  ...     Male            0            0             20   United-States    <=50K
32560  52       Self-emp-inc   287927      HS-grad              9   Married-civ-spouse  ...   Female        15024            0             40   United-States     >50K

[32561 rows x 15 columns]
[2022-06-05 01:17:47,939] {taskinstance.py:1396} INFO - Marking task as SUCCESS. dag_id=census, task_id=extract_data, execution_date=20220605T030000, start_date=20220605T041747, end_date=20220605T041747
[2022-06-05 01:17:47,992] {local_task_job.py:156} INFO - Task exited with return code 0
[2022-06-05 01:17:48,076] {local_task_job.py:273} INFO - 1 downstream tasks scheduled from follow-on schedule check
[2022-06-05 01:30:05,724] {taskinstance.py:1160} INFO - Dependencies all met for <TaskInstance: census.extract_data scheduled__2022-06-05T03:00:00+00:00 [queued]>
[2022-06-05 01:30:05,743] {taskinstance.py:1160} INFO - Dependencies all met for <TaskInstance: census.extract_data scheduled__2022-06-05T03:00:00+00:00 [queued]>
[2022-06-05 01:30:05,744] {taskinstance.py:1357} INFO - 
--------------------------------------------------------------------------------
[2022-06-05 01:30:05,744] {taskinstance.py:1358} INFO - Starting attempt 1 of 1
[2022-06-05 01:30:05,744] {taskinstance.py:1359} INFO - 
--------------------------------------------------------------------------------
[2022-06-05 01:30:05,778] {taskinstance.py:1378} INFO - Executing <Task(PythonOperator): extract_data> on 2022-06-05 03:00:00+00:00
[2022-06-05 01:30:05,788] {standard_task_runner.py:52} INFO - Started process 7349 to run task
[2022-06-05 01:30:05,793] {standard_task_runner.py:79} INFO - Running: ['airflow', 'tasks', 'run', 'census', 'extract_data', 'scheduled__2022-06-05T03:00:00+00:00', '--job-id', '792', '--raw', '--subdir', 'DAGS_FOLDER/dag.py', '--cfg-path', '/tmp/tmp1apw5mcl', '--error-file', '/tmp/tmpqs17a27t']
[2022-06-05 01:30:05,794] {standard_task_runner.py:80} INFO - Job 792: Subtask extract_data
[2022-06-05 01:30:05,876] {task_command.py:370} INFO - Running <TaskInstance: census.extract_data scheduled__2022-06-05T03:00:00+00:00 [running]> on host uiliam-Vostro-15-3515
[2022-06-05 01:30:05,994] {taskinstance.py:1570} INFO - Exporting the following env vars:
AIRFLOW_CTX_DAG_OWNER=airflow
AIRFLOW_CTX_DAG_ID=census
AIRFLOW_CTX_TASK_ID=extract_data
AIRFLOW_CTX_EXECUTION_DATE=2022-06-05T03:00:00+00:00
AIRFLOW_CTX_TRY_NUMBER=1
AIRFLOW_CTX_DAG_RUN_ID=scheduled__2022-06-05T03:00:00+00:00
[2022-06-05 01:30:06,141] {python.py:173} INFO - Done. Returned value was:       age          workclass   fnlwgt    education  education_num       marital_status  ...      sex capital_gain capital_loss hours_per_week  native_country  classes
0      39          State-gov    77516    Bachelors             13        Never-married  ...     Male         2174            0             40   United-States    <=50K
1      50   Self-emp-not-inc    83311    Bachelors             13   Married-civ-spouse  ...     Male            0            0             13   United-States    <=50K
2      38            Private   215646      HS-grad              9             Divorced  ...     Male            0            0             40   United-States    <=50K
3      53            Private   234721         11th              7   Married-civ-spouse  ...     Male            0            0             40   United-States    <=50K
4      28            Private   338409    Bachelors             13   Married-civ-spouse  ...   Female            0            0             40            Cuba    <=50K
...    ..                ...      ...          ...            ...                  ...  ...      ...          ...          ...            ...             ...      ...
32556  27            Private   257302   Assoc-acdm             12   Married-civ-spouse  ...   Female            0            0             38   United-States    <=50K
32557  40            Private   154374      HS-grad              9   Married-civ-spouse  ...     Male            0            0             40   United-States     >50K
32558  58            Private   151910      HS-grad              9              Widowed  ...   Female            0            0             40   United-States    <=50K
32559  22            Private   201490      HS-grad              9        Never-married  ...     Male            0            0             20   United-States    <=50K
32560  52       Self-emp-inc   287927      HS-grad              9   Married-civ-spouse  ...   Female        15024            0             40   United-States     >50K

[32561 rows x 15 columns]
[2022-06-05 01:30:06,219] {taskinstance.py:1396} INFO - Marking task as SUCCESS. dag_id=census, task_id=extract_data, execution_date=20220605T030000, start_date=20220605T043005, end_date=20220605T043006
[2022-06-05 01:30:06,287] {local_task_job.py:156} INFO - Task exited with return code 0
[2022-06-05 01:30:06,372] {local_task_job.py:273} INFO - 0 downstream tasks scheduled from follow-on schedule check
[2022-06-05 01:32:52,014] {taskinstance.py:1160} INFO - Dependencies all met for <TaskInstance: census.extract_data scheduled__2022-06-05T03:00:00+00:00 [queued]>
[2022-06-05 01:32:52,028] {taskinstance.py:1160} INFO - Dependencies all met for <TaskInstance: census.extract_data scheduled__2022-06-05T03:00:00+00:00 [queued]>
[2022-06-05 01:32:52,029] {taskinstance.py:1357} INFO - 
--------------------------------------------------------------------------------
[2022-06-05 01:32:52,029] {taskinstance.py:1358} INFO - Starting attempt 1 of 1
[2022-06-05 01:32:52,029] {taskinstance.py:1359} INFO - 
--------------------------------------------------------------------------------
[2022-06-05 01:32:52,047] {taskinstance.py:1378} INFO - Executing <Task(PythonOperator): extract_data> on 2022-06-05 03:00:00+00:00
[2022-06-05 01:32:52,056] {standard_task_runner.py:52} INFO - Started process 8899 to run task
[2022-06-05 01:32:52,060] {standard_task_runner.py:79} INFO - Running: ['airflow', 'tasks', 'run', 'census', 'extract_data', 'scheduled__2022-06-05T03:00:00+00:00', '--job-id', '798', '--raw', '--subdir', 'DAGS_FOLDER/dag.py', '--cfg-path', '/tmp/tmpebi24gj8', '--error-file', '/tmp/tmpsga4lsye']
[2022-06-05 01:32:52,061] {standard_task_runner.py:80} INFO - Job 798: Subtask extract_data
[2022-06-05 01:32:52,140] {task_command.py:370} INFO - Running <TaskInstance: census.extract_data scheduled__2022-06-05T03:00:00+00:00 [running]> on host uiliam-Vostro-15-3515
[2022-06-05 01:32:52,239] {taskinstance.py:1570} INFO - Exporting the following env vars:
AIRFLOW_CTX_DAG_OWNER=airflow
AIRFLOW_CTX_DAG_ID=census
AIRFLOW_CTX_TASK_ID=extract_data
AIRFLOW_CTX_EXECUTION_DATE=2022-06-05T03:00:00+00:00
AIRFLOW_CTX_TRY_NUMBER=1
AIRFLOW_CTX_DAG_RUN_ID=scheduled__2022-06-05T03:00:00+00:00
[2022-06-05 01:32:52,344] {python.py:173} INFO - Done. Returned value was:       age          workclass   fnlwgt    education  education_num       marital_status  ...      sex capital_gain capital_loss hours_per_week  native_country  classes
0      39          State-gov    77516    Bachelors             13        Never-married  ...     Male         2174            0             40   United-States    <=50K
1      50   Self-emp-not-inc    83311    Bachelors             13   Married-civ-spouse  ...     Male            0            0             13   United-States    <=50K
2      38            Private   215646      HS-grad              9             Divorced  ...     Male            0            0             40   United-States    <=50K
3      53            Private   234721         11th              7   Married-civ-spouse  ...     Male            0            0             40   United-States    <=50K
4      28            Private   338409    Bachelors             13   Married-civ-spouse  ...   Female            0            0             40            Cuba    <=50K
...    ..                ...      ...          ...            ...                  ...  ...      ...          ...          ...            ...             ...      ...
32556  27            Private   257302   Assoc-acdm             12   Married-civ-spouse  ...   Female            0            0             38   United-States    <=50K
32557  40            Private   154374      HS-grad              9   Married-civ-spouse  ...     Male            0            0             40   United-States     >50K
32558  58            Private   151910      HS-grad              9              Widowed  ...   Female            0            0             40   United-States    <=50K
32559  22            Private   201490      HS-grad              9        Never-married  ...     Male            0            0             20   United-States    <=50K
32560  52       Self-emp-inc   287927      HS-grad              9   Married-civ-spouse  ...   Female        15024            0             40   United-States     >50K

[32561 rows x 15 columns]
[2022-06-05 01:32:52,395] {taskinstance.py:1396} INFO - Marking task as SUCCESS. dag_id=census, task_id=extract_data, execution_date=20220605T030000, start_date=20220605T043252, end_date=20220605T043252
[2022-06-05 01:32:52,433] {local_task_job.py:156} INFO - Task exited with return code 0
[2022-06-05 01:32:52,510] {local_task_job.py:273} INFO - 1 downstream tasks scheduled from follow-on schedule check
[2022-06-05 01:35:05,042] {taskinstance.py:1160} INFO - Dependencies all met for <TaskInstance: census.extract_data scheduled__2022-06-05T03:00:00+00:00 [queued]>
[2022-06-05 01:35:05,057] {taskinstance.py:1160} INFO - Dependencies all met for <TaskInstance: census.extract_data scheduled__2022-06-05T03:00:00+00:00 [queued]>
[2022-06-05 01:35:05,057] {taskinstance.py:1357} INFO - 
--------------------------------------------------------------------------------
[2022-06-05 01:35:05,057] {taskinstance.py:1358} INFO - Starting attempt 1 of 1
[2022-06-05 01:35:05,057] {taskinstance.py:1359} INFO - 
--------------------------------------------------------------------------------
[2022-06-05 01:35:05,077] {taskinstance.py:1378} INFO - Executing <Task(PythonOperator): extract_data> on 2022-06-05 03:00:00+00:00
[2022-06-05 01:35:05,084] {standard_task_runner.py:52} INFO - Started process 10500 to run task
[2022-06-05 01:35:05,089] {standard_task_runner.py:79} INFO - Running: ['airflow', 'tasks', 'run', 'census', 'extract_data', 'scheduled__2022-06-05T03:00:00+00:00', '--job-id', '804', '--raw', '--subdir', 'DAGS_FOLDER/dag.py', '--cfg-path', '/tmp/tmp1i7ithyn', '--error-file', '/tmp/tmppzrfhl8i']
[2022-06-05 01:35:05,089] {standard_task_runner.py:80} INFO - Job 804: Subtask extract_data
[2022-06-05 01:35:05,166] {task_command.py:370} INFO - Running <TaskInstance: census.extract_data scheduled__2022-06-05T03:00:00+00:00 [running]> on host uiliam-Vostro-15-3515
[2022-06-05 01:35:05,269] {taskinstance.py:1570} INFO - Exporting the following env vars:
AIRFLOW_CTX_DAG_OWNER=airflow
AIRFLOW_CTX_DAG_ID=census
AIRFLOW_CTX_TASK_ID=extract_data
AIRFLOW_CTX_EXECUTION_DATE=2022-06-05T03:00:00+00:00
AIRFLOW_CTX_TRY_NUMBER=1
AIRFLOW_CTX_DAG_RUN_ID=scheduled__2022-06-05T03:00:00+00:00
[2022-06-05 01:35:05,366] {python.py:173} INFO - Done. Returned value was:       age          workclass   fnlwgt    education  education_num       marital_status  ...      sex capital_gain capital_loss hours_per_week  native_country  classes
0      39          State-gov    77516    Bachelors             13        Never-married  ...     Male         2174            0             40   United-States    <=50K
1      50   Self-emp-not-inc    83311    Bachelors             13   Married-civ-spouse  ...     Male            0            0             13   United-States    <=50K
2      38            Private   215646      HS-grad              9             Divorced  ...     Male            0            0             40   United-States    <=50K
3      53            Private   234721         11th              7   Married-civ-spouse  ...     Male            0            0             40   United-States    <=50K
4      28            Private   338409    Bachelors             13   Married-civ-spouse  ...   Female            0            0             40            Cuba    <=50K
...    ..                ...      ...          ...            ...                  ...  ...      ...          ...          ...            ...             ...      ...
32556  27            Private   257302   Assoc-acdm             12   Married-civ-spouse  ...   Female            0            0             38   United-States    <=50K
32557  40            Private   154374      HS-grad              9   Married-civ-spouse  ...     Male            0            0             40   United-States     >50K
32558  58            Private   151910      HS-grad              9              Widowed  ...   Female            0            0             40   United-States    <=50K
32559  22            Private   201490      HS-grad              9        Never-married  ...     Male            0            0             20   United-States    <=50K
32560  52       Self-emp-inc   287927      HS-grad              9   Married-civ-spouse  ...   Female        15024            0             40   United-States     >50K

[32561 rows x 15 columns]
[2022-06-05 01:35:05,418] {taskinstance.py:1396} INFO - Marking task as SUCCESS. dag_id=census, task_id=extract_data, execution_date=20220605T030000, start_date=20220605T043505, end_date=20220605T043505
[2022-06-05 01:35:05,461] {local_task_job.py:156} INFO - Task exited with return code 0
[2022-06-05 01:35:05,527] {local_task_job.py:273} INFO - 1 downstream tasks scheduled from follow-on schedule check
[2022-06-05 01:46:42,462] {taskinstance.py:1160} INFO - Dependencies all met for <TaskInstance: census.extract_data scheduled__2022-06-05T03:00:00+00:00 [queued]>
[2022-06-05 01:46:42,477] {taskinstance.py:1160} INFO - Dependencies all met for <TaskInstance: census.extract_data scheduled__2022-06-05T03:00:00+00:00 [queued]>
[2022-06-05 01:46:42,477] {taskinstance.py:1357} INFO - 
--------------------------------------------------------------------------------
[2022-06-05 01:46:42,477] {taskinstance.py:1358} INFO - Starting attempt 1 of 1
[2022-06-05 01:46:42,477] {taskinstance.py:1359} INFO - 
--------------------------------------------------------------------------------
[2022-06-05 01:46:42,496] {taskinstance.py:1378} INFO - Executing <Task(PythonOperator): extract_data> on 2022-06-05 03:00:00+00:00
[2022-06-05 01:46:42,503] {standard_task_runner.py:52} INFO - Started process 15300 to run task
[2022-06-05 01:46:42,508] {standard_task_runner.py:79} INFO - Running: ['airflow', 'tasks', 'run', 'census', 'extract_data', 'scheduled__2022-06-05T03:00:00+00:00', '--job-id', '810', '--raw', '--subdir', 'DAGS_FOLDER/dag.py', '--cfg-path', '/tmp/tmpnnv11txw', '--error-file', '/tmp/tmpbbwzif3u']
[2022-06-05 01:46:42,509] {standard_task_runner.py:80} INFO - Job 810: Subtask extract_data
[2022-06-05 01:46:42,589] {task_command.py:370} INFO - Running <TaskInstance: census.extract_data scheduled__2022-06-05T03:00:00+00:00 [running]> on host uiliam-Vostro-15-3515
[2022-06-05 01:46:42,701] {taskinstance.py:1570} INFO - Exporting the following env vars:
AIRFLOW_CTX_DAG_OWNER=airflow
AIRFLOW_CTX_DAG_ID=census
AIRFLOW_CTX_TASK_ID=extract_data
AIRFLOW_CTX_EXECUTION_DATE=2022-06-05T03:00:00+00:00
AIRFLOW_CTX_TRY_NUMBER=1
AIRFLOW_CTX_DAG_RUN_ID=scheduled__2022-06-05T03:00:00+00:00
[2022-06-05 01:46:42,822] {python.py:173} INFO - Done. Returned value was:       age          workclass   fnlwgt    education  education_num       marital_status  ...      sex capital_gain capital_loss hours_per_week  native_country  classes
0      39          State-gov    77516    Bachelors             13        Never-married  ...     Male         2174            0             40   United-States    <=50K
1      50   Self-emp-not-inc    83311    Bachelors             13   Married-civ-spouse  ...     Male            0            0             13   United-States    <=50K
2      38            Private   215646      HS-grad              9             Divorced  ...     Male            0            0             40   United-States    <=50K
3      53            Private   234721         11th              7   Married-civ-spouse  ...     Male            0            0             40   United-States    <=50K
4      28            Private   338409    Bachelors             13   Married-civ-spouse  ...   Female            0            0             40            Cuba    <=50K
...    ..                ...      ...          ...            ...                  ...  ...      ...          ...          ...            ...             ...      ...
32556  27            Private   257302   Assoc-acdm             12   Married-civ-spouse  ...   Female            0            0             38   United-States    <=50K
32557  40            Private   154374      HS-grad              9   Married-civ-spouse  ...     Male            0            0             40   United-States     >50K
32558  58            Private   151910      HS-grad              9              Widowed  ...   Female            0            0             40   United-States    <=50K
32559  22            Private   201490      HS-grad              9        Never-married  ...     Male            0            0             20   United-States    <=50K
32560  52       Self-emp-inc   287927      HS-grad              9   Married-civ-spouse  ...   Female        15024            0             40   United-States     >50K

[32561 rows x 15 columns]
[2022-06-05 01:46:42,915] {taskinstance.py:1396} INFO - Marking task as SUCCESS. dag_id=census, task_id=extract_data, execution_date=20220605T030000, start_date=20220605T044642, end_date=20220605T044642
[2022-06-05 01:46:42,960] {local_task_job.py:156} INFO - Task exited with return code 0
[2022-06-05 01:46:43,062] {local_task_job.py:273} INFO - 0 downstream tasks scheduled from follow-on schedule check
