[2022-06-05 01:16:13,639] {taskinstance.py:1160} INFO - Dependencies all met for <TaskInstance: census.transforma_tabela scheduled__2022-06-05T03:00:00+00:00 [queued]>
[2022-06-05 01:16:13,655] {taskinstance.py:1160} INFO - Dependencies all met for <TaskInstance: census.transforma_tabela scheduled__2022-06-05T03:00:00+00:00 [queued]>
[2022-06-05 01:16:13,656] {taskinstance.py:1357} INFO - 
--------------------------------------------------------------------------------
[2022-06-05 01:16:13,656] {taskinstance.py:1358} INFO - Starting attempt 1 of 1
[2022-06-05 01:16:13,656] {taskinstance.py:1359} INFO - 
--------------------------------------------------------------------------------
[2022-06-05 01:16:13,677] {taskinstance.py:1378} INFO - Executing <Task(PythonOperator): transforma_tabela> on 2022-06-05 03:00:00+00:00
[2022-06-05 01:16:13,685] {standard_task_runner.py:52} INFO - Started process 42420 to run task
[2022-06-05 01:16:13,690] {standard_task_runner.py:79} INFO - Running: ['airflow', 'tasks', 'run', 'census', 'transforma_tabela', 'scheduled__2022-06-05T03:00:00+00:00', '--job-id', '780', '--raw', '--subdir', 'DAGS_FOLDER/dag.py', '--cfg-path', '/tmp/tmpxwim5jbg', '--error-file', '/tmp/tmph0rbc9ah']
[2022-06-05 01:16:13,690] {standard_task_runner.py:80} INFO - Job 780: Subtask transforma_tabela
[2022-06-05 01:16:13,767] {task_command.py:370} INFO - Running <TaskInstance: census.transforma_tabela scheduled__2022-06-05T03:00:00+00:00 [running]> on host uiliam-Vostro-15-3515
[2022-06-05 01:16:13,874] {taskinstance.py:1570} INFO - Exporting the following env vars:
AIRFLOW_CTX_DAG_OWNER=airflow
AIRFLOW_CTX_DAG_ID=census
AIRFLOW_CTX_TASK_ID=transforma_tabela
AIRFLOW_CTX_EXECUTION_DATE=2022-06-05T03:00:00+00:00
AIRFLOW_CTX_TRY_NUMBER=1
AIRFLOW_CTX_DAG_RUN_ID=scheduled__2022-06-05T03:00:00+00:00
[2022-06-05 01:16:14,344] {python.py:173} INFO - Done. Returned value was: None
[2022-06-05 01:16:14,363] {taskinstance.py:1396} INFO - Marking task as SUCCESS. dag_id=census, task_id=transforma_tabela, execution_date=20220605T030000, start_date=20220605T041613, end_date=20220605T041614
[2022-06-05 01:16:14,423] {local_task_job.py:156} INFO - Task exited with return code 0
[2022-06-05 01:16:14,497] {local_task_job.py:273} INFO - 1 downstream tasks scheduled from follow-on schedule check
[2022-06-05 01:17:52,202] {taskinstance.py:1160} INFO - Dependencies all met for <TaskInstance: census.transforma_tabela scheduled__2022-06-05T03:00:00+00:00 [queued]>
[2022-06-05 01:17:52,218] {taskinstance.py:1160} INFO - Dependencies all met for <TaskInstance: census.transforma_tabela scheduled__2022-06-05T03:00:00+00:00 [queued]>
[2022-06-05 01:17:52,218] {taskinstance.py:1357} INFO - 
--------------------------------------------------------------------------------
[2022-06-05 01:17:52,219] {taskinstance.py:1358} INFO - Starting attempt 1 of 1
[2022-06-05 01:17:52,219] {taskinstance.py:1359} INFO - 
--------------------------------------------------------------------------------
[2022-06-05 01:17:52,239] {taskinstance.py:1378} INFO - Executing <Task(PythonOperator): transforma_tabela> on 2022-06-05 03:00:00+00:00
[2022-06-05 01:17:52,247] {standard_task_runner.py:52} INFO - Started process 43904 to run task
[2022-06-05 01:17:52,253] {standard_task_runner.py:79} INFO - Running: ['airflow', 'tasks', 'run', 'census', 'transforma_tabela', 'scheduled__2022-06-05T03:00:00+00:00', '--job-id', '786', '--raw', '--subdir', 'DAGS_FOLDER/dag.py', '--cfg-path', '/tmp/tmpfmcbbwrs', '--error-file', '/tmp/tmp6q7a1gay']
[2022-06-05 01:17:52,254] {standard_task_runner.py:80} INFO - Job 786: Subtask transforma_tabela
[2022-06-05 01:17:52,336] {task_command.py:370} INFO - Running <TaskInstance: census.transforma_tabela scheduled__2022-06-05T03:00:00+00:00 [running]> on host uiliam-Vostro-15-3515
[2022-06-05 01:17:52,434] {taskinstance.py:1570} INFO - Exporting the following env vars:
AIRFLOW_CTX_DAG_OWNER=airflow
AIRFLOW_CTX_DAG_ID=census
AIRFLOW_CTX_TASK_ID=transforma_tabela
AIRFLOW_CTX_EXECUTION_DATE=2022-06-05T03:00:00+00:00
AIRFLOW_CTX_TRY_NUMBER=1
AIRFLOW_CTX_DAG_RUN_ID=scheduled__2022-06-05T03:00:00+00:00
[2022-06-05 01:17:53,389] {python.py:173} INFO - Done. Returned value was: None
[2022-06-05 01:17:53,414] {taskinstance.py:1396} INFO - Marking task as SUCCESS. dag_id=census, task_id=transforma_tabela, execution_date=20220605T030000, start_date=20220605T041752, end_date=20220605T041753
[2022-06-05 01:17:53,468] {local_task_job.py:156} INFO - Task exited with return code 0
[2022-06-05 01:17:53,531] {local_task_job.py:273} INFO - 1 downstream tasks scheduled from follow-on schedule check
[2022-06-05 01:30:08,515] {taskinstance.py:1160} INFO - Dependencies all met for <TaskInstance: census.transforma_tabela scheduled__2022-06-05T03:00:00+00:00 [queued]>
[2022-06-05 01:30:08,533] {taskinstance.py:1160} INFO - Dependencies all met for <TaskInstance: census.transforma_tabela scheduled__2022-06-05T03:00:00+00:00 [queued]>
[2022-06-05 01:30:08,533] {taskinstance.py:1357} INFO - 
--------------------------------------------------------------------------------
[2022-06-05 01:30:08,534] {taskinstance.py:1358} INFO - Starting attempt 1 of 1
[2022-06-05 01:30:08,534] {taskinstance.py:1359} INFO - 
--------------------------------------------------------------------------------
[2022-06-05 01:30:08,554] {taskinstance.py:1378} INFO - Executing <Task(PythonOperator): transforma_tabela> on 2022-06-05 03:00:00+00:00
[2022-06-05 01:30:08,561] {standard_task_runner.py:52} INFO - Started process 7495 to run task
[2022-06-05 01:30:08,566] {standard_task_runner.py:79} INFO - Running: ['airflow', 'tasks', 'run', 'census', 'transforma_tabela', 'scheduled__2022-06-05T03:00:00+00:00', '--job-id', '794', '--raw', '--subdir', 'DAGS_FOLDER/dag.py', '--cfg-path', '/tmp/tmpnnvg895j', '--error-file', '/tmp/tmpqpmpuukx']
[2022-06-05 01:30:08,567] {standard_task_runner.py:80} INFO - Job 794: Subtask transforma_tabela
[2022-06-05 01:30:08,647] {task_command.py:370} INFO - Running <TaskInstance: census.transforma_tabela scheduled__2022-06-05T03:00:00+00:00 [running]> on host uiliam-Vostro-15-3515
[2022-06-05 01:30:08,746] {taskinstance.py:1570} INFO - Exporting the following env vars:
AIRFLOW_CTX_DAG_OWNER=airflow
AIRFLOW_CTX_DAG_ID=census
AIRFLOW_CTX_TASK_ID=transforma_tabela
AIRFLOW_CTX_EXECUTION_DATE=2022-06-05T03:00:00+00:00
AIRFLOW_CTX_TRY_NUMBER=1
AIRFLOW_CTX_DAG_RUN_ID=scheduled__2022-06-05T03:00:00+00:00
[2022-06-05 01:30:09,197] {python.py:173} INFO - Done. Returned value was: None
[2022-06-05 01:30:09,218] {taskinstance.py:1396} INFO - Marking task as SUCCESS. dag_id=census, task_id=transforma_tabela, execution_date=20220605T030000, start_date=20220605T043008, end_date=20220605T043009
[2022-06-05 01:30:09,259] {local_task_job.py:156} INFO - Task exited with return code 0
[2022-06-05 01:30:09,322] {local_task_job.py:273} INFO - 1 downstream tasks scheduled from follow-on schedule check
[2022-06-05 01:32:55,711] {taskinstance.py:1160} INFO - Dependencies all met for <TaskInstance: census.transforma_tabela scheduled__2022-06-05T03:00:00+00:00 [queued]>
[2022-06-05 01:32:55,732] {taskinstance.py:1160} INFO - Dependencies all met for <TaskInstance: census.transforma_tabela scheduled__2022-06-05T03:00:00+00:00 [queued]>
[2022-06-05 01:32:55,732] {taskinstance.py:1357} INFO - 
--------------------------------------------------------------------------------
[2022-06-05 01:32:55,732] {taskinstance.py:1358} INFO - Starting attempt 1 of 1
[2022-06-05 01:32:55,732] {taskinstance.py:1359} INFO - 
--------------------------------------------------------------------------------
[2022-06-05 01:32:55,756] {taskinstance.py:1378} INFO - Executing <Task(PythonOperator): transforma_tabela> on 2022-06-05 03:00:00+00:00
[2022-06-05 01:32:55,766] {standard_task_runner.py:52} INFO - Started process 9015 to run task
[2022-06-05 01:32:55,771] {standard_task_runner.py:79} INFO - Running: ['airflow', 'tasks', 'run', 'census', 'transforma_tabela', 'scheduled__2022-06-05T03:00:00+00:00', '--job-id', '800', '--raw', '--subdir', 'DAGS_FOLDER/dag.py', '--cfg-path', '/tmp/tmpe7ojj6yz', '--error-file', '/tmp/tmp4d9ytfs2']
[2022-06-05 01:32:55,772] {standard_task_runner.py:80} INFO - Job 800: Subtask transforma_tabela
[2022-06-05 01:32:55,855] {task_command.py:370} INFO - Running <TaskInstance: census.transforma_tabela scheduled__2022-06-05T03:00:00+00:00 [running]> on host uiliam-Vostro-15-3515
[2022-06-05 01:32:55,956] {taskinstance.py:1570} INFO - Exporting the following env vars:
AIRFLOW_CTX_DAG_OWNER=airflow
AIRFLOW_CTX_DAG_ID=census
AIRFLOW_CTX_TASK_ID=transforma_tabela
AIRFLOW_CTX_EXECUTION_DATE=2022-06-05T03:00:00+00:00
AIRFLOW_CTX_TRY_NUMBER=1
AIRFLOW_CTX_DAG_RUN_ID=scheduled__2022-06-05T03:00:00+00:00
[2022-06-05 01:32:56,435] {python.py:173} INFO - Done. Returned value was: None
[2022-06-05 01:32:56,459] {taskinstance.py:1396} INFO - Marking task as SUCCESS. dag_id=census, task_id=transforma_tabela, execution_date=20220605T030000, start_date=20220605T043255, end_date=20220605T043256
[2022-06-05 01:32:56,506] {local_task_job.py:156} INFO - Task exited with return code 0
[2022-06-05 01:32:56,578] {local_task_job.py:273} INFO - 1 downstream tasks scheduled from follow-on schedule check
[2022-06-05 01:35:07,917] {taskinstance.py:1160} INFO - Dependencies all met for <TaskInstance: census.transforma_tabela scheduled__2022-06-05T03:00:00+00:00 [queued]>
[2022-06-05 01:35:07,933] {taskinstance.py:1160} INFO - Dependencies all met for <TaskInstance: census.transforma_tabela scheduled__2022-06-05T03:00:00+00:00 [queued]>
[2022-06-05 01:35:07,933] {taskinstance.py:1357} INFO - 
--------------------------------------------------------------------------------
[2022-06-05 01:35:07,933] {taskinstance.py:1358} INFO - Starting attempt 1 of 1
[2022-06-05 01:35:07,933] {taskinstance.py:1359} INFO - 
--------------------------------------------------------------------------------
[2022-06-05 01:35:07,953] {taskinstance.py:1378} INFO - Executing <Task(PythonOperator): transforma_tabela> on 2022-06-05 03:00:00+00:00
[2022-06-05 01:35:07,960] {standard_task_runner.py:52} INFO - Started process 10643 to run task
[2022-06-05 01:35:07,965] {standard_task_runner.py:79} INFO - Running: ['airflow', 'tasks', 'run', 'census', 'transforma_tabela', 'scheduled__2022-06-05T03:00:00+00:00', '--job-id', '806', '--raw', '--subdir', 'DAGS_FOLDER/dag.py', '--cfg-path', '/tmp/tmpf90c6778', '--error-file', '/tmp/tmpwrag7tg9']
[2022-06-05 01:35:07,965] {standard_task_runner.py:80} INFO - Job 806: Subtask transforma_tabela
[2022-06-05 01:35:08,040] {task_command.py:370} INFO - Running <TaskInstance: census.transforma_tabela scheduled__2022-06-05T03:00:00+00:00 [running]> on host uiliam-Vostro-15-3515
[2022-06-05 01:35:08,139] {taskinstance.py:1570} INFO - Exporting the following env vars:
AIRFLOW_CTX_DAG_OWNER=airflow
AIRFLOW_CTX_DAG_ID=census
AIRFLOW_CTX_TASK_ID=transforma_tabela
AIRFLOW_CTX_EXECUTION_DATE=2022-06-05T03:00:00+00:00
AIRFLOW_CTX_TRY_NUMBER=1
AIRFLOW_CTX_DAG_RUN_ID=scheduled__2022-06-05T03:00:00+00:00
[2022-06-05 01:35:08,559] {python.py:173} INFO - Done. Returned value was: None
[2022-06-05 01:35:08,581] {taskinstance.py:1396} INFO - Marking task as SUCCESS. dag_id=census, task_id=transforma_tabela, execution_date=20220605T030000, start_date=20220605T043507, end_date=20220605T043508
[2022-06-05 01:35:08,618] {local_task_job.py:156} INFO - Task exited with return code 0
[2022-06-05 01:35:08,696] {local_task_job.py:273} INFO - 0 downstream tasks scheduled from follow-on schedule check
[2022-06-05 01:46:45,190] {taskinstance.py:1160} INFO - Dependencies all met for <TaskInstance: census.transforma_tabela scheduled__2022-06-05T03:00:00+00:00 [queued]>
[2022-06-05 01:46:45,209] {taskinstance.py:1160} INFO - Dependencies all met for <TaskInstance: census.transforma_tabela scheduled__2022-06-05T03:00:00+00:00 [queued]>
[2022-06-05 01:46:45,209] {taskinstance.py:1357} INFO - 
--------------------------------------------------------------------------------
[2022-06-05 01:46:45,209] {taskinstance.py:1358} INFO - Starting attempt 1 of 1
[2022-06-05 01:46:45,209] {taskinstance.py:1359} INFO - 
--------------------------------------------------------------------------------
[2022-06-05 01:46:45,232] {taskinstance.py:1378} INFO - Executing <Task(PythonOperator): transforma_tabela> on 2022-06-05 03:00:00+00:00
[2022-06-05 01:46:45,242] {standard_task_runner.py:52} INFO - Started process 15458 to run task
[2022-06-05 01:46:45,248] {standard_task_runner.py:79} INFO - Running: ['airflow', 'tasks', 'run', 'census', 'transforma_tabela', 'scheduled__2022-06-05T03:00:00+00:00', '--job-id', '812', '--raw', '--subdir', 'DAGS_FOLDER/dag.py', '--cfg-path', '/tmp/tmpf8n99i8i', '--error-file', '/tmp/tmpo5869ieb']
[2022-06-05 01:46:45,248] {standard_task_runner.py:80} INFO - Job 812: Subtask transforma_tabela
[2022-06-05 01:46:45,324] {task_command.py:370} INFO - Running <TaskInstance: census.transforma_tabela scheduled__2022-06-05T03:00:00+00:00 [running]> on host uiliam-Vostro-15-3515
[2022-06-05 01:46:45,429] {taskinstance.py:1570} INFO - Exporting the following env vars:
AIRFLOW_CTX_DAG_OWNER=airflow
AIRFLOW_CTX_DAG_ID=census
AIRFLOW_CTX_TASK_ID=transforma_tabela
AIRFLOW_CTX_EXECUTION_DATE=2022-06-05T03:00:00+00:00
AIRFLOW_CTX_TRY_NUMBER=1
AIRFLOW_CTX_DAG_RUN_ID=scheduled__2022-06-05T03:00:00+00:00
[2022-06-05 01:46:45,865] {python.py:173} INFO - Done. Returned value was:        index  age          workclass  fnlwgt   education  education_num  ...      sex capital_gain capital_loss hours_per_week  native_country  classes
0          0    0          State-gov   77516   Bachelors             13  ...     Male         2174            0             40   United-States    <=50K
1          1    0   Self-emp-not-inc   83311   Bachelors             13  ...     Male            0            0             13   United-States    <=50K
2          2    0            Private  215646     HS-grad              9  ...     Male            0            0             40   United-States    <=50K
3          3    0            Private  234721        11th              7  ...     Male            0            0             40   United-States    <=50K
4          4    0            Private  338409   Bachelors             13  ...   Female            0            0             40            Cuba    <=50K
...      ...  ...                ...     ...         ...            ...  ...      ...          ...          ...            ...             ...      ...
48837  48837   39            Private  215419   Bachelors             13  ...   Female            0            0                  United-States   <=50K.
48838  48838   64               null  321403     HS-grad              9  ...     Male            0            0                  United-States   <=50K.
48839  48839   38            Private  374983   Bachelors             13  ...     Male            0            0                  United-States   <=50K.
48840  48840   44            Private   83891   Bachelors             13  ...     Male         5455            0                  United-States   <=50K.
48841  48841   35       Self-emp-inc  182148   Bachelors             13  ...     Male            0            0                  United-States    >50K.

[48842 rows x 16 columns]
[2022-06-05 01:46:45,916] {taskinstance.py:1396} INFO - Marking task as SUCCESS. dag_id=census, task_id=transforma_tabela, execution_date=20220605T030000, start_date=20220605T044645, end_date=20220605T044645
[2022-06-05 01:46:45,981] {local_task_job.py:156} INFO - Task exited with return code 0
[2022-06-05 01:46:46,043] {local_task_job.py:273} INFO - 1 downstream tasks scheduled from follow-on schedule check
