[2022-06-05 00:39:09,368] {taskinstance.py:1160} INFO - Dependencies all met for <TaskInstance: census.transforma_tabela scheduled__2022-06-05T01:28:06.051317+00:00 [queued]>
[2022-06-05 00:39:09,405] {taskinstance.py:1160} INFO - Dependencies all met for <TaskInstance: census.transforma_tabela scheduled__2022-06-05T01:28:06.051317+00:00 [queued]>
[2022-06-05 00:39:09,405] {taskinstance.py:1357} INFO - 
--------------------------------------------------------------------------------
[2022-06-05 00:39:09,405] {taskinstance.py:1358} INFO - Starting attempt 1 of 1
[2022-06-05 00:39:09,405] {taskinstance.py:1359} INFO - 
--------------------------------------------------------------------------------
[2022-06-05 00:39:09,454] {taskinstance.py:1378} INFO - Executing <Task(PythonOperator): transforma_tabela> on 2022-06-05 01:28:06.051317+00:00
[2022-06-05 00:39:09,473] {standard_task_runner.py:52} INFO - Started process 24854 to run task
[2022-06-05 00:39:09,482] {standard_task_runner.py:79} INFO - Running: ['airflow', 'tasks', 'run', 'census', 'transforma_tabela', 'scheduled__2022-06-05T01:28:06.051317+00:00', '--job-id', '641', '--raw', '--subdir', 'DAGS_FOLDER/dag.py', '--cfg-path', '/tmp/tmpc2hlc1vk', '--error-file', '/tmp/tmpr4rf7fb6']
[2022-06-05 00:39:09,483] {standard_task_runner.py:80} INFO - Job 641: Subtask transforma_tabela
[2022-06-05 00:39:09,572] {task_command.py:370} INFO - Running <TaskInstance: census.transforma_tabela scheduled__2022-06-05T01:28:06.051317+00:00 [running]> on host uiliam-Vostro-15-3515
[2022-06-05 00:39:09,703] {taskinstance.py:1570} INFO - Exporting the following env vars:
AIRFLOW_CTX_DAG_OWNER=airflow
AIRFLOW_CTX_DAG_ID=census
AIRFLOW_CTX_TASK_ID=transforma_tabela
AIRFLOW_CTX_EXECUTION_DATE=2022-06-05T01:28:06.051317+00:00
AIRFLOW_CTX_TRY_NUMBER=1
AIRFLOW_CTX_DAG_RUN_ID=scheduled__2022-06-05T01:28:06.051317+00:00
[2022-06-05 00:39:10,274] {python.py:173} INFO - Done. Returned value was: None
[2022-06-05 00:39:10,307] {taskinstance.py:1396} INFO - Marking task as SUCCESS. dag_id=census, task_id=transforma_tabela, execution_date=20220605T012806, start_date=20220605T033909, end_date=20220605T033910
[2022-06-05 00:39:10,414] {local_task_job.py:156} INFO - Task exited with return code 0
[2022-06-05 00:39:10,551] {local_task_job.py:273} INFO - 1 downstream tasks scheduled from follow-on schedule check
