[2022-06-05 00:40:16,937] {taskinstance.py:1160} INFO - Dependencies all met for <TaskInstance: census.criar_table scheduled__2022-06-05T03:39:04.553754+00:00 [queued]>
[2022-06-05 00:40:17,008] {taskinstance.py:1160} INFO - Dependencies all met for <TaskInstance: census.criar_table scheduled__2022-06-05T03:39:04.553754+00:00 [queued]>
[2022-06-05 00:40:17,008] {taskinstance.py:1357} INFO - 
--------------------------------------------------------------------------------
[2022-06-05 00:40:17,008] {taskinstance.py:1358} INFO - Starting attempt 1 of 1
[2022-06-05 00:40:17,009] {taskinstance.py:1359} INFO - 
--------------------------------------------------------------------------------
[2022-06-05 00:40:17,058] {taskinstance.py:1378} INFO - Executing <Task(PostgresOperator): criar_table> on 2022-06-05 03:39:04.553754+00:00
[2022-06-05 00:40:17,078] {standard_task_runner.py:52} INFO - Started process 29422 to run task
[2022-06-05 00:40:17,095] {standard_task_runner.py:79} INFO - Running: ['airflow', 'tasks', 'run', 'census', 'criar_table', 'scheduled__2022-06-05T03:39:04.553754+00:00', '--job-id', '748', '--raw', '--subdir', 'DAGS_FOLDER/dag.py', '--cfg-path', '/tmp/tmpcan2mucf', '--error-file', '/tmp/tmpzil26b3l']
[2022-06-05 00:40:17,095] {standard_task_runner.py:80} INFO - Job 748: Subtask criar_table
[2022-06-05 00:40:17,220] {task_command.py:370} INFO - Running <TaskInstance: census.criar_table scheduled__2022-06-05T03:39:04.553754+00:00 [running]> on host uiliam-Vostro-15-3515
[2022-06-05 00:40:17,347] {taskinstance.py:1570} INFO - Exporting the following env vars:
AIRFLOW_CTX_DAG_OWNER=airflow
AIRFLOW_CTX_DAG_ID=census
AIRFLOW_CTX_TASK_ID=criar_table
AIRFLOW_CTX_EXECUTION_DATE=2022-06-05T03:39:04.553754+00:00
AIRFLOW_CTX_TRY_NUMBER=1
AIRFLOW_CTX_DAG_RUN_ID=scheduled__2022-06-05T03:39:04.553754+00:00
[2022-06-05 00:40:17,364] {base.py:68} INFO - Using connection ID '***_default' for task execution.
[2022-06-05 00:40:17,372] {dbapi.py:213} INFO - Running statement: 
            DROP TABLE IF EXISTS census;
            CREATE TABLE census (
                id_census             SERIAL PRIMARY KEY,
                age                   INT,
                workclass             VARCHAR(20),
                fnlwgt                FLOAT,
                education             VARCHAR(20),
                education_num         INT,
                marital_status        VARCHAR(30),
                occupation            VARCHAR(20),
                relationship          VARCHAR(30),
                race                  VARCHAR(30),
                sex                   VARCHAR(10),
                capital_gain          FLOAT,
                capital_loss          FLOAT,
                hours_per_week        INT,
                native_country        VARCHAR(30),
                class                 VARCHAR(10)
                )
        , parameters: None
[2022-06-05 00:40:17,758] {taskinstance.py:1396} INFO - Marking task as SUCCESS. dag_id=census, task_id=criar_table, execution_date=20220605T033904, start_date=20220605T034016, end_date=20220605T034017
[2022-06-05 00:40:17,800] {local_task_job.py:156} INFO - Task exited with return code 0
[2022-06-05 00:40:17,871] {local_task_job.py:273} INFO - 1 downstream tasks scheduled from follow-on schedule check
