[2022-06-17 19:44:59,516] {taskinstance.py:1160} INFO - Dependencies all met for <TaskInstance: sales.create_tables_stages.criar_Stage_Customers scheduled__2022-06-16T00:00:00+00:00 [queued]>
[2022-06-17 19:44:59,556] {taskinstance.py:1160} INFO - Dependencies all met for <TaskInstance: sales.create_tables_stages.criar_Stage_Customers scheduled__2022-06-16T00:00:00+00:00 [queued]>
[2022-06-17 19:44:59,557] {taskinstance.py:1357} INFO - 
--------------------------------------------------------------------------------
[2022-06-17 19:44:59,557] {taskinstance.py:1358} INFO - Starting attempt 1 of 1
[2022-06-17 19:44:59,557] {taskinstance.py:1359} INFO - 
--------------------------------------------------------------------------------
[2022-06-17 19:44:59,620] {taskinstance.py:1378} INFO - Executing <Task(PostgresOperator): create_tables_stages.criar_Stage_Customers> on 2022-06-16 00:00:00+00:00
[2022-06-17 19:44:59,642] {standard_task_runner.py:52} INFO - Started process 166290 to run task
[2022-06-17 19:44:59,651] {standard_task_runner.py:79} INFO - Running: ['airflow', 'tasks', 'run', 'sales', 'create_tables_stages.criar_Stage_Customers', 'scheduled__2022-06-16T00:00:00+00:00', '--job-id', '1281', '--raw', '--subdir', 'DAGS_FOLDER/dag copy.py', '--cfg-path', '/tmp/tmpuykpc7rx', '--error-file', '/tmp/tmpu78cs6do']
[2022-06-17 19:44:59,652] {standard_task_runner.py:80} INFO - Job 1281: Subtask create_tables_stages.criar_Stage_Customers
[2022-06-17 19:44:59,810] {task_command.py:370} INFO - Running <TaskInstance: sales.create_tables_stages.criar_Stage_Customers scheduled__2022-06-16T00:00:00+00:00 [running]> on host uiliam-Vostro-15-3515
[2022-06-17 19:44:59,972] {taskinstance.py:1570} INFO - Exporting the following env vars:
AIRFLOW_CTX_DAG_OWNER=airflow
AIRFLOW_CTX_DAG_ID=sales
AIRFLOW_CTX_TASK_ID=create_tables_stages.criar_Stage_Customers
AIRFLOW_CTX_EXECUTION_DATE=2022-06-16T00:00:00+00:00
AIRFLOW_CTX_TRY_NUMBER=1
AIRFLOW_CTX_DAG_RUN_ID=scheduled__2022-06-16T00:00:00+00:00
[2022-06-17 19:45:00,010] {base.py:68} INFO - Using connection ID '***_default' for task execution.
[2022-06-17 19:45:00,021] {dbapi.py:213} INFO - Running statement: 
                CREATE TABLE IF NOT EXISTS Stg_Customers (
                customername VARCHAR(30),
                contactlastname VARCHAR(30),
                contactfirstname VARCHAR(30),
                phone VARCHAR(30),
                addressline1 VARCHAR(30),
                city VARCHAR(30),
                state VARCHAR(20),
                postalcode VARCHAR(30),
                country VARCHAR(30),
                creditlimit FLOAT
                )
            , parameters: None
[2022-06-17 19:45:00,033] {postgres.py:94} INFO - NOTICE:  relation "stg_customers" already exists, skipping

[2022-06-17 19:45:00,068] {taskinstance.py:1396} INFO - Marking task as SUCCESS. dag_id=sales, task_id=create_tables_stages.criar_Stage_Customers, execution_date=20220616T000000, start_date=20220617T224459, end_date=20220617T224500
[2022-06-17 19:45:00,153] {local_task_job.py:156} INFO - Task exited with return code 0
[2022-06-17 19:45:00,243] {local_task_job.py:273} INFO - 0 downstream tasks scheduled from follow-on schedule check
[2022-06-17 19:46:42,307] {taskinstance.py:1160} INFO - Dependencies all met for <TaskInstance: sales.create_tables_stages.criar_Stage_Customers scheduled__2022-06-16T00:00:00+00:00 [queued]>
[2022-06-17 19:46:42,333] {taskinstance.py:1160} INFO - Dependencies all met for <TaskInstance: sales.create_tables_stages.criar_Stage_Customers scheduled__2022-06-16T00:00:00+00:00 [queued]>
[2022-06-17 19:46:42,333] {taskinstance.py:1357} INFO - 
--------------------------------------------------------------------------------
[2022-06-17 19:46:42,333] {taskinstance.py:1358} INFO - Starting attempt 1 of 1
[2022-06-17 19:46:42,334] {taskinstance.py:1359} INFO - 
--------------------------------------------------------------------------------
[2022-06-17 19:46:42,358] {taskinstance.py:1378} INFO - Executing <Task(PostgresOperator): create_tables_stages.criar_Stage_Customers> on 2022-06-16 00:00:00+00:00
[2022-06-17 19:46:42,371] {standard_task_runner.py:52} INFO - Started process 167658 to run task
[2022-06-17 19:46:42,378] {standard_task_runner.py:79} INFO - Running: ['airflow', 'tasks', 'run', 'sales', 'create_tables_stages.criar_Stage_Customers', 'scheduled__2022-06-16T00:00:00+00:00', '--job-id', '1296', '--raw', '--subdir', 'DAGS_FOLDER/dag copy.py', '--cfg-path', '/tmp/tmpay3p9a3a', '--error-file', '/tmp/tmptd8bg5s5']
[2022-06-17 19:46:42,379] {standard_task_runner.py:80} INFO - Job 1296: Subtask create_tables_stages.criar_Stage_Customers
[2022-06-17 19:46:42,484] {task_command.py:370} INFO - Running <TaskInstance: sales.create_tables_stages.criar_Stage_Customers scheduled__2022-06-16T00:00:00+00:00 [running]> on host uiliam-Vostro-15-3515
[2022-06-17 19:46:42,656] {taskinstance.py:1570} INFO - Exporting the following env vars:
AIRFLOW_CTX_DAG_OWNER=airflow
AIRFLOW_CTX_DAG_ID=sales
AIRFLOW_CTX_TASK_ID=create_tables_stages.criar_Stage_Customers
AIRFLOW_CTX_EXECUTION_DATE=2022-06-16T00:00:00+00:00
AIRFLOW_CTX_TRY_NUMBER=1
AIRFLOW_CTX_DAG_RUN_ID=scheduled__2022-06-16T00:00:00+00:00
[2022-06-17 19:46:42,686] {base.py:68} INFO - Using connection ID '***_default' for task execution.
[2022-06-17 19:46:42,695] {dbapi.py:213} INFO - Running statement: 
                CREATE TABLE IF NOT EXISTS Stg_Customers (
                customername VARCHAR(30),
                contactlastname VARCHAR(30),
                contactfirstname VARCHAR(30),
                phone VARCHAR(30),
                addressline1 VARCHAR(30),
                city VARCHAR(30),
                state VARCHAR(20),
                postalcode VARCHAR(30),
                country VARCHAR(30),
                creditlimit FLOAT
                )
            , parameters: None
[2022-06-17 19:46:42,697] {postgres.py:94} INFO - NOTICE:  relation "stg_customers" already exists, skipping

[2022-06-17 19:46:42,735] {taskinstance.py:1396} INFO - Marking task as SUCCESS. dag_id=sales, task_id=create_tables_stages.criar_Stage_Customers, execution_date=20220616T000000, start_date=20220617T224642, end_date=20220617T224642
[2022-06-17 19:46:42,791] {local_task_job.py:156} INFO - Task exited with return code 0
[2022-06-17 19:46:42,887] {local_task_job.py:273} INFO - 0 downstream tasks scheduled from follow-on schedule check
[2022-06-17 19:49:49,741] {taskinstance.py:1160} INFO - Dependencies all met for <TaskInstance: sales.create_tables_stages.criar_Stage_Customers scheduled__2022-06-16T00:00:00+00:00 [queued]>
[2022-06-17 19:49:49,777] {taskinstance.py:1160} INFO - Dependencies all met for <TaskInstance: sales.create_tables_stages.criar_Stage_Customers scheduled__2022-06-16T00:00:00+00:00 [queued]>
[2022-06-17 19:49:49,778] {taskinstance.py:1357} INFO - 
--------------------------------------------------------------------------------
[2022-06-17 19:49:49,778] {taskinstance.py:1358} INFO - Starting attempt 1 of 1
[2022-06-17 19:49:49,779] {taskinstance.py:1359} INFO - 
--------------------------------------------------------------------------------
[2022-06-17 19:49:49,820] {taskinstance.py:1378} INFO - Executing <Task(PostgresOperator): create_tables_stages.criar_Stage_Customers> on 2022-06-16 00:00:00+00:00
[2022-06-17 19:49:49,834] {standard_task_runner.py:52} INFO - Started process 169314 to run task
[2022-06-17 19:49:49,841] {standard_task_runner.py:79} INFO - Running: ['airflow', 'tasks', 'run', 'sales', 'create_tables_stages.criar_Stage_Customers', 'scheduled__2022-06-16T00:00:00+00:00', '--job-id', '1311', '--raw', '--subdir', 'DAGS_FOLDER/dag copy.py', '--cfg-path', '/tmp/tmpiofx6vud', '--error-file', '/tmp/tmpb5_f68fn']
[2022-06-17 19:49:49,841] {standard_task_runner.py:80} INFO - Job 1311: Subtask create_tables_stages.criar_Stage_Customers
[2022-06-17 19:49:49,951] {task_command.py:370} INFO - Running <TaskInstance: sales.create_tables_stages.criar_Stage_Customers scheduled__2022-06-16T00:00:00+00:00 [running]> on host uiliam-Vostro-15-3515
[2022-06-17 19:49:50,123] {taskinstance.py:1570} INFO - Exporting the following env vars:
AIRFLOW_CTX_DAG_OWNER=airflow
AIRFLOW_CTX_DAG_ID=sales
AIRFLOW_CTX_TASK_ID=create_tables_stages.criar_Stage_Customers
AIRFLOW_CTX_EXECUTION_DATE=2022-06-16T00:00:00+00:00
AIRFLOW_CTX_TRY_NUMBER=1
AIRFLOW_CTX_DAG_RUN_ID=scheduled__2022-06-16T00:00:00+00:00
[2022-06-17 19:49:50,145] {base.py:68} INFO - Using connection ID '***_default' for task execution.
[2022-06-17 19:49:50,153] {dbapi.py:213} INFO - Running statement: 
                CREATE TABLE IF NOT EXISTS Stg_Customers (
                customername VARCHAR(30),
                contactlastname VARCHAR(30),
                contactfirstname VARCHAR(30),
                phone VARCHAR(30),
                addressline1 VARCHAR(30),
                city VARCHAR(30),
                state VARCHAR(20),
                postalcode VARCHAR(30),
                country VARCHAR(30),
                creditlimit FLOAT
                )
            , parameters: None
[2022-06-17 19:49:50,154] {postgres.py:94} INFO - NOTICE:  relation "stg_customers" already exists, skipping

[2022-06-17 19:49:50,182] {taskinstance.py:1396} INFO - Marking task as SUCCESS. dag_id=sales, task_id=create_tables_stages.criar_Stage_Customers, execution_date=20220616T000000, start_date=20220617T224949, end_date=20220617T224950
[2022-06-17 19:49:50,254] {local_task_job.py:156} INFO - Task exited with return code 0
[2022-06-17 19:49:50,367] {local_task_job.py:273} INFO - 0 downstream tasks scheduled from follow-on schedule check
[2022-06-17 20:02:29,476] {taskinstance.py:1160} INFO - Dependencies all met for <TaskInstance: sales.create_tables_stages.criar_Stage_Customers scheduled__2022-06-16T00:00:00+00:00 [queued]>
[2022-06-17 20:02:29,522] {taskinstance.py:1160} INFO - Dependencies all met for <TaskInstance: sales.create_tables_stages.criar_Stage_Customers scheduled__2022-06-16T00:00:00+00:00 [queued]>
[2022-06-17 20:02:29,522] {taskinstance.py:1357} INFO - 
--------------------------------------------------------------------------------
[2022-06-17 20:02:29,523] {taskinstance.py:1358} INFO - Starting attempt 1 of 1
[2022-06-17 20:02:29,523] {taskinstance.py:1359} INFO - 
--------------------------------------------------------------------------------
[2022-06-17 20:02:29,563] {taskinstance.py:1378} INFO - Executing <Task(PostgresOperator): create_tables_stages.criar_Stage_Customers> on 2022-06-16 00:00:00+00:00
[2022-06-17 20:02:29,589] {standard_task_runner.py:52} INFO - Started process 172989 to run task
[2022-06-17 20:02:29,597] {standard_task_runner.py:79} INFO - Running: ['airflow', 'tasks', 'run', 'sales', 'create_tables_stages.criar_Stage_Customers', 'scheduled__2022-06-16T00:00:00+00:00', '--job-id', '1324', '--raw', '--subdir', 'DAGS_FOLDER/dag copy.py', '--cfg-path', '/tmp/tmpuisu_6p7', '--error-file', '/tmp/tmpsnzptnzj']
[2022-06-17 20:02:29,598] {standard_task_runner.py:80} INFO - Job 1324: Subtask create_tables_stages.criar_Stage_Customers
[2022-06-17 20:02:29,719] {task_command.py:370} INFO - Running <TaskInstance: sales.create_tables_stages.criar_Stage_Customers scheduled__2022-06-16T00:00:00+00:00 [running]> on host uiliam-Vostro-15-3515
[2022-06-17 20:02:29,979] {taskinstance.py:1570} INFO - Exporting the following env vars:
AIRFLOW_CTX_DAG_OWNER=airflow
AIRFLOW_CTX_DAG_ID=sales
AIRFLOW_CTX_TASK_ID=create_tables_stages.criar_Stage_Customers
AIRFLOW_CTX_EXECUTION_DATE=2022-06-16T00:00:00+00:00
AIRFLOW_CTX_TRY_NUMBER=1
AIRFLOW_CTX_DAG_RUN_ID=scheduled__2022-06-16T00:00:00+00:00
[2022-06-17 20:02:30,011] {base.py:68} INFO - Using connection ID '***_default' for task execution.
[2022-06-17 20:02:30,023] {dbapi.py:213} INFO - Running statement: 
                CREATE TABLE IF NOT EXISTS Stg_Customers (
                customername VARCHAR(30),
                contactlastname VARCHAR(30),
                contactfirstname VARCHAR(30),
                phone VARCHAR(30),
                addressline1 VARCHAR(30),
                city VARCHAR(30),
                state VARCHAR(20),
                postalcode VARCHAR(30),
                country VARCHAR(30),
                creditlimit FLOAT
                )
            , parameters: None
[2022-06-17 20:02:30,032] {postgres.py:94} INFO - NOTICE:  relation "stg_customers" already exists, skipping

[2022-06-17 20:02:30,083] {taskinstance.py:1396} INFO - Marking task as SUCCESS. dag_id=sales, task_id=create_tables_stages.criar_Stage_Customers, execution_date=20220616T000000, start_date=20220617T230229, end_date=20220617T230230
[2022-06-17 20:02:30,182] {local_task_job.py:156} INFO - Task exited with return code 0
[2022-06-17 20:02:30,292] {local_task_job.py:273} INFO - 0 downstream tasks scheduled from follow-on schedule check
[2022-06-17 20:08:26,665] {taskinstance.py:1160} INFO - Dependencies all met for <TaskInstance: sales.create_tables_stages.criar_Stage_Customers scheduled__2022-06-16T00:00:00+00:00 [queued]>
[2022-06-17 20:08:26,691] {taskinstance.py:1160} INFO - Dependencies all met for <TaskInstance: sales.create_tables_stages.criar_Stage_Customers scheduled__2022-06-16T00:00:00+00:00 [queued]>
[2022-06-17 20:08:26,692] {taskinstance.py:1357} INFO - 
--------------------------------------------------------------------------------
[2022-06-17 20:08:26,692] {taskinstance.py:1358} INFO - Starting attempt 1 of 1
[2022-06-17 20:08:26,692] {taskinstance.py:1359} INFO - 
--------------------------------------------------------------------------------
[2022-06-17 20:08:26,719] {taskinstance.py:1378} INFO - Executing <Task(PostgresOperator): create_tables_stages.criar_Stage_Customers> on 2022-06-16 00:00:00+00:00
[2022-06-17 20:08:26,732] {standard_task_runner.py:52} INFO - Started process 175376 to run task
[2022-06-17 20:08:26,739] {standard_task_runner.py:79} INFO - Running: ['airflow', 'tasks', 'run', 'sales', 'create_tables_stages.criar_Stage_Customers', 'scheduled__2022-06-16T00:00:00+00:00', '--job-id', '1341', '--raw', '--subdir', 'DAGS_FOLDER/dag copy.py', '--cfg-path', '/tmp/tmpt5ikek2g', '--error-file', '/tmp/tmprh2_ow29']
[2022-06-17 20:08:26,739] {standard_task_runner.py:80} INFO - Job 1341: Subtask create_tables_stages.criar_Stage_Customers
[2022-06-17 20:08:26,834] {task_command.py:370} INFO - Running <TaskInstance: sales.create_tables_stages.criar_Stage_Customers scheduled__2022-06-16T00:00:00+00:00 [running]> on host uiliam-Vostro-15-3515
[2022-06-17 20:08:26,982] {taskinstance.py:1570} INFO - Exporting the following env vars:
AIRFLOW_CTX_DAG_OWNER=airflow
AIRFLOW_CTX_DAG_ID=sales
AIRFLOW_CTX_TASK_ID=create_tables_stages.criar_Stage_Customers
AIRFLOW_CTX_EXECUTION_DATE=2022-06-16T00:00:00+00:00
AIRFLOW_CTX_TRY_NUMBER=1
AIRFLOW_CTX_DAG_RUN_ID=scheduled__2022-06-16T00:00:00+00:00
[2022-06-17 20:08:27,008] {base.py:68} INFO - Using connection ID '***_default' for task execution.
[2022-06-17 20:08:27,016] {dbapi.py:213} INFO - Running statement: 
                CREATE TABLE IF NOT EXISTS Stg_Customers (
                customername VARCHAR(30),
                contactlastname VARCHAR(30),
                contactfirstname VARCHAR(30),
                phone VARCHAR(30),
                addressline1 VARCHAR(30),
                city VARCHAR(30),
                state VARCHAR(20),
                postalcode VARCHAR(30),
                country VARCHAR(30),
                creditlimit FLOAT
                )
            , parameters: None
[2022-06-17 20:08:27,109] {taskinstance.py:1396} INFO - Marking task as SUCCESS. dag_id=sales, task_id=create_tables_stages.criar_Stage_Customers, execution_date=20220616T000000, start_date=20220617T230826, end_date=20220617T230827
[2022-06-17 20:08:27,152] {local_task_job.py:156} INFO - Task exited with return code 0
[2022-06-17 20:08:27,247] {local_task_job.py:273} INFO - 1 downstream tasks scheduled from follow-on schedule check
[2022-06-17 20:15:30,854] {taskinstance.py:1160} INFO - Dependencies all met for <TaskInstance: sales.create_tables_stages.criar_Stage_Customers scheduled__2022-06-16T00:00:00+00:00 [queued]>
[2022-06-17 20:15:30,900] {taskinstance.py:1160} INFO - Dependencies all met for <TaskInstance: sales.create_tables_stages.criar_Stage_Customers scheduled__2022-06-16T00:00:00+00:00 [queued]>
[2022-06-17 20:15:30,900] {taskinstance.py:1357} INFO - 
--------------------------------------------------------------------------------
[2022-06-17 20:15:30,900] {taskinstance.py:1358} INFO - Starting attempt 1 of 1
[2022-06-17 20:15:30,901] {taskinstance.py:1359} INFO - 
--------------------------------------------------------------------------------
[2022-06-17 20:15:30,938] {taskinstance.py:1378} INFO - Executing <Task(PostgresOperator): create_tables_stages.criar_Stage_Customers> on 2022-06-16 00:00:00+00:00
[2022-06-17 20:15:30,955] {standard_task_runner.py:52} INFO - Started process 178090 to run task
[2022-06-17 20:15:30,964] {standard_task_runner.py:79} INFO - Running: ['airflow', 'tasks', 'run', 'sales', 'create_tables_stages.criar_Stage_Customers', 'scheduled__2022-06-16T00:00:00+00:00', '--job-id', '1354', '--raw', '--subdir', 'DAGS_FOLDER/dag copy.py', '--cfg-path', '/tmp/tmp17rd5muo', '--error-file', '/tmp/tmpadvadun9']
[2022-06-17 20:15:30,965] {standard_task_runner.py:80} INFO - Job 1354: Subtask create_tables_stages.criar_Stage_Customers
[2022-06-17 20:15:31,073] {task_command.py:370} INFO - Running <TaskInstance: sales.create_tables_stages.criar_Stage_Customers scheduled__2022-06-16T00:00:00+00:00 [running]> on host uiliam-Vostro-15-3515
[2022-06-17 20:15:31,234] {taskinstance.py:1570} INFO - Exporting the following env vars:
AIRFLOW_CTX_DAG_OWNER=airflow
AIRFLOW_CTX_DAG_ID=sales
AIRFLOW_CTX_TASK_ID=create_tables_stages.criar_Stage_Customers
AIRFLOW_CTX_EXECUTION_DATE=2022-06-16T00:00:00+00:00
AIRFLOW_CTX_TRY_NUMBER=1
AIRFLOW_CTX_DAG_RUN_ID=scheduled__2022-06-16T00:00:00+00:00
[2022-06-17 20:15:31,258] {base.py:68} INFO - Using connection ID '***_default' for task execution.
[2022-06-17 20:15:31,266] {dbapi.py:213} INFO - Running statement: 
                CREATE TABLE IF NOT EXISTS Stg_Customers (
                customername VARCHAR(30),
                contactlastname VARCHAR(30),
                contactfirstname VARCHAR(30),
                phone VARCHAR(30),
                addressline1 VARCHAR(30),
                city VARCHAR(30),
                state VARCHAR(20),
                postalcode VARCHAR(30),
                country VARCHAR(30),
                creditlimit FLOAT
                )
            , parameters: None
[2022-06-17 20:15:31,269] {postgres.py:94} INFO - NOTICE:  relation "stg_customers" already exists, skipping

[2022-06-17 20:15:31,299] {taskinstance.py:1396} INFO - Marking task as SUCCESS. dag_id=sales, task_id=create_tables_stages.criar_Stage_Customers, execution_date=20220616T000000, start_date=20220617T231530, end_date=20220617T231531
[2022-06-17 20:15:31,376] {local_task_job.py:156} INFO - Task exited with return code 0
[2022-06-17 20:15:31,575] {local_task_job.py:273} INFO - 0 downstream tasks scheduled from follow-on schedule check
