[2022-06-05 10:41:57,989] {taskinstance.py:1160} INFO - Dependencies all met for <TaskInstance: census.transforma_tabela scheduled__2022-06-05T13:40:42.350844+00:00 [queued]>
[2022-06-05 10:41:58,002] {taskinstance.py:1160} INFO - Dependencies all met for <TaskInstance: census.transforma_tabela scheduled__2022-06-05T13:40:42.350844+00:00 [queued]>
[2022-06-05 10:41:58,002] {taskinstance.py:1357} INFO - 
--------------------------------------------------------------------------------
[2022-06-05 10:41:58,002] {taskinstance.py:1358} INFO - Starting attempt 1 of 1
[2022-06-05 10:41:58,002] {taskinstance.py:1359} INFO - 
--------------------------------------------------------------------------------
[2022-06-05 10:41:58,020] {taskinstance.py:1378} INFO - Executing <Task(PythonOperator): transforma_tabela> on 2022-06-05 13:40:42.350844+00:00
[2022-06-05 10:41:58,025] {standard_task_runner.py:52} INFO - Started process 77403 to run task
[2022-06-05 10:41:58,029] {standard_task_runner.py:79} INFO - Running: ['airflow', 'tasks', 'run', 'census', 'transforma_tabela', 'scheduled__2022-06-05T13:40:42.350844+00:00', '--job-id', '877', '--raw', '--subdir', 'DAGS_FOLDER/dag.py', '--cfg-path', '/tmp/tmpaodzbhlc', '--error-file', '/tmp/tmpeyly2imv']
[2022-06-05 10:41:58,030] {standard_task_runner.py:80} INFO - Job 877: Subtask transforma_tabela
[2022-06-05 10:41:58,093] {task_command.py:370} INFO - Running <TaskInstance: census.transforma_tabela scheduled__2022-06-05T13:40:42.350844+00:00 [running]> on host uiliam-Vostro-15-3515
[2022-06-05 10:41:58,174] {taskinstance.py:1570} INFO - Exporting the following env vars:
AIRFLOW_CTX_DAG_OWNER=airflow
AIRFLOW_CTX_DAG_ID=census
AIRFLOW_CTX_TASK_ID=transforma_tabela
AIRFLOW_CTX_EXECUTION_DATE=2022-06-05T13:40:42.350844+00:00
AIRFLOW_CTX_TRY_NUMBER=1
AIRFLOW_CTX_DAG_RUN_ID=scheduled__2022-06-05T13:40:42.350844+00:00
[2022-06-05 10:41:58,454] {python.py:173} INFO - Done. Returned value was:        index  age          workclass  fnlwgt   education  education_num  ...      sex capital_gain capital_loss hours_per_week  native_country  classes
0          0    0          State-gov   77516   Bachelors             13  ...     Male         2174            0             40   United-States    <=50K
1          1    0   Self-emp-not-inc   83311   Bachelors             13  ...     Male            0            0             13   United-States    <=50K
2          2    0            Private  215646     HS-grad              9  ...     Male            0            0             40   United-States    <=50K
3          3    0            Private  234721        11th              7  ...     Male            0            0             40   United-States    <=50K
4          4    0            Private  338409   Bachelors             13  ...   Female            0            0             40            Cuba    <=50K
...      ...  ...                ...     ...         ...            ...  ...      ...          ...          ...            ...             ...      ...
48837  48837   39            Private  215419   Bachelors             13  ...   Female            0            0                  United-States   <=50K.
48838  48838   64               null  321403     HS-grad              9  ...     Male            0            0                  United-States   <=50K.
48839  48839   38            Private  374983   Bachelors             13  ...     Male            0            0                  United-States   <=50K.
48840  48840   44            Private   83891   Bachelors             13  ...     Male         5455            0                  United-States   <=50K.
48841  48841   35       Self-emp-inc  182148   Bachelors             13  ...     Male            0            0                  United-States    >50K.

[48842 rows x 16 columns]
[2022-06-05 10:41:58,498] {taskinstance.py:1396} INFO - Marking task as SUCCESS. dag_id=census, task_id=transforma_tabela, execution_date=20220605T134042, start_date=20220605T134157, end_date=20220605T134158
[2022-06-05 10:41:58,560] {local_task_job.py:156} INFO - Task exited with return code 0
[2022-06-05 10:41:58,627] {local_task_job.py:273} INFO - 1 downstream tasks scheduled from follow-on schedule check
