[2022-06-05 00:38:05,425] {taskinstance.py:1160} INFO - Dependencies all met for <TaskInstance: census.transforma_tabela scheduled__2022-06-05T01:04:06.051317+00:00 [queued]>
[2022-06-05 00:38:05,538] {taskinstance.py:1160} INFO - Dependencies all met for <TaskInstance: census.transforma_tabela scheduled__2022-06-05T01:04:06.051317+00:00 [queued]>
[2022-06-05 00:38:05,538] {taskinstance.py:1357} INFO - 
--------------------------------------------------------------------------------
[2022-06-05 00:38:05,538] {taskinstance.py:1358} INFO - Starting attempt 1 of 1
[2022-06-05 00:38:05,539] {taskinstance.py:1359} INFO - 
--------------------------------------------------------------------------------
[2022-06-05 00:38:05,654] {taskinstance.py:1378} INFO - Executing <Task(PythonOperator): transforma_tabela> on 2022-06-05 01:04:06.051317+00:00
[2022-06-05 00:38:05,670] {standard_task_runner.py:52} INFO - Started process 19716 to run task
[2022-06-05 00:38:05,719] {standard_task_runner.py:79} INFO - Running: ['airflow', 'tasks', 'run', 'census', 'transforma_tabela', 'scheduled__2022-06-05T01:04:06.051317+00:00', '--job-id', '501', '--raw', '--subdir', 'DAGS_FOLDER/dag.py', '--cfg-path', '/tmp/tmp3phhdm08', '--error-file', '/tmp/tmpno78vi5j']
[2022-06-05 00:38:05,720] {standard_task_runner.py:80} INFO - Job 501: Subtask transforma_tabela
[2022-06-05 00:38:05,947] {task_command.py:370} INFO - Running <TaskInstance: census.transforma_tabela scheduled__2022-06-05T01:04:06.051317+00:00 [running]> on host uiliam-Vostro-15-3515
[2022-06-05 00:38:06,159] {taskinstance.py:1570} INFO - Exporting the following env vars:
AIRFLOW_CTX_DAG_OWNER=airflow
AIRFLOW_CTX_DAG_ID=census
AIRFLOW_CTX_TASK_ID=transforma_tabela
AIRFLOW_CTX_EXECUTION_DATE=2022-06-05T01:04:06.051317+00:00
AIRFLOW_CTX_TRY_NUMBER=1
AIRFLOW_CTX_DAG_RUN_ID=scheduled__2022-06-05T01:04:06.051317+00:00
[2022-06-05 00:38:07,280] {python.py:173} INFO - Done. Returned value was: None
[2022-06-05 00:38:07,327] {taskinstance.py:1396} INFO - Marking task as SUCCESS. dag_id=census, task_id=transforma_tabela, execution_date=20220605T010406, start_date=20220605T033805, end_date=20220605T033807
[2022-06-05 00:38:07,433] {local_task_job.py:156} INFO - Task exited with return code 0
[2022-06-05 00:38:07,518] {local_task_job.py:273} INFO - 1 downstream tasks scheduled from follow-on schedule check
