[2022-06-05 00:39:56,492] {taskinstance.py:1160} INFO - Dependencies all met for <TaskInstance: census.transforma_tabela scheduled__2022-06-05T01:56:06.051317+00:00 [queued]>
[2022-06-05 00:39:56,554] {taskinstance.py:1160} INFO - Dependencies all met for <TaskInstance: census.transforma_tabela scheduled__2022-06-05T01:56:06.051317+00:00 [queued]>
[2022-06-05 00:39:56,555] {taskinstance.py:1357} INFO - 
--------------------------------------------------------------------------------
[2022-06-05 00:39:56,555] {taskinstance.py:1358} INFO - Starting attempt 1 of 1
[2022-06-05 00:39:56,555] {taskinstance.py:1359} INFO - 
--------------------------------------------------------------------------------
[2022-06-05 00:39:56,638] {taskinstance.py:1378} INFO - Executing <Task(PythonOperator): transforma_tabela> on 2022-06-05 01:56:06.051317+00:00
[2022-06-05 00:39:56,662] {standard_task_runner.py:52} INFO - Started process 27654 to run task
[2022-06-05 00:39:56,677] {standard_task_runner.py:79} INFO - Running: ['airflow', 'tasks', 'run', 'census', 'transforma_tabela', 'scheduled__2022-06-05T01:56:06.051317+00:00', '--job-id', '701', '--raw', '--subdir', 'DAGS_FOLDER/dag.py', '--cfg-path', '/tmp/tmpftiepway', '--error-file', '/tmp/tmpjf39ecif']
[2022-06-05 00:39:56,686] {standard_task_runner.py:80} INFO - Job 701: Subtask transforma_tabela
[2022-06-05 00:39:56,894] {task_command.py:370} INFO - Running <TaskInstance: census.transforma_tabela scheduled__2022-06-05T01:56:06.051317+00:00 [running]> on host uiliam-Vostro-15-3515
[2022-06-05 00:39:57,203] {taskinstance.py:1570} INFO - Exporting the following env vars:
AIRFLOW_CTX_DAG_OWNER=airflow
AIRFLOW_CTX_DAG_ID=census
AIRFLOW_CTX_TASK_ID=transforma_tabela
AIRFLOW_CTX_EXECUTION_DATE=2022-06-05T01:56:06.051317+00:00
AIRFLOW_CTX_TRY_NUMBER=1
AIRFLOW_CTX_DAG_RUN_ID=scheduled__2022-06-05T01:56:06.051317+00:00
[2022-06-05 00:39:57,972] {python.py:173} INFO - Done. Returned value was: None
[2022-06-05 00:39:58,012] {taskinstance.py:1396} INFO - Marking task as SUCCESS. dag_id=census, task_id=transforma_tabela, execution_date=20220605T015606, start_date=20220605T033956, end_date=20220605T033958
[2022-06-05 00:39:58,111] {local_task_job.py:156} INFO - Task exited with return code 0
[2022-06-05 00:39:58,433] {local_task_job.py:273} INFO - 0 downstream tasks scheduled from follow-on schedule check
