[2022-06-17 17:36:34,707] {taskinstance.py:1160} INFO - Dependencies all met for <TaskInstance: sales.create_tables_tasks.criar_Stage_Customers scheduled__2022-06-16T00:00:00+00:00 [queued]>
[2022-06-17 17:36:34,741] {taskinstance.py:1160} INFO - Dependencies all met for <TaskInstance: sales.create_tables_tasks.criar_Stage_Customers scheduled__2022-06-16T00:00:00+00:00 [queued]>
[2022-06-17 17:36:34,741] {taskinstance.py:1357} INFO - 
--------------------------------------------------------------------------------
[2022-06-17 17:36:34,741] {taskinstance.py:1358} INFO - Starting attempt 1 of 1
[2022-06-17 17:36:34,741] {taskinstance.py:1359} INFO - 
--------------------------------------------------------------------------------
[2022-06-17 17:36:34,766] {taskinstance.py:1378} INFO - Executing <Task(PostgresOperator): create_tables_tasks.criar_Stage_Customers> on 2022-06-16 00:00:00+00:00
[2022-06-17 17:36:34,779] {standard_task_runner.py:52} INFO - Started process 146550 to run task
[2022-06-17 17:36:34,785] {standard_task_runner.py:79} INFO - Running: ['airflow', 'tasks', 'run', 'sales', 'create_tables_tasks.criar_Stage_Customers', 'scheduled__2022-06-16T00:00:00+00:00', '--job-id', '1272', '--raw', '--subdir', 'DAGS_FOLDER/dag copy.py', '--cfg-path', '/tmp/tmphmvbrell', '--error-file', '/tmp/tmp80b7yzef']
[2022-06-17 17:36:34,786] {standard_task_runner.py:80} INFO - Job 1272: Subtask create_tables_tasks.criar_Stage_Customers
[2022-06-17 17:36:34,886] {task_command.py:370} INFO - Running <TaskInstance: sales.create_tables_tasks.criar_Stage_Customers scheduled__2022-06-16T00:00:00+00:00 [running]> on host uiliam-Vostro-15-3515
[2022-06-17 17:36:35,045] {taskinstance.py:1570} INFO - Exporting the following env vars:
AIRFLOW_CTX_DAG_OWNER=airflow
AIRFLOW_CTX_DAG_ID=sales
AIRFLOW_CTX_TASK_ID=create_tables_tasks.criar_Stage_Customers
AIRFLOW_CTX_EXECUTION_DATE=2022-06-16T00:00:00+00:00
AIRFLOW_CTX_TRY_NUMBER=1
AIRFLOW_CTX_DAG_RUN_ID=scheduled__2022-06-16T00:00:00+00:00
[2022-06-17 17:36:35,068] {base.py:68} INFO - Using connection ID '***_default' for task execution.
[2022-06-17 17:36:35,076] {dbapi.py:213} INFO - Running statement: 
                CREATE TABLE IF NOT EXISTS Stg_Customers (
                customername VARCHAR(30),
                contactlastname VARCHAR(30),
                contactfirstname VARCHAR(30),
                phone VARCHAR(30),
                addressline1 VARCHAR(30),
                city VARCHAR(30),
                state VARCHAR(20),
                postalcode VARCHAR(30),
                country VARCHAR(30),
                creditlimit FLOAT
                )
            , parameters: None
[2022-06-17 17:36:35,077] {postgres.py:94} INFO - NOTICE:  relation "stg_customers" already exists, skipping

[2022-06-17 17:36:35,107] {taskinstance.py:1396} INFO - Marking task as SUCCESS. dag_id=sales, task_id=create_tables_tasks.criar_Stage_Customers, execution_date=20220616T000000, start_date=20220617T203634, end_date=20220617T203635
[2022-06-17 17:36:35,161] {local_task_job.py:156} INFO - Task exited with return code 0
[2022-06-17 17:36:35,248] {local_task_job.py:273} INFO - 0 downstream tasks scheduled from follow-on schedule check
