[2022-06-05 10:42:47,376] {taskinstance.py:1160} INFO - Dependencies all met for <TaskInstance: census.controle_fluxo scheduled__2022-06-05T13:41:42.350844+00:00 [queued]>
[2022-06-05 10:42:47,385] {taskinstance.py:1160} INFO - Dependencies all met for <TaskInstance: census.controle_fluxo scheduled__2022-06-05T13:41:42.350844+00:00 [queued]>
[2022-06-05 10:42:47,385] {taskinstance.py:1357} INFO - 
--------------------------------------------------------------------------------
[2022-06-05 10:42:47,385] {taskinstance.py:1358} INFO - Starting attempt 1 of 1
[2022-06-05 10:42:47,385] {taskinstance.py:1359} INFO - 
--------------------------------------------------------------------------------
[2022-06-05 10:42:47,397] {taskinstance.py:1378} INFO - Executing <Task(PythonOperator): controle_fluxo> on 2022-06-05 13:41:42.350844+00:00
[2022-06-05 10:42:47,402] {standard_task_runner.py:52} INFO - Started process 78342 to run task
[2022-06-05 10:42:47,406] {standard_task_runner.py:79} INFO - Running: ['airflow', 'tasks', 'run', 'census', 'controle_fluxo', 'scheduled__2022-06-05T13:41:42.350844+00:00', '--job-id', '884', '--raw', '--subdir', 'DAGS_FOLDER/dag.py', '--cfg-path', '/tmp/tmpg8pdxy1g', '--error-file', '/tmp/tmptt8valxl']
[2022-06-05 10:42:47,406] {standard_task_runner.py:80} INFO - Job 884: Subtask controle_fluxo
[2022-06-05 10:42:47,467] {task_command.py:370} INFO - Running <TaskInstance: census.controle_fluxo scheduled__2022-06-05T13:41:42.350844+00:00 [running]> on host uiliam-Vostro-15-3515
[2022-06-05 10:42:47,550] {taskinstance.py:1570} INFO - Exporting the following env vars:
AIRFLOW_CTX_DAG_OWNER=airflow
AIRFLOW_CTX_DAG_ID=census
AIRFLOW_CTX_TASK_ID=controle_fluxo
AIRFLOW_CTX_EXECUTION_DATE=2022-06-05T13:41:42.350844+00:00
AIRFLOW_CTX_TRY_NUMBER=1
AIRFLOW_CTX_DAG_RUN_ID=scheduled__2022-06-05T13:41:42.350844+00:00
[2022-06-05 10:42:47,551] {taskinstance.py:1890} ERROR - Task failed with exception
Traceback (most recent call last):
  File "/home/uiliam/sandbox/lib/python3.9/site-packages/airflow/operators/python.py", line 171, in execute
    return_value = self.execute_callable()
  File "/home/uiliam/sandbox/lib/python3.9/site-packages/airflow/operators/python.py", line 189, in execute_callable
    return self.python_callable(*self.op_args, **self.op_kwargs)
TypeError: controller_fluxo() missing 1 required positional argument: 'init'
[2022-06-05 10:42:47,564] {taskinstance.py:1396} INFO - Marking task as FAILED. dag_id=census, task_id=controle_fluxo, execution_date=20220605T134142, start_date=20220605T134247, end_date=20220605T134247
[2022-06-05 10:42:47,579] {standard_task_runner.py:92} ERROR - Failed to execute job 884 for task controle_fluxo (controller_fluxo() missing 1 required positional argument: 'init'; 78342)
[2022-06-05 10:42:47,616] {local_task_job.py:156} INFO - Task exited with return code 1
[2022-06-05 10:42:47,674] {local_task_job.py:273} INFO - 0 downstream tasks scheduled from follow-on schedule check
