[2022-06-05 00:43:49,680] {taskinstance.py:1160} INFO - Dependencies all met for <TaskInstance: census.populate_table scheduled__2022-06-05T02:00:00+00:00 [queued]>
[2022-06-05 00:43:49,701] {taskinstance.py:1160} INFO - Dependencies all met for <TaskInstance: census.populate_table scheduled__2022-06-05T02:00:00+00:00 [queued]>
[2022-06-05 00:43:49,701] {taskinstance.py:1357} INFO - 
--------------------------------------------------------------------------------
[2022-06-05 00:43:49,701] {taskinstance.py:1358} INFO - Starting attempt 1 of 1
[2022-06-05 00:43:49,701] {taskinstance.py:1359} INFO - 
--------------------------------------------------------------------------------
[2022-06-05 00:43:49,728] {taskinstance.py:1378} INFO - Executing <Task(PythonOperator): populate_table> on 2022-06-05 02:00:00+00:00
[2022-06-05 00:43:49,740] {standard_task_runner.py:52} INFO - Started process 31899 to run task
[2022-06-05 00:43:49,746] {standard_task_runner.py:79} INFO - Running: ['airflow', 'tasks', 'run', 'census', 'populate_table', 'scheduled__2022-06-05T02:00:00+00:00', '--job-id', '767', '--raw', '--subdir', 'DAGS_FOLDER/dag.py', '--cfg-path', '/tmp/tmppzm260d6', '--error-file', '/tmp/tmpg4g4tuvd']
[2022-06-05 00:43:49,746] {standard_task_runner.py:80} INFO - Job 767: Subtask populate_table
[2022-06-05 00:43:49,842] {task_command.py:370} INFO - Running <TaskInstance: census.populate_table scheduled__2022-06-05T02:00:00+00:00 [running]> on host uiliam-Vostro-15-3515
[2022-06-05 00:43:49,963] {taskinstance.py:1570} INFO - Exporting the following env vars:
AIRFLOW_CTX_DAG_OWNER=airflow
AIRFLOW_CTX_DAG_ID=census
AIRFLOW_CTX_TASK_ID=populate_table
AIRFLOW_CTX_EXECUTION_DATE=2022-06-05T02:00:00+00:00
AIRFLOW_CTX_TRY_NUMBER=1
AIRFLOW_CTX_DAG_RUN_ID=scheduled__2022-06-05T02:00:00+00:00
[2022-06-05 00:43:49,970] {logging_mixin.py:115} INFO - <_io.TextIOWrapper name='teste_uiliam.csv' mode='r' encoding='UTF-8'>
[2022-06-05 00:43:50,256] {python.py:173} INFO - Done. Returned value was: None
[2022-06-05 00:43:50,285] {taskinstance.py:1396} INFO - Marking task as SUCCESS. dag_id=census, task_id=populate_table, execution_date=20220605T020000, start_date=20220605T034349, end_date=20220605T034350
[2022-06-05 00:43:50,359] {local_task_job.py:156} INFO - Task exited with return code 0
[2022-06-05 00:43:50,415] {local_task_job.py:273} INFO - 0 downstream tasks scheduled from follow-on schedule check
[2022-06-05 00:50:31,060] {taskinstance.py:1160} INFO - Dependencies all met for <TaskInstance: census.populate_table scheduled__2022-06-05T02:00:00+00:00 [queued]>
[2022-06-05 00:50:31,077] {taskinstance.py:1160} INFO - Dependencies all met for <TaskInstance: census.populate_table scheduled__2022-06-05T02:00:00+00:00 [queued]>
[2022-06-05 00:50:31,078] {taskinstance.py:1357} INFO - 
--------------------------------------------------------------------------------
[2022-06-05 00:50:31,078] {taskinstance.py:1358} INFO - Starting attempt 1 of 1
[2022-06-05 00:50:31,078] {taskinstance.py:1359} INFO - 
--------------------------------------------------------------------------------
[2022-06-05 00:50:31,100] {taskinstance.py:1378} INFO - Executing <Task(PythonOperator): populate_table> on 2022-06-05 02:00:00+00:00
[2022-06-05 00:50:31,110] {standard_task_runner.py:52} INFO - Started process 34417 to run task
[2022-06-05 00:50:31,116] {standard_task_runner.py:79} INFO - Running: ['airflow', 'tasks', 'run', 'census', 'populate_table', 'scheduled__2022-06-05T02:00:00+00:00', '--job-id', '774', '--raw', '--subdir', 'DAGS_FOLDER/dag.py', '--cfg-path', '/tmp/tmpyusho6wz', '--error-file', '/tmp/tmph_9cbzbr']
[2022-06-05 00:50:31,116] {standard_task_runner.py:80} INFO - Job 774: Subtask populate_table
[2022-06-05 00:50:31,195] {task_command.py:370} INFO - Running <TaskInstance: census.populate_table scheduled__2022-06-05T02:00:00+00:00 [running]> on host uiliam-Vostro-15-3515
[2022-06-05 00:50:31,295] {taskinstance.py:1570} INFO - Exporting the following env vars:
AIRFLOW_CTX_DAG_OWNER=airflow
AIRFLOW_CTX_DAG_ID=census
AIRFLOW_CTX_TASK_ID=populate_table
AIRFLOW_CTX_EXECUTION_DATE=2022-06-05T02:00:00+00:00
AIRFLOW_CTX_TRY_NUMBER=1
AIRFLOW_CTX_DAG_RUN_ID=scheduled__2022-06-05T02:00:00+00:00
[2022-06-05 00:50:31,300] {logging_mixin.py:115} INFO - <_io.TextIOWrapper name='teste_uiliam.csv' mode='r' encoding='UTF-8'>
[2022-06-05 00:50:31,571] {python.py:173} INFO - Done. Returned value was: None
[2022-06-05 00:50:31,594] {taskinstance.py:1396} INFO - Marking task as SUCCESS. dag_id=census, task_id=populate_table, execution_date=20220605T020000, start_date=20220605T035031, end_date=20220605T035031
[2022-06-05 00:50:31,648] {local_task_job.py:156} INFO - Task exited with return code 0
[2022-06-05 00:50:31,706] {local_task_job.py:273} INFO - 0 downstream tasks scheduled from follow-on schedule check
