[2022-06-05 19:41:15,488] {taskinstance.py:1160} INFO - Dependencies all met for <TaskInstance: census.populate_table scheduled__2022-06-05T22:39:53.806117+00:00 [queued]>
[2022-06-05 19:41:15,503] {taskinstance.py:1160} INFO - Dependencies all met for <TaskInstance: census.populate_table scheduled__2022-06-05T22:39:53.806117+00:00 [queued]>
[2022-06-05 19:41:15,504] {taskinstance.py:1357} INFO - 
--------------------------------------------------------------------------------
[2022-06-05 19:41:15,504] {taskinstance.py:1358} INFO - Starting attempt 1 of 1
[2022-06-05 19:41:15,504] {taskinstance.py:1359} INFO - 
--------------------------------------------------------------------------------
[2022-06-05 19:41:15,524] {taskinstance.py:1378} INFO - Executing <Task(PythonOperator): populate_table> on 2022-06-05 22:39:53.806117+00:00
[2022-06-05 19:41:15,535] {standard_task_runner.py:52} INFO - Started process 134074 to run task
[2022-06-05 19:41:15,540] {standard_task_runner.py:79} INFO - Running: ['airflow', 'tasks', 'run', 'census', 'populate_table', 'scheduled__2022-06-05T22:39:53.806117+00:00', '--job-id', '934', '--raw', '--subdir', 'DAGS_FOLDER/dag.py', '--cfg-path', '/tmp/tmpd2gqhunk', '--error-file', '/tmp/tmpfktr1nx9']
[2022-06-05 19:41:15,541] {standard_task_runner.py:80} INFO - Job 934: Subtask populate_table
[2022-06-05 19:41:15,619] {task_command.py:370} INFO - Running <TaskInstance: census.populate_table scheduled__2022-06-05T22:39:53.806117+00:00 [running]> on host uiliam-Vostro-15-3515
[2022-06-05 19:41:15,726] {taskinstance.py:1570} INFO - Exporting the following env vars:
AIRFLOW_CTX_DAG_OWNER=airflow
AIRFLOW_CTX_DAG_ID=census
AIRFLOW_CTX_TASK_ID=populate_table
AIRFLOW_CTX_EXECUTION_DATE=2022-06-05T22:39:53.806117+00:00
AIRFLOW_CTX_TRY_NUMBER=1
AIRFLOW_CTX_DAG_RUN_ID=scheduled__2022-06-05T22:39:53.806117+00:00
[2022-06-05 19:41:16,472] {python.py:173} INFO - Done. Returned value was: None
[2022-06-05 19:41:16,497] {taskinstance.py:1396} INFO - Marking task as SUCCESS. dag_id=census, task_id=populate_table, execution_date=20220605T223953, start_date=20220605T224115, end_date=20220605T224116
[2022-06-05 19:41:16,556] {local_task_job.py:156} INFO - Task exited with return code 0
[2022-06-05 19:41:16,618] {local_task_job.py:273} INFO - 0 downstream tasks scheduled from follow-on schedule check
