[2022-06-05 10:26:54,354] {taskinstance.py:1160} INFO - Dependencies all met for <TaskInstance: census.controle_fluxo scheduled__2022-06-05T13:25:48.062561+00:00 [queued]>
[2022-06-05 10:26:54,364] {taskinstance.py:1160} INFO - Dependencies all met for <TaskInstance: census.controle_fluxo scheduled__2022-06-05T13:25:48.062561+00:00 [queued]>
[2022-06-05 10:26:54,364] {taskinstance.py:1357} INFO - 
--------------------------------------------------------------------------------
[2022-06-05 10:26:54,364] {taskinstance.py:1358} INFO - Starting attempt 1 of 1
[2022-06-05 10:26:54,364] {taskinstance.py:1359} INFO - 
--------------------------------------------------------------------------------
[2022-06-05 10:26:54,378] {taskinstance.py:1378} INFO - Executing <Task(PythonOperator): controle_fluxo> on 2022-06-05 13:25:48.062561+00:00
[2022-06-05 10:26:54,383] {standard_task_runner.py:52} INFO - Started process 66498 to run task
[2022-06-05 10:26:54,388] {standard_task_runner.py:79} INFO - Running: ['airflow', 'tasks', 'run', 'census', 'controle_fluxo', 'scheduled__2022-06-05T13:25:48.062561+00:00', '--job-id', '850', '--raw', '--subdir', 'DAGS_FOLDER/dag.py', '--cfg-path', '/tmp/tmpela02hzh', '--error-file', '/tmp/tmp3fg6ffzx']
[2022-06-05 10:26:54,388] {standard_task_runner.py:80} INFO - Job 850: Subtask controle_fluxo
[2022-06-05 10:26:54,457] {task_command.py:370} INFO - Running <TaskInstance: census.controle_fluxo scheduled__2022-06-05T13:25:48.062561+00:00 [running]> on host uiliam-Vostro-15-3515
[2022-06-05 10:26:54,541] {taskinstance.py:1570} INFO - Exporting the following env vars:
AIRFLOW_CTX_DAG_OWNER=airflow
AIRFLOW_CTX_DAG_ID=census
AIRFLOW_CTX_TASK_ID=controle_fluxo
AIRFLOW_CTX_EXECUTION_DATE=2022-06-05T13:25:48.062561+00:00
AIRFLOW_CTX_TRY_NUMBER=1
AIRFLOW_CTX_DAG_RUN_ID=scheduled__2022-06-05T13:25:48.062561+00:00
[2022-06-05 10:26:54,865] {python.py:173} INFO - Done. Returned value was: None
[2022-06-05 10:26:54,882] {taskinstance.py:1396} INFO - Marking task as SUCCESS. dag_id=census, task_id=controle_fluxo, execution_date=20220605T132548, start_date=20220605T132654, end_date=20220605T132654
[2022-06-05 10:26:54,919] {local_task_job.py:156} INFO - Task exited with return code 0
[2022-06-05 10:26:54,963] {local_task_job.py:273} INFO - 1 downstream tasks scheduled from follow-on schedule check
