[2022-06-05 20:35:12,002] {taskinstance.py:1160} INFO - Dependencies all met for <TaskInstance: census.populate_table scheduled__2022-06-05T23:34:26.495603+00:00 [queued]>
[2022-06-05 20:35:12,020] {taskinstance.py:1160} INFO - Dependencies all met for <TaskInstance: census.populate_table scheduled__2022-06-05T23:34:26.495603+00:00 [queued]>
[2022-06-05 20:35:12,020] {taskinstance.py:1357} INFO - 
--------------------------------------------------------------------------------
[2022-06-05 20:35:12,020] {taskinstance.py:1358} INFO - Starting attempt 1 of 1
[2022-06-05 20:35:12,020] {taskinstance.py:1359} INFO - 
--------------------------------------------------------------------------------
[2022-06-05 20:35:12,043] {taskinstance.py:1378} INFO - Executing <Task(PythonOperator): populate_table> on 2022-06-05 23:34:26.495603+00:00
[2022-06-05 20:35:12,058] {standard_task_runner.py:52} INFO - Started process 170891 to run task
[2022-06-05 20:35:12,064] {standard_task_runner.py:79} INFO - Running: ['airflow', 'tasks', 'run', 'census', 'populate_table', 'scheduled__2022-06-05T23:34:26.495603+00:00', '--job-id', '1021', '--raw', '--subdir', 'DAGS_FOLDER/dag.py', '--cfg-path', '/tmp/tmpadprbpes', '--error-file', '/tmp/tmp_m6xmzl1']
[2022-06-05 20:35:12,065] {standard_task_runner.py:80} INFO - Job 1021: Subtask populate_table
[2022-06-05 20:35:12,161] {task_command.py:370} INFO - Running <TaskInstance: census.populate_table scheduled__2022-06-05T23:34:26.495603+00:00 [running]> on host uiliam-Vostro-15-3515
[2022-06-05 20:35:12,304] {taskinstance.py:1570} INFO - Exporting the following env vars:
AIRFLOW_CTX_DAG_OWNER=airflow
AIRFLOW_CTX_DAG_ID=census
AIRFLOW_CTX_TASK_ID=populate_table
AIRFLOW_CTX_EXECUTION_DATE=2022-06-05T23:34:26.495603+00:00
AIRFLOW_CTX_TRY_NUMBER=1
AIRFLOW_CTX_DAG_RUN_ID=scheduled__2022-06-05T23:34:26.495603+00:00
[2022-06-05 20:35:12,589] {python.py:173} INFO - Done. Returned value was: None
[2022-06-05 20:35:12,617] {taskinstance.py:1396} INFO - Marking task as SUCCESS. dag_id=census, task_id=populate_table, execution_date=20220605T233426, start_date=20220605T233512, end_date=20220605T233512
[2022-06-05 20:35:12,677] {local_task_job.py:156} INFO - Task exited with return code 0
[2022-06-05 20:35:12,739] {local_task_job.py:273} INFO - 0 downstream tasks scheduled from follow-on schedule check
