[2022-06-04 21:17:44,524] {taskinstance.py:1160} INFO - Dependencies all met for <TaskInstance: census.populate_table scheduled__2022-06-03T00:15:00+00:00 [queued]>
[2022-06-04 21:17:44,549] {taskinstance.py:1160} INFO - Dependencies all met for <TaskInstance: census.populate_table scheduled__2022-06-03T00:15:00+00:00 [queued]>
[2022-06-04 21:17:44,550] {taskinstance.py:1357} INFO - 
--------------------------------------------------------------------------------
[2022-06-04 21:17:44,550] {taskinstance.py:1358} INFO - Starting attempt 1 of 1
[2022-06-04 21:17:44,550] {taskinstance.py:1359} INFO - 
--------------------------------------------------------------------------------
[2022-06-04 21:17:44,587] {taskinstance.py:1378} INFO - Executing <Task(PythonOperator): populate_table> on 2022-06-03 00:15:00+00:00
[2022-06-04 21:17:44,604] {standard_task_runner.py:52} INFO - Started process 37382 to run task
[2022-06-04 21:17:44,611] {standard_task_runner.py:79} INFO - Running: ['airflow', 'tasks', 'run', 'census', 'populate_table', 'scheduled__2022-06-03T00:15:00+00:00', '--job-id', '364', '--raw', '--subdir', 'DAGS_FOLDER/dag.py', '--cfg-path', '/tmp/tmp1tkku1ql', '--error-file', '/tmp/tmpz18os7hw']
[2022-06-04 21:17:44,611] {standard_task_runner.py:80} INFO - Job 364: Subtask populate_table
[2022-06-04 21:17:44,745] {task_command.py:370} INFO - Running <TaskInstance: census.populate_table scheduled__2022-06-03T00:15:00+00:00 [running]> on host uiliam-Vostro-15-3515
[2022-06-04 21:17:44,885] {taskinstance.py:1570} INFO - Exporting the following env vars:
AIRFLOW_CTX_DAG_OWNER=airflow
AIRFLOW_CTX_DAG_ID=census
AIRFLOW_CTX_TASK_ID=populate_table
AIRFLOW_CTX_EXECUTION_DATE=2022-06-03T00:15:00+00:00
AIRFLOW_CTX_TRY_NUMBER=1
AIRFLOW_CTX_DAG_RUN_ID=scheduled__2022-06-03T00:15:00+00:00
[2022-06-04 21:17:44,891] {logging_mixin.py:115} INFO - <_io.TextIOWrapper name='teste_uiliam.csv' mode='r' encoding='UTF-8'>
[2022-06-04 21:17:45,219] {python.py:173} INFO - Done. Returned value was: None
[2022-06-04 21:17:45,242] {taskinstance.py:1396} INFO - Marking task as SUCCESS. dag_id=census, task_id=populate_table, execution_date=20220603T001500, start_date=20220605T001744, end_date=20220605T001745
[2022-06-04 21:17:45,310] {local_task_job.py:156} INFO - Task exited with return code 0
[2022-06-04 21:17:45,403] {local_task_job.py:273} INFO - 0 downstream tasks scheduled from follow-on schedule check
