[2022-06-05 00:38:55,078] {taskinstance.py:1160} INFO - Dependencies all met for <TaskInstance: census.populate_table scheduled__2022-06-05T01:24:06.051317+00:00 [queued]>
[2022-06-05 00:38:55,098] {taskinstance.py:1160} INFO - Dependencies all met for <TaskInstance: census.populate_table scheduled__2022-06-05T01:24:06.051317+00:00 [queued]>
[2022-06-05 00:38:55,098] {taskinstance.py:1357} INFO - 
--------------------------------------------------------------------------------
[2022-06-05 00:38:55,098] {taskinstance.py:1358} INFO - Starting attempt 1 of 1
[2022-06-05 00:38:55,098] {taskinstance.py:1359} INFO - 
--------------------------------------------------------------------------------
[2022-06-05 00:38:55,117] {taskinstance.py:1378} INFO - Executing <Task(PythonOperator): populate_table> on 2022-06-05 01:24:06.051317+00:00
[2022-06-05 00:38:55,130] {standard_task_runner.py:52} INFO - Started process 23943 to run task
[2022-06-05 00:38:55,135] {standard_task_runner.py:79} INFO - Running: ['airflow', 'tasks', 'run', 'census', 'populate_table', 'scheduled__2022-06-05T01:24:06.051317+00:00', '--job-id', '617', '--raw', '--subdir', 'DAGS_FOLDER/dag.py', '--cfg-path', '/tmp/tmpwhg0vucc', '--error-file', '/tmp/tmphlj0b9d2']
[2022-06-05 00:38:55,136] {standard_task_runner.py:80} INFO - Job 617: Subtask populate_table
[2022-06-05 00:38:55,230] {task_command.py:370} INFO - Running <TaskInstance: census.populate_table scheduled__2022-06-05T01:24:06.051317+00:00 [running]> on host uiliam-Vostro-15-3515
[2022-06-05 00:38:55,332] {taskinstance.py:1570} INFO - Exporting the following env vars:
AIRFLOW_CTX_DAG_OWNER=airflow
AIRFLOW_CTX_DAG_ID=census
AIRFLOW_CTX_TASK_ID=populate_table
AIRFLOW_CTX_EXECUTION_DATE=2022-06-05T01:24:06.051317+00:00
AIRFLOW_CTX_TRY_NUMBER=1
AIRFLOW_CTX_DAG_RUN_ID=scheduled__2022-06-05T01:24:06.051317+00:00
[2022-06-05 00:38:55,338] {logging_mixin.py:115} INFO - <_io.TextIOWrapper name='teste_uiliam.csv' mode='r' encoding='UTF-8'>
[2022-06-05 00:38:55,551] {python.py:173} INFO - Done. Returned value was: None
[2022-06-05 00:38:55,573] {taskinstance.py:1396} INFO - Marking task as SUCCESS. dag_id=census, task_id=populate_table, execution_date=20220605T012406, start_date=20220605T033855, end_date=20220605T033855
[2022-06-05 00:38:55,629] {local_task_job.py:156} INFO - Task exited with return code 0
[2022-06-05 00:38:55,678] {local_task_job.py:273} INFO - 0 downstream tasks scheduled from follow-on schedule check
