[2022-06-04 21:17:37,464] {taskinstance.py:1160} INFO - Dependencies all met for <TaskInstance: census.transforma_tabela scheduled__2022-06-03T00:15:00+00:00 [queued]>
[2022-06-04 21:17:37,491] {taskinstance.py:1160} INFO - Dependencies all met for <TaskInstance: census.transforma_tabela scheduled__2022-06-03T00:15:00+00:00 [queued]>
[2022-06-04 21:17:37,492] {taskinstance.py:1357} INFO - 
--------------------------------------------------------------------------------
[2022-06-04 21:17:37,492] {taskinstance.py:1358} INFO - Starting attempt 1 of 1
[2022-06-04 21:17:37,492] {taskinstance.py:1359} INFO - 
--------------------------------------------------------------------------------
[2022-06-04 21:17:37,534] {taskinstance.py:1378} INFO - Executing <Task(PythonOperator): transforma_tabela> on 2022-06-03 00:15:00+00:00
[2022-06-04 21:17:37,555] {standard_task_runner.py:52} INFO - Started process 36887 to run task
[2022-06-04 21:17:37,568] {standard_task_runner.py:79} INFO - Running: ['airflow', 'tasks', 'run', 'census', 'transforma_tabela', 'scheduled__2022-06-03T00:15:00+00:00', '--job-id', '352', '--raw', '--subdir', 'DAGS_FOLDER/dag.py', '--cfg-path', '/tmp/tmpx9r01va9', '--error-file', '/tmp/tmpmmf__paj']
[2022-06-04 21:17:37,570] {standard_task_runner.py:80} INFO - Job 352: Subtask transforma_tabela
[2022-06-04 21:17:37,768] {task_command.py:370} INFO - Running <TaskInstance: census.transforma_tabela scheduled__2022-06-03T00:15:00+00:00 [running]> on host uiliam-Vostro-15-3515
[2022-06-04 21:17:38,017] {taskinstance.py:1570} INFO - Exporting the following env vars:
AIRFLOW_CTX_DAG_OWNER=airflow
AIRFLOW_CTX_DAG_ID=census
AIRFLOW_CTX_TASK_ID=transforma_tabela
AIRFLOW_CTX_EXECUTION_DATE=2022-06-03T00:15:00+00:00
AIRFLOW_CTX_TRY_NUMBER=1
AIRFLOW_CTX_DAG_RUN_ID=scheduled__2022-06-03T00:15:00+00:00
[2022-06-04 21:17:38,796] {python.py:173} INFO - Done. Returned value was: None
[2022-06-04 21:17:38,827] {taskinstance.py:1396} INFO - Marking task as SUCCESS. dag_id=census, task_id=transforma_tabela, execution_date=20220603T001500, start_date=20220605T001737, end_date=20220605T001738
[2022-06-04 21:17:38,909] {local_task_job.py:156} INFO - Task exited with return code 0
[2022-06-04 21:17:39,005] {local_task_job.py:273} INFO - 1 downstream tasks scheduled from follow-on schedule check
