[2022-06-05 00:38:07,347] {taskinstance.py:1160} INFO - Dependencies all met for <TaskInstance: census.transforma_tabela scheduled__2022-06-05T01:06:06.051317+00:00 [queued]>
[2022-06-05 00:38:07,408] {taskinstance.py:1160} INFO - Dependencies all met for <TaskInstance: census.transforma_tabela scheduled__2022-06-05T01:06:06.051317+00:00 [queued]>
[2022-06-05 00:38:07,408] {taskinstance.py:1357} INFO - 
--------------------------------------------------------------------------------
[2022-06-05 00:38:07,409] {taskinstance.py:1358} INFO - Starting attempt 1 of 1
[2022-06-05 00:38:07,409] {taskinstance.py:1359} INFO - 
--------------------------------------------------------------------------------
[2022-06-05 00:38:07,516] {taskinstance.py:1378} INFO - Executing <Task(PythonOperator): transforma_tabela> on 2022-06-05 01:06:06.051317+00:00
[2022-06-05 00:38:07,544] {standard_task_runner.py:52} INFO - Started process 19901 to run task
[2022-06-05 00:38:07,561] {standard_task_runner.py:79} INFO - Running: ['airflow', 'tasks', 'run', 'census', 'transforma_tabela', 'scheduled__2022-06-05T01:06:06.051317+00:00', '--job-id', '508', '--raw', '--subdir', 'DAGS_FOLDER/dag.py', '--cfg-path', '/tmp/tmpwdnl5epw', '--error-file', '/tmp/tmpc7hg810f']
[2022-06-05 00:38:07,562] {standard_task_runner.py:80} INFO - Job 508: Subtask transforma_tabela
[2022-06-05 00:38:07,840] {task_command.py:370} INFO - Running <TaskInstance: census.transforma_tabela scheduled__2022-06-05T01:06:06.051317+00:00 [running]> on host uiliam-Vostro-15-3515
[2022-06-05 00:38:08,194] {taskinstance.py:1570} INFO - Exporting the following env vars:
AIRFLOW_CTX_DAG_OWNER=airflow
AIRFLOW_CTX_DAG_ID=census
AIRFLOW_CTX_TASK_ID=transforma_tabela
AIRFLOW_CTX_EXECUTION_DATE=2022-06-05T01:06:06.051317+00:00
AIRFLOW_CTX_TRY_NUMBER=1
AIRFLOW_CTX_DAG_RUN_ID=scheduled__2022-06-05T01:06:06.051317+00:00
[2022-06-05 00:38:09,052] {python.py:173} INFO - Done. Returned value was: None
[2022-06-05 00:38:09,126] {taskinstance.py:1396} INFO - Marking task as SUCCESS. dag_id=census, task_id=transforma_tabela, execution_date=20220605T010606, start_date=20220605T033807, end_date=20220605T033809
[2022-06-05 00:38:09,240] {local_task_job.py:156} INFO - Task exited with return code 0
[2022-06-05 00:38:09,418] {local_task_job.py:273} INFO - 1 downstream tasks scheduled from follow-on schedule check
