[2022-06-20 23:02:29,395] {taskinstance.py:1160} INFO - Dependencies all met for <TaskInstance: sales.create_tables_tasks.criar_DM_orderd scheduled__2022-06-20T00:00:00+00:00 [queued]>
[2022-06-20 23:02:29,412] {taskinstance.py:1160} INFO - Dependencies all met for <TaskInstance: sales.create_tables_tasks.criar_DM_orderd scheduled__2022-06-20T00:00:00+00:00 [queued]>
[2022-06-20 23:02:29,412] {taskinstance.py:1357} INFO - 
--------------------------------------------------------------------------------
[2022-06-20 23:02:29,412] {taskinstance.py:1358} INFO - Starting attempt 1 of 1
[2022-06-20 23:02:29,412] {taskinstance.py:1359} INFO - 
--------------------------------------------------------------------------------
[2022-06-20 23:02:29,430] {taskinstance.py:1378} INFO - Executing <Task(PostgresOperator): create_tables_tasks.criar_DM_orderd> on 2022-06-20 00:00:00+00:00
[2022-06-20 23:02:29,436] {standard_task_runner.py:52} INFO - Started process 9021 to run task
[2022-06-20 23:02:29,441] {standard_task_runner.py:79} INFO - Running: ['airflow', 'tasks', 'run', 'sales', 'create_tables_tasks.criar_DM_orderd', 'scheduled__2022-06-20T00:00:00+00:00', '--job-id', '523', '--raw', '--subdir', 'DAGS_FOLDER/sales.py', '--cfg-path', '/tmp/tmp2wgxae_x', '--error-file', '/tmp/tmp4uy8034m']
[2022-06-20 23:02:29,441] {standard_task_runner.py:80} INFO - Job 523: Subtask create_tables_tasks.criar_DM_orderd
[2022-06-20 23:02:29,507] {task_command.py:370} INFO - Running <TaskInstance: sales.create_tables_tasks.criar_DM_orderd scheduled__2022-06-20T00:00:00+00:00 [running]> on host uiliam-Vostro-15-3515
[2022-06-20 23:02:29,598] {taskinstance.py:1570} INFO - Exporting the following env vars:
AIRFLOW_CTX_DAG_OWNER=airflow
AIRFLOW_CTX_DAG_ID=sales
AIRFLOW_CTX_TASK_ID=create_tables_tasks.criar_DM_orderd
AIRFLOW_CTX_EXECUTION_DATE=2022-06-20T00:00:00+00:00
AIRFLOW_CTX_TRY_NUMBER=1
AIRFLOW_CTX_DAG_RUN_ID=scheduled__2022-06-20T00:00:00+00:00
[2022-06-20 23:02:29,612] {base.py:68} INFO - Using connection ID '***' for task execution.
[2022-06-20 23:02:29,616] {dbapi.py:213} INFO - Running statement: 
                CREATE TABLE IF NOT EXISTS dm_orderd (
                id_ordd SERIAL PRIMARY KEY, 
                ordernumber INT NOT NULL,                     
                orderLineNumber int not null,
                quantityOrdered int not null,
                priceeach float not null
                )
            , parameters: None
[2022-06-20 23:02:29,616] {postgres.py:94} INFO - NOTICE:  relation "dm_orderd" already exists, skipping

[2022-06-20 23:02:29,633] {taskinstance.py:1396} INFO - Marking task as SUCCESS. dag_id=sales, task_id=create_tables_tasks.criar_DM_orderd, execution_date=20220620T000000, start_date=20220621T020229, end_date=20220621T020229
[2022-06-20 23:02:29,692] {local_task_job.py:156} INFO - Task exited with return code 0
[2022-06-20 23:02:29,741] {local_task_job.py:273} INFO - 0 downstream tasks scheduled from follow-on schedule check
[2022-06-21 01:35:37,438] {taskinstance.py:1160} INFO - Dependencies all met for <TaskInstance: sales.create_tables_tasks.criar_DM_orderd scheduled__2022-06-20T00:00:00+00:00 [queued]>
[2022-06-21 01:35:37,475] {taskinstance.py:1160} INFO - Dependencies all met for <TaskInstance: sales.create_tables_tasks.criar_DM_orderd scheduled__2022-06-20T00:00:00+00:00 [queued]>
[2022-06-21 01:35:37,475] {taskinstance.py:1357} INFO - 
--------------------------------------------------------------------------------
[2022-06-21 01:35:37,475] {taskinstance.py:1358} INFO - Starting attempt 1 of 1
[2022-06-21 01:35:37,476] {taskinstance.py:1359} INFO - 
--------------------------------------------------------------------------------
[2022-06-21 01:35:37,508] {taskinstance.py:1378} INFO - Executing <Task(PostgresOperator): create_tables_tasks.criar_DM_orderd> on 2022-06-20 00:00:00+00:00
[2022-06-21 01:35:37,521] {standard_task_runner.py:52} INFO - Started process 24860 to run task
[2022-06-21 01:35:37,528] {standard_task_runner.py:79} INFO - Running: ['airflow', 'tasks', 'run', 'sales', 'create_tables_tasks.criar_DM_orderd', 'scheduled__2022-06-20T00:00:00+00:00', '--job-id', '545', '--raw', '--subdir', 'DAGS_FOLDER/sales.py', '--cfg-path', '/tmp/tmp724qi81q', '--error-file', '/tmp/tmp_em_l6s_']
[2022-06-21 01:35:37,529] {standard_task_runner.py:80} INFO - Job 545: Subtask create_tables_tasks.criar_DM_orderd
[2022-06-21 01:35:37,651] {task_command.py:370} INFO - Running <TaskInstance: sales.create_tables_tasks.criar_DM_orderd scheduled__2022-06-20T00:00:00+00:00 [running]> on host uiliam-Vostro-15-3515
[2022-06-21 01:35:37,817] {taskinstance.py:1570} INFO - Exporting the following env vars:
AIRFLOW_CTX_DAG_OWNER=airflow
AIRFLOW_CTX_DAG_ID=sales
AIRFLOW_CTX_TASK_ID=create_tables_tasks.criar_DM_orderd
AIRFLOW_CTX_EXECUTION_DATE=2022-06-20T00:00:00+00:00
AIRFLOW_CTX_TRY_NUMBER=1
AIRFLOW_CTX_DAG_RUN_ID=scheduled__2022-06-20T00:00:00+00:00
[2022-06-21 01:35:37,845] {base.py:68} INFO - Using connection ID '***' for task execution.
[2022-06-21 01:35:37,853] {dbapi.py:213} INFO - Running statement: 
                CREATE TABLE IF NOT EXISTS dm_orderd (
                id_ordd SERIAL PRIMARY KEY, 
                ordernumber INT NOT NULL,                     
                orderLineNumber int not null,
                status float not null
                )
            , parameters: None
[2022-06-21 01:35:37,899] {taskinstance.py:1396} INFO - Marking task as SUCCESS. dag_id=sales, task_id=create_tables_tasks.criar_DM_orderd, execution_date=20220620T000000, start_date=20220621T043537, end_date=20220621T043537
[2022-06-21 01:35:37,945] {local_task_job.py:156} INFO - Task exited with return code 0
[2022-06-21 01:35:38,026] {local_task_job.py:273} INFO - 0 downstream tasks scheduled from follow-on schedule check
[2022-06-21 01:39:11,731] {taskinstance.py:1160} INFO - Dependencies all met for <TaskInstance: sales.create_tables_tasks.criar_DM_orderd scheduled__2022-06-20T00:00:00+00:00 [queued]>
[2022-06-21 01:39:11,756] {taskinstance.py:1160} INFO - Dependencies all met for <TaskInstance: sales.create_tables_tasks.criar_DM_orderd scheduled__2022-06-20T00:00:00+00:00 [queued]>
[2022-06-21 01:39:11,757] {taskinstance.py:1357} INFO - 
--------------------------------------------------------------------------------
[2022-06-21 01:39:11,757] {taskinstance.py:1358} INFO - Starting attempt 1 of 1
[2022-06-21 01:39:11,757] {taskinstance.py:1359} INFO - 
--------------------------------------------------------------------------------
[2022-06-21 01:39:11,783] {taskinstance.py:1378} INFO - Executing <Task(PostgresOperator): create_tables_tasks.criar_DM_orderd> on 2022-06-20 00:00:00+00:00
[2022-06-21 01:39:11,795] {standard_task_runner.py:52} INFO - Started process 26740 to run task
[2022-06-21 01:39:11,801] {standard_task_runner.py:79} INFO - Running: ['airflow', 'tasks', 'run', 'sales', 'create_tables_tasks.criar_DM_orderd', 'scheduled__2022-06-20T00:00:00+00:00', '--job-id', '558', '--raw', '--subdir', 'DAGS_FOLDER/sales.py', '--cfg-path', '/tmp/tmpevj27i7f', '--error-file', '/tmp/tmprh2n1y52']
[2022-06-21 01:39:11,802] {standard_task_runner.py:80} INFO - Job 558: Subtask create_tables_tasks.criar_DM_orderd
[2022-06-21 01:39:11,896] {task_command.py:370} INFO - Running <TaskInstance: sales.create_tables_tasks.criar_DM_orderd scheduled__2022-06-20T00:00:00+00:00 [running]> on host uiliam-Vostro-15-3515
[2022-06-21 01:39:12,045] {taskinstance.py:1570} INFO - Exporting the following env vars:
AIRFLOW_CTX_DAG_OWNER=airflow
AIRFLOW_CTX_DAG_ID=sales
AIRFLOW_CTX_TASK_ID=create_tables_tasks.criar_DM_orderd
AIRFLOW_CTX_EXECUTION_DATE=2022-06-20T00:00:00+00:00
AIRFLOW_CTX_TRY_NUMBER=1
AIRFLOW_CTX_DAG_RUN_ID=scheduled__2022-06-20T00:00:00+00:00
[2022-06-21 01:39:12,076] {base.py:68} INFO - Using connection ID '***' for task execution.
[2022-06-21 01:39:12,087] {dbapi.py:213} INFO - Running statement: 
                CREATE TABLE IF NOT EXISTS dm_orderd (
                id_ordd SERIAL PRIMARY KEY, 
                ordernumber INT NOT NULL,                     
                orderLineNumber int not null,
                status VARCHAR(20) not null
                )
            , parameters: None
[2022-06-21 01:39:12,144] {taskinstance.py:1396} INFO - Marking task as SUCCESS. dag_id=sales, task_id=create_tables_tasks.criar_DM_orderd, execution_date=20220620T000000, start_date=20220621T043911, end_date=20220621T043912
[2022-06-21 01:39:12,219] {local_task_job.py:156} INFO - Task exited with return code 0
[2022-06-21 01:39:12,357] {local_task_job.py:273} INFO - 0 downstream tasks scheduled from follow-on schedule check
[2022-06-21 01:43:21,398] {taskinstance.py:1160} INFO - Dependencies all met for <TaskInstance: sales.create_tables_tasks.criar_DM_orderd scheduled__2022-06-20T00:00:00+00:00 [queued]>
[2022-06-21 01:43:21,436] {taskinstance.py:1160} INFO - Dependencies all met for <TaskInstance: sales.create_tables_tasks.criar_DM_orderd scheduled__2022-06-20T00:00:00+00:00 [queued]>
[2022-06-21 01:43:21,437] {taskinstance.py:1357} INFO - 
--------------------------------------------------------------------------------
[2022-06-21 01:43:21,437] {taskinstance.py:1358} INFO - Starting attempt 1 of 1
[2022-06-21 01:43:21,437] {taskinstance.py:1359} INFO - 
--------------------------------------------------------------------------------
[2022-06-21 01:43:21,467] {taskinstance.py:1378} INFO - Executing <Task(PostgresOperator): create_tables_tasks.criar_DM_orderd> on 2022-06-20 00:00:00+00:00
[2022-06-21 01:43:21,482] {standard_task_runner.py:52} INFO - Started process 28685 to run task
[2022-06-21 01:43:21,489] {standard_task_runner.py:79} INFO - Running: ['airflow', 'tasks', 'run', 'sales', 'create_tables_tasks.criar_DM_orderd', 'scheduled__2022-06-20T00:00:00+00:00', '--job-id', '579', '--raw', '--subdir', 'DAGS_FOLDER/sales.py', '--cfg-path', '/tmp/tmpa3gd88_q', '--error-file', '/tmp/tmpio46zq_7']
[2022-06-21 01:43:21,490] {standard_task_runner.py:80} INFO - Job 579: Subtask create_tables_tasks.criar_DM_orderd
[2022-06-21 01:43:21,607] {task_command.py:370} INFO - Running <TaskInstance: sales.create_tables_tasks.criar_DM_orderd scheduled__2022-06-20T00:00:00+00:00 [running]> on host uiliam-Vostro-15-3515
[2022-06-21 01:43:21,755] {taskinstance.py:1570} INFO - Exporting the following env vars:
AIRFLOW_CTX_DAG_OWNER=airflow
AIRFLOW_CTX_DAG_ID=sales
AIRFLOW_CTX_TASK_ID=create_tables_tasks.criar_DM_orderd
AIRFLOW_CTX_EXECUTION_DATE=2022-06-20T00:00:00+00:00
AIRFLOW_CTX_TRY_NUMBER=1
AIRFLOW_CTX_DAG_RUN_ID=scheduled__2022-06-20T00:00:00+00:00
[2022-06-21 01:43:21,780] {base.py:68} INFO - Using connection ID '***' for task execution.
[2022-06-21 01:43:21,790] {dbapi.py:213} INFO - Running statement: 
                CREATE TABLE IF NOT EXISTS dm_orderd (
                id_ordd SERIAL PRIMARY KEY, 
                ordernumber INT NOT NULL,                     
                orderLineNumber int not null,
                status VARCHAR(20) not null
                )
            , parameters: None
[2022-06-21 01:43:21,833] {taskinstance.py:1396} INFO - Marking task as SUCCESS. dag_id=sales, task_id=create_tables_tasks.criar_DM_orderd, execution_date=20220620T000000, start_date=20220621T044321, end_date=20220621T044321
[2022-06-21 01:43:21,903] {local_task_job.py:156} INFO - Task exited with return code 0
[2022-06-21 01:43:21,983] {local_task_job.py:273} INFO - 0 downstream tasks scheduled from follow-on schedule check
[2022-06-21 01:50:25,725] {taskinstance.py:1160} INFO - Dependencies all met for <TaskInstance: sales.create_tables_tasks.criar_DM_orderd scheduled__2022-06-20T00:00:00+00:00 [queued]>
[2022-06-21 01:50:25,768] {taskinstance.py:1160} INFO - Dependencies all met for <TaskInstance: sales.create_tables_tasks.criar_DM_orderd scheduled__2022-06-20T00:00:00+00:00 [queued]>
[2022-06-21 01:50:25,768] {taskinstance.py:1357} INFO - 
--------------------------------------------------------------------------------
[2022-06-21 01:50:25,768] {taskinstance.py:1358} INFO - Starting attempt 1 of 1
[2022-06-21 01:50:25,768] {taskinstance.py:1359} INFO - 
--------------------------------------------------------------------------------
[2022-06-21 01:50:25,803] {taskinstance.py:1378} INFO - Executing <Task(PostgresOperator): create_tables_tasks.criar_DM_orderd> on 2022-06-20 00:00:00+00:00
[2022-06-21 01:50:25,818] {standard_task_runner.py:52} INFO - Started process 31129 to run task
[2022-06-21 01:50:25,830] {standard_task_runner.py:79} INFO - Running: ['airflow', 'tasks', 'run', 'sales', 'create_tables_tasks.criar_DM_orderd', 'scheduled__2022-06-20T00:00:00+00:00', '--job-id', '597', '--raw', '--subdir', 'DAGS_FOLDER/sales.py', '--cfg-path', '/tmp/tmp5s2lsx4_', '--error-file', '/tmp/tmpqorwiuut']
[2022-06-21 01:50:25,830] {standard_task_runner.py:80} INFO - Job 597: Subtask create_tables_tasks.criar_DM_orderd
[2022-06-21 01:50:25,952] {task_command.py:370} INFO - Running <TaskInstance: sales.create_tables_tasks.criar_DM_orderd scheduled__2022-06-20T00:00:00+00:00 [running]> on host uiliam-Vostro-15-3515
[2022-06-21 01:50:26,119] {taskinstance.py:1570} INFO - Exporting the following env vars:
AIRFLOW_CTX_DAG_OWNER=airflow
AIRFLOW_CTX_DAG_ID=sales
AIRFLOW_CTX_TASK_ID=create_tables_tasks.criar_DM_orderd
AIRFLOW_CTX_EXECUTION_DATE=2022-06-20T00:00:00+00:00
AIRFLOW_CTX_TRY_NUMBER=1
AIRFLOW_CTX_DAG_RUN_ID=scheduled__2022-06-20T00:00:00+00:00
[2022-06-21 01:50:26,146] {base.py:68} INFO - Using connection ID '***' for task execution.
[2022-06-21 01:50:26,153] {dbapi.py:213} INFO - Running statement: 
                CREATE TABLE IF NOT EXISTS dm_orderd (
                id_ordd SERIAL PRIMARY KEY, 
                ordernumber INT NOT NULL,                     
                orderLineNumber int not null,
                status VARCHAR(20) not null
                )
            , parameters: None
[2022-06-21 01:50:26,234] {taskinstance.py:1396} INFO - Marking task as SUCCESS. dag_id=sales, task_id=create_tables_tasks.criar_DM_orderd, execution_date=20220620T000000, start_date=20220621T045025, end_date=20220621T045026
[2022-06-21 01:50:26,320] {local_task_job.py:156} INFO - Task exited with return code 0
[2022-06-21 01:50:26,400] {local_task_job.py:273} INFO - 0 downstream tasks scheduled from follow-on schedule check
[2022-06-21 02:14:08,223] {taskinstance.py:1160} INFO - Dependencies all met for <TaskInstance: sales.create_tables_tasks.criar_DM_orderd scheduled__2022-06-20T00:00:00+00:00 [queued]>
[2022-06-21 02:14:08,249] {taskinstance.py:1160} INFO - Dependencies all met for <TaskInstance: sales.create_tables_tasks.criar_DM_orderd scheduled__2022-06-20T00:00:00+00:00 [queued]>
[2022-06-21 02:14:08,250] {taskinstance.py:1357} INFO - 
--------------------------------------------------------------------------------
[2022-06-21 02:14:08,250] {taskinstance.py:1358} INFO - Starting attempt 1 of 1
[2022-06-21 02:14:08,250] {taskinstance.py:1359} INFO - 
--------------------------------------------------------------------------------
[2022-06-21 02:14:08,273] {taskinstance.py:1378} INFO - Executing <Task(PostgresOperator): create_tables_tasks.criar_DM_orderd> on 2022-06-20 00:00:00+00:00
[2022-06-21 02:14:08,282] {standard_task_runner.py:52} INFO - Started process 46640 to run task
[2022-06-21 02:14:08,288] {standard_task_runner.py:79} INFO - Running: ['airflow', 'tasks', 'run', 'sales', 'create_tables_tasks.criar_DM_orderd', 'scheduled__2022-06-20T00:00:00+00:00', '--job-id', '19', '--raw', '--subdir', 'DAGS_FOLDER/sales.py', '--cfg-path', '/tmp/tmpyq7nwh90', '--error-file', '/tmp/tmpxh_4__o_']
[2022-06-21 02:14:08,289] {standard_task_runner.py:80} INFO - Job 19: Subtask create_tables_tasks.criar_DM_orderd
[2022-06-21 02:14:08,381] {task_command.py:370} INFO - Running <TaskInstance: sales.create_tables_tasks.criar_DM_orderd scheduled__2022-06-20T00:00:00+00:00 [running]> on host uiliam-Vostro-15-3515
[2022-06-21 02:14:08,525] {taskinstance.py:1570} INFO - Exporting the following env vars:
AIRFLOW_CTX_DAG_OWNER=airflow
AIRFLOW_CTX_DAG_ID=sales
AIRFLOW_CTX_TASK_ID=create_tables_tasks.criar_DM_orderd
AIRFLOW_CTX_EXECUTION_DATE=2022-06-20T00:00:00+00:00
AIRFLOW_CTX_TRY_NUMBER=1
AIRFLOW_CTX_DAG_RUN_ID=scheduled__2022-06-20T00:00:00+00:00
[2022-06-21 02:14:08,547] {base.py:68} INFO - Using connection ID '***' for task execution.
[2022-06-21 02:14:08,555] {dbapi.py:213} INFO - Running statement: 
                CREATE TABLE IF NOT EXISTS dm_orderd (
                id_ordd SERIAL PRIMARY KEY, 
                ordernumber INT NOT NULL,                     
                orderLineNumber int not null,
                status VARCHAR(20) not null
                )
            , parameters: None
[2022-06-21 02:14:08,611] {taskinstance.py:1396} INFO - Marking task as SUCCESS. dag_id=sales, task_id=create_tables_tasks.criar_DM_orderd, execution_date=20220620T000000, start_date=20220621T051408, end_date=20220621T051408
[2022-06-21 02:14:08,700] {local_task_job.py:156} INFO - Task exited with return code 0
[2022-06-21 02:14:08,794] {local_task_job.py:273} INFO - 0 downstream tasks scheduled from follow-on schedule check
[2022-06-21 02:16:53,948] {taskinstance.py:1160} INFO - Dependencies all met for <TaskInstance: sales.create_tables_tasks.criar_DM_orderd scheduled__2022-06-20T00:00:00+00:00 [queued]>
[2022-06-21 02:16:53,982] {taskinstance.py:1160} INFO - Dependencies all met for <TaskInstance: sales.create_tables_tasks.criar_DM_orderd scheduled__2022-06-20T00:00:00+00:00 [queued]>
[2022-06-21 02:16:53,982] {taskinstance.py:1357} INFO - 
--------------------------------------------------------------------------------
[2022-06-21 02:16:53,982] {taskinstance.py:1358} INFO - Starting attempt 1 of 1
[2022-06-21 02:16:53,982] {taskinstance.py:1359} INFO - 
--------------------------------------------------------------------------------
[2022-06-21 02:16:54,014] {taskinstance.py:1378} INFO - Executing <Task(PostgresOperator): create_tables_tasks.criar_DM_orderd> on 2022-06-20 00:00:00+00:00
[2022-06-21 02:16:54,028] {standard_task_runner.py:52} INFO - Started process 48457 to run task
[2022-06-21 02:16:54,035] {standard_task_runner.py:79} INFO - Running: ['airflow', 'tasks', 'run', 'sales', 'create_tables_tasks.criar_DM_orderd', 'scheduled__2022-06-20T00:00:00+00:00', '--job-id', '40', '--raw', '--subdir', 'DAGS_FOLDER/sales.py', '--cfg-path', '/tmp/tmpulvscs68', '--error-file', '/tmp/tmpb8q7hm1t']
[2022-06-21 02:16:54,036] {standard_task_runner.py:80} INFO - Job 40: Subtask create_tables_tasks.criar_DM_orderd
[2022-06-21 02:16:54,149] {task_command.py:370} INFO - Running <TaskInstance: sales.create_tables_tasks.criar_DM_orderd scheduled__2022-06-20T00:00:00+00:00 [running]> on host uiliam-Vostro-15-3515
[2022-06-21 02:16:54,301] {taskinstance.py:1570} INFO - Exporting the following env vars:
AIRFLOW_CTX_DAG_OWNER=airflow
AIRFLOW_CTX_DAG_ID=sales
AIRFLOW_CTX_TASK_ID=create_tables_tasks.criar_DM_orderd
AIRFLOW_CTX_EXECUTION_DATE=2022-06-20T00:00:00+00:00
AIRFLOW_CTX_TRY_NUMBER=1
AIRFLOW_CTX_DAG_RUN_ID=scheduled__2022-06-20T00:00:00+00:00
[2022-06-21 02:16:54,324] {base.py:68} INFO - Using connection ID '***' for task execution.
[2022-06-21 02:16:54,332] {dbapi.py:213} INFO - Running statement: 
                CREATE TABLE IF NOT EXISTS dm_orderd (
                id_ordd SERIAL PRIMARY KEY, 
                ordernumber INT NOT NULL,                     
                orderLineNumber int not null,
                status VARCHAR(20) not null
                )
            , parameters: None
[2022-06-21 02:16:54,374] {taskinstance.py:1396} INFO - Marking task as SUCCESS. dag_id=sales, task_id=create_tables_tasks.criar_DM_orderd, execution_date=20220620T000000, start_date=20220621T051653, end_date=20220621T051654
[2022-06-21 02:16:54,449] {local_task_job.py:156} INFO - Task exited with return code 0
[2022-06-21 02:16:54,521] {local_task_job.py:273} INFO - 0 downstream tasks scheduled from follow-on schedule check
[2022-06-21 02:18:45,755] {taskinstance.py:1160} INFO - Dependencies all met for <TaskInstance: sales.create_tables_tasks.criar_DM_orderd scheduled__2022-06-20T00:00:00+00:00 [queued]>
[2022-06-21 02:18:45,794] {taskinstance.py:1160} INFO - Dependencies all met for <TaskInstance: sales.create_tables_tasks.criar_DM_orderd scheduled__2022-06-20T00:00:00+00:00 [queued]>
[2022-06-21 02:18:45,794] {taskinstance.py:1357} INFO - 
--------------------------------------------------------------------------------
[2022-06-21 02:18:45,794] {taskinstance.py:1358} INFO - Starting attempt 1 of 1
[2022-06-21 02:18:45,794] {taskinstance.py:1359} INFO - 
--------------------------------------------------------------------------------
[2022-06-21 02:18:45,822] {taskinstance.py:1378} INFO - Executing <Task(PostgresOperator): create_tables_tasks.criar_DM_orderd> on 2022-06-20 00:00:00+00:00
[2022-06-21 02:18:45,837] {standard_task_runner.py:52} INFO - Started process 50073 to run task
[2022-06-21 02:18:45,844] {standard_task_runner.py:79} INFO - Running: ['airflow', 'tasks', 'run', 'sales', 'create_tables_tasks.criar_DM_orderd', 'scheduled__2022-06-20T00:00:00+00:00', '--job-id', '57', '--raw', '--subdir', 'DAGS_FOLDER/sales.py', '--cfg-path', '/tmp/tmpr6dxgo70', '--error-file', '/tmp/tmpaeuxzywd']
[2022-06-21 02:18:45,845] {standard_task_runner.py:80} INFO - Job 57: Subtask create_tables_tasks.criar_DM_orderd
[2022-06-21 02:18:45,969] {task_command.py:370} INFO - Running <TaskInstance: sales.create_tables_tasks.criar_DM_orderd scheduled__2022-06-20T00:00:00+00:00 [running]> on host uiliam-Vostro-15-3515
[2022-06-21 02:18:46,182] {taskinstance.py:1570} INFO - Exporting the following env vars:
AIRFLOW_CTX_DAG_OWNER=airflow
AIRFLOW_CTX_DAG_ID=sales
AIRFLOW_CTX_TASK_ID=create_tables_tasks.criar_DM_orderd
AIRFLOW_CTX_EXECUTION_DATE=2022-06-20T00:00:00+00:00
AIRFLOW_CTX_TRY_NUMBER=1
AIRFLOW_CTX_DAG_RUN_ID=scheduled__2022-06-20T00:00:00+00:00
[2022-06-21 02:18:46,204] {base.py:68} INFO - Using connection ID '***' for task execution.
[2022-06-21 02:18:46,214] {dbapi.py:213} INFO - Running statement: 
                CREATE TABLE IF NOT EXISTS dm_orderd (
                id_ordd SERIAL PRIMARY KEY, 
                ordernumber INT NOT NULL,                     
                orderLineNumber int not null,
                status VARCHAR(20) not null
                )
            , parameters: None
[2022-06-21 02:18:46,259] {taskinstance.py:1396} INFO - Marking task as SUCCESS. dag_id=sales, task_id=create_tables_tasks.criar_DM_orderd, execution_date=20220620T000000, start_date=20220621T051845, end_date=20220621T051846
[2022-06-21 02:18:46,346] {local_task_job.py:156} INFO - Task exited with return code 0
[2022-06-21 02:18:46,435] {local_task_job.py:273} INFO - 0 downstream tasks scheduled from follow-on schedule check
[2022-06-21 02:24:23,882] {taskinstance.py:1160} INFO - Dependencies all met for <TaskInstance: sales.create_tables_tasks.criar_DM_orderd scheduled__2022-06-20T00:00:00+00:00 [queued]>
[2022-06-21 02:24:23,912] {taskinstance.py:1160} INFO - Dependencies all met for <TaskInstance: sales.create_tables_tasks.criar_DM_orderd scheduled__2022-06-20T00:00:00+00:00 [queued]>
[2022-06-21 02:24:23,912] {taskinstance.py:1357} INFO - 
--------------------------------------------------------------------------------
[2022-06-21 02:24:23,912] {taskinstance.py:1358} INFO - Starting attempt 1 of 1
[2022-06-21 02:24:23,912] {taskinstance.py:1359} INFO - 
--------------------------------------------------------------------------------
[2022-06-21 02:24:23,936] {taskinstance.py:1378} INFO - Executing <Task(PostgresOperator): create_tables_tasks.criar_DM_orderd> on 2022-06-20 00:00:00+00:00
[2022-06-21 02:24:23,950] {standard_task_runner.py:52} INFO - Started process 52391 to run task
[2022-06-21 02:24:23,957] {standard_task_runner.py:79} INFO - Running: ['airflow', 'tasks', 'run', 'sales', 'create_tables_tasks.criar_DM_orderd', 'scheduled__2022-06-20T00:00:00+00:00', '--job-id', '73', '--raw', '--subdir', 'DAGS_FOLDER/sales.py', '--cfg-path', '/tmp/tmp2b7r37cu', '--error-file', '/tmp/tmpwknxgwlf']
[2022-06-21 02:24:23,958] {standard_task_runner.py:80} INFO - Job 73: Subtask create_tables_tasks.criar_DM_orderd
[2022-06-21 02:24:24,080] {task_command.py:370} INFO - Running <TaskInstance: sales.create_tables_tasks.criar_DM_orderd scheduled__2022-06-20T00:00:00+00:00 [running]> on host uiliam-Vostro-15-3515
[2022-06-21 02:24:24,227] {taskinstance.py:1570} INFO - Exporting the following env vars:
AIRFLOW_CTX_DAG_OWNER=airflow
AIRFLOW_CTX_DAG_ID=sales
AIRFLOW_CTX_TASK_ID=create_tables_tasks.criar_DM_orderd
AIRFLOW_CTX_EXECUTION_DATE=2022-06-20T00:00:00+00:00
AIRFLOW_CTX_TRY_NUMBER=1
AIRFLOW_CTX_DAG_RUN_ID=scheduled__2022-06-20T00:00:00+00:00
[2022-06-21 02:24:24,248] {base.py:68} INFO - Using connection ID '***' for task execution.
[2022-06-21 02:24:24,257] {dbapi.py:213} INFO - Running statement: 
                CREATE TABLE IF NOT EXISTS dm_orderd (
                id_ordd SERIAL PRIMARY KEY, 
                ordernumber INT NOT NULL,                     
                orderLineNumber int not null,
                status VARCHAR(20) not null
                )
            , parameters: None
[2022-06-21 02:24:24,313] {taskinstance.py:1396} INFO - Marking task as SUCCESS. dag_id=sales, task_id=create_tables_tasks.criar_DM_orderd, execution_date=20220620T000000, start_date=20220621T052423, end_date=20220621T052424
[2022-06-21 02:24:24,370] {local_task_job.py:156} INFO - Task exited with return code 0
[2022-06-21 02:24:24,458] {local_task_job.py:273} INFO - 0 downstream tasks scheduled from follow-on schedule check
[2022-06-21 02:42:17,828] {taskinstance.py:1160} INFO - Dependencies all met for <TaskInstance: sales.create_tables_tasks.criar_DM_orderd scheduled__2022-06-20T00:00:00+00:00 [queued]>
[2022-06-21 02:42:17,860] {taskinstance.py:1160} INFO - Dependencies all met for <TaskInstance: sales.create_tables_tasks.criar_DM_orderd scheduled__2022-06-20T00:00:00+00:00 [queued]>
[2022-06-21 02:42:17,861] {taskinstance.py:1357} INFO - 
--------------------------------------------------------------------------------
[2022-06-21 02:42:17,861] {taskinstance.py:1358} INFO - Starting attempt 1 of 1
[2022-06-21 02:42:17,861] {taskinstance.py:1359} INFO - 
--------------------------------------------------------------------------------
[2022-06-21 02:42:17,895] {taskinstance.py:1378} INFO - Executing <Task(PostgresOperator): create_tables_tasks.criar_DM_orderd> on 2022-06-20 00:00:00+00:00
[2022-06-21 02:42:17,910] {standard_task_runner.py:52} INFO - Started process 55984 to run task
[2022-06-21 02:42:17,918] {standard_task_runner.py:79} INFO - Running: ['airflow', 'tasks', 'run', 'sales', 'create_tables_tasks.criar_DM_orderd', 'scheduled__2022-06-20T00:00:00+00:00', '--job-id', '93', '--raw', '--subdir', 'DAGS_FOLDER/sales.py', '--cfg-path', '/tmp/tmpbeifbwmg', '--error-file', '/tmp/tmp2q009l7r']
[2022-06-21 02:42:17,919] {standard_task_runner.py:80} INFO - Job 93: Subtask create_tables_tasks.criar_DM_orderd
[2022-06-21 02:42:18,056] {task_command.py:370} INFO - Running <TaskInstance: sales.create_tables_tasks.criar_DM_orderd scheduled__2022-06-20T00:00:00+00:00 [running]> on host uiliam-Vostro-15-3515
[2022-06-21 02:42:18,216] {taskinstance.py:1570} INFO - Exporting the following env vars:
AIRFLOW_CTX_DAG_OWNER=airflow
AIRFLOW_CTX_DAG_ID=sales
AIRFLOW_CTX_TASK_ID=create_tables_tasks.criar_DM_orderd
AIRFLOW_CTX_EXECUTION_DATE=2022-06-20T00:00:00+00:00
AIRFLOW_CTX_TRY_NUMBER=1
AIRFLOW_CTX_DAG_RUN_ID=scheduled__2022-06-20T00:00:00+00:00
[2022-06-21 02:42:18,241] {base.py:68} INFO - Using connection ID '***' for task execution.
[2022-06-21 02:42:18,249] {dbapi.py:213} INFO - Running statement: 
                CREATE TABLE IF NOT EXISTS dm_orderd (
                id_ordd SERIAL PRIMARY KEY, 
                ordernumber INT NOT NULL,                     
                orderLineNumber int not null,
                status VARCHAR(20) not null
                )
            , parameters: None
[2022-06-21 02:42:18,250] {postgres.py:94} INFO - NOTICE:  relation "dm_orderd" already exists, skipping

[2022-06-21 02:42:18,278] {taskinstance.py:1396} INFO - Marking task as SUCCESS. dag_id=sales, task_id=create_tables_tasks.criar_DM_orderd, execution_date=20220620T000000, start_date=20220621T054217, end_date=20220621T054218
[2022-06-21 02:42:18,336] {local_task_job.py:156} INFO - Task exited with return code 0
[2022-06-21 02:42:18,447] {local_task_job.py:273} INFO - 1 downstream tasks scheduled from follow-on schedule check
[2022-06-21 02:44:18,291] {taskinstance.py:1160} INFO - Dependencies all met for <TaskInstance: sales.create_tables_tasks.criar_DM_orderd scheduled__2022-06-20T00:00:00+00:00 [queued]>
[2022-06-21 02:44:18,325] {taskinstance.py:1160} INFO - Dependencies all met for <TaskInstance: sales.create_tables_tasks.criar_DM_orderd scheduled__2022-06-20T00:00:00+00:00 [queued]>
[2022-06-21 02:44:18,326] {taskinstance.py:1357} INFO - 
--------------------------------------------------------------------------------
[2022-06-21 02:44:18,326] {taskinstance.py:1358} INFO - Starting attempt 1 of 1
[2022-06-21 02:44:18,326] {taskinstance.py:1359} INFO - 
--------------------------------------------------------------------------------
[2022-06-21 02:44:18,356] {taskinstance.py:1378} INFO - Executing <Task(PostgresOperator): create_tables_tasks.criar_DM_orderd> on 2022-06-20 00:00:00+00:00
[2022-06-21 02:44:18,372] {standard_task_runner.py:52} INFO - Started process 58241 to run task
[2022-06-21 02:44:18,379] {standard_task_runner.py:79} INFO - Running: ['airflow', 'tasks', 'run', 'sales', 'create_tables_tasks.criar_DM_orderd', 'scheduled__2022-06-20T00:00:00+00:00', '--job-id', '113', '--raw', '--subdir', 'DAGS_FOLDER/sales.py', '--cfg-path', '/tmp/tmpqwc24ctk', '--error-file', '/tmp/tmpk3bbqyyy']
[2022-06-21 02:44:18,380] {standard_task_runner.py:80} INFO - Job 113: Subtask create_tables_tasks.criar_DM_orderd
[2022-06-21 02:44:18,490] {task_command.py:370} INFO - Running <TaskInstance: sales.create_tables_tasks.criar_DM_orderd scheduled__2022-06-20T00:00:00+00:00 [running]> on host uiliam-Vostro-15-3515
[2022-06-21 02:44:18,648] {taskinstance.py:1570} INFO - Exporting the following env vars:
AIRFLOW_CTX_DAG_OWNER=airflow
AIRFLOW_CTX_DAG_ID=sales
AIRFLOW_CTX_TASK_ID=create_tables_tasks.criar_DM_orderd
AIRFLOW_CTX_EXECUTION_DATE=2022-06-20T00:00:00+00:00
AIRFLOW_CTX_TRY_NUMBER=1
AIRFLOW_CTX_DAG_RUN_ID=scheduled__2022-06-20T00:00:00+00:00
[2022-06-21 02:44:18,671] {base.py:68} INFO - Using connection ID '***' for task execution.
[2022-06-21 02:44:18,680] {dbapi.py:213} INFO - Running statement: 
                CREATE TABLE IF NOT EXISTS dm_orderd (
                id_ordd SERIAL PRIMARY KEY, 
                ordernumber INT NOT NULL,                     
                orderLineNumber int not null,
                status VARCHAR(20) not null
                )
            , parameters: None
[2022-06-21 02:44:18,735] {taskinstance.py:1396} INFO - Marking task as SUCCESS. dag_id=sales, task_id=create_tables_tasks.criar_DM_orderd, execution_date=20220620T000000, start_date=20220621T054418, end_date=20220621T054418
[2022-06-21 02:44:18,791] {local_task_job.py:156} INFO - Task exited with return code 0
[2022-06-21 02:44:18,870] {local_task_job.py:273} INFO - 0 downstream tasks scheduled from follow-on schedule check
[2022-06-21 02:51:16,019] {taskinstance.py:1160} INFO - Dependencies all met for <TaskInstance: sales.create_tables_tasks.criar_DM_orderd scheduled__2022-06-20T00:00:00+00:00 [queued]>
[2022-06-21 02:51:16,054] {taskinstance.py:1160} INFO - Dependencies all met for <TaskInstance: sales.create_tables_tasks.criar_DM_orderd scheduled__2022-06-20T00:00:00+00:00 [queued]>
[2022-06-21 02:51:16,055] {taskinstance.py:1357} INFO - 
--------------------------------------------------------------------------------
[2022-06-21 02:51:16,055] {taskinstance.py:1358} INFO - Starting attempt 1 of 1
[2022-06-21 02:51:16,055] {taskinstance.py:1359} INFO - 
--------------------------------------------------------------------------------
[2022-06-21 02:51:16,084] {taskinstance.py:1378} INFO - Executing <Task(PostgresOperator): create_tables_tasks.criar_DM_orderd> on 2022-06-20 00:00:00+00:00
[2022-06-21 02:51:16,099] {standard_task_runner.py:52} INFO - Started process 60711 to run task
[2022-06-21 02:51:16,105] {standard_task_runner.py:79} INFO - Running: ['airflow', 'tasks', 'run', 'sales', 'create_tables_tasks.criar_DM_orderd', 'scheduled__2022-06-20T00:00:00+00:00', '--job-id', '128', '--raw', '--subdir', 'DAGS_FOLDER/sales.py', '--cfg-path', '/tmp/tmpbpj36hsq', '--error-file', '/tmp/tmp3_ovg3_m']
[2022-06-21 02:51:16,106] {standard_task_runner.py:80} INFO - Job 128: Subtask create_tables_tasks.criar_DM_orderd
[2022-06-21 02:51:16,223] {task_command.py:370} INFO - Running <TaskInstance: sales.create_tables_tasks.criar_DM_orderd scheduled__2022-06-20T00:00:00+00:00 [running]> on host uiliam-Vostro-15-3515
[2022-06-21 02:51:16,373] {taskinstance.py:1570} INFO - Exporting the following env vars:
AIRFLOW_CTX_DAG_OWNER=airflow
AIRFLOW_CTX_DAG_ID=sales
AIRFLOW_CTX_TASK_ID=create_tables_tasks.criar_DM_orderd
AIRFLOW_CTX_EXECUTION_DATE=2022-06-20T00:00:00+00:00
AIRFLOW_CTX_TRY_NUMBER=1
AIRFLOW_CTX_DAG_RUN_ID=scheduled__2022-06-20T00:00:00+00:00
[2022-06-21 02:51:16,392] {base.py:68} INFO - Using connection ID '***' for task execution.
[2022-06-21 02:51:16,402] {dbapi.py:213} INFO - Running statement: 
                CREATE TABLE IF NOT EXISTS dm_orderd (
                id_ordd SERIAL PRIMARY KEY, 
                ordernumber INT NOT NULL,                     
                orderLineNumber int not null,
                status VARCHAR(20) not null
                )
            , parameters: None
[2022-06-21 02:51:16,404] {postgres.py:94} INFO - NOTICE:  relation "dm_orderd" already exists, skipping

[2022-06-21 02:51:16,437] {taskinstance.py:1396} INFO - Marking task as SUCCESS. dag_id=sales, task_id=create_tables_tasks.criar_DM_orderd, execution_date=20220620T000000, start_date=20220621T055116, end_date=20220621T055116
[2022-06-21 02:51:16,521] {local_task_job.py:156} INFO - Task exited with return code 0
[2022-06-21 02:51:16,644] {local_task_job.py:273} INFO - 1 downstream tasks scheduled from follow-on schedule check
[2022-06-21 02:52:50,385] {taskinstance.py:1160} INFO - Dependencies all met for <TaskInstance: sales.create_tables_tasks.criar_DM_orderd scheduled__2022-06-20T00:00:00+00:00 [queued]>
[2022-06-21 02:52:50,417] {taskinstance.py:1160} INFO - Dependencies all met for <TaskInstance: sales.create_tables_tasks.criar_DM_orderd scheduled__2022-06-20T00:00:00+00:00 [queued]>
[2022-06-21 02:52:50,418] {taskinstance.py:1357} INFO - 
--------------------------------------------------------------------------------
[2022-06-21 02:52:50,418] {taskinstance.py:1358} INFO - Starting attempt 1 of 1
[2022-06-21 02:52:50,418] {taskinstance.py:1359} INFO - 
--------------------------------------------------------------------------------
[2022-06-21 02:52:50,452] {taskinstance.py:1378} INFO - Executing <Task(PostgresOperator): create_tables_tasks.criar_DM_orderd> on 2022-06-20 00:00:00+00:00
[2022-06-21 02:52:50,466] {standard_task_runner.py:52} INFO - Started process 62422 to run task
[2022-06-21 02:52:50,472] {standard_task_runner.py:79} INFO - Running: ['airflow', 'tasks', 'run', 'sales', 'create_tables_tasks.criar_DM_orderd', 'scheduled__2022-06-20T00:00:00+00:00', '--job-id', '147', '--raw', '--subdir', 'DAGS_FOLDER/sales.py', '--cfg-path', '/tmp/tmpi0q02ar9', '--error-file', '/tmp/tmpxnculbw2']
[2022-06-21 02:52:50,473] {standard_task_runner.py:80} INFO - Job 147: Subtask create_tables_tasks.criar_DM_orderd
[2022-06-21 02:52:50,581] {task_command.py:370} INFO - Running <TaskInstance: sales.create_tables_tasks.criar_DM_orderd scheduled__2022-06-20T00:00:00+00:00 [running]> on host uiliam-Vostro-15-3515
[2022-06-21 02:52:50,735] {taskinstance.py:1570} INFO - Exporting the following env vars:
AIRFLOW_CTX_DAG_OWNER=airflow
AIRFLOW_CTX_DAG_ID=sales
AIRFLOW_CTX_TASK_ID=create_tables_tasks.criar_DM_orderd
AIRFLOW_CTX_EXECUTION_DATE=2022-06-20T00:00:00+00:00
AIRFLOW_CTX_TRY_NUMBER=1
AIRFLOW_CTX_DAG_RUN_ID=scheduled__2022-06-20T00:00:00+00:00
[2022-06-21 02:52:50,752] {base.py:68} INFO - Using connection ID '***' for task execution.
[2022-06-21 02:52:50,758] {dbapi.py:213} INFO - Running statement: 
                CREATE TABLE IF NOT EXISTS dm_orderd (
                id_ordd SERIAL PRIMARY KEY, 
                ordernumber INT NOT NULL,                     
                orderLineNumber int not null,
                status VARCHAR(20) not null
                )
            , parameters: None
[2022-06-21 02:52:50,799] {taskinstance.py:1396} INFO - Marking task as SUCCESS. dag_id=sales, task_id=create_tables_tasks.criar_DM_orderd, execution_date=20220620T000000, start_date=20220621T055250, end_date=20220621T055250
[2022-06-21 02:52:50,848] {local_task_job.py:156} INFO - Task exited with return code 0
[2022-06-21 02:52:50,928] {local_task_job.py:273} INFO - 0 downstream tasks scheduled from follow-on schedule check
