[2022-06-05 21:49:30,872] {taskinstance.py:1160} INFO - Dependencies all met for <TaskInstance: census.populate_table scheduled__2022-06-06T00:48:41.458319+00:00 [queued]>
[2022-06-05 21:49:30,890] {taskinstance.py:1160} INFO - Dependencies all met for <TaskInstance: census.populate_table scheduled__2022-06-06T00:48:41.458319+00:00 [queued]>
[2022-06-05 21:49:30,890] {taskinstance.py:1357} INFO - 
--------------------------------------------------------------------------------
[2022-06-05 21:49:30,890] {taskinstance.py:1358} INFO - Starting attempt 1 of 1
[2022-06-05 21:49:30,890] {taskinstance.py:1359} INFO - 
--------------------------------------------------------------------------------
[2022-06-05 21:49:30,914] {taskinstance.py:1378} INFO - Executing <Task(PythonOperator): populate_table> on 2022-06-06 00:48:41.458319+00:00
[2022-06-05 21:49:30,925] {standard_task_runner.py:52} INFO - Started process 22052 to run task
[2022-06-05 21:49:30,930] {standard_task_runner.py:79} INFO - Running: ['airflow', 'tasks', 'run', 'census', 'populate_table', 'scheduled__2022-06-06T00:48:41.458319+00:00', '--job-id', '1146', '--raw', '--subdir', 'DAGS_FOLDER/dag.py', '--cfg-path', '/tmp/tmp7bjhopkw', '--error-file', '/tmp/tmpdrh3w2zx']
[2022-06-05 21:49:30,931] {standard_task_runner.py:80} INFO - Job 1146: Subtask populate_table
[2022-06-05 21:49:31,013] {task_command.py:370} INFO - Running <TaskInstance: census.populate_table scheduled__2022-06-06T00:48:41.458319+00:00 [running]> on host uiliam-Vostro-15-3515
[2022-06-05 21:49:31,124] {taskinstance.py:1570} INFO - Exporting the following env vars:
AIRFLOW_CTX_DAG_OWNER=airflow
AIRFLOW_CTX_DAG_ID=census
AIRFLOW_CTX_TASK_ID=populate_table
AIRFLOW_CTX_EXECUTION_DATE=2022-06-06T00:48:41.458319+00:00
AIRFLOW_CTX_TRY_NUMBER=1
AIRFLOW_CTX_DAG_RUN_ID=scheduled__2022-06-06T00:48:41.458319+00:00
[2022-06-05 21:49:31,853] {python.py:173} INFO - Done. Returned value was: None
[2022-06-05 21:49:31,884] {taskinstance.py:1396} INFO - Marking task as SUCCESS. dag_id=census, task_id=populate_table, execution_date=20220606T004841, start_date=20220606T004930, end_date=20220606T004931
[2022-06-05 21:49:31,943] {local_task_job.py:156} INFO - Task exited with return code 0
[2022-06-05 21:49:32,012] {local_task_job.py:273} INFO - 0 downstream tasks scheduled from follow-on schedule check
