[2022-06-05 00:38:31,986] {taskinstance.py:1160} INFO - Dependencies all met for <TaskInstance: census.transforma_tabela scheduled__2022-06-05T01:13:06.051317+00:00 [queued]>
[2022-06-05 00:38:32,011] {taskinstance.py:1160} INFO - Dependencies all met for <TaskInstance: census.transforma_tabela scheduled__2022-06-05T01:13:06.051317+00:00 [queued]>
[2022-06-05 00:38:32,011] {taskinstance.py:1357} INFO - 
--------------------------------------------------------------------------------
[2022-06-05 00:38:32,012] {taskinstance.py:1358} INFO - Starting attempt 1 of 1
[2022-06-05 00:38:32,012] {taskinstance.py:1359} INFO - 
--------------------------------------------------------------------------------
[2022-06-05 00:38:32,036] {taskinstance.py:1378} INFO - Executing <Task(PythonOperator): transforma_tabela> on 2022-06-05 01:13:06.051317+00:00
[2022-06-05 00:38:32,044] {standard_task_runner.py:52} INFO - Started process 22045 to run task
[2022-06-05 00:38:32,049] {standard_task_runner.py:79} INFO - Running: ['airflow', 'tasks', 'run', 'census', 'transforma_tabela', 'scheduled__2022-06-05T01:13:06.051317+00:00', '--job-id', '564', '--raw', '--subdir', 'DAGS_FOLDER/dag.py', '--cfg-path', '/tmp/tmp0qhwwkso', '--error-file', '/tmp/tmp61za0uk6']
[2022-06-05 00:38:32,049] {standard_task_runner.py:80} INFO - Job 564: Subtask transforma_tabela
[2022-06-05 00:38:32,128] {task_command.py:370} INFO - Running <TaskInstance: census.transforma_tabela scheduled__2022-06-05T01:13:06.051317+00:00 [running]> on host uiliam-Vostro-15-3515
[2022-06-05 00:38:32,263] {taskinstance.py:1570} INFO - Exporting the following env vars:
AIRFLOW_CTX_DAG_OWNER=airflow
AIRFLOW_CTX_DAG_ID=census
AIRFLOW_CTX_TASK_ID=transforma_tabela
AIRFLOW_CTX_EXECUTION_DATE=2022-06-05T01:13:06.051317+00:00
AIRFLOW_CTX_TRY_NUMBER=1
AIRFLOW_CTX_DAG_RUN_ID=scheduled__2022-06-05T01:13:06.051317+00:00
[2022-06-05 00:38:33,023] {python.py:173} INFO - Done. Returned value was: None
[2022-06-05 00:38:33,078] {taskinstance.py:1396} INFO - Marking task as SUCCESS. dag_id=census, task_id=transforma_tabela, execution_date=20220605T011306, start_date=20220605T033831, end_date=20220605T033833
[2022-06-05 00:38:33,151] {local_task_job.py:156} INFO - Task exited with return code 0
[2022-06-05 00:38:33,274] {local_task_job.py:273} INFO - 1 downstream tasks scheduled from follow-on schedule check
