[2022-06-05 00:40:09,842] {taskinstance.py:1160} INFO - Dependencies all met for <TaskInstance: census.transforma_tabela scheduled__2022-06-05T03:39:02.035881+00:00 [queued]>
[2022-06-05 00:40:09,881] {taskinstance.py:1160} INFO - Dependencies all met for <TaskInstance: census.transforma_tabela scheduled__2022-06-05T03:39:02.035881+00:00 [queued]>
[2022-06-05 00:40:09,886] {taskinstance.py:1357} INFO - 
--------------------------------------------------------------------------------
[2022-06-05 00:40:09,887] {taskinstance.py:1358} INFO - Starting attempt 1 of 1
[2022-06-05 00:40:09,887] {taskinstance.py:1359} INFO - 
--------------------------------------------------------------------------------
[2022-06-05 00:40:09,966] {taskinstance.py:1378} INFO - Executing <Task(PythonOperator): transforma_tabela> on 2022-06-05 03:39:02.035881+00:00
[2022-06-05 00:40:09,980] {standard_task_runner.py:52} INFO - Started process 28892 to run task
[2022-06-05 00:40:09,989] {standard_task_runner.py:79} INFO - Running: ['airflow', 'tasks', 'run', 'census', 'transforma_tabela', 'scheduled__2022-06-05T03:39:02.035881+00:00', '--job-id', '735', '--raw', '--subdir', 'DAGS_FOLDER/dag.py', '--cfg-path', '/tmp/tmp2e7xt9yj', '--error-file', '/tmp/tmp9fe685cm']
[2022-06-05 00:40:09,990] {standard_task_runner.py:80} INFO - Job 735: Subtask transforma_tabela
[2022-06-05 00:40:10,121] {task_command.py:370} INFO - Running <TaskInstance: census.transforma_tabela scheduled__2022-06-05T03:39:02.035881+00:00 [running]> on host uiliam-Vostro-15-3515
[2022-06-05 00:40:10,397] {taskinstance.py:1570} INFO - Exporting the following env vars:
AIRFLOW_CTX_DAG_OWNER=airflow
AIRFLOW_CTX_DAG_ID=census
AIRFLOW_CTX_TASK_ID=transforma_tabela
AIRFLOW_CTX_EXECUTION_DATE=2022-06-05T03:39:02.035881+00:00
AIRFLOW_CTX_TRY_NUMBER=1
AIRFLOW_CTX_DAG_RUN_ID=scheduled__2022-06-05T03:39:02.035881+00:00
[2022-06-05 00:40:11,272] {python.py:173} INFO - Done. Returned value was: None
[2022-06-05 00:40:11,325] {taskinstance.py:1396} INFO - Marking task as SUCCESS. dag_id=census, task_id=transforma_tabela, execution_date=20220605T033902, start_date=20220605T034009, end_date=20220605T034011
[2022-06-05 00:40:11,461] {local_task_job.py:156} INFO - Task exited with return code 0
[2022-06-05 00:40:11,641] {local_task_job.py:273} INFO - 0 downstream tasks scheduled from follow-on schedule check
